<?xml version="1.0" encoding="utf-8"?><TestRun id="c3e1724d-01d7-4fe2-9c53-34d78ce5565f" name="@md 2018-11-12 00:18:58" xmlns="http://microsoft.com/schemas/VisualStudio/TeamTest/2010"><Times creation="2018-11-12T00:18:58.1074186-05:00" queuing="2018-11-12T00:18:58.1074188-05:00" start="2018-11-12T00:18:54.2119321-05:00" finish="2018-11-12T00:19:03.8964918-05:00" /><TestSettings name="default" id="870cdb81-7f2f-4f4e-b465-1ef55d312773"><Deployment runDeploymentRoot="_md_2018-11-12_00_18_58" /></TestSettings><Results><UnitTestResult executionId="305e0ec7-8aa7-4ab7-950b-0f57371f5934" testId="be9815a8-9264-1396-6785-ccaea7c67c90" testName="Test007" computerName="md" duration="00:00:00.0000159" startTime="2018-11-12T00:19:03.4125666-05:00" endTime="2018-11-12T00:19:03.4126936-05:00" testType="13cdc9d9-ddb5-4fa4-a97d-d965ccfc6d4b" outcome="Passed" testListId="8c84fa94-04c1-424b-9868-57a2d4851a1d" relativeResultsDirectory="305e0ec7-8aa7-4ab7-950b-0f57371f5934" /><UnitTestResult executionId="6ea99851-0051-475b-b57c-14601ae33c33" testId="f4e0241f-7e9a-ddff-089c-ad60532c6e97" testName="Test012" computerName="md" duration="00:00:00.0070722" startTime="2018-11-12T00:19:02.9736844-05:00" endTime="2018-11-12T00:19:02.9808875-05:00" testType="13cdc9d9-ddb5-4fa4-a97d-d965ccfc6d4b" outcome="Passed" testListId="8c84fa94-04c1-424b-9868-57a2d4851a1d" relativeResultsDirectory="6ea99851-0051-475b-b57c-14601ae33c33" /><UnitTestResult executionId="6d8a4073-6997-43d7-9f16-ce41f6651c13" testId="5bbd6eef-16ef-eed9-2d6e-25277eed4bed" testName="Test051" computerName="md" duration="00:00:00.0109050" startTime="2018-11-12T00:19:01.4162821-05:00" endTime="2018-11-12T00:19:01.4272824-05:00" testType="13cdc9d9-ddb5-4fa4-a97d-d965ccfc6d4b" outcome="Passed" testListId="8c84fa94-04c1-424b-9868-57a2d4851a1d" relativeResultsDirectory="6d8a4073-6997-43d7-9f16-ce41f6651c13" /><UnitTestResult executionId="59e685df-a09c-47dd-aed5-b839a3b3d0fe" testId="f3f28d7c-0533-887e-8c1c-d53fcccfc751" testName="Test020" computerName="md" duration="00:00:00.0072427" startTime="2018-11-12T00:18:58.4327991-05:00" endTime="2018-11-12T00:18:58.4401432-05:00" testType="13cdc9d9-ddb5-4fa4-a97d-d965ccfc6d4b" outcome="Passed" testListId="8c84fa94-04c1-424b-9868-57a2d4851a1d" relativeResultsDirectory="59e685df-a09c-47dd-aed5-b839a3b3d0fe" /><UnitTestResult executionId="30950c62-9799-4391-9caa-82e65340aec8" testId="b5b1ef7f-5503-56ea-a678-cfcd4bc439dc" testName="Test051" computerName="md" duration="00:00:00.0037874" startTime="2018-11-12T00:18:59.4705049-05:00" endTime="2018-11-12T00:18:59.4743912-05:00" testType="13cdc9d9-ddb5-4fa4-a97d-d965ccfc6d4b" outcome="Passed" testListId="8c84fa94-04c1-424b-9868-57a2d4851a1d" relativeResultsDirectory="30950c62-9799-4391-9caa-82e65340aec8" /><UnitTestResult executionId="ca2b4f4b-9113-4ef4-9ef5-65f843514e56" testId="e5da8b0f-68d0-8b46-9642-38ecfd965f2f" testName="Test006" computerName="md" duration="00:00:00.0035653" startTime="2018-11-12T00:19:00.7653132-05:00" endTime="2018-11-12T00:19:00.7689689-05:00" testType="13cdc9d9-ddb5-4fa4-a97d-d965ccfc6d4b" outcome="Passed" testListId="8c84fa94-04c1-424b-9868-57a2d4851a1d" relativeResultsDirectory="ca2b4f4b-9113-4ef4-9ef5-65f843514e56" /><UnitTestResult executionId="0f9ffb20-171d-4696-acb4-4d6e70cb4dcc" testId="3e57fbbc-7c6b-16b7-3d7b-e601b68d2f83" testName="Test010" computerName="md" duration="00:00:00.0030072" startTime="2018-11-12T00:19:02.6903119-05:00" endTime="2018-11-12T00:19:02.6934399-05:00" testType="13cdc9d9-ddb5-4fa4-a97d-d965ccfc6d4b" outcome="Passed" testListId="8c84fa94-04c1-424b-9868-57a2d4851a1d" relativeResultsDirectory="0f9ffb20-171d-4696-acb4-4d6e70cb4dcc" /><UnitTestResult executionId="799ed5be-f3c1-4b63-9d74-0d2df0773057" testId="7b0366af-75dc-d20c-3daf-1bae20d1334c" testName="Test029" computerName="md" duration="00:00:00.0046264" startTime="2018-11-12T00:19:00.9494310-05:00" endTime="2018-11-12T00:19:00.9541537-05:00" testType="13cdc9d9-ddb5-4fa4-a97d-d965ccfc6d4b" outcome="Passed" testListId="8c84fa94-04c1-424b-9868-57a2d4851a1d" relativeResultsDirectory="799ed5be-f3c1-4b63-9d74-0d2df0773057" /><UnitTestResult executionId="d8303c34-04fa-43cd-899c-41b53f14756b" testId="5ddd1952-3e6a-f061-c3b5-99e8cd13b5d6" testName="Test037" computerName="md" duration="00:00:00.0057472" startTime="2018-11-12T00:19:02.0503660-05:00" endTime="2018-11-12T00:19:02.0562248-05:00" testType="13cdc9d9-ddb5-4fa4-a97d-d965ccfc6d4b" outcome="Passed" testListId="8c84fa94-04c1-424b-9868-57a2d4851a1d" relativeResultsDirectory="d8303c34-04fa-43cd-899c-41b53f14756b" /><UnitTestResult executionId="24df4c80-60e5-4f9b-b51f-b8681abd8d25" testId="e1a2741d-84d9-7e28-8764-81c3c85e6969" testName="Test002" computerName="md" duration="00:00:00.0035458" startTime="2018-11-12T00:19:00.1711252-05:00" endTime="2018-11-12T00:19:00.1747791-05:00" testType="13cdc9d9-ddb5-4fa4-a97d-d965ccfc6d4b" outcome="Passed" testListId="8c84fa94-04c1-424b-9868-57a2d4851a1d" relativeResultsDirectory="24df4c80-60e5-4f9b-b51f-b8681abd8d25" /><UnitTestResult executionId="99e0df63-8fb1-4a54-b939-6f07d7155711" testId="68936bb9-3119-cc20-786c-63461a4f8a28" testName="Test009" computerName="md" duration="00:00:00.0062749" startTime="2018-11-12T00:19:02.7940301-05:00" endTime="2018-11-12T00:19:02.8004098-05:00" testType="13cdc9d9-ddb5-4fa4-a97d-d965ccfc6d4b" outcome="Passed" testListId="8c84fa94-04c1-424b-9868-57a2d4851a1d" relativeResultsDirectory="99e0df63-8fb1-4a54-b939-6f07d7155711" /><UnitTestResult executionId="d1a4bdd9-5b24-447f-b262-0918489857b1" testId="cabe1b72-933f-3afb-c7dc-6acafe6ab54d" testName="Test045" computerName="md" duration="00:00:00.0052053" startTime="2018-11-12T00:19:02.1069395-05:00" endTime="2018-11-12T00:19:02.1122740-05:00" testType="13cdc9d9-ddb5-4fa4-a97d-d965ccfc6d4b" outcome="Passed" testListId="8c84fa94-04c1-424b-9868-57a2d4851a1d" relativeResultsDirectory="d1a4bdd9-5b24-447f-b262-0918489857b1" /><UnitTestResult executionId="8a96dc3e-a5b4-405c-9370-ac682c2fd2ce" testId="f0e5b0dd-8f12-0b30-7145-d729f4b90ac2" testName="Test017" computerName="md" duration="00:00:00.0000448" startTime="2018-11-12T00:19:03.2470688-05:00" endTime="2018-11-12T00:19:03.2472093-05:00" testType="13cdc9d9-ddb5-4fa4-a97d-d965ccfc6d4b" outcome="Passed" testListId="8c84fa94-04c1-424b-9868-57a2d4851a1d" relativeResultsDirectory="8a96dc3e-a5b4-405c-9370-ac682c2fd2ce" /><UnitTestResult executionId="9462d1a9-a707-4b5c-90d4-635dd2555d7b" testId="b010f006-9dc9-d925-d16e-f4c67412cd26" testName="Test047" computerName="md" duration="00:00:00.0005643" startTime="2018-11-12T00:18:59.1343043-05:00" endTime="2018-11-12T00:18:59.1349800-05:00" testType="13cdc9d9-ddb5-4fa4-a97d-d965ccfc6d4b" outcome="Passed" testListId="8c84fa94-04c1-424b-9868-57a2d4851a1d" relativeResultsDirectory="9462d1a9-a707-4b5c-90d4-635dd2555d7b" /><UnitTestResult executionId="7903dac0-baf9-4e66-ad5a-e0a5170a1a46" testId="a1514974-d3bc-4b85-c2bd-905dd649589e" testName="Test007" computerName="md" duration="00:00:00.0062819" startTime="2018-11-12T00:19:02.7810384-05:00" endTime="2018-11-12T00:19:02.7874427-05:00" testType="13cdc9d9-ddb5-4fa4-a97d-d965ccfc6d4b" outcome="Passed" testListId="8c84fa94-04c1-424b-9868-57a2d4851a1d" relativeResultsDirectory="7903dac0-baf9-4e66-ad5a-e0a5170a1a46" /><UnitTestResult executionId="d3cc8262-dc6e-4529-b2b6-d36ad982a1aa" testId="5915bfa7-83f5-992d-4806-5f659e3b03f5" testName="Test007" computerName="md" duration="00:00:00.0032858" startTime="2018-11-12T00:19:02.3507266-05:00" endTime="2018-11-12T00:19:02.3541169-05:00" testType="13cdc9d9-ddb5-4fa4-a97d-d965ccfc6d4b" outcome="Passed" testListId="8c84fa94-04c1-424b-9868-57a2d4851a1d" relativeResultsDirectory="d3cc8262-dc6e-4529-b2b6-d36ad982a1aa" /><UnitTestResult executionId="c2087ac0-d244-4507-8d80-a88eb08b1e95" testId="8b72fcd8-8f67-6d06-34c4-efe17fe68d84" testName="Test304" computerName="md" duration="00:00:00.0048264" startTime="2018-11-12T00:18:59.9172998-05:00" endTime="2018-11-12T00:18:59.9222254-05:00" testType="13cdc9d9-ddb5-4fa4-a97d-d965ccfc6d4b" outcome="Passed" testListId="8c84fa94-04c1-424b-9868-57a2d4851a1d" relativeResultsDirectory="c2087ac0-d244-4507-8d80-a88eb08b1e95" /><UnitTestResult executionId="da6a3d90-06e6-4004-a445-fb1b46f89b52" testId="a433b73f-44c9-62ed-44aa-346055fe9187" testName="Test010" computerName="md" duration="00:00:00.0044766" startTime="2018-11-12T00:19:00.7887712-05:00" endTime="2018-11-12T00:19:00.7933436-05:00" testType="13cdc9d9-ddb5-4fa4-a97d-d965ccfc6d4b" outcome="Passed" testListId="8c84fa94-04c1-424b-9868-57a2d4851a1d" relativeResultsDirectory="da6a3d90-06e6-4004-a445-fb1b46f89b52" /><UnitTestResult executionId="050568f0-3545-44ae-af23-5f81b45719ff" testId="940faf25-3a93-d001-1b74-133ed985f95c" testName="Test014" computerName="md" duration="00:00:00.0000312" startTime="2018-11-12T00:19:03.0963286-05:00" endTime="2018-11-12T00:19:03.0964736-05:00" testType="13cdc9d9-ddb5-4fa4-a97d-d965ccfc6d4b" outcome="Passed" testListId="8c84fa94-04c1-424b-9868-57a2d4851a1d" relativeResultsDirectory="050568f0-3545-44ae-af23-5f81b45719ff" /><UnitTestResult executionId="dcf82b18-023f-49a5-b1e8-1017ae96701a" testId="38014cd0-40d0-998e-21c5-245a41837e74" testName="Test026" computerName="md" duration="00:00:00.0018263" startTime="2018-11-12T00:19:01.9907863-05:00" endTime="2018-11-12T00:19:01.9927264-05:00" testType="13cdc9d9-ddb5-4fa4-a97d-d965ccfc6d4b" outcome="Passed" testListId="8c84fa94-04c1-424b-9868-57a2d4851a1d" relativeResultsDirectory="dcf82b18-023f-49a5-b1e8-1017ae96701a" /><UnitTestResult executionId="a4d9470c-cdf1-487a-a542-9035b03d89db" testId="1718c96f-cb94-a5dd-88f4-4502d2ff5e9b" testName="Test017" computerName="md" duration="00:00:00.0000537" startTime="2018-11-12T00:19:03.3542757-05:00" endTime="2018-11-12T00:19:03.3544312-05:00" testType="13cdc9d9-ddb5-4fa4-a97d-d965ccfc6d4b" outcome="Passed" testListId="8c84fa94-04c1-424b-9868-57a2d4851a1d" relativeResultsDirectory="a4d9470c-cdf1-487a-a542-9035b03d89db" /><UnitTestResult executionId="49bcc5b9-31d1-4a31-8c5c-651c4ccddc8f" testId="3b2d7fca-4408-073b-a5a0-06b2c271bd10" testName="Test010" computerName="md" duration="00:00:00.0000767" startTime="2018-11-12T00:19:03.2375027-05:00" endTime="2018-11-12T00:19:03.2376760-05:00" testType="13cdc9d9-ddb5-4fa4-a97d-d965ccfc6d4b" outcome="Passed" testListId="8c84fa94-04c1-424b-9868-57a2d4851a1d" relativeResultsDirectory="49bcc5b9-31d1-4a31-8c5c-651c4ccddc8f" /><UnitTestResult executionId="0ad7da65-1f1f-4bd8-9b45-331f2fd2efe1" testId="d2da0a06-0b0b-0086-7ff2-15bf89546ce7" testName="Test011" computerName="md" duration="00:00:00.0219940" startTime="2018-11-12T00:18:57.8020948-05:00" endTime="2018-11-12T00:18:57.8241862-05:00" testType="13cdc9d9-ddb5-4fa4-a97d-d965ccfc6d4b" outcome="Passed" testListId="8c84fa94-04c1-424b-9868-57a2d4851a1d" relativeResultsDirectory="0ad7da65-1f1f-4bd8-9b45-331f2fd2efe1" /><UnitTestResult executionId="4302830a-18a0-4110-965c-ee7d151958f7" testId="88a405f2-04e1-7c84-2424-959c6c54db76" testName="Test015" computerName="md" duration="00:00:00.0000125" startTime="2018-11-12T00:19:03.0774793-05:00" endTime="2018-11-12T00:19:03.0776009-05:00" testType="13cdc9d9-ddb5-4fa4-a97d-d965ccfc6d4b" outcome="Passed" testListId="8c84fa94-04c1-424b-9868-57a2d4851a1d" relativeResultsDirectory="4302830a-18a0-4110-965c-ee7d151958f7" /><UnitTestResult executionId="5f6fef34-91a5-4a74-87b6-c75451c70cc2" testId="c5b4a4f1-12b4-865e-91e2-7e8d22e5513d" testName="Test043" computerName="md" duration="00:00:00.0073698" startTime="2018-11-12T00:18:59.0938641-05:00" endTime="2018-11-12T00:18:59.1013230-05:00" testType="13cdc9d9-ddb5-4fa4-a97d-d965ccfc6d4b" outcome="Passed" testListId="8c84fa94-04c1-424b-9868-57a2d4851a1d" relativeResultsDirectory="5f6fef34-91a5-4a74-87b6-c75451c70cc2" /><UnitTestResult executionId="8451ff2b-468d-4a01-b1bd-2b7bc16f847b" testId="cb250e9b-2b1c-2a14-dadf-f00f9d0eb678" testName="Test132" computerName="md" duration="00:00:00.0043410" startTime="2018-11-12T00:18:59.6090037-05:00" endTime="2018-11-12T00:18:59.6135010-05:00" testType="13cdc9d9-ddb5-4fa4-a97d-d965ccfc6d4b" outcome="Passed" testListId="8c84fa94-04c1-424b-9868-57a2d4851a1d" relativeResultsDirectory="8451ff2b-468d-4a01-b1bd-2b7bc16f847b" /><UnitTestResult executionId="000c0f50-7d76-40eb-859b-b4a11ce2af69" testId="4d4e9f02-b53b-bf06-72e3-1f6612fff681" testName="Test020" computerName="md" duration="00:00:00.0000400" startTime="2018-11-12T00:19:03.0972954-05:00" endTime="2018-11-12T00:19:03.0974385-05:00" testType="13cdc9d9-ddb5-4fa4-a97d-d965ccfc6d4b" outcome="Passed" testListId="8c84fa94-04c1-424b-9868-57a2d4851a1d" relativeResultsDirectory="000c0f50-7d76-40eb-859b-b4a11ce2af69" /><UnitTestResult executionId="1acc7a29-d9a2-4cd1-8cda-9469c5de81e4" testId="2e572e78-7b42-8269-e9f0-9ebe78b01be6" testName="Test016" computerName="md" duration="00:00:00.0068243" startTime="2018-11-12T00:19:01.0552335-05:00" endTime="2018-11-12T00:19:01.0621628-05:00" testType="13cdc9d9-ddb5-4fa4-a97d-d965ccfc6d4b" outcome="Passed" testListId="8c84fa94-04c1-424b-9868-57a2d4851a1d" relativeResultsDirectory="1acc7a29-d9a2-4cd1-8cda-9469c5de81e4" /><UnitTestResult executionId="f8cfc8ee-14c0-46a4-9759-e7704cbef49c" testId="a8c8d758-5857-7e88-e3f8-50fa8a2e964a" testName="Test008" computerName="md" duration="00:00:00.0000338" startTime="2018-11-12T00:19:03.2733901-05:00" endTime="2018-11-12T00:19:03.2735544-05:00" testType="13cdc9d9-ddb5-4fa4-a97d-d965ccfc6d4b" outcome="Passed" testListId="8c84fa94-04c1-424b-9868-57a2d4851a1d" relativeResultsDirectory="f8cfc8ee-14c0-46a4-9759-e7704cbef49c" /><UnitTestResult executionId="8be0fc8c-9f9e-4ace-9094-0fbb9bd6d22f" testId="aba3488a-85b2-d22b-3a54-6bcd23e12ea7" testName="Test006" computerName="md" duration="00:00:00.0018199" startTime="2018-11-12T00:19:02.2699507-05:00" endTime="2018-11-12T00:19:02.2718698-05:00" testType="13cdc9d9-ddb5-4fa4-a97d-d965ccfc6d4b" outcome="Passed" testListId="8c84fa94-04c1-424b-9868-57a2d4851a1d" relativeResultsDirectory="8be0fc8c-9f9e-4ace-9094-0fbb9bd6d22f" /><UnitTestResult executionId="73819fea-69ee-4bf6-a96b-e0fbf0d35107" testId="14354b2d-eb96-0ca2-999e-bcd8b33a78a9" testName="Test008" computerName="md" duration="00:00:00.0021390" startTime="2018-11-12T00:19:02.5779506-05:00" endTime="2018-11-12T00:19:02.5803683-05:00" testType="13cdc9d9-ddb5-4fa4-a97d-d965ccfc6d4b" outcome="Passed" testListId="8c84fa94-04c1-424b-9868-57a2d4851a1d" relativeResultsDirectory="73819fea-69ee-4bf6-a96b-e0fbf0d35107" /><UnitTestResult executionId="28ec1ba7-ed80-4b73-951b-6f0008b676c2" testId="0b838537-a5cb-0501-7350-54fbd3ac3f69" testName="Test002" computerName="md" duration="00:00:00.0005238" startTime="2018-11-12T00:19:03.0262211-05:00" endTime="2018-11-12T00:19:03.0268566-05:00" testType="13cdc9d9-ddb5-4fa4-a97d-d965ccfc6d4b" outcome="Passed" testListId="8c84fa94-04c1-424b-9868-57a2d4851a1d" relativeResultsDirectory="28ec1ba7-ed80-4b73-951b-6f0008b676c2" /><UnitTestResult executionId="48b48f4c-ec4d-4aa6-a51a-1b7a20a06844" testId="5e37b460-beb8-7bc9-5794-96c372d8cb3a" testName="Test011" computerName="md" duration="00:00:00.0001951" startTime="2018-11-12T00:19:03.0445001-05:00" endTime="2018-11-12T00:19:03.0448111-05:00" testType="13cdc9d9-ddb5-4fa4-a97d-d965ccfc6d4b" outcome="Passed" testListId="8c84fa94-04c1-424b-9868-57a2d4851a1d" relativeResultsDirectory="48b48f4c-ec4d-4aa6-a51a-1b7a20a06844" /><UnitTestResult executionId="f3225372-1f99-4357-9243-a0f5afe13376" testId="5fdf9ce6-b4c9-8d18-0c7f-bdeb155177c5" testName="Test058" computerName="md" duration="00:00:00.0078624" startTime="2018-11-12T00:19:02.1921523-05:00" endTime="2018-11-12T00:19:02.2001260-05:00" testType="13cdc9d9-ddb5-4fa4-a97d-d965ccfc6d4b" outcome="Passed" testListId="8c84fa94-04c1-424b-9868-57a2d4851a1d" relativeResultsDirectory="f3225372-1f99-4357-9243-a0f5afe13376" /><UnitTestResult executionId="b2d810ff-c097-4c06-8177-7999541fba8b" testId="4edfeff5-f39c-be45-5192-8237c2c9598b" testName="Test017" computerName="md" duration="00:00:00.0001742" startTime="2018-11-12T00:19:01.8570325-05:00" endTime="2018-11-12T00:19:01.8573321-05:00" testType="13cdc9d9-ddb5-4fa4-a97d-d965ccfc6d4b" outcome="Passed" testListId="8c84fa94-04c1-424b-9868-57a2d4851a1d" relativeResultsDirectory="b2d810ff-c097-4c06-8177-7999541fba8b" /><UnitTestResult executionId="ba60a204-4b5f-45f4-9876-d1b585f7fda8" testId="64159564-0dad-57f1-1fbf-25333b4dacbe" testName="Test003" computerName="md" duration="00:00:00.0031341" startTime="2018-11-12T00:18:58.6581201-05:00" endTime="2018-11-12T00:18:58.6613505-05:00" testType="13cdc9d9-ddb5-4fa4-a97d-d965ccfc6d4b" outcome="Passed" testListId="8c84fa94-04c1-424b-9868-57a2d4851a1d" relativeResultsDirectory="ba60a204-4b5f-45f4-9876-d1b585f7fda8" /><UnitTestResult executionId="6636adf8-afe8-4665-b14f-60b92dfe047c" testId="192556ca-48f4-b11c-d283-211e16875d2b" testName="Test003" computerName="md" duration="00:00:00.0004144" startTime="2018-11-12T00:19:02.2292622-05:00" endTime="2018-11-12T00:19:02.2297843-05:00" testType="13cdc9d9-ddb5-4fa4-a97d-d965ccfc6d4b" outcome="Passed" testListId="8c84fa94-04c1-424b-9868-57a2d4851a1d" relativeResultsDirectory="6636adf8-afe8-4665-b14f-60b92dfe047c" /><UnitTestResult executionId="54193914-5e22-4608-b379-5b4deb0c2529" testId="197b08dc-3998-42e4-6d08-0b1ce5d19dbc" testName="Test002" computerName="md" duration="00:00:00.0000108" startTime="2018-11-12T00:19:03.1845418-05:00" endTime="2018-11-12T00:19:03.1846690-05:00" testType="13cdc9d9-ddb5-4fa4-a97d-d965ccfc6d4b" outcome="Passed" testListId="8c84fa94-04c1-424b-9868-57a2d4851a1d" relativeResultsDirectory="54193914-5e22-4608-b379-5b4deb0c2529" /><UnitTestResult executionId="f41ca956-bfbf-4565-af3c-b0465e32048d" testId="458d3d29-4296-0500-b095-55bb75242716" testName="Test003" computerName="md" duration="00:00:00.0019011" startTime="2018-11-12T00:19:02.3006989-05:00" endTime="2018-11-12T00:19:02.3027089-05:00" testType="13cdc9d9-ddb5-4fa4-a97d-d965ccfc6d4b" outcome="Passed" testListId="8c84fa94-04c1-424b-9868-57a2d4851a1d" relativeResultsDirectory="f41ca956-bfbf-4565-af3c-b0465e32048d" /><UnitTestResult executionId="e116fc85-21be-4722-a621-dc22940a038a" testId="8ee5a63b-49df-0934-0c4f-f4edf2c3cfe2" testName="Test008" computerName="md" duration="00:00:00.0002473" startTime="2018-11-12T00:19:01.8239392-05:00" endTime="2018-11-12T00:19:01.8243078-05:00" testType="13cdc9d9-ddb5-4fa4-a97d-d965ccfc6d4b" outcome="Passed" testListId="8c84fa94-04c1-424b-9868-57a2d4851a1d" relativeResultsDirectory="e116fc85-21be-4722-a621-dc22940a038a" /><UnitTestResult executionId="c4ab5ce5-f126-466b-a853-2f4f744f5116" testId="ba347419-d964-d8ce-6d46-ebc6e406c812" testName="Test007" computerName="md" duration="00:00:00.0001643" startTime="2018-11-12T00:19:03.0431544-05:00" endTime="2018-11-12T00:19:03.0434356-05:00" testType="13cdc9d9-ddb5-4fa4-a97d-d965ccfc6d4b" outcome="Passed" testListId="8c84fa94-04c1-424b-9868-57a2d4851a1d" relativeResultsDirectory="c4ab5ce5-f126-466b-a853-2f4f744f5116" /><UnitTestResult executionId="1c8eb0ec-5ef6-4465-b85a-c588bb716f05" testId="8d34ba62-c78d-b7d8-0f0c-08bf6a42d85c" testName="Test022" computerName="md" duration="00:00:00.0041208" startTime="2018-11-12T00:19:02.7420301-05:00" endTime="2018-11-12T00:19:02.7463650-05:00" testType="13cdc9d9-ddb5-4fa4-a97d-d965ccfc6d4b" outcome="Passed" testListId="8c84fa94-04c1-424b-9868-57a2d4851a1d" relativeResultsDirectory="1c8eb0ec-5ef6-4465-b85a-c588bb716f05" /><UnitTestResult executionId="2fc2dce1-72cb-48ae-8856-4a54d6bff1ce" testId="055353c9-f826-9764-80bb-161db96624ff" testName="Test040" computerName="md" duration="00:00:00.0110577" startTime="2018-11-12T00:19:01.3032102-05:00" endTime="2018-11-12T00:19:01.3143652-05:00" testType="13cdc9d9-ddb5-4fa4-a97d-d965ccfc6d4b" outcome="Passed" testListId="8c84fa94-04c1-424b-9868-57a2d4851a1d" relativeResultsDirectory="2fc2dce1-72cb-48ae-8856-4a54d6bff1ce" /><UnitTestResult executionId="5c568029-8d2f-46dd-9ec2-a1641da181a7" testId="4387ac30-b21f-19fc-a43c-ef647deddeb4" testName="Test010" computerName="md" duration="00:00:00.0065565" startTime="2018-11-12T00:19:03.4880736-05:00" endTime="2018-11-12T00:19:03.4947230-05:00" testType="13cdc9d9-ddb5-4fa4-a97d-d965ccfc6d4b" outcome="Passed" testListId="8c84fa94-04c1-424b-9868-57a2d4851a1d" relativeResultsDirectory="5c568029-8d2f-46dd-9ec2-a1641da181a7" /><UnitTestResult executionId="830fbf6d-83d9-419e-8497-cc9d5508c418" testId="dae4a6e0-2a2f-a524-5fd4-7e33da5afe0e" testName="Test014" computerName="md" duration="00:00:00.0010856" startTime="2018-11-12T00:18:58.9929593-05:00" endTime="2018-11-12T00:18:58.9942546-05:00" testType="13cdc9d9-ddb5-4fa4-a97d-d965ccfc6d4b" outcome="Passed" testListId="8c84fa94-04c1-424b-9868-57a2d4851a1d" relativeResultsDirectory="830fbf6d-83d9-419e-8497-cc9d5508c418" /><UnitTestResult executionId="3168f06d-e842-4cd4-9e0e-524321147431" testId="c61e7f88-4346-7f2d-88f0-884862ed77e7" testName="Test009" computerName="md" duration="00:00:00.0000446" startTime="2018-11-12T00:19:03.1961641-05:00" endTime="2018-11-12T00:19:03.1963123-05:00" testType="13cdc9d9-ddb5-4fa4-a97d-d965ccfc6d4b" outcome="Passed" testListId="8c84fa94-04c1-424b-9868-57a2d4851a1d" relativeResultsDirectory="3168f06d-e842-4cd4-9e0e-524321147431" /><UnitTestResult executionId="5f7629a6-c1aa-4073-84cd-99bc2977386c" testId="8409dbd6-3b5d-5e55-05f8-27f022f750cb" testName="Test025" computerName="md" duration="00:00:00.0035065" startTime="2018-11-12T00:18:59.0144426-05:00" endTime="2018-11-12T00:18:59.0180447-05:00" testType="13cdc9d9-ddb5-4fa4-a97d-d965ccfc6d4b" outcome="Passed" testListId="8c84fa94-04c1-424b-9868-57a2d4851a1d" relativeResultsDirectory="5f7629a6-c1aa-4073-84cd-99bc2977386c" /><UnitTestResult executionId="581c1e9f-5c16-4b68-bc3f-45323d1d7599" testId="a9238744-31ac-ebb6-1e09-3343d3447bef" testName="Test019" computerName="md" duration="00:00:00.0002120" startTime="2018-11-12T00:19:01.8657472-05:00" endTime="2018-11-12T00:19:01.8660644-05:00" testType="13cdc9d9-ddb5-4fa4-a97d-d965ccfc6d4b" outcome="Passed" testListId="8c84fa94-04c1-424b-9868-57a2d4851a1d" relativeResultsDirectory="581c1e9f-5c16-4b68-bc3f-45323d1d7599" /><UnitTestResult executionId="6f8470a8-245e-47af-bff1-af1a1bf2ab74" testId="ed177908-a30e-bbf7-49cc-ae29b788a811" testName="Test027" computerName="md" duration="00:00:00.0037984" startTime="2018-11-12T00:19:01.9927454-05:00" endTime="2018-11-12T00:19:01.9966593-05:00" testType="13cdc9d9-ddb5-4fa4-a97d-d965ccfc6d4b" outcome="Passed" testListId="8c84fa94-04c1-424b-9868-57a2d4851a1d" relativeResultsDirectory="6f8470a8-245e-47af-bff1-af1a1bf2ab74" /><UnitTestResult executionId="2d989c08-93f3-43bd-84ee-62eb73f92f11" testId="aeb74482-7d7e-9f22-9c8c-f8a418fa20dc" testName="Test042" computerName="md" duration="00:00:00.0000825" startTime="2018-11-12T00:19:03.1255437-05:00" endTime="2018-11-12T00:19:03.1257310-05:00" testType="13cdc9d9-ddb5-4fa4-a97d-d965ccfc6d4b" outcome="Passed" testListId="8c84fa94-04c1-424b-9868-57a2d4851a1d" relativeResultsDirectory="2d989c08-93f3-43bd-84ee-62eb73f92f11" /><UnitTestResult executionId="d1e604ab-74b0-45dc-a908-7332913d6b81" testId="7777ceb4-04a7-2685-530a-a35c2cd9c573" testName="Test004" computerName="md" duration="00:00:00.0037708" startTime="2018-11-12T00:19:00.1787696-05:00" endTime="2018-11-12T00:19:00.1826314-05:00" testType="13cdc9d9-ddb5-4fa4-a97d-d965ccfc6d4b" outcome="Passed" testListId="8c84fa94-04c1-424b-9868-57a2d4851a1d" relativeResultsDirectory="d1e604ab-74b0-45dc-a908-7332913d6b81" /><UnitTestResult executionId="4a02d1ba-65cc-43ef-a162-241c24005540" testId="ac5ebf04-b85d-024f-7142-c221d0279179" testName="Test033" computerName="md" duration="00:00:00.0013347" startTime="2018-11-12T00:18:58.6853442-05:00" endTime="2018-11-12T00:18:58.6867743-05:00" testType="13cdc9d9-ddb5-4fa4-a97d-d965ccfc6d4b" outcome="Passed" testListId="8c84fa94-04c1-424b-9868-57a2d4851a1d" relativeResultsDirectory="4a02d1ba-65cc-43ef-a162-241c24005540" /><UnitTestResult executionId="c99bf3d2-63a9-4639-8c0e-13c154b60f59" testId="1274ff4f-2a7e-c35c-5e63-3da20e00199f" testName="Test035" computerName="md" duration="00:00:00.0037747" startTime="2018-11-12T00:18:59.4420886-05:00" endTime="2018-11-12T00:18:59.4459704-05:00" testType="13cdc9d9-ddb5-4fa4-a97d-d965ccfc6d4b" outcome="Passed" testListId="8c84fa94-04c1-424b-9868-57a2d4851a1d" relativeResultsDirectory="c99bf3d2-63a9-4639-8c0e-13c154b60f59" /><UnitTestResult executionId="4dd306e6-a230-483e-b9ae-e39b29586eb8" testId="357fec4f-75e2-fb65-5d6d-a64cd66912dd" testName="Test013" computerName="md" duration="00:00:00.0000342" startTime="2018-11-12T00:19:03.4134280-05:00" endTime="2018-11-12T00:19:03.4135599-05:00" testType="13cdc9d9-ddb5-4fa4-a97d-d965ccfc6d4b" outcome="Passed" testListId="8c84fa94-04c1-424b-9868-57a2d4851a1d" relativeResultsDirectory="4dd306e6-a230-483e-b9ae-e39b29586eb8" /><UnitTestResult executionId="51390915-8929-40a7-84e2-da612787cd9d" testId="50499275-120f-947a-8496-829ba1faf874" testName="Test003" computerName="md" duration="00:00:00.0000080" startTime="2018-11-12T00:19:03.4038934-05:00" endTime="2018-11-12T00:19:03.4040085-05:00" testType="13cdc9d9-ddb5-4fa4-a97d-d965ccfc6d4b" outcome="Passed" testListId="8c84fa94-04c1-424b-9868-57a2d4851a1d" relativeResultsDirectory="51390915-8929-40a7-84e2-da612787cd9d" /><UnitTestResult executionId="670e3dbc-e31e-423d-af64-98d4ce235f0c" testId="d3bf8338-4254-c435-e963-d579b03d6e96" testName="Test334" computerName="md" duration="00:00:00.0050863" startTime="2018-11-12T00:19:00.0593303-05:00" endTime="2018-11-12T00:19:00.0645336-05:00" testType="13cdc9d9-ddb5-4fa4-a97d-d965ccfc6d4b" outcome="Passed" testListId="8c84fa94-04c1-424b-9868-57a2d4851a1d" relativeResultsDirectory="670e3dbc-e31e-423d-af64-98d4ce235f0c" /><UnitTestResult executionId="38d834b3-a706-4ee8-ba10-2bcc28e114fe" testId="a8752091-5031-5495-2c47-15fbae7047c3" testName="Test010" computerName="md" duration="00:00:00.0000273" startTime="2018-11-12T00:19:03.2868556-05:00" endTime="2018-11-12T00:19:03.2869909-05:00" testType="13cdc9d9-ddb5-4fa4-a97d-d965ccfc6d4b" outcome="Passed" testListId="8c84fa94-04c1-424b-9868-57a2d4851a1d" relativeResultsDirectory="38d834b3-a706-4ee8-ba10-2bcc28e114fe" /><UnitTestResult executionId="f7cba742-c0d4-4fa3-ac7f-6bd191d0fe27" testId="8996ee43-096f-0944-9a9c-9ea4bd5ac30f" testName="Test023" computerName="md" duration="00:00:00.0104173" startTime="2018-11-12T00:19:01.1147822-05:00" endTime="2018-11-12T00:19:01.1252940-05:00" testType="13cdc9d9-ddb5-4fa4-a97d-d965ccfc6d4b" outcome="Passed" testListId="8c84fa94-04c1-424b-9868-57a2d4851a1d" relativeResultsDirectory="f7cba742-c0d4-4fa3-ac7f-6bd191d0fe27" /><UnitTestResult executionId="3b1fe7d3-6129-41e1-b6b5-9807f41cf54a" testId="3a313f58-f31c-c9b3-c41e-6de4464623a8" testName="Test151" computerName="md" duration="00:00:00.0043847" startTime="2018-11-12T00:18:59.6712293-05:00" endTime="2018-11-12T00:18:59.6757153-05:00" testType="13cdc9d9-ddb5-4fa4-a97d-d965ccfc6d4b" outcome="Passed" testListId="8c84fa94-04c1-424b-9868-57a2d4851a1d" relativeResultsDirectory="3b1fe7d3-6129-41e1-b6b5-9807f41cf54a" /><UnitTestResult executionId="8957a88b-7e17-4d38-b9e2-9b8ee656e8d6" testId="5da8acdd-725c-30a2-e4bd-07a1ab2d024b" testName="Test021" computerName="md" duration="00:00:00.0112445" startTime="2018-11-12T00:18:57.9632080-05:00" endTime="2018-11-12T00:18:57.9745652-05:00" testType="13cdc9d9-ddb5-4fa4-a97d-d965ccfc6d4b" outcome="Passed" testListId="8c84fa94-04c1-424b-9868-57a2d4851a1d" relativeResultsDirectory="8957a88b-7e17-4d38-b9e2-9b8ee656e8d6" /><UnitTestResult executionId="6e8adf84-1d58-4d8f-af49-a6b9ff20a520" testId="b59e77dc-8390-ceaa-2882-41c8844b718d" testName="Test002" computerName="md" duration="00:00:00.0001362" startTime="2018-11-12T00:19:02.2289984-05:00" endTime="2018-11-12T00:19:02.2292491-05:00" testType="13cdc9d9-ddb5-4fa4-a97d-d965ccfc6d4b" outcome="Passed" testListId="8c84fa94-04c1-424b-9868-57a2d4851a1d" relativeResultsDirectory="6e8adf84-1d58-4d8f-af49-a6b9ff20a520" /><UnitTestResult executionId="b11201ae-e03e-4a80-891e-294bf7b498b8" testId="c85427c4-7ec6-1f09-57aa-d1539c32d89e" testName="Test015" computerName="md" duration="00:00:00.0000360" startTime="2018-11-12T00:19:03.0964937-05:00" endTime="2018-11-12T00:19:03.0966286-05:00" testType="13cdc9d9-ddb5-4fa4-a97d-d965ccfc6d4b" outcome="Passed" testListId="8c84fa94-04c1-424b-9868-57a2d4851a1d" relativeResultsDirectory="b11201ae-e03e-4a80-891e-294bf7b498b8" /><UnitTestResult executionId="b1eba299-55b0-41df-bd4f-7fe1fd105bbe" testId="dd6bf53e-e4ca-ef0b-27b0-84037a9a2060" testName="Test058" computerName="md" duration="00:00:00.0000868" startTime="2018-11-12T00:19:03.1516921-05:00" endTime="2018-11-12T00:19:03.1519220-05:00" testType="13cdc9d9-ddb5-4fa4-a97d-d965ccfc6d4b" outcome="Passed" testListId="8c84fa94-04c1-424b-9868-57a2d4851a1d" relativeResultsDirectory="b1eba299-55b0-41df-bd4f-7fe1fd105bbe" /><UnitTestResult executionId="1e48fa1a-5c4f-4d3e-b7d8-d4d40f75c0fe" testId="9e96e5a2-f076-2b7c-a807-ffba6a2159cc" testName="Test016" computerName="md" duration="00:00:00.0171620" startTime="2018-11-12T00:18:57.8872496-05:00" endTime="2018-11-12T00:18:57.9045159-05:00" testType="13cdc9d9-ddb5-4fa4-a97d-d965ccfc6d4b" outcome="Passed" testListId="8c84fa94-04c1-424b-9868-57a2d4851a1d" relativeResultsDirectory="1e48fa1a-5c4f-4d3e-b7d8-d4d40f75c0fe" /><UnitTestResult executionId="affc2ed3-0da3-4590-b07e-2b703d728b15" testId="012c0078-485f-9e58-cba4-9cf1c364b4b7" testName="Test010" computerName="md" duration="00:00:00.0002088" startTime="2018-11-12T00:19:02.2478371-05:00" endTime="2018-11-12T00:19:02.2481674-05:00" testType="13cdc9d9-ddb5-4fa4-a97d-d965ccfc6d4b" outcome="Passed" testListId="8c84fa94-04c1-424b-9868-57a2d4851a1d" relativeResultsDirectory="affc2ed3-0da3-4590-b07e-2b703d728b15" /><UnitTestResult executionId="d806dee3-c6bb-41b2-984f-619a2b6a7944" testId="f2998d93-7e88-df65-9868-e2eb60094b04" testName="Test002" computerName="md" duration="00:00:00.0005742" startTime="2018-11-12T00:19:02.9390747-05:00" endTime="2018-11-12T00:19:02.9397610-05:00" testType="13cdc9d9-ddb5-4fa4-a97d-d965ccfc6d4b" outcome="Passed" testListId="8c84fa94-04c1-424b-9868-57a2d4851a1d" relativeResultsDirectory="d806dee3-c6bb-41b2-984f-619a2b6a7944" /><UnitTestResult executionId="d5512cba-64da-4348-a34c-7b9344acada9" testId="af51f64a-afef-b4bb-e254-b0a7b9eefeb2" testName="Test002" computerName="md" duration="00:00:00.0008871" startTime="2018-11-12T00:19:03.2350625-05:00" endTime="2018-11-12T00:19:03.2362717-05:00" testType="13cdc9d9-ddb5-4fa4-a97d-d965ccfc6d4b" outcome="Passed" testListId="8c84fa94-04c1-424b-9868-57a2d4851a1d" relativeResultsDirectory="d5512cba-64da-4348-a34c-7b9344acada9" /><UnitTestResult executionId="95a07233-4b4d-4719-86e4-c538bb74afdc" testId="2eec0d6f-444e-8932-dfe0-24eb22cca782" testName="Test001" computerName="md" duration="00:00:00.0046260" startTime="2018-11-12T00:18:59.1513172-05:00" endTime="2018-11-12T00:18:59.1564366-05:00" testType="13cdc9d9-ddb5-4fa4-a97d-d965ccfc6d4b" outcome="Passed" testListId="8c84fa94-04c1-424b-9868-57a2d4851a1d" relativeResultsDirectory="95a07233-4b4d-4719-86e4-c538bb74afdc" /><UnitTestResult executionId="c885a194-86c4-47d9-bb72-1116006979b3" testId="c40b4b24-089c-8fc6-a1de-ef3abf3fcaaf" testName="Test021" computerName="md" duration="00:00:00.0000096" startTime="2018-11-12T00:19:03.0782623-05:00" endTime="2018-11-12T00:19:03.0783813-05:00" testType="13cdc9d9-ddb5-4fa4-a97d-d965ccfc6d4b" outcome="Passed" testListId="8c84fa94-04c1-424b-9868-57a2d4851a1d" relativeResultsDirectory="c885a194-86c4-47d9-bb72-1116006979b3" /><UnitTestResult executionId="7a93f0f7-6799-4c33-a600-1d8134056a8c" testId="199b4210-106b-24fd-f459-2f65607d4740" testName="Test016" computerName="md" duration="00:00:00.0000391" startTime="2018-11-12T00:19:03.2469175-05:00" endTime="2018-11-12T00:19:03.2470533-05:00" testType="13cdc9d9-ddb5-4fa4-a97d-d965ccfc6d4b" outcome="Passed" testListId="8c84fa94-04c1-424b-9868-57a2d4851a1d" relativeResultsDirectory="7a93f0f7-6799-4c33-a600-1d8134056a8c" /><UnitTestResult executionId="be847036-9bb3-47d0-aaf8-d785db7be5dd" testId="dbf23907-fead-3c5e-f453-f2e4c6610e25" testName="Test051" computerName="md" duration="00:00:00.0000332" startTime="2018-11-12T00:19:03.1378961-05:00" endTime="2018-11-12T00:19:03.1380374-05:00" testType="13cdc9d9-ddb5-4fa4-a97d-d965ccfc6d4b" outcome="Passed" testListId="8c84fa94-04c1-424b-9868-57a2d4851a1d" relativeResultsDirectory="be847036-9bb3-47d0-aaf8-d785db7be5dd" /><UnitTestResult executionId="46c510eb-34a1-4b8a-a8e2-e37bf0a2f578" testId="7c472fab-cce0-4281-3933-f59e6ec4b599" testName="Test003" computerName="md" duration="00:00:00.0033290" startTime="2018-11-12T00:19:02.7598541-05:00" endTime="2018-11-12T00:19:02.7633109-05:00" testType="13cdc9d9-ddb5-4fa4-a97d-d965ccfc6d4b" outcome="Passed" testListId="8c84fa94-04c1-424b-9868-57a2d4851a1d" relativeResultsDirectory="46c510eb-34a1-4b8a-a8e2-e37bf0a2f578" /><UnitTestResult executionId="b1f5f4fb-c760-4a2c-84c5-2b27bf2dbf12" testId="b904c4b4-b70a-fb52-4ade-52ccad8504f6" testName="Test002" computerName="md" duration="00:00:00.0013301" startTime="2018-11-12T00:19:02.5446204-05:00" endTime="2018-11-12T00:19:02.5461308-05:00" testType="13cdc9d9-ddb5-4fa4-a97d-d965ccfc6d4b" outcome="Passed" testListId="8c84fa94-04c1-424b-9868-57a2d4851a1d" relativeResultsDirectory="b1f5f4fb-c760-4a2c-84c5-2b27bf2dbf12" /><UnitTestResult executionId="f95a03bf-d4d4-4cdc-8052-3a1373b3107e" testId="334205d3-8600-fbe3-711e-9839b4f38aa9" testName="Test001" computerName="md" duration="00:00:00.0018920" startTime="2018-11-12T00:19:02.5417369-05:00" endTime="2018-11-12T00:19:02.5446023-05:00" testType="13cdc9d9-ddb5-4fa4-a97d-d965ccfc6d4b" outcome="Passed" testListId="8c84fa94-04c1-424b-9868-57a2d4851a1d" relativeResultsDirectory="f95a03bf-d4d4-4cdc-8052-3a1373b3107e" /><UnitTestResult executionId="bab750c1-0652-45c0-b29e-cb8410ef2cc3" testId="1ee85085-d01d-98b6-67f2-679f01c1b01c" testName="Test008" computerName="md" duration="00:00:00.0002904" startTime="2018-11-12T00:19:03.0434616-05:00" endTime="2018-11-12T00:19:03.0438689-05:00" testType="13cdc9d9-ddb5-4fa4-a97d-d965ccfc6d4b" outcome="Passed" testListId="8c84fa94-04c1-424b-9868-57a2d4851a1d" relativeResultsDirectory="bab750c1-0652-45c0-b29e-cb8410ef2cc3" /><UnitTestResult executionId="6b9a1b1f-229b-4909-bdd9-1b42e24ac314" testId="03afc8e6-23ae-fcff-3825-c71dba20456b" testName="Test014" computerName="md" duration="00:00:00.0035332" startTime="2018-11-12T00:19:01.6427462-05:00" endTime="2018-11-12T00:19:01.6463886-05:00" testType="13cdc9d9-ddb5-4fa4-a97d-d965ccfc6d4b" outcome="Passed" testListId="8c84fa94-04c1-424b-9868-57a2d4851a1d" relativeResultsDirectory="6b9a1b1f-229b-4909-bdd9-1b42e24ac314" /><UnitTestResult executionId="8d48de23-f0c0-45e7-903e-6f49c931309e" testId="767f1acf-195c-1956-5076-6c1aefb468be" testName="Test033" computerName="md" duration="00:00:00.0232914" startTime="2018-11-12T00:18:58.1668034-05:00" endTime="2018-11-12T00:18:58.1902897-05:00" testType="13cdc9d9-ddb5-4fa4-a97d-d965ccfc6d4b" outcome="Passed" testListId="8c84fa94-04c1-424b-9868-57a2d4851a1d" relativeResultsDirectory="8d48de23-f0c0-45e7-903e-6f49c931309e" /><UnitTestResult executionId="62b71c3e-420e-492a-83b2-b703742d7ba9" testId="9823828f-3e7d-e474-1d1a-2136ac773bb6" testName="Test004" computerName="md" duration="00:00:00.0001832" startTime="2018-11-12T00:19:03.2634404-05:00" endTime="2018-11-12T00:19:03.2637275-05:00" testType="13cdc9d9-ddb5-4fa4-a97d-d965ccfc6d4b" outcome="Passed" testListId="8c84fa94-04c1-424b-9868-57a2d4851a1d" relativeResultsDirectory="62b71c3e-420e-492a-83b2-b703742d7ba9" /><UnitTestResult executionId="37abf553-f953-43c7-8e4f-f836bb2c0dca" testId="388c07c2-91ae-05d5-4433-09eade683174" testName="Test013" computerName="md" duration="00:00:00.0026664" startTime="2018-11-12T00:19:02.6398344-05:00" endTime="2018-11-12T00:19:02.6426919-05:00" testType="13cdc9d9-ddb5-4fa4-a97d-d965ccfc6d4b" outcome="Passed" testListId="8c84fa94-04c1-424b-9868-57a2d4851a1d" relativeResultsDirectory="37abf553-f953-43c7-8e4f-f836bb2c0dca" /><UnitTestResult executionId="6e0a0d42-fa7a-4a50-aa24-429f25dda1d1" testId="db106580-d883-47c2-d141-2a8fc96796c6" testName="Test118" computerName="md" duration="00:00:00.0043728" startTime="2018-11-12T00:18:59.5751530-05:00" endTime="2018-11-12T00:18:59.5796224-05:00" testType="13cdc9d9-ddb5-4fa4-a97d-d965ccfc6d4b" outcome="Passed" testListId="8c84fa94-04c1-424b-9868-57a2d4851a1d" relativeResultsDirectory="6e0a0d42-fa7a-4a50-aa24-429f25dda1d1" /><UnitTestResult executionId="5b857aff-7541-40d2-becd-1b7407744006" testId="075a1212-0779-fdeb-98fb-c6804441857d" testName="Test014" computerName="md" duration="00:00:00.0000353" startTime="2018-11-12T00:19:03.2876687-05:00" endTime="2018-11-12T00:19:03.2878150-05:00" testType="13cdc9d9-ddb5-4fa4-a97d-d965ccfc6d4b" outcome="Passed" testListId="8c84fa94-04c1-424b-9868-57a2d4851a1d" relativeResultsDirectory="5b857aff-7541-40d2-becd-1b7407744006" /><UnitTestResult executionId="d22e5b9f-e468-4d47-b39b-8add488f90b1" testId="c820ab0d-c99b-de08-90f8-723a8266c656" testName="Test012" computerName="md" duration="00:00:00.0075252" startTime="2018-11-12T00:19:03.5025801-05:00" endTime="2018-11-12T00:19:03.5102038-05:00" testType="13cdc9d9-ddb5-4fa4-a97d-d965ccfc6d4b" outcome="Passed" testListId="8c84fa94-04c1-424b-9868-57a2d4851a1d" relativeResultsDirectory="d22e5b9f-e468-4d47-b39b-8add488f90b1" /><UnitTestResult executionId="53ba06b9-f3a5-4ef3-915c-a4d1b372d77d" testId="00d96717-2dc8-0959-bf3b-b54e39764712" testName="Test031" computerName="md" duration="00:00:00.0036643" startTime="2018-11-12T00:19:01.7506401-05:00" endTime="2018-11-12T00:19:01.7544059-05:00" testType="13cdc9d9-ddb5-4fa4-a97d-d965ccfc6d4b" outcome="Passed" testListId="8c84fa94-04c1-424b-9868-57a2d4851a1d" relativeResultsDirectory="53ba06b9-f3a5-4ef3-915c-a4d1b372d77d" /><UnitTestResult executionId="cbc2d9e6-2c0d-4263-a980-74fdcea4d6ea" testId="598dbe96-15d8-c35c-9d13-76385ceb9601" testName="Test003" computerName="md" duration="00:00:00.0000541" startTime="2018-11-12T00:19:03.2363045-05:00" endTime="2018-11-12T00:19:03.2364774-05:00" testType="13cdc9d9-ddb5-4fa4-a97d-d965ccfc6d4b" outcome="Passed" testListId="8c84fa94-04c1-424b-9868-57a2d4851a1d" relativeResultsDirectory="cbc2d9e6-2c0d-4263-a980-74fdcea4d6ea" /><UnitTestResult executionId="31a031aa-5ddf-4ee4-a254-0061e76a08e3" testId="d1fbc04a-dafa-e029-00e3-c5b03c0a8487" testName="Test001" computerName="md" duration="00:00:00.0008510" startTime="2018-11-12T00:19:03.0248466-05:00" endTime="2018-11-12T00:19:03.0262080-05:00" testType="13cdc9d9-ddb5-4fa4-a97d-d965ccfc6d4b" outcome="Passed" testListId="8c84fa94-04c1-424b-9868-57a2d4851a1d" relativeResultsDirectory="31a031aa-5ddf-4ee4-a254-0061e76a08e3" /><UnitTestResult executionId="faf182eb-a83b-4c65-9c95-d841d62256ab" testId="56301065-a6b2-9d42-0ad2-2f27eaef11ba" testName="Test017" computerName="md" duration="00:00:00.0088023" startTime="2018-11-12T00:19:03.5623024-05:00" endTime="2018-11-12T00:19:03.5712501-05:00" testType="13cdc9d9-ddb5-4fa4-a97d-d965ccfc6d4b" outcome="Passed" testListId="8c84fa94-04c1-424b-9868-57a2d4851a1d" relativeResultsDirectory="faf182eb-a83b-4c65-9c95-d841d62256ab" /><UnitTestResult executionId="2cabcc6a-2ad6-4f77-b59b-23ddb4b5c73a" testId="0263c4dc-2e34-3227-e5d8-1ee5cd0b7f0d" testName="Test116" computerName="md" duration="00:00:00.0043572" startTime="2018-11-12T00:18:59.5659047-05:00" endTime="2018-11-12T00:18:59.5703638-05:00" testType="13cdc9d9-ddb5-4fa4-a97d-d965ccfc6d4b" outcome="Passed" testListId="8c84fa94-04c1-424b-9868-57a2d4851a1d" relativeResultsDirectory="2cabcc6a-2ad6-4f77-b59b-23ddb4b5c73a" /><UnitTestResult executionId="1b330c59-566a-427e-8a7e-854ca104b4ec" testId="53908d01-090a-8803-ef27-030389039529" testName="Test019" computerName="md" duration="00:00:00.0000304" startTime="2018-11-12T00:19:03.3251526-05:00" endTime="2018-11-12T00:19:03.3253328-05:00" testType="13cdc9d9-ddb5-4fa4-a97d-d965ccfc6d4b" outcome="Passed" testListId="8c84fa94-04c1-424b-9868-57a2d4851a1d" relativeResultsDirectory="1b330c59-566a-427e-8a7e-854ca104b4ec" /><UnitTestResult executionId="6140d634-f642-42e1-8a3f-37e47714a803" testId="35993687-d5b8-9e1d-97b9-9e2fe2ac18f1" testName="Test004" computerName="md" duration="00:00:00.0000566" startTime="2018-11-12T00:19:03.2364909-05:00" endTime="2018-11-12T00:19:03.2366475-05:00" testType="13cdc9d9-ddb5-4fa4-a97d-d965ccfc6d4b" outcome="Passed" testListId="8c84fa94-04c1-424b-9868-57a2d4851a1d" relativeResultsDirectory="6140d634-f642-42e1-8a3f-37e47714a803" /><UnitTestResult executionId="f033eb38-e606-408a-9450-e846be447bf4" testId="89bafe3e-0960-70ec-ab21-361ce674e841" testName="Test062" computerName="md" duration="00:00:00.0004502" startTime="2018-11-12T00:18:59.1507562-05:00" endTime="2018-11-12T00:18:59.1513040-05:00" testType="13cdc9d9-ddb5-4fa4-a97d-d965ccfc6d4b" outcome="Passed" testListId="8c84fa94-04c1-424b-9868-57a2d4851a1d" relativeResultsDirectory="f033eb38-e606-408a-9450-e846be447bf4" /><UnitTestResult executionId="d86db34e-6fa4-49c2-91cc-72465df809fd" testId="2f4d7aab-044b-7809-9388-28d5278c2283" testName="Test015" computerName="md" duration="00:00:00.0000201" startTime="2018-11-12T00:19:03.3125536-05:00" endTime="2018-11-12T00:19:03.3126859-05:00" testType="13cdc9d9-ddb5-4fa4-a97d-d965ccfc6d4b" outcome="Passed" testListId="8c84fa94-04c1-424b-9868-57a2d4851a1d" relativeResultsDirectory="d86db34e-6fa4-49c2-91cc-72465df809fd" /><UnitTestResult executionId="5b866072-0265-4a57-9549-3b0d28fef914" testId="6681a535-81ee-ad6e-7826-5b1dc779fa33" testName="Test058" computerName="md" duration="00:00:00.0109891" startTime="2018-11-12T00:19:01.5020329-05:00" endTime="2018-11-12T00:19:01.5131165-05:00" testType="13cdc9d9-ddb5-4fa4-a97d-d965ccfc6d4b" outcome="Passed" testListId="8c84fa94-04c1-424b-9868-57a2d4851a1d" relativeResultsDirectory="5b866072-0265-4a57-9549-3b0d28fef914" /><UnitTestResult executionId="e2a772bd-ec54-4611-9761-301359d6e313" testId="a338ebc7-efab-2902-faa1-7bc7206acea8" testName="Test012" computerName="md" duration="00:00:00.0047936" startTime="2018-11-12T00:19:00.1532022-05:00" endTime="2018-11-12T00:19:00.1580922-05:00" testType="13cdc9d9-ddb5-4fa4-a97d-d965ccfc6d4b" outcome="Passed" testListId="8c84fa94-04c1-424b-9868-57a2d4851a1d" relativeResultsDirectory="e2a772bd-ec54-4611-9761-301359d6e313" /><UnitTestResult executionId="cc4fb833-73e1-4c48-8a7a-770109ddf19d" testId="4b91d2d1-51e1-054d-c4de-a1bfa91a5d6c" testName="Test101" computerName="md" duration="00:00:00.0002839" startTime="2018-11-12T00:18:58.7645469-05:00" endTime="2018-11-12T00:18:58.7649620-05:00" testType="13cdc9d9-ddb5-4fa4-a97d-d965ccfc6d4b" outcome="Passed" testListId="8c84fa94-04c1-424b-9868-57a2d4851a1d" relativeResultsDirectory="cc4fb833-73e1-4c48-8a7a-770109ddf19d" /><UnitTestResult executionId="fd9f4823-fc38-4cce-b721-47d1becdff3f" testId="5b1cf8d2-fc07-4cc7-2b5c-4143d6b012a8" testName="Test022" computerName="md" duration="00:00:00.0028839" startTime="2018-11-12T00:19:01.9675437-05:00" endTime="2018-11-12T00:19:01.9705475-05:00" testType="13cdc9d9-ddb5-4fa4-a97d-d965ccfc6d4b" outcome="Passed" testListId="8c84fa94-04c1-424b-9868-57a2d4851a1d" relativeResultsDirectory="fd9f4823-fc38-4cce-b721-47d1becdff3f" /><UnitTestResult executionId="53f509bd-e359-484a-a2f8-17701498794e" testId="9520309c-6eaf-9658-a9f8-250c9b4d93e2" testName="Test027" computerName="md" duration="00:00:00.0057147" startTime="2018-11-12T00:19:00.7245043-05:00" endTime="2018-11-12T00:19:00.7303808-05:00" testType="13cdc9d9-ddb5-4fa4-a97d-d965ccfc6d4b" outcome="Passed" testListId="8c84fa94-04c1-424b-9868-57a2d4851a1d" relativeResultsDirectory="53f509bd-e359-484a-a2f8-17701498794e" /><UnitTestResult executionId="dd71f4a9-b6f0-40af-a7e3-92a9110bed5c" testId="1a616540-71d4-3abd-e9d6-366582ec7be9" testName="Test403" computerName="md" duration="00:00:00.0092071" startTime="2018-11-12T00:18:59.2595555-05:00" endTime="2018-11-12T00:18:59.2689897-05:00" testType="13cdc9d9-ddb5-4fa4-a97d-d965ccfc6d4b" outcome="Passed" testListId="8c84fa94-04c1-424b-9868-57a2d4851a1d" relativeResultsDirectory="dd71f4a9-b6f0-40af-a7e3-92a9110bed5c" /><UnitTestResult executionId="b45fe6ac-8307-4223-8694-f8040c152ac6" testId="1ebf4444-c68b-e1f3-f349-2ebc3eeb824e" testName="Test020" computerName="md" duration="00:00:00.0077613" startTime="2018-11-12T00:19:00.4165845-05:00" endTime="2018-11-12T00:19:00.4244650-05:00" testType="13cdc9d9-ddb5-4fa4-a97d-d965ccfc6d4b" outcome="Passed" testListId="8c84fa94-04c1-424b-9868-57a2d4851a1d" relativeResultsDirectory="b45fe6ac-8307-4223-8694-f8040c152ac6" /><UnitTestResult executionId="28d4443d-91d6-40bc-b0d9-4fe35add7469" testId="75bff483-61d9-095c-68ef-a2132e6f0f8f" testName="Test006" computerName="md" duration="00:00:00.0000378" startTime="2018-11-12T00:19:03.2368098-05:00" endTime="2018-11-12T00:19:03.2369504-05:00" testType="13cdc9d9-ddb5-4fa4-a97d-d965ccfc6d4b" outcome="Passed" testListId="8c84fa94-04c1-424b-9868-57a2d4851a1d" relativeResultsDirectory="28d4443d-91d6-40bc-b0d9-4fe35add7469" /><UnitTestResult executionId="c1848fcf-84bc-4eb0-9768-814b62a37f62" testId="11214e1e-4b4b-7825-5593-c48a5ac40488" testName="Test004" computerName="md" duration="00:00:00.0042806" startTime="2018-11-12T00:18:57.5848976-05:00" endTime="2018-11-12T00:18:57.5892768-05:00" testType="13cdc9d9-ddb5-4fa4-a97d-d965ccfc6d4b" outcome="Passed" testListId="8c84fa94-04c1-424b-9868-57a2d4851a1d" relativeResultsDirectory="c1848fcf-84bc-4eb0-9768-814b62a37f62" /><UnitTestResult executionId="5db40c15-5e30-4c7f-916b-b51bbe5a73b2" testId="1d5dfdfb-dab7-63a8-3c5c-a656f3f01569" testName="Test003" computerName="md" duration="00:00:00.0037424" startTime="2018-11-12T00:19:00.3118086-05:00" endTime="2018-11-12T00:19:00.3156440-05:00" testType="13cdc9d9-ddb5-4fa4-a97d-d965ccfc6d4b" outcome="Passed" testListId="8c84fa94-04c1-424b-9868-57a2d4851a1d" relativeResultsDirectory="5db40c15-5e30-4c7f-916b-b51bbe5a73b2" /><UnitTestResult executionId="2fcbee33-0fab-484d-b1ce-eafeb8703520" testId="76b70162-f7f9-c897-6fbf-b892b381610b" testName="Test014" computerName="md" duration="00:00:00.0010983" startTime="2018-11-12T00:19:01.8265314-05:00" endTime="2018-11-12T00:19:01.8277237-05:00" testType="13cdc9d9-ddb5-4fa4-a97d-d965ccfc6d4b" outcome="Passed" testListId="8c84fa94-04c1-424b-9868-57a2d4851a1d" relativeResultsDirectory="2fcbee33-0fab-484d-b1ce-eafeb8703520" /><UnitTestResult executionId="a1b93ef8-5dc6-4a31-b42c-d0a22a2c60de" testId="cf736003-2e8c-23ac-99a8-e2c36f7ba566" testName="Test011" computerName="md" duration="00:00:00.0001685" startTime="2018-11-12T00:19:01.8551429-05:00" endTime="2018-11-12T00:19:01.8554260-05:00" testType="13cdc9d9-ddb5-4fa4-a97d-d965ccfc6d4b" outcome="Passed" testListId="8c84fa94-04c1-424b-9868-57a2d4851a1d" relativeResultsDirectory="a1b93ef8-5dc6-4a31-b42c-d0a22a2c60de" /><UnitTestResult executionId="92b7f949-d745-4ff2-99de-41d90ae299ef" testId="fe4afb12-e28f-f8fa-7021-7e923fd658a5" testName="Test016" computerName="md" duration="00:00:00.0038458" startTime="2018-11-12T00:19:01.6605177-05:00" endTime="2018-11-12T00:19:01.6644733-05:00" testType="13cdc9d9-ddb5-4fa4-a97d-d965ccfc6d4b" outcome="Passed" testListId="8c84fa94-04c1-424b-9868-57a2d4851a1d" relativeResultsDirectory="92b7f949-d745-4ff2-99de-41d90ae299ef" /><UnitTestResult executionId="f8584bbd-2ec0-4348-a93f-5b6974689704" testId="75e30fc4-22bf-9c9b-bc5d-caee0e162e07" testName="Test052" computerName="md" duration="00:00:00.0099596" startTime="2018-11-12T00:19:01.4272965-05:00" endTime="2018-11-12T00:19:01.4373550-05:00" testType="13cdc9d9-ddb5-4fa4-a97d-d965ccfc6d4b" outcome="Passed" testListId="8c84fa94-04c1-424b-9868-57a2d4851a1d" relativeResultsDirectory="f8584bbd-2ec0-4348-a93f-5b6974689704" /><UnitTestResult executionId="0e066128-1741-4092-957e-50ff30c36b89" testId="ac96a6b2-765c-3611-64c9-126dee8ee7ea" testName="Test109" computerName="md" duration="00:00:00.0044402" startTime="2018-11-12T00:18:59.5226018-05:00" endTime="2018-11-12T00:18:59.5271372-05:00" testType="13cdc9d9-ddb5-4fa4-a97d-d965ccfc6d4b" outcome="Passed" testListId="8c84fa94-04c1-424b-9868-57a2d4851a1d" relativeResultsDirectory="0e066128-1741-4092-957e-50ff30c36b89" /><UnitTestResult executionId="d10d2266-5a47-4cc2-85c0-28d3eb41d544" testId="3ec054ba-280b-4f03-a56d-db6cea9c067e" testName="Test091" computerName="md" duration="00:00:00.0034791" startTime="2018-11-12T00:18:58.7535922-05:00" endTime="2018-11-12T00:18:58.7572792-05:00" testType="13cdc9d9-ddb5-4fa4-a97d-d965ccfc6d4b" outcome="Passed" testListId="8c84fa94-04c1-424b-9868-57a2d4851a1d" relativeResultsDirectory="d10d2266-5a47-4cc2-85c0-28d3eb41d544" /><UnitTestResult executionId="99ec80cf-fd2f-4fb8-a528-50f6c46532d2" testId="ec2817eb-6da4-4e72-68ee-1d9e441c9cc1" testName="Test005" computerName="md" duration="00:00:00.0006543" startTime="2018-11-12T00:19:00.2303867-05:00" endTime="2018-11-12T00:19:00.2311283-05:00" testType="13cdc9d9-ddb5-4fa4-a97d-d965ccfc6d4b" outcome="Passed" testListId="8c84fa94-04c1-424b-9868-57a2d4851a1d" relativeResultsDirectory="99ec80cf-fd2f-4fb8-a528-50f6c46532d2" /><UnitTestResult executionId="d2e7622a-3b9d-4495-98b8-bcedc6803df2" testId="ac7ce2ac-7a93-36e8-a736-2691a6fb5e34" testName="Test036" computerName="md" duration="00:00:00.0048902" startTime="2018-11-12T00:18:59.4459837-05:00" endTime="2018-11-12T00:18:59.4509685-05:00" testType="13cdc9d9-ddb5-4fa4-a97d-d965ccfc6d4b" outcome="Passed" testListId="8c84fa94-04c1-424b-9868-57a2d4851a1d" relativeResultsDirectory="d2e7622a-3b9d-4495-98b8-bcedc6803df2" /><UnitTestResult executionId="b11019ba-d496-473d-ac32-bfc0b01d6e4c" testId="21de8eca-4fa4-3602-73d8-bd7efedca06c" testName="Test011" computerName="md" duration="00:00:00.0052699" startTime="2018-11-12T00:19:00.5924647-05:00" endTime="2018-11-12T00:19:00.5978400-05:00" testType="13cdc9d9-ddb5-4fa4-a97d-d965ccfc6d4b" outcome="Passed" testListId="8c84fa94-04c1-424b-9868-57a2d4851a1d" relativeResultsDirectory="b11019ba-d496-473d-ac32-bfc0b01d6e4c" /><UnitTestResult executionId="c131e7a3-14a6-4ab3-ade2-c49f76e613e6" testId="ca6c99b4-5113-33ce-ece0-27d6a1045d57" testName="Test018" computerName="md" duration="00:00:00.0000617" startTime="2018-11-12T00:19:03.0969632-05:00" endTime="2018-11-12T00:19:03.0971289-05:00" testType="13cdc9d9-ddb5-4fa4-a97d-d965ccfc6d4b" outcome="Passed" testListId="8c84fa94-04c1-424b-9868-57a2d4851a1d" relativeResultsDirectory="c131e7a3-14a6-4ab3-ade2-c49f76e613e6" /><UnitTestResult executionId="b5cca223-a388-4cbe-bb19-01bad6273d2a" testId="d310ec93-0bde-b042-7992-6c511b635a30" testName="Test011" computerName="md" duration="00:00:00.0037882" startTime="2018-11-12T00:19:02.2920130-05:00" endTime="2018-11-12T00:19:02.2959107-05:00" testType="13cdc9d9-ddb5-4fa4-a97d-d965ccfc6d4b" outcome="Passed" testListId="8c84fa94-04c1-424b-9868-57a2d4851a1d" relativeResultsDirectory="b5cca223-a388-4cbe-bb19-01bad6273d2a" /><UnitTestResult executionId="0c8f1148-d36a-4d80-8589-171eb19feeef" testId="62805276-83e3-105b-f407-f4d4eaf5922c" testName="Test004" computerName="md" duration="00:00:00.0003028" startTime="2018-11-12T00:19:03.3667554-05:00" endTime="2018-11-12T00:19:03.3671545-05:00" testType="13cdc9d9-ddb5-4fa4-a97d-d965ccfc6d4b" outcome="Passed" testListId="8c84fa94-04c1-424b-9868-57a2d4851a1d" relativeResultsDirectory="0c8f1148-d36a-4d80-8589-171eb19feeef" /><UnitTestResult executionId="4d302f67-5b7f-4250-a3df-6a89b0d2f8fc" testId="85d9e2c3-5c94-4fcf-9394-6156e5886593" testName="Test006" computerName="md" duration="00:00:00.0048108" startTime="2018-11-12T00:18:58.9425740-05:00" endTime="2018-11-12T00:18:58.9475102-05:00" testType="13cdc9d9-ddb5-4fa4-a97d-d965ccfc6d4b" outcome="Passed" testListId="8c84fa94-04c1-424b-9868-57a2d4851a1d" relativeResultsDirectory="4d302f67-5b7f-4250-a3df-6a89b0d2f8fc" /><UnitTestResult executionId="d9907c31-1dab-49f8-97b8-f5c9f0a49294" testId="6649c33c-5bd1-1172-5edc-fda7d7ad14cc" testName="Test014" computerName="md" duration="00:00:00.0048245" startTime="2018-11-12T00:19:00.8069956-05:00" endTime="2018-11-12T00:19:00.8119338-05:00" testType="13cdc9d9-ddb5-4fa4-a97d-d965ccfc6d4b" outcome="Passed" testListId="8c84fa94-04c1-424b-9868-57a2d4851a1d" relativeResultsDirectory="d9907c31-1dab-49f8-97b8-f5c9f0a49294" /><UnitTestResult executionId="72bef7d1-352e-488a-828c-5a75e658c8ea" testId="e89819d1-f5aa-6f8a-dbcc-4035608339a6" testName="Test001" computerName="md" duration="00:00:00.0000182" startTime="2018-11-12T00:19:03.3760975-05:00" endTime="2018-11-12T00:19:03.3762531-05:00" testType="13cdc9d9-ddb5-4fa4-a97d-d965ccfc6d4b" outcome="Passed" testListId="8c84fa94-04c1-424b-9868-57a2d4851a1d" relativeResultsDirectory="72bef7d1-352e-488a-828c-5a75e658c8ea" /><UnitTestResult executionId="ccef7ef8-0fbb-470a-9d70-667e26e7f594" testId="578eccba-cff6-8976-5f33-b8e5021e8286" testName="Test012" computerName="md" duration="00:00:00.0052323" startTime="2018-11-12T00:19:02.3795523-05:00" endTime="2018-11-12T00:19:02.3848932-05:00" testType="13cdc9d9-ddb5-4fa4-a97d-d965ccfc6d4b" outcome="Passed" testListId="8c84fa94-04c1-424b-9868-57a2d4851a1d" relativeResultsDirectory="ccef7ef8-0fbb-470a-9d70-667e26e7f594" /><UnitTestResult executionId="901ee2dc-7e26-4c75-855b-e55cc7f56041" testId="fbb6f415-9ad0-fd1e-6279-50533c753594" testName="Test046" computerName="md" duration="00:00:00.0000430" startTime="2018-11-12T00:19:03.1262238-05:00" endTime="2018-11-12T00:19:03.1263657-05:00" testType="13cdc9d9-ddb5-4fa4-a97d-d965ccfc6d4b" outcome="Passed" testListId="8c84fa94-04c1-424b-9868-57a2d4851a1d" relativeResultsDirectory="901ee2dc-7e26-4c75-855b-e55cc7f56041" /><UnitTestResult executionId="7646e7ec-148f-481d-b14c-79cf45318d1e" testId="a1e77cd8-ef62-c2d5-142b-d5350b811663" testName="Test017" computerName="md" duration="00:00:00.0054325" startTime="2018-11-12T00:19:00.6280816-05:00" endTime="2018-11-12T00:19:00.6336013-05:00" testType="13cdc9d9-ddb5-4fa4-a97d-d965ccfc6d4b" outcome="Passed" testListId="8c84fa94-04c1-424b-9868-57a2d4851a1d" relativeResultsDirectory="7646e7ec-148f-481d-b14c-79cf45318d1e" /><UnitTestResult executionId="276eaa96-d1ab-4e01-88f7-cef5ba65b0a0" testId="7f9a648a-b33f-2285-c19d-a945bec428b4" testName="Test026" computerName="md" duration="00:00:00.0036507" startTime="2018-11-12T00:19:00.9360657-05:00" endTime="2018-11-12T00:19:00.9398127-05:00" testType="13cdc9d9-ddb5-4fa4-a97d-d965ccfc6d4b" outcome="Passed" testListId="8c84fa94-04c1-424b-9868-57a2d4851a1d" relativeResultsDirectory="276eaa96-d1ab-4e01-88f7-cef5ba65b0a0" /><UnitTestResult executionId="2c8af553-f5bc-48d4-a3b3-e88c4557c334" testId="ee0aa7f6-642a-0eda-a6c2-3a83ba56dca5" testName="Test020" computerName="md" duration="00:00:00.0000232" startTime="2018-11-12T00:19:03.3253542-05:00" endTime="2018-11-12T00:19:03.3254799-05:00" testType="13cdc9d9-ddb5-4fa4-a97d-d965ccfc6d4b" outcome="Passed" testListId="8c84fa94-04c1-424b-9868-57a2d4851a1d" relativeResultsDirectory="2c8af553-f5bc-48d4-a3b3-e88c4557c334" /><UnitTestResult executionId="0d399ca5-9252-41df-bfd2-3311f0298b9b" testId="dec57507-5991-b1f7-6880-8d022bcfb10f" testName="Test030" computerName="md" duration="00:00:00.0057995" startTime="2018-11-12T00:19:02.0056251-05:00" endTime="2018-11-12T00:19:02.0115387-05:00" testType="13cdc9d9-ddb5-4fa4-a97d-d965ccfc6d4b" outcome="Passed" testListId="8c84fa94-04c1-424b-9868-57a2d4851a1d" relativeResultsDirectory="0d399ca5-9252-41df-bfd2-3311f0298b9b" /><UnitTestResult executionId="820e2540-db42-49b3-aaf5-c35fed0f5c66" testId="1a15487a-ffbb-b557-5c32-7887c894e109" testName="Test102" computerName="md" duration="00:00:00.0052866" startTime="2018-11-12T00:18:59.4897916-05:00" endTime="2018-11-12T00:18:59.4951784-05:00" testType="13cdc9d9-ddb5-4fa4-a97d-d965ccfc6d4b" outcome="Passed" testListId="8c84fa94-04c1-424b-9868-57a2d4851a1d" relativeResultsDirectory="820e2540-db42-49b3-aaf5-c35fed0f5c66" /><UnitTestResult executionId="20186dc2-e2dd-436c-9b12-9a28303b4606" testId="51695eb9-1f65-72b2-3a9d-dd5f9967f449" testName="Test149" computerName="md" duration="00:00:00.0043862" startTime="2018-11-12T00:18:59.6623087-05:00" endTime="2018-11-12T00:18:59.6668031-05:00" testType="13cdc9d9-ddb5-4fa4-a97d-d965ccfc6d4b" outcome="Passed" testListId="8c84fa94-04c1-424b-9868-57a2d4851a1d" relativeResultsDirectory="20186dc2-e2dd-436c-9b12-9a28303b4606" /><UnitTestResult executionId="cdab0144-6b61-410e-98ad-666000436653" testId="33339795-fe9b-80ad-91bb-7b1d467c07bd" testName="Test040" computerName="md" duration="00:00:00.0056730" startTime="2018-11-12T00:19:02.0675334-05:00" endTime="2018-11-12T00:19:02.0733221-05:00" testType="13cdc9d9-ddb5-4fa4-a97d-d965ccfc6d4b" outcome="Passed" testListId="8c84fa94-04c1-424b-9868-57a2d4851a1d" relativeResultsDirectory="cdab0144-6b61-410e-98ad-666000436653" /><UnitTestResult executionId="1c69002f-24e3-4050-aee0-65d60a478bde" testId="31cefdb4-2a0b-b2d0-b236-9aa4bab0569b" testName="Test309" computerName="md" duration="00:00:00.0050677" startTime="2018-11-12T00:18:59.9542037-05:00" endTime="2018-11-12T00:18:59.9593865-05:00" testType="13cdc9d9-ddb5-4fa4-a97d-d965ccfc6d4b" outcome="Passed" testListId="8c84fa94-04c1-424b-9868-57a2d4851a1d" relativeResultsDirectory="1c69002f-24e3-4050-aee0-65d60a478bde" /><UnitTestResult executionId="b76fa59d-dfba-4fd7-8f66-77a0567bebeb" testId="cdc828ed-ea87-f7d1-0cf9-42a4000c6a06" testName="Test016" computerName="md" duration="00:00:00.0002016" startTime="2018-11-12T00:19:03.3539127-05:00" endTime="2018-11-12T00:19:03.3542581-05:00" testType="13cdc9d9-ddb5-4fa4-a97d-d965ccfc6d4b" outcome="Passed" testListId="8c84fa94-04c1-424b-9868-57a2d4851a1d" relativeResultsDirectory="b76fa59d-dfba-4fd7-8f66-77a0567bebeb" /><UnitTestResult executionId="ac54bd6f-6d20-4679-8d74-4fd4f5fe10b6" testId="6789aaa0-23e1-170f-dc4a-81215aa05fdf" testName="Test031" computerName="md" duration="00:00:00.0077585" startTime="2018-11-12T00:19:01.2064364-05:00" endTime="2018-11-12T00:19:01.2142928-05:00" testType="13cdc9d9-ddb5-4fa4-a97d-d965ccfc6d4b" outcome="Passed" testListId="8c84fa94-04c1-424b-9868-57a2d4851a1d" relativeResultsDirectory="ac54bd6f-6d20-4679-8d74-4fd4f5fe10b6" /><UnitTestResult executionId="1acb4bd1-ed52-4175-abac-790b4c167e67" testId="73945302-7b5e-447a-83e1-6c9f78f2469d" testName="Test015" computerName="md" duration="00:00:00.0000791" startTime="2018-11-12T00:19:03.3535144-05:00" endTime="2018-11-12T00:19:03.3537965-05:00" testType="13cdc9d9-ddb5-4fa4-a97d-d965ccfc6d4b" outcome="Passed" testListId="8c84fa94-04c1-424b-9868-57a2d4851a1d" relativeResultsDirectory="1acb4bd1-ed52-4175-abac-790b4c167e67" /><UnitTestResult executionId="dbcf844c-fe5a-4c94-95c1-c62e5d633e29" testId="1426eeee-7b5b-0432-5023-48d69259c0e7" testName="Test006" computerName="md" duration="00:00:00.0063128" startTime="2018-11-12T00:18:57.7677039-05:00" endTime="2018-11-12T00:18:57.7742123-05:00" testType="13cdc9d9-ddb5-4fa4-a97d-d965ccfc6d4b" outcome="Passed" testListId="8c84fa94-04c1-424b-9868-57a2d4851a1d" relativeResultsDirectory="dbcf844c-fe5a-4c94-95c1-c62e5d633e29" /><UnitTestResult executionId="4f74d4ce-2551-4f5f-b5b9-133bda056d7c" testId="b79e9d61-d2cd-e26f-9337-281b62d61d43" testName="Test002" computerName="md" duration="00:00:00.0024779" startTime="2018-11-12T00:19:01.5191362-05:00" endTime="2018-11-12T00:19:01.5217051-05:00" testType="13cdc9d9-ddb5-4fa4-a97d-d965ccfc6d4b" outcome="Passed" testListId="8c84fa94-04c1-424b-9868-57a2d4851a1d" relativeResultsDirectory="4f74d4ce-2551-4f5f-b5b9-133bda056d7c" /><UnitTestResult executionId="56012ace-4f79-4bab-a848-9e755dae3518" testId="e3693124-8704-58ad-13d0-1a311c48d2e9" testName="Test034" computerName="md" duration="00:00:00.0060959" startTime="2018-11-12T00:19:01.7856988-05:00" endTime="2018-11-12T00:19:01.7921411-05:00" testType="13cdc9d9-ddb5-4fa4-a97d-d965ccfc6d4b" outcome="Passed" testListId="8c84fa94-04c1-424b-9868-57a2d4851a1d" relativeResultsDirectory="56012ace-4f79-4bab-a848-9e755dae3518" /><UnitTestResult executionId="8814e22a-3a6e-4c17-beac-b2ca88132b8d" testId="fd819c51-6ffa-bc6d-6aa7-8ef7591a5a42" testName="Test003" computerName="md" duration="00:00:00.0000106" startTime="2018-11-12T00:19:03.4049655-05:00" endTime="2018-11-12T00:19:03.4050784-05:00" testType="13cdc9d9-ddb5-4fa4-a97d-d965ccfc6d4b" outcome="Passed" testListId="8c84fa94-04c1-424b-9868-57a2d4851a1d" relativeResultsDirectory="8814e22a-3a6e-4c17-beac-b2ca88132b8d" /><UnitTestResult executionId="326d2e7f-be6a-41a1-8ac9-2ef8c7dc969f" testId="9e16127f-85ee-d305-de12-c7a67bbe0085" testName="Test028" computerName="md" duration="00:00:00.0068536" startTime="2018-11-12T00:19:00.5028721-05:00" endTime="2018-11-12T00:19:00.5098209-05:00" testType="13cdc9d9-ddb5-4fa4-a97d-d965ccfc6d4b" outcome="Passed" testListId="8c84fa94-04c1-424b-9868-57a2d4851a1d" relativeResultsDirectory="326d2e7f-be6a-41a1-8ac9-2ef8c7dc969f" /><UnitTestResult executionId="4739f03e-d029-4013-b2e6-d4cbc7602dff" testId="15cd089b-e1a9-7384-33e9-19c1ba629a81" testName="Test030" computerName="md" duration="00:00:00.0140332" startTime="2018-11-12T00:18:58.5559165-05:00" endTime="2018-11-12T00:18:58.5700687-05:00" testType="13cdc9d9-ddb5-4fa4-a97d-d965ccfc6d4b" outcome="Passed" testListId="8c84fa94-04c1-424b-9868-57a2d4851a1d" relativeResultsDirectory="4739f03e-d029-4013-b2e6-d4cbc7602dff" /><UnitTestResult executionId="612c2c74-4d76-4382-9ee9-cb4bb0765162" testId="74737c34-bd2f-92cb-5f14-e7af595b872f" testName="Test002" computerName="md" duration="00:00:00.0016637" startTime="2018-11-12T00:19:02.7492168-05:00" endTime="2018-11-12T00:19:02.7509938-05:00" testType="13cdc9d9-ddb5-4fa4-a97d-d965ccfc6d4b" outcome="Passed" testListId="8c84fa94-04c1-424b-9868-57a2d4851a1d" relativeResultsDirectory="612c2c74-4d76-4382-9ee9-cb4bb0765162" /><UnitTestResult executionId="3c66aa6c-8ed4-4a4a-9337-7414e60ac5e1" testId="4317ff14-b01c-d73f-518c-b2ad4e9f57af" testName="Test213" computerName="md" duration="00:00:00.0063764" startTime="2018-11-12T00:18:59.7570734-05:00" endTime="2018-11-12T00:18:59.7636872-05:00" testType="13cdc9d9-ddb5-4fa4-a97d-d965ccfc6d4b" outcome="Passed" testListId="8c84fa94-04c1-424b-9868-57a2d4851a1d" relativeResultsDirectory="3c66aa6c-8ed4-4a4a-9337-7414e60ac5e1" /><UnitTestResult executionId="c947f0a8-30ae-4bde-9dd4-6c353be8cf49" testId="0b865937-8fd9-434a-068d-559aaf1442d7" testName="Test056" computerName="md" duration="00:00:00.0081861" startTime="2018-11-12T00:19:02.1757099-05:00" endTime="2018-11-12T00:19:02.1840207-05:00" testType="13cdc9d9-ddb5-4fa4-a97d-d965ccfc6d4b" outcome="Passed" testListId="8c84fa94-04c1-424b-9868-57a2d4851a1d" relativeResultsDirectory="c947f0a8-30ae-4bde-9dd4-6c353be8cf49" /><UnitTestResult executionId="55145b02-d0a0-463d-8336-ca3a42f11dff" testId="0b057852-3e8a-3d3c-a489-3506e0339d86" testName="Test001" computerName="md" duration="00:00:00.0119379" startTime="2018-11-12T00:18:57.5604066-05:00" endTime="2018-11-12T00:18:57.5732344-05:00" testType="13cdc9d9-ddb5-4fa4-a97d-d965ccfc6d4b" outcome="Passed" testListId="8c84fa94-04c1-424b-9868-57a2d4851a1d" relativeResultsDirectory="55145b02-d0a0-463d-8336-ca3a42f11dff" /><UnitTestResult executionId="aed9e4bb-1469-4417-9485-ec64c37124af" testId="82c9ac4f-9a13-a2eb-5804-ee8200a7a2a3" testName="Test004" computerName="md" duration="00:00:00.0000160" startTime="2018-11-12T00:19:03.3018969-05:00" endTime="2018-11-12T00:19:03.3020189-05:00" testType="13cdc9d9-ddb5-4fa4-a97d-d965ccfc6d4b" outcome="Passed" testListId="8c84fa94-04c1-424b-9868-57a2d4851a1d" relativeResultsDirectory="aed9e4bb-1469-4417-9485-ec64c37124af" /><UnitTestResult executionId="6c501ea0-47ec-464f-a19e-aa83c9999de2" testId="f6e698d0-d746-0bd1-92ce-d16c077c0215" testName="Test001" computerName="md" duration="00:00:00.0003208" startTime="2018-11-12T00:19:03.2737128-05:00" endTime="2018-11-12T00:19:03.2745126-05:00" testType="13cdc9d9-ddb5-4fa4-a97d-d965ccfc6d4b" outcome="Passed" testListId="8c84fa94-04c1-424b-9868-57a2d4851a1d" relativeResultsDirectory="6c501ea0-47ec-464f-a19e-aa83c9999de2" /><UnitTestResult executionId="8234c998-0175-4264-812c-f786093f7829" testId="91f3c23a-de49-fffe-8f02-51675c0814fa" testName="Test014" computerName="md" duration="00:00:00.0107188" startTime="2018-11-12T00:18:58.3177474-05:00" endTime="2018-11-12T00:18:58.3287194-05:00" testType="13cdc9d9-ddb5-4fa4-a97d-d965ccfc6d4b" outcome="Passed" testListId="8c84fa94-04c1-424b-9868-57a2d4851a1d" relativeResultsDirectory="8234c998-0175-4264-812c-f786093f7829" /><UnitTestResult executionId="74642db3-a408-4796-a1b4-2b9b982c76ae" testId="0bac3ae3-e9d8-3999-1d88-95f6db6672aa" testName="Test032" computerName="md" duration="00:00:00.0028738" startTime="2018-11-12T00:19:01.7544238-05:00" endTime="2018-11-12T00:19:01.7573895-05:00" testType="13cdc9d9-ddb5-4fa4-a97d-d965ccfc6d4b" outcome="Passed" testListId="8c84fa94-04c1-424b-9868-57a2d4851a1d" relativeResultsDirectory="74642db3-a408-4796-a1b4-2b9b982c76ae" /><UnitTestResult executionId="25b934c0-0e07-40eb-b13a-a47dc3a78dcb" testId="1f5f7535-23da-7eae-4a2a-6f6d8ac5430f" testName="Test006" computerName="md" duration="00:00:00.0065383" startTime="2018-11-12T00:19:03.4528072-05:00" endTime="2018-11-12T00:19:03.4594405-05:00" testType="13cdc9d9-ddb5-4fa4-a97d-d965ccfc6d4b" outcome="Passed" testListId="8c84fa94-04c1-424b-9868-57a2d4851a1d" relativeResultsDirectory="25b934c0-0e07-40eb-b13a-a47dc3a78dcb" /><UnitTestResult executionId="04788d93-1b43-4a0e-ba12-f0999bee8ba1" testId="bf269529-62b8-2639-f6f1-d2d7a094a979" testName="Test002" computerName="md" duration="00:00:00.0001946" startTime="2018-11-12T00:19:03.1874914-05:00" endTime="2018-11-12T00:19:03.1877959-05:00" testType="13cdc9d9-ddb5-4fa4-a97d-d965ccfc6d4b" outcome="Passed" testListId="8c84fa94-04c1-424b-9868-57a2d4851a1d" relativeResultsDirectory="04788d93-1b43-4a0e-ba12-f0999bee8ba1" /><UnitTestResult executionId="058d67a3-6c51-41e0-b3bd-115c1710f880" testId="44ad207a-ad0c-cc9a-96c3-b9758a8d5547" testName="Test010" computerName="md" duration="00:00:00.0000153" startTime="2018-11-12T00:19:03.1761066-05:00" endTime="2018-11-12T00:19:03.1762277-05:00" testType="13cdc9d9-ddb5-4fa4-a97d-d965ccfc6d4b" outcome="Passed" testListId="8c84fa94-04c1-424b-9868-57a2d4851a1d" relativeResultsDirectory="058d67a3-6c51-41e0-b3bd-115c1710f880" /><UnitTestResult executionId="4e6d3092-7e64-4660-9f58-3b9ef061f718" testId="46b034d2-60b6-1a6c-a9fd-c2d59bb5e944" testName="Test005" computerName="md" duration="00:00:00.0037700" startTime="2018-11-12T00:18:59.3233398-05:00" endTime="2018-11-12T00:18:59.3272706-05:00" testType="13cdc9d9-ddb5-4fa4-a97d-d965ccfc6d4b" outcome="Passed" testListId="8c84fa94-04c1-424b-9868-57a2d4851a1d" relativeResultsDirectory="4e6d3092-7e64-4660-9f58-3b9ef061f718" /><UnitTestResult executionId="2f04c164-651f-4099-893d-3af1661486a0" testId="c2cf6eff-b51d-92af-d36b-e40cbbb55510" testName="Test248" computerName="md" duration="00:00:00.0045828" startTime="2018-11-12T00:18:59.8722230-05:00" endTime="2018-11-12T00:18:59.8769131-05:00" testType="13cdc9d9-ddb5-4fa4-a97d-d965ccfc6d4b" outcome="Passed" testListId="8c84fa94-04c1-424b-9868-57a2d4851a1d" relativeResultsDirectory="2f04c164-651f-4099-893d-3af1661486a0" /><UnitTestResult executionId="0f2f8e6d-b9b0-43a0-a2a1-829f18e04854" testId="73f0d6a8-9ac8-4466-b88c-5be2a7dc3390" testName="Test014" computerName="md" duration="00:00:00.0129270" startTime="2018-11-12T00:18:57.8495657-05:00" endTime="2018-11-12T00:18:57.8625870-05:00" testType="13cdc9d9-ddb5-4fa4-a97d-d965ccfc6d4b" outcome="Passed" testListId="8c84fa94-04c1-424b-9868-57a2d4851a1d" relativeResultsDirectory="0f2f8e6d-b9b0-43a0-a2a1-829f18e04854" /><UnitTestResult executionId="f6d015c1-044e-4f3d-a627-651d70a5674f" testId="50c75a55-ee87-78dc-2edd-8440568470c4" testName="Test012" computerName="md" duration="00:00:00.0074865" startTime="2018-11-12T00:19:00.2908277-05:00" endTime="2018-11-12T00:19:00.2984120-05:00" testType="13cdc9d9-ddb5-4fa4-a97d-d965ccfc6d4b" outcome="Passed" testListId="8c84fa94-04c1-424b-9868-57a2d4851a1d" relativeResultsDirectory="f6d015c1-044e-4f3d-a627-651d70a5674f" /><UnitTestResult executionId="bda1ed2c-19d4-4b33-bbb3-00a8efed86af" testId="0b8df8e9-d099-e38e-833e-9489720457f3" testName="Test007" computerName="md" duration="00:00:00.0000718" startTime="2018-11-12T00:19:03.3422105-05:00" endTime="2018-11-12T00:19:03.3423938-05:00" testType="13cdc9d9-ddb5-4fa4-a97d-d965ccfc6d4b" outcome="Passed" testListId="8c84fa94-04c1-424b-9868-57a2d4851a1d" relativeResultsDirectory="bda1ed2c-19d4-4b33-bbb3-00a8efed86af" /><UnitTestResult executionId="d248ab6a-b1ce-4aaf-89e9-b2dca9de624f" testId="55374959-c905-272c-a375-c47a2e7a9409" testName="Test305" computerName="md" duration="00:00:00.0051095" startTime="2018-11-12T00:18:59.9222384-05:00" endTime="2018-11-12T00:18:59.9274434-05:00" testType="13cdc9d9-ddb5-4fa4-a97d-d965ccfc6d4b" outcome="Passed" testListId="8c84fa94-04c1-424b-9868-57a2d4851a1d" relativeResultsDirectory="d248ab6a-b1ce-4aaf-89e9-b2dca9de624f" /><UnitTestResult executionId="84d3170d-cc8a-4afc-aa2b-ec6ca47d8e2d" testId="4d1040ff-aa12-6416-186d-3b902d821187" testName="Test002" computerName="md" duration="00:00:00.0000261" startTime="2018-11-12T00:19:03.1551498-05:00" endTime="2018-11-12T00:19:03.1553293-05:00" testType="13cdc9d9-ddb5-4fa4-a97d-d965ccfc6d4b" outcome="Passed" testListId="8c84fa94-04c1-424b-9868-57a2d4851a1d" relativeResultsDirectory="84d3170d-cc8a-4afc-aa2b-ec6ca47d8e2d" /><UnitTestResult executionId="ca03cb90-232f-4d3f-9604-538bdd4fe3c4" testId="da4d9c1f-1c25-322f-991a-856ea9d31bd3" testName="Test003" computerName="md" duration="00:00:00.0032924" startTime="2018-11-12T00:19:01.5994675-05:00" endTime="2018-11-12T00:19:01.6028518-05:00" testType="13cdc9d9-ddb5-4fa4-a97d-d965ccfc6d4b" outcome="Passed" testListId="8c84fa94-04c1-424b-9868-57a2d4851a1d" relativeResultsDirectory="ca03cb90-232f-4d3f-9604-538bdd4fe3c4" /><UnitTestResult executionId="d98b4de0-27aa-4f64-ab36-78f884330945" testId="f3ccafd7-8cc2-c783-11c1-30bb153c9d58" testName="Test003" computerName="md" duration="00:00:00.0004172" startTime="2018-11-12T00:19:03.0268696-05:00" endTime="2018-11-12T00:19:03.0273984-05:00" testType="13cdc9d9-ddb5-4fa4-a97d-d965ccfc6d4b" outcome="Passed" testListId="8c84fa94-04c1-424b-9868-57a2d4851a1d" relativeResultsDirectory="d98b4de0-27aa-4f64-ab36-78f884330945" /><UnitTestResult executionId="b6f3865e-740d-45ff-a247-5143b6b039f0" testId="bb6109e7-ad79-ebfe-a051-823a1bfbc8bd" testName="Test012" computerName="md" duration="00:00:00.0038405" startTime="2018-11-12T00:18:59.3627929-05:00" endTime="2018-11-12T00:18:59.3667935-05:00" testType="13cdc9d9-ddb5-4fa4-a97d-d965ccfc6d4b" outcome="Passed" testListId="8c84fa94-04c1-424b-9868-57a2d4851a1d" relativeResultsDirectory="b6f3865e-740d-45ff-a247-5143b6b039f0" /><UnitTestResult executionId="69a71524-b87e-40ae-8c4a-512676078b4f" testId="8ed88abc-57b2-9d25-3821-891bb731afc0" testName="Test010" computerName="md" duration="00:00:00.0002114" startTime="2018-11-12T00:19:01.8251290-05:00" endTime="2018-11-12T00:19:01.8254357-05:00" testType="13cdc9d9-ddb5-4fa4-a97d-d965ccfc6d4b" outcome="Passed" testListId="8c84fa94-04c1-424b-9868-57a2d4851a1d" relativeResultsDirectory="69a71524-b87e-40ae-8c4a-512676078b4f" /><UnitTestResult executionId="ae998bde-0f3a-402a-ac4c-607357a2b7c9" testId="8e835047-9f69-169c-50b6-8b85ea3c5d93" testName="Test003" computerName="md" duration="00:00:00.0053766" startTime="2018-11-12T00:19:02.3298950-05:00" endTime="2018-11-12T00:19:02.3353848-05:00" testType="13cdc9d9-ddb5-4fa4-a97d-d965ccfc6d4b" outcome="Passed" testListId="8c84fa94-04c1-424b-9868-57a2d4851a1d" relativeResultsDirectory="ae998bde-0f3a-402a-ac4c-607357a2b7c9" /><UnitTestResult executionId="0650613a-9920-4c5a-8298-1238eee165cf" testId="3a33c2f1-3c80-f24d-420c-3e4cafb8cdf9" testName="Test010" computerName="md" duration="00:00:00.0026087" startTime="2018-11-12T00:19:02.2890505-05:00" endTime="2018-11-12T00:19:02.2920001-05:00" testType="13cdc9d9-ddb5-4fa4-a97d-d965ccfc6d4b" outcome="Passed" testListId="8c84fa94-04c1-424b-9868-57a2d4851a1d" relativeResultsDirectory="0650613a-9920-4c5a-8298-1238eee165cf" /><UnitTestResult executionId="0a452cbe-3998-46d1-836b-93f6c4221030" testId="d4dce92d-4156-8383-1e95-bec7bdb5e6c9" testName="Test061" computerName="md" duration="00:00:00.0004958" startTime="2018-11-12T00:18:59.1501334-05:00" endTime="2018-11-12T00:18:59.1507433-05:00" testType="13cdc9d9-ddb5-4fa4-a97d-d965ccfc6d4b" outcome="Passed" testListId="8c84fa94-04c1-424b-9868-57a2d4851a1d" relativeResultsDirectory="0a452cbe-3998-46d1-836b-93f6c4221030" /><UnitTestResult executionId="b56a3e34-aa19-438c-901c-aea0550f27bf" testId="735e0884-6196-40e2-dbba-673ba1e2e9cb" testName="Test020" computerName="md" duration="00:00:00.0000261" startTime="2018-11-12T00:19:03.3547459-05:00" endTime="2018-11-12T00:19:03.3548740-05:00" testType="13cdc9d9-ddb5-4fa4-a97d-d965ccfc6d4b" outcome="Passed" testListId="8c84fa94-04c1-424b-9868-57a2d4851a1d" relativeResultsDirectory="b56a3e34-aa19-438c-901c-aea0550f27bf" /><UnitTestResult executionId="bad819a4-a6c7-4d68-a043-5977e230362a" testId="e3b10778-9ca0-58c5-f3a3-28e17855d3d5" testName="Test041" computerName="md" duration="00:00:00.0042253" startTime="2018-11-12T00:19:01.5581986-05:00" endTime="2018-11-12T00:19:01.5625138-05:00" testType="13cdc9d9-ddb5-4fa4-a97d-d965ccfc6d4b" outcome="Passed" testListId="8c84fa94-04c1-424b-9868-57a2d4851a1d" relativeResultsDirectory="bad819a4-a6c7-4d68-a043-5977e230362a" /><UnitTestResult executionId="2f52c5f3-365a-41cb-b9d7-f51e91d2dabf" testId="7cd768d1-f57f-d9cf-6d43-7da8e2a4d4c4" testName="Test001" computerName="md" duration="00:00:00.0005213" startTime="2018-11-12T00:19:01.7960923-05:00" endTime="2018-11-12T00:19:01.7971865-05:00" testType="13cdc9d9-ddb5-4fa4-a97d-d965ccfc6d4b" outcome="Passed" testListId="8c84fa94-04c1-424b-9868-57a2d4851a1d" relativeResultsDirectory="2f52c5f3-365a-41cb-b9d7-f51e91d2dabf" /><UnitTestResult executionId="4ad7126f-dabd-4a26-976a-dc64d6b2788a" testId="54c6494d-581a-3df1-599c-3e1e996b01ad" testName="Test001" computerName="md" duration="00:00:00.0005960" startTime="2018-11-12T00:19:03.2620722-05:00" endTime="2018-11-12T00:19:03.2631561-05:00" testType="13cdc9d9-ddb5-4fa4-a97d-d965ccfc6d4b" outcome="Passed" testListId="8c84fa94-04c1-424b-9868-57a2d4851a1d" relativeResultsDirectory="4ad7126f-dabd-4a26-976a-dc64d6b2788a" /><UnitTestResult executionId="50fddd65-6618-4730-947f-bbd11c3f11be" testId="9e145108-18df-f6b9-fd1d-d8dcf4e9ed86" testName="Test021" computerName="md" duration="00:00:00.0000481" startTime="2018-11-12T00:19:03.2541625-05:00" endTime="2018-11-12T00:19:03.2543075-05:00" testType="13cdc9d9-ddb5-4fa4-a97d-d965ccfc6d4b" outcome="Passed" testListId="8c84fa94-04c1-424b-9868-57a2d4851a1d" relativeResultsDirectory="50fddd65-6618-4730-947f-bbd11c3f11be" /><UnitTestResult executionId="297f9cbe-e84d-419f-bd39-d40764eb8390" testId="279d6097-19dd-3363-dcae-f915adbcc4a4" testName="Test004" computerName="md" duration="00:00:00.0000088" startTime="2018-11-12T00:19:03.4051004-05:00" endTime="2018-11-12T00:19:03.4052115-05:00" testType="13cdc9d9-ddb5-4fa4-a97d-d965ccfc6d4b" outcome="Passed" testListId="8c84fa94-04c1-424b-9868-57a2d4851a1d" relativeResultsDirectory="297f9cbe-e84d-419f-bd39-d40764eb8390" /><UnitTestResult executionId="7978e405-c3f8-4ce7-a4ca-af56061287c9" testId="8048e3de-75c7-8e83-6945-25e1a63e78b5" testName="Test007" computerName="md" duration="00:00:00.0038658" startTime="2018-11-12T00:19:00.8504468-05:00" endTime="2018-11-12T00:19:00.8544034-05:00" testType="13cdc9d9-ddb5-4fa4-a97d-d965ccfc6d4b" outcome="Passed" testListId="8c84fa94-04c1-424b-9868-57a2d4851a1d" relativeResultsDirectory="7978e405-c3f8-4ce7-a4ca-af56061287c9" /><UnitTestResult executionId="c4a7ac58-20d8-4305-82d3-f29ce3965a84" testId="d78b1cc7-c23e-ac3a-174e-48fa014069c1" testName="Test018" computerName="md" duration="00:00:00.0000194" startTime="2018-11-12T00:19:03.3129847-05:00" endTime="2018-11-12T00:19:03.3131217-05:00" testType="13cdc9d9-ddb5-4fa4-a97d-d965ccfc6d4b" outcome="Passed" testListId="8c84fa94-04c1-424b-9868-57a2d4851a1d" relativeResultsDirectory="c4a7ac58-20d8-4305-82d3-f29ce3965a84" /><UnitTestResult executionId="2d3b1f3f-60ec-4445-8f3e-0dec24815347" testId="3ed02644-71f1-f4b3-a54a-d03c30f11f90" testName="Test008" computerName="md" duration="00:00:00.0054495" startTime="2018-11-12T00:19:01.8956772-05:00" endTime="2018-11-12T00:19:01.9012381-05:00" testType="13cdc9d9-ddb5-4fa4-a97d-d965ccfc6d4b" outcome="Passed" testListId="8c84fa94-04c1-424b-9868-57a2d4851a1d" relativeResultsDirectory="2d3b1f3f-60ec-4445-8f3e-0dec24815347" /><UnitTestResult executionId="419ff684-a30e-433a-844d-9efe6e86f0ed" testId="43a2e2fe-e0cd-7228-123f-0ef716f40f57" testName="Test009" computerName="md" duration="00:00:00.0054172" startTime="2018-11-12T00:19:00.2656983-05:00" endTime="2018-11-12T00:19:00.2712002-05:00" testType="13cdc9d9-ddb5-4fa4-a97d-d965ccfc6d4b" outcome="Passed" testListId="8c84fa94-04c1-424b-9868-57a2d4851a1d" relativeResultsDirectory="419ff684-a30e-433a-844d-9efe6e86f0ed" /><UnitTestResult executionId="5620179d-5102-4cba-82b6-db4eb4c97ffa" testId="70c67809-c753-0cbf-bc13-892bc20e08d7" testName="Test054" computerName="md" duration="00:00:00.0051635" startTime="2018-11-12T00:19:02.1649176-05:00" endTime="2018-11-12T00:19:02.1701973-05:00" testType="13cdc9d9-ddb5-4fa4-a97d-d965ccfc6d4b" outcome="Passed" testListId="8c84fa94-04c1-424b-9868-57a2d4851a1d" relativeResultsDirectory="5620179d-5102-4cba-82b6-db4eb4c97ffa" /><UnitTestResult executionId="e24db692-a7e8-4578-9043-9ce0577ed874" testId="a07eea32-f6d2-0fcb-9f3d-a19f61b4bcbe" testName="Test003" computerName="md" duration="00:00:00.0000336" startTime="2018-11-12T00:19:03.3819274-05:00" endTime="2018-11-12T00:19:03.3820601-05:00" testType="13cdc9d9-ddb5-4fa4-a97d-d965ccfc6d4b" outcome="Passed" testListId="8c84fa94-04c1-424b-9868-57a2d4851a1d" relativeResultsDirectory="e24db692-a7e8-4578-9043-9ce0577ed874" /><UnitTestResult executionId="f3fc6c5b-8dec-45b7-bb1f-aae376f825b1" testId="e7c00e44-8a95-bcb4-0aed-26bc790c858c" testName="Test016" computerName="md" duration="00:00:00.0000183" startTime="2018-11-12T00:19:03.3126970-05:00" endTime="2018-11-12T00:19:03.3128234-05:00" testType="13cdc9d9-ddb5-4fa4-a97d-d965ccfc6d4b" outcome="Passed" testListId="8c84fa94-04c1-424b-9868-57a2d4851a1d" relativeResultsDirectory="f3fc6c5b-8dec-45b7-bb1f-aae376f825b1" /><UnitTestResult executionId="c70297e5-16a0-4243-b1a7-beedf40b0216" testId="a23de17d-6ab7-0bc9-4a2a-e92d8a31f890" testName="Test015" computerName="md" duration="00:00:00.0171246" startTime="2018-11-12T00:18:57.8700015-05:00" endTime="2018-11-12T00:18:57.8872330-05:00" testType="13cdc9d9-ddb5-4fa4-a97d-d965ccfc6d4b" outcome="Passed" testListId="8c84fa94-04c1-424b-9868-57a2d4851a1d" relativeResultsDirectory="c70297e5-16a0-4243-b1a7-beedf40b0216" /><UnitTestResult executionId="5d62da0e-41e1-448e-aec4-22f2133dc3c4" testId="3908bf64-cc0c-ef48-2031-3ade37673e09" testName="Test024" computerName="md" duration="00:00:00.0000367" startTime="2018-11-12T00:19:03.3640404-05:00" endTime="2018-11-12T00:19:03.3641876-05:00" testType="13cdc9d9-ddb5-4fa4-a97d-d965ccfc6d4b" outcome="Passed" testListId="8c84fa94-04c1-424b-9868-57a2d4851a1d" relativeResultsDirectory="5d62da0e-41e1-448e-aec4-22f2133dc3c4" /><UnitTestResult executionId="b24ce53c-607e-463e-94f9-4c3245c02565" testId="10cd2fa7-0ec6-0ce7-8bb0-505665380e9e" testName="Test027" computerName="md" duration="00:00:00.0120939" startTime="2018-11-12T00:18:58.0508109-05:00" endTime="2018-11-12T00:18:58.0630840-05:00" testType="13cdc9d9-ddb5-4fa4-a97d-d965ccfc6d4b" outcome="Passed" testListId="8c84fa94-04c1-424b-9868-57a2d4851a1d" relativeResultsDirectory="b24ce53c-607e-463e-94f9-4c3245c02565" /><UnitTestResult executionId="b13eb044-ba6b-457d-b7cf-9897a7d4e420" testId="37b5de01-4dd1-32e5-a061-f2e00d4a13de" testName="Test005" computerName="md" duration="00:00:00.0042322" startTime="2018-11-12T00:19:00.1118604-05:00" endTime="2018-11-12T00:19:00.1162158-05:00" testType="13cdc9d9-ddb5-4fa4-a97d-d965ccfc6d4b" outcome="Passed" testListId="8c84fa94-04c1-424b-9868-57a2d4851a1d" relativeResultsDirectory="b13eb044-ba6b-457d-b7cf-9897a7d4e420" /><UnitTestResult executionId="e84796df-bc65-42f7-bedf-d641b7d2ca68" testId="af60c266-744f-2afa-507d-f81771af9c20" testName="Test033" computerName="md" duration="00:00:00.0021052" startTime="2018-11-12T00:19:01.5559685-05:00" endTime="2018-11-12T00:19:01.5581716-05:00" testType="13cdc9d9-ddb5-4fa4-a97d-d965ccfc6d4b" outcome="Passed" testListId="8c84fa94-04c1-424b-9868-57a2d4851a1d" relativeResultsDirectory="e84796df-bc65-42f7-bedf-d641b7d2ca68" /><UnitTestResult executionId="49db60cb-d3b2-46fd-bc1a-32cf97845864" testId="e4ef948f-8f64-100d-3b33-5606ed605d01" testName="Test026" computerName="md" duration="00:00:00.0000387" startTime="2018-11-12T00:19:03.3643569-05:00" endTime="2018-11-12T00:19:03.3644931-05:00" testType="13cdc9d9-ddb5-4fa4-a97d-d965ccfc6d4b" outcome="Passed" testListId="8c84fa94-04c1-424b-9868-57a2d4851a1d" relativeResultsDirectory="49db60cb-d3b2-46fd-bc1a-32cf97845864" /><UnitTestResult executionId="5456bb1f-fd48-4c48-8235-95568423a94f" testId="f7487d98-deee-db45-9fab-890a2ea59153" testName="Test028" computerName="md" duration="00:00:00.0128210" startTime="2018-11-12T00:18:58.0631023-05:00" endTime="2018-11-12T00:18:58.0761020-05:00" testType="13cdc9d9-ddb5-4fa4-a97d-d965ccfc6d4b" outcome="Passed" testListId="8c84fa94-04c1-424b-9868-57a2d4851a1d" relativeResultsDirectory="5456bb1f-fd48-4c48-8235-95568423a94f" /><UnitTestResult executionId="ef9c4bf8-2747-44cd-9130-4ffefa552a1f" testId="a6ed6878-eef1-b8f5-46d6-abdc42f20324" testName="Test053" computerName="md" duration="00:00:00.0013191" startTime="2018-11-12T00:18:58.6960792-05:00" endTime="2018-11-12T00:18:58.6974888-05:00" testType="13cdc9d9-ddb5-4fa4-a97d-d965ccfc6d4b" outcome="Passed" testListId="8c84fa94-04c1-424b-9868-57a2d4851a1d" relativeResultsDirectory="ef9c4bf8-2747-44cd-9130-4ffefa552a1f" /><UnitTestResult executionId="75e62395-3129-4d76-82fa-13bd4c55fe6e" testId="f83a4d41-eda8-4fb2-517d-473117d9f084" testName="Test010" computerName="md" duration="00:00:00.0001681" startTime="2018-11-12T00:19:03.0442069-05:00" endTime="2018-11-12T00:19:03.0444877-05:00" testType="13cdc9d9-ddb5-4fa4-a97d-d965ccfc6d4b" outcome="Passed" testListId="8c84fa94-04c1-424b-9868-57a2d4851a1d" relativeResultsDirectory="75e62395-3129-4d76-82fa-13bd4c55fe6e" /><UnitTestResult executionId="1e901326-f91e-4e34-b306-e9238909111a" testId="795481b6-8e1b-4ffb-31bd-409fd09aa23d" testName="Test008" computerName="md" duration="00:00:00.0000223" startTime="2018-11-12T00:19:03.3024697-05:00" endTime="2018-11-12T00:19:03.3025933-05:00" testType="13cdc9d9-ddb5-4fa4-a97d-d965ccfc6d4b" outcome="Passed" testListId="8c84fa94-04c1-424b-9868-57a2d4851a1d" relativeResultsDirectory="1e901326-f91e-4e34-b306-e9238909111a" /><UnitTestResult executionId="1a68e727-0f85-4ff8-9315-6a9d3e99417d" testId="8bf0dc94-3850-63e2-4dd3-c25f90b2f8fd" testName="Test017" computerName="md" duration="00:00:00.0047048" startTime="2018-11-12T00:19:01.6644879-05:00" endTime="2018-11-12T00:19:01.6693073-05:00" testType="13cdc9d9-ddb5-4fa4-a97d-d965ccfc6d4b" outcome="Passed" testListId="8c84fa94-04c1-424b-9868-57a2d4851a1d" relativeResultsDirectory="1a68e727-0f85-4ff8-9315-6a9d3e99417d" /><UnitTestResult executionId="773d1e00-df86-4449-b76a-1cfe75dc5146" testId="3212ac7a-89cf-5420-32f2-a8cb15914c10" testName="Test001" computerName="md" duration="00:00:00.0003640" startTime="2018-11-12T00:19:02.9255623-05:00" endTime="2018-11-12T00:19:02.9262947-05:00" testType="13cdc9d9-ddb5-4fa4-a97d-d965ccfc6d4b" outcome="Passed" testListId="8c84fa94-04c1-424b-9868-57a2d4851a1d" relativeResultsDirectory="773d1e00-df86-4449-b76a-1cfe75dc5146" /><UnitTestResult executionId="2d59f1cb-3e08-4020-8312-5e06dfcb933e" testId="4b1aa57c-3d20-da6f-cc78-dcdd3a759bd4" testName="Test013" computerName="md" duration="00:00:00.0048909" startTime="2018-11-12T00:19:00.3661274-05:00" endTime="2018-11-12T00:19:00.3711246-05:00" testType="13cdc9d9-ddb5-4fa4-a97d-d965ccfc6d4b" outcome="Passed" testListId="8c84fa94-04c1-424b-9868-57a2d4851a1d" relativeResultsDirectory="2d59f1cb-3e08-4020-8312-5e06dfcb933e" /><UnitTestResult executionId="76a221d1-59b9-496e-b0ec-656312ace860" testId="f202d7ca-bd69-b07e-4d1b-c46f797f847c" testName="Test071" computerName="md" duration="00:00:00.0037907" startTime="2018-11-12T00:18:58.7116068-05:00" endTime="2018-11-12T00:18:58.7155279-05:00" testType="13cdc9d9-ddb5-4fa4-a97d-d965ccfc6d4b" outcome="Passed" testListId="8c84fa94-04c1-424b-9868-57a2d4851a1d" relativeResultsDirectory="76a221d1-59b9-496e-b0ec-656312ace860" /><UnitTestResult executionId="c2bde6da-48a8-4048-9c98-951c222a8344" testId="97b1ec5a-f913-522b-b59b-8f797cbfa91d" testName="Test015" computerName="md" duration="00:00:00.0132606" startTime="2018-11-12T00:19:03.5296085-05:00" endTime="2018-11-12T00:19:03.5431694-05:00" testType="13cdc9d9-ddb5-4fa4-a97d-d965ccfc6d4b" outcome="Passed" testListId="8c84fa94-04c1-424b-9868-57a2d4851a1d" relativeResultsDirectory="c2bde6da-48a8-4048-9c98-951c222a8344" /><UnitTestResult executionId="517b9571-1898-46db-b8ab-aa9f9a76cbd1" testId="c952d74f-519e-66e0-225e-2078c13ce5e7" testName="Test040" computerName="md" duration="00:00:00.0000832" startTime="2018-11-12T00:19:03.1251265-05:00" endTime="2018-11-12T00:19:03.1253221-05:00" testType="13cdc9d9-ddb5-4fa4-a97d-d965ccfc6d4b" outcome="Passed" testListId="8c84fa94-04c1-424b-9868-57a2d4851a1d" relativeResultsDirectory="517b9571-1898-46db-b8ab-aa9f9a76cbd1" /><UnitTestResult executionId="ae41f013-30b9-49c7-b21f-76d988069943" testId="4036e2d6-cfe0-05ee-8e69-43aae4170144" testName="Test052" computerName="md" duration="00:00:00.0054403" startTime="2018-11-12T00:19:02.1529441-05:00" endTime="2018-11-12T00:19:02.1586128-05:00" testType="13cdc9d9-ddb5-4fa4-a97d-d965ccfc6d4b" outcome="Passed" testListId="8c84fa94-04c1-424b-9868-57a2d4851a1d" relativeResultsDirectory="ae41f013-30b9-49c7-b21f-76d988069943" /><UnitTestResult executionId="f3947c8d-67a5-4f7b-a075-7f955850bc81" testId="ed7c47c4-30f6-4944-b4a5-42cd6ad82350" testName="Test005" computerName="md" duration="00:00:00.0002296" startTime="2018-11-12T00:19:02.2300666-05:00" endTime="2018-11-12T00:19:02.2304007-05:00" testType="13cdc9d9-ddb5-4fa4-a97d-d965ccfc6d4b" outcome="Passed" testListId="8c84fa94-04c1-424b-9868-57a2d4851a1d" relativeResultsDirectory="f3947c8d-67a5-4f7b-a075-7f955850bc81" /><UnitTestResult executionId="d60d5ccc-64c7-45e5-95da-f0f11ef71aac" testId="d33922e6-5228-2939-4028-5264cd9721d6" testName="Test015" computerName="md" duration="00:00:00.0056908" startTime="2018-11-12T00:19:00.3768125-05:00" endTime="2018-11-12T00:19:00.3825894-05:00" testType="13cdc9d9-ddb5-4fa4-a97d-d965ccfc6d4b" outcome="Passed" testListId="8c84fa94-04c1-424b-9868-57a2d4851a1d" relativeResultsDirectory="d60d5ccc-64c7-45e5-95da-f0f11ef71aac" /><UnitTestResult executionId="05c07a54-57b2-43fb-be35-ae54432ff8b9" testId="f3b8df70-c353-2e2a-9738-ef6c7f19653a" testName="Test001" computerName="md" duration="00:00:00.0003330" startTime="2018-11-12T00:19:03.3258006-05:00" endTime="2018-11-12T00:19:03.3267470-05:00" testType="13cdc9d9-ddb5-4fa4-a97d-d965ccfc6d4b" outcome="Passed" testListId="8c84fa94-04c1-424b-9868-57a2d4851a1d" relativeResultsDirectory="05c07a54-57b2-43fb-be35-ae54432ff8b9" /><UnitTestResult executionId="e2c1fe41-0b28-4d6c-bde2-dbf98b21d01f" testId="5a622c44-9a2c-3963-0cef-d2351c2bbc02" testName="Test016" computerName="md" duration="00:00:00.0002055" startTime="2018-11-12T00:19:03.0556768-05:00" endTime="2018-11-12T00:19:03.0560002-05:00" testType="13cdc9d9-ddb5-4fa4-a97d-d965ccfc6d4b" outcome="Passed" testListId="8c84fa94-04c1-424b-9868-57a2d4851a1d" relativeResultsDirectory="e2c1fe41-0b28-4d6c-bde2-dbf98b21d01f" /><UnitTestResult executionId="c2630bd7-5057-4376-a91d-ec1d8ed43193" testId="17cacea9-61cf-1e12-5e2d-30e10abbee82" testName="Test042" computerName="md" duration="00:00:00.0000201" startTime="2018-11-12T00:19:03.3912409-05:00" endTime="2018-11-12T00:19:03.3913618-05:00" testType="13cdc9d9-ddb5-4fa4-a97d-d965ccfc6d4b" outcome="Passed" testListId="8c84fa94-04c1-424b-9868-57a2d4851a1d" relativeResultsDirectory="c2630bd7-5057-4376-a91d-ec1d8ed43193" /><UnitTestResult executionId="d08214ce-3837-4634-b6f2-8faf390cfba2" testId="2570a6b7-2268-99ca-72ef-9a13e122e8c2" testName="Test004" computerName="md" duration="00:00:00.0041355" startTime="2018-11-12T00:18:58.9320517-05:00" endTime="2018-11-12T00:18:58.9362879-05:00" testType="13cdc9d9-ddb5-4fa4-a97d-d965ccfc6d4b" outcome="Passed" testListId="8c84fa94-04c1-424b-9868-57a2d4851a1d" relativeResultsDirectory="d08214ce-3837-4634-b6f2-8faf390cfba2" /><UnitTestResult executionId="3d287f4c-346c-4c70-9470-4001d1d94552" testId="20162908-4de4-5fce-c10e-93a3a72bda90" testName="Test008" computerName="md" duration="00:00:00.0000095" startTime="2018-11-12T00:19:03.0678944-05:00" endTime="2018-11-12T00:19:03.0680081-05:00" testType="13cdc9d9-ddb5-4fa4-a97d-d965ccfc6d4b" outcome="Passed" testListId="8c84fa94-04c1-424b-9868-57a2d4851a1d" relativeResultsDirectory="3d287f4c-346c-4c70-9470-4001d1d94552" /><UnitTestResult executionId="67395fa6-65af-45b3-be4d-8a34b512a6a2" testId="00bed00a-94e8-c125-8998-cf91f6103a5c" testName="Test010" computerName="md" duration="00:00:00.0000095" startTime="2018-11-12T00:19:03.0681457-05:00" endTime="2018-11-12T00:19:03.0682590-05:00" testType="13cdc9d9-ddb5-4fa4-a97d-d965ccfc6d4b" outcome="Passed" testListId="8c84fa94-04c1-424b-9868-57a2d4851a1d" relativeResultsDirectory="67395fa6-65af-45b3-be4d-8a34b512a6a2" /><UnitTestResult executionId="b40e2c40-17ae-4b0a-86ff-1c5c647ca999" testId="3723906b-a561-3b3d-77da-ddcd0f4f6644" testName="Test046" computerName="md" duration="00:00:00.0060067" startTime="2018-11-12T00:19:01.3763389-05:00" endTime="2018-11-12T00:19:01.3824665-05:00" testType="13cdc9d9-ddb5-4fa4-a97d-d965ccfc6d4b" outcome="Passed" testListId="8c84fa94-04c1-424b-9868-57a2d4851a1d" relativeResultsDirectory="b40e2c40-17ae-4b0a-86ff-1c5c647ca999" /><UnitTestResult executionId="72aed051-2c4c-48b6-adaf-db45cf8e0541" testId="b38989c3-3784-cb27-3308-dd971f0d50fb" testName="Test005" computerName="md" duration="00:00:00.0000924" startTime="2018-11-12T00:19:03.3273012-05:00" endTime="2018-11-12T00:19:03.3275512-05:00" testType="13cdc9d9-ddb5-4fa4-a97d-d965ccfc6d4b" outcome="Passed" testListId="8c84fa94-04c1-424b-9868-57a2d4851a1d" relativeResultsDirectory="72aed051-2c4c-48b6-adaf-db45cf8e0541" /><UnitTestResult executionId="3f6b1200-746d-4d78-9c4f-ce922dc7334d" testId="af75e3d8-68de-8f64-7e6f-40a7b2f81ca9" testName="Test003" computerName="md" duration="00:00:00.0062581" startTime="2018-11-12T00:19:02.9470202-05:00" endTime="2018-11-12T00:19:02.9533975-05:00" testType="13cdc9d9-ddb5-4fa4-a97d-d965ccfc6d4b" outcome="Passed" testListId="8c84fa94-04c1-424b-9868-57a2d4851a1d" relativeResultsDirectory="3f6b1200-746d-4d78-9c4f-ce922dc7334d" /><UnitTestResult executionId="9433175b-714c-4606-8148-d762b650ef70" testId="67028ef5-f361-726b-f485-cace252b39be" testName="Test003" computerName="md" duration="00:00:00.0014120" startTime="2018-11-12T00:19:02.5877922-05:00" endTime="2018-11-12T00:19:02.5893923-05:00" testType="13cdc9d9-ddb5-4fa4-a97d-d965ccfc6d4b" outcome="Passed" testListId="8c84fa94-04c1-424b-9868-57a2d4851a1d" relativeResultsDirectory="9433175b-714c-4606-8148-d762b650ef70" /><UnitTestResult executionId="093da5d6-8464-43ff-9d63-39488f550567" testId="9dbf5ec8-e480-7bc8-bdb2-4ea6f4dce5df" testName="Test007" computerName="md" duration="00:00:00.0063829" startTime="2018-11-12T00:18:58.2395411-05:00" endTime="2018-11-12T00:18:58.2460851-05:00" testType="13cdc9d9-ddb5-4fa4-a97d-d965ccfc6d4b" outcome="Passed" testListId="8c84fa94-04c1-424b-9868-57a2d4851a1d" relativeResultsDirectory="093da5d6-8464-43ff-9d63-39488f550567" /><UnitTestResult executionId="1e677f32-e501-47ec-9d15-1bd2dd1dd55c" testId="1b1e13ad-f41e-f394-284a-8e94a0bf392e" testName="Test026" computerName="md" duration="00:00:00.0062856" startTime="2018-11-12T00:19:00.7179675-05:00" endTime="2018-11-12T00:19:00.7244911-05:00" testType="13cdc9d9-ddb5-4fa4-a97d-d965ccfc6d4b" outcome="Passed" testListId="8c84fa94-04c1-424b-9868-57a2d4851a1d" relativeResultsDirectory="1e677f32-e501-47ec-9d15-1bd2dd1dd55c" /><UnitTestResult executionId="f3a8c5ae-5524-439d-80ee-7c214ec5eed4" testId="ad60ed5a-c7a2-591d-d440-41f6d216fee5" testName="Test010" computerName="md" duration="00:00:00.0045528" startTime="2018-11-12T00:19:00.3510086-05:00" endTime="2018-11-12T00:19:00.3556580-05:00" testType="13cdc9d9-ddb5-4fa4-a97d-d965ccfc6d4b" outcome="Passed" testListId="8c84fa94-04c1-424b-9868-57a2d4851a1d" relativeResultsDirectory="f3a8c5ae-5524-439d-80ee-7c214ec5eed4" /><UnitTestResult executionId="981ab33d-4be7-4aa2-a8cc-7142f7064b19" testId="9b4ff1ab-e9c0-87a8-e751-7f2d520e4675" testName="Test001" computerName="md" duration="00:00:00.0002611" startTime="2018-11-12T00:19:03.0568442-05:00" endTime="2018-11-12T00:19:03.0577842-05:00" testType="13cdc9d9-ddb5-4fa4-a97d-d965ccfc6d4b" outcome="Passed" testListId="8c84fa94-04c1-424b-9868-57a2d4851a1d" relativeResultsDirectory="981ab33d-4be7-4aa2-a8cc-7142f7064b19" /><UnitTestResult executionId="4178b9ac-299a-41c8-8403-6b5ff415e7a9" testId="236a9bff-cb44-9dcf-5b9d-09de92c4e42c" testName="Test237" computerName="md" duration="00:00:00.0045847" startTime="2018-11-12T00:18:59.8629410-05:00" endTime="2018-11-12T00:18:59.8676473-05:00" testType="13cdc9d9-ddb5-4fa4-a97d-d965ccfc6d4b" outcome="Passed" testListId="8c84fa94-04c1-424b-9868-57a2d4851a1d" relativeResultsDirectory="4178b9ac-299a-41c8-8403-6b5ff415e7a9" /><UnitTestResult executionId="6ae711fb-14d2-40a1-adaa-13305fb8484a" testId="cd158ce9-d5a9-3c9b-4ab6-c73d4d0650d2" testName="Test004" computerName="md" duration="00:00:00.0014264" startTime="2018-11-12T00:19:02.6672638-05:00" endTime="2018-11-12T00:19:02.6687940-05:00" testType="13cdc9d9-ddb5-4fa4-a97d-d965ccfc6d4b" outcome="Passed" testListId="8c84fa94-04c1-424b-9868-57a2d4851a1d" relativeResultsDirectory="6ae711fb-14d2-40a1-adaa-13305fb8484a" /><UnitTestResult executionId="88497fef-e153-4e6b-b6a3-cf5561090d63" testId="18ea4d58-39b1-f4b8-b7f2-dd2088452f93" testName="Test042" computerName="md" duration="00:00:00.0055544" startTime="2018-11-12T00:19:02.0790581-05:00" endTime="2018-11-12T00:19:02.0847274-05:00" testType="13cdc9d9-ddb5-4fa4-a97d-d965ccfc6d4b" outcome="Passed" testListId="8c84fa94-04c1-424b-9868-57a2d4851a1d" relativeResultsDirectory="88497fef-e153-4e6b-b6a3-cf5561090d63" /><UnitTestResult executionId="28c9054b-ebeb-4a7a-a4e3-6617e975896a" testId="3b72efa0-e4ce-9ade-8154-54cdc3ed8633" testName="Test044" computerName="md" duration="00:00:00.0000390" startTime="2018-11-12T00:19:03.1259161-05:00" endTime="2018-11-12T00:19:03.1260548-05:00" testType="13cdc9d9-ddb5-4fa4-a97d-d965ccfc6d4b" outcome="Passed" testListId="8c84fa94-04c1-424b-9868-57a2d4851a1d" relativeResultsDirectory="28c9054b-ebeb-4a7a-a4e3-6617e975896a" /><UnitTestResult executionId="cecb643f-91a3-4d49-8e34-c20f2c2b31f3" testId="9d51f0ea-b5a3-1c0e-eda3-ec5f2eda1c41" testName="Test007" computerName="md" duration="00:00:00.0000264" startTime="2018-11-12T00:19:03.3023136-05:00" endTime="2018-11-12T00:19:03.3024536-05:00" testType="13cdc9d9-ddb5-4fa4-a97d-d965ccfc6d4b" outcome="Passed" testListId="8c84fa94-04c1-424b-9868-57a2d4851a1d" relativeResultsDirectory="cecb643f-91a3-4d49-8e34-c20f2c2b31f3" /><UnitTestResult executionId="e120543f-5540-4080-a469-8731b757197a" testId="98255820-157c-ab8a-32a2-eca0fa7a884a" testName="Test002" computerName="md" duration="00:00:00.0032666" startTime="2018-11-12T00:19:00.5202551-05:00" endTime="2018-11-12T00:19:00.5236117-05:00" testType="13cdc9d9-ddb5-4fa4-a97d-d965ccfc6d4b" outcome="Passed" testListId="8c84fa94-04c1-424b-9868-57a2d4851a1d" relativeResultsDirectory="e120543f-5540-4080-a469-8731b757197a" /><UnitTestResult executionId="41ad193f-c798-4c3a-b184-efdeaf6ee725" testId="33d20f09-de53-0c6e-9346-57c333c6d3e8" testName="Test012" computerName="md" duration="00:00:00.0098980" startTime="2018-11-12T00:18:58.9798281-05:00" endTime="2018-11-12T00:18:58.9916396-05:00" testType="13cdc9d9-ddb5-4fa4-a97d-d965ccfc6d4b" outcome="Passed" testListId="8c84fa94-04c1-424b-9868-57a2d4851a1d" relativeResultsDirectory="41ad193f-c798-4c3a-b184-efdeaf6ee725" /><UnitTestResult executionId="8d2287c5-13f2-49ad-98b2-142897627a0d" testId="2ec30d4d-3164-2682-469b-d0457ede85b2" testName="Test004" computerName="md" duration="00:00:00.0013039" startTime="2018-11-12T00:19:02.5474539-05:00" endTime="2018-11-12T00:19:02.5490819-05:00" testType="13cdc9d9-ddb5-4fa4-a97d-d965ccfc6d4b" outcome="Passed" testListId="8c84fa94-04c1-424b-9868-57a2d4851a1d" relativeResultsDirectory="8d2287c5-13f2-49ad-98b2-142897627a0d" /><UnitTestResult executionId="2771cffe-38ab-40ca-b0d0-4269bf2307fd" testId="7fcb5bb6-1a78-233f-93d6-7236b677a282" testName="Test013" computerName="md" duration="00:00:00.0000674" startTime="2018-11-12T00:19:03.3435988-05:00" endTime="2018-11-12T00:19:03.3437662-05:00" testType="13cdc9d9-ddb5-4fa4-a97d-d965ccfc6d4b" outcome="Passed" testListId="8c84fa94-04c1-424b-9868-57a2d4851a1d" relativeResultsDirectory="2771cffe-38ab-40ca-b0d0-4269bf2307fd" /><UnitTestResult executionId="6fdc1e74-f92c-402e-b06c-e4b09a628eb3" testId="3c7cbf23-af0b-397f-096e-de355b5072c5" testName="Test025" computerName="md" duration="00:00:00.0058057" startTime="2018-11-12T00:19:00.7120586-05:00" endTime="2018-11-12T00:19:00.7179543-05:00" testType="13cdc9d9-ddb5-4fa4-a97d-d965ccfc6d4b" outcome="Passed" testListId="8c84fa94-04c1-424b-9868-57a2d4851a1d" relativeResultsDirectory="6fdc1e74-f92c-402e-b06c-e4b09a628eb3" /><UnitTestResult executionId="ebc0cfcd-8fec-418b-9362-cec07cda3312" testId="9797c99b-d8b4-5d96-12e0-6a42224223a1" testName="Test007" computerName="md" duration="00:00:00.0000464" startTime="2018-11-12T00:19:03.1958299-05:00" endTime="2018-11-12T00:19:03.1959890-05:00" testType="13cdc9d9-ddb5-4fa4-a97d-d965ccfc6d4b" outcome="Passed" testListId="8c84fa94-04c1-424b-9868-57a2d4851a1d" relativeResultsDirectory="ebc0cfcd-8fec-418b-9362-cec07cda3312" /><UnitTestResult executionId="ace6edd1-9423-466c-874f-8c5c0c3b9dac" testId="f6c33fda-2b5b-9588-f5e6-086532810d2f" testName="Test008" computerName="md" duration="00:00:00.0064470" startTime="2018-11-12T00:19:02.7874562-05:00" endTime="2018-11-12T00:19:02.7940126-05:00" testType="13cdc9d9-ddb5-4fa4-a97d-d965ccfc6d4b" outcome="Passed" testListId="8c84fa94-04c1-424b-9868-57a2d4851a1d" relativeResultsDirectory="ace6edd1-9423-466c-874f-8c5c0c3b9dac" /><UnitTestResult executionId="5d44e54c-d12c-4045-a83f-3f9d4a66ad97" testId="b36940b9-9803-52c4-b774-8f39a22f7844" testName="Test012" computerName="md" duration="00:00:00.0142245" startTime="2018-11-12T00:18:57.8242147-05:00" endTime="2018-11-12T00:18:57.8385422-05:00" testType="13cdc9d9-ddb5-4fa4-a97d-d965ccfc6d4b" outcome="Passed" testListId="8c84fa94-04c1-424b-9868-57a2d4851a1d" relativeResultsDirectory="5d44e54c-d12c-4045-a83f-3f9d4a66ad97" /><UnitTestResult executionId="5f7a5df8-ffaa-4e84-8906-d9b9a033caa3" testId="e310bd06-7f91-4a4f-c1c5-149c933a1619" testName="Test008" computerName="md" duration="00:00:00.0066828" startTime="2018-11-12T00:19:00.1281866-05:00" endTime="2018-11-12T00:19:00.1349899-05:00" testType="13cdc9d9-ddb5-4fa4-a97d-d965ccfc6d4b" outcome="Passed" testListId="8c84fa94-04c1-424b-9868-57a2d4851a1d" relativeResultsDirectory="5f7a5df8-ffaa-4e84-8906-d9b9a033caa3" /><UnitTestResult executionId="3ca7380d-009d-4f8f-b4cc-fde0921cab05" testId="009cad5c-3198-1de1-be68-dfff75c67a14" testName="Test033" computerName="md" duration="00:00:00.0037177" startTime="2018-11-12T00:18:59.4249253-05:00" endTime="2018-11-12T00:18:59.4287324-05:00" testType="13cdc9d9-ddb5-4fa4-a97d-d965ccfc6d4b" outcome="Passed" testListId="8c84fa94-04c1-424b-9868-57a2d4851a1d" relativeResultsDirectory="3ca7380d-009d-4f8f-b4cc-fde0921cab05" /><UnitTestResult executionId="aca6a3f3-be1e-44e3-86a5-5c5a1416dc2b" testId="99d31b31-0a97-b0c1-1788-85bda55e2b25" testName="Test006" computerName="md" duration="00:00:00.0044454" startTime="2018-11-12T00:19:00.9847739-05:00" endTime="2018-11-12T00:19:00.9893116-05:00" testType="13cdc9d9-ddb5-4fa4-a97d-d965ccfc6d4b" outcome="Passed" testListId="8c84fa94-04c1-424b-9868-57a2d4851a1d" relativeResultsDirectory="aca6a3f3-be1e-44e3-86a5-5c5a1416dc2b" /><UnitTestResult executionId="f0d7a985-2126-49d0-ad36-a1a7a76c1d6f" testId="891eec92-f6cf-5075-b75a-c87fc6524b9b" testName="Test016" computerName="md" duration="00:00:00.0018631" startTime="2018-11-12T00:19:00.8991548-05:00" endTime="2018-11-12T00:19:00.9011095-05:00" testType="13cdc9d9-ddb5-4fa4-a97d-d965ccfc6d4b" outcome="Passed" testListId="8c84fa94-04c1-424b-9868-57a2d4851a1d" relativeResultsDirectory="f0d7a985-2126-49d0-ad36-a1a7a76c1d6f" /><UnitTestResult executionId="06730d17-161a-40b4-ad1d-e0b03e3ebde9" testId="0977163f-a64d-837e-6062-3c29a9e15784" testName="Test062" computerName="md" duration="00:00:00.0021131" startTime="2018-11-12T00:18:58.7074765-05:00" endTime="2018-11-12T00:18:58.7096824-05:00" testType="13cdc9d9-ddb5-4fa4-a97d-d965ccfc6d4b" outcome="Passed" testListId="8c84fa94-04c1-424b-9868-57a2d4851a1d" relativeResultsDirectory="06730d17-161a-40b4-ad1d-e0b03e3ebde9" /><UnitTestResult executionId="3e41fae9-965c-4f00-958b-731cf9d89619" testId="11392951-6039-f063-1de3-90190e289616" testName="Test042" computerName="md" duration="00:00:00.0111896" startTime="2018-11-12T00:19:01.3257327-05:00" endTime="2018-11-12T00:19:01.3370204-05:00" testType="13cdc9d9-ddb5-4fa4-a97d-d965ccfc6d4b" outcome="Passed" testListId="8c84fa94-04c1-424b-9868-57a2d4851a1d" relativeResultsDirectory="3e41fae9-965c-4f00-958b-731cf9d89619" /><UnitTestResult executionId="72710c28-33a6-4424-923b-d1438aac6e5e" testId="8507c9f7-663c-b8ce-ad4d-0fc7f7735804" testName="Test029" computerName="md" duration="00:00:00.0083302" startTime="2018-11-12T00:19:02.5239962-05:00" endTime="2018-11-12T00:19:02.5326965-05:00" testType="13cdc9d9-ddb5-4fa4-a97d-d965ccfc6d4b" outcome="Passed" testListId="8c84fa94-04c1-424b-9868-57a2d4851a1d" relativeResultsDirectory="72710c28-33a6-4424-923b-d1438aac6e5e" /><UnitTestResult executionId="8756c14e-dfcd-480d-8c9e-98ea66d75e97" testId="df442eb1-5544-1a16-ac78-bbe5718819f6" testName="Test001" computerName="md" duration="00:00:00.0022245" startTime="2018-11-12T00:19:03.1523173-05:00" endTime="2018-11-12T00:19:03.1551240-05:00" testType="13cdc9d9-ddb5-4fa4-a97d-d965ccfc6d4b" outcome="Passed" testListId="8c84fa94-04c1-424b-9868-57a2d4851a1d" relativeResultsDirectory="8756c14e-dfcd-480d-8c9e-98ea66d75e97" /><UnitTestResult executionId="00c7bd22-06dc-48c5-b4d4-8b43dfc4c401" testId="24925be4-8913-1759-e259-c02cf0afc0ff" testName="Test042" computerName="md" duration="00:00:00.0015024" startTime="2018-11-12T00:18:58.6895047-05:00" endTime="2018-11-12T00:18:58.6911182-05:00" testType="13cdc9d9-ddb5-4fa4-a97d-d965ccfc6d4b" outcome="Passed" testListId="8c84fa94-04c1-424b-9868-57a2d4851a1d" relativeResultsDirectory="00c7bd22-06dc-48c5-b4d4-8b43dfc4c401" /><UnitTestResult executionId="55ec488e-fb85-4651-ae8a-84c04a6248b6" testId="6ac17be0-b0a7-98f1-d763-f07e02b1df8c" testName="Test206" computerName="md" duration="00:00:00.0068694" startTime="2018-11-12T00:18:59.7099435-05:00" endTime="2018-11-12T00:18:59.7169077-05:00" testType="13cdc9d9-ddb5-4fa4-a97d-d965ccfc6d4b" outcome="Passed" testListId="8c84fa94-04c1-424b-9868-57a2d4851a1d" relativeResultsDirectory="55ec488e-fb85-4651-ae8a-84c04a6248b6" /><UnitTestResult executionId="8475c5dd-d44e-40d1-873a-60119e470ac7" testId="8bd6c266-970e-2700-d0bb-a4620e359802" testName="Test009" computerName="md" duration="00:00:00.0032760" startTime="2018-11-12T00:19:02.3661110-05:00" endTime="2018-11-12T00:19:02.3695004-05:00" testType="13cdc9d9-ddb5-4fa4-a97d-d965ccfc6d4b" outcome="Passed" testListId="8c84fa94-04c1-424b-9868-57a2d4851a1d" relativeResultsDirectory="8475c5dd-d44e-40d1-873a-60119e470ac7" /><UnitTestResult executionId="5fec5474-0732-4b84-b2bd-f81592197998" testId="9276a3fb-bec6-a8d9-69d6-26b7fe2823ce" testName="Test001" computerName="md" duration="00:00:00.0004370" startTime="2018-11-12T00:19:02.2485482-05:00" endTime="2018-11-12T00:19:02.2492817-05:00" testType="13cdc9d9-ddb5-4fa4-a97d-d965ccfc6d4b" outcome="Passed" testListId="8c84fa94-04c1-424b-9868-57a2d4851a1d" relativeResultsDirectory="5fec5474-0732-4b84-b2bd-f81592197998" /><UnitTestResult executionId="d3fa27b8-8891-4670-9ff6-7041a043627a" testId="dd563462-68a6-3e61-cdeb-55f69c3209b9" testName="Test007" computerName="md" duration="00:00:00.0000447" startTime="2018-11-12T00:19:03.0864920-05:00" endTime="2018-11-12T00:19:03.0866475-05:00" testType="13cdc9d9-ddb5-4fa4-a97d-d965ccfc6d4b" outcome="Passed" testListId="8c84fa94-04c1-424b-9868-57a2d4851a1d" relativeResultsDirectory="d3fa27b8-8891-4670-9ff6-7041a043627a" /><UnitTestResult executionId="ba9afd32-541e-440f-84c7-2e33a2caa27a" testId="90c3ccb7-e4b1-46e4-fd89-fb4b6922a4d7" testName="Test015" computerName="md" duration="00:00:00.0000547" startTime="2018-11-12T00:19:03.2878264-05:00" endTime="2018-11-12T00:19:03.2879771-05:00" testType="13cdc9d9-ddb5-4fa4-a97d-d965ccfc6d4b" outcome="Passed" testListId="8c84fa94-04c1-424b-9868-57a2d4851a1d" relativeResultsDirectory="ba9afd32-541e-440f-84c7-2e33a2caa27a" /><UnitTestResult executionId="089fb695-9ef8-4433-aa86-d6c7f2a88ff4" testId="fbc3138d-7336-dcac-61af-bc33ea2fd490" testName="Test003" computerName="md" duration="00:00:00.0027175" startTime="2018-11-12T00:19:00.7553865-05:00" endTime="2018-11-12T00:19:00.7582059-05:00" testType="13cdc9d9-ddb5-4fa4-a97d-d965ccfc6d4b" outcome="Passed" testListId="8c84fa94-04c1-424b-9868-57a2d4851a1d" relativeResultsDirectory="089fb695-9ef8-4433-aa86-d6c7f2a88ff4" /><UnitTestResult executionId="271ad18e-6edd-4870-bfe3-a4f1c5f00610" testId="7b0ec8b3-7823-022d-96c3-7ae46985c5ea" testName="Test005" computerName="md" duration="00:00:00.0000170" startTime="2018-11-12T00:19:03.1756082-05:00" endTime="2018-11-12T00:19:03.1757713-05:00" testType="13cdc9d9-ddb5-4fa4-a97d-d965ccfc6d4b" outcome="Passed" testListId="8c84fa94-04c1-424b-9868-57a2d4851a1d" relativeResultsDirectory="271ad18e-6edd-4870-bfe3-a4f1c5f00610" /><UnitTestResult executionId="2b76d388-f1e1-47e4-915d-069779ae5b3b" testId="0943868f-5bac-8ff9-e25e-123d0b12eda8" testName="Test025" computerName="md" duration="00:00:00.0090593" startTime="2018-11-12T00:19:01.1343734-05:00" endTime="2018-11-12T00:19:01.1435265-05:00" testType="13cdc9d9-ddb5-4fa4-a97d-d965ccfc6d4b" outcome="Passed" testListId="8c84fa94-04c1-424b-9868-57a2d4851a1d" relativeResultsDirectory="2b76d388-f1e1-47e4-915d-069779ae5b3b" /><UnitTestResult executionId="7447f3f1-7930-40b5-b0bc-0e090fd01925" testId="7a003be8-8f9f-a498-c574-a222b0de6e79" testName="Test002" computerName="md" duration="00:00:00.0029436" startTime="2018-11-12T00:19:00.7523215-05:00" endTime="2018-11-12T00:19:00.7553733-05:00" testType="13cdc9d9-ddb5-4fa4-a97d-d965ccfc6d4b" outcome="Passed" testListId="8c84fa94-04c1-424b-9868-57a2d4851a1d" relativeResultsDirectory="7447f3f1-7930-40b5-b0bc-0e090fd01925" /><UnitTestResult executionId="949f99ca-5141-4c4a-96ab-0d4f1c507a5b" testId="0cbed3e4-9feb-f5f1-95d6-8ed49afca304" testName="Test021" computerName="md" duration="00:00:00.0036996" startTime="2018-11-12T00:19:00.9205265-05:00" endTime="2018-11-12T00:19:00.9243183-05:00" testType="13cdc9d9-ddb5-4fa4-a97d-d965ccfc6d4b" outcome="Passed" testListId="8c84fa94-04c1-424b-9868-57a2d4851a1d" relativeResultsDirectory="949f99ca-5141-4c4a-96ab-0d4f1c507a5b" /><UnitTestResult executionId="910711a4-97fd-4068-a772-30b6053a8557" testId="8c1bdc51-0186-421e-39ac-eb0fa53e425f" testName="Test019" computerName="md" duration="00:00:00.0078780" startTime="2018-11-12T00:19:02.8733258-05:00" endTime="2018-11-12T00:19:02.8813208-05:00" testType="13cdc9d9-ddb5-4fa4-a97d-d965ccfc6d4b" outcome="Passed" testListId="8c84fa94-04c1-424b-9868-57a2d4851a1d" relativeResultsDirectory="910711a4-97fd-4068-a772-30b6053a8557" /><UnitTestResult executionId="f5d0a5a1-dd6d-421c-ad0a-51dcfe37425d" testId="e060286d-bbdd-55e2-a6c0-21ea509b8ec7" testName="Test001" computerName="md" duration="00:00:00.0038526" startTime="2018-11-12T00:19:00.0899243-05:00" endTime="2018-11-12T00:19:00.0943633-05:00" testType="13cdc9d9-ddb5-4fa4-a97d-d965ccfc6d4b" outcome="Passed" testListId="8c84fa94-04c1-424b-9868-57a2d4851a1d" relativeResultsDirectory="f5d0a5a1-dd6d-421c-ad0a-51dcfe37425d" /><UnitTestResult executionId="fcc9f6f8-350b-46bd-b3ac-bb4089ddc813" testId="553b134c-484b-4945-c88c-85fa480fa234" testName="Test002" computerName="md" duration="00:00:00.0008567" startTime="2018-11-12T00:19:00.0943764-05:00" endTime="2018-11-12T00:19:00.0953334-05:00" testType="13cdc9d9-ddb5-4fa4-a97d-d965ccfc6d4b" outcome="Passed" testListId="8c84fa94-04c1-424b-9868-57a2d4851a1d" relativeResultsDirectory="fcc9f6f8-350b-46bd-b3ac-bb4089ddc813" /><UnitTestResult executionId="21bc028d-30b2-46d0-bb7a-e5bee2d204db" testId="0f731d69-2adb-a918-321b-f2bb309bd7ea" testName="Test021" computerName="md" duration="00:00:00.0000402" startTime="2018-11-12T00:19:03.3548902-05:00" endTime="2018-11-12T00:19:03.3550280-05:00" testType="13cdc9d9-ddb5-4fa4-a97d-d965ccfc6d4b" outcome="Passed" testListId="8c84fa94-04c1-424b-9868-57a2d4851a1d" relativeResultsDirectory="21bc028d-30b2-46d0-bb7a-e5bee2d204db" /><UnitTestResult executionId="77d1c711-704e-4c5a-b65d-5c0fc835bab1" testId="bc19bde6-10e5-8f5a-81c3-7415fad0fbe1" testName="Test001" computerName="md" duration="00:00:00.0004451" startTime="2018-11-12T00:19:03.1866342-05:00" endTime="2018-11-12T00:19:03.1874685-05:00" testType="13cdc9d9-ddb5-4fa4-a97d-d965ccfc6d4b" outcome="Passed" testListId="8c84fa94-04c1-424b-9868-57a2d4851a1d" relativeResultsDirectory="77d1c711-704e-4c5a-b65d-5c0fc835bab1" /><UnitTestResult executionId="a7eac134-b94c-463d-983b-16bebe7812a0" testId="cc48c7d5-be16-523f-bc65-0fc2774a3716" testName="Test002" computerName="md" duration="00:00:00.0090586" startTime="2018-11-12T00:18:58.9156337-05:00" endTime="2018-11-12T00:18:58.9247940-05:00" testType="13cdc9d9-ddb5-4fa4-a97d-d965ccfc6d4b" outcome="Passed" testListId="8c84fa94-04c1-424b-9868-57a2d4851a1d" relativeResultsDirectory="a7eac134-b94c-463d-983b-16bebe7812a0" /><UnitTestResult executionId="d6b31012-1cc9-4c22-afe8-89c44f88bba4" testId="17c706d7-6e89-0ed6-0c7f-184576b3105b" testName="Test021" computerName="md" duration="00:00:00.0000225" startTime="2018-11-12T00:19:03.3254944-05:00" endTime="2018-11-12T00:19:03.3256250-05:00" testType="13cdc9d9-ddb5-4fa4-a97d-d965ccfc6d4b" outcome="Passed" testListId="8c84fa94-04c1-424b-9868-57a2d4851a1d" relativeResultsDirectory="d6b31012-1cc9-4c22-afe8-89c44f88bba4" /><UnitTestResult executionId="a66f40b4-17c6-47b3-899c-95b21cb75813" testId="e9b7337d-f5e1-8ca8-214a-c567f71561d0" testName="Test015" computerName="md" duration="00:00:00.0035039" startTime="2018-11-12T00:19:01.6464016-05:00" endTime="2018-11-12T00:19:01.6500022-05:00" testType="13cdc9d9-ddb5-4fa4-a97d-d965ccfc6d4b" outcome="Passed" testListId="8c84fa94-04c1-424b-9868-57a2d4851a1d" relativeResultsDirectory="a66f40b4-17c6-47b3-899c-95b21cb75813" /><UnitTestResult executionId="7835648f-59b2-4d64-9f9f-f64c40d3e1dd" testId="9f88fe95-f8a8-23e5-2bc8-256814f587b0" testName="Test015" computerName="md" duration="00:00:00.0014244" startTime="2018-11-12T00:18:58.9942679-05:00" endTime="2018-11-12T00:18:58.9957898-05:00" testType="13cdc9d9-ddb5-4fa4-a97d-d965ccfc6d4b" outcome="Passed" testListId="8c84fa94-04c1-424b-9868-57a2d4851a1d" relativeResultsDirectory="7835648f-59b2-4d64-9f9f-f64c40d3e1dd" /><UnitTestResult executionId="bf54eeef-4483-4c98-b174-222f6104a736" testId="f650bd0f-ec96-9f17-df54-b318c2cd6ca7" testName="Test004" computerName="md" duration="00:00:00.0000093" startTime="2018-11-12T00:19:03.0580748-05:00" endTime="2018-11-12T00:19:03.0581909-05:00" testType="13cdc9d9-ddb5-4fa4-a97d-d965ccfc6d4b" outcome="Passed" testListId="8c84fa94-04c1-424b-9868-57a2d4851a1d" relativeResultsDirectory="bf54eeef-4483-4c98-b174-222f6104a736" /><UnitTestResult executionId="08622a84-f3f8-4f29-abee-d32f4d9c5b98" testId="e95ced9b-6798-8d43-52cb-a6f0c18ce82f" testName="Test028" computerName="md" duration="00:00:00.0107358" startTime="2018-11-12T00:19:02.5119650-05:00" endTime="2018-11-12T00:19:02.5229671-05:00" testType="13cdc9d9-ddb5-4fa4-a97d-d965ccfc6d4b" outcome="Passed" testListId="8c84fa94-04c1-424b-9868-57a2d4851a1d" relativeResultsDirectory="08622a84-f3f8-4f29-abee-d32f4d9c5b98" /><UnitTestResult executionId="91e47470-7185-4cff-9551-cb191d7ea792" testId="55e8fa19-95b6-2e96-0ace-f63dc61cfa99" testName="Test012" computerName="md" duration="00:00:00.0002019" startTime="2018-11-12T00:19:01.8554429-05:00" endTime="2018-11-12T00:19:01.8557525-05:00" testType="13cdc9d9-ddb5-4fa4-a97d-d965ccfc6d4b" outcome="Passed" testListId="8c84fa94-04c1-424b-9868-57a2d4851a1d" relativeResultsDirectory="91e47470-7185-4cff-9551-cb191d7ea792" /><UnitTestResult executionId="6975f5af-b436-494d-ac6b-b1a074c56aa3" testId="a29b00d8-9e7f-ddc1-484c-33457b52ed43" testName="Test001" computerName="md" duration="00:00:00.0006784" startTime="2018-11-12T00:19:03.0280692-05:00" endTime="2018-11-12T00:19:03.0292397-05:00" testType="13cdc9d9-ddb5-4fa4-a97d-d965ccfc6d4b" outcome="Passed" testListId="8c84fa94-04c1-424b-9868-57a2d4851a1d" relativeResultsDirectory="6975f5af-b436-494d-ac6b-b1a074c56aa3" /><UnitTestResult executionId="9810b076-346a-4f79-9d39-8e775e9e78e7" testId="5bcef28c-72fe-c070-961b-a4344bc1b134" testName="Test121" computerName="md" duration="00:00:00.0043465" startTime="2018-11-12T00:18:59.6000373-05:00" endTime="2018-11-12T00:18:59.6044888-05:00" testType="13cdc9d9-ddb5-4fa4-a97d-d965ccfc6d4b" outcome="Passed" testListId="8c84fa94-04c1-424b-9868-57a2d4851a1d" relativeResultsDirectory="9810b076-346a-4f79-9d39-8e775e9e78e7" /><UnitTestResult executionId="6d4b011c-2ef4-4be3-bddf-3ac05e3f0236" testId="30fd60e8-c13b-5466-ea21-80dbd9c4f802" testName="Test010" computerName="md" duration="00:00:00.0029494" startTime="2018-11-12T00:19:02.6290332-05:00" endTime="2018-11-12T00:19:02.6322557-05:00" testType="13cdc9d9-ddb5-4fa4-a97d-d965ccfc6d4b" outcome="Passed" testListId="8c84fa94-04c1-424b-9868-57a2d4851a1d" relativeResultsDirectory="6d4b011c-2ef4-4be3-bddf-3ac05e3f0236" /><UnitTestResult executionId="c843c18b-e985-43f2-998e-4db2253e9369" testId="31a77815-e513-ca76-9118-40e80687306c" testName="Test018" computerName="md" duration="00:00:00.0025022" startTime="2018-11-12T00:19:00.9033050-05:00" endTime="2018-11-12T00:19:00.9058981-05:00" testType="13cdc9d9-ddb5-4fa4-a97d-d965ccfc6d4b" outcome="Passed" testListId="8c84fa94-04c1-424b-9868-57a2d4851a1d" relativeResultsDirectory="c843c18b-e985-43f2-998e-4db2253e9369" /><UnitTestResult executionId="b5b779be-2589-4ca7-8167-bfe51e25409d" testId="8e77c415-3233-4a04-9b77-9b514d5b2585" testName="Test219" computerName="md" duration="00:00:00.0044771" startTime="2018-11-12T00:18:59.7897404-05:00" endTime="2018-11-12T00:18:59.7943143-05:00" testType="13cdc9d9-ddb5-4fa4-a97d-d965ccfc6d4b" outcome="Passed" testListId="8c84fa94-04c1-424b-9868-57a2d4851a1d" relativeResultsDirectory="b5b779be-2589-4ca7-8167-bfe51e25409d" /><UnitTestResult executionId="de0fe18c-6e55-43de-a141-3a22a423afae" testId="f7897f19-cd25-7886-e3fa-5d2c7c39bedc" testName="Test035" computerName="md" duration="00:00:00.0024035" startTime="2018-11-12T00:18:59.0377818-05:00" endTime="2018-11-12T00:18:59.0402766-05:00" testType="13cdc9d9-ddb5-4fa4-a97d-d965ccfc6d4b" outcome="Passed" testListId="8c84fa94-04c1-424b-9868-57a2d4851a1d" relativeResultsDirectory="de0fe18c-6e55-43de-a141-3a22a423afae" /><UnitTestResult executionId="2555e738-5d10-4862-a023-d5749692e93b" testId="295cfe5e-4410-5bd4-7b32-8e5aa7f59b40" testName="Test010" computerName="md" duration="00:00:00.0082215" startTime="2018-11-12T00:18:58.2803659-05:00" endTime="2018-11-12T00:18:58.2887973-05:00" testType="13cdc9d9-ddb5-4fa4-a97d-d965ccfc6d4b" outcome="Passed" testListId="8c84fa94-04c1-424b-9868-57a2d4851a1d" relativeResultsDirectory="2555e738-5d10-4862-a023-d5749692e93b" /><UnitTestResult executionId="7f56d9aa-9b6e-493f-aad5-dc71bcda3d39" testId="e81fcf90-74c8-d52f-d847-f9a1a68e6c13" testName="Test011" computerName="md" duration="00:00:00.0017330" startTime="2018-11-12T00:19:01.5252435-05:00" endTime="2018-11-12T00:19:01.5270662-05:00" testType="13cdc9d9-ddb5-4fa4-a97d-d965ccfc6d4b" outcome="Passed" testListId="8c84fa94-04c1-424b-9868-57a2d4851a1d" relativeResultsDirectory="7f56d9aa-9b6e-493f-aad5-dc71bcda3d39" /><UnitTestResult executionId="77dae672-d68d-48c1-bec9-bf7a518a4abf" testId="e8e4c9e2-7997-bbde-cf73-6f2c110e4867" testName="Test020" computerName="md" duration="00:00:00.0000511" startTime="2018-11-12T00:19:03.2539914-05:00" endTime="2018-11-12T00:19:03.2541499-05:00" testType="13cdc9d9-ddb5-4fa4-a97d-d965ccfc6d4b" outcome="Passed" testListId="8c84fa94-04c1-424b-9868-57a2d4851a1d" relativeResultsDirectory="77dae672-d68d-48c1-bec9-bf7a518a4abf" /><UnitTestResult executionId="e8dfb2d3-905a-427a-9ea3-f58d88f21c33" testId="bb6df7f2-2609-0d08-9fa7-b4375a783744" testName="Test011" computerName="md" duration="00:00:00.0065507" startTime="2018-11-12T00:19:02.8067900-05:00" endTime="2018-11-12T00:19:02.8134453-05:00" testType="13cdc9d9-ddb5-4fa4-a97d-d965ccfc6d4b" outcome="Passed" testListId="8c84fa94-04c1-424b-9868-57a2d4851a1d" relativeResultsDirectory="e8dfb2d3-905a-427a-9ea3-f58d88f21c33" /><UnitTestResult executionId="54e22de1-14e8-4e0a-8474-59582f9d910a" testId="cdbc9f6b-10a4-b4cf-53c3-e5df8fa15619" testName="Test011" computerName="md" duration="00:00:00.0000164" startTime="2018-11-12T00:19:03.3820715-05:00" endTime="2018-11-12T00:19:03.3821890-05:00" testType="13cdc9d9-ddb5-4fa4-a97d-d965ccfc6d4b" outcome="Passed" testListId="8c84fa94-04c1-424b-9868-57a2d4851a1d" relativeResultsDirectory="54e22de1-14e8-4e0a-8474-59582f9d910a" /><UnitTestResult executionId="4d15d8ce-716e-43f4-91bd-c6f2fbcb1be5" testId="2e5bf2f2-a24d-13fa-fcfd-9e1edbb258b7" testName="Test006" computerName="md" duration="00:00:00.0038020" startTime="2018-11-12T00:19:02.3468045-05:00" endTime="2018-11-12T00:19:02.3507133-05:00" testType="13cdc9d9-ddb5-4fa4-a97d-d965ccfc6d4b" outcome="Passed" testListId="8c84fa94-04c1-424b-9868-57a2d4851a1d" relativeResultsDirectory="4d15d8ce-716e-43f4-91bd-c6f2fbcb1be5" /><UnitTestResult executionId="59e12640-b7df-4a6f-991f-4d22674f4846" testId="d519856f-ff14-bc5e-631a-ffea500ea838" testName="Test054" computerName="md" duration="00:00:00.0099432" startTime="2018-11-12T00:19:01.4475055-05:00" endTime="2018-11-12T00:19:01.4575468-05:00" testType="13cdc9d9-ddb5-4fa4-a97d-d965ccfc6d4b" outcome="Passed" testListId="8c84fa94-04c1-424b-9868-57a2d4851a1d" relativeResultsDirectory="59e12640-b7df-4a6f-991f-4d22674f4846" /><UnitTestResult executionId="f462c71e-b77c-4170-a885-1f823b44ca48" testId="56ed905e-90e6-59d6-9b65-0a69e7bbca28" testName="Test006" computerName="md" duration="00:00:00.0025589" startTime="2018-11-12T00:19:02.6709614-05:00" endTime="2018-11-12T00:19:02.6736282-05:00" testType="13cdc9d9-ddb5-4fa4-a97d-d965ccfc6d4b" outcome="Passed" testListId="8c84fa94-04c1-424b-9868-57a2d4851a1d" relativeResultsDirectory="f462c71e-b77c-4170-a885-1f823b44ca48" /><UnitTestResult executionId="859bc8a9-da56-4f4d-b247-cf7b4bfc0149" testId="7bea8077-6dd0-3dce-aad3-d2ce5b784192" testName="Test001" computerName="md" duration="00:00:00.0060566" startTime="2018-11-12T00:19:03.4213394-05:00" endTime="2018-11-12T00:19:03.4280153-05:00" testType="13cdc9d9-ddb5-4fa4-a97d-d965ccfc6d4b" outcome="Passed" testListId="8c84fa94-04c1-424b-9868-57a2d4851a1d" relativeResultsDirectory="859bc8a9-da56-4f4d-b247-cf7b4bfc0149" /><UnitTestResult executionId="7715a781-f6c1-4ac7-9aa0-5a331981ed32" testId="a8187878-030c-90d9-f4f7-a5ecfc08480a" testName="Test004" computerName="md" duration="00:00:00.0000407" startTime="2018-11-12T00:19:03.1953668-05:00" endTime="2018-11-12T00:19:03.1955113-05:00" testType="13cdc9d9-ddb5-4fa4-a97d-d965ccfc6d4b" outcome="Passed" testListId="8c84fa94-04c1-424b-9868-57a2d4851a1d" relativeResultsDirectory="7715a781-f6c1-4ac7-9aa0-5a331981ed32" /><UnitTestResult executionId="2cda663c-05ec-4c38-bdda-43abfe8aa2a8" testId="a82f6b61-8cff-ad7b-4d8b-ac411bc29934" testName="Test022" computerName="md" duration="00:00:00.0000507" startTime="2018-11-12T00:19:03.2543194-05:00" endTime="2018-11-12T00:19:03.2544619-05:00" testType="13cdc9d9-ddb5-4fa4-a97d-d965ccfc6d4b" outcome="Passed" testListId="8c84fa94-04c1-424b-9868-57a2d4851a1d" relativeResultsDirectory="2cda663c-05ec-4c38-bdda-43abfe8aa2a8" /><UnitTestResult executionId="f1c87b68-ebfa-46d8-bd0c-8ce2925ec957" testId="c159b2ff-e17c-2bd4-0aa0-c61374613841" testName="Test013" computerName="md" duration="00:00:00.0052146" startTime="2018-11-12T00:19:02.3849108-05:00" endTime="2018-11-12T00:19:02.3903178-05:00" testType="13cdc9d9-ddb5-4fa4-a97d-d965ccfc6d4b" outcome="Passed" testListId="8c84fa94-04c1-424b-9868-57a2d4851a1d" relativeResultsDirectory="f1c87b68-ebfa-46d8-bd0c-8ce2925ec957" /><UnitTestResult executionId="a1b03008-fcf5-4338-89bf-33da28203d77" testId="3a3c7b65-bb10-393f-d8e0-5f275e33e74c" testName="Test031" computerName="md" duration="00:00:00.0000308" startTime="2018-11-12T00:19:03.3906930-05:00" endTime="2018-11-12T00:19:03.3908240-05:00" testType="13cdc9d9-ddb5-4fa4-a97d-d965ccfc6d4b" outcome="Passed" testListId="8c84fa94-04c1-424b-9868-57a2d4851a1d" relativeResultsDirectory="a1b03008-fcf5-4338-89bf-33da28203d77" /><UnitTestResult executionId="874354db-e747-4e70-adcd-b7082ddd5c2b" testId="a7fa2525-bfb6-6647-135c-8cc85e207011" testName="Test024" computerName="md" duration="00:00:00.0000333" startTime="2018-11-12T00:19:03.1037751-05:00" endTime="2018-11-12T00:19:03.1039119-05:00" testType="13cdc9d9-ddb5-4fa4-a97d-d965ccfc6d4b" outcome="Passed" testListId="8c84fa94-04c1-424b-9868-57a2d4851a1d" relativeResultsDirectory="874354db-e747-4e70-adcd-b7082ddd5c2b" /><UnitTestResult executionId="23d616d5-2079-494b-8aed-a6c2e8001d09" testId="70ffdb12-0502-b14c-5820-58b779b02259" testName="Test022" computerName="md" duration="00:00:00.0077817" startTime="2018-11-12T00:19:03.6065669-05:00" endTime="2018-11-12T00:19:03.6144458-05:00" testType="13cdc9d9-ddb5-4fa4-a97d-d965ccfc6d4b" outcome="Passed" testListId="8c84fa94-04c1-424b-9868-57a2d4851a1d" relativeResultsDirectory="23d616d5-2079-494b-8aed-a6c2e8001d09" /><UnitTestResult executionId="56692808-4ec8-45b5-827d-189619c78a72" testId="a0c8c800-4174-6d5e-78d4-4a6f3edc53a0" testName="Test006" computerName="md" duration="00:00:00.0001277" startTime="2018-11-12T00:19:01.7984583-05:00" endTime="2018-11-12T00:19:01.7986793-05:00" testType="13cdc9d9-ddb5-4fa4-a97d-d965ccfc6d4b" outcome="Passed" testListId="8c84fa94-04c1-424b-9868-57a2d4851a1d" relativeResultsDirectory="56692808-4ec8-45b5-827d-189619c78a72" /><UnitTestResult executionId="883c83d0-4010-4fb8-97a6-c4be0d6e8b40" testId="ed970b25-87ab-eaa2-8a65-a39ed049d8eb" testName="Test060" computerName="md" duration="00:00:00.0079347" startTime="2018-11-12T00:19:02.2094263-05:00" endTime="2018-11-12T00:19:02.2174769-05:00" testType="13cdc9d9-ddb5-4fa4-a97d-d965ccfc6d4b" outcome="Passed" testListId="8c84fa94-04c1-424b-9868-57a2d4851a1d" relativeResultsDirectory="883c83d0-4010-4fb8-97a6-c4be0d6e8b40" /><UnitTestResult executionId="1953d2cd-9377-48b6-98a3-ee1ffb9cc699" testId="695c6917-314c-eabd-ac81-2fcddf5dca49" testName="Test035" computerName="md" duration="00:00:00.0037769" startTime="2018-11-12T00:19:01.7921634-05:00" endTime="2018-11-12T00:19:01.7960786-05:00" testType="13cdc9d9-ddb5-4fa4-a97d-d965ccfc6d4b" outcome="Passed" testListId="8c84fa94-04c1-424b-9868-57a2d4851a1d" relativeResultsDirectory="1953d2cd-9377-48b6-98a3-ee1ffb9cc699" /><UnitTestResult executionId="09969624-7ed4-4af9-82bb-da1a802a4a00" testId="48888b9f-cce9-f9eb-7746-f346563064f7" testName="Test022" computerName="md" duration="00:00:00.0107429" startTime="2018-11-12T00:18:57.9745797-05:00" endTime="2018-11-12T00:18:57.9854226-05:00" testType="13cdc9d9-ddb5-4fa4-a97d-d965ccfc6d4b" outcome="Passed" testListId="8c84fa94-04c1-424b-9868-57a2d4851a1d" relativeResultsDirectory="09969624-7ed4-4af9-82bb-da1a802a4a00" /><UnitTestResult executionId="774556da-5c42-438a-9487-d813da7abf30" testId="664bd9d3-0787-cfda-b4cc-7f16a8f16127" testName="Test011" computerName="md" duration="00:00:00.0054004" startTime="2018-11-12T00:19:02.3740269-05:00" endTime="2018-11-12T00:19:02.3795391-05:00" testType="13cdc9d9-ddb5-4fa4-a97d-d965ccfc6d4b" outcome="Passed" testListId="8c84fa94-04c1-424b-9868-57a2d4851a1d" relativeResultsDirectory="774556da-5c42-438a-9487-d813da7abf30" /><UnitTestResult executionId="035f4081-61e8-44ed-9f1e-2aa81768d45d" testId="0059b53f-30d6-a695-16d4-8db3fd33c884" testName="Test006" computerName="md" duration="00:00:00.0040936" startTime="2018-11-12T00:19:00.1892986-05:00" endTime="2018-11-12T00:19:00.1936263-05:00" testType="13cdc9d9-ddb5-4fa4-a97d-d965ccfc6d4b" outcome="Passed" testListId="8c84fa94-04c1-424b-9868-57a2d4851a1d" relativeResultsDirectory="035f4081-61e8-44ed-9f1e-2aa81768d45d" /><UnitTestResult executionId="5c84af54-d226-4313-a216-2b1605f7f388" testId="ddfad501-f28c-0d64-ad90-dda40cc4ee2d" testName="Test012" computerName="md" duration="00:00:00.0000343" startTime="2018-11-12T00:19:03.2873398-05:00" endTime="2018-11-12T00:19:03.2874850-05:00" testType="13cdc9d9-ddb5-4fa4-a97d-d965ccfc6d4b" outcome="Passed" testListId="8c84fa94-04c1-424b-9868-57a2d4851a1d" relativeResultsDirectory="5c84af54-d226-4313-a216-2b1605f7f388" /><UnitTestResult executionId="61e234d0-ad18-422d-a8cb-0289a72deb27" testId="90486f86-b5fa-28ea-2572-16b54b9b227b" testName="Test026" computerName="md" duration="00:00:00.0000460" startTime="2018-11-12T00:19:03.2549357-05:00" endTime="2018-11-12T00:19:03.2550777-05:00" testType="13cdc9d9-ddb5-4fa4-a97d-d965ccfc6d4b" outcome="Passed" testListId="8c84fa94-04c1-424b-9868-57a2d4851a1d" relativeResultsDirectory="61e234d0-ad18-422d-a8cb-0289a72deb27" /><UnitTestResult executionId="e365cf92-04d8-4f46-accc-168d2cf6e271" testId="16efeffc-c424-506d-319b-d1fdb00d76c0" testName="Test003" computerName="md" duration="00:00:00.0000070" startTime="2018-11-12T00:19:03.3654641-05:00" endTime="2018-11-12T00:19:03.3655780-05:00" testType="13cdc9d9-ddb5-4fa4-a97d-d965ccfc6d4b" outcome="Passed" testListId="8c84fa94-04c1-424b-9868-57a2d4851a1d" relativeResultsDirectory="e365cf92-04d8-4f46-accc-168d2cf6e271" /><UnitTestResult executionId="d2801258-67ec-470a-8f3b-bf3990f2e475" testId="58b5087f-ac47-eae0-ee48-70b71dce08e6" testName="Test008" computerName="md" duration="00:00:00.0001509" startTime="2018-11-12T00:19:03.2055776-05:00" endTime="2018-11-12T00:19:03.2058396-05:00" testType="13cdc9d9-ddb5-4fa4-a97d-d965ccfc6d4b" outcome="Passed" testListId="8c84fa94-04c1-424b-9868-57a2d4851a1d" relativeResultsDirectory="d2801258-67ec-470a-8f3b-bf3990f2e475" /><UnitTestResult executionId="9d8bbafc-cb59-498e-8855-3944620d8153" testId="53f78f97-4400-7953-92fe-3f186765ae4d" testName="Test028" computerName="md" duration="00:00:00.0051551" startTime="2018-11-12T00:19:00.9441571-05:00" endTime="2018-11-12T00:19:00.9494116-05:00" testType="13cdc9d9-ddb5-4fa4-a97d-d965ccfc6d4b" outcome="Passed" testListId="8c84fa94-04c1-424b-9868-57a2d4851a1d" relativeResultsDirectory="9d8bbafc-cb59-498e-8855-3944620d8153" /><UnitTestResult executionId="bf3aec2a-38f5-4105-a2d0-c4e0a1a6fafa" testId="85219ed1-d63e-0c0d-6978-9fb9b39b656a" testName="Test337" computerName="md" duration="00:00:00.0069594" startTime="2018-11-12T00:19:00.0774737-05:00" endTime="2018-11-12T00:19:00.0845546-05:00" testType="13cdc9d9-ddb5-4fa4-a97d-d965ccfc6d4b" outcome="Passed" testListId="8c84fa94-04c1-424b-9868-57a2d4851a1d" relativeResultsDirectory="bf3aec2a-38f5-4105-a2d0-c4e0a1a6fafa" /><UnitTestResult executionId="9d1a255f-ed0b-46f3-8c48-31cbd5fb3613" testId="b2886360-ede8-257d-1fb6-b9f7946e0aad" testName="Test034" computerName="md" duration="00:00:00.0053577" startTime="2018-11-12T00:19:02.0384649-05:00" endTime="2018-11-12T00:19:02.0440963-05:00" testType="13cdc9d9-ddb5-4fa4-a97d-d965ccfc6d4b" outcome="Passed" testListId="8c84fa94-04c1-424b-9868-57a2d4851a1d" relativeResultsDirectory="9d1a255f-ed0b-46f3-8c48-31cbd5fb3613" /><UnitTestResult executionId="008541e9-0a63-4b52-84f0-561bf223c797" testId="d89f8ef5-5d5c-d258-8a12-4139747fa9b0" testName="Test033" computerName="md" duration="00:00:00.0000501" startTime="2018-11-12T00:19:03.1157249-05:00" endTime="2018-11-12T00:19:03.1158777-05:00" testType="13cdc9d9-ddb5-4fa4-a97d-d965ccfc6d4b" outcome="Passed" testListId="8c84fa94-04c1-424b-9868-57a2d4851a1d" relativeResultsDirectory="008541e9-0a63-4b52-84f0-561bf223c797" /><UnitTestResult executionId="14bcf7b9-2eaf-4ece-afea-de8c28579b35" testId="54f9ee17-7919-5e83-d6b2-6f5c9a98bcb4" testName="Test001" computerName="md" duration="00:00:00.0019388" startTime="2018-11-12T00:19:02.3228053-05:00" endTime="2018-11-12T00:19:02.3254092-05:00" testType="13cdc9d9-ddb5-4fa4-a97d-d965ccfc6d4b" outcome="Passed" testListId="8c84fa94-04c1-424b-9868-57a2d4851a1d" relativeResultsDirectory="14bcf7b9-2eaf-4ece-afea-de8c28579b35" /><UnitTestResult executionId="7e1ba45e-8880-45eb-9700-1915ea601239" testId="a45a145d-7699-ce66-d96d-6d5aed411886" testName="Test004" computerName="md" duration="00:00:00.0000419" startTime="2018-11-12T00:19:03.2748228-05:00" endTime="2018-11-12T00:19:03.2749641-05:00" testType="13cdc9d9-ddb5-4fa4-a97d-d965ccfc6d4b" outcome="Passed" testListId="8c84fa94-04c1-424b-9868-57a2d4851a1d" relativeResultsDirectory="7e1ba45e-8880-45eb-9700-1915ea601239" /><UnitTestResult executionId="a412bdfc-ec7f-4b72-bafe-471671e58839" testId="c6a7abae-c23d-25bf-3160-68f71ec91c74" testName="Test004" computerName="md" duration="00:00:00.0000548" startTime="2018-11-12T00:19:03.3271308-05:00" endTime="2018-11-12T00:19:03.3272829-05:00" testType="13cdc9d9-ddb5-4fa4-a97d-d965ccfc6d4b" outcome="Passed" testListId="8c84fa94-04c1-424b-9868-57a2d4851a1d" relativeResultsDirectory="a412bdfc-ec7f-4b72-bafe-471671e58839" /><UnitTestResult executionId="aeff85db-7875-44f9-bfec-4b84265ceb78" testId="f0e06a50-7b9b-b9b3-be37-276991e7f6ca" testName="Test002" computerName="md" duration="00:00:00.0000228" startTime="2018-11-12T00:19:03.2631693-05:00" endTime="2018-11-12T00:19:03.2633011-05:00" testType="13cdc9d9-ddb5-4fa4-a97d-d965ccfc6d4b" outcome="Passed" testListId="8c84fa94-04c1-424b-9868-57a2d4851a1d" relativeResultsDirectory="aeff85db-7875-44f9-bfec-4b84265ceb78" /><UnitTestResult executionId="1fc5406b-319a-41b6-b087-f3e8d358c136" testId="590d5dcb-96ac-8700-e750-32eed3a6e4b1" testName="Test320" computerName="md" duration="00:00:00.0052905" startTime="2018-11-12T00:19:00.0225883-05:00" endTime="2018-11-12T00:19:00.0279894-05:00" testType="13cdc9d9-ddb5-4fa4-a97d-d965ccfc6d4b" outcome="Passed" testListId="8c84fa94-04c1-424b-9868-57a2d4851a1d" relativeResultsDirectory="1fc5406b-319a-41b6-b087-f3e8d358c136" /><UnitTestResult executionId="a3f9dc32-f178-4d6c-b6d8-b16f5f906a42" testId="8ff0e4b3-1e6f-d3c4-cdd7-7952bdb90f4e" testName="Test049" computerName="md" duration="00:00:00.0006114" startTime="2018-11-12T00:18:59.1353091-05:00" endTime="2018-11-12T00:18:59.1360161-05:00" testType="13cdc9d9-ddb5-4fa4-a97d-d965ccfc6d4b" outcome="Passed" testListId="8c84fa94-04c1-424b-9868-57a2d4851a1d" relativeResultsDirectory="a3f9dc32-f178-4d6c-b6d8-b16f5f906a42" /><UnitTestResult executionId="89643a28-b817-4fa3-96a3-889c2246c8e6" testId="224d71a6-7fce-a908-b91c-9df922052c34" testName="Test009" computerName="md" duration="00:00:00.0041571" startTime="2018-11-12T00:19:00.8578833-05:00" endTime="2018-11-12T00:19:00.8621315-05:00" testType="13cdc9d9-ddb5-4fa4-a97d-d965ccfc6d4b" outcome="Passed" testListId="8c84fa94-04c1-424b-9868-57a2d4851a1d" relativeResultsDirectory="89643a28-b817-4fa3-96a3-889c2246c8e6" /><UnitTestResult executionId="8f8c52c5-48e1-4b74-a9ad-2ddb87310946" testId="54a27568-a05c-95fb-88ff-6c7180b27bed" testName="Test048" computerName="md" duration="00:00:00.0036411" startTime="2018-11-12T00:18:59.4590934-05:00" endTime="2018-11-12T00:18:59.4628298-05:00" testType="13cdc9d9-ddb5-4fa4-a97d-d965ccfc6d4b" outcome="Passed" testListId="8c84fa94-04c1-424b-9868-57a2d4851a1d" relativeResultsDirectory="8f8c52c5-48e1-4b74-a9ad-2ddb87310946" /><UnitTestResult executionId="724e0163-0ac2-4f5e-8e09-04364a05181a" testId="98674790-4d7f-6527-cb22-a077b18170ed" testName="Test010" computerName="md" duration="00:00:00.0038058" startTime="2018-11-12T00:18:59.3548382-05:00" endTime="2018-11-12T00:18:59.3588032-05:00" testType="13cdc9d9-ddb5-4fa4-a97d-d965ccfc6d4b" outcome="Passed" testListId="8c84fa94-04c1-424b-9868-57a2d4851a1d" relativeResultsDirectory="724e0163-0ac2-4f5e-8e09-04364a05181a" /><UnitTestResult executionId="fc89f16b-62f7-41f2-9538-2fb0257a683e" testId="bc2ef306-7c67-f8f2-8c7d-75761efab691" testName="Test003" computerName="md" duration="00:00:00.0006512" startTime="2018-11-12T00:19:02.2645148-05:00" endTime="2018-11-12T00:19:02.2652718-05:00" testType="13cdc9d9-ddb5-4fa4-a97d-d965ccfc6d4b" outcome="Passed" testListId="8c84fa94-04c1-424b-9868-57a2d4851a1d" relativeResultsDirectory="fc89f16b-62f7-41f2-9538-2fb0257a683e" /><UnitTestResult executionId="cee920f9-ba0b-4eb2-82e9-bbd702ad58ea" testId="173104ed-1525-63da-398b-d089ba4a70f3" testName="Test005" computerName="md" duration="00:00:00.0000082" startTime="2018-11-12T00:19:03.1863667-05:00" endTime="2018-11-12T00:19:03.1864939-05:00" testType="13cdc9d9-ddb5-4fa4-a97d-d965ccfc6d4b" outcome="Passed" testListId="8c84fa94-04c1-424b-9868-57a2d4851a1d" relativeResultsDirectory="cee920f9-ba0b-4eb2-82e9-bbd702ad58ea" /><UnitTestResult executionId="17f4ed6b-6749-4991-880c-61a7c414a883" testId="4937ea8c-8792-61b9-063b-992684785c5c" testName="Test026" computerName="md" duration="00:00:00.0020553" startTime="2018-11-12T00:18:59.0180635-05:00" endTime="2018-11-12T00:18:59.0202834-05:00" testType="13cdc9d9-ddb5-4fa4-a97d-d965ccfc6d4b" outcome="Passed" testListId="8c84fa94-04c1-424b-9868-57a2d4851a1d" relativeResultsDirectory="17f4ed6b-6749-4991-880c-61a7c414a883" /><UnitTestResult executionId="f2c3b98e-e64f-4388-bc24-11d2d0244c52" testId="05caf416-f38c-793e-319d-299513ebd286" testName="Test022" computerName="md" duration="00:00:00.0049214" startTime="2018-11-12T00:19:02.9027780-05:00" endTime="2018-11-12T00:19:02.9078323-05:00" testType="13cdc9d9-ddb5-4fa4-a97d-d965ccfc6d4b" outcome="Passed" testListId="8c84fa94-04c1-424b-9868-57a2d4851a1d" relativeResultsDirectory="f2c3b98e-e64f-4388-bc24-11d2d0244c52" /><UnitTestResult executionId="8d1de533-81b8-416d-8600-9fc6bae769d9" testId="22f5f20f-9964-43a6-da07-0e0ad36918da" testName="Test021" computerName="md" duration="00:00:00.0076619" startTime="2018-11-12T00:19:03.5987979-05:00" endTime="2018-11-12T00:19:03.6065529-05:00" testType="13cdc9d9-ddb5-4fa4-a97d-d965ccfc6d4b" outcome="Passed" testListId="8c84fa94-04c1-424b-9868-57a2d4851a1d" relativeResultsDirectory="8d1de533-81b8-416d-8600-9fc6bae769d9" /><UnitTestResult executionId="22c6e739-930b-4e20-bc16-93a3d573001d" testId="782a793b-b1f7-8311-4849-f026c39baecc" testName="Test044" computerName="md" duration="00:00:00.0060128" startTime="2018-11-12T00:19:02.1007884-05:00" endTime="2018-11-12T00:19:02.1069244-05:00" testType="13cdc9d9-ddb5-4fa4-a97d-d965ccfc6d4b" outcome="Passed" testListId="8c84fa94-04c1-424b-9868-57a2d4851a1d" relativeResultsDirectory="22c6e739-930b-4e20-bc16-93a3d573001d" /><UnitTestResult executionId="a55f57d3-b5f0-4d7e-8a39-8007740c2412" testId="5e5dfb57-ef5f-c89b-0552-f6237e64f95d" testName="Test033" computerName="md" duration="00:00:00.0031972" startTime="2018-11-12T00:19:02.0236091-05:00" endTime="2018-11-12T00:19:02.0269253-05:00" testType="13cdc9d9-ddb5-4fa4-a97d-d965ccfc6d4b" outcome="Passed" testListId="8c84fa94-04c1-424b-9868-57a2d4851a1d" relativeResultsDirectory="a55f57d3-b5f0-4d7e-8a39-8007740c2412" /><UnitTestResult executionId="2d2c4f39-9ae9-465f-8721-317940094edb" testId="a88290f6-ae06-b1e0-ff37-87c09abde8f3" testName="Test012" computerName="md" duration="00:00:00.0062374" startTime="2018-11-12T00:19:01.0290674-05:00" endTime="2018-11-12T00:19:01.0354175-05:00" testType="13cdc9d9-ddb5-4fa4-a97d-d965ccfc6d4b" outcome="Passed" testListId="8c84fa94-04c1-424b-9868-57a2d4851a1d" relativeResultsDirectory="2d2c4f39-9ae9-465f-8721-317940094edb" /><UnitTestResult executionId="f17a7d6d-5f7d-4b5b-a00e-5f736a1900cb" testId="cf295fec-0d12-ac6f-b8c9-a971d1e21111" testName="Test015" computerName="md" duration="00:00:00.0071907" startTime="2018-11-12T00:19:01.0479326-05:00" endTime="2018-11-12T00:19:01.0552198-05:00" testType="13cdc9d9-ddb5-4fa4-a97d-d965ccfc6d4b" outcome="Passed" testListId="8c84fa94-04c1-424b-9868-57a2d4851a1d" relativeResultsDirectory="f17a7d6d-5f7d-4b5b-a00e-5f736a1900cb" /><UnitTestResult executionId="ddd61d36-0cde-4ff1-b7a8-d0e6b1c894f5" testId="ffe20caf-5fa5-7ac5-8393-9f4104728b08" testName="Test002" computerName="md" duration="00:00:00.0023157" startTime="2018-11-12T00:18:59.1564587-05:00" endTime="2018-11-12T00:18:59.1588825-05:00" testType="13cdc9d9-ddb5-4fa4-a97d-d965ccfc6d4b" outcome="Passed" testListId="8c84fa94-04c1-424b-9868-57a2d4851a1d" relativeResultsDirectory="ddd61d36-0cde-4ff1-b7a8-d0e6b1c894f5" /><UnitTestResult executionId="77fde477-252f-4a94-83c2-d498fe209bb5" testId="950dffd6-bfbf-1bfd-bede-1c643e8605c6" testName="Test014" computerName="md" duration="00:00:00.0002146" startTime="2018-11-12T00:19:03.0549503-05:00" endTime="2018-11-12T00:19:03.0552979-05:00" testType="13cdc9d9-ddb5-4fa4-a97d-d965ccfc6d4b" outcome="Passed" testListId="8c84fa94-04c1-424b-9868-57a2d4851a1d" relativeResultsDirectory="77fde477-252f-4a94-83c2-d498fe209bb5" /><UnitTestResult executionId="ef171f72-72e8-4590-ade8-0f37f2647417" testId="dcf39d21-ef6e-abba-2bab-4bd79d9421e7" testName="Test013" computerName="md" duration="00:00:00.0108941" startTime="2018-11-12T00:18:57.8385620-05:00" endTime="2018-11-12T00:18:57.8495517-05:00" testType="13cdc9d9-ddb5-4fa4-a97d-d965ccfc6d4b" outcome="Passed" testListId="8c84fa94-04c1-424b-9868-57a2d4851a1d" relativeResultsDirectory="ef171f72-72e8-4590-ade8-0f37f2647417" /><UnitTestResult executionId="c44bb648-b235-494f-a340-42d75f13dd7f" testId="39074241-a060-1e78-b0a2-618c1b507d74" testName="Test331" computerName="md" duration="00:00:00.0052280" startTime="2018-11-12T00:19:00.0333695-05:00" endTime="2018-11-12T00:19:00.0387061-05:00" testType="13cdc9d9-ddb5-4fa4-a97d-d965ccfc6d4b" outcome="Passed" testListId="8c84fa94-04c1-424b-9868-57a2d4851a1d" relativeResultsDirectory="c44bb648-b235-494f-a340-42d75f13dd7f" /><UnitTestResult executionId="0e23788d-7914-413d-98a6-158ef4124437" testId="3135988c-e215-48b8-6bdd-e1c1a093b3a2" testName="Test028" computerName="md" duration="00:00:00.0029890" startTime="2018-11-12T00:19:01.7406889-05:00" endTime="2018-11-12T00:19:01.7437705-05:00" testType="13cdc9d9-ddb5-4fa4-a97d-d965ccfc6d4b" outcome="Passed" testListId="8c84fa94-04c1-424b-9868-57a2d4851a1d" relativeResultsDirectory="0e23788d-7914-413d-98a6-158ef4124437" /><UnitTestResult executionId="76a08337-3c4e-4170-9f96-34a6223cd819" testId="93bd387d-a8ae-8b03-8167-3653116c3650" testName="Test004" computerName="md" duration="00:00:00.0000297" startTime="2018-11-12T00:19:03.2050190-05:00" endTime="2018-11-12T00:19:03.2051652-05:00" testType="13cdc9d9-ddb5-4fa4-a97d-d965ccfc6d4b" outcome="Passed" testListId="8c84fa94-04c1-424b-9868-57a2d4851a1d" relativeResultsDirectory="76a08337-3c4e-4170-9f96-34a6223cd819" /><UnitTestResult executionId="e52c1a56-7e6d-47e6-9cec-0c162d6aede6" testId="58c5ef25-05d5-9e21-87dc-6bfa11919a84" testName="Test026" computerName="md" duration="00:00:00.0029333" startTime="2018-11-12T00:19:01.7340679-05:00" endTime="2018-11-12T00:19:01.7371001-05:00" testType="13cdc9d9-ddb5-4fa4-a97d-d965ccfc6d4b" outcome="Passed" testListId="8c84fa94-04c1-424b-9868-57a2d4851a1d" relativeResultsDirectory="e52c1a56-7e6d-47e6-9cec-0c162d6aede6" /><UnitTestResult executionId="70f5aba7-3890-419e-810f-1630ae4c3e92" testId="28ba292b-de6c-2683-a2f3-36c3062d470c" testName="Test047" computerName="md" duration="00:00:00.0000447" startTime="2018-11-12T00:19:03.1263770-05:00" endTime="2018-11-12T00:19:03.1265317-05:00" testType="13cdc9d9-ddb5-4fa4-a97d-d965ccfc6d4b" outcome="Passed" testListId="8c84fa94-04c1-424b-9868-57a2d4851a1d" relativeResultsDirectory="70f5aba7-3890-419e-810f-1630ae4c3e92" /><UnitTestResult executionId="14e2be11-3c10-48a7-ba3c-f5b6e8dc8ca7" testId="d8442099-3f7f-1df8-7237-829c2717a9f2" testName="Test034" computerName="md" duration="00:00:00.0052421" startTime="2018-11-12T00:18:59.4367268-05:00" endTime="2018-11-12T00:18:59.4420747-05:00" testType="13cdc9d9-ddb5-4fa4-a97d-d965ccfc6d4b" outcome="Passed" testListId="8c84fa94-04c1-424b-9868-57a2d4851a1d" relativeResultsDirectory="14e2be11-3c10-48a7-ba3c-f5b6e8dc8ca7" /><UnitTestResult executionId="4fd4e34f-9c81-43fd-b583-313735c37697" testId="5cabc07e-6d41-f470-52ed-7ed4ccaac0f1" testName="Test025" computerName="md" duration="00:00:00.0106133" startTime="2018-11-12T00:18:58.4764345-05:00" endTime="2018-11-12T00:18:58.4871423-05:00" testType="13cdc9d9-ddb5-4fa4-a97d-d965ccfc6d4b" outcome="Passed" testListId="8c84fa94-04c1-424b-9868-57a2d4851a1d" relativeResultsDirectory="4fd4e34f-9c81-43fd-b583-313735c37697" /><UnitTestResult executionId="d32602f0-37dc-450c-bb74-c50453e40235" testId="31ec8538-45d4-150a-163e-e47b3ad5f3b2" testName="Test010" computerName="md" duration="00:00:00.0078809" startTime="2018-11-12T00:19:01.0126299-05:00" endTime="2018-11-12T00:19:01.0206327-05:00" testType="13cdc9d9-ddb5-4fa4-a97d-d965ccfc6d4b" outcome="Passed" testListId="8c84fa94-04c1-424b-9868-57a2d4851a1d" relativeResultsDirectory="d32602f0-37dc-450c-bb74-c50453e40235" /><UnitTestResult executionId="b8fbad81-154e-4a54-a363-440cdf25fe46" testId="8bb4ecd4-296f-1f01-5a41-94b1c89e7a7b" testName="Test007" computerName="md" duration="00:00:00.0065830" startTime="2018-11-12T00:19:00.1214786-05:00" endTime="2018-11-12T00:19:00.1281731-05:00" testType="13cdc9d9-ddb5-4fa4-a97d-d965ccfc6d4b" outcome="Passed" testListId="8c84fa94-04c1-424b-9868-57a2d4851a1d" relativeResultsDirectory="b8fbad81-154e-4a54-a363-440cdf25fe46" /><UnitTestResult executionId="09fea6fc-9098-431b-9d54-7f42bc10764d" testId="0ac001d6-67d8-c9ae-7b06-f59d45fd2b8a" testName="Test023" computerName="md" duration="00:00:00.0066672" startTime="2018-11-12T00:19:00.4410644-05:00" endTime="2018-11-12T00:19:00.4478347-05:00" testType="13cdc9d9-ddb5-4fa4-a97d-d965ccfc6d4b" outcome="Passed" testListId="8c84fa94-04c1-424b-9868-57a2d4851a1d" relativeResultsDirectory="09fea6fc-9098-431b-9d54-7f42bc10764d" /><UnitTestResult executionId="233f81ae-53eb-4819-9b20-74e4d8bd6775" testId="355b4405-53be-1c2f-2274-fa8035613868" testName="Test232" computerName="md" duration="00:00:00.0047475" startTime="2018-11-12T00:18:59.8359244-05:00" endTime="2018-11-12T00:18:59.8407766-05:00" testType="13cdc9d9-ddb5-4fa4-a97d-d965ccfc6d4b" outcome="Passed" testListId="8c84fa94-04c1-424b-9868-57a2d4851a1d" relativeResultsDirectory="233f81ae-53eb-4819-9b20-74e4d8bd6775" /><UnitTestResult executionId="d41fd827-01b6-4a4c-9518-71e9635f81ee" testId="f924865b-ef2b-9454-2439-e8328a51a92c" testName="Test008" computerName="md" duration="00:00:00.0053235" startTime="2018-11-12T00:19:00.2602684-05:00" endTime="2018-11-12T00:19:00.2656854-05:00" testType="13cdc9d9-ddb5-4fa4-a97d-d965ccfc6d4b" outcome="Passed" testListId="8c84fa94-04c1-424b-9868-57a2d4851a1d" relativeResultsDirectory="d41fd827-01b6-4a4c-9518-71e9635f81ee" /><UnitTestResult executionId="b9af994f-d44f-490d-a478-dc806d7bd857" testId="5e81fc4f-debb-9d0c-716f-e24d390c08ca" testName="Test042" computerName="md" duration="00:00:00.0050962" startTime="2018-11-12T00:18:59.0886323-05:00" endTime="2018-11-12T00:18:59.0938433-05:00" testType="13cdc9d9-ddb5-4fa4-a97d-d965ccfc6d4b" outcome="Passed" testListId="8c84fa94-04c1-424b-9868-57a2d4851a1d" relativeResultsDirectory="b9af994f-d44f-490d-a478-dc806d7bd857" /><UnitTestResult executionId="a5521a9c-db7c-4c53-b030-d16f9c1c996d" testId="51d85aaf-7bcf-5949-a0c9-d3ffab46f33f" testName="Test025" computerName="md" duration="00:00:00.0041956" startTime="2018-11-12T00:19:01.7296324-05:00" endTime="2018-11-12T00:19:01.7340441-05:00" testType="13cdc9d9-ddb5-4fa4-a97d-d965ccfc6d4b" outcome="Passed" testListId="8c84fa94-04c1-424b-9868-57a2d4851a1d" relativeResultsDirectory="a5521a9c-db7c-4c53-b030-d16f9c1c996d" /><UnitTestResult executionId="e11e0148-d6d2-4045-80c8-2668de088181" testId="0c7751a3-5316-6a1a-9cf5-86ab7ec23143" testName="Test001" computerName="md" duration="00:00:00.0039150" startTime="2018-11-12T00:19:00.1581051-05:00" endTime="2018-11-12T00:19:00.1624333-05:00" testType="13cdc9d9-ddb5-4fa4-a97d-d965ccfc6d4b" outcome="Passed" testListId="8c84fa94-04c1-424b-9868-57a2d4851a1d" relativeResultsDirectory="e11e0148-d6d2-4045-80c8-2668de088181" /><UnitTestResult executionId="86c4a9d0-aece-415c-b095-932075fc8393" testId="e627541b-d8ad-59c8-34c9-2fe25012f049" testName="Test004" computerName="md" duration="00:00:00.0037073" startTime="2018-11-12T00:19:01.5881750-05:00" endTime="2018-11-12T00:19:01.5919724-05:00" testType="13cdc9d9-ddb5-4fa4-a97d-d965ccfc6d4b" outcome="Passed" testListId="8c84fa94-04c1-424b-9868-57a2d4851a1d" relativeResultsDirectory="86c4a9d0-aece-415c-b095-932075fc8393" /><UnitTestResult executionId="2d976ad7-3ebd-4677-9e30-892414fb667c" testId="95daee38-c787-adfb-6284-39d6c00edfe9" testName="Test008" computerName="md" duration="00:00:00.0051387" startTime="2018-11-12T00:19:00.3395701-05:00" endTime="2018-11-12T00:19:00.3448116-05:00" testType="13cdc9d9-ddb5-4fa4-a97d-d965ccfc6d4b" outcome="Passed" testListId="8c84fa94-04c1-424b-9868-57a2d4851a1d" relativeResultsDirectory="2d976ad7-3ebd-4677-9e30-892414fb667c" /><UnitTestResult executionId="bac7dabf-e0e1-45f6-ab61-83b0eda07c84" testId="438eb814-4bd8-fcc0-e335-fbd4feba5ba9" testName="Test024" computerName="md" duration="00:00:00.0075149" startTime="2018-11-12T00:19:02.4697000-05:00" endTime="2018-11-12T00:19:02.4774200-05:00" testType="13cdc9d9-ddb5-4fa4-a97d-d965ccfc6d4b" outcome="Passed" testListId="8c84fa94-04c1-424b-9868-57a2d4851a1d" relativeResultsDirectory="bac7dabf-e0e1-45f6-ab61-83b0eda07c84" /><UnitTestResult executionId="563a4586-a269-464d-8d29-f548567e3b2c" testId="9a69535b-14f3-3a85-5481-6be07ee9b3cb" testName="Test001" computerName="md" duration="00:00:00.0054675" startTime="2018-11-12T00:19:01.5131306-05:00" endTime="2018-11-12T00:19:01.5191215-05:00" testType="13cdc9d9-ddb5-4fa4-a97d-d965ccfc6d4b" outcome="Passed" testListId="8c84fa94-04c1-424b-9868-57a2d4851a1d" relativeResultsDirectory="563a4586-a269-464d-8d29-f548567e3b2c" /><UnitTestResult executionId="9133f915-3385-4b94-a3cb-7f73e5c2ec35" testId="bf43449f-989f-ee4d-4cd9-8f733a4342dd" testName="Test002" computerName="md" duration="00:00:00.0027251" startTime="2018-11-12T00:19:00.7457769-05:00" endTime="2018-11-12T00:19:00.7486544-05:00" testType="13cdc9d9-ddb5-4fa4-a97d-d965ccfc6d4b" outcome="Passed" testListId="8c84fa94-04c1-424b-9868-57a2d4851a1d" relativeResultsDirectory="9133f915-3385-4b94-a3cb-7f73e5c2ec35" /><UnitTestResult executionId="bd1e907b-04e2-438f-ac45-ce904d4ec170" testId="3d6fafc9-3e91-f36c-3edc-574dfd67ac73" testName="Test003" computerName="md" duration="00:00:00.0000093" startTime="2018-11-12T00:19:03.1861051-05:00" endTime="2018-11-12T00:19:03.1862237-05:00" testType="13cdc9d9-ddb5-4fa4-a97d-d965ccfc6d4b" outcome="Passed" testListId="8c84fa94-04c1-424b-9868-57a2d4851a1d" relativeResultsDirectory="bd1e907b-04e2-438f-ac45-ce904d4ec170" /><UnitTestResult executionId="439f2301-e49e-46eb-830f-da0f8e36e5e5" testId="9be8e74a-6d6a-cd9b-cf79-91b3d82d7f27" testName="Test093" computerName="md" duration="00:00:00.0015603" startTime="2018-11-12T00:18:58.7591471-05:00" endTime="2018-11-12T00:18:58.7608322-05:00" testType="13cdc9d9-ddb5-4fa4-a97d-d965ccfc6d4b" outcome="Passed" testListId="8c84fa94-04c1-424b-9868-57a2d4851a1d" relativeResultsDirectory="439f2301-e49e-46eb-830f-da0f8e36e5e5" /><UnitTestResult executionId="7b9f3793-57ee-4e51-9ff7-9cb988fa51c4" testId="4178ea70-13e5-cdcd-af9e-b1a5bf5d70b8" testName="Test004" computerName="md" duration="00:00:00.0000083" startTime="2018-11-12T00:19:03.1862390-05:00" endTime="2018-11-12T00:19:03.1863550-05:00" testType="13cdc9d9-ddb5-4fa4-a97d-d965ccfc6d4b" outcome="Passed" testListId="8c84fa94-04c1-424b-9868-57a2d4851a1d" relativeResultsDirectory="7b9f3793-57ee-4e51-9ff7-9cb988fa51c4" /><UnitTestResult executionId="34122b3f-b95b-4996-85bd-95729b29c4fc" testId="5a21338e-ef69-7c69-5aa4-33773e4cd2bf" testName="Test008" computerName="md" duration="00:00:00.0037697" startTime="2018-11-12T00:19:02.3622019-05:00" endTime="2018-11-12T00:19:02.3660977-05:00" testType="13cdc9d9-ddb5-4fa4-a97d-d965ccfc6d4b" outcome="Passed" testListId="8c84fa94-04c1-424b-9868-57a2d4851a1d" relativeResultsDirectory="34122b3f-b95b-4996-85bd-95729b29c4fc" /><UnitTestResult executionId="738c99b2-6fdf-42ac-b68b-1af22b5448e1" testId="8483bb7e-7be5-3a63-175a-9d35bcd15bcb" testName="Test022" computerName="md" duration="00:00:00.0039236" startTime="2018-11-12T00:19:00.9243314-05:00" endTime="2018-11-12T00:19:00.9283553-05:00" testType="13cdc9d9-ddb5-4fa4-a97d-d965ccfc6d4b" outcome="Passed" testListId="8c84fa94-04c1-424b-9868-57a2d4851a1d" relativeResultsDirectory="738c99b2-6fdf-42ac-b68b-1af22b5448e1" /><UnitTestResult executionId="18c6ffcc-5743-4885-b4e4-0f66fb5be776" testId="84e888fc-8175-dd75-45ec-443533f5ea58" testName="Test348" computerName="md" duration="00:00:00.0302099" startTime="2018-11-12T00:18:59.1899921-05:00" endTime="2018-11-12T00:18:59.2234526-05:00" testType="13cdc9d9-ddb5-4fa4-a97d-d965ccfc6d4b" outcome="Passed" testListId="8c84fa94-04c1-424b-9868-57a2d4851a1d" relativeResultsDirectory="18c6ffcc-5743-4885-b4e4-0f66fb5be776" /><UnitTestResult executionId="05a0ce13-ef89-4a69-9866-814feb1d4537" testId="0322d7c2-c834-8d2b-af2a-5d1b556221fc" testName="Test150" computerName="md" duration="00:00:00.0043023" startTime="2018-11-12T00:18:59.6668219-05:00" endTime="2018-11-12T00:18:59.6712156-05:00" testType="13cdc9d9-ddb5-4fa4-a97d-d965ccfc6d4b" outcome="Passed" testListId="8c84fa94-04c1-424b-9868-57a2d4851a1d" relativeResultsDirectory="05a0ce13-ef89-4a69-9866-814feb1d4537" /><UnitTestResult executionId="78678186-43d0-4183-b759-2dad98da071e" testId="6f24177c-e4c0-2f45-a9c0-7ab57e98ffd7" testName="Test012" computerName="md" duration="00:00:00.0044136" startTime="2018-11-12T00:19:00.7980885-05:00" endTime="2018-11-12T00:19:00.8025938-05:00" testType="13cdc9d9-ddb5-4fa4-a97d-d965ccfc6d4b" outcome="Passed" testListId="8c84fa94-04c1-424b-9868-57a2d4851a1d" relativeResultsDirectory="78678186-43d0-4183-b759-2dad98da071e" /><UnitTestResult executionId="06813a45-a6dd-4ab1-a936-9f18ba253288" testId="3e3d389a-590e-6cb8-055e-424fdcf1a891" testName="Test045" computerName="md" duration="00:00:00.0105222" startTime="2018-11-12T00:18:59.1102393-05:00" endTime="2018-11-12T00:18:59.1208646-05:00" testType="13cdc9d9-ddb5-4fa4-a97d-d965ccfc6d4b" outcome="Passed" testListId="8c84fa94-04c1-424b-9868-57a2d4851a1d" relativeResultsDirectory="06813a45-a6dd-4ab1-a936-9f18ba253288" /><UnitTestResult executionId="a776f75a-e5a5-4f10-94b8-9bc90da0d28f" testId="951790b3-2128-64f5-0402-fbc70ed81bd6" testName="Test003" computerName="md" duration="00:00:00.0001444" startTime="2018-11-12T00:19:01.7974277-05:00" endTime="2018-11-12T00:19:01.7976642-05:00" testType="13cdc9d9-ddb5-4fa4-a97d-d965ccfc6d4b" outcome="Passed" testListId="8c84fa94-04c1-424b-9868-57a2d4851a1d" relativeResultsDirectory="a776f75a-e5a5-4f10-94b8-9bc90da0d28f" /><UnitTestResult executionId="b481f96a-3400-466f-a6d3-6727e36bf2be" testId="d4b4277f-f1d6-62c1-8e00-522321d5f848" testName="Test008" computerName="md" duration="00:00:00.0043925" startTime="2018-11-12T00:19:00.1976148-05:00" endTime="2018-11-12T00:19:00.2021364-05:00" testType="13cdc9d9-ddb5-4fa4-a97d-d965ccfc6d4b" outcome="Passed" testListId="8c84fa94-04c1-424b-9868-57a2d4851a1d" relativeResultsDirectory="b481f96a-3400-466f-a6d3-6727e36bf2be" /><UnitTestResult executionId="fa677d64-4a37-4831-adfa-19ae59fa7059" testId="3a8ea150-505e-5115-074b-a538693b8485" testName="Test037" computerName="md" duration="00:00:00.0138128" startTime="2018-11-12T00:19:01.2668675-05:00" endTime="2018-11-12T00:19:01.2808030-05:00" testType="13cdc9d9-ddb5-4fa4-a97d-d965ccfc6d4b" outcome="Passed" testListId="8c84fa94-04c1-424b-9868-57a2d4851a1d" relativeResultsDirectory="fa677d64-4a37-4831-adfa-19ae59fa7059" /><UnitTestResult executionId="a67054ca-f495-4245-b6cd-a733971c29d6" testId="31471ed3-fd61-51be-8945-6d771c5e296d" testName="Test024" computerName="md" duration="00:00:00.0089470" startTime="2018-11-12T00:19:01.1253087-05:00" endTime="2018-11-12T00:19:01.1343544-05:00" testType="13cdc9d9-ddb5-4fa4-a97d-d965ccfc6d4b" outcome="Passed" testListId="8c84fa94-04c1-424b-9868-57a2d4851a1d" relativeResultsDirectory="a67054ca-f495-4245-b6cd-a733971c29d6" /><UnitTestResult executionId="544e88b6-d079-4f06-82ea-337685fe47ff" testId="b580010a-8dd8-77b5-5b3f-e8e6d529465c" testName="Test001" computerName="md" duration="00:00:00.0006720" startTime="2018-11-12T00:19:03.3002859-05:00" endTime="2018-11-12T00:19:03.3015741-05:00" testType="13cdc9d9-ddb5-4fa4-a97d-d965ccfc6d4b" outcome="Passed" testListId="8c84fa94-04c1-424b-9868-57a2d4851a1d" relativeResultsDirectory="544e88b6-d079-4f06-82ea-337685fe47ff" /><UnitTestResult executionId="3ee260e9-3e4b-4cec-86d6-c53860ec20a7" testId="356cf706-aeb8-c7f9-5704-b355a03f01ed" testName="Test046" computerName="md" duration="00:00:00.0132983" startTime="2018-11-12T00:18:59.1208799-05:00" endTime="2018-11-12T00:18:59.1342748-05:00" testType="13cdc9d9-ddb5-4fa4-a97d-d965ccfc6d4b" outcome="Passed" testListId="8c84fa94-04c1-424b-9868-57a2d4851a1d" relativeResultsDirectory="3ee260e9-3e4b-4cec-86d6-c53860ec20a7" /><UnitTestResult executionId="543ea7c7-d636-4251-abff-ae9e91acc77a" testId="93088d88-9260-c576-4c59-95ce3b28c080" testName="Test035" computerName="md" duration="00:00:00.0086068" startTime="2018-11-12T00:19:01.2381318-05:00" endTime="2018-11-12T00:19:01.2468322-05:00" testType="13cdc9d9-ddb5-4fa4-a97d-d965ccfc6d4b" outcome="Passed" testListId="8c84fa94-04c1-424b-9868-57a2d4851a1d" relativeResultsDirectory="543ea7c7-d636-4251-abff-ae9e91acc77a" /><UnitTestResult executionId="872be4ef-d603-4ee6-b295-7191daa4471b" testId="74228298-b4ea-b4a1-c962-3c238f63613b" testName="Test007" computerName="md" duration="00:00:00.0075916" startTime="2018-11-12T00:19:03.4594544-05:00" endTime="2018-11-12T00:19:03.4671381-05:00" testType="13cdc9d9-ddb5-4fa4-a97d-d965ccfc6d4b" outcome="Passed" testListId="8c84fa94-04c1-424b-9868-57a2d4851a1d" relativeResultsDirectory="872be4ef-d603-4ee6-b295-7191daa4471b" /><UnitTestResult executionId="1d53cd5b-8645-4701-aaa1-874884b3c09b" testId="fb163046-f909-3234-7c71-a42bd0997fd3" testName="Test011" computerName="md" duration="00:00:00.0077377" startTime="2018-11-12T00:19:03.4947368-05:00" endTime="2018-11-12T00:19:03.5025662-05:00" testType="13cdc9d9-ddb5-4fa4-a97d-d965ccfc6d4b" outcome="Passed" testListId="8c84fa94-04c1-424b-9868-57a2d4851a1d" relativeResultsDirectory="1d53cd5b-8645-4701-aaa1-874884b3c09b" /><UnitTestResult executionId="ac32b46d-41fe-46d4-b8a0-9a189699b0c6" testId="cd6df822-8e0b-9de1-7f80-72642f96b3ea" testName="Test015" computerName="md" duration="00:00:00.0053424" startTime="2018-11-12T00:19:00.6159493-05:00" endTime="2018-11-12T00:19:00.6213838-05:00" testType="13cdc9d9-ddb5-4fa4-a97d-d965ccfc6d4b" outcome="Passed" testListId="8c84fa94-04c1-424b-9868-57a2d4851a1d" relativeResultsDirectory="ac32b46d-41fe-46d4-b8a0-9a189699b0c6" /><UnitTestResult executionId="554c666d-d9f7-402e-a26d-523e57ebeb0a" testId="5dd08fda-2325-51cc-39ba-b396b4b27068" testName="Test011" computerName="md" duration="00:00:00.0000346" startTime="2018-11-12T00:19:03.0871299-05:00" endTime="2018-11-12T00:19:03.0872819-05:00" testType="13cdc9d9-ddb5-4fa4-a97d-d965ccfc6d4b" outcome="Passed" testListId="8c84fa94-04c1-424b-9868-57a2d4851a1d" relativeResultsDirectory="554c666d-d9f7-402e-a26d-523e57ebeb0a" /><UnitTestResult executionId="90009763-6f14-41a4-a4e1-fbcc5ee34cda" testId="58f22a4b-ce13-1d93-74f6-d2e015a58cf3" testName="Test220" computerName="md" duration="00:00:00.0044202" startTime="2018-11-12T00:18:59.7943277-05:00" endTime="2018-11-12T00:18:59.7988497-05:00" testType="13cdc9d9-ddb5-4fa4-a97d-d965ccfc6d4b" outcome="Passed" testListId="8c84fa94-04c1-424b-9868-57a2d4851a1d" relativeResultsDirectory="90009763-6f14-41a4-a4e1-fbcc5ee34cda" /><UnitTestResult executionId="eecc033c-2356-4a78-baf1-b9f70772f788" testId="7b71d061-d061-55fc-2d80-c0e3cca6efea" testName="Test005" computerName="md" duration="00:00:00.0024416" startTime="2018-11-12T00:19:02.2673869-05:00" endTime="2018-11-12T00:19:02.2699372-05:00" testType="13cdc9d9-ddb5-4fa4-a97d-d965ccfc6d4b" outcome="Passed" testListId="8c84fa94-04c1-424b-9868-57a2d4851a1d" relativeResultsDirectory="eecc033c-2356-4a78-baf1-b9f70772f788" /><UnitTestResult executionId="54406f84-31c1-4f39-b30a-4e25d2a9afca" testId="775d3775-367f-4f17-efeb-d3a99e2febc4" testName="Test060" computerName="md" duration="00:00:00.0008164" startTime="2018-11-12T00:18:59.1492033-05:00" endTime="2018-11-12T00:18:59.1501199-05:00" testType="13cdc9d9-ddb5-4fa4-a97d-d965ccfc6d4b" outcome="Passed" testListId="8c84fa94-04c1-424b-9868-57a2d4851a1d" relativeResultsDirectory="54406f84-31c1-4f39-b30a-4e25d2a9afca" /><UnitTestResult executionId="cdf79dfc-4a0a-48f5-acd7-7d96827156d5" testId="2c9315b9-1e9d-aefd-6df0-7a94fa3f5c98" testName="Test016" computerName="md" duration="00:00:00.0000132" startTime="2018-11-12T00:19:03.0776124-05:00" endTime="2018-11-12T00:19:03.0777270-05:00" testType="13cdc9d9-ddb5-4fa4-a97d-d965ccfc6d4b" outcome="Passed" testListId="8c84fa94-04c1-424b-9868-57a2d4851a1d" relativeResultsDirectory="cdf79dfc-4a0a-48f5-acd7-7d96827156d5" /><UnitTestResult executionId="0e3c9244-88c3-41f9-aebb-03ad92cbdf0b" testId="81e3514c-85b5-13db-9900-b20627ac61fb" testName="Test407" computerName="md" duration="00:00:00.0075933" startTime="2018-11-12T00:18:59.2996346-05:00" endTime="2018-11-12T00:18:59.3073905-05:00" testType="13cdc9d9-ddb5-4fa4-a97d-d965ccfc6d4b" outcome="Passed" testListId="8c84fa94-04c1-424b-9868-57a2d4851a1d" relativeResultsDirectory="0e3c9244-88c3-41f9-aebb-03ad92cbdf0b" /><UnitTestResult executionId="3eb62347-ebb1-46bf-bb37-c18fa49c25f4" testId="02862b97-ac6f-cf1a-7391-ec9373bae700" testName="Test001" computerName="md" duration="00:00:00.0002902" startTime="2018-11-12T00:19:00.2021502-05:00" endTime="2018-11-12T00:19:00.2027838-05:00" testType="13cdc9d9-ddb5-4fa4-a97d-d965ccfc6d4b" outcome="Passed" testListId="8c84fa94-04c1-424b-9868-57a2d4851a1d" relativeResultsDirectory="3eb62347-ebb1-46bf-bb37-c18fa49c25f4" /><UnitTestResult executionId="99802d50-0f65-4ac1-8151-206c9e5248b2" testId="586b3ab1-e899-c6c7-9e1f-c9b0e3e10ad9" testName="Test001" computerName="md" duration="00:00:00.0003996" startTime="2018-11-12T00:19:02.9385499-05:00" endTime="2018-11-12T00:19:02.9390571-05:00" testType="13cdc9d9-ddb5-4fa4-a97d-d965ccfc6d4b" outcome="Passed" testListId="8c84fa94-04c1-424b-9868-57a2d4851a1d" relativeResultsDirectory="99802d50-0f65-4ac1-8151-206c9e5248b2" /><UnitTestResult executionId="fd9e8680-8a2b-4a35-91f9-b2ee0c4953c0" testId="288dc689-7969-37cd-8c00-09b446b4ff29" testName="Test020" computerName="md" duration="00:00:00.0000101" startTime="2018-11-12T00:19:03.0781359-05:00" endTime="2018-11-12T00:19:03.0782510-05:00" testType="13cdc9d9-ddb5-4fa4-a97d-d965ccfc6d4b" outcome="Passed" testListId="8c84fa94-04c1-424b-9868-57a2d4851a1d" relativeResultsDirectory="fd9e8680-8a2b-4a35-91f9-b2ee0c4953c0" /><UnitTestResult executionId="d32f9c3d-eaca-48bb-893a-e3b3db4529bd" testId="826d7278-4cb0-54c3-bcb6-4b1c571021fc" testName="Test006" computerName="md" duration="00:00:00.0058270" startTime="2018-11-12T00:19:02.2304134-05:00" endTime="2018-11-12T00:19:02.2363510-05:00" testType="13cdc9d9-ddb5-4fa4-a97d-d965ccfc6d4b" outcome="Passed" testListId="8c84fa94-04c1-424b-9868-57a2d4851a1d" relativeResultsDirectory="d32f9c3d-eaca-48bb-893a-e3b3db4529bd" /><UnitTestResult executionId="0fb8adce-3d81-4c14-87c2-74ceecc6b756" testId="6003dd3e-32eb-53bd-34cc-f0e21f7bdad9" testName="Test011" computerName="md" duration="00:00:00.0000350" startTime="2018-11-12T00:19:03.1964714-05:00" endTime="2018-11-12T00:19:03.1966060-05:00" testType="13cdc9d9-ddb5-4fa4-a97d-d965ccfc6d4b" outcome="Passed" testListId="8c84fa94-04c1-424b-9868-57a2d4851a1d" relativeResultsDirectory="0fb8adce-3d81-4c14-87c2-74ceecc6b756" /><UnitTestResult executionId="99e285f0-ae58-465e-a2b7-d16a021e5e10" testId="0b45ddb3-73d3-0bc5-c6fb-6e4ea4dfc3b0" testName="Test211" computerName="md" duration="00:00:00.0046045" startTime="2018-11-12T00:18:59.7353529-05:00" endTime="2018-11-12T00:18:59.7402637-05:00" testType="13cdc9d9-ddb5-4fa4-a97d-d965ccfc6d4b" outcome="Passed" testListId="8c84fa94-04c1-424b-9868-57a2d4851a1d" relativeResultsDirectory="99e285f0-ae58-465e-a2b7-d16a021e5e10" /><UnitTestResult executionId="9ab106f5-8b4b-47de-8a4c-a2db42ba2bf8" testId="6a8448e6-5704-52e1-5735-2b1d4a492962" testName="Test004" computerName="md" duration="00:00:00.0019805" startTime="2018-11-12T00:19:02.2652845-05:00" endTime="2018-11-12T00:19:02.2673727-05:00" testType="13cdc9d9-ddb5-4fa4-a97d-d965ccfc6d4b" outcome="Passed" testListId="8c84fa94-04c1-424b-9868-57a2d4851a1d" relativeResultsDirectory="9ab106f5-8b4b-47de-8a4c-a2db42ba2bf8" /><UnitTestResult executionId="1ce35adf-2c24-46b4-9764-1693ac5cfba4" testId="686dcb5f-9d04-c5d4-d316-774e42a79da9" testName="Test011" computerName="md" duration="00:00:00.0041669" startTime="2018-11-12T00:19:01.9100465-05:00" endTime="2018-11-12T00:19:01.9143310-05:00" testType="13cdc9d9-ddb5-4fa4-a97d-d965ccfc6d4b" outcome="Passed" testListId="8c84fa94-04c1-424b-9868-57a2d4851a1d" relativeResultsDirectory="1ce35adf-2c24-46b4-9764-1693ac5cfba4" /><UnitTestResult executionId="43ac4014-77b4-4673-8de0-45f4f5b107f1" testId="7a29f417-e452-1bf6-0eb0-4f649898db60" testName="Test002" computerName="md" duration="00:00:00.0000224" startTime="2018-11-12T00:19:03.2745253-05:00" endTime="2018-11-12T00:19:03.2746599-05:00" testType="13cdc9d9-ddb5-4fa4-a97d-d965ccfc6d4b" outcome="Passed" testListId="8c84fa94-04c1-424b-9868-57a2d4851a1d" relativeResultsDirectory="43ac4014-77b4-4673-8de0-45f4f5b107f1" /><UnitTestResult executionId="d8014db1-e1c9-4f45-9d30-b3edf6db7097" testId="47f4088f-8772-87fe-7e27-ccb0b9758e03" testName="Test021" computerName="md" duration="00:00:00.0001742" startTime="2018-11-12T00:19:01.8664442-05:00" endTime="2018-11-12T00:19:01.8667302-05:00" testType="13cdc9d9-ddb5-4fa4-a97d-d965ccfc6d4b" outcome="Passed" testListId="8c84fa94-04c1-424b-9868-57a2d4851a1d" relativeResultsDirectory="d8014db1-e1c9-4f45-9d30-b3edf6db7097" /><UnitTestResult executionId="89e94a1d-9948-4e3b-9a65-563e78c6a797" testId="d3748a50-004e-d4eb-5f2b-4d648526af96" testName="Test107" computerName="md" duration="00:00:00.0043616" startTime="2018-11-12T00:18:59.5137707-05:00" endTime="2018-11-12T00:18:59.5182371-05:00" testType="13cdc9d9-ddb5-4fa4-a97d-d965ccfc6d4b" outcome="Passed" testListId="8c84fa94-04c1-424b-9868-57a2d4851a1d" relativeResultsDirectory="89e94a1d-9948-4e3b-9a65-563e78c6a797" /><UnitTestResult executionId="74be6c8e-6e6e-4a0d-8778-427c9ea55d58" testId="c410c035-e297-f618-320e-039f505a1bec" testName="Test009" computerName="md" duration="00:00:00.0029089" startTime="2018-11-12T00:19:01.6282260-05:00" endTime="2018-11-12T00:19:01.6312272-05:00" testType="13cdc9d9-ddb5-4fa4-a97d-d965ccfc6d4b" outcome="Passed" testListId="8c84fa94-04c1-424b-9868-57a2d4851a1d" relativeResultsDirectory="74be6c8e-6e6e-4a0d-8778-427c9ea55d58" /><UnitTestResult executionId="d9f2e5de-c873-4923-b823-50ae8f4f038b" testId="df4deba8-f561-4995-dc63-877ec5eaf6f0" testName="Test002" computerName="md" duration="00:00:00.0000223" startTime="2018-11-12T00:19:03.3762657-05:00" endTime="2018-11-12T00:19:03.3763855-05:00" testType="13cdc9d9-ddb5-4fa4-a97d-d965ccfc6d4b" outcome="Passed" testListId="8c84fa94-04c1-424b-9868-57a2d4851a1d" relativeResultsDirectory="d9f2e5de-c873-4923-b823-50ae8f4f038b" /><UnitTestResult executionId="f5e012ac-5f5d-487e-a2eb-700c9a65af48" testId="1a1e82cf-bea2-d00e-9612-30c27ca4ec12" testName="Test012" computerName="md" duration="00:00:00.0001889" startTime="2018-11-12T00:19:03.0448236-05:00" endTime="2018-11-12T00:19:03.0451237-05:00" testType="13cdc9d9-ddb5-4fa4-a97d-d965ccfc6d4b" outcome="Passed" testListId="8c84fa94-04c1-424b-9868-57a2d4851a1d" relativeResultsDirectory="f5e012ac-5f5d-487e-a2eb-700c9a65af48" /><UnitTestResult executionId="465a397a-293c-453a-83c7-42b36b2348c7" testId="bc162db1-6610-9ca7-a55c-2c65a4e6d73e" testName="Test037" computerName="md" duration="00:00:00.0037697" startTime="2018-11-12T00:18:59.4509818-05:00" endTime="2018-11-12T00:18:59.4548605-05:00" testType="13cdc9d9-ddb5-4fa4-a97d-d965ccfc6d4b" outcome="Passed" testListId="8c84fa94-04c1-424b-9868-57a2d4851a1d" relativeResultsDirectory="465a397a-293c-453a-83c7-42b36b2348c7" /><UnitTestResult executionId="3a756408-4344-47d7-bd11-eaaf44e422a2" testId="2b2e8cb0-60dd-bb6e-515b-b27c5203bc14" testName="Test012" computerName="md" duration="00:00:00.0046335" startTime="2018-11-12T00:19:01.9143481-05:00" endTime="2018-11-12T00:19:01.9190876-05:00" testType="13cdc9d9-ddb5-4fa4-a97d-d965ccfc6d4b" outcome="Passed" testListId="8c84fa94-04c1-424b-9868-57a2d4851a1d" relativeResultsDirectory="3a756408-4344-47d7-bd11-eaaf44e422a2" /><UnitTestResult executionId="7a02549f-8647-49d6-ac69-ae184c5e5fed" testId="f00e0780-b9fb-d28c-ef62-b0c65cc56daa" testName="Test001" computerName="md" duration="00:00:00.0031190" startTime="2018-11-12T00:19:00.7486701-05:00" endTime="2018-11-12T00:19:00.7523070-05:00" testType="13cdc9d9-ddb5-4fa4-a97d-d965ccfc6d4b" outcome="Passed" testListId="8c84fa94-04c1-424b-9868-57a2d4851a1d" relativeResultsDirectory="7a02549f-8647-49d6-ac69-ae184c5e5fed" /><UnitTestResult executionId="9487b609-0624-48f1-aae6-48d19287c37e" testId="bde7e434-d8cd-aa0b-7050-881c7eb24f70" testName="Test005" computerName="md" duration="00:00:00.0083764" startTime="2018-11-12T00:19:03.4443162-05:00" endTime="2018-11-12T00:19:03.4527915-05:00" testType="13cdc9d9-ddb5-4fa4-a97d-d965ccfc6d4b" outcome="Passed" testListId="8c84fa94-04c1-424b-9868-57a2d4851a1d" relativeResultsDirectory="9487b609-0624-48f1-aae6-48d19287c37e" /><UnitTestResult executionId="ef0c381e-c266-4240-bae2-5154c2523886" testId="85195b57-5178-ae13-45c5-5d59f8543b4d" testName="Test019" computerName="md" duration="00:00:00.0058348" startTime="2018-11-12T00:19:00.6395312-05:00" endTime="2018-11-12T00:19:00.6454518-05:00" testType="13cdc9d9-ddb5-4fa4-a97d-d965ccfc6d4b" outcome="Passed" testListId="8c84fa94-04c1-424b-9868-57a2d4851a1d" relativeResultsDirectory="ef0c381e-c266-4240-bae2-5154c2523886" /><UnitTestResult executionId="6ba109dc-7319-414b-a1e8-feb2c0d0ccb2" testId="fda5d0e6-2110-a654-1032-3b4849532f07" testName="Test004" computerName="md" duration="00:00:00.0001527" startTime="2018-11-12T00:19:02.2297981-05:00" endTime="2018-11-12T00:19:02.2300539-05:00" testType="13cdc9d9-ddb5-4fa4-a97d-d965ccfc6d4b" outcome="Passed" testListId="8c84fa94-04c1-424b-9868-57a2d4851a1d" relativeResultsDirectory="6ba109dc-7319-414b-a1e8-feb2c0d0ccb2" /><UnitTestResult executionId="ead51689-2751-4f42-867b-ef29a8f65fb2" testId="ad14716a-ebda-8e04-391d-2f2b6cd2111d" testName="Test131" computerName="md" duration="00:00:00.0043884" startTime="2018-11-12T00:18:59.6045074-05:00" endTime="2018-11-12T00:18:59.6089905-05:00" testType="13cdc9d9-ddb5-4fa4-a97d-d965ccfc6d4b" outcome="Passed" testListId="8c84fa94-04c1-424b-9868-57a2d4851a1d" relativeResultsDirectory="ead51689-2751-4f42-867b-ef29a8f65fb2" /><UnitTestResult executionId="41952b82-5f34-408b-a577-ac8070e56fda" testId="ba9ac8c1-ba7e-b616-4b8a-583c326a9714" testName="Test009" computerName="md" duration="00:00:00.0007522" startTime="2018-11-12T00:18:59.1758228-05:00" endTime="2018-11-12T00:18:59.1766664-05:00" testType="13cdc9d9-ddb5-4fa4-a97d-d965ccfc6d4b" outcome="Passed" testListId="8c84fa94-04c1-424b-9868-57a2d4851a1d" relativeResultsDirectory="41952b82-5f34-408b-a577-ac8070e56fda" /><UnitTestResult executionId="85ca4be2-d5a6-44e4-9890-0371c8f280ed" testId="17da1002-42cb-252e-c24f-1d34361586ab" testName="Test011" computerName="md" duration="00:00:00.0037171" startTime="2018-11-12T00:18:59.3588168-05:00" endTime="2018-11-12T00:18:59.3627793-05:00" testType="13cdc9d9-ddb5-4fa4-a97d-d965ccfc6d4b" outcome="Passed" testListId="8c84fa94-04c1-424b-9868-57a2d4851a1d" relativeResultsDirectory="85ca4be2-d5a6-44e4-9890-0371c8f280ed" /><UnitTestResult executionId="7465e515-663d-4106-b1fc-246978b1ea18" testId="26917f5c-4dbb-01f0-513b-3b0627237040" testName="Test043" computerName="md" duration="00:00:00.0036426" startTime="2018-11-12T00:19:01.5662872-05:00" endTime="2018-11-12T00:19:01.5700242-05:00" testType="13cdc9d9-ddb5-4fa4-a97d-d965ccfc6d4b" outcome="Passed" testListId="8c84fa94-04c1-424b-9868-57a2d4851a1d" relativeResultsDirectory="7465e515-663d-4106-b1fc-246978b1ea18" /><UnitTestResult executionId="08928893-b4cb-401c-8995-1b05e5c7a506" testId="5656906d-3c79-c02a-1f42-b912e71d8e2b" testName="Test401" computerName="md" duration="00:00:00.0064036" startTime="2018-11-12T00:18:59.2471862-05:00" endTime="2018-11-12T00:18:59.2538021-05:00" testType="13cdc9d9-ddb5-4fa4-a97d-d965ccfc6d4b" outcome="Passed" testListId="8c84fa94-04c1-424b-9868-57a2d4851a1d" relativeResultsDirectory="08928893-b4cb-401c-8995-1b05e5c7a506" /><UnitTestResult executionId="6c3e6bc4-0fd9-4d13-87f0-64e1cf2885e5" testId="53215491-2fbc-f32d-742c-fb23b6f68a5c" testName="Test214" computerName="md" duration="00:00:00.0058514" startTime="2018-11-12T00:18:59.7637217-05:00" endTime="2018-11-12T00:18:59.7696772-05:00" testType="13cdc9d9-ddb5-4fa4-a97d-d965ccfc6d4b" outcome="Passed" testListId="8c84fa94-04c1-424b-9868-57a2d4851a1d" relativeResultsDirectory="6c3e6bc4-0fd9-4d13-87f0-64e1cf2885e5" /><UnitTestResult executionId="f3ed0627-9cb2-4c56-8a1c-c64c9ad25e46" testId="735ee966-f517-408a-0362-619dc1c37889" testName="Test026" computerName="md" duration="00:00:00.0183375" startTime="2018-11-12T00:18:58.4953313-05:00" endTime="2018-11-12T00:18:58.5138186-05:00" testType="13cdc9d9-ddb5-4fa4-a97d-d965ccfc6d4b" outcome="Passed" testListId="8c84fa94-04c1-424b-9868-57a2d4851a1d" relativeResultsDirectory="f3ed0627-9cb2-4c56-8a1c-c64c9ad25e46" /><UnitTestResult executionId="cbe0d10f-56bb-4735-8bba-fe3c0585a6eb" testId="c1dfcc8b-8967-78af-e937-2cacfb688bfb" testName="Test004" computerName="md" duration="00:00:00.0002002" startTime="2018-11-12T00:19:02.9382432-05:00" endTime="2018-11-12T00:19:02.9385374-05:00" testType="13cdc9d9-ddb5-4fa4-a97d-d965ccfc6d4b" outcome="Passed" testListId="8c84fa94-04c1-424b-9868-57a2d4851a1d" relativeResultsDirectory="cbe0d10f-56bb-4735-8bba-fe3c0585a6eb" /><UnitTestResult executionId="7c3bd2e3-d15c-4734-ba4f-e0d6c6cd4369" testId="789b92f8-29e1-0e26-7cab-709c3e67ea37" testName="Test055" computerName="md" duration="00:00:00.0053659" startTime="2018-11-12T00:19:02.1702185-05:00" endTime="2018-11-12T00:19:02.1756911-05:00" testType="13cdc9d9-ddb5-4fa4-a97d-d965ccfc6d4b" outcome="Passed" testListId="8c84fa94-04c1-424b-9868-57a2d4851a1d" relativeResultsDirectory="7c3bd2e3-d15c-4734-ba4f-e0d6c6cd4369" /><UnitTestResult executionId="6b62f1af-e8b9-4fdc-8a6a-ff61df8e60e6" testId="c0392f49-3dac-c20f-ed7e-be7e8eb76db7" testName="Test020" computerName="md" duration="00:00:00.0033865" startTime="2018-11-12T00:19:02.7347976-05:00" endTime="2018-11-12T00:19:02.7383009-05:00" testType="13cdc9d9-ddb5-4fa4-a97d-d965ccfc6d4b" outcome="Passed" testListId="8c84fa94-04c1-424b-9868-57a2d4851a1d" relativeResultsDirectory="6b62f1af-e8b9-4fdc-8a6a-ff61df8e60e6" /><UnitTestResult executionId="d19aa519-2499-4f45-a934-2016c85e5c3f" testId="c513e0ce-508d-ee62-6ae7-5e839406e1dc" testName="Test009" computerName="md" duration="00:00:00.0001945" startTime="2018-11-12T00:19:03.0438896-05:00" endTime="2018-11-12T00:19:03.0441943-05:00" testType="13cdc9d9-ddb5-4fa4-a97d-d965ccfc6d4b" outcome="Passed" testListId="8c84fa94-04c1-424b-9868-57a2d4851a1d" relativeResultsDirectory="d19aa519-2499-4f45-a934-2016c85e5c3f" /><UnitTestResult executionId="b7f136cd-0fb2-493b-b75f-d84346043e02" testId="75e9038a-69a2-15aa-1427-b38345b6c18b" testName="Test041" computerName="md" duration="00:00:00.0050953" startTime="2018-11-12T00:18:59.0831939-05:00" endTime="2018-11-12T00:18:59.0885940-05:00" testType="13cdc9d9-ddb5-4fa4-a97d-d965ccfc6d4b" outcome="Passed" testListId="8c84fa94-04c1-424b-9868-57a2d4851a1d" relativeResultsDirectory="b7f136cd-0fb2-493b-b75f-d84346043e02" /><UnitTestResult executionId="11265696-5ab9-401a-810b-9843c4d1e187" testId="a51da197-335b-2dd4-a377-8efb5589189b" testName="Test016" computerName="md" duration="00:00:00.0086612" startTime="2018-11-12T00:19:03.5433257-05:00" endTime="2018-11-12T00:19:03.5524697-05:00" testType="13cdc9d9-ddb5-4fa4-a97d-d965ccfc6d4b" outcome="Passed" testListId="8c84fa94-04c1-424b-9868-57a2d4851a1d" relativeResultsDirectory="11265696-5ab9-401a-810b-9843c4d1e187" /><UnitTestResult executionId="87950c4c-2369-40ab-9b7d-03e0b41c14e2" testId="83c9ec87-044c-6643-853e-9251e1115101" testName="Test006" computerName="md" duration="00:00:00.0000081" startTime="2018-11-12T00:19:03.1865104-05:00" endTime="2018-11-12T00:19:03.1866178-05:00" testType="13cdc9d9-ddb5-4fa4-a97d-d965ccfc6d4b" outcome="Passed" testListId="8c84fa94-04c1-424b-9868-57a2d4851a1d" relativeResultsDirectory="87950c4c-2369-40ab-9b7d-03e0b41c14e2" /><UnitTestResult executionId="5f1b6740-9fd7-4fa8-a9f1-f3f9d6e731ed" testId="777d462a-42fc-89f5-a6db-dea6f559e203" testName="Test013" computerName="md" duration="00:00:00.0011791" startTime="2018-11-12T00:18:58.9916609-05:00" endTime="2018-11-12T00:18:58.9929465-05:00" testType="13cdc9d9-ddb5-4fa4-a97d-d965ccfc6d4b" outcome="Passed" testListId="8c84fa94-04c1-424b-9868-57a2d4851a1d" relativeResultsDirectory="5f1b6740-9fd7-4fa8-a9f1-f3f9d6e731ed" /><UnitTestResult executionId="e99be052-927d-409c-94bc-a6118f8393d1" testId="7b6cc3df-70c5-fa8a-1675-2bc4d2fbb85c" testName="Test007" computerName="md" duration="00:00:00.0029401" startTime="2018-11-12T00:19:02.6174346-05:00" endTime="2018-11-12T00:19:02.6205210-05:00" testType="13cdc9d9-ddb5-4fa4-a97d-d965ccfc6d4b" outcome="Passed" testListId="8c84fa94-04c1-424b-9868-57a2d4851a1d" relativeResultsDirectory="e99be052-927d-409c-94bc-a6118f8393d1" /><UnitTestResult executionId="b952dcaf-3a7e-465c-a568-d8f0b73ad047" testId="a4b2dd1a-bd39-a45c-f1bf-6e34dbd5b014" testName="Test002" computerName="md" duration="00:00:00.0020996" startTime="2018-11-12T00:19:02.2984716-05:00" endTime="2018-11-12T00:19:02.3006806-05:00" testType="13cdc9d9-ddb5-4fa4-a97d-d965ccfc6d4b" outcome="Passed" testListId="8c84fa94-04c1-424b-9868-57a2d4851a1d" relativeResultsDirectory="b952dcaf-3a7e-465c-a568-d8f0b73ad047" /><UnitTestResult executionId="e60cb007-dfcf-4f86-b7ac-9bbc110ff894" testId="e233f50a-287b-7cd3-46cd-d90acc5c5948" testName="Test007" computerName="md" duration="00:00:00.0042903" startTime="2018-11-12T00:19:00.5660873-05:00" endTime="2018-11-12T00:19:00.5704734-05:00" testType="13cdc9d9-ddb5-4fa4-a97d-d965ccfc6d4b" outcome="Passed" testListId="8c84fa94-04c1-424b-9868-57a2d4851a1d" relativeResultsDirectory="e60cb007-dfcf-4f86-b7ac-9bbc110ff894" /><UnitTestResult executionId="0be7c973-c0bc-4605-947a-a26e7d85c44d" testId="5bfa5206-c9ef-c96b-6fc0-e37ef3342d42" testName="Test011" computerName="md" duration="00:00:00.0082998" startTime="2018-11-12T00:19:01.0206478-05:00" endTime="2018-11-12T00:19:01.0290529-05:00" testType="13cdc9d9-ddb5-4fa4-a97d-d965ccfc6d4b" outcome="Passed" testListId="8c84fa94-04c1-424b-9868-57a2d4851a1d" relativeResultsDirectory="0be7c973-c0bc-4605-947a-a26e7d85c44d" /><UnitTestResult executionId="ec98b186-de79-4726-8baf-1a3d30e26a5a" testId="7af3ffdc-150f-b3f0-6478-ef4fe258c2a1" testName="Test351" computerName="md" duration="00:00:00.0053527" startTime="2018-11-12T00:18:59.2348330-05:00" endTime="2018-11-12T00:18:59.2403523-05:00" testType="13cdc9d9-ddb5-4fa4-a97d-d965ccfc6d4b" outcome="Passed" testListId="8c84fa94-04c1-424b-9868-57a2d4851a1d" relativeResultsDirectory="ec98b186-de79-4726-8baf-1a3d30e26a5a" /><UnitTestResult executionId="8e41618e-d2a3-4831-9c7c-94edadecb9a9" testId="8b61b251-f27c-7495-1d31-7c0fc14df3e9" testName="Test001" computerName="md" duration="00:00:00.0028868" startTime="2018-11-12T00:19:00.5170102-05:00" endTime="2018-11-12T00:19:00.5202415-05:00" testType="13cdc9d9-ddb5-4fa4-a97d-d965ccfc6d4b" outcome="Passed" testListId="8c84fa94-04c1-424b-9868-57a2d4851a1d" relativeResultsDirectory="8e41618e-d2a3-4831-9c7c-94edadecb9a9" /><UnitTestResult executionId="06f47ac2-28f3-44a3-84cf-74515c8df583" testId="d0ad4af6-79bb-1721-f1da-a47548d6973b" testName="Test015" computerName="md" duration="00:00:00.0000082" startTime="2018-11-12T00:19:03.4136964-05:00" endTime="2018-11-12T00:19:03.4138063-05:00" testType="13cdc9d9-ddb5-4fa4-a97d-d965ccfc6d4b" outcome="Passed" testListId="8c84fa94-04c1-424b-9868-57a2d4851a1d" relativeResultsDirectory="06f47ac2-28f3-44a3-84cf-74515c8df583" /><UnitTestResult executionId="f0d65951-9b39-4eb2-ad2a-9e110301833d" testId="f1f9c4bf-8c61-8c61-c67b-80ebb45acd24" testName="Test011" computerName="md" duration="00:00:00.0000579" startTime="2018-11-12T00:19:03.2460681-05:00" endTime="2018-11-12T00:19:03.2462621-05:00" testType="13cdc9d9-ddb5-4fa4-a97d-d965ccfc6d4b" outcome="Passed" testListId="8c84fa94-04c1-424b-9868-57a2d4851a1d" relativeResultsDirectory="f0d65951-9b39-4eb2-ad2a-9e110301833d" /><UnitTestResult executionId="ea6039a0-7b2c-4e39-91c0-e7c00e21387c" testId="8f4e00f9-9032-4cc8-0f47-d0c0d81f2f0b" testName="Test037" computerName="md" duration="00:00:00.0000877" startTime="2018-11-12T00:19:03.1163949-05:00" endTime="2018-11-12T00:19:03.1165810-05:00" testType="13cdc9d9-ddb5-4fa4-a97d-d965ccfc6d4b" outcome="Passed" testListId="8c84fa94-04c1-424b-9868-57a2d4851a1d" relativeResultsDirectory="ea6039a0-7b2c-4e39-91c0-e7c00e21387c" /><UnitTestResult executionId="7b8a9e34-6209-459f-a8ba-1a78918d35a9" testId="2dcc9ddc-f8db-3aa0-e784-0654f3501f2f" testName="Test008" computerName="md" duration="00:00:00.0027305" startTime="2018-11-12T00:19:02.3199439-05:00" endTime="2018-11-12T00:19:02.3227866-05:00" testType="13cdc9d9-ddb5-4fa4-a97d-d965ccfc6d4b" outcome="Passed" testListId="8c84fa94-04c1-424b-9868-57a2d4851a1d" relativeResultsDirectory="7b8a9e34-6209-459f-a8ba-1a78918d35a9" /><UnitTestResult executionId="7281aed9-3ad5-44c2-ae24-0b61d87861d1" testId="40041e8f-427e-16e7-1ecc-d45c5c8936b8" testName="Test027" computerName="md" duration="00:00:00.0034592" startTime="2018-11-12T00:19:01.7371139-05:00" endTime="2018-11-12T00:19:01.7406709-05:00" testType="13cdc9d9-ddb5-4fa4-a97d-d965ccfc6d4b" outcome="Passed" testListId="8c84fa94-04c1-424b-9868-57a2d4851a1d" relativeResultsDirectory="7281aed9-3ad5-44c2-ae24-0b61d87861d1" /><UnitTestResult executionId="8c627ff2-9fc8-4450-a87b-ad89499e7019" testId="ec3bbb11-f064-0a59-7648-ad971c480a5a" testName="Test003" computerName="md" duration="00:00:00.0035318" startTime="2018-11-12T00:19:00.5236294-05:00" endTime="2018-11-12T00:19:00.5272518-05:00" testType="13cdc9d9-ddb5-4fa4-a97d-d965ccfc6d4b" outcome="Passed" testListId="8c84fa94-04c1-424b-9868-57a2d4851a1d" relativeResultsDirectory="8c627ff2-9fc8-4450-a87b-ad89499e7019" /><UnitTestResult executionId="d193afeb-1c47-46bb-874d-e11e7841d459" testId="32d87a90-6233-c240-45e3-c393c446a5f7" testName="Test012" computerName="md" duration="00:00:00.0051575" startTime="2018-11-12T00:19:00.3608644-05:00" endTime="2018-11-12T00:19:00.3661139-05:00" testType="13cdc9d9-ddb5-4fa4-a97d-d965ccfc6d4b" outcome="Passed" testListId="8c84fa94-04c1-424b-9868-57a2d4851a1d" relativeResultsDirectory="d193afeb-1c47-46bb-874d-e11e7841d459" /><UnitTestResult executionId="00f22bce-7ee0-4e6c-adaf-626f1df7a09a" testId="821dd070-bc16-6973-eec2-69fd7d047138" testName="Test027" computerName="md" duration="00:00:00.0000302" startTime="2018-11-12T00:19:03.1045387-05:00" endTime="2018-11-12T00:19:03.1046857-05:00" testType="13cdc9d9-ddb5-4fa4-a97d-d965ccfc6d4b" outcome="Passed" testListId="8c84fa94-04c1-424b-9868-57a2d4851a1d" relativeResultsDirectory="00f22bce-7ee0-4e6c-adaf-626f1df7a09a" /><UnitTestResult executionId="71c69815-d259-480a-b722-59390f41a712" testId="d74a049c-63c9-d519-1c40-b6bd2b5fb862" testName="Test020" computerName="md" duration="00:00:00.0029741" startTime="2018-11-12T00:19:01.6787719-05:00" endTime="2018-11-12T00:19:01.6818492-05:00" testType="13cdc9d9-ddb5-4fa4-a97d-d965ccfc6d4b" outcome="Passed" testListId="8c84fa94-04c1-424b-9868-57a2d4851a1d" relativeResultsDirectory="71c69815-d259-480a-b722-59390f41a712" /><UnitTestResult executionId="24945aa9-2b94-4601-bd70-e060bd97e6d8" testId="4e39685d-2190-acb6-58ba-af3488f82584" testName="Test030" computerName="md" duration="00:00:00.0030189" startTime="2018-11-12T00:19:01.7475038-05:00" endTime="2018-11-12T00:19:01.7506215-05:00" testType="13cdc9d9-ddb5-4fa4-a97d-d965ccfc6d4b" outcome="Passed" testListId="8c84fa94-04c1-424b-9868-57a2d4851a1d" relativeResultsDirectory="24945aa9-2b94-4601-bd70-e060bd97e6d8" /><UnitTestResult executionId="a7b32ff6-7ec2-4286-921d-b67378f9b903" testId="83515b1b-6938-3c86-5d21-7f2531b9a29d" testName="Test021" computerName="md" duration="00:00:00.0000225" startTime="2018-11-12T00:19:03.3903723-05:00" endTime="2018-11-12T00:19:03.3905459-05:00" testType="13cdc9d9-ddb5-4fa4-a97d-d965ccfc6d4b" outcome="Passed" testListId="8c84fa94-04c1-424b-9868-57a2d4851a1d" relativeResultsDirectory="a7b32ff6-7ec2-4286-921d-b67378f9b903" /><UnitTestResult executionId="0b70a829-78ea-486f-9dc9-9f971f2b500b" testId="dbf0b8e6-e75d-8ac3-ddf1-e7f2271df3cf" testName="Test017" computerName="md" duration="00:00:00.0000511" startTime="2018-11-12T00:19:03.0967981-05:00" endTime="2018-11-12T00:19:03.0969471-05:00" testType="13cdc9d9-ddb5-4fa4-a97d-d965ccfc6d4b" outcome="Passed" testListId="8c84fa94-04c1-424b-9868-57a2d4851a1d" relativeResultsDirectory="0b70a829-78ea-486f-9dc9-9f971f2b500b" /><UnitTestResult executionId="26dff32a-9fca-45aa-978f-624c1c4dbec3" testId="c6aaff9a-436a-41c8-c3b6-ee3f6da211f8" testName="Test020" computerName="md" duration="00:00:00.0028254" startTime="2018-11-12T00:19:00.9175828-05:00" endTime="2018-11-12T00:19:00.9205132-05:00" testType="13cdc9d9-ddb5-4fa4-a97d-d965ccfc6d4b" outcome="Passed" testListId="8c84fa94-04c1-424b-9868-57a2d4851a1d" relativeResultsDirectory="26dff32a-9fca-45aa-978f-624c1c4dbec3" /><UnitTestResult executionId="e3d11262-f841-4ff8-80af-0370d8527627" testId="391e444f-fd02-23c1-74a7-47e3b36a68ea" testName="Test018" computerName="md" duration="00:00:00.0147883" startTime="2018-11-12T00:18:58.4110089-05:00" endTime="2018-11-12T00:18:58.4259701-05:00" testType="13cdc9d9-ddb5-4fa4-a97d-d965ccfc6d4b" outcome="Passed" testListId="8c84fa94-04c1-424b-9868-57a2d4851a1d" relativeResultsDirectory="e3d11262-f841-4ff8-80af-0370d8527627" /><UnitTestResult executionId="34507e87-2b61-42e0-8ab2-1114aa52590c" testId="33054fa7-6891-c405-e1b1-3c7421470c93" testName="Test005" computerName="md" duration="00:00:00.0061412" startTime="2018-11-12T00:18:58.9363062-05:00" endTime="2018-11-12T00:18:58.9425530-05:00" testType="13cdc9d9-ddb5-4fa4-a97d-d965ccfc6d4b" outcome="Passed" testListId="8c84fa94-04c1-424b-9868-57a2d4851a1d" relativeResultsDirectory="34507e87-2b61-42e0-8ab2-1114aa52590c" /><UnitTestResult executionId="40623747-4c50-495b-a094-fa52a81472ae" testId="46fd239b-7e39-26ea-fe5c-b71a21d588cb" testName="Test009" computerName="md" duration="00:00:00.0039273" startTime="2018-11-12T00:18:59.3506541-05:00" endTime="2018-11-12T00:18:59.3547501-05:00" testType="13cdc9d9-ddb5-4fa4-a97d-d965ccfc6d4b" outcome="Passed" testListId="8c84fa94-04c1-424b-9868-57a2d4851a1d" relativeResultsDirectory="40623747-4c50-495b-a094-fa52a81472ae" /><UnitTestResult executionId="99648534-1e08-4fb4-b318-1981524c2238" testId="3a7d9c99-5713-5a6d-b061-30736ca96c58" testName="Test032" computerName="md" duration="00:00:00.0000739" startTime="2018-11-12T00:19:03.1155305-05:00" endTime="2018-11-12T00:19:03.1157132-05:00" testType="13cdc9d9-ddb5-4fa4-a97d-d965ccfc6d4b" outcome="Passed" testListId="8c84fa94-04c1-424b-9868-57a2d4851a1d" relativeResultsDirectory="99648534-1e08-4fb4-b318-1981524c2238" /><UnitTestResult executionId="1aef97e0-6da5-48de-b1bc-6891ad069d7b" testId="c6a2d351-93f0-a69b-0f4a-7528b148e052" testName="Test033" computerName="md" duration="00:00:00.0027544" startTime="2018-11-12T00:19:02.9931539-05:00" endTime="2018-11-12T00:19:02.9960187-05:00" testType="13cdc9d9-ddb5-4fa4-a97d-d965ccfc6d4b" outcome="Passed" testListId="8c84fa94-04c1-424b-9868-57a2d4851a1d" relativeResultsDirectory="1aef97e0-6da5-48de-b1bc-6891ad069d7b" /><UnitTestResult executionId="f30aa4d3-175f-4a03-96ab-f512e22fd62f" testId="cfc061a4-9c35-88a9-365c-02179bd9b3ab" testName="Test013" computerName="md" duration="00:00:00.0000464" startTime="2018-11-12T00:19:03.2464382-05:00" endTime="2018-11-12T00:19:03.2465860-05:00" testType="13cdc9d9-ddb5-4fa4-a97d-d965ccfc6d4b" outcome="Passed" testListId="8c84fa94-04c1-424b-9868-57a2d4851a1d" relativeResultsDirectory="f30aa4d3-175f-4a03-96ab-f512e22fd62f" /><UnitTestResult executionId="70e2fc86-86c9-428a-a262-b7081ca58443" testId="c58e5e16-457b-5f96-48f2-08ead36ece1c" testName="Test003" computerName="md" duration="00:00:00.0011145" startTime="2018-11-12T00:19:02.5461436-05:00" endTime="2018-11-12T00:19:02.5474335-05:00" testType="13cdc9d9-ddb5-4fa4-a97d-d965ccfc6d4b" outcome="Passed" testListId="8c84fa94-04c1-424b-9868-57a2d4851a1d" relativeResultsDirectory="70e2fc86-86c9-428a-a262-b7081ca58443" /><UnitTestResult executionId="56e6cb3b-62e4-4ea3-b0ff-d217da144e3b" testId="d9453a7e-8369-236b-72ed-aef73e8f29d9" testName="Test017" computerName="md" duration="00:00:00.0081254" startTime="2018-11-12T00:19:02.8590634-05:00" endTime="2018-11-12T00:19:02.8673161-05:00" testType="13cdc9d9-ddb5-4fa4-a97d-d965ccfc6d4b" outcome="Passed" testListId="8c84fa94-04c1-424b-9868-57a2d4851a1d" relativeResultsDirectory="56e6cb3b-62e4-4ea3-b0ff-d217da144e3b" /><UnitTestResult executionId="718be67b-96e7-4f9b-b6be-ece596e14e65" testId="03820718-689c-d997-7ec1-b7a63af3a1dd" testName="Test006" computerName="md" duration="00:00:00.0002638" startTime="2018-11-12T00:19:01.8424487-05:00" endTime="2018-11-12T00:19:01.8428214-05:00" testType="13cdc9d9-ddb5-4fa4-a97d-d965ccfc6d4b" outcome="Passed" testListId="8c84fa94-04c1-424b-9868-57a2d4851a1d" relativeResultsDirectory="718be67b-96e7-4f9b-b6be-ece596e14e65" /><UnitTestResult executionId="366176dd-3c9a-4e0b-9167-402b9d6977c3" testId="6b9f6eeb-5896-acc4-f3d6-c1cf54ea4a61" testName="Test005" computerName="md" duration="00:00:00.0000109" startTime="2018-11-12T00:19:03.0674336-05:00" endTime="2018-11-12T00:19:03.0675696-05:00" testType="13cdc9d9-ddb5-4fa4-a97d-d965ccfc6d4b" outcome="Passed" testListId="8c84fa94-04c1-424b-9868-57a2d4851a1d" relativeResultsDirectory="366176dd-3c9a-4e0b-9167-402b9d6977c3" /><UnitTestResult executionId="e77b6fb1-d522-41bd-af66-62811cb27d44" testId="6e0304d9-5763-58cc-ffd1-33d20589faec" testName="Test009" computerName="md" duration="00:00:00.0000096" startTime="2018-11-12T00:19:03.0680233-05:00" endTime="2018-11-12T00:19:03.0681339-05:00" testType="13cdc9d9-ddb5-4fa4-a97d-d965ccfc6d4b" outcome="Passed" testListId="8c84fa94-04c1-424b-9868-57a2d4851a1d" relativeResultsDirectory="e77b6fb1-d522-41bd-af66-62811cb27d44" /><UnitTestResult executionId="9c5fafd8-08b4-4db8-9b9d-c3e24ce380aa" testId="370d9dc4-781f-78c5-d5fd-94d97f637ce4" testName="Test007" computerName="md" duration="00:00:00.0052546" startTime="2018-11-12T00:19:03.1553413-05:00" endTime="2018-11-12T00:19:03.1610234-05:00" testType="13cdc9d9-ddb5-4fa4-a97d-d965ccfc6d4b" outcome="Passed" testListId="8c84fa94-04c1-424b-9868-57a2d4851a1d" relativeResultsDirectory="9c5fafd8-08b4-4db8-9b9d-c3e24ce380aa" /><UnitTestResult executionId="78f64795-810b-409e-b770-ca8d9f836820" testId="14027791-9908-3bed-bb6b-0238ff4e9e86" testName="Test038" computerName="md" duration="00:00:00.0000795" startTime="2018-11-12T00:19:03.1165924-05:00" endTime="2018-11-12T00:19:03.1167807-05:00" testType="13cdc9d9-ddb5-4fa4-a97d-d965ccfc6d4b" outcome="Passed" testListId="8c84fa94-04c1-424b-9868-57a2d4851a1d" relativeResultsDirectory="78f64795-810b-409e-b770-ca8d9f836820" /><UnitTestResult executionId="fd7d3e64-fcc0-48f8-8585-212ce0c15de4" testId="d5a2e6f2-31a2-263f-f729-3c07e8dd7222" testName="Test009" computerName="md" duration="00:00:00.0022048" startTime="2018-11-12T00:19:02.5803853-05:00" endTime="2018-11-12T00:19:02.5827872-05:00" testType="13cdc9d9-ddb5-4fa4-a97d-d965ccfc6d4b" outcome="Passed" testListId="8c84fa94-04c1-424b-9868-57a2d4851a1d" relativeResultsDirectory="fd7d3e64-fcc0-48f8-8585-212ce0c15de4" /><UnitTestResult executionId="89aaa1b1-8685-448b-a2c6-4cdeb3d21db6" testId="02c5641b-b822-4b65-8a2b-5d6c71cf0c30" testName="Test007" computerName="md" duration="00:00:00.0037305" startTime="2018-11-12T00:18:58.9475256-05:00" endTime="2018-11-12T00:18:58.9513552-05:00" testType="13cdc9d9-ddb5-4fa4-a97d-d965ccfc6d4b" outcome="Passed" testListId="8c84fa94-04c1-424b-9868-57a2d4851a1d" relativeResultsDirectory="89aaa1b1-8685-448b-a2c6-4cdeb3d21db6" /><UnitTestResult executionId="2e74f66b-9f29-4f71-902d-8ffdf7cb4c31" testId="81377ebc-52e3-2329-5202-dec9097bc0cd" testName="Test005" computerName="md" duration="00:00:00.0000171" startTime="2018-11-12T00:19:03.2637393-05:00" endTime="2018-11-12T00:19:03.2638722-05:00" testType="13cdc9d9-ddb5-4fa4-a97d-d965ccfc6d4b" outcome="Passed" testListId="8c84fa94-04c1-424b-9868-57a2d4851a1d" relativeResultsDirectory="2e74f66b-9f29-4f71-902d-8ffdf7cb4c31" /><UnitTestResult executionId="f783630b-f26d-4efd-85bf-2aec90536a17" testId="a7d37ad7-eeeb-a741-c290-38acfe9555b0" testName="Test336" computerName="md" duration="00:00:00.0064613" startTime="2018-11-12T00:19:00.0708791-05:00" endTime="2018-11-12T00:19:00.0774599-05:00" testType="13cdc9d9-ddb5-4fa4-a97d-d965ccfc6d4b" outcome="Passed" testListId="8c84fa94-04c1-424b-9868-57a2d4851a1d" relativeResultsDirectory="f783630b-f26d-4efd-85bf-2aec90536a17" /><UnitTestResult executionId="e6c32b61-5bb9-4f68-b9f2-20547aad9181" testId="11a00a87-8037-b21b-5f86-9fb495ab1368" testName="Test026" computerName="md" duration="00:00:00.0078381" startTime="2018-11-12T00:19:00.4875020-05:00" endTime="2018-11-12T00:19:00.4955017-05:00" testType="13cdc9d9-ddb5-4fa4-a97d-d965ccfc6d4b" outcome="Passed" testListId="8c84fa94-04c1-424b-9868-57a2d4851a1d" relativeResultsDirectory="e6c32b61-5bb9-4f68-b9f2-20547aad9181" /><UnitTestResult executionId="f9cea8d8-e67f-4956-a6bf-74cbc3bc2bf7" testId="437f8754-bb21-d4e0-4c1e-006a3f5fe1ab" testName="Test005" computerName="md" duration="00:00:00.0004743" startTime="2018-11-12T00:19:03.0848343-05:00" endTime="2018-11-12T00:19:03.0863064-05:00" testType="13cdc9d9-ddb5-4fa4-a97d-d965ccfc6d4b" outcome="Passed" testListId="8c84fa94-04c1-424b-9868-57a2d4851a1d" relativeResultsDirectory="f9cea8d8-e67f-4956-a6bf-74cbc3bc2bf7" /><UnitTestResult executionId="66da7054-89a6-4875-bd6f-6bc4d321ad64" testId="ff338ce7-42a7-fe9a-9f97-897b55e1597d" testName="Test049" computerName="md" duration="00:00:00.0079876" startTime="2018-11-12T00:19:01.3997244-05:00" endTime="2018-11-12T00:19:01.4078101-05:00" testType="13cdc9d9-ddb5-4fa4-a97d-d965ccfc6d4b" outcome="Passed" testListId="8c84fa94-04c1-424b-9868-57a2d4851a1d" relativeResultsDirectory="66da7054-89a6-4875-bd6f-6bc4d321ad64" /><UnitTestResult executionId="01b55e74-63b9-4ac9-b9e5-ae46addf1f17" testId="4d06490f-20be-42a5-491a-6751afaa06fb" testName="Test029" computerName="md" duration="00:00:00.0016090" startTime="2018-11-12T00:18:59.0236840-05:00" endTime="2018-11-12T00:18:59.0253956-05:00" testType="13cdc9d9-ddb5-4fa4-a97d-d965ccfc6d4b" outcome="Passed" testListId="8c84fa94-04c1-424b-9868-57a2d4851a1d" relativeResultsDirectory="01b55e74-63b9-4ac9-b9e5-ae46addf1f17" /><UnitTestResult executionId="b95d22ef-9533-4219-9e0d-6b7566a2b47f" testId="398a4db1-11cc-a3f2-2a69-aa12d9a811b9" testName="Test005" computerName="md" duration="00:00:00.0001438" startTime="2018-11-12T00:19:02.9397743-05:00" endTime="2018-11-12T00:19:02.9400273-05:00" testType="13cdc9d9-ddb5-4fa4-a97d-d965ccfc6d4b" outcome="Passed" testListId="8c84fa94-04c1-424b-9868-57a2d4851a1d" relativeResultsDirectory="b95d22ef-9533-4219-9e0d-6b7566a2b47f" /><UnitTestResult executionId="ada63c3b-485a-4f7a-b846-23f10ef39407" testId="bbe497dc-f457-91ae-a966-dd0a7a7e4b1d" testName="Test006" computerName="md" duration="00:00:00.0000232" startTime="2018-11-12T00:19:03.1956781-05:00" endTime="2018-11-12T00:19:03.1958145-05:00" testType="13cdc9d9-ddb5-4fa4-a97d-d965ccfc6d4b" outcome="Passed" testListId="8c84fa94-04c1-424b-9868-57a2d4851a1d" relativeResultsDirectory="ada63c3b-485a-4f7a-b846-23f10ef39407" /><UnitTestResult executionId="69cd7384-8ecf-4fe2-bfad-94a41f9ab968" testId="a5592627-9848-4e83-a27a-ea7344804c17" testName="Test028" computerName="md" duration="00:00:00.0128314" startTime="2018-11-12T00:18:58.5282115-05:00" endTime="2018-11-12T00:18:58.5411616-05:00" testType="13cdc9d9-ddb5-4fa4-a97d-d965ccfc6d4b" outcome="Passed" testListId="8c84fa94-04c1-424b-9868-57a2d4851a1d" relativeResultsDirectory="69cd7384-8ecf-4fe2-bfad-94a41f9ab968" /><UnitTestResult executionId="7f2c3f7f-0926-4479-80bf-22a59213cdc4" testId="953eb355-4ba6-687e-fc81-6201e7941e72" testName="Test308" computerName="md" duration="00:00:00.0063890" startTime="2018-11-12T00:18:59.9477014-05:00" endTime="2018-11-12T00:18:59.9541898-05:00" testType="13cdc9d9-ddb5-4fa4-a97d-d965ccfc6d4b" outcome="Passed" testListId="8c84fa94-04c1-424b-9868-57a2d4851a1d" relativeResultsDirectory="7f2c3f7f-0926-4479-80bf-22a59213cdc4" /><UnitTestResult executionId="780f3a85-6b3d-4b75-89f6-4d434d0f5246" testId="577ea340-22b9-7b0e-ed83-90564901b2cc" testName="Test005" computerName="md" duration="00:00:00.0029480" startTime="2018-11-12T00:19:02.3058460-05:00" endTime="2018-11-12T00:19:02.3088999-05:00" testType="13cdc9d9-ddb5-4fa4-a97d-d965ccfc6d4b" outcome="Passed" testListId="8c84fa94-04c1-424b-9868-57a2d4851a1d" relativeResultsDirectory="780f3a85-6b3d-4b75-89f6-4d434d0f5246" /><UnitTestResult executionId="31c177f5-0acc-4236-bd5a-0931ccbd202d" testId="5cb47af0-b593-1606-1dd3-6f4a1b879ea8" testName="Test007" computerName="md" duration="00:00:00.0059303" startTime="2018-11-12T00:18:57.7742454-05:00" endTime="2018-11-12T00:18:57.7802896-05:00" testType="13cdc9d9-ddb5-4fa4-a97d-d965ccfc6d4b" outcome="Passed" testListId="8c84fa94-04c1-424b-9868-57a2d4851a1d" relativeResultsDirectory="31c177f5-0acc-4236-bd5a-0931ccbd202d" /><UnitTestResult executionId="3d050f59-5f4c-4732-b640-5093ad887aec" testId="3f6f2013-2c7b-d625-c85d-30a92ca9aa1f" testName="Test011" computerName="md" duration="00:00:00.0042248" startTime="2018-11-12T00:19:02.9689259-05:00" endTime="2018-11-12T00:19:02.9736349-05:00" testType="13cdc9d9-ddb5-4fa4-a97d-d965ccfc6d4b" outcome="Passed" testListId="8c84fa94-04c1-424b-9868-57a2d4851a1d" relativeResultsDirectory="3d050f59-5f4c-4732-b640-5093ad887aec" /><UnitTestResult executionId="03f9ecd1-7ef6-4eda-b082-4b158d19d205" testId="40f1ba0d-0c6a-d4c5-37e8-7229fec4e798" testName="Test002" computerName="md" duration="00:00:00.0006840" startTime="2018-11-12T00:19:02.2637014-05:00" endTime="2018-11-12T00:19:02.2645017-05:00" testType="13cdc9d9-ddb5-4fa4-a97d-d965ccfc6d4b" outcome="Passed" testListId="8c84fa94-04c1-424b-9868-57a2d4851a1d" relativeResultsDirectory="03f9ecd1-7ef6-4eda-b082-4b158d19d205" /><UnitTestResult executionId="d60d8a82-9337-4798-85aa-65cfab34254c" testId="a0100a61-c6e0-5579-f62e-4221ef9057d2" testName="Test014" computerName="md" duration="00:00:00.0045271" startTime="2018-11-12T00:19:00.8892908-05:00" endTime="2018-11-12T00:19:00.8939131-05:00" testType="13cdc9d9-ddb5-4fa4-a97d-d965ccfc6d4b" outcome="Passed" testListId="8c84fa94-04c1-424b-9868-57a2d4851a1d" relativeResultsDirectory="d60d8a82-9337-4798-85aa-65cfab34254c" /><UnitTestResult executionId="e18adc8c-abd8-42e8-9d6b-f35adf9ee5f6" testId="f9dfb5e6-0a40-260f-424b-a5c9395c3feb" testName="Test017" computerName="md" duration="00:00:00.0060586" startTime="2018-11-12T00:19:01.0621791-05:00" endTime="2018-11-12T00:19:01.0683447-05:00" testType="13cdc9d9-ddb5-4fa4-a97d-d965ccfc6d4b" outcome="Passed" testListId="8c84fa94-04c1-424b-9868-57a2d4851a1d" relativeResultsDirectory="e18adc8c-abd8-42e8-9d6b-f35adf9ee5f6" /><UnitTestResult executionId="78f4c1a7-f9a5-4949-a971-843bfa9cd726" testId="9b25a100-569d-2f97-7f7e-46389a6d25f2" testName="Test023" computerName="md" duration="00:00:00.0013504" startTime="2018-11-12T00:18:59.0114556-05:00" endTime="2018-11-12T00:18:59.0128991-05:00" testType="13cdc9d9-ddb5-4fa4-a97d-d965ccfc6d4b" outcome="Passed" testListId="8c84fa94-04c1-424b-9868-57a2d4851a1d" relativeResultsDirectory="78f4c1a7-f9a5-4949-a971-843bfa9cd726" /><UnitTestResult executionId="d0ac2328-dd53-4366-8003-25589613308c" testId="edb08a57-393d-a591-c3fb-99ebfc9eadc5" testName="Test005" computerName="md" duration="00:00:00.0036655" startTime="2018-11-12T00:19:00.7615405-05:00" endTime="2018-11-12T00:19:00.7653003-05:00" testType="13cdc9d9-ddb5-4fa4-a97d-d965ccfc6d4b" outcome="Passed" testListId="8c84fa94-04c1-424b-9868-57a2d4851a1d" relativeResultsDirectory="d0ac2328-dd53-4366-8003-25589613308c" /><UnitTestResult executionId="cb77fa7e-aaa7-46cf-8a50-dc2157611ddf" testId="cd46d4d5-3032-5858-724c-2180053221c5" testName="Test022" computerName="md" duration="00:00:00.0016083" startTime="2018-11-12T00:18:58.6696885-05:00" endTime="2018-11-12T00:18:58.6713917-05:00" testType="13cdc9d9-ddb5-4fa4-a97d-d965ccfc6d4b" outcome="Passed" testListId="8c84fa94-04c1-424b-9868-57a2d4851a1d" relativeResultsDirectory="cb77fa7e-aaa7-46cf-8a50-dc2157611ddf" /><UnitTestResult executionId="8fc1553c-8d69-45cc-a2c6-c411467663db" testId="ab12d939-c5ec-6b27-c261-60688f57def3" testName="Test002" computerName="md" duration="00:00:00.0000124" startTime="2018-11-12T00:19:03.4033725-05:00" endTime="2018-11-12T00:19:03.4038758-05:00" testType="13cdc9d9-ddb5-4fa4-a97d-d965ccfc6d4b" outcome="Passed" testListId="8c84fa94-04c1-424b-9868-57a2d4851a1d" relativeResultsDirectory="8fc1553c-8d69-45cc-a2c6-c411467663db" /><UnitTestResult executionId="0420c1b3-7a71-4159-9d77-fb14f21ec46a" testId="e7356ed8-b040-5e40-ec3b-59f045e47af3" testName="Test013" computerName="md" duration="00:00:00.0000095" startTime="2018-11-12T00:19:03.0685276-05:00" endTime="2018-11-12T00:19:03.0686328-05:00" testType="13cdc9d9-ddb5-4fa4-a97d-d965ccfc6d4b" outcome="Passed" testListId="8c84fa94-04c1-424b-9868-57a2d4851a1d" relativeResultsDirectory="0420c1b3-7a71-4159-9d77-fb14f21ec46a" /><UnitTestResult executionId="f1651296-801e-4e2f-bb14-079c3caefd61" testId="eed122f0-f6ca-86fc-6641-63a4b3a48820" testName="Test113" computerName="md" duration="00:00:00.0044123" startTime="2018-11-12T00:18:59.5525468-05:00" endTime="2018-11-12T00:18:59.5570561-05:00" testType="13cdc9d9-ddb5-4fa4-a97d-d965ccfc6d4b" outcome="Passed" testListId="8c84fa94-04c1-424b-9868-57a2d4851a1d" relativeResultsDirectory="f1651296-801e-4e2f-bb14-079c3caefd61" /><UnitTestResult executionId="fb437a59-fab0-4883-abb7-85f68e4db1fa" testId="9fc0b3b4-5e55-fecf-5b9c-7547ae0c6da2" testName="Test003" computerName="md" duration="00:00:00.0062594" startTime="2018-11-12T00:19:00.2211679-05:00" endTime="2018-11-12T00:19:00.2277336-05:00" testType="13cdc9d9-ddb5-4fa4-a97d-d965ccfc6d4b" outcome="Passed" testListId="8c84fa94-04c1-424b-9868-57a2d4851a1d" relativeResultsDirectory="fb437a59-fab0-4883-abb7-85f68e4db1fa" /><UnitTestResult executionId="3fa8c605-44ea-4c67-bd3b-280ed0236f41" testId="4de22a60-b4aa-7898-6831-43adbe6b8f0b" testName="Test036" computerName="md" duration="00:00:00.0023405" startTime="2018-11-12T00:18:59.0402901-05:00" endTime="2018-11-12T00:18:59.0427263-05:00" testType="13cdc9d9-ddb5-4fa4-a97d-d965ccfc6d4b" outcome="Passed" testListId="8c84fa94-04c1-424b-9868-57a2d4851a1d" relativeResultsDirectory="3fa8c605-44ea-4c67-bd3b-280ed0236f41" /><UnitTestResult executionId="397002af-2d8e-431e-b1b7-b48def513c82" testId="47de100e-a51a-2507-e381-890005d72d6e" testName="Test033" computerName="md" duration="00:00:00.0174799" startTime="2018-11-12T00:18:58.6007870-05:00" endTime="2018-11-12T00:18:58.6183909-05:00" testType="13cdc9d9-ddb5-4fa4-a97d-d965ccfc6d4b" outcome="Passed" testListId="8c84fa94-04c1-424b-9868-57a2d4851a1d" relativeResultsDirectory="397002af-2d8e-431e-b1b7-b48def513c82" /><UnitTestResult executionId="0075e1f6-433f-425b-865c-9ec0379b7d7c" testId="1b0e41aa-ce46-b0b4-eeeb-45ac570a17be" testName="Test019" computerName="md" duration="00:00:00.0000245" startTime="2018-11-12T00:19:03.0779961-05:00" endTime="2018-11-12T00:19:03.0781247-05:00" testType="13cdc9d9-ddb5-4fa4-a97d-d965ccfc6d4b" outcome="Passed" testListId="8c84fa94-04c1-424b-9868-57a2d4851a1d" relativeResultsDirectory="0075e1f6-433f-425b-865c-9ec0379b7d7c" /><UnitTestResult executionId="f1577df5-7844-4653-bccd-1bcb0aaa9238" testId="1666b215-3d93-3ab9-cd00-9f94da0f9ece" testName="Test001" computerName="md" duration="00:00:00.0050961" startTime="2018-11-12T00:19:00.5310982-05:00" endTime="2018-11-12T00:19:00.5368279-05:00" testType="13cdc9d9-ddb5-4fa4-a97d-d965ccfc6d4b" outcome="Passed" testListId="8c84fa94-04c1-424b-9868-57a2d4851a1d" relativeResultsDirectory="f1577df5-7844-4653-bccd-1bcb0aaa9238" /><UnitTestResult executionId="4671eab2-7f1b-4c68-9d9a-08548ab4d290" testId="fd00f8b5-11b7-8ed9-6708-45109f6b4cfe" testName="Test016" computerName="md" duration="00:00:00.0075121" startTime="2018-11-12T00:19:01.9410942-05:00" endTime="2018-11-12T00:19:01.9488370-05:00" testType="13cdc9d9-ddb5-4fa4-a97d-d965ccfc6d4b" outcome="Passed" testListId="8c84fa94-04c1-424b-9868-57a2d4851a1d" relativeResultsDirectory="4671eab2-7f1b-4c68-9d9a-08548ab4d290" /><UnitTestResult executionId="e5a7961e-c304-46fd-b1be-8c20aefe1ab8" testId="da2d626a-f94b-1e41-6efc-9fa52aae4ab0" testName="Test005" computerName="md" duration="00:00:00.0034002" startTime="2018-11-12T00:19:00.3194379-05:00" endTime="2018-11-12T00:19:00.3229338-05:00" testType="13cdc9d9-ddb5-4fa4-a97d-d965ccfc6d4b" outcome="Passed" testListId="8c84fa94-04c1-424b-9868-57a2d4851a1d" relativeResultsDirectory="e5a7961e-c304-46fd-b1be-8c20aefe1ab8" /><UnitTestResult executionId="1d7f5f8b-343f-4494-9416-f025a43dae71" testId="073650c5-b856-b237-4243-5af7a177d54c" testName="Test014" computerName="md" duration="00:00:00.0110904" startTime="2018-11-12T00:19:03.5182417-05:00" endTime="2018-11-12T00:19:03.5295785-05:00" testType="13cdc9d9-ddb5-4fa4-a97d-d965ccfc6d4b" outcome="Passed" testListId="8c84fa94-04c1-424b-9868-57a2d4851a1d" relativeResultsDirectory="1d7f5f8b-343f-4494-9416-f025a43dae71" /><UnitTestResult executionId="8d617824-018b-4d2d-aa58-e8e30bc51610" testId="1cf137a7-cb93-6370-6283-26f424ff0cb6" testName="Test013" computerName="md" duration="00:00:00.0042706" startTime="2018-11-12T00:19:00.8026071-05:00" endTime="2018-11-12T00:19:00.8069819-05:00" testType="13cdc9d9-ddb5-4fa4-a97d-d965ccfc6d4b" outcome="Passed" testListId="8c84fa94-04c1-424b-9868-57a2d4851a1d" relativeResultsDirectory="8d617824-018b-4d2d-aa58-e8e30bc51610" /><UnitTestResult executionId="ec2aa491-3353-4cb7-8019-d7b6940c7805" testId="538190cf-daf2-3ea5-0fa2-72c42fdc7991" testName="Test106" computerName="md" duration="00:00:00.0044269" startTime="2018-11-12T00:18:59.5092291-05:00" endTime="2018-11-12T00:18:59.5137576-05:00" testType="13cdc9d9-ddb5-4fa4-a97d-d965ccfc6d4b" outcome="Passed" testListId="8c84fa94-04c1-424b-9868-57a2d4851a1d" relativeResultsDirectory="ec2aa491-3353-4cb7-8019-d7b6940c7805" /><UnitTestResult executionId="3f35044e-6ff2-4ddb-87ad-3059db724d6d" testId="378a3437-1b63-2400-f04d-af0e30b8bdec" testName="Test007" computerName="md" duration="00:00:00.0001743" startTime="2018-11-12T00:19:01.8428339-05:00" endTime="2018-11-12T00:19:01.8431172-05:00" testType="13cdc9d9-ddb5-4fa4-a97d-d965ccfc6d4b" outcome="Passed" testListId="8c84fa94-04c1-424b-9868-57a2d4851a1d" relativeResultsDirectory="3f35044e-6ff2-4ddb-87ad-3059db724d6d" /><UnitTestResult executionId="8f97cc6f-c01a-4f23-9d00-d038010a2731" testId="197a0da6-4afd-7083-3f16-cb221a18b021" testName="Test006" computerName="md" duration="00:00:00.0000124" startTime="2018-11-12T00:19:03.2053290-05:00" endTime="2018-11-12T00:19:03.2054427-05:00" testType="13cdc9d9-ddb5-4fa4-a97d-d965ccfc6d4b" outcome="Passed" testListId="8c84fa94-04c1-424b-9868-57a2d4851a1d" relativeResultsDirectory="8f97cc6f-c01a-4f23-9d00-d038010a2731" /><UnitTestResult executionId="e3f9b4e0-0898-4fc7-8f2f-3eabbfdf4025" testId="5dd210c6-0671-7596-94eb-3521bb87df61" testName="Test024" computerName="md" duration="00:00:00.0001805" startTime="2018-11-12T00:19:01.8673398-05:00" endTime="2018-11-12T00:19:01.8676239-05:00" testType="13cdc9d9-ddb5-4fa4-a97d-d965ccfc6d4b" outcome="Passed" testListId="8c84fa94-04c1-424b-9868-57a2d4851a1d" relativeResultsDirectory="e3f9b4e0-0898-4fc7-8f2f-3eabbfdf4025" /><UnitTestResult executionId="0d7b8880-e8c4-4225-85ca-1d01d25db68d" testId="1fe9392a-c0a2-93f2-b069-32ac027424c2" testName="Test005" computerName="md" duration="00:00:00.0036495" startTime="2018-11-12T00:19:02.3430029-05:00" endTime="2018-11-12T00:19:02.3467916-05:00" testType="13cdc9d9-ddb5-4fa4-a97d-d965ccfc6d4b" outcome="Passed" testListId="8c84fa94-04c1-424b-9868-57a2d4851a1d" relativeResultsDirectory="0d7b8880-e8c4-4225-85ca-1d01d25db68d" /><UnitTestResult executionId="5904ba80-30ec-40e5-9f09-e3395ba9a13e" testId="40667dcb-b399-ddf3-d34f-53f0f8c0f51c" testName="Test014" computerName="md" duration="00:00:00.0059210" startTime="2018-11-12T00:19:01.0419036-05:00" endTime="2018-11-12T00:19:01.0479191-05:00" testType="13cdc9d9-ddb5-4fa4-a97d-d965ccfc6d4b" outcome="Passed" testListId="8c84fa94-04c1-424b-9868-57a2d4851a1d" relativeResultsDirectory="5904ba80-30ec-40e5-9f09-e3395ba9a13e" /><UnitTestResult executionId="53820786-8636-4bbf-90f6-a96174be6fe1" testId="544fe859-d250-d5b7-31ed-aa5b963c32ad" testName="Test001" computerName="md" duration="00:00:00.0026484" startTime="2018-11-12T00:19:02.9400399-05:00" endTime="2018-11-12T00:19:02.9431382-05:00" testType="13cdc9d9-ddb5-4fa4-a97d-d965ccfc6d4b" outcome="Passed" testListId="8c84fa94-04c1-424b-9868-57a2d4851a1d" relativeResultsDirectory="53820786-8636-4bbf-90f6-a96174be6fe1" /><UnitTestResult executionId="b83465e5-b01c-4cad-a3c0-5283066abfd3" testId="d1408302-4900-31e4-e8c7-1d9d488d2f12" testName="Test335" computerName="md" duration="00:00:00.0062029" startTime="2018-11-12T00:19:00.0645526-05:00" endTime="2018-11-12T00:19:00.0708653-05:00" testType="13cdc9d9-ddb5-4fa4-a97d-d965ccfc6d4b" outcome="Passed" testListId="8c84fa94-04c1-424b-9868-57a2d4851a1d" relativeResultsDirectory="b83465e5-b01c-4cad-a3c0-5283066abfd3" /><UnitTestResult executionId="735658e0-fa5b-43a4-9efb-383574199ef8" testId="4d1a5b5d-c9a5-0f4e-3b9a-287ba03da56a" testName="Test201" computerName="md" duration="00:00:00.0043343" startTime="2018-11-12T00:18:59.6757344-05:00" endTime="2018-11-12T00:18:59.6801653-05:00" testType="13cdc9d9-ddb5-4fa4-a97d-d965ccfc6d4b" outcome="Passed" testListId="8c84fa94-04c1-424b-9868-57a2d4851a1d" relativeResultsDirectory="735658e0-fa5b-43a4-9efb-383574199ef8" /><UnitTestResult executionId="8571239a-2ec9-47a0-aa02-d5eba4051352" testId="7ed6028c-ca8a-6c13-c70c-428192fb3944" testName="Test014" computerName="md" duration="00:00:00.0020061" startTime="2018-11-12T00:19:02.6992672-05:00" endTime="2018-11-12T00:19:02.7013823-05:00" testType="13cdc9d9-ddb5-4fa4-a97d-d965ccfc6d4b" outcome="Passed" testListId="8c84fa94-04c1-424b-9868-57a2d4851a1d" relativeResultsDirectory="8571239a-2ec9-47a0-aa02-d5eba4051352" /><UnitTestResult executionId="3912c2c8-de35-4090-a200-d48b76732717" testId="d688343c-125c-f578-4f0f-ec4699fa005a" testName="Test019" computerName="md" duration="00:00:00.0075506" startTime="2018-11-12T00:19:02.4312225-05:00" endTime="2018-11-12T00:19:02.4389538-05:00" testType="13cdc9d9-ddb5-4fa4-a97d-d965ccfc6d4b" outcome="Passed" testListId="8c84fa94-04c1-424b-9868-57a2d4851a1d" relativeResultsDirectory="3912c2c8-de35-4090-a200-d48b76732717" /><UnitTestResult executionId="41e568f9-e443-416a-88a0-42636b07bd65" testId="ca15af0e-7fe5-1bda-9bb3-03d2110ccebb" testName="Test013" computerName="md" duration="00:00:00.0077563" startTime="2018-11-12T00:19:03.5102281-05:00" endTime="2018-11-12T00:19:03.5182261-05:00" testType="13cdc9d9-ddb5-4fa4-a97d-d965ccfc6d4b" outcome="Passed" testListId="8c84fa94-04c1-424b-9868-57a2d4851a1d" relativeResultsDirectory="41e568f9-e443-416a-88a0-42636b07bd65" /><UnitTestResult executionId="0ceb4456-0ec5-429e-9129-34ee16175879" testId="979529e4-29c0-dad8-ae5d-9d8d4f8515fb" testName="Test024" computerName="md" duration="00:00:00.0057137" startTime="2018-11-12T00:19:00.7062307-05:00" endTime="2018-11-12T00:19:00.7120447-05:00" testType="13cdc9d9-ddb5-4fa4-a97d-d965ccfc6d4b" outcome="Passed" testListId="8c84fa94-04c1-424b-9868-57a2d4851a1d" relativeResultsDirectory="0ceb4456-0ec5-429e-9129-34ee16175879" /><UnitTestResult executionId="73c882e8-482d-4743-83ce-4406fd4eea4d" testId="b2010dc8-d109-752b-d3ed-b48e386de2db" testName="Test032" computerName="md" duration="00:00:00.0036744" startTime="2018-11-12T00:18:59.4211387-05:00" endTime="2018-11-12T00:18:59.4249084-05:00" testType="13cdc9d9-ddb5-4fa4-a97d-d965ccfc6d4b" outcome="Passed" testListId="8c84fa94-04c1-424b-9868-57a2d4851a1d" relativeResultsDirectory="73c882e8-482d-4743-83ce-4406fd4eea4d" /><UnitTestResult executionId="4e0e35d0-2f6e-4292-b51c-6cba5d1e2a36" testId="3d03ae2f-ae5f-5013-efe6-d31d770a62e8" testName="Test002" computerName="md" duration="00:00:00.0011113" startTime="2018-11-12T00:18:57.5577614-05:00" endTime="2018-11-12T00:18:57.5592814-05:00" testType="13cdc9d9-ddb5-4fa4-a97d-d965ccfc6d4b" outcome="Passed" testListId="8c84fa94-04c1-424b-9868-57a2d4851a1d" relativeResultsDirectory="4e0e35d0-2f6e-4292-b51c-6cba5d1e2a36" /><UnitTestResult executionId="227fde2a-2d37-4c67-9469-76450e10dd2f" testId="12699284-519e-2f9c-5a89-8d73275cc7a0" testName="Test057" computerName="md" duration="00:00:00.0002751" startTime="2018-11-12T00:19:03.1509863-05:00" endTime="2018-11-12T00:19:03.1516720-05:00" testType="13cdc9d9-ddb5-4fa4-a97d-d965ccfc6d4b" outcome="Passed" testListId="8c84fa94-04c1-424b-9868-57a2d4851a1d" relativeResultsDirectory="227fde2a-2d37-4c67-9469-76450e10dd2f" /><UnitTestResult executionId="a71b4771-bea7-49dc-9e9a-7679b4a6369d" testId="2dd8db07-074f-4a31-9540-7e59715e572d" testName="Test025" computerName="md" duration="00:00:00.0075360" startTime="2018-11-12T00:19:02.4774375-05:00" endTime="2018-11-12T00:19:02.4851574-05:00" testType="13cdc9d9-ddb5-4fa4-a97d-d965ccfc6d4b" outcome="Passed" testListId="8c84fa94-04c1-424b-9868-57a2d4851a1d" relativeResultsDirectory="a71b4771-bea7-49dc-9e9a-7679b4a6369d" /><UnitTestResult executionId="7dc92d7f-6107-4685-8885-5e22f41e01f4" testId="b91410be-9a4e-f05c-ea7a-e8ec7d218060" testName="Test030" computerName="md" duration="00:00:00.0002339" startTime="2018-11-12T00:19:03.1148325-05:00" endTime="2018-11-12T00:19:03.1152045-05:00" testType="13cdc9d9-ddb5-4fa4-a97d-d965ccfc6d4b" outcome="Passed" testListId="8c84fa94-04c1-424b-9868-57a2d4851a1d" relativeResultsDirectory="7dc92d7f-6107-4685-8885-5e22f41e01f4" /><UnitTestResult executionId="7b6b8b04-cd09-4285-b2ec-d8da27009ce7" testId="0542965e-f8b5-89a1-9304-24a60f878d23" testName="Test031" computerName="md" duration="00:00:00.0152346" startTime="2018-11-12T00:18:58.5700885-05:00" endTime="2018-11-12T00:18:58.5854446-05:00" testType="13cdc9d9-ddb5-4fa4-a97d-d965ccfc6d4b" outcome="Passed" testListId="8c84fa94-04c1-424b-9868-57a2d4851a1d" relativeResultsDirectory="7b6b8b04-cd09-4285-b2ec-d8da27009ce7" /><UnitTestResult executionId="d8f4da7a-4a3d-4b23-b36c-ccd5c92a4f81" testId="64e8a39d-570b-1c8a-c53e-857ada5d76aa" testName="Test037" computerName="md" duration="00:00:00.0019610" startTime="2018-11-12T00:18:59.0427464-05:00" endTime="2018-11-12T00:18:59.0448079-05:00" testType="13cdc9d9-ddb5-4fa4-a97d-d965ccfc6d4b" outcome="Passed" testListId="8c84fa94-04c1-424b-9868-57a2d4851a1d" relativeResultsDirectory="d8f4da7a-4a3d-4b23-b36c-ccd5c92a4f81" /><UnitTestResult executionId="afd98d9b-4ebb-455b-9a8d-1260779f8750" testId="93d338d1-12bd-369b-e65a-4b91e90960ab" testName="Test050" computerName="md" duration="00:00:00.0000401" startTime="2018-11-12T00:19:03.1377311-05:00" endTime="2018-11-12T00:19:03.1378846-05:00" testType="13cdc9d9-ddb5-4fa4-a97d-d965ccfc6d4b" outcome="Passed" testListId="8c84fa94-04c1-424b-9868-57a2d4851a1d" relativeResultsDirectory="afd98d9b-4ebb-455b-9a8d-1260779f8750" /><UnitTestResult executionId="97d33273-eb82-4c5a-a060-a1e4424ee243" testId="74830765-7e88-6c15-29fc-a6c0b946797a" testName="Test018" computerName="md" duration="00:00:00.0058079" startTime="2018-11-12T00:19:00.6336145-05:00" endTime="2018-11-12T00:19:00.6395140-05:00" testType="13cdc9d9-ddb5-4fa4-a97d-d965ccfc6d4b" outcome="Passed" testListId="8c84fa94-04c1-424b-9868-57a2d4851a1d" relativeResultsDirectory="97d33273-eb82-4c5a-a060-a1e4424ee243" /><UnitTestResult executionId="063942c0-74c1-4a8f-ac2a-41f12c9ce19b" testId="7c801781-64ff-0e8e-6556-e30508c21976" testName="Test048" computerName="md" duration="00:00:00.0000985" startTime="2018-11-12T00:19:03.1371221-05:00" endTime="2018-11-12T00:19:03.1374883-05:00" testType="13cdc9d9-ddb5-4fa4-a97d-d965ccfc6d4b" outcome="Passed" testListId="8c84fa94-04c1-424b-9868-57a2d4851a1d" relativeResultsDirectory="063942c0-74c1-4a8f-ac2a-41f12c9ce19b" /><UnitTestResult executionId="bf43abab-c45e-49fa-8432-1cc64e44d5ad" testId="d25c6fcd-eba3-3781-85ce-b36690577056" testName="Test011" computerName="md" duration="00:00:00.0050806" startTime="2018-11-12T00:19:00.3556708-05:00" endTime="2018-11-12T00:19:00.3608513-05:00" testType="13cdc9d9-ddb5-4fa4-a97d-d965ccfc6d4b" outcome="Passed" testListId="8c84fa94-04c1-424b-9868-57a2d4851a1d" relativeResultsDirectory="bf43abab-c45e-49fa-8432-1cc64e44d5ad" /><UnitTestResult executionId="891c7f9d-689f-477b-a041-1d593f770d3a" testId="ff2b2725-2fd9-9aea-24fc-e065b2138a48" testName="Test042" computerName="md" duration="00:00:00.0036430" startTime="2018-11-12T00:19:01.5625371-05:00" endTime="2018-11-12T00:19:01.5662743-05:00" testType="13cdc9d9-ddb5-4fa4-a97d-d965ccfc6d4b" outcome="Passed" testListId="8c84fa94-04c1-424b-9868-57a2d4851a1d" relativeResultsDirectory="891c7f9d-689f-477b-a041-1d593f770d3a" /><UnitTestResult executionId="0e6b950e-6c20-4495-bd8a-4e15dcc3ddf7" testId="3094a9be-8a8c-6ba7-9530-bc5f7f2e10b2" testName="Test005" computerName="md" duration="00:00:00.0086771" startTime="2018-11-12T00:19:01.8676458-05:00" endTime="2018-11-12T00:19:01.8773470-05:00" testType="13cdc9d9-ddb5-4fa4-a97d-d965ccfc6d4b" outcome="Passed" testListId="8c84fa94-04c1-424b-9868-57a2d4851a1d" relativeResultsDirectory="0e6b950e-6c20-4495-bd8a-4e15dcc3ddf7" /><UnitTestResult executionId="03e56cca-c13b-4dc0-a5fb-66ac22c42ad1" testId="bbf1d940-b8d5-565a-a47b-038552482b01" testName="Test013" computerName="md" duration="00:00:00.0000417" startTime="2018-11-12T00:19:03.0961749-05:00" endTime="2018-11-12T00:19:03.0963171-05:00" testType="13cdc9d9-ddb5-4fa4-a97d-d965ccfc6d4b" outcome="Passed" testListId="8c84fa94-04c1-424b-9868-57a2d4851a1d" relativeResultsDirectory="03e56cca-c13b-4dc0-a5fb-66ac22c42ad1" /><UnitTestResult executionId="fa08db21-90c2-4297-9c2a-f47cc65eb984" testId="0e7cd64a-f711-4999-f779-ec15a880df52" testName="Test014" computerName="md" duration="00:00:00.0000923" startTime="2018-11-12T00:19:03.3437829-05:00" endTime="2018-11-12T00:19:03.3439744-05:00" testType="13cdc9d9-ddb5-4fa4-a97d-d965ccfc6d4b" outcome="Passed" testListId="8c84fa94-04c1-424b-9868-57a2d4851a1d" relativeResultsDirectory="fa08db21-90c2-4297-9c2a-f47cc65eb984" /><UnitTestResult executionId="f2f112fd-5da7-402e-afba-5a7cb003ddf8" testId="5bc64de7-f8b3-1c60-d7ba-40a9f9e8e59b" testName="Test005" computerName="md" duration="00:00:00.0003452" startTime="2018-11-12T00:19:03.0422525-05:00" endTime="2018-11-12T00:19:03.0427183-05:00" testType="13cdc9d9-ddb5-4fa4-a97d-d965ccfc6d4b" outcome="Passed" testListId="8c84fa94-04c1-424b-9868-57a2d4851a1d" relativeResultsDirectory="f2f112fd-5da7-402e-afba-5a7cb003ddf8" /><UnitTestResult executionId="d8ce474a-11e3-4ba1-8c6b-27dabd598300" testId="b38aa131-5847-3100-c4de-8a9f70cea53b" testName="Test020" computerName="md" duration="00:00:00.0037565" startTime="2018-11-12T00:18:59.4095361-05:00" endTime="2018-11-12T00:18:59.4134002-05:00" testType="13cdc9d9-ddb5-4fa4-a97d-d965ccfc6d4b" outcome="Passed" testListId="8c84fa94-04c1-424b-9868-57a2d4851a1d" relativeResultsDirectory="d8ce474a-11e3-4ba1-8c6b-27dabd598300" /><UnitTestResult executionId="4a20d5c8-1161-49ec-bc79-fda20366296c" testId="3faaa1cf-47c2-2b35-7433-c74afaeb21b2" testName="Test007" computerName="md" duration="00:00:00.0045569" startTime="2018-11-12T00:19:00.9893246-05:00" endTime="2018-11-12T00:19:00.9939856-05:00" testType="13cdc9d9-ddb5-4fa4-a97d-d965ccfc6d4b" outcome="Passed" testListId="8c84fa94-04c1-424b-9868-57a2d4851a1d" relativeResultsDirectory="4a20d5c8-1161-49ec-bc79-fda20366296c" /><UnitTestResult executionId="b02706b3-6158-498c-895f-5ab01665851d" testId="97f974ca-e170-f7fa-6054-0e372a642d9a" testName="Test002" computerName="md" duration="00:00:00.0001649" startTime="2018-11-12T00:19:02.2492947-05:00" endTime="2018-11-12T00:19:02.2495644-05:00" testType="13cdc9d9-ddb5-4fa4-a97d-d965ccfc6d4b" outcome="Passed" testListId="8c84fa94-04c1-424b-9868-57a2d4851a1d" relativeResultsDirectory="b02706b3-6158-498c-895f-5ab01665851d" /><UnitTestResult executionId="83328e0c-a62f-4723-9d64-0d067d4f9b52" testId="d105d5f8-0eef-0d08-fa9e-e1b5b8ffda67" testName="Test030" computerName="md" duration="00:00:00.0157903" startTime="2018-11-12T00:18:58.0924910-05:00" endTime="2018-11-12T00:18:58.1084523-05:00" testType="13cdc9d9-ddb5-4fa4-a97d-d965ccfc6d4b" outcome="Passed" testListId="8c84fa94-04c1-424b-9868-57a2d4851a1d" relativeResultsDirectory="83328e0c-a62f-4723-9d64-0d067d4f9b52" /><UnitTestResult executionId="bde85bae-d960-46fb-89c5-64c2ec1238e4" testId="ad9bb7f3-f03b-c97c-a668-efbeee7e2a65" testName="Test024" computerName="md" duration="00:00:00.0067743" startTime="2018-11-12T00:19:00.4478481-05:00" endTime="2018-11-12T00:19:00.4547151-05:00" testType="13cdc9d9-ddb5-4fa4-a97d-d965ccfc6d4b" outcome="Passed" testListId="8c84fa94-04c1-424b-9868-57a2d4851a1d" relativeResultsDirectory="bde85bae-d960-46fb-89c5-64c2ec1238e4" /><UnitTestResult executionId="532987bc-b05a-4239-8b47-cd64728a939c" testId="eb158662-e25e-4126-a4cd-d89266e0c95e" testName="Test007" computerName="md" duration="00:00:00.0001527" startTime="2018-11-12T00:19:01.7986918-05:00" endTime="2018-11-12T00:19:01.7989329-05:00" testType="13cdc9d9-ddb5-4fa4-a97d-d965ccfc6d4b" outcome="Passed" testListId="8c84fa94-04c1-424b-9868-57a2d4851a1d" relativeResultsDirectory="532987bc-b05a-4239-8b47-cd64728a939c" /><UnitTestResult executionId="a93f74cc-2488-4f1d-af17-0ae60553ab1e" testId="2c8fc216-0986-62b8-7044-d951b62f9f8d" testName="Test010" computerName="md" duration="00:00:00.0002125" startTime="2018-11-12T00:19:01.8548086-05:00" endTime="2018-11-12T00:19:01.8551301-05:00" testType="13cdc9d9-ddb5-4fa4-a97d-d965ccfc6d4b" outcome="Passed" testListId="8c84fa94-04c1-424b-9868-57a2d4851a1d" relativeResultsDirectory="a93f74cc-2488-4f1d-af17-0ae60553ab1e" /><UnitTestResult executionId="75c19722-9eef-4d07-b509-5487057c323d" testId="bb4affef-6be8-2871-6c9d-232678a58eee" testName="Test047" computerName="md" duration="00:00:00.0052597" startTime="2018-11-12T00:19:02.1177016-05:00" endTime="2018-11-12T00:19:02.1230709-05:00" testType="13cdc9d9-ddb5-4fa4-a97d-d965ccfc6d4b" outcome="Passed" testListId="8c84fa94-04c1-424b-9868-57a2d4851a1d" relativeResultsDirectory="75c19722-9eef-4d07-b509-5487057c323d" /><UnitTestResult executionId="db13abc3-5c39-4be8-be73-8bf546068205" testId="39e493b7-042f-6610-f23d-62d73399825c" testName="Test003" computerName="md" duration="00:00:00.0000305" startTime="2018-11-12T00:19:03.2746719-05:00" endTime="2018-11-12T00:19:03.2748106-05:00" testType="13cdc9d9-ddb5-4fa4-a97d-d965ccfc6d4b" outcome="Passed" testListId="8c84fa94-04c1-424b-9868-57a2d4851a1d" relativeResultsDirectory="db13abc3-5c39-4be8-be73-8bf546068205" /><UnitTestResult executionId="e03fcff6-f0d3-40b3-90cc-471416ed4d69" testId="8274ee9f-11f0-1575-d674-403d2a7e21e5" testName="Test010" computerName="md" duration="00:00:00.0045719" startTime="2018-11-12T00:19:00.5798735-05:00" endTime="2018-11-12T00:19:00.5845369-05:00" testType="13cdc9d9-ddb5-4fa4-a97d-d965ccfc6d4b" outcome="Passed" testListId="8c84fa94-04c1-424b-9868-57a2d4851a1d" relativeResultsDirectory="e03fcff6-f0d3-40b3-90cc-471416ed4d69" /><UnitTestResult executionId="bfbbd1c6-191b-4ff6-a890-bdd76b77894a" testId="2ab3f8f8-07c2-9b39-4a30-d64dad045627" testName="Test009" computerName="md" duration="00:00:00.0027152" startTime="2018-11-12T00:19:02.2861894-05:00" endTime="2018-11-12T00:19:02.2890370-05:00" testType="13cdc9d9-ddb5-4fa4-a97d-d965ccfc6d4b" outcome="Passed" testListId="8c84fa94-04c1-424b-9868-57a2d4851a1d" relativeResultsDirectory="bfbbd1c6-191b-4ff6-a890-bdd76b77894a" /><UnitTestResult executionId="16a2cd63-41a7-4cb2-8259-e26ec62d2641" testId="6a0bb04f-cc6d-ba94-c1df-4b33ce7eb229" testName="Test081" computerName="md" duration="00:00:00.0037020" startTime="2018-11-12T00:18:58.7192468-05:00" endTime="2018-11-12T00:18:58.7230453-05:00" testType="13cdc9d9-ddb5-4fa4-a97d-d965ccfc6d4b" outcome="Passed" testListId="8c84fa94-04c1-424b-9868-57a2d4851a1d" relativeResultsDirectory="16a2cd63-41a7-4cb2-8259-e26ec62d2641" /><UnitTestResult executionId="033e0c58-cdcd-41b4-a1f6-c17e16a629c4" testId="271a28bd-fa04-ef6d-399e-0dcebc75acce" testName="Test009" computerName="md" duration="00:00:00.0000428" startTime="2018-11-12T00:19:03.0868202-05:00" endTime="2018-11-12T00:19:03.0869701-05:00" testType="13cdc9d9-ddb5-4fa4-a97d-d965ccfc6d4b" outcome="Passed" testListId="8c84fa94-04c1-424b-9868-57a2d4851a1d" relativeResultsDirectory="033e0c58-cdcd-41b4-a1f6-c17e16a629c4" /><UnitTestResult executionId="34c7c64f-89b5-4edd-a062-c357b73a7115" testId="8e9ab06c-2157-36d7-1c3f-be07b0051763" testName="Test012" computerName="md" duration="00:00:00.0000558" startTime="2018-11-12T00:19:03.0959752-05:00" endTime="2018-11-12T00:19:03.0961583-05:00" testType="13cdc9d9-ddb5-4fa4-a97d-d965ccfc6d4b" outcome="Passed" testListId="8c84fa94-04c1-424b-9868-57a2d4851a1d" relativeResultsDirectory="34c7c64f-89b5-4edd-a062-c357b73a7115" /><UnitTestResult executionId="12bc1c97-40a3-4627-9d93-447cca10d55f" testId="32074f28-d140-dffd-2959-63191617f70c" testName="Test029" computerName="md" duration="00:00:00.0035949" startTime="2018-11-12T00:19:01.7437990-05:00" endTime="2018-11-12T00:19:01.7474886-05:00" testType="13cdc9d9-ddb5-4fa4-a97d-d965ccfc6d4b" outcome="Passed" testListId="8c84fa94-04c1-424b-9868-57a2d4851a1d" relativeResultsDirectory="12bc1c97-40a3-4627-9d93-447cca10d55f" /><UnitTestResult executionId="d493f443-4577-48fc-ae30-f30c4894137a" testId="aad707e1-f7eb-567f-e96f-c14b796e7026" testName="Test025" computerName="md" duration="00:00:00.0026766" startTime="2018-11-12T00:19:01.9879598-05:00" endTime="2018-11-12T00:19:01.9907722-05:00" testType="13cdc9d9-ddb5-4fa4-a97d-d965ccfc6d4b" outcome="Passed" testListId="8c84fa94-04c1-424b-9868-57a2d4851a1d" relativeResultsDirectory="d493f443-4577-48fc-ae30-f30c4894137a" /><UnitTestResult executionId="d84847bc-f4bd-45b8-aa33-1b3cbda1035e" testId="d7bbea83-5c0b-2541-a1b4-cf92e66331c5" testName="Test210" computerName="md" duration="00:00:00.0047373" startTime="2018-11-12T00:18:59.7304952-05:00" endTime="2018-11-12T00:18:59.7353391-05:00" testType="13cdc9d9-ddb5-4fa4-a97d-d965ccfc6d4b" outcome="Passed" testListId="8c84fa94-04c1-424b-9868-57a2d4851a1d" relativeResultsDirectory="d84847bc-f4bd-45b8-aa33-1b3cbda1035e" /><UnitTestResult executionId="207ce7bb-1382-4be1-bf26-c6618978cc5f" testId="13dff2dd-ee10-c833-fc78-7c4a94180048" testName="Test120" computerName="md" duration="00:00:00.0052768" startTime="2018-11-12T00:18:59.5946509-05:00" endTime="2018-11-12T00:18:59.6000233-05:00" testType="13cdc9d9-ddb5-4fa4-a97d-d965ccfc6d4b" outcome="Passed" testListId="8c84fa94-04c1-424b-9868-57a2d4851a1d" relativeResultsDirectory="207ce7bb-1382-4be1-bf26-c6618978cc5f" /><UnitTestResult executionId="07eead77-cc35-40dd-b596-8bb4ebba75e2" testId="67bcd1b5-df74-8804-5132-c4bdec17a663" testName="Test009" computerName="md" duration="00:00:00.0042192" startTime="2018-11-12T00:19:01.9012514-05:00" endTime="2018-11-12T00:19:01.9055881-05:00" testType="13cdc9d9-ddb5-4fa4-a97d-d965ccfc6d4b" outcome="Passed" testListId="8c84fa94-04c1-424b-9868-57a2d4851a1d" relativeResultsDirectory="07eead77-cc35-40dd-b596-8bb4ebba75e2" /><UnitTestResult executionId="a5dc608a-1149-4bed-ab8b-18184f4ff42b" testId="863255ac-50f8-a281-1e1b-db3af8ffe111" testName="Test020" computerName="md" duration="00:00:00.0077410" startTime="2018-11-12T00:19:01.0915788-05:00" endTime="2018-11-12T00:19:01.0994211-05:00" testType="13cdc9d9-ddb5-4fa4-a97d-d965ccfc6d4b" outcome="Passed" testListId="8c84fa94-04c1-424b-9868-57a2d4851a1d" relativeResultsDirectory="a5dc608a-1149-4bed-ab8b-18184f4ff42b" /><UnitTestResult executionId="f91633a7-a0b2-4c5c-a9fa-8e2a7d5a2d44" testId="681a652e-b485-06d2-b709-0685ba614324" testName="Test001" computerName="md" duration="00:00:00.0003935" startTime="2018-11-12T00:19:02.2282492-05:00" endTime="2018-11-12T00:19:02.2289854-05:00" testType="13cdc9d9-ddb5-4fa4-a97d-d965ccfc6d4b" outcome="Passed" testListId="8c84fa94-04c1-424b-9868-57a2d4851a1d" relativeResultsDirectory="f91633a7-a0b2-4c5c-a9fa-8e2a7d5a2d44" /><UnitTestResult executionId="26b203fe-b6f1-4706-a3d8-0c899203a412" testId="3d211ba9-0cef-b5c7-bc67-c7b1f7d953de" testName="Test044" computerName="md" duration="00:00:00.0087869" startTime="2018-11-12T00:18:59.1013405-05:00" endTime="2018-11-12T00:18:59.1102258-05:00" testType="13cdc9d9-ddb5-4fa4-a97d-d965ccfc6d4b" outcome="Passed" testListId="8c84fa94-04c1-424b-9868-57a2d4851a1d" relativeResultsDirectory="26b203fe-b6f1-4706-a3d8-0c899203a412" /><UnitTestResult executionId="244c4ff5-ef4b-446e-a140-a646d8b87157" testId="e2065263-c5f5-65d7-c40f-9df2d107c98b" testName="Test053" computerName="md" duration="00:00:00.0000438" startTime="2018-11-12T00:19:03.1382137-05:00" endTime="2018-11-12T00:19:03.1383669-05:00" testType="13cdc9d9-ddb5-4fa4-a97d-d965ccfc6d4b" outcome="Passed" testListId="8c84fa94-04c1-424b-9868-57a2d4851a1d" relativeResultsDirectory="244c4ff5-ef4b-446e-a140-a646d8b87157" /><UnitTestResult executionId="30e30978-5218-401a-a7bd-abe7f58560aa" testId="2b2643d2-dc21-a9b3-026a-a9322cd6a656" testName="Test008" computerName="md" duration="00:00:00.0029739" startTime="2018-11-12T00:19:00.7735117-05:00" endTime="2018-11-12T00:19:00.7765816-05:00" testType="13cdc9d9-ddb5-4fa4-a97d-d965ccfc6d4b" outcome="Passed" testListId="8c84fa94-04c1-424b-9868-57a2d4851a1d" relativeResultsDirectory="30e30978-5218-401a-a7bd-abe7f58560aa" /><UnitTestResult executionId="8e99ea79-2e61-4082-a228-43cc0f088464" testId="4a0dceab-7cad-8c9d-9e57-dd6bc5a41a37" testName="Test018" computerName="md" duration="00:00:00.0054169" startTime="2018-11-12T00:19:01.0683591-05:00" endTime="2018-11-12T00:19:01.0738815-05:00" testType="13cdc9d9-ddb5-4fa4-a97d-d965ccfc6d4b" outcome="Passed" testListId="8c84fa94-04c1-424b-9868-57a2d4851a1d" relativeResultsDirectory="8e99ea79-2e61-4082-a228-43cc0f088464" /><UnitTestResult executionId="656fe339-63d0-4964-92a1-43bdd1ac59f4" testId="efea8587-6cf2-e8f7-94df-37431fd5a0b1" testName="Test023" computerName="md" duration="00:00:00.0000570" startTime="2018-11-12T00:19:03.2544733-05:00" endTime="2018-11-12T00:19:03.2546222-05:00" testType="13cdc9d9-ddb5-4fa4-a97d-d965ccfc6d4b" outcome="Passed" testListId="8c84fa94-04c1-424b-9868-57a2d4851a1d" relativeResultsDirectory="656fe339-63d0-4964-92a1-43bdd1ac59f4" /><UnitTestResult executionId="dfc00e7c-09c7-4eae-8a70-4a22864ea9dd" testId="01139ec1-f70b-0fda-1fed-afc156af566b" testName="Test011" computerName="md" duration="00:00:00.0000112" startTime="2018-11-12T00:19:03.1762387-05:00" endTime="2018-11-12T00:19:03.1763493-05:00" testType="13cdc9d9-ddb5-4fa4-a97d-d965ccfc6d4b" outcome="Passed" testListId="8c84fa94-04c1-424b-9868-57a2d4851a1d" relativeResultsDirectory="dfc00e7c-09c7-4eae-8a70-4a22864ea9dd" /><UnitTestResult executionId="d59829ab-df43-4496-bf2c-09e67cab0bdf" testId="c6f2bd5a-4caf-16b4-de55-2a539aa90c68" testName="Test006" computerName="md" duration="00:00:00.0000100" startTime="2018-11-12T00:19:03.0675823-05:00" endTime="2018-11-12T00:19:03.0677555-05:00" testType="13cdc9d9-ddb5-4fa4-a97d-d965ccfc6d4b" outcome="Passed" testListId="8c84fa94-04c1-424b-9868-57a2d4851a1d" relativeResultsDirectory="d59829ab-df43-4496-bf2c-09e67cab0bdf" /><UnitTestResult executionId="0b8633fd-84b4-4732-869a-22def6cc2599" testId="f1608dfe-1590-2e90-fcc5-33b759f0f1f1" testName="Test001" computerName="md" duration="00:00:00.0026241" startTime="2018-11-12T00:19:00.9680872-05:00" endTime="2018-11-12T00:19:00.9719310-05:00" testType="13cdc9d9-ddb5-4fa4-a97d-d965ccfc6d4b" outcome="Passed" testListId="8c84fa94-04c1-424b-9868-57a2d4851a1d" relativeResultsDirectory="0b8633fd-84b4-4732-869a-22def6cc2599" /><UnitTestResult executionId="a97fbe3c-2de6-44d6-a725-67ff864ddfb1" testId="79f647a6-48fe-da51-98ea-c21432a928bc" testName="Test011" computerName="md" duration="00:00:00.0037758" startTime="2018-11-12T00:19:01.6312589-05:00" endTime="2018-11-12T00:19:01.6351255-05:00" testType="13cdc9d9-ddb5-4fa4-a97d-d965ccfc6d4b" outcome="Passed" testListId="8c84fa94-04c1-424b-9868-57a2d4851a1d" relativeResultsDirectory="a97fbe3c-2de6-44d6-a725-67ff864ddfb1" /><UnitTestResult executionId="84c8c9e0-8fb1-4eff-9198-d9b9ae666c1b" testId="da396bc8-87c3-6ad9-695a-24683cd5bb32" testName="Test012" computerName="md" duration="00:00:00.0037201" startTime="2018-11-12T00:19:01.6351389-05:00" endTime="2018-11-12T00:19:01.6389649-05:00" testType="13cdc9d9-ddb5-4fa4-a97d-d965ccfc6d4b" outcome="Passed" testListId="8c84fa94-04c1-424b-9868-57a2d4851a1d" relativeResultsDirectory="84c8c9e0-8fb1-4eff-9198-d9b9ae666c1b" /><UnitTestResult executionId="334eef5b-25c1-405e-90c4-3fd875380e40" testId="0a960484-2ce0-3a9f-3847-b10da5a291d2" testName="Test021" computerName="md" duration="00:00:00.0000411" startTime="2018-11-12T00:19:03.1033032-05:00" endTime="2018-11-12T00:19:03.1034555-05:00" testType="13cdc9d9-ddb5-4fa4-a97d-d965ccfc6d4b" outcome="Passed" testListId="8c84fa94-04c1-424b-9868-57a2d4851a1d" relativeResultsDirectory="334eef5b-25c1-405e-90c4-3fd875380e40" /><UnitTestResult executionId="e4825f56-25fc-4af9-a6bb-8331ac227844" testId="46e2c73e-343b-6279-616c-2c0710c65f1d" testName="Test018" computerName="md" duration="00:00:00.0054204" startTime="2018-11-12T00:19:01.6693552-05:00" endTime="2018-11-12T00:19:01.6749757-05:00" testType="13cdc9d9-ddb5-4fa4-a97d-d965ccfc6d4b" outcome="Passed" testListId="8c84fa94-04c1-424b-9868-57a2d4851a1d" relativeResultsDirectory="e4825f56-25fc-4af9-a6bb-8331ac227844" /><UnitTestResult executionId="61656715-530d-4ea4-aec7-9806f24966b5" testId="41d95f39-4468-5f0c-13a4-9818c9660709" testName="Test318" computerName="md" duration="00:00:00.0052731" startTime="2018-11-12T00:19:00.0122532-05:00" endTime="2018-11-12T00:19:00.0176306-05:00" testType="13cdc9d9-ddb5-4fa4-a97d-d965ccfc6d4b" outcome="Passed" testListId="8c84fa94-04c1-424b-9868-57a2d4851a1d" relativeResultsDirectory="61656715-530d-4ea4-aec7-9806f24966b5" /><UnitTestResult executionId="38e630e6-35d6-438f-b3c2-379fe397ac9e" testId="0b678d72-266a-7840-286b-80826bef36d7" testName="Test003" computerName="md" duration="00:00:00.0007127" startTime="2018-11-12T00:18:57.5593219-05:00" endTime="2018-11-12T00:18:57.5601257-05:00" testType="13cdc9d9-ddb5-4fa4-a97d-d965ccfc6d4b" outcome="Passed" testListId="8c84fa94-04c1-424b-9868-57a2d4851a1d" relativeResultsDirectory="38e630e6-35d6-438f-b3c2-379fe397ac9e" /><UnitTestResult executionId="7348de99-3337-4993-aace-7a1aa6af290f" testId="fef08f92-9e40-7e1f-12a6-8ea2e05f714c" testName="Test016" computerName="md" duration="00:00:00.0005539" startTime="2018-11-12T00:19:01.8282383-05:00" endTime="2018-11-12T00:19:01.8288911-05:00" testType="13cdc9d9-ddb5-4fa4-a97d-d965ccfc6d4b" outcome="Passed" testListId="8c84fa94-04c1-424b-9868-57a2d4851a1d" relativeResultsDirectory="7348de99-3337-4993-aace-7a1aa6af290f" /><UnitTestResult executionId="9aec77fd-73fc-44da-ba0e-ceec9b95b160" testId="9d78fec4-68a0-c948-4b15-eeda8fce14f1" testName="Test207" computerName="md" duration="00:00:00.0044345" startTime="2018-11-12T00:18:59.7169222-05:00" endTime="2018-11-12T00:18:59.7214608-05:00" testType="13cdc9d9-ddb5-4fa4-a97d-d965ccfc6d4b" outcome="Passed" testListId="8c84fa94-04c1-424b-9868-57a2d4851a1d" relativeResultsDirectory="9aec77fd-73fc-44da-ba0e-ceec9b95b160" /><UnitTestResult executionId="cd8d33a8-fcca-4a19-b01b-88ad9232e311" testId="6d8feea5-4c6f-ad58-8736-af332743959b" testName="Test001" computerName="md" duration="00:00:00.0008796" startTime="2018-11-12T00:19:02.2258658-05:00" endTime="2018-11-12T00:19:02.2271595-05:00" testType="13cdc9d9-ddb5-4fa4-a97d-d965ccfc6d4b" outcome="Passed" testListId="8c84fa94-04c1-424b-9868-57a2d4851a1d" relativeResultsDirectory="cd8d33a8-fcca-4a19-b01b-88ad9232e311" /><UnitTestResult executionId="6d7ac49a-70e5-461c-ac42-774c68afc02a" testId="56e52f61-7433-bd92-b4da-a2f89c813749" testName="Test030" computerName="md" duration="00:00:00.0087987" startTime="2018-11-12T00:19:02.5327130-05:00" endTime="2018-11-12T00:19:02.5417220-05:00" testType="13cdc9d9-ddb5-4fa4-a97d-d965ccfc6d4b" outcome="Passed" testListId="8c84fa94-04c1-424b-9868-57a2d4851a1d" relativeResultsDirectory="6d7ac49a-70e5-461c-ac42-774c68afc02a" /><UnitTestResult executionId="edd1a025-00e1-4466-81b9-56db5023d3bd" testId="0ee38d39-4e38-ee9a-7e1b-4a2b70e13004" testName="Test013" computerName="md" duration="00:00:00.0007730" startTime="2018-11-12T00:18:59.1790574-05:00" endTime="2018-11-12T00:18:59.1799191-05:00" testType="13cdc9d9-ddb5-4fa4-a97d-d965ccfc6d4b" outcome="Passed" testListId="8c84fa94-04c1-424b-9868-57a2d4851a1d" relativeResultsDirectory="edd1a025-00e1-4466-81b9-56db5023d3bd" /><UnitTestResult executionId="722b041f-3796-4d26-8f36-4e87044561d6" testId="26cff81f-9334-f52a-af7e-e183167ef250" testName="Test007" computerName="md" duration="00:00:00.0000103" startTime="2018-11-12T00:19:03.0677678-05:00" endTime="2018-11-12T00:19:03.0678827-05:00" testType="13cdc9d9-ddb5-4fa4-a97d-d965ccfc6d4b" outcome="Passed" testListId="8c84fa94-04c1-424b-9868-57a2d4851a1d" relativeResultsDirectory="722b041f-3796-4d26-8f36-4e87044561d6" /><UnitTestResult executionId="e7883b86-0b53-4517-9c87-3786211c5a6a" testId="87249773-d8a9-9f33-b107-e50912800565" testName="Test004" computerName="md" duration="00:00:00.0037291" startTime="2018-11-12T00:19:00.5272646-05:00" endTime="2018-11-12T00:19:00.5310851-05:00" testType="13cdc9d9-ddb5-4fa4-a97d-d965ccfc6d4b" outcome="Passed" testListId="8c84fa94-04c1-424b-9868-57a2d4851a1d" relativeResultsDirectory="e7883b86-0b53-4517-9c87-3786211c5a6a" /><UnitTestResult executionId="f8dbfa4b-9099-47e8-8535-794ebcd95511" testId="08f54eed-a22d-d0e2-f612-beca14392363" testName="Test013" computerName="md" duration="00:00:00.0020082" startTime="2018-11-12T00:19:02.6971351-05:00" endTime="2018-11-12T00:19:02.6992544-05:00" testType="13cdc9d9-ddb5-4fa4-a97d-d965ccfc6d4b" outcome="Passed" testListId="8c84fa94-04c1-424b-9868-57a2d4851a1d" relativeResultsDirectory="f8dbfa4b-9099-47e8-8535-794ebcd95511" /><UnitTestResult executionId="85036ef0-ffe7-4dbd-9ebc-0838febed57e" testId="a109f2f8-40ec-3691-1f7f-3076cfaa38cc" testName="Test022" computerName="md" duration="00:00:00.0080287" startTime="2018-11-12T00:19:01.1066382-05:00" endTime="2018-11-12T00:19:01.1147640-05:00" testType="13cdc9d9-ddb5-4fa4-a97d-d965ccfc6d4b" outcome="Passed" testListId="8c84fa94-04c1-424b-9868-57a2d4851a1d" relativeResultsDirectory="85036ef0-ffe7-4dbd-9ebc-0838febed57e" /><UnitTestResult executionId="08103a5e-44d3-40dd-aacd-d818a2d8d7a9" testId="7fc452bf-90fb-e144-2077-1e2606c1e3cb" testName="Test056" computerName="md" duration="00:00:00.0003179" startTime="2018-11-12T00:19:03.1387650-05:00" endTime="2018-11-12T00:19:03.1394789-05:00" testType="13cdc9d9-ddb5-4fa4-a97d-d965ccfc6d4b" outcome="Passed" testListId="8c84fa94-04c1-424b-9868-57a2d4851a1d" relativeResultsDirectory="08103a5e-44d3-40dd-aacd-d818a2d8d7a9" /><UnitTestResult executionId="8d892e53-6c49-49d0-aaeb-d8527d152894" testId="3421ef35-f27d-e14d-e2ad-d2f8e077ccbe" testName="Test023" computerName="md" duration="00:00:00.0078227" startTime="2018-11-12T00:19:00.6982966-05:00" endTime="2018-11-12T00:19:00.7062162-05:00" testType="13cdc9d9-ddb5-4fa4-a97d-d965ccfc6d4b" outcome="Passed" testListId="8c84fa94-04c1-424b-9868-57a2d4851a1d" relativeResultsDirectory="8d892e53-6c49-49d0-aaeb-d8527d152894" /><UnitTestResult executionId="ee3c3e73-4530-462c-bc82-2d72601db3c4" testId="ece59348-b52e-9bfb-4ef9-de3cf9f88af3" testName="Test011" computerName="md" duration="00:00:00.0042811" startTime="2018-11-12T00:19:00.8745248-05:00" endTime="2018-11-12T00:19:00.8789141-05:00" testType="13cdc9d9-ddb5-4fa4-a97d-d965ccfc6d4b" outcome="Passed" testListId="8c84fa94-04c1-424b-9868-57a2d4851a1d" relativeResultsDirectory="ee3c3e73-4530-462c-bc82-2d72601db3c4" /><UnitTestResult executionId="3b2fac57-f1e4-492f-be9b-ec7221bbc8db" testId="ae7e37bf-ecae-1ec6-665a-24b05200ac9a" testName="Test020" computerName="md" duration="00:00:00.0084420" startTime="2018-11-12T00:19:03.5902485-05:00" endTime="2018-11-12T00:19:03.5987844-05:00" testType="13cdc9d9-ddb5-4fa4-a97d-d965ccfc6d4b" outcome="Passed" testListId="8c84fa94-04c1-424b-9868-57a2d4851a1d" relativeResultsDirectory="3b2fac57-f1e4-492f-be9b-ec7221bbc8db" /><UnitTestResult executionId="3d0fa99c-54df-42da-a889-142c428b11f8" testId="5ede928c-ab3a-8c07-6a2e-5d5c2da8de7c" testName="Test013" computerName="md" duration="00:00:00.0045820" startTime="2018-11-12T00:19:00.8845983-05:00" endTime="2018-11-12T00:19:00.8892775-05:00" testType="13cdc9d9-ddb5-4fa4-a97d-d965ccfc6d4b" outcome="Passed" testListId="8c84fa94-04c1-424b-9868-57a2d4851a1d" relativeResultsDirectory="3d0fa99c-54df-42da-a889-142c428b11f8" /><UnitTestResult executionId="a4d56f65-16bb-433f-80e1-4d9ceb15f6f5" testId="66c1583c-ac4e-24bf-9f40-4345963343e8" testName="Test002" computerName="md" duration="00:00:00.0002534" startTime="2018-11-12T00:19:01.8411817-05:00" endTime="2018-11-12T00:19:01.8415493-05:00" testType="13cdc9d9-ddb5-4fa4-a97d-d965ccfc6d4b" outcome="Passed" testListId="8c84fa94-04c1-424b-9868-57a2d4851a1d" relativeResultsDirectory="a4d56f65-16bb-433f-80e1-4d9ceb15f6f5" /><UnitTestResult executionId="e7f3e43b-3a66-4c36-bc8a-b7ea4d91dcfc" testId="2ac18e69-d8b7-042b-e3e0-0d4a01bb7aa3" testName="Test319" computerName="md" duration="00:00:00.0048275" startTime="2018-11-12T00:19:00.0176438-05:00" endTime="2018-11-12T00:19:00.0225754-05:00" testType="13cdc9d9-ddb5-4fa4-a97d-d965ccfc6d4b" outcome="Passed" testListId="8c84fa94-04c1-424b-9868-57a2d4851a1d" relativeResultsDirectory="e7f3e43b-3a66-4c36-bc8a-b7ea4d91dcfc" /><UnitTestResult executionId="f395c167-b73f-4d70-9c19-9f4a449bffd3" testId="a4b0ad43-8b91-87a1-7e6d-c48f1aa48edf" testName="Test015" computerName="md" duration="00:00:00.0060077" startTime="2018-11-12T00:19:02.8461654-05:00" endTime="2018-11-12T00:19:02.8522761-05:00" testType="13cdc9d9-ddb5-4fa4-a97d-d965ccfc6d4b" outcome="Passed" testListId="8c84fa94-04c1-424b-9868-57a2d4851a1d" relativeResultsDirectory="f395c167-b73f-4d70-9c19-9f4a449bffd3" /><UnitTestResult executionId="e3326cba-4239-4352-8cea-ab7edbcac05a" testId="c96a8d75-cc27-b1c2-f139-e4ea63e0f438" testName="Test009" computerName="md" duration="00:00:00.0056102" startTime="2018-11-12T00:18:58.9579358-05:00" endTime="2018-11-12T00:18:58.9636484-05:00" testType="13cdc9d9-ddb5-4fa4-a97d-d965ccfc6d4b" outcome="Passed" testListId="8c84fa94-04c1-424b-9868-57a2d4851a1d" relativeResultsDirectory="e3326cba-4239-4352-8cea-ab7edbcac05a" /><UnitTestResult executionId="8eb8ab5d-a147-4173-8da4-19f27c3afdf6" testId="56be28b7-1474-13ee-6211-67288fad208d" testName="Test057" computerName="md" duration="00:00:00.0079823" startTime="2018-11-12T00:19:02.1840368-05:00" endTime="2018-11-12T00:19:02.1921395-05:00" testType="13cdc9d9-ddb5-4fa4-a97d-d965ccfc6d4b" outcome="Passed" testListId="8c84fa94-04c1-424b-9868-57a2d4851a1d" relativeResultsDirectory="8eb8ab5d-a147-4173-8da4-19f27c3afdf6" /><UnitTestResult executionId="665c5c0a-d047-47af-9261-b1b5133e6feb" testId="d6a7d072-aa92-4364-156a-b64d92eb74ad" testName="Test053" computerName="md" duration="00:00:00.0100256" startTime="2018-11-12T00:19:01.4373683-05:00" endTime="2018-11-12T00:19:01.4474913-05:00" testType="13cdc9d9-ddb5-4fa4-a97d-d965ccfc6d4b" outcome="Passed" testListId="8c84fa94-04c1-424b-9868-57a2d4851a1d" relativeResultsDirectory="665c5c0a-d047-47af-9261-b1b5133e6feb" /><UnitTestResult executionId="d819d840-ef41-4adf-9b31-f129a8ef13f5" testId="31dd7e78-aca1-93ca-3efa-c60eed75bd5a" testName="Test027" computerName="md" duration="00:00:00.0000515" startTime="2018-11-12T00:19:03.2550890-05:00" endTime="2018-11-12T00:19:03.2552314-05:00" testType="13cdc9d9-ddb5-4fa4-a97d-d965ccfc6d4b" outcome="Passed" testListId="8c84fa94-04c1-424b-9868-57a2d4851a1d" relativeResultsDirectory="d819d840-ef41-4adf-9b31-f129a8ef13f5" /><UnitTestResult executionId="b657871f-f6b0-4b53-ae7b-cd99287c5497" testId="a24c6e8a-3d1a-a4d6-a2ec-336a3ac8ccb7" testName="Test018" computerName="md" duration="00:00:00.0000475" startTime="2018-11-12T00:19:03.2472206-05:00" endTime="2018-11-12T00:19:03.2473601-05:00" testType="13cdc9d9-ddb5-4fa4-a97d-d965ccfc6d4b" outcome="Passed" testListId="8c84fa94-04c1-424b-9868-57a2d4851a1d" relativeResultsDirectory="b657871f-f6b0-4b53-ae7b-cd99287c5497" /><UnitTestResult executionId="aafc4db4-82bb-4ad1-9fe6-d5422f5f01fc" testId="24a33573-fe54-607a-dc3b-06bc87d27953" testName="Test016" computerName="md" duration="00:00:00.0058675" startTime="2018-11-12T00:19:00.3826030-05:00" endTime="2018-11-12T00:19:00.3885613-05:00" testType="13cdc9d9-ddb5-4fa4-a97d-d965ccfc6d4b" outcome="Passed" testListId="8c84fa94-04c1-424b-9868-57a2d4851a1d" relativeResultsDirectory="aafc4db4-82bb-4ad1-9fe6-d5422f5f01fc" /><UnitTestResult executionId="db189626-fe64-4f4d-a623-ea97f389062f" testId="08a04e95-a004-1f46-d666-31e439127336" testName="Test011" computerName="md" duration="00:00:00.0002449" startTime="2018-11-12T00:19:02.2481859-05:00" endTime="2018-11-12T00:19:02.2485304-05:00" testType="13cdc9d9-ddb5-4fa4-a97d-d965ccfc6d4b" outcome="Passed" testListId="8c84fa94-04c1-424b-9868-57a2d4851a1d" relativeResultsDirectory="db189626-fe64-4f4d-a623-ea97f389062f" /><UnitTestResult executionId="310cd001-17ce-4853-886c-619174b1a857" testId="0b6be0fe-868c-929c-7444-7756700534f1" testName="Test021" computerName="md" duration="00:00:00.0010868" startTime="2018-11-12T00:19:01.5475316-05:00" endTime="2018-11-12T00:19:01.5487113-05:00" testType="13cdc9d9-ddb5-4fa4-a97d-d965ccfc6d4b" outcome="Passed" testListId="8c84fa94-04c1-424b-9868-57a2d4851a1d" relativeResultsDirectory="310cd001-17ce-4853-886c-619174b1a857" /><UnitTestResult executionId="e9bf65c6-a465-496a-80d1-bdc9cd49e379" testId="ef7b24bb-eee0-98bc-451c-831fb9118809" testName="Test033" computerName="md" duration="00:00:00.0089434" startTime="2018-11-12T00:19:01.2205220-05:00" endTime="2018-11-12T00:19:01.2295639-05:00" testType="13cdc9d9-ddb5-4fa4-a97d-d965ccfc6d4b" outcome="Passed" testListId="8c84fa94-04c1-424b-9868-57a2d4851a1d" relativeResultsDirectory="e9bf65c6-a465-496a-80d1-bdc9cd49e379" /><UnitTestResult executionId="f19cb9f4-3280-42f8-8a9c-00f35ceb1bf0" testId="82a809ce-b2c2-f6eb-b8d3-258a6a6b4aed" testName="Test039" computerName="md" duration="00:00:00.0108937" startTime="2018-11-12T00:19:01.2922085-05:00" endTime="2018-11-12T00:19:01.3031968-05:00" testType="13cdc9d9-ddb5-4fa4-a97d-d965ccfc6d4b" outcome="Passed" testListId="8c84fa94-04c1-424b-9868-57a2d4851a1d" relativeResultsDirectory="f19cb9f4-3280-42f8-8a9c-00f35ceb1bf0" /><UnitTestResult executionId="910e770a-c956-4623-aa77-9b1c9b9753bb" testId="76f45915-9077-1f52-b000-dbf77c58e734" testName="Test019" computerName="md" duration="00:00:00.0017076" startTime="2018-11-12T00:18:59.0083283-05:00" endTime="2018-11-12T00:18:59.0101396-05:00" testType="13cdc9d9-ddb5-4fa4-a97d-d965ccfc6d4b" outcome="Passed" testListId="8c84fa94-04c1-424b-9868-57a2d4851a1d" relativeResultsDirectory="910e770a-c956-4623-aa77-9b1c9b9753bb" /><UnitTestResult executionId="e748299c-931c-44ff-927a-0d9d78651e16" testId="79017ed9-5c5f-97c4-59a8-870cc59a5764" testName="Test023" computerName="md" duration="00:00:00.0012852" startTime="2018-11-12T00:18:58.6714044-05:00" endTime="2018-11-12T00:18:58.6727874-05:00" testType="13cdc9d9-ddb5-4fa4-a97d-d965ccfc6d4b" outcome="Passed" testListId="8c84fa94-04c1-424b-9868-57a2d4851a1d" relativeResultsDirectory="e748299c-931c-44ff-927a-0d9d78651e16" /><UnitTestResult executionId="c56b044c-7b78-4df4-8af0-7b4f9c9e4e81" testId="0e885dac-9578-5bd0-484d-4d6a6055fb2b" testName="Test028" computerName="md" duration="00:00:00.0015881" startTime="2018-11-12T00:18:59.0219780-05:00" endTime="2018-11-12T00:18:59.0236669-05:00" testType="13cdc9d9-ddb5-4fa4-a97d-d965ccfc6d4b" outcome="Passed" testListId="8c84fa94-04c1-424b-9868-57a2d4851a1d" relativeResultsDirectory="c56b044c-7b78-4df4-8af0-7b4f9c9e4e81" /><UnitTestResult executionId="79ac3fcb-8962-4a44-8985-d78fa2461373" testId="e162e254-e08f-96c9-0260-744d48a6ea44" testName="Test010" computerName="md" duration="00:00:00.0062293" startTime="2018-11-12T00:19:02.8004231-05:00" endTime="2018-11-12T00:19:02.8067729-05:00" testType="13cdc9d9-ddb5-4fa4-a97d-d965ccfc6d4b" outcome="Passed" testListId="8c84fa94-04c1-424b-9868-57a2d4851a1d" relativeResultsDirectory="79ac3fcb-8962-4a44-8985-d78fa2461373" /><UnitTestResult executionId="59acba37-3b55-4d18-af6b-43e12b40524a" testId="79fe595b-445a-37de-58b7-4e113f0b9359" testName="Test004" computerName="md" duration="00:00:00.0053228" startTime="2018-11-12T00:19:03.4388806-05:00" endTime="2018-11-12T00:19:03.4443024-05:00" testType="13cdc9d9-ddb5-4fa4-a97d-d965ccfc6d4b" outcome="Passed" testListId="8c84fa94-04c1-424b-9868-57a2d4851a1d" relativeResultsDirectory="59acba37-3b55-4d18-af6b-43e12b40524a" /><UnitTestResult executionId="493bc884-fee2-45a2-97aa-c8663c39f899" testId="abcb30cc-95d7-b1f8-2bbe-4ef4c1e04b40" testName="Test014" computerName="md" duration="00:00:00.0045038" startTime="2018-11-12T00:19:01.9238497-05:00" endTime="2018-11-12T00:19:01.9284661-05:00" testType="13cdc9d9-ddb5-4fa4-a97d-d965ccfc6d4b" outcome="Passed" testListId="8c84fa94-04c1-424b-9868-57a2d4851a1d" relativeResultsDirectory="493bc884-fee2-45a2-97aa-c8663c39f899" /><UnitTestResult executionId="abd2f5df-5345-475e-975c-49fc0c313d59" testId="21f000f9-42d0-5691-1c98-dae038f140fd" testName="Test316" computerName="md" duration="00:00:00.0049585" startTime="2018-11-12T00:19:00.0010439-05:00" endTime="2018-11-12T00:19:00.0061529-05:00" testType="13cdc9d9-ddb5-4fa4-a97d-d965ccfc6d4b" outcome="Passed" testListId="8c84fa94-04c1-424b-9868-57a2d4851a1d" relativeResultsDirectory="abd2f5df-5345-475e-975c-49fc0c313d59" /><UnitTestResult executionId="3556d1a5-f8dc-4dcc-b35b-691c5b268871" testId="7cf56fed-d181-006b-4346-7cc795849e1f" testName="Test006" computerName="md" duration="00:00:00.0000277" startTime="2018-11-12T00:19:03.2760457-05:00" endTime="2018-11-12T00:19:03.2761726-05:00" testType="13cdc9d9-ddb5-4fa4-a97d-d965ccfc6d4b" outcome="Passed" testListId="8c84fa94-04c1-424b-9868-57a2d4851a1d" relativeResultsDirectory="3556d1a5-f8dc-4dcc-b35b-691c5b268871" /><UnitTestResult executionId="79c5ef19-6a70-49fb-89f3-5fd07bdecf2a" testId="e1fe0ae9-6b90-864e-a3c3-daaa0438086a" testName="Test004" computerName="md" duration="00:00:00.0029945" startTime="2018-11-12T00:19:02.3027219-05:00" endTime="2018-11-12T00:19:02.3058291-05:00" testType="13cdc9d9-ddb5-4fa4-a97d-d965ccfc6d4b" outcome="Passed" testListId="8c84fa94-04c1-424b-9868-57a2d4851a1d" relativeResultsDirectory="79c5ef19-6a70-49fb-89f3-5fd07bdecf2a" /><UnitTestResult executionId="1def8a90-48b8-4239-93ca-b6b58e9dd4cd" testId="4db46c26-4b82-5227-aeb4-416d57c5c184" testName="Test006" computerName="md" duration="00:00:00.0005586" startTime="2018-11-12T00:19:02.2615255-05:00" endTime="2018-11-12T00:19:02.2621970-05:00" testType="13cdc9d9-ddb5-4fa4-a97d-d965ccfc6d4b" outcome="Passed" testListId="8c84fa94-04c1-424b-9868-57a2d4851a1d" relativeResultsDirectory="1def8a90-48b8-4239-93ca-b6b58e9dd4cd" /><UnitTestResult executionId="f832671d-2b30-4877-9746-a81baae157f0" testId="9f41a5bb-7212-69cd-eddd-1b89c2f2ba5f" testName="Test004" computerName="md" duration="00:00:00.0036604" startTime="2018-11-12T00:19:00.3156659-05:00" endTime="2018-11-12T00:19:00.3194168-05:00" testType="13cdc9d9-ddb5-4fa4-a97d-d965ccfc6d4b" outcome="Passed" testListId="8c84fa94-04c1-424b-9868-57a2d4851a1d" relativeResultsDirectory="f832671d-2b30-4877-9746-a81baae157f0" /><UnitTestResult executionId="e58fb068-0d92-4672-8c51-9cbe27864b55" testId="54bb9c1b-a061-2ad8-2177-e63e0c7f7d29" testName="Test009" computerName="md" duration="00:00:00.0035354" startTime="2018-11-12T00:19:00.7851151-05:00" endTime="2018-11-12T00:19:00.7887579-05:00" testType="13cdc9d9-ddb5-4fa4-a97d-d965ccfc6d4b" outcome="Passed" testListId="8c84fa94-04c1-424b-9868-57a2d4851a1d" relativeResultsDirectory="e58fb068-0d92-4672-8c51-9cbe27864b55" /><UnitTestResult executionId="c16c63f6-9a83-43ea-887f-d008f3480d6d" testId="9a49eee6-ab05-1851-84fc-c6529e7cef37" testName="Test027" computerName="md" duration="00:00:00.0011968" startTime="2018-11-12T00:19:02.9242479-05:00" endTime="2018-11-12T00:19:02.9255497-05:00" testType="13cdc9d9-ddb5-4fa4-a97d-d965ccfc6d4b" outcome="Passed" testListId="8c84fa94-04c1-424b-9868-57a2d4851a1d" relativeResultsDirectory="c16c63f6-9a83-43ea-887f-d008f3480d6d" /><UnitTestResult executionId="bb0a498c-64d2-425d-a666-a6b6c8dc9942" testId="62a00e42-8d0c-48d7-7ace-0b680a366ccb" testName="Test038" computerName="md" duration="00:00:00.0055462" startTime="2018-11-12T00:19:02.0562384-05:00" endTime="2018-11-12T00:19:02.0618972-05:00" testType="13cdc9d9-ddb5-4fa4-a97d-d965ccfc6d4b" outcome="Passed" testListId="8c84fa94-04c1-424b-9868-57a2d4851a1d" relativeResultsDirectory="bb0a498c-64d2-425d-a666-a6b6c8dc9942" /><UnitTestResult executionId="45ada9f7-55de-4d21-8fa6-47b153c465ab" testId="2134bd1a-d167-910e-b4f6-b2359e5b2e87" testName="Test008" computerName="md" duration="00:00:00.0047824" startTime="2018-11-12T00:19:02.6205340-05:00" endTime="2018-11-12T00:19:02.6255854-05:00" testType="13cdc9d9-ddb5-4fa4-a97d-d965ccfc6d4b" outcome="Passed" testListId="8c84fa94-04c1-424b-9868-57a2d4851a1d" relativeResultsDirectory="45ada9f7-55de-4d21-8fa6-47b153c465ab" /><UnitTestResult executionId="b8d393ff-72b7-4e33-b398-e9198c9fb553" testId="51bccd34-5a4d-6fb6-eec9-72a789146c36" testName="Test017" computerName="md" duration="00:00:00.0014114" startTime="2018-11-12T00:18:58.9974610-05:00" endTime="2018-11-12T00:18:58.9989630-05:00" testType="13cdc9d9-ddb5-4fa4-a97d-d965ccfc6d4b" outcome="Passed" testListId="8c84fa94-04c1-424b-9868-57a2d4851a1d" relativeResultsDirectory="b8d393ff-72b7-4e33-b398-e9198c9fb553" /><UnitTestResult executionId="bad65df2-4e6c-4341-94af-e9c5aa5c97ae" testId="ca27af7c-4afa-36c3-3eba-278e06ab4e11" testName="Test004" computerName="md" duration="00:00:00.0163946" startTime="2018-11-12T00:18:58.8791564-05:00" endTime="2018-11-12T00:18:58.8956802-05:00" testType="13cdc9d9-ddb5-4fa4-a97d-d965ccfc6d4b" outcome="Passed" testListId="8c84fa94-04c1-424b-9868-57a2d4851a1d" relativeResultsDirectory="bad65df2-4e6c-4341-94af-e9c5aa5c97ae" /><UnitTestResult executionId="2f9a68a4-2548-46a5-968b-0254239476a4" testId="ee3c89a1-6fc1-a51c-02fc-bb893d2e6303" testName="Test014" computerName="md" duration="00:00:00.0000477" startTime="2018-11-12T00:19:03.2465973-05:00" endTime="2018-11-12T00:19:03.2467376-05:00" testType="13cdc9d9-ddb5-4fa4-a97d-d965ccfc6d4b" outcome="Passed" testListId="8c84fa94-04c1-424b-9868-57a2d4851a1d" relativeResultsDirectory="2f9a68a4-2548-46a5-968b-0254239476a4" /><UnitTestResult executionId="158f8579-30fe-44ed-ab6c-2c4212e78604" testId="79b84690-4380-b93b-b120-3eb4ed5dad67" testName="Test003" computerName="md" duration="00:00:00.0500487" startTime="2018-11-12T00:18:58.8289587-05:00" endTime="2018-11-12T00:18:58.8791202-05:00" testType="13cdc9d9-ddb5-4fa4-a97d-d965ccfc6d4b" outcome="Passed" testListId="8c84fa94-04c1-424b-9868-57a2d4851a1d" relativeResultsDirectory="158f8579-30fe-44ed-ab6c-2c4212e78604" /><UnitTestResult executionId="ade94bb0-e85a-4ede-adfa-d2a67eeafbd2" testId="a4897e79-f7fb-23a9-2108-bd89298f0c4f" testName="Test010" computerName="md" duration="00:00:00.0000287" startTime="2018-11-12T00:19:03.0869813-05:00" endTime="2018-11-12T00:19:03.0871159-05:00" testType="13cdc9d9-ddb5-4fa4-a97d-d965ccfc6d4b" outcome="Passed" testListId="8c84fa94-04c1-424b-9868-57a2d4851a1d" relativeResultsDirectory="ade94bb0-e85a-4ede-adfa-d2a67eeafbd2" /><UnitTestResult executionId="f77f6f44-4ad5-4f16-9990-80a1fbed54b4" testId="3a4ac153-a75f-1eb3-0e46-0164940794d8" testName="Test003" computerName="md" duration="00:00:00.0001743" startTime="2018-11-12T00:19:03.0295579-05:00" endTime="2018-11-12T00:19:03.0298503-05:00" testType="13cdc9d9-ddb5-4fa4-a97d-d965ccfc6d4b" outcome="Passed" testListId="8c84fa94-04c1-424b-9868-57a2d4851a1d" relativeResultsDirectory="f77f6f44-4ad5-4f16-9990-80a1fbed54b4" /><UnitTestResult executionId="9fd9ebb3-14b5-4394-9144-b73e086cfb18" testId="f67c9436-7754-4978-805a-d1b7dc7b13aa" testName="Test053" computerName="md" duration="00:00:00.0061576" startTime="2018-11-12T00:19:02.1586270-05:00" endTime="2018-11-12T00:19:02.1649045-05:00" testType="13cdc9d9-ddb5-4fa4-a97d-d965ccfc6d4b" outcome="Passed" testListId="8c84fa94-04c1-424b-9868-57a2d4851a1d" relativeResultsDirectory="9fd9ebb3-14b5-4394-9144-b73e086cfb18" /><UnitTestResult executionId="ebc56b15-66d4-4290-a326-960a99affd1b" testId="0f204df7-8fb0-669f-d3e0-81b63a7eba62" testName="Test003" computerName="md" duration="00:00:00.0000829" startTime="2018-11-12T00:19:03.3269315-05:00" endTime="2018-11-12T00:19:03.3271180-05:00" testType="13cdc9d9-ddb5-4fa4-a97d-d965ccfc6d4b" outcome="Passed" testListId="8c84fa94-04c1-424b-9868-57a2d4851a1d" relativeResultsDirectory="ebc56b15-66d4-4290-a326-960a99affd1b" /><UnitTestResult executionId="6009a348-0dd6-4087-be07-2573d0b958a1" testId="f7f637ec-d30e-c6aa-de64-b64ad5353894" testName="Test023" computerName="md" duration="00:00:00.0041555" startTime="2018-11-12T00:19:02.9078494-05:00" endTime="2018-11-12T00:19:02.9121671-05:00" testType="13cdc9d9-ddb5-4fa4-a97d-d965ccfc6d4b" outcome="Passed" testListId="8c84fa94-04c1-424b-9868-57a2d4851a1d" relativeResultsDirectory="6009a348-0dd6-4087-be07-2573d0b958a1" /><UnitTestResult executionId="eaea4d22-91f2-4570-b4c8-cb80d3f74206" testId="686ffbc4-796b-e2ee-686e-aebd489472b2" testName="Test007" computerName="md" duration="00:00:00.0034315" startTime="2018-11-12T00:19:02.6820631-05:00" endTime="2018-11-12T00:19:02.6856178-05:00" testType="13cdc9d9-ddb5-4fa4-a97d-d965ccfc6d4b" outcome="Passed" testListId="8c84fa94-04c1-424b-9868-57a2d4851a1d" relativeResultsDirectory="eaea4d22-91f2-4570-b4c8-cb80d3f74206" /><UnitTestResult executionId="8dd82d19-ff84-44ae-807a-0a49b8c99ab6" testId="d7ee3527-89ea-ae4f-4f74-6f4eebed50de" testName="Test017" computerName="md" duration="00:00:00.0043570" startTime="2018-11-12T00:18:59.3936811-05:00" endTime="2018-11-12T00:18:59.3982739-05:00" testType="13cdc9d9-ddb5-4fa4-a97d-d965ccfc6d4b" outcome="Passed" testListId="8c84fa94-04c1-424b-9868-57a2d4851a1d" relativeResultsDirectory="8dd82d19-ff84-44ae-807a-0a49b8c99ab6" /><UnitTestResult executionId="e923714f-e2e5-40a1-a41f-b5b8cb5f311d" testId="fa7e3aac-3f7c-daa3-01ce-9da53976fa73" testName="Test402" computerName="md" duration="00:00:00.0055535" startTime="2018-11-12T00:18:59.2538156-05:00" endTime="2018-11-12T00:18:59.2595424-05:00" testType="13cdc9d9-ddb5-4fa4-a97d-d965ccfc6d4b" outcome="Passed" testListId="8c84fa94-04c1-424b-9868-57a2d4851a1d" relativeResultsDirectory="e923714f-e2e5-40a1-a41f-b5b8cb5f311d" /><UnitTestResult executionId="506a6410-0bca-4bbe-9341-bd8d68c48c0f" testId="07e0457b-6cab-183b-cdee-c1a2d6ab80c1" testName="Test043" computerName="md" duration="00:00:00.0113805" startTime="2018-11-12T00:19:01.3370336-05:00" endTime="2018-11-12T00:19:01.3485210-05:00" testType="13cdc9d9-ddb5-4fa4-a97d-d965ccfc6d4b" outcome="Passed" testListId="8c84fa94-04c1-424b-9868-57a2d4851a1d" relativeResultsDirectory="506a6410-0bca-4bbe-9341-bd8d68c48c0f" /><UnitTestResult executionId="349502cb-68ed-4640-9efd-7f6576e0974e" testId="0931ba4b-958b-e648-d1e4-b0897a4684d0" testName="Test038" computerName="md" duration="00:00:00.0025151" startTime="2018-11-12T00:18:59.0448258-05:00" endTime="2018-11-12T00:18:59.0474571-05:00" testType="13cdc9d9-ddb5-4fa4-a97d-d965ccfc6d4b" outcome="Passed" testListId="8c84fa94-04c1-424b-9868-57a2d4851a1d" relativeResultsDirectory="349502cb-68ed-4640-9efd-7f6576e0974e" /><UnitTestResult executionId="7d8db666-05da-4c81-8d21-093fa16ad6b5" testId="874fe944-6a18-3cdc-a573-8213e262b6f9" testName="Test002" computerName="md" duration="00:00:00.0000367" startTime="2018-11-12T00:19:03.3016020-05:00" endTime="2018-11-12T00:19:03.3017471-05:00" testType="13cdc9d9-ddb5-4fa4-a97d-d965ccfc6d4b" outcome="Passed" testListId="8c84fa94-04c1-424b-9868-57a2d4851a1d" relativeResultsDirectory="7d8db666-05da-4c81-8d21-093fa16ad6b5" /><UnitTestResult executionId="a6d3801b-df56-4f14-9949-35916d52d4fd" testId="e9640ea3-1ece-ae4e-269f-e51e796cf5cc" testName="Test016" computerName="md" duration="00:00:00.0015510" startTime="2018-11-12T00:18:58.9958027-05:00" endTime="2018-11-12T00:18:58.9974481-05:00" testType="13cdc9d9-ddb5-4fa4-a97d-d965ccfc6d4b" outcome="Passed" testListId="8c84fa94-04c1-424b-9868-57a2d4851a1d" relativeResultsDirectory="a6d3801b-df56-4f14-9949-35916d52d4fd" /><UnitTestResult executionId="cc2620cf-368a-4416-a3b1-3ba2ade5ff78" testId="779700a0-68c7-142e-0d38-ca65f9f94903" testName="Test301" computerName="md" duration="00:00:00.0050201" startTime="2018-11-12T00:18:59.9022599-05:00" endTime="2018-11-12T00:18:59.9073784-05:00" testType="13cdc9d9-ddb5-4fa4-a97d-d965ccfc6d4b" outcome="Passed" testListId="8c84fa94-04c1-424b-9868-57a2d4851a1d" relativeResultsDirectory="cc2620cf-368a-4416-a3b1-3ba2ade5ff78" /><UnitTestResult executionId="d62f818d-46d8-4e7f-9303-43576efa5d59" testId="6e09fa6c-f5bc-f6f4-1df6-5bd3fcedcd37" testName="Test011" computerName="md" duration="00:00:00.0000218" startTime="2018-11-12T00:19:03.3119940-05:00" endTime="2018-11-12T00:19:03.3121171-05:00" testType="13cdc9d9-ddb5-4fa4-a97d-d965ccfc6d4b" outcome="Passed" testListId="8c84fa94-04c1-424b-9868-57a2d4851a1d" relativeResultsDirectory="d62f818d-46d8-4e7f-9303-43576efa5d59" /><UnitTestResult executionId="7e8cfe3d-9fc0-4e1c-bf7a-ad3c80846911" testId="65f36861-3559-df73-e8b0-28ebf6d7b273" testName="Test039" computerName="md" duration="00:00:00.0001122" startTime="2018-11-12T00:19:03.1248791-05:00" endTime="2018-11-12T00:19:03.1251138-05:00" testType="13cdc9d9-ddb5-4fa4-a97d-d965ccfc6d4b" outcome="Passed" testListId="8c84fa94-04c1-424b-9868-57a2d4851a1d" relativeResultsDirectory="7e8cfe3d-9fc0-4e1c-bf7a-ad3c80846911" /><UnitTestResult executionId="73b40676-e728-47bf-a8d3-68e0f1a86735" testId="f9780b4d-685d-3695-d6eb-be311ff6f2f1" testName="Test001" computerName="md" duration="00:00:00.0025679" startTime="2018-11-12T00:19:01.8379424-05:00" endTime="2018-11-12T00:19:01.8411673-05:00" testType="13cdc9d9-ddb5-4fa4-a97d-d965ccfc6d4b" outcome="Passed" testListId="8c84fa94-04c1-424b-9868-57a2d4851a1d" relativeResultsDirectory="73b40676-e728-47bf-a8d3-68e0f1a86735" /><UnitTestResult executionId="7f240fec-7323-4329-87d0-3f8f95e12e5f" testId="70c2aa57-9263-ea48-80d1-d6b47140f5b8" testName="Test005" computerName="md" duration="00:00:00.0000325" startTime="2018-11-12T00:19:03.1955230-05:00" endTime="2018-11-12T00:19:03.1956664-05:00" testType="13cdc9d9-ddb5-4fa4-a97d-d965ccfc6d4b" outcome="Passed" testListId="8c84fa94-04c1-424b-9868-57a2d4851a1d" relativeResultsDirectory="7f240fec-7323-4329-87d0-3f8f95e12e5f" /><UnitTestResult executionId="274339df-5187-4865-b48f-2e8bea224f0b" testId="05971ddc-1242-1402-a2bd-b9e54e6113cc" testName="Test100" computerName="md" duration="00:00:00.0035510" startTime="2018-11-12T00:18:58.7608496-05:00" endTime="2018-11-12T00:18:58.7645292-05:00" testType="13cdc9d9-ddb5-4fa4-a97d-d965ccfc6d4b" outcome="Passed" testListId="8c84fa94-04c1-424b-9868-57a2d4851a1d" relativeResultsDirectory="274339df-5187-4865-b48f-2e8bea224f0b" /><UnitTestResult executionId="e170a366-414e-4629-a1f3-b6b21bc9121f" testId="d57f1107-7dd6-3d33-bb4f-8e55382d3b11" testName="Test016" computerName="md" duration="00:00:00.0066618" startTime="2018-11-12T00:19:02.8522893-05:00" endTime="2018-11-12T00:19:02.8590501-05:00" testType="13cdc9d9-ddb5-4fa4-a97d-d965ccfc6d4b" outcome="Passed" testListId="8c84fa94-04c1-424b-9868-57a2d4851a1d" relativeResultsDirectory="e170a366-414e-4629-a1f3-b6b21bc9121f" /><UnitTestResult executionId="6462c193-7ccc-4fbc-8214-8d1a50173c18" testId="f7aa60fc-26b0-7348-1766-96c8c2000f8e" testName="Test312" computerName="md" duration="00:00:00.0062278" startTime="2018-11-12T00:18:59.9695986-05:00" endTime="2018-11-12T00:18:59.9759186-05:00" testType="13cdc9d9-ddb5-4fa4-a97d-d965ccfc6d4b" outcome="Passed" testListId="8c84fa94-04c1-424b-9868-57a2d4851a1d" relativeResultsDirectory="6462c193-7ccc-4fbc-8214-8d1a50173c18" /><UnitTestResult executionId="47c14fca-99ea-4d2b-a636-af49e61f97ad" testId="353e594c-86fe-46a4-a9c8-0caf6d349b43" testName="Test012" computerName="md" duration="00:00:00.0095507" startTime="2018-11-12T00:18:58.2978558-05:00" endTime="2018-11-12T00:18:58.3075666-05:00" testType="13cdc9d9-ddb5-4fa4-a97d-d965ccfc6d4b" outcome="Passed" testListId="8c84fa94-04c1-424b-9868-57a2d4851a1d" relativeResultsDirectory="47c14fca-99ea-4d2b-a636-af49e61f97ad" /><UnitTestResult executionId="d33bb72c-7869-4e3d-8fe7-ffc461c8695e" testId="4f556257-5ada-6a5f-8818-a680c9aa856b" testName="Test008" computerName="md" duration="00:00:00.0049420" startTime="2018-11-12T00:18:59.3454679-05:00" endTime="2018-11-12T00:18:59.3505876-05:00" testType="13cdc9d9-ddb5-4fa4-a97d-d965ccfc6d4b" outcome="Passed" testListId="8c84fa94-04c1-424b-9868-57a2d4851a1d" relativeResultsDirectory="d33bb72c-7869-4e3d-8fe7-ffc461c8695e" /><UnitTestResult executionId="66e59e83-150a-46d5-aa4e-47fee810b9d6" testId="bdf95130-60fb-ebf2-2f71-1078af040bfb" testName="Test001" computerName="md" duration="00:00:00.0004853" startTime="2018-11-12T00:19:03.2059257-05:00" endTime="2018-11-12T00:19:03.2118671-05:00" testType="13cdc9d9-ddb5-4fa4-a97d-d965ccfc6d4b" outcome="Passed" testListId="8c84fa94-04c1-424b-9868-57a2d4851a1d" relativeResultsDirectory="66e59e83-150a-46d5-aa4e-47fee810b9d6" /><UnitTestResult executionId="004c037b-ecbc-4fbb-877d-74e3cdb45506" testId="adce659f-64ab-e26c-2955-ddace29f5bbe" testName="Test231" computerName="md" duration="00:00:00.0070606" startTime="2018-11-12T00:18:59.8285571-05:00" endTime="2018-11-12T00:18:59.8358945-05:00" testType="13cdc9d9-ddb5-4fa4-a97d-d965ccfc6d4b" outcome="Passed" testListId="8c84fa94-04c1-424b-9868-57a2d4851a1d" relativeResultsDirectory="004c037b-ecbc-4fbb-877d-74e3cdb45506" /><UnitTestResult executionId="5c1f1724-ad06-48bb-9245-e3d157fc3f06" testId="a92ad924-89bc-8aa4-f420-13a7cbd1977a" testName="Test004" computerName="md" duration="00:00:00.0005291" startTime="2018-11-12T00:19:03.0274118-05:00" endTime="2018-11-12T00:19:03.0280517-05:00" testType="13cdc9d9-ddb5-4fa4-a97d-d965ccfc6d4b" outcome="Passed" testListId="8c84fa94-04c1-424b-9868-57a2d4851a1d" relativeResultsDirectory="5c1f1724-ad06-48bb-9245-e3d157fc3f06" /><UnitTestResult executionId="9b1266ec-184f-4052-8081-3b9f08cb6b6d" testId="7fac979d-9a25-5e41-3ff9-b7c181d66ef8" testName="Test050" computerName="md" duration="00:00:00.0052400" startTime="2018-11-12T00:19:02.1337808-05:00" endTime="2018-11-12T00:19:02.1391438-05:00" testType="13cdc9d9-ddb5-4fa4-a97d-d965ccfc6d4b" outcome="Passed" testListId="8c84fa94-04c1-424b-9868-57a2d4851a1d" relativeResultsDirectory="9b1266ec-184f-4052-8081-3b9f08cb6b6d" /><UnitTestResult executionId="6d084a06-2223-400b-9ec6-2352ee20ed6b" testId="282765d6-19b2-5603-18eb-fe4892f9acc8" testName="Test008" computerName="md" duration="00:00:00.0050979" startTime="2018-11-12T00:19:00.9939986-05:00" endTime="2018-11-12T00:19:00.9991887-05:00" testType="13cdc9d9-ddb5-4fa4-a97d-d965ccfc6d4b" outcome="Passed" testListId="8c84fa94-04c1-424b-9868-57a2d4851a1d" relativeResultsDirectory="6d084a06-2223-400b-9ec6-2352ee20ed6b" /><UnitTestResult executionId="cc13c890-758e-453d-8a77-bcf8e436cda2" testId="3decced0-df7b-e0a6-190d-98c93695ca76" testName="Test013" computerName="md" duration="00:00:00.0004071" startTime="2018-11-12T00:19:01.8260231-05:00" endTime="2018-11-12T00:19:01.8265187-05:00" testType="13cdc9d9-ddb5-4fa4-a97d-d965ccfc6d4b" outcome="Passed" testListId="8c84fa94-04c1-424b-9868-57a2d4851a1d" relativeResultsDirectory="cc13c890-758e-453d-8a77-bcf8e436cda2" /><UnitTestResult executionId="f7d04507-3424-4342-bc00-5f6224de7a78" testId="60058142-6ec6-335c-b331-a299095f9b14" testName="Test004" computerName="md" duration="00:00:00.0002516" startTime="2018-11-12T00:19:03.0417565-05:00" endTime="2018-11-12T00:19:03.0422375-05:00" testType="13cdc9d9-ddb5-4fa4-a97d-d965ccfc6d4b" outcome="Passed" testListId="8c84fa94-04c1-424b-9868-57a2d4851a1d" relativeResultsDirectory="f7d04507-3424-4342-bc00-5f6224de7a78" /><UnitTestResult executionId="fccfc06d-90e0-432f-b963-d01d7be9184b" testId="1e579474-7be7-7a15-32d9-7d7282b8a0bc" testName="Test023" computerName="md" duration="00:00:00.0029676" startTime="2018-11-12T00:19:01.9705698-05:00" endTime="2018-11-12T00:19:01.9736431-05:00" testType="13cdc9d9-ddb5-4fa4-a97d-d965ccfc6d4b" outcome="Passed" testListId="8c84fa94-04c1-424b-9868-57a2d4851a1d" relativeResultsDirectory="fccfc06d-90e0-432f-b963-d01d7be9184b" /><UnitTestResult executionId="8e29f33f-b4fe-43ad-a1c3-b68a944cb126" testId="bc76358e-f3a4-cc14-fae9-235bbe605577" testName="Test019" computerName="md" duration="00:00:00.0026716" startTime="2018-11-12T00:19:01.9587080-05:00" endTime="2018-11-12T00:19:01.9614959-05:00" testType="13cdc9d9-ddb5-4fa4-a97d-d965ccfc6d4b" outcome="Passed" testListId="8c84fa94-04c1-424b-9868-57a2d4851a1d" relativeResultsDirectory="8e29f33f-b4fe-43ad-a1c3-b68a944cb126" /><UnitTestResult executionId="5602fdf4-4526-48b2-b84d-f11cb34b4882" testId="f7e4a25a-f38c-ed72-4b35-fb89f32257eb" testName="Test013" computerName="md" duration="00:00:00.0001734" startTime="2018-11-12T00:19:01.8557649-05:00" endTime="2018-11-12T00:19:01.8560478-05:00" testType="13cdc9d9-ddb5-4fa4-a97d-d965ccfc6d4b" outcome="Passed" testListId="8c84fa94-04c1-424b-9868-57a2d4851a1d" relativeResultsDirectory="5602fdf4-4526-48b2-b84d-f11cb34b4882" /><UnitTestResult executionId="dca44a30-65ac-4bef-800c-3f0d00714e32" testId="33a5b157-e006-3166-33c0-e68dad5bd860" testName="Test017" computerName="md" duration="00:00:00.0062263" startTime="2018-11-12T00:19:00.3973047-05:00" endTime="2018-11-12T00:19:00.4036348-05:00" testType="13cdc9d9-ddb5-4fa4-a97d-d965ccfc6d4b" outcome="Passed" testListId="8c84fa94-04c1-424b-9868-57a2d4851a1d" relativeResultsDirectory="dca44a30-65ac-4bef-800c-3f0d00714e32" /><UnitTestResult executionId="d366d3de-338d-4242-9735-66c48d11c632" testId="f137d0b7-6939-25ec-7e39-3cdc461e1b4c" testName="Test034" computerName="md" duration="00:00:00.0016005" startTime="2018-11-12T00:18:59.0360774-05:00" endTime="2018-11-12T00:18:59.0377685-05:00" testType="13cdc9d9-ddb5-4fa4-a97d-d965ccfc6d4b" outcome="Passed" testListId="8c84fa94-04c1-424b-9868-57a2d4851a1d" relativeResultsDirectory="d366d3de-338d-4242-9735-66c48d11c632" /><UnitTestResult executionId="f341f22f-6b01-42c9-b5c1-1225f9dd8b82" testId="1b5fd30d-edb5-9d57-f34d-4cf65b1b9a89" testName="Test019" computerName="md" duration="00:00:00.0000541" startTime="2018-11-12T00:19:03.2473713-05:00" endTime="2018-11-12T00:19:03.2475210-05:00" testType="13cdc9d9-ddb5-4fa4-a97d-d965ccfc6d4b" outcome="Passed" testListId="8c84fa94-04c1-424b-9868-57a2d4851a1d" relativeResultsDirectory="f341f22f-6b01-42c9-b5c1-1225f9dd8b82" /><UnitTestResult executionId="2c3334f8-ad39-4026-877e-e488a9050cc7" testId="0aec1cda-9332-b9e8-577c-1e08efb97b41" testName="Test043" computerName="md" duration="00:00:00.0000240" startTime="2018-11-12T00:19:03.3913729-05:00" endTime="2018-11-12T00:19:03.3915020-05:00" testType="13cdc9d9-ddb5-4fa4-a97d-d965ccfc6d4b" outcome="Passed" testListId="8c84fa94-04c1-424b-9868-57a2d4851a1d" relativeResultsDirectory="2c3334f8-ad39-4026-877e-e488a9050cc7" /><UnitTestResult executionId="50ece136-e978-436b-97e9-e9336a68e503" testId="0aea2cfd-c3f1-08f2-2806-f7e343ea307a" testName="Test002" computerName="md" duration="00:00:00.0022332" startTime="2018-11-12T00:18:58.2134055-05:00" endTime="2018-11-12T00:18:58.2158286-05:00" testType="13cdc9d9-ddb5-4fa4-a97d-d965ccfc6d4b" outcome="Passed" testListId="8c84fa94-04c1-424b-9868-57a2d4851a1d" relativeResultsDirectory="50ece136-e978-436b-97e9-e9336a68e503" /><UnitTestResult executionId="1898da64-3400-477e-9982-efe984cef8b2" testId="032a3cf3-18b4-8bee-094c-6e41846f2f87" testName="Test015" computerName="md" duration="00:00:00.0052979" startTime="2018-11-12T00:19:02.3958171-05:00" endTime="2018-11-12T00:19:02.4013588-05:00" testType="13cdc9d9-ddb5-4fa4-a97d-d965ccfc6d4b" outcome="Passed" testListId="8c84fa94-04c1-424b-9868-57a2d4851a1d" relativeResultsDirectory="1898da64-3400-477e-9982-efe984cef8b2" /><UnitTestResult executionId="906f557a-849c-4ab0-80ab-9c760476e8c7" testId="96ae6fa3-a451-4655-f73c-8199bc7b748e" testName="Test029" computerName="md" duration="00:00:00.0145987" startTime="2018-11-12T00:18:58.5411805-05:00" endTime="2018-11-12T00:18:58.5558901-05:00" testType="13cdc9d9-ddb5-4fa4-a97d-d965ccfc6d4b" outcome="Passed" testListId="8c84fa94-04c1-424b-9868-57a2d4851a1d" relativeResultsDirectory="906f557a-849c-4ab0-80ab-9c760476e8c7" /><UnitTestResult executionId="c1efa382-1c07-45f9-b70c-e67818f76f2e" testId="dd5efb91-8d61-00d3-df0f-01b70471512d" testName="Test251" computerName="md" duration="00:00:00.0045564" startTime="2018-11-12T00:18:59.8975826-05:00" endTime="2018-11-12T00:18:59.9022468-05:00" testType="13cdc9d9-ddb5-4fa4-a97d-d965ccfc6d4b" outcome="Passed" testListId="8c84fa94-04c1-424b-9868-57a2d4851a1d" relativeResultsDirectory="c1efa382-1c07-45f9-b70c-e67818f76f2e" /><UnitTestResult executionId="c3115ba4-3afd-49cf-b7ad-b890b58a3dd9" testId="5c500fc7-2334-5042-1d5b-e6c88f2b3dde" testName="Test038" computerName="md" duration="00:00:00.0112469" startTime="2018-11-12T00:19:01.2808201-05:00" endTime="2018-11-12T00:19:01.2921939-05:00" testType="13cdc9d9-ddb5-4fa4-a97d-d965ccfc6d4b" outcome="Passed" testListId="8c84fa94-04c1-424b-9868-57a2d4851a1d" relativeResultsDirectory="c3115ba4-3afd-49cf-b7ad-b890b58a3dd9" /><UnitTestResult executionId="8fb03594-1d33-4740-b924-646ff328a438" testId="349a7a4d-d077-897d-83c4-8d0ecee17729" testName="Test008" computerName="md" duration="00:00:00.0071193" startTime="2018-11-12T00:19:03.4735176-05:00" endTime="2018-11-12T00:19:03.4807410-05:00" testType="13cdc9d9-ddb5-4fa4-a97d-d965ccfc6d4b" outcome="Passed" testListId="8c84fa94-04c1-424b-9868-57a2d4851a1d" relativeResultsDirectory="8fb03594-1d33-4740-b924-646ff328a438" /><UnitTestResult executionId="000a0170-f9eb-4fe5-a2aa-ab75358a7379" testId="baa11743-f8ab-a426-27c7-5df23b3e8616" testName="Test013" computerName="md" duration="00:00:00.0036574" startTime="2018-11-12T00:19:01.6389782-05:00" endTime="2018-11-12T00:19:01.6427331-05:00" testType="13cdc9d9-ddb5-4fa4-a97d-d965ccfc6d4b" outcome="Passed" testListId="8c84fa94-04c1-424b-9868-57a2d4851a1d" relativeResultsDirectory="000a0170-f9eb-4fe5-a2aa-ab75358a7379" /><UnitTestResult executionId="bdfc7adc-a419-4ef4-9e6f-b7fb896bde82" testId="e51ab198-0c34-c23f-e8b3-141c5fd619c3" testName="Test059" computerName="md" duration="00:00:00.0091606" startTime="2018-11-12T00:19:02.2001399-05:00" endTime="2018-11-12T00:19:02.2094108-05:00" testType="13cdc9d9-ddb5-4fa4-a97d-d965ccfc6d4b" outcome="Passed" testListId="8c84fa94-04c1-424b-9868-57a2d4851a1d" relativeResultsDirectory="bdfc7adc-a419-4ef4-9e6f-b7fb896bde82" /><UnitTestResult executionId="08944e97-e746-4d76-9f49-5e2f150fae02" testId="314c33da-a9ed-0d5f-d201-c4755f87c319" testName="Test008" computerName="md" duration="00:00:00.0043972" startTime="2018-11-12T00:19:00.5704909-05:00" endTime="2018-11-12T00:19:00.5749787-05:00" testType="13cdc9d9-ddb5-4fa4-a97d-d965ccfc6d4b" outcome="Passed" testListId="8c84fa94-04c1-424b-9868-57a2d4851a1d" relativeResultsDirectory="08944e97-e746-4d76-9f49-5e2f150fae02" /><UnitTestResult executionId="12970df4-946b-4d0d-8a9d-54c193f5bc50" testId="80527f63-109d-f305-c5a3-71a62ed33a8f" testName="Test019" computerName="md" duration="00:00:00.0089441" startTime="2018-11-12T00:19:03.5811877-05:00" endTime="2018-11-12T00:19:03.5902345-05:00" testType="13cdc9d9-ddb5-4fa4-a97d-d965ccfc6d4b" outcome="Passed" testListId="8c84fa94-04c1-424b-9868-57a2d4851a1d" relativeResultsDirectory="12970df4-946b-4d0d-8a9d-54c193f5bc50" /><UnitTestResult executionId="a83fa4b6-9ced-43ff-94dd-55e502b0410f" testId="ca619bc8-1b6e-3dd1-ea9a-54963ade60c8" testName="Test014" computerName="md" duration="00:00:00.0052968" startTime="2018-11-12T00:19:02.3903304-05:00" endTime="2018-11-12T00:19:02.3958040-05:00" testType="13cdc9d9-ddb5-4fa4-a97d-d965ccfc6d4b" outcome="Passed" testListId="8c84fa94-04c1-424b-9868-57a2d4851a1d" relativeResultsDirectory="a83fa4b6-9ced-43ff-94dd-55e502b0410f" /><UnitTestResult executionId="df0a5adc-3dd1-47b6-b4c3-d8404a021872" testId="802ba66f-5880-6c11-44d3-684f93c1d2bd" testName="Test041" computerName="md" duration="00:00:00.0055954" startTime="2018-11-12T00:19:02.0733359-05:00" endTime="2018-11-12T00:19:02.0790444-05:00" testType="13cdc9d9-ddb5-4fa4-a97d-d965ccfc6d4b" outcome="Passed" testListId="8c84fa94-04c1-424b-9868-57a2d4851a1d" relativeResultsDirectory="df0a5adc-3dd1-47b6-b4c3-d8404a021872" /><UnitTestResult executionId="d8de7767-9dcb-483b-ae0a-3b69d1940dfa" testId="97be146c-64b5-7c92-7785-fb09f8099c3d" testName="Test002" computerName="md" duration="00:00:00.0003921" startTime="2018-11-12T00:19:00.2028016-05:00" endTime="2018-11-12T00:19:00.2032882-05:00" testType="13cdc9d9-ddb5-4fa4-a97d-d965ccfc6d4b" outcome="Passed" testListId="8c84fa94-04c1-424b-9868-57a2d4851a1d" relativeResultsDirectory="d8de7767-9dcb-483b-ae0a-3b69d1940dfa" /><UnitTestResult executionId="dedad18c-ec44-4f77-8f32-69e309f06e15" testId="6bd7cea9-19c3-ed28-28d9-d2e86b550003" testName="Test002" computerName="md" duration="00:00:00.0001528" startTime="2018-11-12T00:19:02.2505970-05:00" endTime="2018-11-12T00:19:02.2508614-05:00" testType="13cdc9d9-ddb5-4fa4-a97d-d965ccfc6d4b" outcome="Passed" testListId="8c84fa94-04c1-424b-9868-57a2d4851a1d" relativeResultsDirectory="dedad18c-ec44-4f77-8f32-69e309f06e15" /><UnitTestResult executionId="d1d8986f-1d64-46f5-aa6b-84a5e573f798" testId="c896acc5-0b1b-5ef1-2b33-a42adaf3c693" testName="Test005" computerName="md" duration="00:00:00.0028111" startTime="2018-11-12T00:19:01.6059390-05:00" endTime="2018-11-12T00:19:01.6088413-05:00" testType="13cdc9d9-ddb5-4fa4-a97d-d965ccfc6d4b" outcome="Passed" testListId="8c84fa94-04c1-424b-9868-57a2d4851a1d" relativeResultsDirectory="d1d8986f-1d64-46f5-aa6b-84a5e573f798" /><UnitTestResult executionId="4fd81aca-3658-46f5-8f0e-e43bf26c0aa8" testId="0a9be33a-47f2-1d25-3924-393c311c73c3" testName="Test021" computerName="md" duration="00:00:00.0088698" startTime="2018-11-12T00:19:00.4245092-05:00" endTime="2018-11-12T00:19:00.4335620-05:00" testType="13cdc9d9-ddb5-4fa4-a97d-d965ccfc6d4b" outcome="Passed" testListId="8c84fa94-04c1-424b-9868-57a2d4851a1d" relativeResultsDirectory="4fd81aca-3658-46f5-8f0e-e43bf26c0aa8" /><UnitTestResult executionId="4a633bb5-857e-438d-b995-e4f8920f2e08" testId="4ede6f0e-bcb8-8ca7-c020-ddf1f3de5e08" testName="Test018" computerName="md" duration="00:00:00.0028653" startTime="2018-11-12T00:19:01.9557083-05:00" endTime="2018-11-12T00:19:01.9586935-05:00" testType="13cdc9d9-ddb5-4fa4-a97d-d965ccfc6d4b" outcome="Passed" testListId="8c84fa94-04c1-424b-9868-57a2d4851a1d" relativeResultsDirectory="4a633bb5-857e-438d-b995-e4f8920f2e08" /><UnitTestResult executionId="c28371f5-ef21-41a8-ab46-530cd7fe9169" testId="768c1297-8a57-6372-3fee-eb2e9f8c6a22" testName="Test018" computerName="md" duration="00:00:00.0173029" startTime="2018-11-12T00:18:57.9232514-05:00" endTime="2018-11-12T00:18:57.9406671-05:00" testType="13cdc9d9-ddb5-4fa4-a97d-d965ccfc6d4b" outcome="Passed" testListId="8c84fa94-04c1-424b-9868-57a2d4851a1d" relativeResultsDirectory="c28371f5-ef21-41a8-ab46-530cd7fe9169" /><UnitTestResult executionId="63b3c66f-e656-4bff-9f9e-956aec12fdf4" testId="53341a9c-3b5d-44a9-e63e-48323392c972" testName="Test061" computerName="md" duration="00:00:00.0018299" startTime="2018-11-12T00:18:58.7055177-05:00" endTime="2018-11-12T00:18:58.7074573-05:00" testType="13cdc9d9-ddb5-4fa4-a97d-d965ccfc6d4b" outcome="Passed" testListId="8c84fa94-04c1-424b-9868-57a2d4851a1d" relativeResultsDirectory="63b3c66f-e656-4bff-9f9e-956aec12fdf4" /><UnitTestResult executionId="69d50209-0005-41c9-9272-90a1192a7ed2" testId="068b5c2f-69f1-780f-a981-0d646a951afd" testName="Test235" computerName="md" duration="00:00:00.0071642" startTime="2018-11-12T00:18:59.8508967-05:00" endTime="2018-11-12T00:18:59.8581528-05:00" testType="13cdc9d9-ddb5-4fa4-a97d-d965ccfc6d4b" outcome="Passed" testListId="8c84fa94-04c1-424b-9868-57a2d4851a1d" relativeResultsDirectory="69d50209-0005-41c9-9272-90a1192a7ed2" /><UnitTestResult executionId="210a3f25-7d5b-4c23-bf22-03eabea50507" testId="f3b70006-0e86-b1cf-0e2b-74f83b98d126" testName="Test010" computerName="md" duration="00:00:00.0076190" startTime="2018-11-12T00:18:57.7943719-05:00" endTime="2018-11-12T00:18:57.8020812-05:00" testType="13cdc9d9-ddb5-4fa4-a97d-d965ccfc6d4b" outcome="Passed" testListId="8c84fa94-04c1-424b-9868-57a2d4851a1d" relativeResultsDirectory="210a3f25-7d5b-4c23-bf22-03eabea50507" /><UnitTestResult executionId="80d3a3b2-55ca-4675-85a8-edb3b2d64165" testId="aebef7a3-4905-8e4b-81eb-954b2b926189" testName="Test404" computerName="md" duration="00:00:00.0061360" startTime="2018-11-12T00:18:59.2690032-05:00" endTime="2018-11-12T00:18:59.2753769-05:00" testType="13cdc9d9-ddb5-4fa4-a97d-d965ccfc6d4b" outcome="Passed" testListId="8c84fa94-04c1-424b-9868-57a2d4851a1d" relativeResultsDirectory="80d3a3b2-55ca-4675-85a8-edb3b2d64165" /><UnitTestResult executionId="abd53f13-a12d-4612-a61f-4e03af658905" testId="e2a99d59-6b05-f4cd-d2d3-002e39a78f57" testName="Test021" computerName="md" duration="00:00:00.0035831" startTime="2018-11-12T00:19:02.7383147-05:00" endTime="2018-11-12T00:19:02.7420116-05:00" testType="13cdc9d9-ddb5-4fa4-a97d-d965ccfc6d4b" outcome="Passed" testListId="8c84fa94-04c1-424b-9868-57a2d4851a1d" relativeResultsDirectory="abd53f13-a12d-4612-a61f-4e03af658905" /><UnitTestResult executionId="ed1e6d94-54c1-436e-a76c-a8d5c9904227" testId="ac22ef48-683a-a17a-3556-f2db96ba45dc" testName="Test018" computerName="md" duration="00:00:00.0000094" startTime="2018-11-12T00:19:03.0778689-05:00" endTime="2018-11-12T00:19:03.0779739-05:00" testType="13cdc9d9-ddb5-4fa4-a97d-d965ccfc6d4b" outcome="Passed" testListId="8c84fa94-04c1-424b-9868-57a2d4851a1d" relativeResultsDirectory="ed1e6d94-54c1-436e-a76c-a8d5c9904227" /><UnitTestResult executionId="884c683d-6ed7-4138-a5de-f8d392cda2ae" testId="3e58f0dc-4b2d-a5be-b4c6-7422fd564407" testName="Test018" computerName="md" duration="00:00:00.0055127" startTime="2018-11-12T00:19:02.8673772-05:00" endTime="2018-11-12T00:19:02.8733018-05:00" testType="13cdc9d9-ddb5-4fa4-a97d-d965ccfc6d4b" outcome="Passed" testListId="8c84fa94-04c1-424b-9868-57a2d4851a1d" relativeResultsDirectory="884c683d-6ed7-4138-a5de-f8d392cda2ae" /><UnitTestResult executionId="c61dd98d-ec3a-40aa-9671-7336d7be9a67" testId="0db51fc4-e2aa-7504-ff3c-68bd9aa8d321" testName="Test009" computerName="md" duration="00:00:00.0000409" startTime="2018-11-12T00:19:03.2373505-05:00" endTime="2018-11-12T00:19:03.2374866-05:00" testType="13cdc9d9-ddb5-4fa4-a97d-d965ccfc6d4b" outcome="Passed" testListId="8c84fa94-04c1-424b-9868-57a2d4851a1d" relativeResultsDirectory="c61dd98d-ec3a-40aa-9671-7336d7be9a67" /><UnitTestResult executionId="4e176c41-7d13-4db6-bff8-18c130dff653" testId="8fc1e6a9-c607-02fd-a81c-9028871b2a82" testName="Test137" computerName="md" duration="00:00:00.0082573" startTime="2018-11-12T00:18:59.6417507-05:00" endTime="2018-11-12T00:18:59.6501403-05:00" testType="13cdc9d9-ddb5-4fa4-a97d-d965ccfc6d4b" outcome="Passed" testListId="8c84fa94-04c1-424b-9868-57a2d4851a1d" relativeResultsDirectory="4e176c41-7d13-4db6-bff8-18c130dff653" /><UnitTestResult executionId="43561ad4-2f31-42d6-80f2-d18707b4c1b4" testId="16c44172-b885-1ca6-923d-7ad6449a5e8e" testName="Test115" computerName="md" duration="00:00:00.0042792" startTime="2018-11-12T00:18:59.5615178-05:00" endTime="2018-11-12T00:18:59.5658915-05:00" testType="13cdc9d9-ddb5-4fa4-a97d-d965ccfc6d4b" outcome="Passed" testListId="8c84fa94-04c1-424b-9868-57a2d4851a1d" relativeResultsDirectory="43561ad4-2f31-42d6-80f2-d18707b4c1b4" /><UnitTestResult executionId="46f39b7d-e772-438d-bd44-2ca45e1ea350" testId="2d36f8f6-a45e-df31-fdd8-49620a5dc267" testName="Test013" computerName="md" duration="00:00:00.0046234" startTime="2018-11-12T00:19:01.9191004-05:00" endTime="2018-11-12T00:19:01.9238370-05:00" testType="13cdc9d9-ddb5-4fa4-a97d-d965ccfc6d4b" outcome="Passed" testListId="8c84fa94-04c1-424b-9868-57a2d4851a1d" relativeResultsDirectory="46f39b7d-e772-438d-bd44-2ca45e1ea350" /><UnitTestResult executionId="61b4fdfa-b21d-4086-8209-929a618e8f6a" testId="ca858706-9639-42df-b1d1-39b449de16fe" testName="Test003" computerName="md" duration="00:00:00.0009210" startTime="2018-11-12T00:19:00.0953463-05:00" endTime="2018-11-12T00:19:00.0963671-05:00" testType="13cdc9d9-ddb5-4fa4-a97d-d965ccfc6d4b" outcome="Passed" testListId="8c84fa94-04c1-424b-9868-57a2d4851a1d" relativeResultsDirectory="61b4fdfa-b21d-4086-8209-929a618e8f6a" /><UnitTestResult executionId="734c4806-180d-4392-842f-c6f6a7dc93ec" testId="db1dc7fe-6882-0857-3605-a2d295665991" testName="Test349" computerName="md" duration="00:00:00.0052522" startTime="2018-11-12T00:18:59.2234817-05:00" endTime="2018-11-12T00:18:59.2289990-05:00" testType="13cdc9d9-ddb5-4fa4-a97d-d965ccfc6d4b" outcome="Passed" testListId="8c84fa94-04c1-424b-9868-57a2d4851a1d" relativeResultsDirectory="734c4806-180d-4392-842f-c6f6a7dc93ec" /><UnitTestResult executionId="7582f50d-a42e-402c-9a6c-47d712099ea7" testId="901f98ec-afd5-dc61-3eec-b3c4f17e4fe9" testName="Test018" computerName="md" duration="00:00:00.0064961" startTime="2018-11-12T00:19:02.7240342-05:00" endTime="2018-11-12T00:19:02.7306812-05:00" testType="13cdc9d9-ddb5-4fa4-a97d-d965ccfc6d4b" outcome="Passed" testListId="8c84fa94-04c1-424b-9868-57a2d4851a1d" relativeResultsDirectory="7582f50d-a42e-402c-9a6c-47d712099ea7" /><UnitTestResult executionId="08a2907e-c44c-4a64-823b-713df39c9236" testId="470059ca-ff2d-1e1f-f201-e674d425a3b4" testName="Test011" computerName="md" duration="00:00:00.0046191" startTime="2018-11-12T00:19:00.7933674-05:00" endTime="2018-11-12T00:19:00.7980753-05:00" testType="13cdc9d9-ddb5-4fa4-a97d-d965ccfc6d4b" outcome="Passed" testListId="8c84fa94-04c1-424b-9868-57a2d4851a1d" relativeResultsDirectory="08a2907e-c44c-4a64-823b-713df39c9236" /><UnitTestResult executionId="ac5fa422-c5a8-4c74-b98c-270a877c8eff" testId="70edbd20-40b4-0ba6-678c-a3d93d8964cb" testName="Test005" computerName="md" duration="00:00:00.0000143" startTime="2018-11-12T00:19:03.3763975-05:00" endTime="2018-11-12T00:19:03.3765129-05:00" testType="13cdc9d9-ddb5-4fa4-a97d-d965ccfc6d4b" outcome="Passed" testListId="8c84fa94-04c1-424b-9868-57a2d4851a1d" relativeResultsDirectory="ac5fa422-c5a8-4c74-b98c-270a877c8eff" /><UnitTestResult executionId="6d20c88a-76a0-475f-99f2-c38e891f3853" testId="3bf6547d-e090-755b-008c-50b2570af9ec" testName="Test017" computerName="md" duration="00:00:00.0000147" startTime="2018-11-12T00:19:03.0777420-05:00" endTime="2018-11-12T00:19:03.0778536-05:00" testType="13cdc9d9-ddb5-4fa4-a97d-d965ccfc6d4b" outcome="Passed" testListId="8c84fa94-04c1-424b-9868-57a2d4851a1d" relativeResultsDirectory="6d20c88a-76a0-475f-99f2-c38e891f3853" /><UnitTestResult executionId="67745511-a26c-4ab0-a1a7-c4d9bc6ed80f" testId="76c67416-7866-1ef6-d5a2-c8c2c1662f76" testName="Test012" computerName="md" duration="00:00:00.0000227" startTime="2018-11-12T00:19:03.3822003-05:00" endTime="2018-11-12T00:19:03.3823238-05:00" testType="13cdc9d9-ddb5-4fa4-a97d-d965ccfc6d4b" outcome="Passed" testListId="8c84fa94-04c1-424b-9868-57a2d4851a1d" relativeResultsDirectory="67745511-a26c-4ab0-a1a7-c4d9bc6ed80f" /><UnitTestResult executionId="64951c76-b67d-482e-988c-d12e7a4da688" testId="1b5ded5b-1f99-24df-c2c4-b9086d9c8496" testName="Test208" computerName="md" duration="00:00:00.0043303" startTime="2018-11-12T00:18:59.7214739-05:00" endTime="2018-11-12T00:18:59.7259015-05:00" testType="13cdc9d9-ddb5-4fa4-a97d-d965ccfc6d4b" outcome="Passed" testListId="8c84fa94-04c1-424b-9868-57a2d4851a1d" relativeResultsDirectory="64951c76-b67d-482e-988c-d12e7a4da688" /><UnitTestResult executionId="59898ef1-f9f8-4a77-8c31-8f821593799b" testId="6e9d8f6e-5117-6642-2d45-ffc778d50e6b" testName="Test004" computerName="md" duration="00:00:00.0039625" startTime="2018-11-12T00:19:00.8394900-05:00" endTime="2018-11-12T00:19:00.8435482-05:00" testType="13cdc9d9-ddb5-4fa4-a97d-d965ccfc6d4b" outcome="Passed" testListId="8c84fa94-04c1-424b-9868-57a2d4851a1d" relativeResultsDirectory="59898ef1-f9f8-4a77-8c31-8f821593799b" /><UnitTestResult executionId="3486261b-4e27-4cbb-a1a3-02a93ee974dc" testId="46a5f941-8ecd-9e38-50ad-7968539bac3e" testName="Test004" computerName="md" duration="00:00:00.0027562" startTime="2018-11-12T00:19:02.5894052-05:00" endTime="2018-11-12T00:19:02.5923393-05:00" testType="13cdc9d9-ddb5-4fa4-a97d-d965ccfc6d4b" outcome="Passed" testListId="8c84fa94-04c1-424b-9868-57a2d4851a1d" relativeResultsDirectory="3486261b-4e27-4cbb-a1a3-02a93ee974dc" /><UnitTestResult executionId="29084ae9-bb21-4b6d-81cf-ccd27c877f98" testId="a5b73157-29dc-3c1a-6484-3e437aec83af" testName="Test022" computerName="md" duration="00:00:00.0043010" startTime="2018-11-12T00:19:01.6871328-05:00" endTime="2018-11-12T00:19:01.6917086-05:00" testType="13cdc9d9-ddb5-4fa4-a97d-d965ccfc6d4b" outcome="Passed" testListId="8c84fa94-04c1-424b-9868-57a2d4851a1d" relativeResultsDirectory="29084ae9-bb21-4b6d-81cf-ccd27c877f98" /><UnitTestResult executionId="5ef5ae8f-7762-4d96-9f63-a691bcdcf2c9" testId="0dbc737f-0bdc-2464-e42a-268eaa0ec9d7" testName="Test015" computerName="md" duration="00:00:00.0112289" startTime="2018-11-12T00:18:58.3287368-05:00" endTime="2018-11-12T00:18:58.3401234-05:00" testType="13cdc9d9-ddb5-4fa4-a97d-d965ccfc6d4b" outcome="Passed" testListId="8c84fa94-04c1-424b-9868-57a2d4851a1d" relativeResultsDirectory="5ef5ae8f-7762-4d96-9f63-a691bcdcf2c9" /><UnitTestResult executionId="12ce7c33-73f9-4f59-a785-b5e9dce5c0c4" testId="cbc17db2-0ac3-571f-80c5-7a86635ef5d8" testName="Test051" computerName="md" duration="00:00:00.0052518" startTime="2018-11-12T00:19:02.1391569-05:00" endTime="2018-11-12T00:19:02.1445193-05:00" testType="13cdc9d9-ddb5-4fa4-a97d-d965ccfc6d4b" outcome="Passed" testListId="8c84fa94-04c1-424b-9868-57a2d4851a1d" relativeResultsDirectory="12ce7c33-73f9-4f59-a785-b5e9dce5c0c4" /><UnitTestResult executionId="70802e8f-19f9-486b-a4f7-20a4b39183eb" testId="a3c5cae0-81ca-0c48-acbc-f23ad691bfef" testName="Test023" computerName="md" duration="00:00:00.0106263" startTime="2018-11-12T00:18:57.9854374-05:00" endTime="2018-11-12T00:18:57.9961658-05:00" testType="13cdc9d9-ddb5-4fa4-a97d-d965ccfc6d4b" outcome="Passed" testListId="8c84fa94-04c1-424b-9868-57a2d4851a1d" relativeResultsDirectory="70802e8f-19f9-486b-a4f7-20a4b39183eb" /><UnitTestResult executionId="ce6f6cb4-3adb-4cc5-a483-29ac0fe1d519" testId="2a358ed8-6079-e9ec-a2db-285d78a639fc" testName="Test007" computerName="md" duration="00:00:00.0040544" startTime="2018-11-12T00:18:59.3411457-05:00" endTime="2018-11-12T00:18:59.3454541-05:00" testType="13cdc9d9-ddb5-4fa4-a97d-d965ccfc6d4b" outcome="Passed" testListId="8c84fa94-04c1-424b-9868-57a2d4851a1d" relativeResultsDirectory="ce6f6cb4-3adb-4cc5-a483-29ac0fe1d519" /><UnitTestResult executionId="11a7b711-4a11-48ca-b2f7-2db27b3c51ed" testId="1a59967f-4b46-3b95-95bb-89a6324cffc7" testName="Test009" computerName="md" duration="00:00:00.0031617" startTime="2018-11-12T00:19:02.6255989-05:00" endTime="2018-11-12T00:19:02.6290189-05:00" testType="13cdc9d9-ddb5-4fa4-a97d-d965ccfc6d4b" outcome="Passed" testListId="8c84fa94-04c1-424b-9868-57a2d4851a1d" relativeResultsDirectory="11a7b711-4a11-48ca-b2f7-2db27b3c51ed" /><UnitTestResult executionId="3745c6ae-5bd8-49c4-a5eb-9aa168718850" testId="9abdbe0e-30d3-0d2d-5ddd-db7ffb06acd9" testName="Test002" computerName="md" duration="00:00:00.0024593" startTime="2018-11-12T00:19:00.3092270-05:00" endTime="2018-11-12T00:19:00.3117919-05:00" testType="13cdc9d9-ddb5-4fa4-a97d-d965ccfc6d4b" outcome="Passed" testListId="8c84fa94-04c1-424b-9868-57a2d4851a1d" relativeResultsDirectory="3745c6ae-5bd8-49c4-a5eb-9aa168718850" /><UnitTestResult executionId="6894ae3b-24ad-4e19-8448-73ffdf03ebac" testId="ed4daf04-cdcd-c5cb-6b5c-aced7c756a93" testName="Test006" computerName="md" duration="00:00:00.0013140" startTime="2018-11-12T00:18:59.1720320-05:00" endTime="2018-11-12T00:18:59.1734362-05:00" testType="13cdc9d9-ddb5-4fa4-a97d-d965ccfc6d4b" outcome="Passed" testListId="8c84fa94-04c1-424b-9868-57a2d4851a1d" relativeResultsDirectory="6894ae3b-24ad-4e19-8448-73ffdf03ebac" /><UnitTestResult executionId="36e4bcfc-6a93-4a6f-a897-a0b4707c5067" testId="0ef0e46e-ee92-28ea-08bf-379ce723d975" testName="Test010" computerName="md" duration="00:00:00.0039746" startTime="2018-11-12T00:19:00.8621496-05:00" endTime="2018-11-12T00:19:00.8662156-05:00" testType="13cdc9d9-ddb5-4fa4-a97d-d965ccfc6d4b" outcome="Passed" testListId="8c84fa94-04c1-424b-9868-57a2d4851a1d" relativeResultsDirectory="36e4bcfc-6a93-4a6f-a897-a0b4707c5067" /><UnitTestResult executionId="ff190d12-3c75-41ce-88f7-e69671a281e8" testId="7bfeb68c-aaf8-a7d3-cabf-06997e297708" testName="Test016" computerName="md" duration="00:00:00.0000353" startTime="2018-11-12T00:19:03.0966401-05:00" endTime="2018-11-12T00:19:03.0967857-05:00" testType="13cdc9d9-ddb5-4fa4-a97d-d965ccfc6d4b" outcome="Passed" testListId="8c84fa94-04c1-424b-9868-57a2d4851a1d" relativeResultsDirectory="ff190d12-3c75-41ce-88f7-e69671a281e8" /><UnitTestResult executionId="8474d804-fdfa-4d34-83d6-9d0c2d575850" testId="6cc930d8-33fb-6a7c-087c-7ff1dde588e0" testName="Test016" computerName="md" duration="00:00:00.0000090" startTime="2018-11-12T00:19:03.4210197-05:00" endTime="2018-11-12T00:19:03.4211976-05:00" testType="13cdc9d9-ddb5-4fa4-a97d-d965ccfc6d4b" outcome="Passed" testListId="8c84fa94-04c1-424b-9868-57a2d4851a1d" relativeResultsDirectory="8474d804-fdfa-4d34-83d6-9d0c2d575850" /><UnitTestResult executionId="c8575fbf-7fa6-48b5-b2f7-bfd82c6b5066" testId="e4445a0c-df17-4951-4014-0076782da116" testName="Test003" computerName="md" duration="00:00:00.0000225" startTime="2018-11-12T00:19:03.2048625-05:00" endTime="2018-11-12T00:19:03.2050074-05:00" testType="13cdc9d9-ddb5-4fa4-a97d-d965ccfc6d4b" outcome="Passed" testListId="8c84fa94-04c1-424b-9868-57a2d4851a1d" relativeResultsDirectory="c8575fbf-7fa6-48b5-b2f7-bfd82c6b5066" /><UnitTestResult executionId="f38794dc-4c89-44e8-89a3-0e1630490911" testId="2484a286-4a16-f795-21ee-a25b9473b259" testName="Test008" computerName="md" duration="00:00:00.0000676" startTime="2018-11-12T00:19:03.3424093-05:00" endTime="2018-11-12T00:19:03.3425838-05:00" testType="13cdc9d9-ddb5-4fa4-a97d-d965ccfc6d4b" outcome="Passed" testListId="8c84fa94-04c1-424b-9868-57a2d4851a1d" relativeResultsDirectory="f38794dc-4c89-44e8-89a3-0e1630490911" /><UnitTestResult executionId="0c32e62a-31e5-44f1-802a-3234aa0057d9" testId="754696c2-1b2a-49ab-cde2-7bfd4083fc6e" testName="Test007" computerName="md" duration="00:00:00.0020538" startTime="2018-11-12T00:19:02.5756462-05:00" endTime="2018-11-12T00:19:02.5779335-05:00" testType="13cdc9d9-ddb5-4fa4-a97d-d965ccfc6d4b" outcome="Passed" testListId="8c84fa94-04c1-424b-9868-57a2d4851a1d" relativeResultsDirectory="0c32e62a-31e5-44f1-802a-3234aa0057d9" /><UnitTestResult executionId="61a9cad5-1eb3-4592-806e-d0f33bb3c5fe" testId="91b6ea37-69c2-1487-ca5e-fdc7327005b4" testName="Test012" computerName="md" duration="00:00:00.0016875" startTime="2018-11-12T00:18:58.6644535-05:00" endTime="2018-11-12T00:18:58.6662448-05:00" testType="13cdc9d9-ddb5-4fa4-a97d-d965ccfc6d4b" outcome="Passed" testListId="8c84fa94-04c1-424b-9868-57a2d4851a1d" relativeResultsDirectory="61a9cad5-1eb3-4592-806e-d0f33bb3c5fe" /><UnitTestResult executionId="20b3df7f-0c73-4fa5-a00f-06ac9ea2b478" testId="07375595-7502-58c4-6845-0c4b7be92441" testName="Test002" computerName="md" duration="00:00:00.0000531" startTime="2018-11-12T00:19:03.2046783-05:00" endTime="2018-11-12T00:19:03.2048502-05:00" testType="13cdc9d9-ddb5-4fa4-a97d-d965ccfc6d4b" outcome="Passed" testListId="8c84fa94-04c1-424b-9868-57a2d4851a1d" relativeResultsDirectory="20b3df7f-0c73-4fa5-a00f-06ac9ea2b478" /><UnitTestResult executionId="064a77fa-d5c6-4cb7-8af8-b91e4dec1b87" testId="5bde5ad3-f2d3-cd61-f56b-3e8fa7b74a5f" testName="Test001" computerName="md" duration="00:00:00.0001410" startTime="2018-11-12T00:19:03.1655614-05:00" endTime="2018-11-12T00:19:03.1658327-05:00" testType="13cdc9d9-ddb5-4fa4-a97d-d965ccfc6d4b" outcome="Passed" testListId="8c84fa94-04c1-424b-9868-57a2d4851a1d" relativeResultsDirectory="064a77fa-d5c6-4cb7-8af8-b91e4dec1b87" /><UnitTestResult executionId="4efc28a4-031a-4041-9254-d17d703113eb" testId="aae7496d-55a1-25f6-c39a-45534c13e5d6" testName="Test004" computerName="md" duration="00:00:00.0001630" startTime="2018-11-12T00:18:57.5601425-05:00" endTime="2018-11-12T00:18:57.5603938-05:00" testType="13cdc9d9-ddb5-4fa4-a97d-d965ccfc6d4b" outcome="Passed" testListId="8c84fa94-04c1-424b-9868-57a2d4851a1d" relativeResultsDirectory="4efc28a4-031a-4041-9254-d17d703113eb" /><UnitTestResult executionId="4ee7986a-dd4e-45a0-bf89-41b226048580" testId="dab15a68-911c-61dc-3921-499cb97dd212" testName="Test031" computerName="md" duration="00:00:00.0232776" startTime="2018-11-12T00:18:58.1084674-05:00" endTime="2018-11-12T00:18:58.1319435-05:00" testType="13cdc9d9-ddb5-4fa4-a97d-d965ccfc6d4b" outcome="Passed" testListId="8c84fa94-04c1-424b-9868-57a2d4851a1d" relativeResultsDirectory="4ee7986a-dd4e-45a0-bf89-41b226048580" /><UnitTestResult executionId="785507c4-31f3-49f2-8621-610073e8d1fa" testId="af96c49f-596e-55f7-029a-e8a5ada0f2a9" testName="Test104" computerName="md" duration="00:00:00.0049025" startTime="2018-11-12T00:18:59.4996078-05:00" endTime="2018-11-12T00:18:59.5046063-05:00" testType="13cdc9d9-ddb5-4fa4-a97d-d965ccfc6d4b" outcome="Passed" testListId="8c84fa94-04c1-424b-9868-57a2d4851a1d" relativeResultsDirectory="785507c4-31f3-49f2-8621-610073e8d1fa" /><UnitTestResult executionId="51471658-aa99-4283-93f9-8fd27f778159" testId="8e57859c-1d75-7e8f-0300-cd9b361cfe76" testName="Test117" computerName="md" duration="00:00:00.0046721" startTime="2018-11-12T00:18:59.5703769-05:00" endTime="2018-11-12T00:18:59.5751396-05:00" testType="13cdc9d9-ddb5-4fa4-a97d-d965ccfc6d4b" outcome="Passed" testListId="8c84fa94-04c1-424b-9868-57a2d4851a1d" relativeResultsDirectory="51471658-aa99-4283-93f9-8fd27f778159" /><UnitTestResult executionId="c7fada53-b6b3-476c-9807-da131237285f" testId="a62b0187-89b6-28cd-69a4-ef8d74dfc2ae" testName="Test013" computerName="md" duration="00:00:00.0005332" startTime="2018-11-12T00:19:03.0542377-05:00" endTime="2018-11-12T00:19:03.0548970-05:00" testType="13cdc9d9-ddb5-4fa4-a97d-d965ccfc6d4b" outcome="Passed" testListId="8c84fa94-04c1-424b-9868-57a2d4851a1d" relativeResultsDirectory="c7fada53-b6b3-476c-9807-da131237285f" /><UnitTestResult executionId="8ee74324-7ab3-4be2-b04f-1f9465d16487" testId="87d010e8-72cd-a393-f9af-4a356f73abba" testName="Test024" computerName="md" duration="00:00:00.0082093" startTime="2018-11-12T00:19:03.6227311-05:00" endTime="2018-11-12T00:19:03.6310320-05:00" testType="13cdc9d9-ddb5-4fa4-a97d-d965ccfc6d4b" outcome="Passed" testListId="8c84fa94-04c1-424b-9868-57a2d4851a1d" relativeResultsDirectory="8ee74324-7ab3-4be2-b04f-1f9465d16487" /><UnitTestResult executionId="e54cecd9-8e6e-4269-ad9a-eadb339a35fa" testId="32d44e14-20e4-d6cd-55fd-c7f5efd44de2" testName="Test014" computerName="md" duration="00:00:00.0039189" startTime="2018-11-12T00:18:59.3707621-05:00" endTime="2018-11-12T00:18:59.3749316-05:00" testType="13cdc9d9-ddb5-4fa4-a97d-d965ccfc6d4b" outcome="Passed" testListId="8c84fa94-04c1-424b-9868-57a2d4851a1d" relativeResultsDirectory="e54cecd9-8e6e-4269-ad9a-eadb339a35fa" /><UnitTestResult executionId="77a66c82-4309-4813-9ccd-de7b3f5b7885" testId="29e05563-95fd-b15d-2b4a-cf82a4b7ef76" testName="Test011" computerName="md" duration="00:00:00.0088612" startTime="2018-11-12T00:18:58.2888151-05:00" endTime="2018-11-12T00:18:58.2978377-05:00" testType="13cdc9d9-ddb5-4fa4-a97d-d965ccfc6d4b" outcome="Passed" testListId="8c84fa94-04c1-424b-9868-57a2d4851a1d" relativeResultsDirectory="77a66c82-4309-4813-9ccd-de7b3f5b7885" /><UnitTestResult executionId="58ddb5f1-74ab-49c0-a36f-da42938a1c10" testId="5d3802a4-9b91-4011-ece3-52eb1f456ddf" testName="Test133" computerName="md" duration="00:00:00.0045141" startTime="2018-11-12T00:18:59.6135151-05:00" endTime="2018-11-12T00:18:59.6181294-05:00" testType="13cdc9d9-ddb5-4fa4-a97d-d965ccfc6d4b" outcome="Passed" testListId="8c84fa94-04c1-424b-9868-57a2d4851a1d" relativeResultsDirectory="58ddb5f1-74ab-49c0-a36f-da42938a1c10" /><UnitTestResult executionId="be69ffcb-3b99-45d1-a417-6c57db88c523" testId="4984c9be-1704-39c3-53f3-800c9b6bc186" testName="Test009" computerName="md" duration="00:00:00.0065106" startTime="2018-11-12T00:19:00.1350032-05:00" endTime="2018-11-12T00:19:00.1416087-05:00" testType="13cdc9d9-ddb5-4fa4-a97d-d965ccfc6d4b" outcome="Passed" testListId="8c84fa94-04c1-424b-9868-57a2d4851a1d" relativeResultsDirectory="be69ffcb-3b99-45d1-a417-6c57db88c523" /><UnitTestResult executionId="c5a5dd0a-3d53-413b-8f03-613ee86b4a2f" testId="0dd9405a-f3df-fd86-a330-066f58f77dff" testName="Test026" computerName="md" duration="00:00:00.0168160" startTime="2018-11-12T00:19:03.6601389-05:00" endTime="2018-11-12T00:19:03.6772779-05:00" testType="13cdc9d9-ddb5-4fa4-a97d-d965ccfc6d4b" outcome="Passed" testListId="8c84fa94-04c1-424b-9868-57a2d4851a1d" relativeResultsDirectory="c5a5dd0a-3d53-413b-8f03-613ee86b4a2f" /><UnitTestResult executionId="518665f1-4fd4-44bf-8ec7-9c8815e7f23e" testId="6f23d72f-7dd1-f2ac-df3f-c81bd2dabf9e" testName="Test002" computerName="md" duration="00:00:00.0015004" startTime="2018-11-12T00:19:02.6645280-05:00" endTime="2018-11-12T00:19:02.6661384-05:00" testType="13cdc9d9-ddb5-4fa4-a97d-d965ccfc6d4b" outcome="Passed" testListId="8c84fa94-04c1-424b-9868-57a2d4851a1d" relativeResultsDirectory="518665f1-4fd4-44bf-8ec7-9c8815e7f23e" /><UnitTestResult executionId="5b4bbe78-0ee1-466d-b659-51837e58b269" testId="740a12e0-c639-9012-b9dc-e1c9632fd8c7" testName="Test005" computerName="md" duration="00:00:00.0017640" startTime="2018-11-12T00:19:02.5717973-05:00" endTime="2018-11-12T00:19:02.5738330-05:00" testType="13cdc9d9-ddb5-4fa4-a97d-d965ccfc6d4b" outcome="Passed" testListId="8c84fa94-04c1-424b-9868-57a2d4851a1d" relativeResultsDirectory="5b4bbe78-0ee1-466d-b659-51837e58b269" /><UnitTestResult executionId="8b94352a-a0a0-4b59-8c64-509c1f820648" testId="f79daa9e-74d1-be2f-0e67-251e96514cdd" testName="Test001" computerName="md" duration="00:00:00.0026608" startTime="2018-11-12T00:19:00.7303939-05:00" endTime="2018-11-12T00:19:00.7336332-05:00" testType="13cdc9d9-ddb5-4fa4-a97d-d965ccfc6d4b" outcome="Passed" testListId="8c84fa94-04c1-424b-9868-57a2d4851a1d" relativeResultsDirectory="8b94352a-a0a0-4b59-8c64-509c1f820648" /><UnitTestResult executionId="027021a6-5300-47d2-845b-32728b086696" testId="1edcbe35-4735-f25a-332d-b864f813b931" testName="Test001" computerName="md" duration="00:00:00.0034809" startTime="2018-11-12T00:19:01.5793823-05:00" endTime="2018-11-12T00:19:01.5832999-05:00" testType="13cdc9d9-ddb5-4fa4-a97d-d965ccfc6d4b" outcome="Passed" testListId="8c84fa94-04c1-424b-9868-57a2d4851a1d" relativeResultsDirectory="027021a6-5300-47d2-845b-32728b086696" /><UnitTestResult executionId="adb6a057-e960-413b-8fff-a6a6a5a46e6d" testId="cd3b8a17-3a69-e136-80dc-645bcfb12bfb" testName="Test032" computerName="md" duration="00:00:00.0023860" startTime="2018-11-12T00:18:58.6828505-05:00" endTime="2018-11-12T00:18:58.6853294-05:00" testType="13cdc9d9-ddb5-4fa4-a97d-d965ccfc6d4b" outcome="Passed" testListId="8c84fa94-04c1-424b-9868-57a2d4851a1d" relativeResultsDirectory="adb6a057-e960-413b-8fff-a6a6a5a46e6d" /><UnitTestResult executionId="dee0bc4a-e161-4dd8-ada8-f389c9bdcc14" testId="7ff3ee27-eebc-4de4-286d-6589ec8d3784" testName="Test004" computerName="md" duration="00:00:00.0036877" startTime="2018-11-12T00:18:59.3194123-05:00" endTime="2018-11-12T00:18:59.3233267-05:00" testType="13cdc9d9-ddb5-4fa4-a97d-d965ccfc6d4b" outcome="Passed" testListId="8c84fa94-04c1-424b-9868-57a2d4851a1d" relativeResultsDirectory="dee0bc4a-e161-4dd8-ada8-f389c9bdcc14" /><UnitTestResult executionId="e3392c92-d7d7-4c6a-98a5-491337a21ea0" testId="f1de166f-faae-ebd8-6784-5e848b95e9a7" testName="Test209" computerName="md" duration="00:00:00.0044723" startTime="2018-11-12T00:18:59.7259155-05:00" endTime="2018-11-12T00:18:59.7304822-05:00" testType="13cdc9d9-ddb5-4fa4-a97d-d965ccfc6d4b" outcome="Passed" testListId="8c84fa94-04c1-424b-9868-57a2d4851a1d" relativeResultsDirectory="e3392c92-d7d7-4c6a-98a5-491337a21ea0" /><UnitTestResult executionId="1e5f9e69-79c8-45c5-95fa-cf8c0654b67f" testId="dd1f32a7-e3fc-cdca-f248-5d443ff65826" testName="Test031" computerName="md" duration="00:00:00.0024528" startTime="2018-11-12T00:19:01.5510926-05:00" endTime="2018-11-12T00:19:01.5536503-05:00" testType="13cdc9d9-ddb5-4fa4-a97d-d965ccfc6d4b" outcome="Passed" testListId="8c84fa94-04c1-424b-9868-57a2d4851a1d" relativeResultsDirectory="1e5f9e69-79c8-45c5-95fa-cf8c0654b67f" /><UnitTestResult executionId="ffca52dd-dc93-4886-bbdc-7a896aa0bf28" testId="13f9df2d-9fd2-785f-a389-96933e570ecb" testName="Test136" computerName="md" duration="00:00:00.0042244" startTime="2018-11-12T00:18:59.6272053-05:00" endTime="2018-11-12T00:18:59.6315345-05:00" testType="13cdc9d9-ddb5-4fa4-a97d-d965ccfc6d4b" outcome="Passed" testListId="8c84fa94-04c1-424b-9868-57a2d4851a1d" relativeResultsDirectory="ffca52dd-dc93-4886-bbdc-7a896aa0bf28" /><UnitTestResult executionId="9489b008-c6c5-44b2-83e5-46197d152d72" testId="1668f413-9821-3519-c168-c2037a02809f" testName="Test017" computerName="md" duration="00:00:00.0067086" startTime="2018-11-12T00:19:01.9488550-05:00" endTime="2018-11-12T00:19:01.9556885-05:00" testType="13cdc9d9-ddb5-4fa4-a97d-d965ccfc6d4b" outcome="Passed" testListId="8c84fa94-04c1-424b-9868-57a2d4851a1d" relativeResultsDirectory="9489b008-c6c5-44b2-83e5-46197d152d72" /><UnitTestResult executionId="74348e3c-226a-41ff-91b7-5e8e905309a4" testId="4f075974-2e19-5e0f-61eb-2f77341ed4d4" testName="Test060" computerName="md" duration="00:00:00.0000670" startTime="2018-11-12T00:19:03.1521312-05:00" endTime="2018-11-12T00:19:03.1523054-05:00" testType="13cdc9d9-ddb5-4fa4-a97d-d965ccfc6d4b" outcome="Passed" testListId="8c84fa94-04c1-424b-9868-57a2d4851a1d" relativeResultsDirectory="74348e3c-226a-41ff-91b7-5e8e905309a4" /><UnitTestResult executionId="80db526f-380c-43f4-aa45-e83f8c04bf63" testId="346b2058-c053-8fa0-5302-b404ba64d374" testName="Test005" computerName="md" duration="00:00:00.0050062" startTime="2018-11-12T00:18:58.2282676-05:00" endTime="2018-11-12T00:18:58.2335020-05:00" testType="13cdc9d9-ddb5-4fa4-a97d-d965ccfc6d4b" outcome="Passed" testListId="8c84fa94-04c1-424b-9868-57a2d4851a1d" relativeResultsDirectory="80db526f-380c-43f4-aa45-e83f8c04bf63" /><UnitTestResult executionId="d677f3ad-29df-4c93-ae40-a01217f47383" testId="59131f29-2317-9213-770c-f81867f21971" testName="Test018" computerName="md" duration="00:00:00.0015387" startTime="2018-11-12T00:18:58.9989804-05:00" endTime="2018-11-12T00:18:59.0006044-05:00" testType="13cdc9d9-ddb5-4fa4-a97d-d965ccfc6d4b" outcome="Passed" testListId="8c84fa94-04c1-424b-9868-57a2d4851a1d" relativeResultsDirectory="d677f3ad-29df-4c93-ae40-a01217f47383" /><UnitTestResult executionId="51a6df95-3e6c-4c75-bb34-650d0dfc93a8" testId="3d1f3b9d-9afc-7cf0-08dd-16e03d8261ee" testName="Test022" computerName="md" duration="00:00:00.0000093" startTime="2018-11-12T00:19:03.0783928-05:00" endTime="2018-11-12T00:19:03.0785104-05:00" testType="13cdc9d9-ddb5-4fa4-a97d-d965ccfc6d4b" outcome="Passed" testListId="8c84fa94-04c1-424b-9868-57a2d4851a1d" relativeResultsDirectory="51a6df95-3e6c-4c75-bb34-650d0dfc93a8" /><UnitTestResult executionId="81ed9a38-0d91-4eec-91b5-ce5fb2d1647e" testId="c3e8a103-679a-bbaa-1fde-c803b6f3cee8" testName="Test029" computerName="md" duration="00:00:00.0095967" startTime="2018-11-12T00:19:01.1863373-05:00" endTime="2018-11-12T00:19:01.1960343-05:00" testType="13cdc9d9-ddb5-4fa4-a97d-d965ccfc6d4b" outcome="Passed" testListId="8c84fa94-04c1-424b-9868-57a2d4851a1d" relativeResultsDirectory="81ed9a38-0d91-4eec-91b5-ce5fb2d1647e" /><UnitTestResult executionId="7e63d494-750f-42b8-9235-5df5ad880371" testId="8c7cbf91-e027-b4fd-5fe3-d54c305ac034" testName="Test001" computerName="md" duration="00:00:00.0010983" startTime="2018-11-12T00:19:02.2622154-05:00" endTime="2018-11-12T00:19:02.2636880-05:00" testType="13cdc9d9-ddb5-4fa4-a97d-d965ccfc6d4b" outcome="Passed" testListId="8c84fa94-04c1-424b-9868-57a2d4851a1d" relativeResultsDirectory="7e63d494-750f-42b8-9235-5df5ad880371" /><UnitTestResult executionId="f3b52fd0-9944-4896-99eb-125ce6abf62b" testId="32c8ad0a-0322-7fc2-8c67-bbb0a59e2eb6" testName="Test002" computerName="md" duration="00:00:00.0000269" startTime="2018-11-12T00:19:03.3267649-05:00" endTime="2018-11-12T00:19:03.3269097-05:00" testType="13cdc9d9-ddb5-4fa4-a97d-d965ccfc6d4b" outcome="Passed" testListId="8c84fa94-04c1-424b-9868-57a2d4851a1d" relativeResultsDirectory="f3b52fd0-9944-4896-99eb-125ce6abf62b" /><UnitTestResult executionId="3798f79b-41cf-4ef4-a16a-1bef3ac3b39f" testId="b5790d77-0138-460b-b1d6-be3dc6b6676b" testName="Test040" computerName="md" duration="00:00:00.0100615" startTime="2018-11-12T00:18:59.0498725-05:00" endTime="2018-11-12T00:18:59.0600340-05:00" testType="13cdc9d9-ddb5-4fa4-a97d-d965ccfc6d4b" outcome="Passed" testListId="8c84fa94-04c1-424b-9868-57a2d4851a1d" relativeResultsDirectory="3798f79b-41cf-4ef4-a16a-1bef3ac3b39f" /><UnitTestResult executionId="c60f1d81-ff8c-49a2-b854-605e0beea766" testId="3fff9036-a5ef-5075-ea1e-52143a311e28" testName="Test007" computerName="md" duration="00:00:00.0006609" startTime="2018-11-12T00:19:02.3191459-05:00" endTime="2018-11-12T00:19:02.3199308-05:00" testType="13cdc9d9-ddb5-4fa4-a97d-d965ccfc6d4b" outcome="Passed" testListId="8c84fa94-04c1-424b-9868-57a2d4851a1d" relativeResultsDirectory="c60f1d81-ff8c-49a2-b854-605e0beea766" /><UnitTestResult executionId="a62332a6-cb4b-46ac-8b7f-c0b4374e32d7" testId="431561fb-89a2-b404-e821-1f431a90c205" testName="Test006" computerName="md" duration="00:00:00.0000519" startTime="2018-11-12T00:19:03.0863196-05:00" endTime="2018-11-12T00:19:03.0864802-05:00" testType="13cdc9d9-ddb5-4fa4-a97d-d965ccfc6d4b" outcome="Passed" testListId="8c84fa94-04c1-424b-9868-57a2d4851a1d" relativeResultsDirectory="a62332a6-cb4b-46ac-8b7f-c0b4374e32d7" /><UnitTestResult executionId="8e4e1120-6184-4517-b547-87c38a7a54a9" testId="d5063737-d55b-f5e0-4462-65d1b5b81041" testName="Test012" computerName="md" duration="00:00:00.0055553" startTime="2018-11-12T00:19:00.8789372-05:00" endTime="2018-11-12T00:19:00.8845849-05:00" testType="13cdc9d9-ddb5-4fa4-a97d-d965ccfc6d4b" outcome="Passed" testListId="8c84fa94-04c1-424b-9868-57a2d4851a1d" relativeResultsDirectory="8e4e1120-6184-4517-b547-87c38a7a54a9" /><UnitTestResult executionId="00d18d1a-af3a-4eb3-8e7a-3e7f8028bcf5" testId="9b6fdfba-e457-921d-b74f-4cb9ef622e5e" testName="Test021" computerName="md" duration="00:00:00.0074482" startTime="2018-11-12T00:19:02.4467969-05:00" endTime="2018-11-12T00:19:02.4544334-05:00" testType="13cdc9d9-ddb5-4fa4-a97d-d965ccfc6d4b" outcome="Passed" testListId="8c84fa94-04c1-424b-9868-57a2d4851a1d" relativeResultsDirectory="00d18d1a-af3a-4eb3-8e7a-3e7f8028bcf5" /><UnitTestResult executionId="f10a406a-bea5-4b69-83ae-8492891944b9" testId="745412e1-37f8-a6f8-6773-bf8ab42c3e46" testName="Test024" computerName="md" duration="00:00:00.0012305" startTime="2018-11-12T00:18:59.0129165-05:00" endTime="2018-11-12T00:18:59.0144298-05:00" testType="13cdc9d9-ddb5-4fa4-a97d-d965ccfc6d4b" outcome="Passed" testListId="8c84fa94-04c1-424b-9868-57a2d4851a1d" relativeResultsDirectory="f10a406a-bea5-4b69-83ae-8492891944b9" /><UnitTestResult executionId="54dd24f5-c100-4563-8413-50d931dbc941" testId="95749cc6-3358-80c4-45c8-e08022f6e2fe" testName="Test333" computerName="md" duration="00:00:00.0047935" startTime="2018-11-12T00:19:00.0440029-05:00" endTime="2018-11-12T00:19:00.0489023-05:00" testType="13cdc9d9-ddb5-4fa4-a97d-d965ccfc6d4b" outcome="Passed" testListId="8c84fa94-04c1-424b-9868-57a2d4851a1d" relativeResultsDirectory="54dd24f5-c100-4563-8413-50d931dbc941" /><UnitTestResult executionId="6414f90c-427c-415b-a0b6-275a656a31f2" testId="5bb52e0e-4e0e-c025-aab5-77f05acaed5a" testName="Test009" computerName="md" duration="00:00:00.0025277" startTime="2018-11-12T00:19:02.6876598-05:00" endTime="2018-11-12T00:19:02.6902979-05:00" testType="13cdc9d9-ddb5-4fa4-a97d-d965ccfc6d4b" outcome="Passed" testListId="8c84fa94-04c1-424b-9868-57a2d4851a1d" relativeResultsDirectory="6414f90c-427c-415b-a0b6-275a656a31f2" /><UnitTestResult executionId="d8151e62-bfb3-4999-985b-475b0ad38df4" testId="418a7081-b81d-9dc3-3286-680ac32a9d7f" testName="Test002" computerName="md" duration="00:00:00.0001728" startTime="2018-11-12T00:19:03.0292576-05:00" endTime="2018-11-12T00:19:03.0295454-05:00" testType="13cdc9d9-ddb5-4fa4-a97d-d965ccfc6d4b" outcome="Passed" testListId="8c84fa94-04c1-424b-9868-57a2d4851a1d" relativeResultsDirectory="d8151e62-bfb3-4999-985b-475b0ad38df4" /><UnitTestResult executionId="18e710d6-5bfe-458d-a38c-a9b202bc9c8b" testId="7ad14047-36ed-c9f0-df87-cdfd858a725d" testName="Test002" computerName="md" duration="00:00:00.0024775" startTime="2018-11-12T00:19:01.5833157-05:00" endTime="2018-11-12T00:19:01.5858919-05:00" testType="13cdc9d9-ddb5-4fa4-a97d-d965ccfc6d4b" outcome="Passed" testListId="8c84fa94-04c1-424b-9868-57a2d4851a1d" relativeResultsDirectory="18e710d6-5bfe-458d-a38c-a9b202bc9c8b" /><UnitTestResult executionId="8df2528e-7ecd-4489-9976-437311ea5050" testId="4cc8ff4a-1abb-ec64-297b-0ad1bbb46af8" testName="Test006" computerName="md" duration="00:00:00.0051400" startTime="2018-11-12T00:19:00.1162302-05:00" endTime="2018-11-12T00:19:00.1214650-05:00" testType="13cdc9d9-ddb5-4fa4-a97d-d965ccfc6d4b" outcome="Passed" testListId="8c84fa94-04c1-424b-9868-57a2d4851a1d" relativeResultsDirectory="8df2528e-7ecd-4489-9976-437311ea5050" /><UnitTestResult executionId="03d7ba44-1dc7-460f-ba3c-e5d2a3058ea3" testId="480524ab-2bbc-1b43-1d46-0839b71500e6" testName="Test054" computerName="md" duration="00:00:00.0000385" startTime="2018-11-12T00:19:03.1384398-05:00" endTime="2018-11-12T00:19:03.1385967-05:00" testType="13cdc9d9-ddb5-4fa4-a97d-d965ccfc6d4b" outcome="Passed" testListId="8c84fa94-04c1-424b-9868-57a2d4851a1d" relativeResultsDirectory="03d7ba44-1dc7-460f-ba3c-e5d2a3058ea3" /><UnitTestResult executionId="5613d6bc-1d0d-45a0-aca5-9b347ad16f56" testId="42946a65-a35f-6e84-b343-0a49b716824c" testName="Test004" computerName="md" duration="00:00:00.0005504" startTime="2018-11-12T00:19:02.2517439-05:00" endTime="2018-11-12T00:19:02.2523966-05:00" testType="13cdc9d9-ddb5-4fa4-a97d-d965ccfc6d4b" outcome="Passed" testListId="8c84fa94-04c1-424b-9868-57a2d4851a1d" relativeResultsDirectory="5613d6bc-1d0d-45a0-aca5-9b347ad16f56" /><UnitTestResult executionId="47e19bbc-75d6-4cf5-b683-d3bc284e13c6" testId="0657f84e-94d7-bfc3-0148-b071944c49dc" testName="Test006" computerName="md" duration="00:00:00.0029938" startTime="2018-11-12T00:19:01.6171321-05:00" endTime="2018-11-12T00:19:01.6202344-05:00" testType="13cdc9d9-ddb5-4fa4-a97d-d965ccfc6d4b" outcome="Passed" testListId="8c84fa94-04c1-424b-9868-57a2d4851a1d" relativeResultsDirectory="47e19bbc-75d6-4cf5-b683-d3bc284e13c6" /><UnitTestResult executionId="c219f72c-733d-493f-a6a3-f122cb9a075d" testId="14505b0e-6857-5e7b-15cc-7209ae8fd15d" testName="Test004" computerName="md" duration="00:00:00.0001746" startTime="2018-11-12T00:19:01.7976772-05:00" endTime="2018-11-12T00:19:01.7979431-05:00" testType="13cdc9d9-ddb5-4fa4-a97d-d965ccfc6d4b" outcome="Passed" testListId="8c84fa94-04c1-424b-9868-57a2d4851a1d" relativeResultsDirectory="c219f72c-733d-493f-a6a3-f122cb9a075d" /><UnitTestResult executionId="cdf4f6cc-12bb-4fba-83c3-bcfb421cdef3" testId="050a3e54-b417-c7ec-a26b-b8f78b0d8325" testName="Test034" computerName="md" duration="00:00:00.0171435" startTime="2018-11-12T00:18:58.1903137-05:00" endTime="2018-11-12T00:18:58.2077643-05:00" testType="13cdc9d9-ddb5-4fa4-a97d-d965ccfc6d4b" outcome="Passed" testListId="8c84fa94-04c1-424b-9868-57a2d4851a1d" relativeResultsDirectory="cdf4f6cc-12bb-4fba-83c3-bcfb421cdef3" /><UnitTestResult executionId="7c45cda2-fd7e-4c65-aba0-a691bef9ff9b" testId="70ff143d-2548-2b12-0067-e1c77f625ac6" testName="Test026" computerName="md" duration="00:00:00.0094067" startTime="2018-11-12T00:19:01.1435394-05:00" endTime="2018-11-12T00:19:01.1531298-05:00" testType="13cdc9d9-ddb5-4fa4-a97d-d965ccfc6d4b" outcome="Passed" testListId="8c84fa94-04c1-424b-9868-57a2d4851a1d" relativeResultsDirectory="7c45cda2-fd7e-4c65-aba0-a691bef9ff9b" /><UnitTestResult executionId="b545ee44-4f9a-446e-8fb0-d40d6146e2d3" testId="f6a01553-561a-0488-85a3-b5b8663a3661" testName="Test024" computerName="md" duration="00:00:00.0097535" startTime="2018-11-12T00:18:58.4665658-05:00" endTime="2018-11-12T00:18:58.4764201-05:00" testType="13cdc9d9-ddb5-4fa4-a97d-d965ccfc6d4b" outcome="Passed" testListId="8c84fa94-04c1-424b-9868-57a2d4851a1d" relativeResultsDirectory="b545ee44-4f9a-446e-8fb0-d40d6146e2d3" /><UnitTestResult executionId="eedac21c-a5b1-491a-b1ca-8416b260a072" testId="3250a398-577a-745e-54e2-d6ab80ff1cba" testName="Test042" computerName="md" duration="00:00:00.0055168" startTime="2018-11-12T00:19:03.0120679-05:00" endTime="2018-11-12T00:19:03.0177591-05:00" testType="13cdc9d9-ddb5-4fa4-a97d-d965ccfc6d4b" outcome="Passed" testListId="8c84fa94-04c1-424b-9868-57a2d4851a1d" relativeResultsDirectory="eedac21c-a5b1-491a-b1ca-8416b260a072" /><UnitTestResult executionId="1d36478f-88f2-48bf-9b3f-92cd92915e66" testId="0c50c7bc-6e94-86fa-074c-34364df6896f" testName="Test013" computerName="md" duration="00:00:00.0013983" startTime="2018-11-12T00:18:58.6662587-05:00" endTime="2018-11-12T00:18:58.6677594-05:00" testType="13cdc9d9-ddb5-4fa4-a97d-d965ccfc6d4b" outcome="Passed" testListId="8c84fa94-04c1-424b-9868-57a2d4851a1d" relativeResultsDirectory="1d36478f-88f2-48bf-9b3f-92cd92915e66" /><UnitTestResult executionId="04dc5b0e-0a91-4388-98c3-da15417fbbd0" testId="cf2e3df4-1784-17c2-6a25-2e2ef18fb143" testName="Test020" computerName="md" duration="00:00:00.0103468" startTime="2018-11-12T00:18:57.9527308-05:00" endTime="2018-11-12T00:18:57.9631893-05:00" testType="13cdc9d9-ddb5-4fa4-a97d-d965ccfc6d4b" outcome="Passed" testListId="8c84fa94-04c1-424b-9868-57a2d4851a1d" relativeResultsDirectory="04dc5b0e-0a91-4388-98c3-da15417fbbd0" /><UnitTestResult executionId="581dd2bb-671a-4d1b-95ae-6d1548d47ca7" testId="86046d81-b486-f5f2-3ebf-219024f660b7" testName="Test015" computerName="md" duration="00:00:00.0051192" startTime="2018-11-12T00:19:00.8939260-05:00" endTime="2018-11-12T00:19:00.8991414-05:00" testType="13cdc9d9-ddb5-4fa4-a97d-d965ccfc6d4b" outcome="Passed" testListId="8c84fa94-04c1-424b-9868-57a2d4851a1d" relativeResultsDirectory="581dd2bb-671a-4d1b-95ae-6d1548d47ca7" /><UnitTestResult executionId="b9a9630c-69ea-4f7d-8a34-7a7fc5419428" testId="bb3eac23-0819-8b8c-eb9d-3ed16ad9fc32" testName="Test007" computerName="md" duration="00:00:00.0033642" startTime="2018-11-12T00:19:01.6202485-05:00" endTime="2018-11-12T00:19:01.6237090-05:00" testType="13cdc9d9-ddb5-4fa4-a97d-d965ccfc6d4b" outcome="Passed" testListId="8c84fa94-04c1-424b-9868-57a2d4851a1d" relativeResultsDirectory="b9a9630c-69ea-4f7d-8a34-7a7fc5419428" /><UnitTestResult executionId="306f0929-d9d8-4a06-a7eb-49366514e67f" testId="4c404c1a-abd5-9cdf-7e4b-13734234be26" testName="Test003" computerName="md" duration="00:00:00.0036803" startTime="2018-11-12T00:19:00.9768771-05:00" endTime="2018-11-12T00:19:00.9806628-05:00" testType="13cdc9d9-ddb5-4fa4-a97d-d965ccfc6d4b" outcome="Passed" testListId="8c84fa94-04c1-424b-9868-57a2d4851a1d" relativeResultsDirectory="306f0929-d9d8-4a06-a7eb-49366514e67f" /><UnitTestResult executionId="01c27ba8-1082-4eac-a7d9-3a2cfe507660" testId="bae868cf-b45e-7c70-1e19-f209c0886acf" testName="Test022" computerName="md" duration="00:00:00.0000279" startTime="2018-11-12T00:19:03.3256543-05:00" endTime="2018-11-12T00:19:03.3257892-05:00" testType="13cdc9d9-ddb5-4fa4-a97d-d965ccfc6d4b" outcome="Passed" testListId="8c84fa94-04c1-424b-9868-57a2d4851a1d" relativeResultsDirectory="01c27ba8-1082-4eac-a7d9-3a2cfe507660" /><UnitTestResult executionId="e21131f5-1813-4f24-8861-5503dc81d6bd" testId="b95994d9-817b-d914-ad0c-92226c5b0606" testName="Test031" computerName="md" duration="00:00:00.0024866" startTime="2018-11-12T00:19:02.9878136-05:00" endTime="2018-11-12T00:19:02.9904127-05:00" testType="13cdc9d9-ddb5-4fa4-a97d-d965ccfc6d4b" outcome="Passed" testListId="8c84fa94-04c1-424b-9868-57a2d4851a1d" relativeResultsDirectory="e21131f5-1813-4f24-8861-5503dc81d6bd" /><UnitTestResult executionId="5fab3ed1-b409-42ef-b67a-db02831e5f9a" testId="3a15b6e3-8f63-266c-83a6-c3f646e4046c" testName="Test119" computerName="md" duration="00:00:00.0044298" startTime="2018-11-12T00:18:59.5900971-05:00" endTime="2018-11-12T00:18:59.5946366-05:00" testType="13cdc9d9-ddb5-4fa4-a97d-d965ccfc6d4b" outcome="Passed" testListId="8c84fa94-04c1-424b-9868-57a2d4851a1d" relativeResultsDirectory="5fab3ed1-b409-42ef-b67a-db02831e5f9a" /><UnitTestResult executionId="b8c0ccc4-d90c-403b-8a4d-d580b55c50a1" testId="e23fcb13-3e45-d47c-b248-b6c8e7127718" testName="Test032" computerName="md" duration="00:00:00.0000231" startTime="2018-11-12T00:19:03.3908410-05:00" endTime="2018-11-12T00:19:03.3909638-05:00" testType="13cdc9d9-ddb5-4fa4-a97d-d965ccfc6d4b" outcome="Passed" testListId="8c84fa94-04c1-424b-9868-57a2d4851a1d" relativeResultsDirectory="b8c0ccc4-d90c-403b-8a4d-d580b55c50a1" /><UnitTestResult executionId="f52e37ad-8f46-47cc-9cd9-8a396a2bbafc" testId="2784777a-6186-0d47-2eb0-1ae737fda67f" testName="Test014" computerName="md" duration="00:00:00.0000090" startTime="2018-11-12T00:19:03.4135750-05:00" endTime="2018-11-12T00:19:03.4136853-05:00" testType="13cdc9d9-ddb5-4fa4-a97d-d965ccfc6d4b" outcome="Passed" testListId="8c84fa94-04c1-424b-9868-57a2d4851a1d" relativeResultsDirectory="f52e37ad-8f46-47cc-9cd9-8a396a2bbafc" /><UnitTestResult executionId="3874032c-6858-4ed9-ad29-8f11dbddc5ff" testId="788a0289-8d72-3e41-e200-10613d55ae54" testName="Test003" computerName="md" duration="00:00:00.0001595" startTime="2018-11-12T00:19:03.1750764-05:00" endTime="2018-11-12T00:19:03.1754644-05:00" testType="13cdc9d9-ddb5-4fa4-a97d-d965ccfc6d4b" outcome="Passed" testListId="8c84fa94-04c1-424b-9868-57a2d4851a1d" relativeResultsDirectory="3874032c-6858-4ed9-ad29-8f11dbddc5ff" /><UnitTestResult executionId="c9897732-c62a-40cd-a7f3-b5de5f5f1595" testId="9434a3d5-a0fd-58a1-2c5c-9a11e08c5e85" testName="Test005" computerName="md" duration="00:00:00.0006025" startTime="2018-11-12T00:19:02.2524095-05:00" endTime="2018-11-12T00:19:02.2531199-05:00" testType="13cdc9d9-ddb5-4fa4-a97d-d965ccfc6d4b" outcome="Passed" testListId="8c84fa94-04c1-424b-9868-57a2d4851a1d" relativeResultsDirectory="c9897732-c62a-40cd-a7f3-b5de5f5f1595" /><UnitTestResult executionId="4d9cb99f-8177-451a-aee1-38e443926275" testId="3839afb2-8431-78ca-0863-f8a2092a50f7" testName="Test005" computerName="md" duration="00:00:00.0000221" startTime="2018-11-12T00:19:03.3020347-05:00" endTime="2018-11-12T00:19:03.3021613-05:00" testType="13cdc9d9-ddb5-4fa4-a97d-d965ccfc6d4b" outcome="Passed" testListId="8c84fa94-04c1-424b-9868-57a2d4851a1d" relativeResultsDirectory="4d9cb99f-8177-451a-aee1-38e443926275" /><UnitTestResult executionId="5f3c04f5-1beb-4945-9b51-c04be41be29d" testId="fb6331ef-e2e0-83cf-0edc-a979ad9cf892" testName="Test045" computerName="md" duration="00:00:00.0074475" startTime="2018-11-12T00:19:01.3601455-05:00" endTime="2018-11-12T00:19:01.3676926-05:00" testType="13cdc9d9-ddb5-4fa4-a97d-d965ccfc6d4b" outcome="Passed" testListId="8c84fa94-04c1-424b-9868-57a2d4851a1d" relativeResultsDirectory="5f3c04f5-1beb-4945-9b51-c04be41be29d" /><UnitTestResult executionId="8815e60b-7b39-49a8-9358-02ecb931175a" testId="01eb7bef-bc10-b0da-1e5e-238593b4f548" testName="Test006" computerName="md" duration="00:00:00.0000851" startTime="2018-11-12T00:19:03.1757831-05:00" endTime="2018-11-12T00:19:03.1759665-05:00" testType="13cdc9d9-ddb5-4fa4-a97d-d965ccfc6d4b" outcome="Passed" testListId="8c84fa94-04c1-424b-9868-57a2d4851a1d" relativeResultsDirectory="8815e60b-7b39-49a8-9358-02ecb931175a" /><UnitTestResult executionId="695ffe08-948a-4a02-8c58-e07a7e2e62ec" testId="d636d374-9fc3-b195-29e4-535b8ed23c0d" testName="Test002" computerName="md" duration="00:00:00.0022889" startTime="2018-11-12T00:18:57.5732540-05:00" endTime="2018-11-12T00:18:57.5756462-05:00" testType="13cdc9d9-ddb5-4fa4-a97d-d965ccfc6d4b" outcome="Passed" testListId="8c84fa94-04c1-424b-9868-57a2d4851a1d" relativeResultsDirectory="695ffe08-948a-4a02-8c58-e07a7e2e62ec" /><UnitTestResult executionId="0beb64ac-23a8-44be-a376-6d8443a8db41" testId="c3646c6d-7a83-2f3d-3640-ea9ee2f1d3ff" testName="Test015" computerName="md" duration="00:00:00.0002245" startTime="2018-11-12T00:19:03.0553148-05:00" endTime="2018-11-12T00:19:03.0556643-05:00" testType="13cdc9d9-ddb5-4fa4-a97d-d965ccfc6d4b" outcome="Passed" testListId="8c84fa94-04c1-424b-9868-57a2d4851a1d" relativeResultsDirectory="0beb64ac-23a8-44be-a376-6d8443a8db41" /><UnitTestResult executionId="b206fe23-b8ba-46c4-a7a2-be43fcf8da4a" testId="dcb0f848-4273-786b-c5eb-92af9c7ae4af" testName="Test046" computerName="md" duration="00:00:00.0052873" startTime="2018-11-12T00:19:02.1122912-05:00" endTime="2018-11-12T00:19:02.1176887-05:00" testType="13cdc9d9-ddb5-4fa4-a97d-d965ccfc6d4b" outcome="Passed" testListId="8c84fa94-04c1-424b-9868-57a2d4851a1d" relativeResultsDirectory="b206fe23-b8ba-46c4-a7a2-be43fcf8da4a" /><UnitTestResult executionId="4491d2b5-acea-4a49-9368-a1ebde7bd003" testId="4a7f9ea1-e399-cb66-6359-4924203a7c7a" testName="Test114" computerName="md" duration="00:00:00.0043283" startTime="2018-11-12T00:18:59.5570695-05:00" endTime="2018-11-12T00:18:59.5615041-05:00" testType="13cdc9d9-ddb5-4fa4-a97d-d965ccfc6d4b" outcome="Passed" testListId="8c84fa94-04c1-424b-9868-57a2d4851a1d" relativeResultsDirectory="4491d2b5-acea-4a49-9368-a1ebde7bd003" /><UnitTestResult executionId="b8ecadb8-d51e-46c5-bbe1-dbf92b3f09d2" testId="999b8af7-abaf-aaf4-d4da-36073f41c75d" testName="Test012" computerName="md" duration="00:00:00.0023779" startTime="2018-11-12T00:19:01.5270789-05:00" endTime="2018-11-12T00:19:01.5295461-05:00" testType="13cdc9d9-ddb5-4fa4-a97d-d965ccfc6d4b" outcome="Passed" testListId="8c84fa94-04c1-424b-9868-57a2d4851a1d" relativeResultsDirectory="b8ecadb8-d51e-46c5-bbe1-dbf92b3f09d2" /><UnitTestResult executionId="9e42698f-139f-46cc-bb5c-a23b5e0bde1a" testId="90aad432-1bc1-444d-608d-b2cc87b763c2" testName="Test400" computerName="md" duration="00:00:00.0066273" startTime="2018-11-12T00:18:59.2403661-05:00" endTime="2018-11-12T00:18:59.2471617-05:00" testType="13cdc9d9-ddb5-4fa4-a97d-d965ccfc6d4b" outcome="Passed" testListId="8c84fa94-04c1-424b-9868-57a2d4851a1d" relativeResultsDirectory="9e42698f-139f-46cc-bb5c-a23b5e0bde1a" /><UnitTestResult executionId="a6a25bf6-2aea-4e98-a8ab-396ab7997e32" testId="0271aec3-f748-21cb-adc5-1480baf29e6a" testName="Test020" computerName="md" duration="00:00:00.0002410" startTime="2018-11-12T00:19:01.8660810-05:00" endTime="2018-11-12T00:19:01.8664316-05:00" testType="13cdc9d9-ddb5-4fa4-a97d-d965ccfc6d4b" outcome="Passed" testListId="8c84fa94-04c1-424b-9868-57a2d4851a1d" relativeResultsDirectory="a6a25bf6-2aea-4e98-a8ab-396ab7997e32" /><UnitTestResult executionId="c2beab07-fe62-4f91-86cd-22e160e5a7ac" testId="e49a0600-6c18-0a7f-0a9a-abbdbc0f03d5" testName="Test233" computerName="md" duration="00:00:00.0054353" startTime="2018-11-12T00:18:59.8407905-05:00" endTime="2018-11-12T00:18:59.8463414-05:00" testType="13cdc9d9-ddb5-4fa4-a97d-d965ccfc6d4b" outcome="Passed" testListId="8c84fa94-04c1-424b-9868-57a2d4851a1d" relativeResultsDirectory="c2beab07-fe62-4f91-86cd-22e160e5a7ac" /><UnitTestResult executionId="9028cce7-267d-4e79-93a0-0d4681ad138a" testId="d96aab32-823e-b9e7-1be6-d7dff1c9c0ca" testName="Test021" computerName="md" duration="00:00:00.0051367" startTime="2018-11-12T00:19:01.6818642-05:00" endTime="2018-11-12T00:19:01.6871101-05:00" testType="13cdc9d9-ddb5-4fa4-a97d-d965ccfc6d4b" outcome="Passed" testListId="8c84fa94-04c1-424b-9868-57a2d4851a1d" relativeResultsDirectory="9028cce7-267d-4e79-93a0-0d4681ad138a" /><UnitTestResult executionId="b5d68fe3-cac9-441c-b3d7-fb40de909f59" testId="3b9ad436-8d1e-24c9-13f9-51ed6b772521" testName="Test050" computerName="md" duration="00:00:00.0022898" startTime="2018-11-12T00:18:59.1440732-05:00" endTime="2018-11-12T00:18:59.1464687-05:00" testType="13cdc9d9-ddb5-4fa4-a97d-d965ccfc6d4b" outcome="Passed" testListId="8c84fa94-04c1-424b-9868-57a2d4851a1d" relativeResultsDirectory="b5d68fe3-cac9-441c-b3d7-fb40de909f59" /><UnitTestResult executionId="18215d5f-e0c9-44a8-a3db-a9a29abb443c" testId="cb6d0c14-7036-2aef-1ade-020bda4313de" testName="Test006" computerName="md" duration="00:00:00.0037844" startTime="2018-11-12T00:18:59.3272837-05:00" endTime="2018-11-12T00:18:59.3312278-05:00" testType="13cdc9d9-ddb5-4fa4-a97d-d965ccfc6d4b" outcome="Passed" testListId="8c84fa94-04c1-424b-9868-57a2d4851a1d" relativeResultsDirectory="18215d5f-e0c9-44a8-a3db-a9a29abb443c" /><UnitTestResult executionId="e5c7d001-c1c4-46f0-9f9c-d169eb0f0204" testId="5564c82a-12f6-5502-a08e-b14cb8af21a8" testName="Test012" computerName="md" duration="00:00:00.0069015" startTime="2018-11-12T00:19:00.5978588-05:00" endTime="2018-11-12T00:19:00.6048718-05:00" testType="13cdc9d9-ddb5-4fa4-a97d-d965ccfc6d4b" outcome="Passed" testListId="8c84fa94-04c1-424b-9868-57a2d4851a1d" relativeResultsDirectory="e5c7d001-c1c4-46f0-9f9c-d169eb0f0204" /><UnitTestResult executionId="2977bb19-1cf5-4a6c-b982-d7bd40f95343" testId="a5936a43-023f-fc76-8c89-1d869be72c96" testName="Test303" computerName="md" duration="00:00:00.0049074" startTime="2018-11-12T00:18:59.9122831-05:00" endTime="2018-11-12T00:18:59.9172848-05:00" testType="13cdc9d9-ddb5-4fa4-a97d-d965ccfc6d4b" outcome="Passed" testListId="8c84fa94-04c1-424b-9868-57a2d4851a1d" relativeResultsDirectory="2977bb19-1cf5-4a6c-b982-d7bd40f95343" /><UnitTestResult executionId="e8d54de3-a856-4f2e-b551-455eaca029c2" testId="676fbc2e-0279-66be-9218-4fbb48645322" testName="Test050" computerName="md" duration="00:00:00.0037367" startTime="2018-11-12T00:18:59.4666619-05:00" endTime="2018-11-12T00:18:59.4704917-05:00" testType="13cdc9d9-ddb5-4fa4-a97d-d965ccfc6d4b" outcome="Passed" testListId="8c84fa94-04c1-424b-9868-57a2d4851a1d" relativeResultsDirectory="e8d54de3-a856-4f2e-b551-455eaca029c2" /><UnitTestResult executionId="c0a7c4fc-4581-44c9-a17e-dc59a9f25b72" testId="b79d756e-c7ae-3a23-b625-658c06232c01" testName="Test022" computerName="md" duration="00:00:00.0009230" startTime="2018-11-12T00:19:02.9867660-05:00" endTime="2018-11-12T00:19:02.9878002-05:00" testType="13cdc9d9-ddb5-4fa4-a97d-d965ccfc6d4b" outcome="Passed" testListId="8c84fa94-04c1-424b-9868-57a2d4851a1d" relativeResultsDirectory="c0a7c4fc-4581-44c9-a17e-dc59a9f25b72" /><UnitTestResult executionId="22ae8728-7ce9-42c8-b659-d5ebc22cdcf8" testId="9834426f-577e-364a-6f44-76b900dfa4b8" testName="Test023" computerName="md" duration="00:00:00.0073942" startTime="2018-11-12T00:19:02.4620979-05:00" endTime="2018-11-12T00:19:02.4696872-05:00" testType="13cdc9d9-ddb5-4fa4-a97d-d965ccfc6d4b" outcome="Passed" testListId="8c84fa94-04c1-424b-9868-57a2d4851a1d" relativeResultsDirectory="22ae8728-7ce9-42c8-b659-d5ebc22cdcf8" /><UnitTestResult executionId="a8469479-367b-4996-be06-2ef6c19835fd" testId="ecc8d130-0978-fb3c-810a-54bd5a9f88ca" testName="Test052" computerName="md" duration="00:00:00.0000380" startTime="2018-11-12T00:19:03.1380538-05:00" endTime="2018-11-12T00:19:03.1382021-05:00" testType="13cdc9d9-ddb5-4fa4-a97d-d965ccfc6d4b" outcome="Passed" testListId="8c84fa94-04c1-424b-9868-57a2d4851a1d" relativeResultsDirectory="a8469479-367b-4996-be06-2ef6c19835fd" /><UnitTestResult executionId="d272b0ed-56a6-4a42-b80a-680453fab493" testId="916b47a3-02eb-d740-4b86-22b718990fbd" testName="Test006" computerName="md" duration="00:00:00.0006224" startTime="2018-11-12T00:19:02.3089131-05:00" endTime="2018-11-12T00:19:02.3096490-05:00" testType="13cdc9d9-ddb5-4fa4-a97d-d965ccfc6d4b" outcome="Passed" testListId="8c84fa94-04c1-424b-9868-57a2d4851a1d" relativeResultsDirectory="d272b0ed-56a6-4a42-b80a-680453fab493" /><UnitTestResult executionId="656b958d-aae1-4587-9889-8ec74171348b" testId="cdc92a48-10e8-a4c2-3308-69878a0c2bd3" testName="Test008" computerName="md" duration="00:00:00.0000253" startTime="2018-11-12T00:19:03.1960010-05:00" endTime="2018-11-12T00:19:03.1961384-05:00" testType="13cdc9d9-ddb5-4fa4-a97d-d965ccfc6d4b" outcome="Passed" testListId="8c84fa94-04c1-424b-9868-57a2d4851a1d" relativeResultsDirectory="656b958d-aae1-4587-9889-8ec74171348b" /><UnitTestResult executionId="60347a97-8741-4803-85a2-1ebfc41da310" testId="7d298324-d0a3-a9e8-b676-7bcb7a224401" testName="Test003" computerName="md" duration="00:00:00.0011604" startTime="2018-11-12T00:19:00.2447840-05:00" endTime="2018-11-12T00:19:00.2460691-05:00" testType="13cdc9d9-ddb5-4fa4-a97d-d965ccfc6d4b" outcome="Passed" testListId="8c84fa94-04c1-424b-9868-57a2d4851a1d" relativeResultsDirectory="60347a97-8741-4803-85a2-1ebfc41da310" /><UnitTestResult executionId="983897b9-eaac-4a2d-b70a-6783afe53f1f" testId="217cdb3a-6de6-8bef-5db8-c242fe0fc3d9" testName="Test017" computerName="md" duration="00:00:00.0006778" startTime="2018-11-12T00:19:03.0560323-05:00" endTime="2018-11-12T00:19:03.0568307-05:00" testType="13cdc9d9-ddb5-4fa4-a97d-d965ccfc6d4b" outcome="Passed" testListId="8c84fa94-04c1-424b-9868-57a2d4851a1d" relativeResultsDirectory="983897b9-eaac-4a2d-b70a-6783afe53f1f" /><UnitTestResult executionId="5c4547c3-624f-4c72-8d47-ed087f47b584" testId="57e98b06-7ab8-1475-651a-e082f535e088" testName="Test041" computerName="md" duration="00:00:00.0112390" startTime="2018-11-12T00:19:01.3143785-05:00" endTime="2018-11-12T00:19:01.3257189-05:00" testType="13cdc9d9-ddb5-4fa4-a97d-d965ccfc6d4b" outcome="Passed" testListId="8c84fa94-04c1-424b-9868-57a2d4851a1d" relativeResultsDirectory="5c4547c3-624f-4c72-8d47-ed087f47b584" /><UnitTestResult executionId="eba6349f-1405-44f9-9e5a-9b86c9e2e3fb" testId="46c936cd-9fca-4128-f965-1b1b395c39b6" testName="Test009" computerName="md" duration="00:00:00.0000114" startTime="2018-11-12T00:19:03.1759786-05:00" endTime="2018-11-12T00:19:03.1760953-05:00" testType="13cdc9d9-ddb5-4fa4-a97d-d965ccfc6d4b" outcome="Passed" testListId="8c84fa94-04c1-424b-9868-57a2d4851a1d" relativeResultsDirectory="eba6349f-1405-44f9-9e5a-9b86c9e2e3fb" /><UnitTestResult executionId="d6f941a7-676e-4efd-b0a5-ab88400d7869" testId="3a4630b3-903f-4aa4-5f14-b9928d0a7590" testName="Test008" computerName="md" duration="00:00:00.0000345" startTime="2018-11-12T00:19:03.2865354-05:00" endTime="2018-11-12T00:19:03.2866940-05:00" testType="13cdc9d9-ddb5-4fa4-a97d-d965ccfc6d4b" outcome="Passed" testListId="8c84fa94-04c1-424b-9868-57a2d4851a1d" relativeResultsDirectory="d6f941a7-676e-4efd-b0a5-ab88400d7869" /><UnitTestResult executionId="01f1d137-2ec2-4fe0-b367-86c4fff40fbc" testId="ae8f6b72-baee-c942-77aa-c84948c513f1" testName="Test010" computerName="md" duration="00:00:00.0043896" startTime="2018-11-12T00:19:02.3695134-05:00" endTime="2018-11-12T00:19:02.3740135-05:00" testType="13cdc9d9-ddb5-4fa4-a97d-d965ccfc6d4b" outcome="Passed" testListId="8c84fa94-04c1-424b-9868-57a2d4851a1d" relativeResultsDirectory="01f1d137-2ec2-4fe0-b367-86c4fff40fbc" /><UnitTestResult executionId="328ae7ff-e1e4-45c9-bcc5-6293002cf939" testId="70bf383e-06da-6d79-58cc-40acdb2e8a93" testName="Test111" computerName="md" duration="00:00:00.0056808" startTime="2018-11-12T00:18:59.5421870-05:00" endTime="2018-11-12T00:18:59.5479625-05:00" testType="13cdc9d9-ddb5-4fa4-a97d-d965ccfc6d4b" outcome="Passed" testListId="8c84fa94-04c1-424b-9868-57a2d4851a1d" relativeResultsDirectory="328ae7ff-e1e4-45c9-bcc5-6293002cf939" /><UnitTestResult executionId="4c7579b9-8bb7-40e7-96fe-bcddce643c54" testId="c286461e-7429-a847-01e1-9e7326e88a56" testName="Test009" computerName="md" duration="00:00:00.0048239" startTime="2018-11-12T00:19:00.9992018-05:00" endTime="2018-11-12T00:19:01.0041240-05:00" testType="13cdc9d9-ddb5-4fa4-a97d-d965ccfc6d4b" outcome="Passed" testListId="8c84fa94-04c1-424b-9868-57a2d4851a1d" relativeResultsDirectory="4c7579b9-8bb7-40e7-96fe-bcddce643c54" /><UnitTestResult executionId="962b2599-63e6-4ca8-aaf2-d4f71b54fb72" testId="165af5f6-ab1e-e147-e19c-f048f0c6a46d" testName="Test023" computerName="md" duration="00:00:00.0000108" startTime="2018-11-12T00:19:03.0845443-05:00" endTime="2018-11-12T00:19:03.0846671-05:00" testType="13cdc9d9-ddb5-4fa4-a97d-d965ccfc6d4b" outcome="Passed" testListId="8c84fa94-04c1-424b-9868-57a2d4851a1d" relativeResultsDirectory="962b2599-63e6-4ca8-aaf2-d4f71b54fb72" /><UnitTestResult executionId="9ce40cc6-308a-469d-b4f4-354d223c45c0" testId="e667efbc-55bd-f89d-d6a3-2da689096acc" testName="Test006" computerName="md" duration="00:00:00.0024213" startTime="2018-11-12T00:19:00.2495878-05:00" endTime="2018-11-12T00:19:00.2520919-05:00" testType="13cdc9d9-ddb5-4fa4-a97d-d965ccfc6d4b" outcome="Passed" testListId="8c84fa94-04c1-424b-9868-57a2d4851a1d" relativeResultsDirectory="9ce40cc6-308a-469d-b4f4-354d223c45c0" /><UnitTestResult executionId="06dae88c-20ea-4efc-b94f-36123e7217b9" testId="0f874e5c-8b83-b795-496b-e492606b1d3b" testName="Test014" computerName="md" duration="00:00:00.0000221" startTime="2018-11-12T00:19:03.3124072-05:00" endTime="2018-11-12T00:19:03.3125314-05:00" testType="13cdc9d9-ddb5-4fa4-a97d-d965ccfc6d4b" outcome="Passed" testListId="8c84fa94-04c1-424b-9868-57a2d4851a1d" relativeResultsDirectory="06dae88c-20ea-4efc-b94f-36123e7217b9" /><UnitTestResult executionId="153ea4fc-08d8-45c3-ac0b-a0cc5c36117f" testId="db608db9-6456-b58e-2f96-cfc93ff9d828" testName="Test011" computerName="md" duration="00:00:00.0025503" startTime="2018-11-12T00:18:58.9771113-05:00" endTime="2018-11-12T00:18:58.9798100-05:00" testType="13cdc9d9-ddb5-4fa4-a97d-d965ccfc6d4b" outcome="Passed" testListId="8c84fa94-04c1-424b-9868-57a2d4851a1d" relativeResultsDirectory="153ea4fc-08d8-45c3-ac0b-a0cc5c36117f" /><UnitTestResult executionId="3d629236-17b6-417f-9698-56ed48664259" testId="557cb196-3eb8-1446-27cc-40482262f393" testName="Test212" computerName="md" duration="00:00:00.0045564" startTime="2018-11-12T00:18:59.7402770-05:00" endTime="2018-11-12T00:18:59.7449319-05:00" testType="13cdc9d9-ddb5-4fa4-a97d-d965ccfc6d4b" outcome="Passed" testListId="8c84fa94-04c1-424b-9868-57a2d4851a1d" relativeResultsDirectory="3d629236-17b6-417f-9698-56ed48664259" /><UnitTestResult executionId="3b3291f5-1a8b-4261-81ce-9c38f48e8252" testId="0e235c1c-dd46-9643-9281-0e39ecf0be1e" testName="Test049" computerName="md" duration="00:00:00.0000491" startTime="2018-11-12T00:19:03.1375405-05:00" endTime="2018-11-12T00:19:03.1377191-05:00" testType="13cdc9d9-ddb5-4fa4-a97d-d965ccfc6d4b" outcome="Passed" testListId="8c84fa94-04c1-424b-9868-57a2d4851a1d" relativeResultsDirectory="3b3291f5-1a8b-4261-81ce-9c38f48e8252" /><UnitTestResult executionId="bbc1bad9-fee4-4145-ada3-d4d813c8a035" testId="75b77313-d13b-1187-24d7-7133cbc5005c" testName="Test005" computerName="md" duration="00:00:00.0000368" startTime="2018-11-12T00:19:03.2051765-05:00" endTime="2018-11-12T00:19:03.2053170-05:00" testType="13cdc9d9-ddb5-4fa4-a97d-d965ccfc6d4b" outcome="Passed" testListId="8c84fa94-04c1-424b-9868-57a2d4851a1d" relativeResultsDirectory="bbc1bad9-fee4-4145-ada3-d4d813c8a035" /><UnitTestResult executionId="b9728f1b-ce34-419a-9192-03c20e3e4f6a" testId="224610ac-62fa-012f-6d92-c5f1b0aa03a5" testName="Test321" computerName="md" duration="00:00:00.0052420" startTime="2018-11-12T00:19:00.0280037-05:00" endTime="2018-11-12T00:19:00.0333509-05:00" testType="13cdc9d9-ddb5-4fa4-a97d-d965ccfc6d4b" outcome="Passed" testListId="8c84fa94-04c1-424b-9868-57a2d4851a1d" relativeResultsDirectory="b9728f1b-ce34-419a-9192-03c20e3e4f6a" /><UnitTestResult executionId="f467b1d1-edbd-4e5e-b027-36c30bea9ebe" testId="a4e2cbc6-c095-ddc7-4194-c86e5fc84218" testName="Test007" computerName="md" duration="00:00:00.0000127" startTime="2018-11-12T00:19:03.2054539-05:00" endTime="2018-11-12T00:19:03.2055662-05:00" testType="13cdc9d9-ddb5-4fa4-a97d-d965ccfc6d4b" outcome="Passed" testListId="8c84fa94-04c1-424b-9868-57a2d4851a1d" relativeResultsDirectory="f467b1d1-edbd-4e5e-b027-36c30bea9ebe" /><UnitTestResult executionId="5e88e469-1352-4b2c-9ce2-a524f21b3494" testId="2f4290f4-d6f7-a224-912b-8285a4f1c0ce" testName="Test009" computerName="md" duration="00:00:00.0071657" startTime="2018-11-12T00:18:57.7870940-05:00" endTime="2018-11-12T00:18:57.7943544-05:00" testType="13cdc9d9-ddb5-4fa4-a97d-d965ccfc6d4b" outcome="Passed" testListId="8c84fa94-04c1-424b-9868-57a2d4851a1d" relativeResultsDirectory="5e88e469-1352-4b2c-9ce2-a524f21b3494" /><UnitTestResult executionId="09a6849a-fd94-46cd-baa7-51bde5e924d6" testId="f183ac6b-f2de-afb2-9ee5-f2daff2da709" testName="Test009" computerName="md" duration="00:00:00.0002009" startTime="2018-11-12T00:19:01.8544686-05:00" endTime="2018-11-12T00:19:01.8547946-05:00" testType="13cdc9d9-ddb5-4fa4-a97d-d965ccfc6d4b" outcome="Passed" testListId="8c84fa94-04c1-424b-9868-57a2d4851a1d" relativeResultsDirectory="09a6849a-fd94-46cd-baa7-51bde5e924d6" /><UnitTestResult executionId="4e825bd8-5ab4-4016-9d16-5bf939c73d99" testId="700512d8-5f19-4ecb-e8ef-c5d345f52f32" testName="Test010" computerName="md" duration="00:00:00.0009664" startTime="2018-11-12T00:18:59.1766800-05:00" endTime="2018-11-12T00:18:59.1777356-05:00" testType="13cdc9d9-ddb5-4fa4-a97d-d965ccfc6d4b" outcome="Passed" testListId="8c84fa94-04c1-424b-9868-57a2d4851a1d" relativeResultsDirectory="4e825bd8-5ab4-4016-9d16-5bf939c73d99" /><UnitTestResult executionId="ea012468-0e1a-4ad9-9703-a27ec89979d5" testId="f5e3aebc-cd43-ae85-9487-39f5430f33c7" testName="Test205" computerName="md" duration="00:00:00.0060041" startTime="2018-11-12T00:18:59.7038260-05:00" endTime="2018-11-12T00:18:59.7099294-05:00" testType="13cdc9d9-ddb5-4fa4-a97d-d965ccfc6d4b" outcome="Passed" testListId="8c84fa94-04c1-424b-9868-57a2d4851a1d" relativeResultsDirectory="ea012468-0e1a-4ad9-9703-a27ec89979d5" /><UnitTestResult executionId="5d9b87f6-9f71-455c-8621-6a1b5cb5892b" testId="a69567ad-7fb4-3f09-8b47-d88a3a830753" testName="Test023" computerName="md" duration="00:00:00.0001680" startTime="2018-11-12T00:19:01.8670453-05:00" endTime="2018-11-12T00:19:01.8673268-05:00" testType="13cdc9d9-ddb5-4fa4-a97d-d965ccfc6d4b" outcome="Passed" testListId="8c84fa94-04c1-424b-9868-57a2d4851a1d" relativeResultsDirectory="5d9b87f6-9f71-455c-8621-6a1b5cb5892b" /><UnitTestResult executionId="7694bf5c-4256-4d63-8b05-653f32b26a4e" testId="92280596-4cb9-43f4-af23-356aa9aeda11" testName="Test032" computerName="md" duration="00:00:00.0021943" startTime="2018-11-12T00:19:01.5536635-05:00" endTime="2018-11-12T00:19:01.5559552-05:00" testType="13cdc9d9-ddb5-4fa4-a97d-d965ccfc6d4b" outcome="Passed" testListId="8c84fa94-04c1-424b-9868-57a2d4851a1d" relativeResultsDirectory="7694bf5c-4256-4d63-8b05-653f32b26a4e" /><UnitTestResult executionId="6d4d38b4-d3c9-45b5-8607-80cfb4b8365f" testId="23881078-0ff7-2854-4e97-81c43058cb64" testName="Test006" computerName="md" duration="00:00:00.0009520" startTime="2018-11-12T00:19:00.2311411-05:00" endTime="2018-11-12T00:19:00.2321781-05:00" testType="13cdc9d9-ddb5-4fa4-a97d-d965ccfc6d4b" outcome="Passed" testListId="8c84fa94-04c1-424b-9868-57a2d4851a1d" relativeResultsDirectory="6d4d38b4-d3c9-45b5-8607-80cfb4b8365f" /><UnitTestResult executionId="71a81ee6-3840-4bf3-a5ce-6ab5cc6a9652" testId="7c40ea19-2716-4dbe-85cc-926f67c5fd74" testName="Test027" computerName="md" duration="00:00:00.0111545" startTime="2018-11-12T00:19:03.6773137-05:00" endTime="2018-11-12T00:19:03.6885849-05:00" testType="13cdc9d9-ddb5-4fa4-a97d-d965ccfc6d4b" outcome="Passed" testListId="8c84fa94-04c1-424b-9868-57a2d4851a1d" relativeResultsDirectory="71a81ee6-3840-4bf3-a5ce-6ab5cc6a9652" /><UnitTestResult executionId="5e14e099-b549-4cbc-8c73-16c5c49acc3b" testId="7e283ac9-8e04-cb7e-0d65-6665c9bfde57" testName="Test007" computerName="md" duration="00:00:00.0027726" startTime="2018-11-12T00:19:02.2718823-05:00" endTime="2018-11-12T00:19:02.2747581-05:00" testType="13cdc9d9-ddb5-4fa4-a97d-d965ccfc6d4b" outcome="Passed" testListId="8c84fa94-04c1-424b-9868-57a2d4851a1d" relativeResultsDirectory="5e14e099-b549-4cbc-8c73-16c5c49acc3b" /><UnitTestResult executionId="26b7feb2-df91-4427-9ce1-6627628e6f29" testId="b7cca714-a768-b33a-eb9c-0bfa1589c4a3" testName="Test021" computerName="md" duration="00:00:00.0102335" startTime="2018-11-12T00:19:00.6794612-05:00" endTime="2018-11-12T00:19:00.6897964-05:00" testType="13cdc9d9-ddb5-4fa4-a97d-d965ccfc6d4b" outcome="Passed" testListId="8c84fa94-04c1-424b-9868-57a2d4851a1d" relativeResultsDirectory="26b7feb2-df91-4427-9ce1-6627628e6f29" /><UnitTestResult executionId="7a501d3c-42d3-4f75-ae3b-e72f9ede59ce" testId="96cad27c-dadd-70f4-c3d6-735a9cdd82c9" testName="Test101" computerName="md" duration="00:00:00.0044407" startTime="2018-11-12T00:18:59.4852246-05:00" endTime="2018-11-12T00:18:59.4897775-05:00" testType="13cdc9d9-ddb5-4fa4-a97d-d965ccfc6d4b" outcome="Passed" testListId="8c84fa94-04c1-424b-9868-57a2d4851a1d" relativeResultsDirectory="7a501d3c-42d3-4f75-ae3b-e72f9ede59ce" /><UnitTestResult executionId="45f21705-d960-45fe-a7bf-0aaacd3b783b" testId="ea635aab-65dc-ef56-3cad-a07e8cd2cafc" testName="Test014" computerName="md" duration="00:00:00.0002567" startTime="2018-11-12T00:19:01.8560615-05:00" endTime="2018-11-12T00:19:01.8564278-05:00" testType="13cdc9d9-ddb5-4fa4-a97d-d965ccfc6d4b" outcome="Passed" testListId="8c84fa94-04c1-424b-9868-57a2d4851a1d" relativeResultsDirectory="45f21705-d960-45fe-a7bf-0aaacd3b783b" /><UnitTestResult executionId="1c70742e-9124-4603-b420-5a880626b6de" testId="79c45573-1d50-c1e0-c7dc-fd4829abd0a0" testName="Test135" computerName="md" duration="00:00:00.0044262" startTime="2018-11-12T00:18:59.6226710-05:00" endTime="2018-11-12T00:18:59.6271873-05:00" testType="13cdc9d9-ddb5-4fa4-a97d-d965ccfc6d4b" outcome="Passed" testListId="8c84fa94-04c1-424b-9868-57a2d4851a1d" relativeResultsDirectory="1c70742e-9124-4603-b420-5a880626b6de" /><UnitTestResult executionId="1e839da8-5c95-4d90-acbf-ebe644e02f8c" testId="00780edb-c80d-b224-e9fe-93bffe20aa29" testName="Test009" computerName="md" duration="00:00:00.0047718" startTime="2018-11-12T00:19:00.5749925-05:00" endTime="2018-11-12T00:19:00.5798604-05:00" testType="13cdc9d9-ddb5-4fa4-a97d-d965ccfc6d4b" outcome="Passed" testListId="8c84fa94-04c1-424b-9868-57a2d4851a1d" relativeResultsDirectory="1e839da8-5c95-4d90-acbf-ebe644e02f8c" /><UnitTestResult executionId="6febc94d-fb19-43e0-b4b1-3c9c02dc505d" testId="7d3bda16-284e-dacd-8c42-24edb66b1c1f" testName="Test021" computerName="md" duration="00:00:00.0038105" startTime="2018-11-12T00:18:59.4134140-05:00" endTime="2018-11-12T00:18:59.4173222-05:00" testType="13cdc9d9-ddb5-4fa4-a97d-d965ccfc6d4b" outcome="Passed" testListId="8c84fa94-04c1-424b-9868-57a2d4851a1d" relativeResultsDirectory="6febc94d-fb19-43e0-b4b1-3c9c02dc505d" /><UnitTestResult executionId="0e137650-0dd3-4de0-8b2f-2db5a8df6455" testId="f9ec368b-e8f3-6e30-50f0-d90c84de394f" testName="Test048" computerName="md" duration="00:00:00.0081143" startTime="2018-11-12T00:19:01.3914594-05:00" endTime="2018-11-12T00:19:01.3997109-05:00" testType="13cdc9d9-ddb5-4fa4-a97d-d965ccfc6d4b" outcome="Passed" testListId="8c84fa94-04c1-424b-9868-57a2d4851a1d" relativeResultsDirectory="0e137650-0dd3-4de0-8b2f-2db5a8df6455" /><UnitTestResult executionId="9e3efb8b-1c6b-4cfa-a24b-fe6cebe3d063" testId="435a5713-c626-8a2e-576b-c7ec3650962e" testName="Test003" computerName="md" duration="00:00:00.0063992" startTime="2018-11-12T00:19:03.4323664-05:00" endTime="2018-11-12T00:19:03.4388606-05:00" testType="13cdc9d9-ddb5-4fa4-a97d-d965ccfc6d4b" outcome="Passed" testListId="8c84fa94-04c1-424b-9868-57a2d4851a1d" relativeResultsDirectory="9e3efb8b-1c6b-4cfa-a24b-fe6cebe3d063" /><UnitTestResult executionId="13fadad8-8df8-4923-8111-c30132982eea" testId="2753b1b3-d97b-3bfc-f702-6ac2ebdd23b4" testName="Test002" computerName="md" duration="00:00:00.0032750" startTime="2018-11-12T00:19:00.5451678-05:00" endTime="2018-11-12T00:19:00.5485617-05:00" testType="13cdc9d9-ddb5-4fa4-a97d-d965ccfc6d4b" outcome="Passed" testListId="8c84fa94-04c1-424b-9868-57a2d4851a1d" relativeResultsDirectory="13fadad8-8df8-4923-8111-c30132982eea" /><UnitTestResult executionId="c8a0cf76-3b4f-4e83-99a1-04d6f665f26f" testId="36397be0-3a20-2294-fbff-98c079f0fe0d" testName="Test038" computerName="md" duration="00:00:00.0041029" startTime="2018-11-12T00:18:59.4548743-05:00" endTime="2018-11-12T00:18:59.4590799-05:00" testType="13cdc9d9-ddb5-4fa4-a97d-d965ccfc6d4b" outcome="Passed" testListId="8c84fa94-04c1-424b-9868-57a2d4851a1d" relativeResultsDirectory="c8a0cf76-3b4f-4e83-99a1-04d6f665f26f" /><UnitTestResult executionId="c9ffaf51-5764-485a-8b7b-625388d75a11" testId="267c86f7-b7d3-bd8d-f8a8-cecfab36cce7" testName="Test002" computerName="md" duration="00:00:00.0001464" startTime="2018-11-12T00:19:02.9263078-05:00" endTime="2018-11-12T00:19:02.9265626-05:00" testType="13cdc9d9-ddb5-4fa4-a97d-d965ccfc6d4b" outcome="Passed" testListId="8c84fa94-04c1-424b-9868-57a2d4851a1d" relativeResultsDirectory="c9ffaf51-5764-485a-8b7b-625388d75a11" /><UnitTestResult executionId="4ac050f5-0911-48d6-a043-ecf6f8a9cbef" testId="fa064160-428d-8c1c-caa5-75cadbcbc04c" testName="Test008" computerName="md" duration="00:00:00.0066750" startTime="2018-11-12T00:18:57.7803041-05:00" endTime="2018-11-12T00:18:57.7870805-05:00" testType="13cdc9d9-ddb5-4fa4-a97d-d965ccfc6d4b" outcome="Passed" testListId="8c84fa94-04c1-424b-9868-57a2d4851a1d" relativeResultsDirectory="4ac050f5-0911-48d6-a043-ecf6f8a9cbef" /><UnitTestResult executionId="e5e663a6-1049-49ca-9398-0bbf6684b88a" testId="52680d49-f47a-98ae-e125-583891d24299" testName="Test004" computerName="md" duration="00:00:00.0000080" startTime="2018-11-12T00:19:03.4040250-05:00" endTime="2018-11-12T00:19:03.4041287-05:00" testType="13cdc9d9-ddb5-4fa4-a97d-d965ccfc6d4b" outcome="Passed" testListId="8c84fa94-04c1-424b-9868-57a2d4851a1d" relativeResultsDirectory="e5e663a6-1049-49ca-9398-0bbf6684b88a" /><UnitTestResult executionId="5d94aca9-1599-4d8b-8b42-77b2e8a488e6" testId="8e14c24a-6249-7a98-6058-c74ec7198ef6" testName="Test013" computerName="md" duration="00:00:00.0067285" startTime="2018-11-12T00:19:00.2984314-05:00" endTime="2018-11-12T00:19:00.3052478-05:00" testType="13cdc9d9-ddb5-4fa4-a97d-d965ccfc6d4b" outcome="Passed" testListId="8c84fa94-04c1-424b-9868-57a2d4851a1d" relativeResultsDirectory="5d94aca9-1599-4d8b-8b42-77b2e8a488e6" /><UnitTestResult executionId="4a9ea967-3266-449f-bece-f2dd487500d2" testId="bccc28b0-59df-3ff8-8273-efdb9ecdf47f" testName="Test019" computerName="md" duration="00:00:00.0119357" startTime="2018-11-12T00:18:57.9406826-05:00" endTime="2018-11-12T00:18:57.9527147-05:00" testType="13cdc9d9-ddb5-4fa4-a97d-d965ccfc6d4b" outcome="Passed" testListId="8c84fa94-04c1-424b-9868-57a2d4851a1d" relativeResultsDirectory="4a9ea967-3266-449f-bece-f2dd487500d2" /><UnitTestResult executionId="4f463d88-5d99-49ea-85a2-211bc99d865e" testId="9fbcd245-9c7b-f6e5-1420-ae0a06d76730" testName="Test044" computerName="md" duration="00:00:00.0114891" startTime="2018-11-12T00:19:01.3485396-05:00" endTime="2018-11-12T00:19:01.3601270-05:00" testType="13cdc9d9-ddb5-4fa4-a97d-d965ccfc6d4b" outcome="Passed" testListId="8c84fa94-04c1-424b-9868-57a2d4851a1d" relativeResultsDirectory="4f463d88-5d99-49ea-85a2-211bc99d865e" /><UnitTestResult executionId="8d8c07df-76fc-45a8-bd09-a651670146db" testId="79cd67c6-adb1-ddc7-6d0c-f428886718e9" testName="Test008" computerName="md" duration="00:00:00.0000352" startTime="2018-11-12T00:19:03.2371432-05:00" endTime="2018-11-12T00:19:03.2373386-05:00" testType="13cdc9d9-ddb5-4fa4-a97d-d965ccfc6d4b" outcome="Passed" testListId="8c84fa94-04c1-424b-9868-57a2d4851a1d" relativeResultsDirectory="8d8c07df-76fc-45a8-bd09-a651670146db" /><UnitTestResult executionId="215c8ae3-6bb6-4ea8-ac8a-e28d012092eb" testId="89abb5b6-3a39-33bf-38f6-0729c1486522" testName="Test332" computerName="md" duration="00:00:00.0051649" startTime="2018-11-12T00:19:00.0387200-05:00" endTime="2018-11-12T00:19:00.0439839-05:00" testType="13cdc9d9-ddb5-4fa4-a97d-d965ccfc6d4b" outcome="Passed" testListId="8c84fa94-04c1-424b-9868-57a2d4851a1d" relativeResultsDirectory="215c8ae3-6bb6-4ea8-ac8a-e28d012092eb" /><UnitTestResult executionId="ca2df0c8-7e80-4d31-ac55-d34b60dfd9f6" testId="5b5a53dc-45cd-b255-c2a5-9790cf6c87b1" testName="Test020" computerName="md" duration="00:00:00.0028162" startTime="2018-11-12T00:19:02.8813415-05:00" endTime="2018-11-12T00:19:02.8842801-05:00" testType="13cdc9d9-ddb5-4fa4-a97d-d965ccfc6d4b" outcome="Passed" testListId="8c84fa94-04c1-424b-9868-57a2d4851a1d" relativeResultsDirectory="ca2df0c8-7e80-4d31-ac55-d34b60dfd9f6" /><UnitTestResult executionId="4e6ef220-fc79-410b-819f-7d6289283f82" testId="6c0ec173-eda7-e3d8-c93a-717f1fccd1d7" testName="Test016" computerName="md" duration="00:00:00.0035780" startTime="2018-11-12T00:19:02.7146189-05:00" endTime="2018-11-12T00:19:02.7183144-05:00" testType="13cdc9d9-ddb5-4fa4-a97d-d965ccfc6d4b" outcome="Passed" testListId="8c84fa94-04c1-424b-9868-57a2d4851a1d" relativeResultsDirectory="4e6ef220-fc79-410b-819f-7d6289283f82" /><UnitTestResult executionId="66817d25-cf4f-49ef-bcb4-15473af65b6b" testId="d5ff4239-eefe-272a-8afd-d338873cee65" testName="Test011" computerName="md" duration="00:00:00.0058260" startTime="2018-11-12T00:19:00.2767668-05:00" endTime="2018-11-12T00:19:00.2826831-05:00" testType="13cdc9d9-ddb5-4fa4-a97d-d965ccfc6d4b" outcome="Passed" testListId="8c84fa94-04c1-424b-9868-57a2d4851a1d" relativeResultsDirectory="66817d25-cf4f-49ef-bcb4-15473af65b6b" /><UnitTestResult executionId="4242a78a-359d-4d2b-8dde-f22f50069322" testId="d96d556e-03a1-393f-8077-cc5dc76e981b" testName="Test003" computerName="md" duration="00:00:00.0008775" startTime="2018-11-12T00:19:03.3655891-05:00" endTime="2018-11-12T00:19:03.3667422-05:00" testType="13cdc9d9-ddb5-4fa4-a97d-d965ccfc6d4b" outcome="Passed" testListId="8c84fa94-04c1-424b-9868-57a2d4851a1d" relativeResultsDirectory="4242a78a-359d-4d2b-8dde-f22f50069322" /><UnitTestResult executionId="7ea2143d-4719-4e6a-9ad9-17c94ad2ca8d" testId="ef0cd750-9b4f-6933-1395-c6a97552fe48" testName="Test017" computerName="md" duration="00:00:00.0020671" startTime="2018-11-12T00:19:00.9011223-05:00" endTime="2018-11-12T00:19:00.9032920-05:00" testType="13cdc9d9-ddb5-4fa4-a97d-d965ccfc6d4b" outcome="Passed" testListId="8c84fa94-04c1-424b-9868-57a2d4851a1d" relativeResultsDirectory="7ea2143d-4719-4e6a-9ad9-17c94ad2ca8d" /><UnitTestResult executionId="59375d5d-75a0-4468-9fd2-9335e572d7ce" testId="49890092-a59e-08e7-c213-3d05fb646fe3" testName="Test313" computerName="md" duration="00:00:00.0049220" startTime="2018-11-12T00:18:59.9759331-05:00" endTime="2018-11-12T00:18:59.9809696-05:00" testType="13cdc9d9-ddb5-4fa4-a97d-d965ccfc6d4b" outcome="Passed" testListId="8c84fa94-04c1-424b-9868-57a2d4851a1d" relativeResultsDirectory="59375d5d-75a0-4468-9fd2-9335e572d7ce" /><UnitTestResult executionId="7d9aa974-73a7-4c44-8f93-a4d298858a25" testId="42ce2a94-6394-b267-dc55-b141e213ae14" testName="Test025" computerName="md" duration="00:00:00.0043902" startTime="2018-11-12T00:19:02.9156981-05:00" endTime="2018-11-12T00:19:02.9201941-05:00" testType="13cdc9d9-ddb5-4fa4-a97d-d965ccfc6d4b" outcome="Passed" testListId="8c84fa94-04c1-424b-9868-57a2d4851a1d" relativeResultsDirectory="7d9aa974-73a7-4c44-8f93-a4d298858a25" /><UnitTestResult executionId="13bc0e20-9c06-4009-bd8e-dd991c518705" testId="4740e304-1d63-07c5-3c87-c19c572c7fe1" testName="Test009" computerName="md" duration="00:00:00.0060679" startTime="2018-11-12T00:19:00.3448254-05:00" endTime="2018-11-12T00:19:00.3509908-05:00" testType="13cdc9d9-ddb5-4fa4-a97d-d965ccfc6d4b" outcome="Passed" testListId="8c84fa94-04c1-424b-9868-57a2d4851a1d" relativeResultsDirectory="13bc0e20-9c06-4009-bd8e-dd991c518705" /><UnitTestResult executionId="547898f9-acc1-4f6a-8fe6-5ec4d4f364e0" testId="38a7c617-ad18-9517-f624-7facfd8d9111" testName="Test001" computerName="md" duration="00:00:00.0437842" startTime="2018-11-12T00:18:58.7649794-05:00" endTime="2018-11-12T00:18:58.8092928-05:00" testType="13cdc9d9-ddb5-4fa4-a97d-d965ccfc6d4b" outcome="Passed" testListId="8c84fa94-04c1-424b-9868-57a2d4851a1d" relativeResultsDirectory="547898f9-acc1-4f6a-8fe6-5ec4d4f364e0" /><UnitTestResult executionId="c54b4feb-592c-4e69-9561-8ca013d62890" testId="9bd48c48-fd7b-02b5-7cd0-bfad16b32e3a" testName="Test013" computerName="md" duration="00:00:00.0099831" startTime="2018-11-12T00:18:58.3075810-05:00" endTime="2018-11-12T00:18:58.3177290-05:00" testType="13cdc9d9-ddb5-4fa4-a97d-d965ccfc6d4b" outcome="Passed" testListId="8c84fa94-04c1-424b-9868-57a2d4851a1d" relativeResultsDirectory="c54b4feb-592c-4e69-9561-8ca013d62890" /><UnitTestResult executionId="44987483-9607-45cb-bf68-f4b725566382" testId="c0d19a73-f8b1-a426-ffa9-4239073ca1f2" testName="Test012" computerName="md" duration="00:00:00.0014492" startTime="2018-11-12T00:19:02.6955636-05:00" endTime="2018-11-12T00:19:02.6971225-05:00" testType="13cdc9d9-ddb5-4fa4-a97d-d965ccfc6d4b" outcome="Passed" testListId="8c84fa94-04c1-424b-9868-57a2d4851a1d" relativeResultsDirectory="44987483-9607-45cb-bf68-f4b725566382" /><UnitTestResult executionId="fe08bf9b-02db-4bbf-b742-a63ba5973eaf" testId="ff36deed-a6bb-90fd-10a9-bb0cf5c7b72f" testName="Test019" computerName="md" duration="00:00:00.0089906" startTime="2018-11-12T00:19:01.0824535-05:00" endTime="2018-11-12T00:19:01.0915583-05:00" testType="13cdc9d9-ddb5-4fa4-a97d-d965ccfc6d4b" outcome="Passed" testListId="8c84fa94-04c1-424b-9868-57a2d4851a1d" relativeResultsDirectory="fe08bf9b-02db-4bbf-b742-a63ba5973eaf" /><UnitTestResult executionId="60cf0727-4396-42a4-9457-d4d4be95670a" testId="327a0908-8ca4-b6d5-4a00-79efbbe74700" testName="Test013" computerName="md" duration="00:00:00.0045161" startTime="2018-11-12T00:19:02.9809023-05:00" endTime="2018-11-12T00:19:02.9855531-05:00" testType="13cdc9d9-ddb5-4fa4-a97d-d965ccfc6d4b" outcome="Passed" testListId="8c84fa94-04c1-424b-9868-57a2d4851a1d" relativeResultsDirectory="60cf0727-4396-42a4-9457-d4d4be95670a" /><UnitTestResult executionId="cfaf39bf-aad4-4163-b109-18cd3d5481e2" testId="cf929d4b-a3c7-46d7-934a-441f849dfade" testName="Test011" computerName="md" duration="00:00:00.0000128" startTime="2018-11-12T00:19:03.0682710-05:00" endTime="2018-11-12T00:19:03.0683880-05:00" testType="13cdc9d9-ddb5-4fa4-a97d-d965ccfc6d4b" outcome="Passed" testListId="8c84fa94-04c1-424b-9868-57a2d4851a1d" relativeResultsDirectory="cfaf39bf-aad4-4163-b109-18cd3d5481e2" /><UnitTestResult executionId="2050e6b4-a4d8-4f2b-aad4-406cebbf5e6d" testId="a318d8ca-01fa-a4c9-06c2-aba6589bdf34" testName="Test028" computerName="md" duration="00:00:00.0000517" startTime="2018-11-12T00:19:03.2552427-05:00" endTime="2018-11-12T00:19:03.2553877-05:00" testType="13cdc9d9-ddb5-4fa4-a97d-d965ccfc6d4b" outcome="Passed" testListId="8c84fa94-04c1-424b-9868-57a2d4851a1d" relativeResultsDirectory="2050e6b4-a4d8-4f2b-aad4-406cebbf5e6d" /><UnitTestResult executionId="e10ee30f-39fa-4ed5-b95c-b9abd402163a" testId="4566f2f5-2af7-7a30-bc35-2e0c005bdb11" testName="Test029" computerName="md" duration="00:00:00.0000670" startTime="2018-11-12T00:19:03.1061186-05:00" endTime="2018-11-12T00:19:03.1063141-05:00" testType="13cdc9d9-ddb5-4fa4-a97d-d965ccfc6d4b" outcome="Passed" testListId="8c84fa94-04c1-424b-9868-57a2d4851a1d" relativeResultsDirectory="e10ee30f-39fa-4ed5-b95c-b9abd402163a" /><UnitTestResult executionId="1dc2e02d-b774-4269-b283-6b9cdbfe01b2" testId="4c9c25d4-55f7-d5ba-7993-f8fee23122c8" testName="Test003" computerName="md" duration="00:00:00.0015318" startTime="2018-11-12T00:18:59.1589054-05:00" endTime="2018-11-12T00:18:59.1605311-05:00" testType="13cdc9d9-ddb5-4fa4-a97d-d965ccfc6d4b" outcome="Passed" testListId="8c84fa94-04c1-424b-9868-57a2d4851a1d" relativeResultsDirectory="1dc2e02d-b774-4269-b283-6b9cdbfe01b2" /><UnitTestResult executionId="b6842a82-0f5e-489d-af72-57c067b9996f" testId="15f6b817-d797-bd34-5059-79602fcb3695" testName="Test022" computerName="md" duration="00:00:00.0000317" startTime="2018-11-12T00:19:03.1034674-05:00" endTime="2018-11-12T00:19:03.1036035-05:00" testType="13cdc9d9-ddb5-4fa4-a97d-d965ccfc6d4b" outcome="Passed" testListId="8c84fa94-04c1-424b-9868-57a2d4851a1d" relativeResultsDirectory="b6842a82-0f5e-489d-af72-57c067b9996f" /><UnitTestResult executionId="7cbb8741-c73e-4a4b-b4f6-7ba024fe26c8" testId="05c55dac-f365-869c-1342-081dcb33b248" testName="Test001" computerName="md" duration="00:00:00.0020992" startTime="2018-11-12T00:19:02.7463800-05:00" endTime="2018-11-12T00:19:02.7492041-05:00" testType="13cdc9d9-ddb5-4fa4-a97d-d965ccfc6d4b" outcome="Passed" testListId="8c84fa94-04c1-424b-9868-57a2d4851a1d" relativeResultsDirectory="7cbb8741-c73e-4a4b-b4f6-7ba024fe26c8" /><UnitTestResult executionId="fb9c6ae4-c55a-44d6-91b5-3a89a69b78b2" testId="50387757-5b2b-4752-6d4b-fac82d979fd1" testName="Test016" computerName="md" duration="00:00:00.0179257" startTime="2018-11-12T00:18:58.3401415-05:00" endTime="2018-11-12T00:18:58.3582302-05:00" testType="13cdc9d9-ddb5-4fa4-a97d-d965ccfc6d4b" outcome="Passed" testListId="8c84fa94-04c1-424b-9868-57a2d4851a1d" relativeResultsDirectory="fb9c6ae4-c55a-44d6-91b5-3a89a69b78b2" /><UnitTestResult executionId="bd7a8f93-9ef0-4cf9-a776-584cf1d10f43" testId="6e42aef6-4adf-982f-6828-b1a1c7e486a5" testName="Test035" computerName="md" duration="00:00:00.0000444" startTime="2018-11-12T00:19:03.1160722-05:00" endTime="2018-11-12T00:19:03.1162166-05:00" testType="13cdc9d9-ddb5-4fa4-a97d-d965ccfc6d4b" outcome="Passed" testListId="8c84fa94-04c1-424b-9868-57a2d4851a1d" relativeResultsDirectory="bd7a8f93-9ef0-4cf9-a776-584cf1d10f43" /><UnitTestResult executionId="7747dffc-f51b-46c9-bcb3-8ee345a5568e" testId="934f5b28-16e1-1439-d7da-f00458cdbe75" testName="Test025" computerName="md" duration="00:00:00.0096038" startTime="2018-11-12T00:19:03.6310460-05:00" endTime="2018-11-12T00:19:03.6407723-05:00" testType="13cdc9d9-ddb5-4fa4-a97d-d965ccfc6d4b" outcome="Passed" testListId="8c84fa94-04c1-424b-9868-57a2d4851a1d" relativeResultsDirectory="7747dffc-f51b-46c9-bcb3-8ee345a5568e" /><UnitTestResult executionId="730c2fef-30ed-4efd-ba23-e19e54d46de4" testId="fb425109-8484-ef37-9cc9-62d3d3c11191" testName="Test009" computerName="md" duration="00:00:00.0000255" startTime="2018-11-12T00:19:03.2867152-05:00" endTime="2018-11-12T00:19:03.2868393-05:00" testType="13cdc9d9-ddb5-4fa4-a97d-d965ccfc6d4b" outcome="Passed" testListId="8c84fa94-04c1-424b-9868-57a2d4851a1d" relativeResultsDirectory="730c2fef-30ed-4efd-ba23-e19e54d46de4" /><UnitTestResult executionId="71852777-57d0-4a3d-bf47-7770a8cf36a8" testId="110659d9-d20d-d18e-df15-6632e26e8c73" testName="Test032" computerName="md" duration="00:00:00.0151816" startTime="2018-11-12T00:18:58.5854659-05:00" endTime="2018-11-12T00:18:58.6007681-05:00" testType="13cdc9d9-ddb5-4fa4-a97d-d965ccfc6d4b" outcome="Passed" testListId="8c84fa94-04c1-424b-9868-57a2d4851a1d" relativeResultsDirectory="71852777-57d0-4a3d-bf47-7770a8cf36a8" /><UnitTestResult executionId="89ca0e48-3ed9-435b-bd32-f9d6bd2fcd46" testId="872eeae3-911d-2e3a-0019-0c164df8e8b9" testName="Test007" computerName="md" duration="00:00:00.0000211" startTime="2018-11-12T00:19:03.2761865-05:00" endTime="2018-11-12T00:19:03.2763144-05:00" testType="13cdc9d9-ddb5-4fa4-a97d-d965ccfc6d4b" outcome="Passed" testListId="8c84fa94-04c1-424b-9868-57a2d4851a1d" relativeResultsDirectory="89ca0e48-3ed9-435b-bd32-f9d6bd2fcd46" /><UnitTestResult executionId="87497b47-c860-4744-adbd-694519a9c0ea" testId="e0abf0aa-bc04-627e-67a6-aef3a2471b31" testName="Test029" computerName="md" duration="00:00:00.0070543" startTime="2018-11-12T00:19:00.5098402-05:00" endTime="2018-11-12T00:19:00.5169922-05:00" testType="13cdc9d9-ddb5-4fa4-a97d-d965ccfc6d4b" outcome="Passed" testListId="8c84fa94-04c1-424b-9868-57a2d4851a1d" relativeResultsDirectory="87497b47-c860-4744-adbd-694519a9c0ea" /><UnitTestResult executionId="b78646ef-bc72-44b3-b0db-59670b1c9731" testId="92e3919f-4c05-fad0-8c9f-1ffa03ffff76" testName="Test002" computerName="md" duration="00:00:00.0013620" startTime="2018-11-12T00:19:02.5861596-05:00" endTime="2018-11-12T00:19:02.5877032-05:00" testType="13cdc9d9-ddb5-4fa4-a97d-d965ccfc6d4b" outcome="Passed" testListId="8c84fa94-04c1-424b-9868-57a2d4851a1d" relativeResultsDirectory="b78646ef-bc72-44b3-b0db-59670b1c9731" /><UnitTestResult executionId="779a611d-42d3-4c0c-9e50-0aa95752c11f" testId="fc86e6d1-6316-323c-e2ed-877a340244fb" testName="Test033" computerName="md" duration="00:00:00.0000214" startTime="2018-11-12T00:19:03.3909751-05:00" endTime="2018-11-12T00:19:03.3910928-05:00" testType="13cdc9d9-ddb5-4fa4-a97d-d965ccfc6d4b" outcome="Passed" testListId="8c84fa94-04c1-424b-9868-57a2d4851a1d" relativeResultsDirectory="779a611d-42d3-4c0c-9e50-0aa95752c11f" /><UnitTestResult executionId="86027c0e-c14b-4a85-9928-17bc5649410a" testId="93efcaab-ff31-5812-5da2-b5cda6e2000b" testName="Test001" computerName="md" duration="00:00:00.0003523" startTime="2018-11-12T00:19:03.3646530-05:00" endTime="2018-11-12T00:19:03.3653232-05:00" testType="13cdc9d9-ddb5-4fa4-a97d-d965ccfc6d4b" outcome="Passed" testListId="8c84fa94-04c1-424b-9868-57a2d4851a1d" relativeResultsDirectory="86027c0e-c14b-4a85-9928-17bc5649410a" /><UnitTestResult executionId="bbcb837b-0c39-4972-b3d0-7688e702c713" testId="d72666bb-9123-d707-9c79-3602a5b134ac" testName="Test028" computerName="md" duration="00:00:00.0012987" startTime="2018-11-12T00:19:03.1046975-05:00" endTime="2018-11-12T00:19:03.1061051-05:00" testType="13cdc9d9-ddb5-4fa4-a97d-d965ccfc6d4b" outcome="Passed" testListId="8c84fa94-04c1-424b-9868-57a2d4851a1d" relativeResultsDirectory="bbcb837b-0c39-4972-b3d0-7688e702c713" /><UnitTestResult executionId="e0c00a04-b1d9-48e6-b356-63991b487bca" testId="c35de5d5-decb-3e17-4017-80daef37f4df" testName="Test006" computerName="md" duration="00:00:00.0000098" startTime="2018-11-12T00:19:03.4053485-05:00" endTime="2018-11-12T00:19:03.4054589-05:00" testType="13cdc9d9-ddb5-4fa4-a97d-d965ccfc6d4b" outcome="Passed" testListId="8c84fa94-04c1-424b-9868-57a2d4851a1d" relativeResultsDirectory="e0c00a04-b1d9-48e6-b356-63991b487bca" /><UnitTestResult executionId="ba598ae6-67c4-488e-a751-38380732675d" testId="9bafb74c-e31e-c33b-b658-bd6d58241c30" testName="Test049" computerName="md" duration="00:00:00.0037126" startTime="2018-11-12T00:18:59.4628467-05:00" endTime="2018-11-12T00:18:59.4666487-05:00" testType="13cdc9d9-ddb5-4fa4-a97d-d965ccfc6d4b" outcome="Passed" testListId="8c84fa94-04c1-424b-9868-57a2d4851a1d" relativeResultsDirectory="ba598ae6-67c4-488e-a751-38380732675d" /><UnitTestResult executionId="0df631e3-60fb-4da7-b917-1fc4e4392a47" testId="8f9c359b-d656-a77b-ba9e-b2344704895f" testName="Test249" computerName="md" duration="00:00:00.0049268" startTime="2018-11-12T00:18:59.8870628-05:00" endTime="2018-11-12T00:18:59.8921097-05:00" testType="13cdc9d9-ddb5-4fa4-a97d-d965ccfc6d4b" outcome="Passed" testListId="8c84fa94-04c1-424b-9868-57a2d4851a1d" relativeResultsDirectory="0df631e3-60fb-4da7-b917-1fc4e4392a47" /><UnitTestResult executionId="f53e576c-3f23-4d06-9419-005d630cafc6" testId="abbc2151-b923-2266-d2ea-290074403823" testName="Test009" computerName="md" duration="00:00:00.0006984" startTime="2018-11-12T00:19:01.8243281-05:00" endTime="2018-11-12T00:19:01.8251156-05:00" testType="13cdc9d9-ddb5-4fa4-a97d-d965ccfc6d4b" outcome="Passed" testListId="8c84fa94-04c1-424b-9868-57a2d4851a1d" relativeResultsDirectory="f53e576c-3f23-4d06-9419-005d630cafc6" /><UnitTestResult executionId="5173c2f9-c225-4707-ba7e-93e9bd3eb914" testId="cfdcb8c8-8429-faf0-3f04-ddaa6d3bdd11" testName="Test045" computerName="md" duration="00:00:00.0000386" startTime="2018-11-12T00:19:03.1260661-05:00" endTime="2018-11-12T00:19:03.1262125-05:00" testType="13cdc9d9-ddb5-4fa4-a97d-d965ccfc6d4b" outcome="Passed" testListId="8c84fa94-04c1-424b-9868-57a2d4851a1d" relativeResultsDirectory="5173c2f9-c225-4707-ba7e-93e9bd3eb914" /><UnitTestResult executionId="1998d4e4-7d8e-4a11-8ca1-4d6671ed2d71" testId="437336a2-3924-d5c8-7b35-d568f1cf5a94" testName="Test020" computerName="md" duration="00:00:00.0025909" startTime="2018-11-12T00:19:01.9615101-05:00" endTime="2018-11-12T00:19:01.9642667-05:00" testType="13cdc9d9-ddb5-4fa4-a97d-d965ccfc6d4b" outcome="Passed" testListId="8c84fa94-04c1-424b-9868-57a2d4851a1d" relativeResultsDirectory="1998d4e4-7d8e-4a11-8ca1-4d6671ed2d71" /><UnitTestResult executionId="46b4170b-2c99-4b36-bf17-c9e4a1fa99d9" testId="00c10fac-c3b9-5836-3f25-7f26a7189139" testName="Test019" computerName="md" duration="00:00:00.0000349" startTime="2018-11-12T00:19:03.3545980-05:00" endTime="2018-11-12T00:19:03.3547341-05:00" testType="13cdc9d9-ddb5-4fa4-a97d-d965ccfc6d4b" outcome="Passed" testListId="8c84fa94-04c1-424b-9868-57a2d4851a1d" relativeResultsDirectory="46b4170b-2c99-4b36-bf17-c9e4a1fa99d9" /><UnitTestResult executionId="9d4c8ff5-2151-42e9-ab85-5c5732363a6a" testId="a13a70d2-c69b-cd6e-4cfd-48cbca950e35" testName="Test024" computerName="md" duration="00:00:00.0000458" startTime="2018-11-12T00:19:03.2546337-05:00" endTime="2018-11-12T00:19:03.2547754-05:00" testType="13cdc9d9-ddb5-4fa4-a97d-d965ccfc6d4b" outcome="Passed" testListId="8c84fa94-04c1-424b-9868-57a2d4851a1d" relativeResultsDirectory="9d4c8ff5-2151-42e9-ab85-5c5732363a6a" /><UnitTestResult executionId="106567d6-973c-4a6f-91b0-e6c0d5fc6812" testId="0bfaa50b-e220-fcfc-04eb-4755b3ffad12" testName="Test006" computerName="md" duration="00:00:00.0029916" startTime="2018-11-12T00:19:02.6141443-05:00" endTime="2018-11-12T00:19:02.6173480-05:00" testType="13cdc9d9-ddb5-4fa4-a97d-d965ccfc6d4b" outcome="Passed" testListId="8c84fa94-04c1-424b-9868-57a2d4851a1d" relativeResultsDirectory="106567d6-973c-4a6f-91b0-e6c0d5fc6812" /><UnitTestResult executionId="cc19bfcc-79e1-42cb-942a-7375749f335d" testId="0b2e8570-121f-4bac-9e86-8880ae79177f" testName="Test008" computerName="md" duration="00:00:00.0033588" startTime="2018-11-12T00:19:00.8544164-05:00" endTime="2018-11-12T00:19:00.8578654-05:00" testType="13cdc9d9-ddb5-4fa4-a97d-d965ccfc6d4b" outcome="Passed" testListId="8c84fa94-04c1-424b-9868-57a2d4851a1d" relativeResultsDirectory="cc19bfcc-79e1-42cb-942a-7375749f335d" /><UnitTestResult executionId="64166edc-1275-474c-9bbc-eb73e7337e0b" testId="74c6d2de-a4dd-8016-0faf-bb9049558437" testName="Test012" computerName="md" duration="00:00:00.0000132" startTime="2018-11-12T00:19:03.4133000-05:00" endTime="2018-11-12T00:19:03.4134165-05:00" testType="13cdc9d9-ddb5-4fa4-a97d-d965ccfc6d4b" outcome="Passed" testListId="8c84fa94-04c1-424b-9868-57a2d4851a1d" relativeResultsDirectory="64166edc-1275-474c-9bbc-eb73e7337e0b" /><UnitTestResult executionId="c89622f7-558d-499d-89f9-fc2d50dd04ab" testId="49428186-7bba-b2b4-e635-5f051b45ee37" testName="Test028" computerName="md" duration="00:00:00.0042201" startTime="2018-11-12T00:19:01.9966728-05:00" endTime="2018-11-12T00:19:02.0010105-05:00" testType="13cdc9d9-ddb5-4fa4-a97d-d965ccfc6d4b" outcome="Passed" testListId="8c84fa94-04c1-424b-9868-57a2d4851a1d" relativeResultsDirectory="c89622f7-558d-499d-89f9-fc2d50dd04ab" /><UnitTestResult executionId="007b1c55-5854-4a1a-9d4d-90ea81419d7b" testId="15da13f8-d4cb-0357-3c4f-4e778c7f62cc" testName="Test001" computerName="md" duration="00:00:00.0097870" startTime="2018-11-12T00:18:58.6433251-05:00" endTime="2018-11-12T00:18:58.6539395-05:00" testType="13cdc9d9-ddb5-4fa4-a97d-d965ccfc6d4b" outcome="Passed" testListId="8c84fa94-04c1-424b-9868-57a2d4851a1d" relativeResultsDirectory="007b1c55-5854-4a1a-9d4d-90ea81419d7b" /><UnitTestResult executionId="16563532-dcc7-45e0-bf57-ee2b049376c0" testId="aa671497-2078-c665-f795-72f68eb3a7e0" testName="Test008" computerName="md" duration="00:00:00.0001723" startTime="2018-11-12T00:19:01.8431297-05:00" endTime="2018-11-12T00:19:01.8434119-05:00" testType="13cdc9d9-ddb5-4fa4-a97d-d965ccfc6d4b" outcome="Passed" testListId="8c84fa94-04c1-424b-9868-57a2d4851a1d" relativeResultsDirectory="16563532-dcc7-45e0-bf57-ee2b049376c0" /><UnitTestResult executionId="8fd7b9a8-f78a-4feb-be61-9aee87deda6a" testId="5e968c1c-047b-b8d7-2aaf-a1bf88289d8a" testName="Test016" computerName="md" duration="00:00:00.0025649" startTime="2018-11-12T00:19:02.6589044-05:00" endTime="2018-11-12T00:19:02.6615780-05:00" testType="13cdc9d9-ddb5-4fa4-a97d-d965ccfc6d4b" outcome="Passed" testListId="8c84fa94-04c1-424b-9868-57a2d4851a1d" relativeResultsDirectory="8fd7b9a8-f78a-4feb-be61-9aee87deda6a" /><UnitTestResult executionId="0269b756-ca73-4eb8-9d08-425a20560db7" testId="8a9046bf-5ad7-72a3-7d5e-34469734d542" testName="Test004" computerName="md" duration="00:00:00.0021837" startTime="2018-11-12T00:18:59.1605532-05:00" endTime="2018-11-12T00:18:59.1628257-05:00" testType="13cdc9d9-ddb5-4fa4-a97d-d965ccfc6d4b" outcome="Passed" testListId="8c84fa94-04c1-424b-9868-57a2d4851a1d" relativeResultsDirectory="0269b756-ca73-4eb8-9d08-425a20560db7" /><UnitTestResult executionId="394e723f-7f12-46ff-aaa6-9f2995537b2b" testId="24c4882e-01b0-aac2-04ab-1b39f494dc02" testName="Test024" computerName="md" duration="00:00:00.0182256" startTime="2018-11-12T00:18:58.0052758-05:00" endTime="2018-11-12T00:18:58.0237264-05:00" testType="13cdc9d9-ddb5-4fa4-a97d-d965ccfc6d4b" outcome="Passed" testListId="8c84fa94-04c1-424b-9868-57a2d4851a1d" relativeResultsDirectory="394e723f-7f12-46ff-aaa6-9f2995537b2b" /><UnitTestResult executionId="e88c948e-b90e-407d-93c1-7fa37900f13c" testId="d53a1399-0431-00fe-7423-614ef21ddf6d" testName="Test021" computerName="md" duration="00:00:00.0018040" startTime="2018-11-12T00:18:58.6677772-05:00" endTime="2018-11-12T00:18:58.6696709-05:00" testType="13cdc9d9-ddb5-4fa4-a97d-d965ccfc6d4b" outcome="Passed" testListId="8c84fa94-04c1-424b-9868-57a2d4851a1d" relativeResultsDirectory="e88c948e-b90e-407d-93c1-7fa37900f13c" /><UnitTestResult executionId="10af94cd-92d3-4ae3-98bf-6f0f1dfedba3" testId="4682cae7-35c8-9aca-1ca3-df5298f7884f" testName="Test021" computerName="md" duration="00:00:00.0031258" startTime="2018-11-12T00:19:01.9642865-05:00" endTime="2018-11-12T00:19:01.9675306-05:00" testType="13cdc9d9-ddb5-4fa4-a97d-d965ccfc6d4b" outcome="Passed" testListId="8c84fa94-04c1-424b-9868-57a2d4851a1d" relativeResultsDirectory="10af94cd-92d3-4ae3-98bf-6f0f1dfedba3" /><UnitTestResult executionId="dd3e3f6e-ea66-4888-b006-3d9723fc2e07" testId="6079c4dc-9370-0a3a-fbaf-1414c6a92318" testName="Test026" computerName="md" duration="00:00:00.0134708" startTime="2018-11-12T00:18:58.0370751-05:00" endTime="2018-11-12T00:18:58.0507915-05:00" testType="13cdc9d9-ddb5-4fa4-a97d-d965ccfc6d4b" outcome="Passed" testListId="8c84fa94-04c1-424b-9868-57a2d4851a1d" relativeResultsDirectory="dd3e3f6e-ea66-4888-b006-3d9723fc2e07" /><UnitTestResult executionId="940a4ac1-2d0b-4ead-8b05-fd2e3fbfe9e9" testId="00b7c2e2-4cdd-1a3b-cca5-896e88e2cc31" testName="Test315" computerName="md" duration="00:00:00.0049297" startTime="2018-11-12T00:18:59.9860394-05:00" endTime="2018-11-12T00:18:59.9910765-05:00" testType="13cdc9d9-ddb5-4fa4-a97d-d965ccfc6d4b" outcome="Passed" testListId="8c84fa94-04c1-424b-9868-57a2d4851a1d" relativeResultsDirectory="940a4ac1-2d0b-4ead-8b05-fd2e3fbfe9e9" /><UnitTestResult executionId="88939738-99ef-4483-a046-d32471a75000" testId="89373945-6b3a-c3ca-c756-5bc199bbf6db" testName="Test016" computerName="md" duration="00:00:00.0051819" startTime="2018-11-12T00:19:02.4013717-05:00" endTime="2018-11-12T00:19:02.4067303-05:00" testType="13cdc9d9-ddb5-4fa4-a97d-d965ccfc6d4b" outcome="Passed" testListId="8c84fa94-04c1-424b-9868-57a2d4851a1d" relativeResultsDirectory="88939738-99ef-4483-a046-d32471a75000" /><UnitTestResult executionId="ac6b0d20-8e0a-46d7-b54d-7f3a8c167308" testId="c19df989-b16f-1a1f-f6f7-5b1ea20800a9" testName="Test008" computerName="md" duration="00:00:00.0064411" startTime="2018-11-12T00:18:58.9513707-05:00" endTime="2018-11-12T00:18:58.9579190-05:00" testType="13cdc9d9-ddb5-4fa4-a97d-d965ccfc6d4b" outcome="Passed" testListId="8c84fa94-04c1-424b-9868-57a2d4851a1d" relativeResultsDirectory="ac6b0d20-8e0a-46d7-b54d-7f3a8c167308" /><UnitTestResult executionId="160c2d58-0ccf-4cd8-a18f-b109546ba93a" testId="40fa0de4-89cd-8145-436a-b2b8b4b702c2" testName="Test005" computerName="md" duration="00:00:00.0039817" startTime="2018-11-12T00:19:00.9806810-05:00" endTime="2018-11-12T00:19:00.9847556-05:00" testType="13cdc9d9-ddb5-4fa4-a97d-d965ccfc6d4b" outcome="Passed" testListId="8c84fa94-04c1-424b-9868-57a2d4851a1d" relativeResultsDirectory="160c2d58-0ccf-4cd8-a18f-b109546ba93a" /><UnitTestResult executionId="1629b5d3-951c-4a7a-9dbd-731421bf5a4b" testId="1a0b6c55-35c0-c584-2b5a-ee9f5aff57db" testName="Test015" computerName="md" duration="00:00:00.0001746" startTime="2018-11-12T00:19:01.8564406-05:00" endTime="2018-11-12T00:19:01.8567237-05:00" testType="13cdc9d9-ddb5-4fa4-a97d-d965ccfc6d4b" outcome="Passed" testListId="8c84fa94-04c1-424b-9868-57a2d4851a1d" relativeResultsDirectory="1629b5d3-951c-4a7a-9dbd-731421bf5a4b" /><UnitTestResult executionId="0038dcb3-84cf-4100-97ec-a7f4ff744e5d" testId="3c5c7deb-b121-4576-7f4f-338b08f78058" testName="Test234" computerName="md" duration="00:00:00.0044106" startTime="2018-11-12T00:18:59.8463547-05:00" endTime="2018-11-12T00:18:59.8508700-05:00" testType="13cdc9d9-ddb5-4fa4-a97d-d965ccfc6d4b" outcome="Passed" testListId="8c84fa94-04c1-424b-9868-57a2d4851a1d" relativeResultsDirectory="0038dcb3-84cf-4100-97ec-a7f4ff744e5d" /><UnitTestResult executionId="69b5a8dc-7c30-4d87-9514-dfd53180f294" testId="fdfd6f8e-4804-1d33-cd6d-98114aec0124" testName="Test003" computerName="md" duration="00:00:00.0007535" startTime="2018-11-12T00:19:02.2508742-05:00" endTime="2018-11-12T00:19:02.2517308-05:00" testType="13cdc9d9-ddb5-4fa4-a97d-d965ccfc6d4b" outcome="Passed" testListId="8c84fa94-04c1-424b-9868-57a2d4851a1d" relativeResultsDirectory="69b5a8dc-7c30-4d87-9514-dfd53180f294" /><UnitTestResult executionId="7075fb55-e6c1-4225-a020-8f47f6306f32" testId="36ea2217-5e4d-82a2-5d59-c9d5cecc4461" testName="Test007" computerName="md" duration="00:00:00.0038497" startTime="2018-11-12T00:19:00.1936494-05:00" endTime="2018-11-12T00:19:00.1975969-05:00" testType="13cdc9d9-ddb5-4fa4-a97d-d965ccfc6d4b" outcome="Passed" testListId="8c84fa94-04c1-424b-9868-57a2d4851a1d" relativeResultsDirectory="7075fb55-e6c1-4225-a020-8f47f6306f32" /><UnitTestResult executionId="dc30001a-64a4-467f-bebc-d04c5173bcd4" testId="6dd9b370-bf36-96d7-831a-7622a51058e8" testName="Test003" computerName="md" duration="00:00:00.0000157" startTime="2018-11-12T00:19:03.2633128-05:00" endTime="2018-11-12T00:19:03.2634287-05:00" testType="13cdc9d9-ddb5-4fa4-a97d-d965ccfc6d4b" outcome="Passed" testListId="8c84fa94-04c1-424b-9868-57a2d4851a1d" relativeResultsDirectory="dc30001a-64a4-467f-bebc-d04c5173bcd4" /><UnitTestResult executionId="7e809672-fb36-4c6c-a2d8-78b4af235256" testId="c7712fb0-e70a-4d1e-99de-a0c6eb5ff56e" testName="Test013" computerName="md" duration="00:00:00.0061347" startTime="2018-11-12T00:19:02.8330627-05:00" endTime="2018-11-12T00:19:02.8393470-05:00" testType="13cdc9d9-ddb5-4fa4-a97d-d965ccfc6d4b" outcome="Passed" testListId="8c84fa94-04c1-424b-9868-57a2d4851a1d" relativeResultsDirectory="7e809672-fb36-4c6c-a2d8-78b4af235256" /><UnitTestResult executionId="1091bbf5-65cd-4785-8f34-8fbf2a32c418" testId="bdba632f-b613-1e81-0a97-0be60e01eca9" testName="Test023" computerName="md" duration="00:00:00.0000394" startTime="2018-11-12T00:19:03.3551788-05:00" endTime="2018-11-12T00:19:03.3553235-05:00" testType="13cdc9d9-ddb5-4fa4-a97d-d965ccfc6d4b" outcome="Passed" testListId="8c84fa94-04c1-424b-9868-57a2d4851a1d" relativeResultsDirectory="1091bbf5-65cd-4785-8f34-8fbf2a32c418" /><UnitTestResult executionId="4721121f-5c76-462c-9a8e-81c3cc613a57" testId="9700c6e9-953e-a94e-6746-bf6adeea4d49" testName="Test009" computerName="md" duration="00:00:00.0071987" startTime="2018-11-12T00:19:03.4807566-05:00" endTime="2018-11-12T00:19:03.4880538-05:00" testType="13cdc9d9-ddb5-4fa4-a97d-d965ccfc6d4b" outcome="Passed" testListId="8c84fa94-04c1-424b-9868-57a2d4851a1d" relativeResultsDirectory="4721121f-5c76-462c-9a8e-81c3cc613a57" /><UnitTestResult executionId="b7320e5b-315c-4cc3-a4e2-a1be48d51e17" testId="c8ea29e6-37ea-25bb-f77f-eb7abe6b9b1f" testName="Test023" computerName="md" duration="00:00:00.0038241" startTime="2018-11-12T00:19:00.9283744-05:00" endTime="2018-11-12T00:19:00.9322951-05:00" testType="13cdc9d9-ddb5-4fa4-a97d-d965ccfc6d4b" outcome="Passed" testListId="8c84fa94-04c1-424b-9868-57a2d4851a1d" relativeResultsDirectory="b7320e5b-315c-4cc3-a4e2-a1be48d51e17" /><UnitTestResult executionId="56e094b9-873a-473f-849a-de1aded3af32" testId="40cf671e-d14e-b22f-1835-457aaf3db698" testName="Test025" computerName="md" duration="00:00:00.0000347" startTime="2018-11-12T00:19:03.3642039-05:00" endTime="2018-11-12T00:19:03.3643450-05:00" testType="13cdc9d9-ddb5-4fa4-a97d-d965ccfc6d4b" outcome="Passed" testListId="8c84fa94-04c1-424b-9868-57a2d4851a1d" relativeResultsDirectory="56e094b9-873a-473f-849a-de1aded3af32" /><UnitTestResult executionId="bc04ce91-7a45-4822-a6a5-847eafdf6a7a" testId="61ccca46-a516-a934-3842-a3bb67122477" testName="Test083" computerName="md" duration="00:00:00.0024581" startTime="2018-11-12T00:18:58.7257450-05:00" endTime="2018-11-12T00:18:58.7282981-05:00" testType="13cdc9d9-ddb5-4fa4-a97d-d965ccfc6d4b" outcome="Passed" testListId="8c84fa94-04c1-424b-9868-57a2d4851a1d" relativeResultsDirectory="bc04ce91-7a45-4822-a6a5-847eafdf6a7a" /><UnitTestResult executionId="55ca435a-b0ad-4195-bac8-7e5aa926307b" testId="cce52bdb-5496-0513-f0ec-53a3ccaab668" testName="Test015" computerName="md" duration="00:00:00.0039079" startTime="2018-11-12T00:18:59.3749449-05:00" endTime="2018-11-12T00:18:59.3790159-05:00" testType="13cdc9d9-ddb5-4fa4-a97d-d965ccfc6d4b" outcome="Passed" testListId="8c84fa94-04c1-424b-9868-57a2d4851a1d" relativeResultsDirectory="55ca435a-b0ad-4195-bac8-7e5aa926307b" /><UnitTestResult executionId="7e5bcb19-c753-49c3-8335-a7b3385369fa" testId="8b47cc17-d1db-13a3-15dc-d4325559afeb" testName="Test036" computerName="md" duration="00:00:00.0087715" startTime="2018-11-12T00:19:01.2468491-05:00" endTime="2018-11-12T00:19:01.2557137-05:00" testType="13cdc9d9-ddb5-4fa4-a97d-d965ccfc6d4b" outcome="Passed" testListId="8c84fa94-04c1-424b-9868-57a2d4851a1d" relativeResultsDirectory="7e5bcb19-c753-49c3-8335-a7b3385369fa" /><UnitTestResult executionId="c5fb7c71-495d-4c02-8949-90dba6adea95" testId="1ecb68e8-69e4-055f-3850-83abb7e3e986" testName="Test013" computerName="md" duration="00:00:00.0000178" startTime="2018-11-12T00:19:03.3122673-05:00" endTime="2018-11-12T00:19:03.3123862-05:00" testType="13cdc9d9-ddb5-4fa4-a97d-d965ccfc6d4b" outcome="Passed" testListId="8c84fa94-04c1-424b-9868-57a2d4851a1d" relativeResultsDirectory="c5fb7c71-495d-4c02-8949-90dba6adea95" /><UnitTestResult executionId="20f79865-22b0-4d6d-80dc-ce6cff1d9f2d" testId="c1a8c90a-1468-e4a6-55a2-048eafb48291" testName="Test030" computerName="md" duration="00:00:00.0000526" startTime="2018-11-12T00:19:03.2619007-05:00" endTime="2018-11-12T00:19:03.2620599-05:00" testType="13cdc9d9-ddb5-4fa4-a97d-d965ccfc6d4b" outcome="Passed" testListId="8c84fa94-04c1-424b-9868-57a2d4851a1d" relativeResultsDirectory="20f79865-22b0-4d6d-80dc-ce6cff1d9f2d" /><UnitTestResult executionId="619376ce-5cd8-44b3-8401-5dcf2b0b5c7c" testId="50c7dc97-d3c7-472d-8aba-868470771726" testName="Test034" computerName="md" duration="00:00:00.0162812" startTime="2018-11-12T00:18:58.6184077-05:00" endTime="2018-11-12T00:18:58.6347932-05:00" testType="13cdc9d9-ddb5-4fa4-a97d-d965ccfc6d4b" outcome="Passed" testListId="8c84fa94-04c1-424b-9868-57a2d4851a1d" relativeResultsDirectory="619376ce-5cd8-44b3-8401-5dcf2b0b5c7c" /><UnitTestResult executionId="d9d646d5-e7c8-4d7e-b03f-cfd7830a5caf" testId="9cb7e4fa-bf07-51a6-336c-7e55adff8fe2" testName="Test026" computerName="md" duration="00:00:00.0086830" startTime="2018-11-12T00:19:02.4949307-05:00" endTime="2018-11-12T00:19:02.5039006-05:00" testType="13cdc9d9-ddb5-4fa4-a97d-d965ccfc6d4b" outcome="Passed" testListId="8c84fa94-04c1-424b-9868-57a2d4851a1d" relativeResultsDirectory="d9d646d5-e7c8-4d7e-b03f-cfd7830a5caf" /><UnitTestResult executionId="02a4b95d-5f5d-4fd9-9d98-63db55cbf756" testId="f473bbf8-a75d-3295-7d6e-8084322d15b5" testName="Test032" computerName="md" duration="00:00:00.0217134" startTime="2018-11-12T00:18:58.1319629-05:00" endTime="2018-11-12T00:18:58.1538722-05:00" testType="13cdc9d9-ddb5-4fa4-a97d-d965ccfc6d4b" outcome="Passed" testListId="8c84fa94-04c1-424b-9868-57a2d4851a1d" relativeResultsDirectory="02a4b95d-5f5d-4fd9-9d98-63db55cbf756" /><UnitTestResult executionId="980b8921-3a54-4832-90c8-1d7719a3eec9" testId="5c21650b-cdb1-7df9-f943-967ae17aa3ee" testName="Test001" computerName="md" duration="00:00:00.0002246" startTime="2018-11-12T00:19:03.1763605-05:00" endTime="2018-11-12T00:19:03.1768968-05:00" testType="13cdc9d9-ddb5-4fa4-a97d-d965ccfc6d4b" outcome="Passed" testListId="8c84fa94-04c1-424b-9868-57a2d4851a1d" relativeResultsDirectory="980b8921-3a54-4832-90c8-1d7719a3eec9" /><UnitTestResult executionId="7e3a8fd0-3190-4d3e-bfc3-7f7e3506c038" testId="9f16faa7-789c-6072-860d-4dbf992a264d" testName="Test007" computerName="md" duration="00:00:00.0010915" startTime="2018-11-12T00:18:59.1734494-05:00" endTime="2018-11-12T00:18:59.1746404-05:00" testType="13cdc9d9-ddb5-4fa4-a97d-d965ccfc6d4b" outcome="Passed" testListId="8c84fa94-04c1-424b-9868-57a2d4851a1d" relativeResultsDirectory="7e3a8fd0-3190-4d3e-bfc3-7f7e3506c038" /><UnitTestResult executionId="09efc07a-c68b-4d71-b23d-9dfaa1e5bf05" testId="9d57fcfa-e265-eb55-6d15-1698baf566ec" testName="Test216" computerName="md" duration="00:00:00.0046120" startTime="2018-11-12T00:18:59.7758265-05:00" endTime="2018-11-12T00:18:59.7805324-05:00" testType="13cdc9d9-ddb5-4fa4-a97d-d965ccfc6d4b" outcome="Passed" testListId="8c84fa94-04c1-424b-9868-57a2d4851a1d" relativeResultsDirectory="09efc07a-c68b-4d71-b23d-9dfaa1e5bf05" /><UnitTestResult executionId="d2f16004-d3e5-44c1-a36c-689dd1bf5829" testId="47be53cc-f99d-4e1b-19a8-490d12d34b6a" testName="Test057" computerName="md" duration="00:00:00.0104291" startTime="2018-11-12T00:19:01.4914918-05:00" endTime="2018-11-12T00:19:01.5020150-05:00" testType="13cdc9d9-ddb5-4fa4-a97d-d965ccfc6d4b" outcome="Passed" testListId="8c84fa94-04c1-424b-9868-57a2d4851a1d" relativeResultsDirectory="d2f16004-d3e5-44c1-a36c-689dd1bf5829" /><UnitTestResult executionId="081eb33d-6815-4edb-be51-243ef219820a" testId="3032cfa5-7993-2e05-e22f-3068a9414ad3" testName="Test031" computerName="md" duration="00:00:00.0036949" startTime="2018-11-12T00:18:59.4173405-05:00" endTime="2018-11-12T00:18:59.4211254-05:00" testType="13cdc9d9-ddb5-4fa4-a97d-d965ccfc6d4b" outcome="Passed" testListId="8c84fa94-04c1-424b-9868-57a2d4851a1d" relativeResultsDirectory="081eb33d-6815-4edb-be51-243ef219820a" /><UnitTestResult executionId="ae4a9d2e-249f-47cc-878c-4c5299453732" testId="43881b9e-6792-93ad-5dd6-39c45000b0a9" testName="Test049" computerName="md" duration="00:00:00.0052606" startTime="2018-11-12T00:19:02.1283879-05:00" endTime="2018-11-12T00:19:02.1337630-05:00" testType="13cdc9d9-ddb5-4fa4-a97d-d965ccfc6d4b" outcome="Passed" testListId="8c84fa94-04c1-424b-9868-57a2d4851a1d" relativeResultsDirectory="ae4a9d2e-249f-47cc-878c-4c5299453732" /><UnitTestResult executionId="8c3ebdc6-fccb-4bd0-b4fa-a289ea63aece" testId="96edd0f6-fb53-d17c-080b-833ae1da2d47" testName="Test036" computerName="md" duration="00:00:00.0000423" startTime="2018-11-12T00:19:03.1162280-05:00" endTime="2018-11-12T00:19:03.1163836-05:00" testType="13cdc9d9-ddb5-4fa4-a97d-d965ccfc6d4b" outcome="Passed" testListId="8c84fa94-04c1-424b-9868-57a2d4851a1d" relativeResultsDirectory="8c3ebdc6-fccb-4bd0-b4fa-a289ea63aece" /><UnitTestResult executionId="0d394879-f9aa-4b3d-8e21-a14a806b833e" testId="a54fc5fb-816a-ae6f-7aa6-6f4c7221c670" testName="Test406" computerName="md" duration="00:00:00.0070222" startTime="2018-11-12T00:18:59.2924079-05:00" endTime="2018-11-12T00:18:59.2996207-05:00" testType="13cdc9d9-ddb5-4fa4-a97d-d965ccfc6d4b" outcome="Passed" testListId="8c84fa94-04c1-424b-9868-57a2d4851a1d" relativeResultsDirectory="0d394879-f9aa-4b3d-8e21-a14a806b833e" /><UnitTestResult executionId="e6d2fcc7-43c8-4d85-8582-b586b885f835" testId="8053a371-a558-9405-0ba8-de80abdb0738" testName="Test002" computerName="md" duration="00:00:00.0008141" startTime="2018-11-12T00:19:00.2341768-05:00" endTime="2018-11-12T00:19:00.2350886-05:00" testType="13cdc9d9-ddb5-4fa4-a97d-d965ccfc6d4b" outcome="Passed" testListId="8c84fa94-04c1-424b-9868-57a2d4851a1d" relativeResultsDirectory="e6d2fcc7-43c8-4d85-8582-b586b885f835" /><UnitTestResult executionId="f93392e4-320c-4e30-b66b-bfb390f52551" testId="4faf95ff-ca20-5036-4b8f-c92a3d43594a" testName="Test008" computerName="md" duration="00:00:00.0000411" startTime="2018-11-12T00:19:03.4127066-05:00" endTime="2018-11-12T00:19:03.4128527-05:00" testType="13cdc9d9-ddb5-4fa4-a97d-d965ccfc6d4b" outcome="Passed" testListId="8c84fa94-04c1-424b-9868-57a2d4851a1d" relativeResultsDirectory="f93392e4-320c-4e30-b66b-bfb390f52551" /><UnitTestResult executionId="d0a4d195-fd21-4e4d-b49d-930f5da7836a" testId="bef79c06-afe5-a708-dce8-fb0e40711851" testName="Test002" computerName="md" duration="00:00:00.0001216" startTime="2018-11-12T00:19:01.7972042-05:00" endTime="2018-11-12T00:19:01.7974151-05:00" testType="13cdc9d9-ddb5-4fa4-a97d-d965ccfc6d4b" outcome="Passed" testListId="8c84fa94-04c1-424b-9868-57a2d4851a1d" relativeResultsDirectory="d0a4d195-fd21-4e4d-b49d-930f5da7836a" /><UnitTestResult executionId="af7aaaff-77a3-4690-993b-da42730ae207" testId="79855bcc-3738-910f-1a11-0390c30a8a63" testName="Test002" computerName="md" duration="00:00:00.0042233" startTime="2018-11-12T00:19:03.4280308-05:00" endTime="2018-11-12T00:19:03.4323528-05:00" testType="13cdc9d9-ddb5-4fa4-a97d-d965ccfc6d4b" outcome="Passed" testListId="8c84fa94-04c1-424b-9868-57a2d4851a1d" relativeResultsDirectory="af7aaaff-77a3-4690-993b-da42730ae207" /><UnitTestResult executionId="81177d32-9f75-4752-9050-95f6a5238500" testId="6c7714a7-411c-94a6-0e37-8c679b35d959" testName="Test004" computerName="md" duration="00:00:00.0001726" startTime="2018-11-12T00:19:01.8418610-05:00" endTime="2018-11-12T00:19:01.8421418-05:00" testType="13cdc9d9-ddb5-4fa4-a97d-d965ccfc6d4b" outcome="Passed" testListId="8c84fa94-04c1-424b-9868-57a2d4851a1d" relativeResultsDirectory="81177d32-9f75-4752-9050-95f6a5238500" /><UnitTestResult executionId="9c59b2e1-ae3f-40c4-92d2-1d8c0f495aa1" testId="2ee426a8-bf43-3d5b-15df-0d34303dee32" testName="Test005" computerName="md" duration="00:00:00.0004017" startTime="2018-11-12T00:19:01.7979557-05:00" endTime="2018-11-12T00:19:01.7984454-05:00" testType="13cdc9d9-ddb5-4fa4-a97d-d965ccfc6d4b" outcome="Passed" testListId="8c84fa94-04c1-424b-9868-57a2d4851a1d" relativeResultsDirectory="9c59b2e1-ae3f-40c4-92d2-1d8c0f495aa1" /><UnitTestResult executionId="46397406-2527-4868-b7d3-059152cfdb4c" testId="1c370170-3eeb-d0dd-0713-283ae7622b9b" testName="Test014" computerName="md" duration="00:00:00.0066920" startTime="2018-11-12T00:19:02.8393606-05:00" endTime="2018-11-12T00:19:02.8461520-05:00" testType="13cdc9d9-ddb5-4fa4-a97d-d965ccfc6d4b" outcome="Passed" testListId="8c84fa94-04c1-424b-9868-57a2d4851a1d" relativeResultsDirectory="46397406-2527-4868-b7d3-059152cfdb4c" /><UnitTestResult executionId="ae0ac32b-4a5c-4913-8b40-8db8b08d5cae" testId="c4c643b3-5de5-51e6-3988-9cc87cfc5d0b" testName="Test006" computerName="md" duration="00:00:00.0039033" startTime="2018-11-12T00:19:00.3229466-05:00" endTime="2018-11-12T00:19:00.3269869-05:00" testType="13cdc9d9-ddb5-4fa4-a97d-d965ccfc6d4b" outcome="Passed" testListId="8c84fa94-04c1-424b-9868-57a2d4851a1d" relativeResultsDirectory="ae0ac32b-4a5c-4913-8b40-8db8b08d5cae" /><UnitTestResult executionId="f7c7393b-5e35-4e3f-bf75-e9504763a8a9" testId="e28a82b3-0e11-0758-542a-ea51a24f04d7" testName="Test011" computerName="md" duration="00:00:00.0001841" startTime="2018-11-12T00:19:01.8254482-05:00" endTime="2018-11-12T00:19:01.8257268-05:00" testType="13cdc9d9-ddb5-4fa4-a97d-d965ccfc6d4b" outcome="Passed" testListId="8c84fa94-04c1-424b-9868-57a2d4851a1d" relativeResultsDirectory="f7c7393b-5e35-4e3f-bf75-e9504763a8a9" /><UnitTestResult executionId="964ee4bf-7b67-4606-8c02-87b82ebdb260" testId="9a4b9f12-11fd-e0e2-a7ce-d6d519f27b3d" testName="Test017" computerName="md" duration="00:00:00.0055683" startTime="2018-11-12T00:19:02.7183285-05:00" endTime="2018-11-12T00:19:02.7240193-05:00" testType="13cdc9d9-ddb5-4fa4-a97d-d965ccfc6d4b" outcome="Passed" testListId="8c84fa94-04c1-424b-9868-57a2d4851a1d" relativeResultsDirectory="964ee4bf-7b67-4606-8c02-87b82ebdb260" /><UnitTestResult executionId="e002b558-a556-4149-9c33-060e2cb621a4" testId="8d5b5193-7d0f-e835-af4d-602f81fe9fe6" testName="Test002" computerName="md" duration="00:00:00.0009595" startTime="2018-11-12T00:19:02.2271731-05:00" endTime="2018-11-12T00:19:02.2282362-05:00" testType="13cdc9d9-ddb5-4fa4-a97d-d965ccfc6d4b" outcome="Passed" testListId="8c84fa94-04c1-424b-9868-57a2d4851a1d" relativeResultsDirectory="e002b558-a556-4149-9c33-060e2cb621a4" /><UnitTestResult executionId="c7f20522-09bb-43d7-875a-3450885a7ba3" testId="29c8c3ef-8ecd-95a5-8421-f42557b5c869" testName="Test021" computerName="md" duration="00:00:00.0070871" startTime="2018-11-12T00:19:01.0994355-05:00" endTime="2018-11-12T00:19:01.1066253-05:00" testType="13cdc9d9-ddb5-4fa4-a97d-d965ccfc6d4b" outcome="Passed" testListId="8c84fa94-04c1-424b-9868-57a2d4851a1d" relativeResultsDirectory="c7f20522-09bb-43d7-875a-3450885a7ba3" /><UnitTestResult executionId="c2d6276f-1846-41b1-82ed-d4b85d2fbacd" testId="60f597cf-42ba-68a5-1d34-c82ea15b4af6" testName="Test217" computerName="md" duration="00:00:00.0045063" startTime="2018-11-12T00:18:59.7805638-05:00" endTime="2018-11-12T00:18:59.7851624-05:00" testType="13cdc9d9-ddb5-4fa4-a97d-d965ccfc6d4b" outcome="Passed" testListId="8c84fa94-04c1-424b-9868-57a2d4851a1d" relativeResultsDirectory="c2d6276f-1846-41b1-82ed-d4b85d2fbacd" /><UnitTestResult executionId="9026fef6-9428-456c-9765-7d1793a7fa2b" testId="dea463a5-8784-f591-ad54-69ddac5f1961" testName="Test011" computerName="md" duration="00:00:00.0029847" startTime="2018-11-12T00:18:58.6613637-05:00" endTime="2018-11-12T00:18:58.6644402-05:00" testType="13cdc9d9-ddb5-4fa4-a97d-d965ccfc6d4b" outcome="Passed" testListId="8c84fa94-04c1-424b-9868-57a2d4851a1d" relativeResultsDirectory="9026fef6-9428-456c-9765-7d1793a7fa2b" /><UnitTestResult executionId="495472a9-a0bf-4605-8693-84d83f54af50" testId="0c997753-578a-bfdb-e5ce-a3dfa3cab9fe" testName="Test005" computerName="md" duration="00:00:00.0000109" startTime="2018-11-12T00:19:03.4052226-05:00" endTime="2018-11-12T00:19:03.4053374-05:00" testType="13cdc9d9-ddb5-4fa4-a97d-d965ccfc6d4b" outcome="Passed" testListId="8c84fa94-04c1-424b-9868-57a2d4851a1d" relativeResultsDirectory="495472a9-a0bf-4605-8693-84d83f54af50" /><UnitTestResult executionId="af99377f-ec77-4e18-a50f-f8667620d729" testId="b96509bf-068c-09fa-70f7-9cb54272a41f" testName="Test105" computerName="md" duration="00:00:00.0044878" startTime="2018-11-12T00:18:59.5046200-05:00" endTime="2018-11-12T00:18:59.5092110-05:00" testType="13cdc9d9-ddb5-4fa4-a97d-d965ccfc6d4b" outcome="Passed" testListId="8c84fa94-04c1-424b-9868-57a2d4851a1d" relativeResultsDirectory="af99377f-ec77-4e18-a50f-f8667620d729" /><UnitTestResult executionId="ca5c49c8-fdf7-4912-9d48-2aab335efaf4" testId="97a9cfe4-66de-979a-e87a-7ac87fa38049" testName="Test012" computerName="md" duration="00:00:00.0002690" startTime="2018-11-12T00:19:03.3431945-05:00" endTime="2018-11-12T00:19:03.3435761-05:00" testType="13cdc9d9-ddb5-4fa4-a97d-d965ccfc6d4b" outcome="Passed" testListId="8c84fa94-04c1-424b-9868-57a2d4851a1d" relativeResultsDirectory="ca5c49c8-fdf7-4912-9d48-2aab335efaf4" /><UnitTestResult executionId="f5c17913-cff6-445f-be23-5da150f13ecc" testId="86ae48d7-f84f-d7d6-63d7-eeec7b834144" testName="Test002" computerName="md" duration="00:00:00.0048185" startTime="2018-11-12T00:19:00.9719504-05:00" endTime="2018-11-12T00:19:00.9768631-05:00" testType="13cdc9d9-ddb5-4fa4-a97d-d965ccfc6d4b" outcome="Passed" testListId="8c84fa94-04c1-424b-9868-57a2d4851a1d" relativeResultsDirectory="f5c17913-cff6-445f-be23-5da150f13ecc" /><UnitTestResult executionId="86b1c57c-8260-4635-8dff-c1f1f6c121bf" testId="9c128007-392b-3eb6-425d-74471754d9b0" testName="Test007" computerName="md" duration="00:00:00.0044284" startTime="2018-11-12T00:19:00.3269999-05:00" endTime="2018-11-12T00:19:00.3315170-05:00" testType="13cdc9d9-ddb5-4fa4-a97d-d965ccfc6d4b" outcome="Passed" testListId="8c84fa94-04c1-424b-9868-57a2d4851a1d" relativeResultsDirectory="86b1c57c-8260-4635-8dff-c1f1f6c121bf" /><UnitTestResult executionId="9dff7fed-68d5-42ee-a7dc-93d67644ffcc" testId="918adf35-e85d-1189-cfee-ccfb16fb5494" testName="Test015" computerName="md" duration="00:00:00.0046677" startTime="2018-11-12T00:19:01.9284789-05:00" endTime="2018-11-12T00:19:01.9332568-05:00" testType="13cdc9d9-ddb5-4fa4-a97d-d965ccfc6d4b" outcome="Passed" testListId="8c84fa94-04c1-424b-9868-57a2d4851a1d" relativeResultsDirectory="9dff7fed-68d5-42ee-a7dc-93d67644ffcc" /><UnitTestResult executionId="8e23e139-ccf1-43d7-9396-0fdabf1e8950" testId="dce2798c-a2d1-ccec-53ec-adfdfc90f9ff" testName="Test018" computerName="md" duration="00:00:00.0098089" startTime="2018-11-12T00:19:03.5712676-05:00" endTime="2018-11-12T00:19:03.5811717-05:00" testType="13cdc9d9-ddb5-4fa4-a97d-d965ccfc6d4b" outcome="Passed" testListId="8c84fa94-04c1-424b-9868-57a2d4851a1d" relativeResultsDirectory="8e23e139-ccf1-43d7-9396-0fdabf1e8950" /><UnitTestResult executionId="77df5597-e894-4923-b901-36ae262fb3ee" testId="45a4a80d-8147-092a-ad91-137907349e77" testName="Test001" computerName="md" duration="00:00:00.0037548" startTime="2018-11-12T00:18:59.3074043-05:00" endTime="2018-11-12T00:18:59.3113903-05:00" testType="13cdc9d9-ddb5-4fa4-a97d-d965ccfc6d4b" outcome="Passed" testListId="8c84fa94-04c1-424b-9868-57a2d4851a1d" relativeResultsDirectory="77df5597-e894-4923-b901-36ae262fb3ee" /><UnitTestResult executionId="06749fa4-c59b-46ba-8445-82072b40c168" testId="36b79849-34bb-86a3-1578-602c0252557e" testName="Test007" computerName="md" duration="00:00:00.0080583" startTime="2018-11-12T00:19:00.2521048-05:00" endTime="2018-11-12T00:19:00.2602485-05:00" testType="13cdc9d9-ddb5-4fa4-a97d-d965ccfc6d4b" outcome="Passed" testListId="8c84fa94-04c1-424b-9868-57a2d4851a1d" relativeResultsDirectory="06749fa4-c59b-46ba-8445-82072b40c168" /><UnitTestResult executionId="c732e805-6615-4f23-bfd1-1e289b90b881" testId="dc219590-6a18-069a-23a6-cd634cdbfaeb" testName="Test014" computerName="md" duration="00:00:00.0055597" startTime="2018-11-12T00:19:00.6102802-05:00" endTime="2018-11-12T00:19:00.6159355-05:00" testType="13cdc9d9-ddb5-4fa4-a97d-d965ccfc6d4b" outcome="Passed" testListId="8c84fa94-04c1-424b-9868-57a2d4851a1d" relativeResultsDirectory="c732e805-6615-4f23-bfd1-1e289b90b881" /><UnitTestResult executionId="ae18193a-a773-4e15-b1ae-cdf815c98cbd" testId="6f7a6e7f-1b13-858d-1928-b57d7f7a1bac" testName="Test003" computerName="md" duration="00:00:00.0069947" startTime="2018-11-12T00:18:58.2158416-05:00" endTime="2018-11-12T00:18:58.2231906-05:00" testType="13cdc9d9-ddb5-4fa4-a97d-d965ccfc6d4b" outcome="Passed" testListId="8c84fa94-04c1-424b-9868-57a2d4851a1d" relativeResultsDirectory="ae18193a-a773-4e15-b1ae-cdf815c98cbd" /><UnitTestResult executionId="787d4b0d-adef-49e7-8d19-1df70bcdba6e" testId="b7b23346-a629-8251-a383-31507ad1f7b4" testName="Test021" computerName="md" duration="00:00:00.0042814" startTime="2018-11-12T00:19:02.8982175-05:00" endTime="2018-11-12T00:19:02.9027599-05:00" testType="13cdc9d9-ddb5-4fa4-a97d-d965ccfc6d4b" outcome="Passed" testListId="8c84fa94-04c1-424b-9868-57a2d4851a1d" relativeResultsDirectory="787d4b0d-adef-49e7-8d19-1df70bcdba6e" /><UnitTestResult executionId="761dadfb-eeaf-43ef-a1f5-813eba1890e1" testId="d7b990c1-7023-2bfe-4b14-30530c4fecd2" testName="Test003" computerName="md" duration="00:00:00.0038224" startTime="2018-11-12T00:18:59.3154128-05:00" endTime="2018-11-12T00:18:59.3193990-05:00" testType="13cdc9d9-ddb5-4fa4-a97d-d965ccfc6d4b" outcome="Passed" testListId="8c84fa94-04c1-424b-9868-57a2d4851a1d" relativeResultsDirectory="761dadfb-eeaf-43ef-a1f5-813eba1890e1" /><UnitTestResult executionId="2be08020-3eed-48ab-a706-b6cf833e7788" testId="f0a5fb4c-048b-cc7b-d391-ea262cd34718" testName="Test001" computerName="md" duration="00:00:00.0002222" startTime="2018-11-12T00:19:03.4041497-05:00" endTime="2018-11-12T00:19:03.4048119-05:00" testType="13cdc9d9-ddb5-4fa4-a97d-d965ccfc6d4b" outcome="Passed" testListId="8c84fa94-04c1-424b-9868-57a2d4851a1d" relativeResultsDirectory="2be08020-3eed-48ab-a706-b6cf833e7788" /><UnitTestResult executionId="73fa635f-7be0-429c-ae21-050e95214566" testId="99a95934-4df7-b692-ffb4-77db8f8dacb3" testName="Test001" computerName="md" duration="00:00:00.0022086" startTime="2018-11-12T00:19:02.5828054-05:00" endTime="2018-11-12T00:19:02.5861461-05:00" testType="13cdc9d9-ddb5-4fa4-a97d-d965ccfc6d4b" outcome="Passed" testListId="8c84fa94-04c1-424b-9868-57a2d4851a1d" relativeResultsDirectory="73fa635f-7be0-429c-ae21-050e95214566" /><UnitTestResult executionId="0dcfb81c-fcbc-42ce-aea5-073f5211db49" testId="53e81ee9-747c-cf33-2edd-03ba4011b94c" testName="Test014" computerName="md" duration="00:00:00.0055717" startTime="2018-11-12T00:19:00.3711417-05:00" endTime="2018-11-12T00:19:00.3767991-05:00" testType="13cdc9d9-ddb5-4fa4-a97d-d965ccfc6d4b" outcome="Passed" testListId="8c84fa94-04c1-424b-9868-57a2d4851a1d" relativeResultsDirectory="0dcfb81c-fcbc-42ce-aea5-073f5211db49" /><UnitTestResult executionId="6eca45b7-bd8b-4aca-8bd5-9352fd797de5" testId="44740cc4-6717-c5dd-7ca4-26fad86443df" testName="Test010" computerName="md" duration="00:00:00.0000254" startTime="2018-11-12T00:19:03.1963235-05:00" endTime="2018-11-12T00:19:03.1964549-05:00" testType="13cdc9d9-ddb5-4fa4-a97d-d965ccfc6d4b" outcome="Passed" testListId="8c84fa94-04c1-424b-9868-57a2d4851a1d" relativeResultsDirectory="6eca45b7-bd8b-4aca-8bd5-9352fd797de5" /><UnitTestResult executionId="0688f230-7829-4d3a-8af2-6cf541facf87" testId="78a718d7-9f6b-c905-85bb-8afd6d1ed769" testName="Test307" computerName="md" duration="00:00:00.0050127" startTime="2018-11-12T00:18:59.9425609-05:00" endTime="2018-11-12T00:18:59.9476874-05:00" testType="13cdc9d9-ddb5-4fa4-a97d-d965ccfc6d4b" outcome="Passed" testListId="8c84fa94-04c1-424b-9868-57a2d4851a1d" relativeResultsDirectory="0688f230-7829-4d3a-8af2-6cf541facf87" /><UnitTestResult executionId="7fd1831d-fed8-4784-bd33-4d94e8f550e3" testId="61619672-28fe-f5dd-c8a5-d2c97aeae433" testName="Test023" computerName="md" duration="00:00:00.0081558" startTime="2018-11-12T00:19:03.6144632-05:00" endTime="2018-11-12T00:19:03.6227131-05:00" testType="13cdc9d9-ddb5-4fa4-a97d-d965ccfc6d4b" outcome="Passed" testListId="8c84fa94-04c1-424b-9868-57a2d4851a1d" relativeResultsDirectory="7fd1831d-fed8-4784-bd33-4d94e8f550e3" /><UnitTestResult executionId="2218e97b-1cf5-45ec-a006-2bdcb06ab811" testId="c423951c-f126-142b-d108-1ad4514fafe1" testName="Test001" computerName="md" duration="00:00:00.0038960" startTime="2018-11-12T00:18:58.2077886-05:00" endTime="2018-11-12T00:18:58.2133909-05:00" testType="13cdc9d9-ddb5-4fa4-a97d-d965ccfc6d4b" outcome="Passed" testListId="8c84fa94-04c1-424b-9868-57a2d4851a1d" relativeResultsDirectory="2218e97b-1cf5-45ec-a006-2bdcb06ab811" /><UnitTestResult executionId="0664b746-3708-41f2-8d3a-0ea79704f76f" testId="e4feefb6-9dbe-e84b-19e0-3a9656eceb97" testName="Test215" computerName="md" duration="00:00:00.0060153" startTime="2018-11-12T00:18:59.7696916-05:00" endTime="2018-11-12T00:18:59.7758117-05:00" testType="13cdc9d9-ddb5-4fa4-a97d-d965ccfc6d4b" outcome="Passed" testListId="8c84fa94-04c1-424b-9868-57a2d4851a1d" relativeResultsDirectory="0664b746-3708-41f2-8d3a-0ea79704f76f" /><UnitTestResult executionId="b40ab28e-e74a-4eda-8084-9945bd637f53" testId="864bded7-fddd-9bc5-947c-272e79b791e9" testName="Test015" computerName="md" duration="00:00:00.0003949" startTime="2018-11-12T00:19:01.8277375-05:00" endTime="2018-11-12T00:19:01.8282251-05:00" testType="13cdc9d9-ddb5-4fa4-a97d-d965ccfc6d4b" outcome="Passed" testListId="8c84fa94-04c1-424b-9868-57a2d4851a1d" relativeResultsDirectory="b40ab28e-e74a-4eda-8084-9945bd637f53" /><UnitTestResult executionId="d6069f24-3d66-422a-9ab0-ad98c0b1763c" testId="5cd8cdd8-20d4-24ef-f4ae-b15b6618fed2" testName="Test007" computerName="md" duration="00:00:00.0000199" startTime="2018-11-12T00:19:03.2640201-05:00" endTime="2018-11-12T00:19:03.2641398-05:00" testType="13cdc9d9-ddb5-4fa4-a97d-d965ccfc6d4b" outcome="Passed" testListId="8c84fa94-04c1-424b-9868-57a2d4851a1d" relativeResultsDirectory="d6069f24-3d66-422a-9ab0-ad98c0b1763c" /><UnitTestResult executionId="8ca8204d-3864-48e0-9a28-8741be1575a9" testId="0e60c700-3eee-e180-03f8-3e53b8f951c1" testName="Test006" computerName="md" duration="00:00:00.0000253" startTime="2018-11-12T00:19:03.2638879-05:00" endTime="2018-11-12T00:19:03.2640089-05:00" testType="13cdc9d9-ddb5-4fa4-a97d-d965ccfc6d4b" outcome="Passed" testListId="8c84fa94-04c1-424b-9868-57a2d4851a1d" relativeResultsDirectory="8ca8204d-3864-48e0-9a28-8741be1575a9" /><UnitTestResult executionId="2cacc400-0d15-40a2-8cd6-b4260436280b" testId="0a623d03-9236-4c91-8a8a-f40acf0da182" testName="Test019" computerName="md" duration="00:00:00.0028851" startTime="2018-11-12T00:19:00.9059158-05:00" endTime="2018-11-12T00:19:00.9088926-05:00" testType="13cdc9d9-ddb5-4fa4-a97d-d965ccfc6d4b" outcome="Passed" testListId="8c84fa94-04c1-424b-9868-57a2d4851a1d" relativeResultsDirectory="2cacc400-0d15-40a2-8cd6-b4260436280b" /><UnitTestResult executionId="1b0f9064-80f4-47a7-8abb-5a61fdb3f5b4" testId="ada7235b-ad42-5a38-93dc-c61830bb42e6" testName="Test017" computerName="md" duration="00:00:00.0000111" startTime="2018-11-12T00:19:03.4212144-05:00" endTime="2018-11-12T00:19:03.4213278-05:00" testType="13cdc9d9-ddb5-4fa4-a97d-d965ccfc6d4b" outcome="Passed" testListId="8c84fa94-04c1-424b-9868-57a2d4851a1d" relativeResultsDirectory="1b0f9064-80f4-47a7-8abb-5a61fdb3f5b4" /><UnitTestResult executionId="7768a637-61a1-4853-a73b-ac029c0fdc17" testId="79a46745-9ca9-29c3-1df6-87d52a980205" testName="Test001" computerName="md" duration="00:00:00.0006135" startTime="2018-11-12T00:19:03.2036746-05:00" endTime="2018-11-12T00:19:03.2046646-05:00" testType="13cdc9d9-ddb5-4fa4-a97d-d965ccfc6d4b" outcome="Passed" testListId="8c84fa94-04c1-424b-9868-57a2d4851a1d" relativeResultsDirectory="7768a637-61a1-4853-a73b-ac029c0fdc17" /><UnitTestResult executionId="14ed9d27-704c-47ce-8413-71430901b3f0" testId="67ffbc24-9128-cfff-3bcf-7b118fb927ae" testName="Test310" computerName="md" duration="00:00:00.0050432" startTime="2018-11-12T00:18:59.9593999-05:00" endTime="2018-11-12T00:18:59.9645347-05:00" testType="13cdc9d9-ddb5-4fa4-a97d-d965ccfc6d4b" outcome="Passed" testListId="8c84fa94-04c1-424b-9868-57a2d4851a1d" relativeResultsDirectory="14ed9d27-704c-47ce-8413-71430901b3f0" /><UnitTestResult executionId="189bfcce-9b70-472d-bc93-cc32aafcd8dc" testId="9e4e5644-f084-7aa5-0e87-378bdc3c206a" testName="Test020" computerName="md" duration="00:00:00.0075665" startTime="2018-11-12T00:19:02.4389669-05:00" endTime="2018-11-12T00:19:02.4467096-05:00" testType="13cdc9d9-ddb5-4fa4-a97d-d965ccfc6d4b" outcome="Passed" testListId="8c84fa94-04c1-424b-9868-57a2d4851a1d" relativeResultsDirectory="189bfcce-9b70-472d-bc93-cc32aafcd8dc" /><UnitTestResult executionId="80d4211e-50f8-4235-b013-83a54bb64c98" testId="f6881aa8-0c64-7180-fc9f-3ace666fa228" testName="Test103" computerName="md" duration="00:00:00.0042964" startTime="2018-11-12T00:18:59.4951922-05:00" endTime="2018-11-12T00:18:59.4995948-05:00" testType="13cdc9d9-ddb5-4fa4-a97d-d965ccfc6d4b" outcome="Passed" testListId="8c84fa94-04c1-424b-9868-57a2d4851a1d" relativeResultsDirectory="80d4211e-50f8-4235-b013-83a54bb64c98" /><UnitTestResult executionId="10268154-48a2-410f-8fa4-0199d31ebfe1" testId="ad844c5d-ae15-31ff-3848-8df45046151f" testName="Test027" computerName="md" duration="00:00:00.0042217" startTime="2018-11-12T00:19:00.9398257-05:00" endTime="2018-11-12T00:19:00.9441434-05:00" testType="13cdc9d9-ddb5-4fa4-a97d-d965ccfc6d4b" outcome="Passed" testListId="8c84fa94-04c1-424b-9868-57a2d4851a1d" relativeResultsDirectory="10268154-48a2-410f-8fa4-0199d31ebfe1" /><UnitTestResult executionId="537b24fe-4004-4cdf-85d2-df00ea77eb07" testId="8cfae496-daa9-a4a0-b188-23856055644f" testName="Test052" computerName="md" duration="00:00:00.0016394" startTime="2018-11-12T00:18:58.6943159-05:00" endTime="2018-11-12T00:18:58.6960658-05:00" testType="13cdc9d9-ddb5-4fa4-a97d-d965ccfc6d4b" outcome="Passed" testListId="8c84fa94-04c1-424b-9868-57a2d4851a1d" relativeResultsDirectory="537b24fe-4004-4cdf-85d2-df00ea77eb07" /><UnitTestResult executionId="62f2da28-121e-4835-9856-240699c24583" testId="201b0738-e604-b8cd-f287-6f9df6389689" testName="Test218" computerName="md" duration="00:00:00.0044421" startTime="2018-11-12T00:18:59.7851759-05:00" endTime="2018-11-12T00:18:59.7897222-05:00" testType="13cdc9d9-ddb5-4fa4-a97d-d965ccfc6d4b" outcome="Passed" testListId="8c84fa94-04c1-424b-9868-57a2d4851a1d" relativeResultsDirectory="62f2da28-121e-4835-9856-240699c24583" /><UnitTestResult executionId="49efd0dc-5128-439d-a604-8afdc0bf37be" testId="e82962e2-cda3-f439-e7d7-8d968930f93a" testName="Test022" computerName="md" duration="00:00:00.0000103" startTime="2018-11-12T00:19:03.3905628-05:00" endTime="2018-11-12T00:19:03.3906814-05:00" testType="13cdc9d9-ddb5-4fa4-a97d-d965ccfc6d4b" outcome="Passed" testListId="8c84fa94-04c1-424b-9868-57a2d4851a1d" relativeResultsDirectory="49efd0dc-5128-439d-a604-8afdc0bf37be" /><UnitTestResult executionId="73425ea2-8d9a-45fc-8e76-bc99d6d9c88d" testId="829a3148-7a69-d61e-99d4-9dc10c9a04d2" testName="Test013" computerName="md" duration="00:00:00.0000568" startTime="2018-11-12T00:19:03.2875027-05:00" endTime="2018-11-12T00:19:03.2876573-05:00" testType="13cdc9d9-ddb5-4fa4-a97d-d965ccfc6d4b" outcome="Passed" testListId="8c84fa94-04c1-424b-9868-57a2d4851a1d" relativeResultsDirectory="73425ea2-8d9a-45fc-8e76-bc99d6d9c88d" /><UnitTestResult executionId="18b4bf4b-0343-48ad-89e7-424a6e70d152" testId="93216174-eaa4-26fe-8c38-8aa39b0d4c1e" testName="Test001" computerName="md" duration="00:00:00.0021161" startTime="2018-11-12T00:19:02.2959284-05:00" endTime="2018-11-12T00:19:02.2984584-05:00" testType="13cdc9d9-ddb5-4fa4-a97d-d965ccfc6d4b" outcome="Passed" testListId="8c84fa94-04c1-424b-9868-57a2d4851a1d" relativeResultsDirectory="18b4bf4b-0343-48ad-89e7-424a6e70d152" /><UnitTestResult executionId="ee37de39-0169-4e13-a95d-5bf48ebc5509" testId="ccc38030-c50e-13b1-5956-c71443ff368b" testName="Test041" computerName="md" duration="00:00:00.0000246" startTime="2018-11-12T00:19:03.3911046-05:00" endTime="2018-11-12T00:19:03.3912296-05:00" testType="13cdc9d9-ddb5-4fa4-a97d-d965ccfc6d4b" outcome="Passed" testListId="8c84fa94-04c1-424b-9868-57a2d4851a1d" relativeResultsDirectory="ee37de39-0169-4e13-a95d-5bf48ebc5509" /><UnitTestResult executionId="5cba1c51-e503-4221-910e-c698b99f87cb" testId="e36e6339-ea75-b40e-411f-fc3e504e8ce3" testName="Test013" computerName="md" duration="00:00:00.0051398" startTime="2018-11-12T00:19:00.6049169-05:00" endTime="2018-11-12T00:19:00.6102565-05:00" testType="13cdc9d9-ddb5-4fa4-a97d-d965ccfc6d4b" outcome="Passed" testListId="8c84fa94-04c1-424b-9868-57a2d4851a1d" relativeResultsDirectory="5cba1c51-e503-4221-910e-c698b99f87cb" /><UnitTestResult executionId="c04508fb-d311-40c5-b33e-edb00aa13f59" testId="4789b0f3-6231-37fa-0463-fea9023c4e62" testName="Test043" computerName="md" duration="00:00:00.0069167" startTime="2018-11-12T00:19:03.0177773-05:00" endTime="2018-11-12T00:19:03.0248318-05:00" testType="13cdc9d9-ddb5-4fa4-a97d-d965ccfc6d4b" outcome="Passed" testListId="8c84fa94-04c1-424b-9868-57a2d4851a1d" relativeResultsDirectory="c04508fb-d311-40c5-b33e-edb00aa13f59" /><UnitTestResult executionId="e7db9967-9f6b-4f39-94f1-897429fce3a9" testId="3303d661-0612-3237-d8df-5354189d1954" testName="Test092" computerName="md" duration="00:00:00.0016948" startTime="2018-11-12T00:18:58.7573112-05:00" endTime="2018-11-12T00:18:58.7591291-05:00" testType="13cdc9d9-ddb5-4fa4-a97d-d965ccfc6d4b" outcome="Passed" testListId="8c84fa94-04c1-424b-9868-57a2d4851a1d" relativeResultsDirectory="e7db9967-9f6b-4f39-94f1-897429fce3a9" /><UnitTestResult executionId="9364444b-6b5e-4b8d-ba2b-e1f18108b515" testId="91692a2d-33b9-2e98-7ecc-ad8f14485cd2" testName="Test018" computerName="md" duration="00:00:00.0040301" startTime="2018-11-12T00:18:59.3982927-05:00" endTime="2018-11-12T00:18:59.4026253-05:00" testType="13cdc9d9-ddb5-4fa4-a97d-d965ccfc6d4b" outcome="Passed" testListId="8c84fa94-04c1-424b-9868-57a2d4851a1d" relativeResultsDirectory="9364444b-6b5e-4b8d-ba2b-e1f18108b515" /><UnitTestResult executionId="eb55d787-3332-4a1f-9835-c86c2a748b88" testId="414ccc16-f99a-2eda-0cda-2ef88dee63c1" testName="Test048" computerName="md" duration="00:00:00.0051743" startTime="2018-11-12T00:19:02.1230949-05:00" endTime="2018-11-12T00:19:02.1283753-05:00" testType="13cdc9d9-ddb5-4fa4-a97d-d965ccfc6d4b" outcome="Passed" testListId="8c84fa94-04c1-424b-9868-57a2d4851a1d" relativeResultsDirectory="eb55d787-3332-4a1f-9835-c86c2a748b88" /><UnitTestResult executionId="2f2e1644-e0db-4c2e-81d2-243dfa220974" testId="84e29221-718a-17a8-1dbc-a69dc74c2a25" testName="Test006" computerName="md" duration="00:00:00.0000209" startTime="2018-11-12T00:19:03.3021778-05:00" endTime="2018-11-12T00:19:03.3023024-05:00" testType="13cdc9d9-ddb5-4fa4-a97d-d965ccfc6d4b" outcome="Passed" testListId="8c84fa94-04c1-424b-9868-57a2d4851a1d" relativeResultsDirectory="2f2e1644-e0db-4c2e-81d2-243dfa220974" /><UnitTestResult executionId="ab53b91f-7260-408d-90ef-2ecff9884383" testId="48046cea-7a2f-b4b0-8029-45e16648d2af" testName="Test022" computerName="md" duration="00:00:00.0000259" startTime="2018-11-12T00:19:03.3550393-05:00" endTime="2018-11-12T00:19:03.3551676-05:00" testType="13cdc9d9-ddb5-4fa4-a97d-d965ccfc6d4b" outcome="Passed" testListId="8c84fa94-04c1-424b-9868-57a2d4851a1d" relativeResultsDirectory="ab53b91f-7260-408d-90ef-2ecff9884383" /><UnitTestResult executionId="d091c30a-dafb-4e10-ab20-1e1e9b3ee8f9" testId="7b4734a4-b223-bd07-399e-0e45df6eb0f0" testName="Test036" computerName="md" duration="00:00:00.0030925" startTime="2018-11-12T00:19:02.0471449-05:00" endTime="2018-11-12T00:19:02.0503524-05:00" testType="13cdc9d9-ddb5-4fa4-a97d-d965ccfc6d4b" outcome="Passed" testListId="8c84fa94-04c1-424b-9868-57a2d4851a1d" relativeResultsDirectory="d091c30a-dafb-4e10-ab20-1e1e9b3ee8f9" /><UnitTestResult executionId="0a2470a3-a88c-43a5-8d43-236f7e8cdb30" testId="08fff509-c86a-16a9-63dd-c1ba781a0810" testName="Test017" computerName="md" duration="00:00:00.0000280" startTime="2018-11-12T00:19:03.3128409-05:00" endTime="2018-11-12T00:19:03.3129735-05:00" testType="13cdc9d9-ddb5-4fa4-a97d-d965ccfc6d4b" outcome="Passed" testListId="8c84fa94-04c1-424b-9868-57a2d4851a1d" relativeResultsDirectory="0a2470a3-a88c-43a5-8d43-236f7e8cdb30" /><UnitTestResult executionId="a1240ee4-0073-43b9-ab7f-a9c769032a3c" testId="abadd339-cf21-195d-6773-cbd1ce0f4715" testName="Test338" computerName="md" duration="00:00:00.0052068" startTime="2018-11-12T00:19:00.0845844-05:00" endTime="2018-11-12T00:19:00.0899108-05:00" testType="13cdc9d9-ddb5-4fa4-a97d-d965ccfc6d4b" outcome="Passed" testListId="8c84fa94-04c1-424b-9868-57a2d4851a1d" relativeResultsDirectory="a1240ee4-0073-43b9-ab7f-a9c769032a3c" /><UnitTestResult executionId="346fea47-66aa-4527-a444-8a34424600e2" testId="32c52e47-4400-ebf4-da81-fbd8457eee7b" testName="Test001" computerName="md" duration="00:00:00.0015223" startTime="2018-11-12T00:19:00.8226639-05:00" endTime="2018-11-12T00:19:00.8248765-05:00" testType="13cdc9d9-ddb5-4fa4-a97d-d965ccfc6d4b" outcome="Passed" testListId="8c84fa94-04c1-424b-9868-57a2d4851a1d" relativeResultsDirectory="346fea47-66aa-4527-a444-8a34424600e2" /><UnitTestResult executionId="cae04ce4-0f1c-4749-83dd-ba7a3b557e71" testId="8a078e75-021d-4afa-4dae-05d5feb901ac" testName="Test007" computerName="md" duration="00:00:00.0054517" startTime="2018-11-12T00:19:01.8900740-05:00" endTime="2018-11-12T00:19:01.8956582-05:00" testType="13cdc9d9-ddb5-4fa4-a97d-d965ccfc6d4b" outcome="Passed" testListId="8c84fa94-04c1-424b-9868-57a2d4851a1d" relativeResultsDirectory="cae04ce4-0f1c-4749-83dd-ba7a3b557e71" /><UnitTestResult executionId="0a283946-06ed-4ead-b628-73d7066927b7" testId="6129753a-a471-61af-d506-6e5fe4cfbdc2" testName="Test005" computerName="md" duration="00:00:00.0038622" startTime="2018-11-12T00:19:00.5575617-05:00" endTime="2018-11-12T00:19:00.5615239-05:00" testType="13cdc9d9-ddb5-4fa4-a97d-d965ccfc6d4b" outcome="Passed" testListId="8c84fa94-04c1-424b-9868-57a2d4851a1d" relativeResultsDirectory="0a283946-06ed-4ead-b628-73d7066927b7" /><UnitTestResult executionId="e220fc25-d9eb-4965-a9ba-08daf6885ba3" testId="7cd1bdcd-d9f0-84b1-eef2-9088ad913ea4" testName="Test236" computerName="md" duration="00:00:00.0046519" startTime="2018-11-12T00:18:59.8581686-05:00" endTime="2018-11-12T00:18:59.8629281-05:00" testType="13cdc9d9-ddb5-4fa4-a97d-d965ccfc6d4b" outcome="Passed" testListId="8c84fa94-04c1-424b-9868-57a2d4851a1d" relativeResultsDirectory="e220fc25-d9eb-4965-a9ba-08daf6885ba3" /><UnitTestResult executionId="c5f07389-c831-4c99-80e4-53b7dabb01c3" testId="7d4a2ed9-e761-433e-cf97-b0b0eb5606f9" testName="Test013" computerName="md" duration="00:00:00.0063460" startTime="2018-11-12T00:19:01.0354359-05:00" endTime="2018-11-12T00:19:01.0418855-05:00" testType="13cdc9d9-ddb5-4fa4-a97d-d965ccfc6d4b" outcome="Passed" testListId="8c84fa94-04c1-424b-9868-57a2d4851a1d" relativeResultsDirectory="c5f07389-c831-4c99-80e4-53b7dabb01c3" /><UnitTestResult executionId="e13e44c2-9f56-4039-af50-d5b14fe6377b" testId="44b3ab0e-7cf7-f59a-2f18-14d29c0b9fd1" testName="Test025" computerName="md" duration="00:00:00.0000490" startTime="2018-11-12T00:19:03.1039276-05:00" endTime="2018-11-12T00:19:03.1040809-05:00" testType="13cdc9d9-ddb5-4fa4-a97d-d965ccfc6d4b" outcome="Passed" testListId="8c84fa94-04c1-424b-9868-57a2d4851a1d" relativeResultsDirectory="e13e44c2-9f56-4039-af50-d5b14fe6377b" /><UnitTestResult executionId="0d71bd8c-a275-4a4f-8dfe-0c3519267cf3" testId="f5c577fb-1fae-4d8e-71c7-4cfe4e8ed6f0" testName="Test004" computerName="md" duration="00:00:00.0005008" startTime="2018-11-12T00:19:00.2297684-05:00" endTime="2018-11-12T00:19:00.2303731-05:00" testType="13cdc9d9-ddb5-4fa4-a97d-d965ccfc6d4b" outcome="Passed" testListId="8c84fa94-04c1-424b-9868-57a2d4851a1d" relativeResultsDirectory="0d71bd8c-a275-4a4f-8dfe-0c3519267cf3" /><UnitTestResult executionId="7c9c319a-3074-4422-9a14-fa344588a15b" testId="b285418d-f756-99fe-8809-3341577e310f" testName="Test011" computerName="md" duration="00:00:00.0002219" startTime="2018-11-12T00:19:03.2870020-05:00" endTime="2018-11-12T00:19:03.2873279-05:00" testType="13cdc9d9-ddb5-4fa4-a97d-d965ccfc6d4b" outcome="Passed" testListId="8c84fa94-04c1-424b-9868-57a2d4851a1d" relativeResultsDirectory="7c9c319a-3074-4422-9a14-fa344588a15b" /><UnitTestResult executionId="91561e95-5109-4004-afdb-50f793d8d19d" testId="ad97d578-cb80-b59d-5725-0905d375f3d2" testName="Test017" computerName="md" duration="00:00:00.0206448" startTime="2018-11-12T00:18:58.3898983-05:00" endTime="2018-11-12T00:18:58.4109619-05:00" testType="13cdc9d9-ddb5-4fa4-a97d-d965ccfc6d4b" outcome="Passed" testListId="8c84fa94-04c1-424b-9868-57a2d4851a1d" relativeResultsDirectory="91561e95-5109-4004-afdb-50f793d8d19d" /><UnitTestResult executionId="80ff8d25-1ebd-4cab-b3c2-281f8174040c" testId="5cb8f06b-4c0a-1585-ed4f-3dcbf40e8154" testName="Test043" computerName="md" duration="00:00:00.0011152" startTime="2018-11-12T00:18:58.6911376-05:00" endTime="2018-11-12T00:18:58.6923481-05:00" testType="13cdc9d9-ddb5-4fa4-a97d-d965ccfc6d4b" outcome="Passed" testListId="8c84fa94-04c1-424b-9868-57a2d4851a1d" relativeResultsDirectory="80ff8d25-1ebd-4cab-b3c2-281f8174040c" /><UnitTestResult executionId="e17c5e32-a70d-49a0-bb35-11d9c36402e7" testId="f1613ede-17be-b43e-60d8-4e7f3732461c" testName="Test003" computerName="md" duration="00:00:00.0001730" startTime="2018-11-12T00:19:01.8415619-05:00" endTime="2018-11-12T00:19:01.8418443-05:00" testType="13cdc9d9-ddb5-4fa4-a97d-d965ccfc6d4b" outcome="Passed" testListId="8c84fa94-04c1-424b-9868-57a2d4851a1d" relativeResultsDirectory="e17c5e32-a70d-49a0-bb35-11d9c36402e7" /><UnitTestResult executionId="18f16cfd-10b0-44a6-8c62-f603e41665f6" testId="1d90a401-7df8-9a6d-1aa8-29c1d0d429c1" testName="Test020" computerName="md" duration="00:00:00.0062000" startTime="2018-11-12T00:19:00.6731269-05:00" endTime="2018-11-12T00:19:00.6794423-05:00" testType="13cdc9d9-ddb5-4fa4-a97d-d965ccfc6d4b" outcome="Passed" testListId="8c84fa94-04c1-424b-9868-57a2d4851a1d" relativeResultsDirectory="18f16cfd-10b0-44a6-8c62-f603e41665f6" /><UnitTestResult executionId="eb08c425-8f40-463f-8d9a-e995a739fe79" testId="534d4656-c367-be3a-8e32-1cb18751bef8" testName="Test022" computerName="md" duration="00:00:00.0080131" startTime="2018-11-12T00:18:58.4493977-05:00" endTime="2018-11-12T00:18:58.4575121-05:00" testType="13cdc9d9-ddb5-4fa4-a97d-d965ccfc6d4b" outcome="Passed" testListId="8c84fa94-04c1-424b-9868-57a2d4851a1d" relativeResultsDirectory="eb08c425-8f40-463f-8d9a-e995a739fe79" /><UnitTestResult executionId="32f18d87-f17a-4634-837b-89006057b788" testId="2db1b622-1bc3-9b50-26f0-f98aa150a5fb" testName="Test002" computerName="md" duration="00:00:00.0001819" startTime="2018-11-12T00:19:00.2287015-05:00" endTime="2018-11-12T00:19:00.2289878-05:00" testType="13cdc9d9-ddb5-4fa4-a97d-d965ccfc6d4b" outcome="Passed" testListId="8c84fa94-04c1-424b-9868-57a2d4851a1d" relativeResultsDirectory="32f18d87-f17a-4634-837b-89006057b788" /><UnitTestResult executionId="918ec674-3994-49c3-b2c8-df3470a2ab65" testId="1020d14f-94cf-d889-607f-4fea812c86fc" testName="Test003" computerName="md" duration="00:00:00.0000095" startTime="2018-11-12T00:19:03.0579331-05:00" endTime="2018-11-12T00:19:03.0580638-05:00" testType="13cdc9d9-ddb5-4fa4-a97d-d965ccfc6d4b" outcome="Passed" testListId="8c84fa94-04c1-424b-9868-57a2d4851a1d" relativeResultsDirectory="918ec674-3994-49c3-b2c8-df3470a2ab65" /><UnitTestResult executionId="caad6dc6-6b2a-4a89-9e22-91b16306ddbe" testId="5c11994c-8c15-ae07-573b-181d1881bc6d" testName="Test019" computerName="md" duration="00:00:00.0039706" startTime="2018-11-12T00:19:02.7306963-05:00" endTime="2018-11-12T00:19:02.7347845-05:00" testType="13cdc9d9-ddb5-4fa4-a97d-d965ccfc6d4b" outcome="Passed" testListId="8c84fa94-04c1-424b-9868-57a2d4851a1d" relativeResultsDirectory="caad6dc6-6b2a-4a89-9e22-91b16306ddbe" /><UnitTestResult executionId="0ac89274-aef3-4031-b6aa-fb2f416ebbc6" testId="3e4ef423-98e2-afbd-fe55-031d15694b96" testName="Test108" computerName="md" duration="00:00:00.0042491" startTime="2018-11-12T00:18:59.5182499-05:00" endTime="2018-11-12T00:18:59.5225887-05:00" testType="13cdc9d9-ddb5-4fa4-a97d-d965ccfc6d4b" outcome="Passed" testListId="8c84fa94-04c1-424b-9868-57a2d4851a1d" relativeResultsDirectory="0ac89274-aef3-4031-b6aa-fb2f416ebbc6" /><UnitTestResult executionId="b74e69e6-145b-4b71-b3e9-91a06d258d29" testId="ec55ff39-f4ae-dfc2-34dc-c8edd08dbe27" testName="Test015" computerName="md" duration="00:00:00.0028306" startTime="2018-11-12T00:19:02.6559410-05:00" endTime="2018-11-12T00:19:02.6588818-05:00" testType="13cdc9d9-ddb5-4fa4-a97d-d965ccfc6d4b" outcome="Passed" testListId="8c84fa94-04c1-424b-9868-57a2d4851a1d" relativeResultsDirectory="b74e69e6-145b-4b71-b3e9-91a06d258d29" /><UnitTestResult executionId="ca5a4eee-f8ea-4b19-9418-7ccb2e47baf8" testId="05d11799-adf3-06a4-2655-f45aa43dfd31" testName="Test011" computerName="md" duration="00:00:00.0046240" startTime="2018-11-12T00:19:00.1484567-05:00" endTime="2018-11-12T00:19:00.1531892-05:00" testType="13cdc9d9-ddb5-4fa4-a97d-d965ccfc6d4b" outcome="Passed" testListId="8c84fa94-04c1-424b-9868-57a2d4851a1d" relativeResultsDirectory="ca5a4eee-f8ea-4b19-9418-7ccb2e47baf8" /><UnitTestResult executionId="d2b5fc17-d6e4-47e3-8a5a-c5dfa9267cac" testId="e6d7a24e-6847-f3eb-33cd-d01cd13d3a8f" testName="Test008" computerName="md" duration="00:00:00.0010615" startTime="2018-11-12T00:18:59.1746581-05:00" endTime="2018-11-12T00:18:59.1758100-05:00" testType="13cdc9d9-ddb5-4fa4-a97d-d965ccfc6d4b" outcome="Passed" testListId="8c84fa94-04c1-424b-9868-57a2d4851a1d" relativeResultsDirectory="d2b5fc17-d6e4-47e3-8a5a-c5dfa9267cac" /><UnitTestResult executionId="0d857acd-a6b1-41ec-a5ef-e742acc1f58d" testId="22a39545-7467-6350-abba-f383d69521e0" testName="Test002" computerName="md" duration="00:00:00.0194729" startTime="2018-11-12T00:18:58.8093301-05:00" endTime="2018-11-12T00:18:58.8289413-05:00" testType="13cdc9d9-ddb5-4fa4-a97d-d965ccfc6d4b" outcome="Passed" testListId="8c84fa94-04c1-424b-9868-57a2d4851a1d" relativeResultsDirectory="0d857acd-a6b1-41ec-a5ef-e742acc1f58d" /><UnitTestResult executionId="a5c04b0c-35a2-4d1e-bc06-b220df7d4edf" testId="7faf9e26-5761-c6fe-881d-48af529e2079" testName="Test010" computerName="md" duration="00:00:00.0054454" startTime="2018-11-12T00:19:00.2712134-05:00" endTime="2018-11-12T00:19:00.2767539-05:00" testType="13cdc9d9-ddb5-4fa4-a97d-d965ccfc6d4b" outcome="Passed" testListId="8c84fa94-04c1-424b-9868-57a2d4851a1d" relativeResultsDirectory="a5c04b0c-35a2-4d1e-bc06-b220df7d4edf" /><UnitTestResult executionId="36ca184f-da04-4412-8fc1-190f4c745eca" testId="5112f979-0db9-e193-dc93-4589f66226c4" testName="Test004" computerName="md" duration="00:00:00.0032083" startTime="2018-11-12T00:19:00.7582191-05:00" endTime="2018-11-12T00:19:00.7615233-05:00" testType="13cdc9d9-ddb5-4fa4-a97d-d965ccfc6d4b" outcome="Passed" testListId="8c84fa94-04c1-424b-9868-57a2d4851a1d" relativeResultsDirectory="36ca184f-da04-4412-8fc1-190f4c745eca" /><UnitTestResult executionId="ea8b121b-77fd-4ff6-a6eb-582dfe76adaf" testId="cf9bb18a-d899-847b-461e-3e8c0de7f088" testName="Test011" computerName="md" duration="00:00:00.0049771" startTime="2018-11-12T00:19:02.6322689-05:00" endTime="2018-11-12T00:19:02.6374947-05:00" testType="13cdc9d9-ddb5-4fa4-a97d-d965ccfc6d4b" outcome="Passed" testListId="8c84fa94-04c1-424b-9868-57a2d4851a1d" relativeResultsDirectory="ea8b121b-77fd-4ff6-a6eb-582dfe76adaf" /><UnitTestResult executionId="7684747c-dd29-4315-a4ae-421a9c18a380" testId="a1d2056a-4509-aadf-5d65-384e7e2f5be6" testName="Test051" computerName="md" duration="00:00:00.0025029" startTime="2018-11-12T00:18:59.1464830-05:00" endTime="2018-11-12T00:18:59.1491895-05:00" testType="13cdc9d9-ddb5-4fa4-a97d-d965ccfc6d4b" outcome="Passed" testListId="8c84fa94-04c1-424b-9868-57a2d4851a1d" relativeResultsDirectory="7684747c-dd29-4315-a4ae-421a9c18a380" /><UnitTestResult executionId="9cb82ef5-2045-46f1-bb19-95923f4e221c" testId="48fbd5a7-4788-7f5c-008a-215d353272a3" testName="Test007" computerName="md" duration="00:00:00.0044166" startTime="2018-11-12T00:19:00.7689819-05:00" endTime="2018-11-12T00:19:00.7734979-05:00" testType="13cdc9d9-ddb5-4fa4-a97d-d965ccfc6d4b" outcome="Passed" testListId="8c84fa94-04c1-424b-9868-57a2d4851a1d" relativeResultsDirectory="9cb82ef5-2045-46f1-bb19-95923f4e221c" /><UnitTestResult executionId="6d7d2325-b98e-4a02-80f5-a64567ed3572" testId="02757eb5-74f9-8098-c103-776e916781bc" testName="Test033" computerName="md" duration="00:00:00.0011948" startTime="2018-11-12T00:18:59.0347777-05:00" endTime="2018-11-12T00:18:59.0360642-05:00" testType="13cdc9d9-ddb5-4fa4-a97d-d965ccfc6d4b" outcome="Passed" testListId="8c84fa94-04c1-424b-9868-57a2d4851a1d" relativeResultsDirectory="6d7d2325-b98e-4a02-80f5-a64567ed3572" /><UnitTestResult executionId="8197cac0-7fbb-46c1-8d86-5d5a81f4e92a" testId="c71a72f4-3d43-b896-79f7-bd9a8fb08f4b" testName="Test032" computerName="md" duration="00:00:00.0060967" startTime="2018-11-12T00:19:01.2143080-05:00" endTime="2018-11-12T00:19:01.2205081-05:00" testType="13cdc9d9-ddb5-4fa4-a97d-d965ccfc6d4b" outcome="Passed" testListId="8c84fa94-04c1-424b-9868-57a2d4851a1d" relativeResultsDirectory="8197cac0-7fbb-46c1-8d86-5d5a81f4e92a" /><UnitTestResult executionId="ca9c983e-dfb2-4f99-bb2d-4d20dddb96cc" testId="526df72c-ffcb-941a-cd2e-032ac3691be5" testName="Test010" computerName="md" duration="00:00:00.0067175" startTime="2018-11-12T00:19:00.1416222-05:00" endTime="2018-11-12T00:19:00.1484436-05:00" testType="13cdc9d9-ddb5-4fa4-a97d-d965ccfc6d4b" outcome="Passed" testListId="8c84fa94-04c1-424b-9868-57a2d4851a1d" relativeResultsDirectory="ca9c983e-dfb2-4f99-bb2d-4d20dddb96cc" /><UnitTestResult executionId="4df55853-648b-4933-a3aa-d626cf0a741f" testId="63b888e2-685e-beb9-2cd4-07252dbeffd6" testName="Test047" computerName="md" duration="00:00:00.0088641" startTime="2018-11-12T00:19:01.3824813-05:00" endTime="2018-11-12T00:19:01.3914454-05:00" testType="13cdc9d9-ddb5-4fa4-a97d-d965ccfc6d4b" outcome="Passed" testListId="8c84fa94-04c1-424b-9868-57a2d4851a1d" relativeResultsDirectory="4df55853-648b-4933-a3aa-d626cf0a741f" /><UnitTestResult executionId="f183b2d6-6a42-4cc3-9901-a685f8062e10" testId="c59ad296-cacc-0535-0819-b92017859d32" testName="Test002" computerName="md" duration="00:00:00.0000148" startTime="2018-11-12T00:19:03.1859645-05:00" endTime="2018-11-12T00:19:03.1860897-05:00" testType="13cdc9d9-ddb5-4fa4-a97d-d965ccfc6d4b" outcome="Passed" testListId="8c84fa94-04c1-424b-9868-57a2d4851a1d" relativeResultsDirectory="f183b2d6-6a42-4cc3-9901-a685f8062e10" /><UnitTestResult executionId="48f97d44-a887-48db-b856-abd1d7d2dcbd" testId="a1763669-918b-3e89-51e9-428a45e57d5c" testName="Test204" computerName="md" duration="00:00:00.0065129" startTime="2018-11-12T00:18:59.6971883-05:00" endTime="2018-11-12T00:18:59.7038117-05:00" testType="13cdc9d9-ddb5-4fa4-a97d-d965ccfc6d4b" outcome="Passed" testListId="8c84fa94-04c1-424b-9868-57a2d4851a1d" relativeResultsDirectory="48f97d44-a887-48db-b856-abd1d7d2dcbd" /><UnitTestResult executionId="e2c8083d-bc7f-43b6-84e0-6ab6df0708e1" testId="5ce27e7c-e39b-0d33-8475-9d4ef6fbfc45" testName="Test003" computerName="md" duration="00:00:00.0021565" startTime="2018-11-12T00:19:01.5859102-05:00" endTime="2018-11-12T00:19:01.5881620-05:00" testType="13cdc9d9-ddb5-4fa4-a97d-d965ccfc6d4b" outcome="Passed" testListId="8c84fa94-04c1-424b-9868-57a2d4851a1d" relativeResultsDirectory="e2c8083d-bc7f-43b6-84e0-6ab6df0708e1" /><UnitTestResult executionId="cd6c9391-e612-4687-b695-c70ec233071c" testId="d9237311-de71-77ad-d7d0-6bedc4337da1" testName="Test018" computerName="md" duration="00:00:00.0001817" startTime="2018-11-12T00:19:01.8654353-05:00" endTime="2018-11-12T00:19:01.8657294-05:00" testType="13cdc9d9-ddb5-4fa4-a97d-d965ccfc6d4b" outcome="Passed" testListId="8c84fa94-04c1-424b-9868-57a2d4851a1d" relativeResultsDirectory="cd6c9391-e612-4687-b695-c70ec233071c" /><UnitTestResult executionId="a04e0f93-6c0c-467a-b2ce-52e66e54aa11" testId="241a110d-088d-259e-e2af-ddb1888e0b24" testName="Test013" computerName="md" duration="00:00:00.0000205" startTime="2018-11-12T00:19:03.3823350-05:00" endTime="2018-11-12T00:19:03.3824598-05:00" testType="13cdc9d9-ddb5-4fa4-a97d-d965ccfc6d4b" outcome="Passed" testListId="8c84fa94-04c1-424b-9868-57a2d4851a1d" relativeResultsDirectory="a04e0f93-6c0c-467a-b2ce-52e66e54aa11" /><UnitTestResult executionId="ada18940-6c2c-4ee1-8cbc-4d1b4588a237" testId="3af51977-2733-a274-ebc9-68d9e177dd12" testName="Test001" computerName="md" duration="00:00:00.0010084" startTime="2018-11-12T00:18:58.9090353-05:00" endTime="2018-11-12T00:18:58.9156142-05:00" testType="13cdc9d9-ddb5-4fa4-a97d-d965ccfc6d4b" outcome="Passed" testListId="8c84fa94-04c1-424b-9868-57a2d4851a1d" relativeResultsDirectory="ada18940-6c2c-4ee1-8cbc-4d1b4588a237" /><UnitTestResult executionId="103e3de8-cf62-40fc-96b1-580326b44c54" testId="9aed6832-0e8b-62d6-d3b4-0510ca4c67c5" testName="Test001" computerName="md" duration="00:00:00.0007016" startTime="2018-11-12T00:19:02.2495815-05:00" endTime="2018-11-12T00:19:02.2505832-05:00" testType="13cdc9d9-ddb5-4fa4-a97d-d965ccfc6d4b" outcome="Passed" testListId="8c84fa94-04c1-424b-9868-57a2d4851a1d" relativeResultsDirectory="103e3de8-cf62-40fc-96b1-580326b44c54" /><UnitTestResult executionId="55f23af3-4ed6-4499-bbdf-5692086f7a6f" testId="012bf816-ca4d-082d-9ffb-135f73400212" testName="Test023" computerName="md" duration="00:00:00.0089170" startTime="2018-11-12T00:18:58.4575316-05:00" endTime="2018-11-12T00:18:58.4665520-05:00" testType="13cdc9d9-ddb5-4fa4-a97d-d965ccfc6d4b" outcome="Passed" testListId="8c84fa94-04c1-424b-9868-57a2d4851a1d" relativeResultsDirectory="55f23af3-4ed6-4499-bbdf-5692086f7a6f" /><UnitTestResult executionId="ffb084d8-db23-4c41-a843-41dfbfd5f5d9" testId="f8307b5e-c1ef-0d24-cd43-3f1dbcc9a9e2" testName="Test017" computerName="md" duration="00:00:00.0185897" startTime="2018-11-12T00:18:57.9045369-05:00" endTime="2018-11-12T00:18:57.9232311-05:00" testType="13cdc9d9-ddb5-4fa4-a97d-d965ccfc6d4b" outcome="Passed" testListId="8c84fa94-04c1-424b-9868-57a2d4851a1d" relativeResultsDirectory="ffb084d8-db23-4c41-a843-41dfbfd5f5d9" /><UnitTestResult executionId="1f09cd4a-94c5-4657-b044-d234047ad514" testId="bf6e5f6d-d0c7-41b0-a057-9d455b97ef2d" testName="Test016" computerName="md" duration="00:00:00.0065733" startTime="2018-11-12T00:19:00.6214025-05:00" endTime="2018-11-12T00:19:00.6280629-05:00" testType="13cdc9d9-ddb5-4fa4-a97d-d965ccfc6d4b" outcome="Passed" testListId="8c84fa94-04c1-424b-9868-57a2d4851a1d" relativeResultsDirectory="1f09cd4a-94c5-4657-b044-d234047ad514" /><UnitTestResult executionId="ac3022db-ca61-4a7a-87ed-acc909607bfe" testId="b5dfa94e-595e-e829-e6e6-9a91f3b983ce" testName="Test317" computerName="md" duration="00:00:00.0059748" startTime="2018-11-12T00:19:00.0061676-05:00" endTime="2018-11-12T00:19:00.0122387-05:00" testType="13cdc9d9-ddb5-4fa4-a97d-d965ccfc6d4b" outcome="Passed" testListId="8c84fa94-04c1-424b-9868-57a2d4851a1d" relativeResultsDirectory="ac3022db-ca61-4a7a-87ed-acc909607bfe" /><UnitTestResult executionId="701c47ed-cbfa-4ac1-8d0d-aec9861fb829" testId="8a2b00c5-cca2-046a-e254-64f2012f549e" testName="Test006" computerName="md" duration="00:00:00.0000805" startTime="2018-11-12T00:19:03.3419033-05:00" endTime="2018-11-12T00:19:03.3421881-05:00" testType="13cdc9d9-ddb5-4fa4-a97d-d965ccfc6d4b" outcome="Passed" testListId="8c84fa94-04c1-424b-9868-57a2d4851a1d" relativeResultsDirectory="701c47ed-cbfa-4ac1-8d0d-aec9861fb829" /><UnitTestResult executionId="cc087087-c95a-4a88-836a-cc11d2c4f9d4" testId="c8946236-0b7a-668f-d894-3965bc646fc3" testName="Test018" computerName="md" duration="00:00:00.0000366" startTime="2018-11-12T00:19:03.3544426-05:00" endTime="2018-11-12T00:19:03.3545864-05:00" testType="13cdc9d9-ddb5-4fa4-a97d-d965ccfc6d4b" outcome="Passed" testListId="8c84fa94-04c1-424b-9868-57a2d4851a1d" relativeResultsDirectory="cc087087-c95a-4a88-836a-cc11d2c4f9d4" /><UnitTestResult executionId="3b66b8fb-b7ac-4e4c-865f-f6fd2a96da25" testId="fa16610d-2c78-f414-1db9-9121cc13d3a6" testName="Test006" computerName="md" duration="00:00:00.0057789" startTime="2018-11-12T00:18:58.2335198-05:00" endTime="2018-11-12T00:18:58.2395278-05:00" testType="13cdc9d9-ddb5-4fa4-a97d-d965ccfc6d4b" outcome="Passed" testListId="8c84fa94-04c1-424b-9868-57a2d4851a1d" relativeResultsDirectory="3b66b8fb-b7ac-4e4c-865f-f6fd2a96da25" /><UnitTestResult executionId="98e1c0b5-8ede-4b5d-aabd-765fc8efbf14" testId="54cb3202-4e67-dc0f-14b8-d4b80bc1f8e2" testName="Test010" computerName="md" duration="00:00:00.0043219" startTime="2018-11-12T00:19:01.9056012-05:00" endTime="2018-11-12T00:19:01.9100330-05:00" testType="13cdc9d9-ddb5-4fa4-a97d-d965ccfc6d4b" outcome="Passed" testListId="8c84fa94-04c1-424b-9868-57a2d4851a1d" relativeResultsDirectory="98e1c0b5-8ede-4b5d-aabd-765fc8efbf14" /><UnitTestResult executionId="90be7084-bdc9-4692-8989-c349992f2b0b" testId="a30322f8-e760-6544-5e8c-267f55a75c1f" testName="Test002" computerName="md" duration="00:00:00.0040365" startTime="2018-11-12T00:18:58.6539599-05:00" endTime="2018-11-12T00:18:58.6581019-05:00" testType="13cdc9d9-ddb5-4fa4-a97d-d965ccfc6d4b" outcome="Passed" testListId="8c84fa94-04c1-424b-9868-57a2d4851a1d" relativeResultsDirectory="90be7084-bdc9-4692-8989-c349992f2b0b" /><UnitTestResult executionId="e24bce5f-b410-42d5-b3ad-f4765dd41fd4" testId="f16ca367-e336-3810-ad13-72e9106e047d" testName="Test016" computerName="md" duration="00:00:00.0039908" startTime="2018-11-12T00:18:59.3894881-05:00" endTime="2018-11-12T00:18:59.3936672-05:00" testType="13cdc9d9-ddb5-4fa4-a97d-d965ccfc6d4b" outcome="Passed" testListId="8c84fa94-04c1-424b-9868-57a2d4851a1d" relativeResultsDirectory="e24bce5f-b410-42d5-b3ad-f4765dd41fd4" /><UnitTestResult executionId="e974cfec-3e15-4930-be53-76801e34ab0d" testId="6263dd80-bb9c-18d7-9500-4f95e1f38aa4" testName="Test030" computerName="md" duration="00:00:00.0102657" startTime="2018-11-12T00:19:01.1960561-05:00" endTime="2018-11-12T00:19:01.2064188-05:00" testType="13cdc9d9-ddb5-4fa4-a97d-d965ccfc6d4b" outcome="Passed" testListId="8c84fa94-04c1-424b-9868-57a2d4851a1d" relativeResultsDirectory="e974cfec-3e15-4930-be53-76801e34ab0d" /><UnitTestResult executionId="4b33b8c0-b27d-4c87-ae36-16d30e43c82b" testId="d081fca8-6e35-558b-dce4-19dabad68320" testName="Test001" computerName="md" duration="00:00:00.0023018" startTime="2018-11-12T00:19:02.6615915-05:00" endTime="2018-11-12T00:19:02.6645141-05:00" testType="13cdc9d9-ddb5-4fa4-a97d-d965ccfc6d4b" outcome="Passed" testListId="8c84fa94-04c1-424b-9868-57a2d4851a1d" relativeResultsDirectory="4b33b8c0-b27d-4c87-ae36-16d30e43c82b" /><UnitTestResult executionId="ba136962-b95d-43ec-ba31-d89999301ed7" testId="2891f8d6-dd8d-830a-2b9c-29a4c0a78931" testName="Test015" computerName="md" duration="00:00:00.0049017" startTime="2018-11-12T00:19:00.8119482-05:00" endTime="2018-11-12T00:19:00.8169843-05:00" testType="13cdc9d9-ddb5-4fa4-a97d-d965ccfc6d4b" outcome="Passed" testListId="8c84fa94-04c1-424b-9868-57a2d4851a1d" relativeResultsDirectory="ba136962-b95d-43ec-ba31-d89999301ed7" /><UnitTestResult executionId="3e6436e7-807f-4eaf-a9c0-371abbf20a12" testId="dc0b34e2-8522-1650-bdab-d35c5c7f3557" testName="Test004" computerName="md" duration="00:00:00.0047837" startTime="2018-11-12T00:18:58.2232100-05:00" endTime="2018-11-12T00:18:58.2282500-05:00" testType="13cdc9d9-ddb5-4fa4-a97d-d965ccfc6d4b" outcome="Passed" testListId="8c84fa94-04c1-424b-9868-57a2d4851a1d" relativeResultsDirectory="3e6436e7-807f-4eaf-a9c0-371abbf20a12" /><UnitTestResult executionId="da7a9772-96dc-4a6b-ab3b-2578853bc4c3" testId="52c823fc-e1e3-f42c-8334-adc10abd4f7a" testName="Test004" computerName="md" duration="00:00:00.0029622" startTime="2018-11-12T00:19:01.6028707-05:00" endTime="2018-11-12T00:19:01.6059258-05:00" testType="13cdc9d9-ddb5-4fa4-a97d-d965ccfc6d4b" outcome="Passed" testListId="8c84fa94-04c1-424b-9868-57a2d4851a1d" relativeResultsDirectory="da7a9772-96dc-4a6b-ab3b-2578853bc4c3" /><UnitTestResult executionId="da7aa042-f61d-4fcd-a26e-995890b5c195" testId="0199d409-1b54-2f77-8e23-b71982effd85" testName="Test041" computerName="md" duration="00:00:00.0040209" startTime="2018-11-12T00:19:02.9960316-05:00" endTime="2018-11-12T00:19:03.0001563-05:00" testType="13cdc9d9-ddb5-4fa4-a97d-d965ccfc6d4b" outcome="Passed" testListId="8c84fa94-04c1-424b-9868-57a2d4851a1d" relativeResultsDirectory="da7aa042-f61d-4fcd-a26e-995890b5c195" /><UnitTestResult executionId="db242bca-8deb-4367-a4ba-bb68f8d7b705" testId="081cf0d6-941c-e6e9-52ed-e72095b98eda" testName="Test073" computerName="md" duration="00:00:00.0011941" startTime="2018-11-12T00:18:58.7179333-05:00" endTime="2018-11-12T00:18:58.7192293-05:00" testType="13cdc9d9-ddb5-4fa4-a97d-d965ccfc6d4b" outcome="Passed" testListId="8c84fa94-04c1-424b-9868-57a2d4851a1d" relativeResultsDirectory="db242bca-8deb-4367-a4ba-bb68f8d7b705" /><UnitTestResult executionId="33ffa84a-ceaa-4816-9d92-ab94356bf65a" testId="bee7377c-cfd9-a864-5010-0a76d9371d7f" testName="Test003" computerName="md" duration="00:00:00.0091211" startTime="2018-11-12T00:18:57.5756593-05:00" endTime="2018-11-12T00:18:57.5848773-05:00" testType="13cdc9d9-ddb5-4fa4-a97d-d965ccfc6d4b" outcome="Passed" testListId="8c84fa94-04c1-424b-9868-57a2d4851a1d" relativeResultsDirectory="33ffa84a-ceaa-4816-9d92-ab94356bf65a" /><UnitTestResult executionId="4965750c-6df9-46fa-99be-dc09629e308b" testId="acb19e24-cb95-fdb5-2b4e-745f3a711139" testName="Test314" computerName="md" duration="00:00:00.0049260" startTime="2018-11-12T00:18:59.9809826-05:00" endTime="2018-11-12T00:18:59.9860255-05:00" testType="13cdc9d9-ddb5-4fa4-a97d-d965ccfc6d4b" outcome="Passed" testListId="8c84fa94-04c1-424b-9868-57a2d4851a1d" relativeResultsDirectory="4965750c-6df9-46fa-99be-dc09629e308b" /><UnitTestResult executionId="4be18d08-8a22-46f4-a87b-bcea85cb5346" testId="573fff83-dbfa-9991-a92c-6c87be7c2994" testName="Test027" computerName="md" duration="00:00:00.0141492" startTime="2018-11-12T00:18:58.5138615-05:00" endTime="2018-11-12T00:18:58.5281865-05:00" testType="13cdc9d9-ddb5-4fa4-a97d-d965ccfc6d4b" outcome="Passed" testListId="8c84fa94-04c1-424b-9868-57a2d4851a1d" relativeResultsDirectory="4be18d08-8a22-46f4-a87b-bcea85cb5346" /><UnitTestResult executionId="36e73508-6704-4e03-b339-e9cdf1938f85" testId="4c03fb80-fc8f-df1b-7840-33e81b4db5a9" testName="Test023" computerName="md" duration="00:00:00.0000388" startTime="2018-11-12T00:19:03.1036149-05:00" endTime="2018-11-12T00:19:03.1037591-05:00" testType="13cdc9d9-ddb5-4fa4-a97d-d965ccfc6d4b" outcome="Passed" testListId="8c84fa94-04c1-424b-9868-57a2d4851a1d" relativeResultsDirectory="36e73508-6704-4e03-b339-e9cdf1938f85" /><UnitTestResult executionId="cda7cba1-f5ae-4163-b2e8-16a9931cba1d" testId="f0e0bd32-113d-8739-708d-e711947270b7" testName="Test006" computerName="md" duration="00:00:00.0015238" startTime="2018-11-12T00:19:02.5738523-05:00" endTime="2018-11-12T00:19:02.5756229-05:00" testType="13cdc9d9-ddb5-4fa4-a97d-d965ccfc6d4b" outcome="Passed" testListId="8c84fa94-04c1-424b-9868-57a2d4851a1d" relativeResultsDirectory="cda7cba1-f5ae-4163-b2e8-16a9931cba1d" /><UnitTestResult executionId="be9849c2-d273-42c8-be9f-3fafd871b75e" testId="2d667deb-eeb7-2bca-75f6-85c80f9e3421" testName="Test035" computerName="md" duration="00:00:00.0028569" startTime="2018-11-12T00:19:02.0441373-05:00" endTime="2018-11-12T00:19:02.0471312-05:00" testType="13cdc9d9-ddb5-4fa4-a97d-d965ccfc6d4b" outcome="Passed" testListId="8c84fa94-04c1-424b-9868-57a2d4851a1d" relativeResultsDirectory="be9849c2-d273-42c8-be9f-3fafd871b75e" /><UnitTestResult executionId="310c9b38-5fe0-4c5c-8c76-4d0a79047abc" testId="37bfe4b8-3b96-8b65-7ef5-526266c9b3cf" testName="Test012" computerName="md" duration="00:00:00.0000480" startTime="2018-11-12T00:19:03.2462804-05:00" endTime="2018-11-12T00:19:03.2464267-05:00" testType="13cdc9d9-ddb5-4fa4-a97d-d965ccfc6d4b" outcome="Passed" testListId="8c84fa94-04c1-424b-9868-57a2d4851a1d" relativeResultsDirectory="310c9b38-5fe0-4c5c-8c76-4d0a79047abc" /><UnitTestResult executionId="e843fbd0-b95c-4183-a47c-259a9a312e44" testId="a5e426b4-84b4-8ca3-cfbb-68c66f4e3fb8" testName="Test072" computerName="md" duration="00:00:00.0020978" startTime="2018-11-12T00:18:58.7155872-05:00" endTime="2018-11-12T00:18:58.7179150-05:00" testType="13cdc9d9-ddb5-4fa4-a97d-d965ccfc6d4b" outcome="Passed" testListId="8c84fa94-04c1-424b-9868-57a2d4851a1d" relativeResultsDirectory="e843fbd0-b95c-4183-a47c-259a9a312e44" /><UnitTestResult executionId="356fb161-0a73-4ff1-a707-bbec459c9678" testId="d38811d6-4c23-e745-0f79-9ed2054c0015" testName="Test010" computerName="md" duration="00:00:00.0000092" startTime="2018-11-12T00:19:03.4130259-05:00" endTime="2018-11-12T00:19:03.4131504-05:00" testType="13cdc9d9-ddb5-4fa4-a97d-d965ccfc6d4b" outcome="Passed" testListId="8c84fa94-04c1-424b-9868-57a2d4851a1d" relativeResultsDirectory="356fb161-0a73-4ff1-a707-bbec459c9678" /><UnitTestResult executionId="edb6c077-bf19-4d60-aa7f-603111d771f4" testId="cc8391b0-72c5-5a9b-7779-55dc086fd691" testName="Test034" computerName="md" duration="00:00:00.0084475" startTime="2018-11-12T00:19:01.2295774-05:00" endTime="2018-11-12T00:19:01.2381178-05:00" testType="13cdc9d9-ddb5-4fa4-a97d-d965ccfc6d4b" outcome="Passed" testListId="8c84fa94-04c1-424b-9868-57a2d4851a1d" relativeResultsDirectory="edb6c077-bf19-4d60-aa7f-603111d771f4" /><UnitTestResult executionId="5ecee75c-9d4a-4fc1-923c-82f228751974" testId="096f3f32-908c-aec3-85fc-01c5cb5ecf88" testName="Test039" computerName="md" duration="00:00:00.0021315" startTime="2018-11-12T00:18:59.0475054-05:00" endTime="2018-11-12T00:18:59.0498581-05:00" testType="13cdc9d9-ddb5-4fa4-a97d-d965ccfc6d4b" outcome="Passed" testListId="8c84fa94-04c1-424b-9868-57a2d4851a1d" relativeResultsDirectory="5ecee75c-9d4a-4fc1-923c-82f228751974" /><UnitTestResult executionId="b160b36f-9269-42f0-bb94-c7df557cbddf" testId="9809ed0e-6635-d20e-b090-0627c86baa84" testName="Test221" computerName="md" duration="00:00:00.0046484" startTime="2018-11-12T00:18:59.7988627-05:00" endTime="2018-11-12T00:18:59.8036219-05:00" testType="13cdc9d9-ddb5-4fa4-a97d-d965ccfc6d4b" outcome="Passed" testListId="8c84fa94-04c1-424b-9868-57a2d4851a1d" relativeResultsDirectory="b160b36f-9269-42f0-bb94-c7df557cbddf" /><UnitTestResult executionId="c288e03c-fb58-4757-b944-52cf0aba8d69" testId="718bc922-dfe1-239a-4eec-190a3d1f0793" testName="Test015" computerName="md" duration="00:00:00.0020907" startTime="2018-11-12T00:19:02.7013952-05:00" endTime="2018-11-12T00:19:02.7035947-05:00" testType="13cdc9d9-ddb5-4fa4-a97d-d965ccfc6d4b" outcome="Passed" testListId="8c84fa94-04c1-424b-9868-57a2d4851a1d" relativeResultsDirectory="c288e03c-fb58-4757-b944-52cf0aba8d69" /><UnitTestResult executionId="8a4259ac-02dc-4fe9-98db-ef2aa4df1f67" testId="259ad55f-6f91-b633-7e82-32b693d1f5e6" testName="Test032" computerName="md" duration="00:00:00.0058731" startTime="2018-11-12T00:19:02.0175936-05:00" endTime="2018-11-12T00:19:02.0235891-05:00" testType="13cdc9d9-ddb5-4fa4-a97d-d965ccfc6d4b" outcome="Passed" testListId="8c84fa94-04c1-424b-9868-57a2d4851a1d" relativeResultsDirectory="8a4259ac-02dc-4fe9-98db-ef2aa4df1f67" /><UnitTestResult executionId="e55c24d6-730e-473e-8c52-ec0db35c6548" testId="69e6a3ab-1bc9-2ad8-ca3f-ec0c20bb14cd" testName="Test009" computerName="md" duration="00:00:00.0109651" startTime="2018-11-12T00:18:58.2691978-05:00" endTime="2018-11-12T00:18:58.2803510-05:00" testType="13cdc9d9-ddb5-4fa4-a97d-d965ccfc6d4b" outcome="Passed" testListId="8c84fa94-04c1-424b-9868-57a2d4851a1d" relativeResultsDirectory="e55c24d6-730e-473e-8c52-ec0db35c6548" /><UnitTestResult executionId="39ad3943-3031-4acb-bcf8-d4d3c54c821f" testId="4d60196f-45f5-95b4-5635-d3a0e15064e5" testName="Test004" computerName="md" duration="00:00:00.0013972" startTime="2018-11-12T00:19:00.2460834-05:00" endTime="2018-11-12T00:19:00.2475654-05:00" testType="13cdc9d9-ddb5-4fa4-a97d-d965ccfc6d4b" outcome="Passed" testListId="8c84fa94-04c1-424b-9868-57a2d4851a1d" relativeResultsDirectory="39ad3943-3031-4acb-bcf8-d4d3c54c821f" /><UnitTestResult executionId="27584b42-20fa-4ff1-827a-6fa39eba0c07" testId="89dfd00f-2b7f-2b0b-6500-cd02ddd3235a" testName="Test003" computerName="md" duration="00:00:00.0002280" startTime="2018-11-12T00:19:02.9365997-05:00" endTime="2018-11-12T00:19:02.9369749-05:00" testType="13cdc9d9-ddb5-4fa4-a97d-d965ccfc6d4b" outcome="Passed" testListId="8c84fa94-04c1-424b-9868-57a2d4851a1d" relativeResultsDirectory="27584b42-20fa-4ff1-827a-6fa39eba0c07" /><UnitTestResult executionId="c64d1dd6-45dd-46ac-bbc2-a1596e9de36b" testId="d20aad79-4eac-ca7a-a21c-9c7fdbe65298" testName="Test063" computerName="md" duration="00:00:00.0017416" startTime="2018-11-12T00:18:58.7096998-05:00" endTime="2018-11-12T00:18:58.7115937-05:00" testType="13cdc9d9-ddb5-4fa4-a97d-d965ccfc6d4b" outcome="Passed" testListId="8c84fa94-04c1-424b-9868-57a2d4851a1d" relativeResultsDirectory="c64d1dd6-45dd-46ac-bbc2-a1596e9de36b" /><UnitTestResult executionId="ebbe0225-1dca-464c-8e9a-a42d02d51b11" testId="5953beb3-14c9-9b14-dad1-480e9367117f" testName="Test011" computerName="md" duration="00:00:00.0003232" startTime="2018-11-12T00:18:59.1777535-05:00" endTime="2018-11-12T00:18:59.1781675-05:00" testType="13cdc9d9-ddb5-4fa4-a97d-d965ccfc6d4b" outcome="Passed" testListId="8c84fa94-04c1-424b-9868-57a2d4851a1d" relativeResultsDirectory="ebbe0225-1dca-464c-8e9a-a42d02d51b11" /><UnitTestResult executionId="4b984bf6-340b-46d0-9fd0-f0eebda2cec6" testId="6a4cd155-75ea-a975-8c6a-bf1e9ba586dc" testName="Test004" computerName="md" duration="00:00:00.0000113" startTime="2018-11-12T00:19:03.1754777-05:00" endTime="2018-11-12T00:19:03.1755963-05:00" testType="13cdc9d9-ddb5-4fa4-a97d-d965ccfc6d4b" outcome="Passed" testListId="8c84fa94-04c1-424b-9868-57a2d4851a1d" relativeResultsDirectory="4b984bf6-340b-46d0-9fd0-f0eebda2cec6" /><UnitTestResult executionId="fdcd83f0-0d08-47ce-a992-0df6ed05b637" testId="28389296-a4a9-00a2-c8a6-400ac42ceafb" testName="Test002" computerName="md" duration="00:00:00.0043369" startTime="2018-11-12T00:19:02.3254227-05:00" endTime="2018-11-12T00:19:02.3298737-05:00" testType="13cdc9d9-ddb5-4fa4-a97d-d965ccfc6d4b" outcome="Passed" testListId="8c84fa94-04c1-424b-9868-57a2d4851a1d" relativeResultsDirectory="fdcd83f0-0d08-47ce-a992-0df6ed05b637" /><UnitTestResult executionId="963f6e81-54ba-4f85-ac38-e55370b13bf3" testId="5cd67893-5098-0b6e-06cd-e7f7aad535de" testName="Test001" computerName="md" duration="00:00:00.0032071" startTime="2018-11-12T00:19:00.3052620-05:00" endTime="2018-11-12T00:19:00.3092131-05:00" testType="13cdc9d9-ddb5-4fa4-a97d-d965ccfc6d4b" outcome="Passed" testListId="8c84fa94-04c1-424b-9868-57a2d4851a1d" relativeResultsDirectory="963f6e81-54ba-4f85-ac38-e55370b13bf3" /><UnitTestResult executionId="2848f8fa-5a5d-4c8c-a76f-030a8fb2d1af" testId="ce18901e-6082-6ff4-cecd-6bbd4188495c" testName="Test005" computerName="md" duration="00:00:00.0064484" startTime="2018-11-12T00:19:00.1826491-05:00" endTime="2018-11-12T00:19:00.1892503-05:00" testType="13cdc9d9-ddb5-4fa4-a97d-d965ccfc6d4b" outcome="Passed" testListId="8c84fa94-04c1-424b-9868-57a2d4851a1d" relativeResultsDirectory="2848f8fa-5a5d-4c8c-a76f-030a8fb2d1af" /><UnitTestResult executionId="910a5526-4838-4ef5-9982-58795ef1628f" testId="f8f45ba2-de50-38ff-7b00-e4f100753955" testName="Test009" computerName="md" duration="00:00:00.0000087" startTime="2018-11-12T00:19:03.4128695-05:00" endTime="2018-11-12T00:19:03.4129753-05:00" testType="13cdc9d9-ddb5-4fa4-a97d-d965ccfc6d4b" outcome="Passed" testListId="8c84fa94-04c1-424b-9868-57a2d4851a1d" relativeResultsDirectory="910a5526-4838-4ef5-9982-58795ef1628f" /><UnitTestResult executionId="ca60cd4a-0420-43d2-82ea-7adbed95257b" testId="65e04647-c2e6-4404-2cf5-2812a0b15876" testName="Test134" computerName="md" duration="00:00:00.0044145" startTime="2018-11-12T00:18:59.6181426-05:00" endTime="2018-11-12T00:18:59.6226578-05:00" testType="13cdc9d9-ddb5-4fa4-a97d-d965ccfc6d4b" outcome="Passed" testListId="8c84fa94-04c1-424b-9868-57a2d4851a1d" relativeResultsDirectory="ca60cd4a-0420-43d2-82ea-7adbed95257b" /><UnitTestResult executionId="b316f834-d20d-4230-beec-54ef09e79e48" testId="e11fb4fe-cdac-0970-e8b6-01b06763c7ad" testName="Test059" computerName="md" duration="00:00:00.0000760" startTime="2018-11-12T00:19:03.1519344-05:00" endTime="2018-11-12T00:19:03.1521172-05:00" testType="13cdc9d9-ddb5-4fa4-a97d-d965ccfc6d4b" outcome="Passed" testListId="8c84fa94-04c1-424b-9868-57a2d4851a1d" relativeResultsDirectory="b316f834-d20d-4230-beec-54ef09e79e48" /><UnitTestResult executionId="2bc8e443-9411-4cff-b1c1-0017818d380a" testId="b7e88f3f-0fad-9765-cb15-4e1c204d7e7a" testName="Test006" computerName="md" duration="00:00:00.0062807" startTime="2018-11-12T00:19:02.7746281-05:00" endTime="2018-11-12T00:19:02.7810246-05:00" testType="13cdc9d9-ddb5-4fa4-a97d-d965ccfc6d4b" outcome="Passed" testListId="8c84fa94-04c1-424b-9868-57a2d4851a1d" relativeResultsDirectory="2bc8e443-9411-4cff-b1c1-0017818d380a" /><UnitTestResult executionId="b8069266-9db7-4808-b1c4-e7e071572bab" testId="ca864f62-fbad-3bf0-6506-0f9be6b90753" testName="Test302" computerName="md" duration="00:00:00.0047767" startTime="2018-11-12T00:18:59.9073915-05:00" endTime="2018-11-12T00:18:59.9122698-05:00" testType="13cdc9d9-ddb5-4fa4-a97d-d965ccfc6d4b" outcome="Passed" testListId="8c84fa94-04c1-424b-9868-57a2d4851a1d" relativeResultsDirectory="b8069266-9db7-4808-b1c4-e7e071572bab" /><UnitTestResult executionId="1950cb89-9178-4793-abcf-54ac98909111" testId="765e8156-5b57-3984-21d5-6e35ae9ab17c" testName="Test030" computerName="md" duration="00:00:00.0042330" startTime="2018-11-12T00:19:00.9637098-05:00" endTime="2018-11-12T00:19:00.9680712-05:00" testType="13cdc9d9-ddb5-4fa4-a97d-d965ccfc6d4b" outcome="Passed" testListId="8c84fa94-04c1-424b-9868-57a2d4851a1d" relativeResultsDirectory="1950cb89-9178-4793-abcf-54ac98909111" /><UnitTestResult executionId="c405da29-c1da-4d5a-b653-f6f16bcbea78" testId="827f7237-0c4b-2384-3042-ffc575214aa5" testName="Test027" computerName="md" duration="00:00:00.0000296" startTime="2018-11-12T00:19:03.3645045-05:00" endTime="2018-11-12T00:19:03.3646369-05:00" testType="13cdc9d9-ddb5-4fa4-a97d-d965ccfc6d4b" outcome="Passed" testListId="8c84fa94-04c1-424b-9868-57a2d4851a1d" relativeResultsDirectory="c405da29-c1da-4d5a-b653-f6f16bcbea78" /><UnitTestResult executionId="da3c9f33-53c5-492f-a0ee-3274479a26ed" testId="d6c12351-26c3-dd2a-6dca-2b54f184c7af" testName="Test016" computerName="md" duration="00:00:00.0001733" startTime="2018-11-12T00:19:01.8567364-05:00" endTime="2018-11-12T00:19:01.8570198-05:00" testType="13cdc9d9-ddb5-4fa4-a97d-d965ccfc6d4b" outcome="Passed" testListId="8c84fa94-04c1-424b-9868-57a2d4851a1d" relativeResultsDirectory="da3c9f33-53c5-492f-a0ee-3274479a26ed" /><UnitTestResult executionId="f103b324-7330-495a-a8ec-889ed8006348" testId="a41641b9-033c-3ebc-c98a-d7b1cb6564f1" testName="Test013" computerName="md" duration="00:00:00.0038687" startTime="2018-11-12T00:19:01.5433539-05:00" endTime="2018-11-12T00:19:01.5474946-05:00" testType="13cdc9d9-ddb5-4fa4-a97d-d965ccfc6d4b" outcome="Passed" testListId="8c84fa94-04c1-424b-9868-57a2d4851a1d" relativeResultsDirectory="f103b324-7330-495a-a8ec-889ed8006348" /><UnitTestResult executionId="d00b48e5-4613-4ce9-abd7-a477544dafea" testId="c2c2d9ee-84e4-bc40-e00f-e8045f89fd1c" testName="Test006" computerName="md" duration="00:00:00.0044426" startTime="2018-11-12T00:19:00.5615373-05:00" endTime="2018-11-12T00:19:00.5660736-05:00" testType="13cdc9d9-ddb5-4fa4-a97d-d965ccfc6d4b" outcome="Passed" testListId="8c84fa94-04c1-424b-9868-57a2d4851a1d" relativeResultsDirectory="d00b48e5-4613-4ce9-abd7-a477544dafea" /><UnitTestResult executionId="bc5dab02-d1af-446d-ac7b-7ab68c04f4a9" testId="14504b16-e2ca-ac71-0b2d-229cfb9f14fe" testName="Test311" computerName="md" duration="00:00:00.0049172" startTime="2018-11-12T00:18:59.9645534-05:00" endTime="2018-11-12T00:18:59.9695848-05:00" testType="13cdc9d9-ddb5-4fa4-a97d-d965ccfc6d4b" outcome="Passed" testListId="8c84fa94-04c1-424b-9868-57a2d4851a1d" relativeResultsDirectory="bc5dab02-d1af-446d-ac7b-7ab68c04f4a9" /><UnitTestResult executionId="98caae09-b067-45e4-96b4-bba5ab849103" testId="52ba6b2b-938f-fdd1-0e6b-6af584b3b4bd" testName="Test003" computerName="md" duration="00:00:00.0033680" startTime="2018-11-12T00:19:01.5217182-05:00" endTime="2018-11-12T00:19:01.5252306-05:00" testType="13cdc9d9-ddb5-4fa4-a97d-d965ccfc6d4b" outcome="Passed" testListId="8c84fa94-04c1-424b-9868-57a2d4851a1d" relativeResultsDirectory="98caae09-b067-45e4-96b4-bba5ab849103" /><UnitTestResult executionId="75f751d1-7d93-44a0-ab48-fac0e2061915" testId="8b8e6b9a-3492-b121-1bdd-682d524e890e" testName="Test009" computerName="md" duration="00:00:00.0002113" startTime="2018-11-12T00:19:02.2363700-05:00" endTime="2018-11-12T00:19:02.2367517-05:00" testType="13cdc9d9-ddb5-4fa4-a97d-d965ccfc6d4b" outcome="Passed" testListId="8c84fa94-04c1-424b-9868-57a2d4851a1d" relativeResultsDirectory="75f751d1-7d93-44a0-ab48-fac0e2061915" /><UnitTestResult executionId="adab58d2-9d1f-4bd9-b9d5-ee21f1ed1083" testId="e3e1f97b-62e7-9751-b3ca-ae8cbfef73ba" testName="Test016" computerName="md" duration="00:00:00.0055290" startTime="2018-11-12T00:19:00.8169977-05:00" endTime="2018-11-12T00:19:00.8226453-05:00" testType="13cdc9d9-ddb5-4fa4-a97d-d965ccfc6d4b" outcome="Passed" testListId="8c84fa94-04c1-424b-9868-57a2d4851a1d" relativeResultsDirectory="adab58d2-9d1f-4bd9-b9d5-ee21f1ed1083" /><UnitTestResult executionId="4ba5db92-9370-4450-a214-bd6db8527f2a" testId="9eb0fc04-8d86-220a-b23a-9b9a4677704a" testName="Test019" computerName="md" duration="00:00:00.0066513" startTime="2018-11-12T00:18:58.4259967-05:00" endTime="2018-11-12T00:18:58.4327772-05:00" testType="13cdc9d9-ddb5-4fa4-a97d-d965ccfc6d4b" outcome="Passed" testListId="8c84fa94-04c1-424b-9868-57a2d4851a1d" relativeResultsDirectory="4ba5db92-9370-4450-a214-bd6db8527f2a" /><UnitTestResult executionId="22d3b715-0016-4b59-a740-d4d7b4bbf19b" testId="4eef55e8-a09f-e6a4-a20a-5b60bb027d13" testName="Test012" computerName="md" duration="00:00:00.0000137" startTime="2018-11-12T00:19:03.0683990-05:00" endTime="2018-11-12T00:19:03.0685118-05:00" testType="13cdc9d9-ddb5-4fa4-a97d-d965ccfc6d4b" outcome="Passed" testListId="8c84fa94-04c1-424b-9868-57a2d4851a1d" relativeResultsDirectory="22d3b715-0016-4b59-a740-d4d7b4bbf19b" /><UnitTestResult executionId="c0dd6c61-c8cb-40aa-a51f-5cbd6ccc52b0" testId="0e44ff30-20b9-5c1b-5a98-65b633d8b934" testName="Test008" computerName="md" duration="00:00:00.0019004" startTime="2018-11-12T00:19:02.6856357-05:00" endTime="2018-11-12T00:19:02.6876469-05:00" testType="13cdc9d9-ddb5-4fa4-a97d-d965ccfc6d4b" outcome="Passed" testListId="8c84fa94-04c1-424b-9868-57a2d4851a1d" relativeResultsDirectory="c0dd6c61-c8cb-40aa-a51f-5cbd6ccc52b0" /><UnitTestResult executionId="cd50f613-5809-409d-9acf-e928c08c26d8" testId="d827611d-5b7c-7fe6-1468-74871bd73632" testName="Test022" computerName="md" duration="00:00:00.0001789" startTime="2018-11-12T00:19:01.8667429-05:00" endTime="2018-11-12T00:19:01.8670321-05:00" testType="13cdc9d9-ddb5-4fa4-a97d-d965ccfc6d4b" outcome="Passed" testListId="8c84fa94-04c1-424b-9868-57a2d4851a1d" relativeResultsDirectory="cd50f613-5809-409d-9acf-e928c08c26d8" /><UnitTestResult executionId="06abf455-e561-4138-b18e-1054d3c3c111" testId="5245ea3e-d11f-6b94-2cc5-f1f78a3ced1c" testName="Test025" computerName="md" duration="00:00:00.0036405" startTime="2018-11-12T00:19:00.9323081-05:00" endTime="2018-11-12T00:19:00.9360476-05:00" testType="13cdc9d9-ddb5-4fa4-a97d-d965ccfc6d4b" outcome="Passed" testListId="8c84fa94-04c1-424b-9868-57a2d4851a1d" relativeResultsDirectory="06abf455-e561-4138-b18e-1054d3c3c111" /><UnitTestResult executionId="a8e5342d-f838-4ca3-8bac-d55bacc0da0f" testId="592f9398-cb69-809e-ce1c-bf1b1be3eb8d" testName="Test238" computerName="md" duration="00:00:00.0044429" startTime="2018-11-12T00:18:59.8676603-05:00" endTime="2018-11-12T00:18:59.8722100-05:00" testType="13cdc9d9-ddb5-4fa4-a97d-d965ccfc6d4b" outcome="Passed" testListId="8c84fa94-04c1-424b-9868-57a2d4851a1d" relativeResultsDirectory="a8e5342d-f838-4ca3-8bac-d55bacc0da0f" /><UnitTestResult executionId="306dca8b-50e5-4709-8198-fda28503093b" testId="c3722685-3b92-0501-8835-0fa5189dfff4" testName="Test019" computerName="md" duration="00:00:00.0000346" startTime="2018-11-12T00:19:03.0971407-05:00" endTime="2018-11-12T00:19:03.0972839-05:00" testType="13cdc9d9-ddb5-4fa4-a97d-d965ccfc6d4b" outcome="Passed" testListId="8c84fa94-04c1-424b-9868-57a2d4851a1d" relativeResultsDirectory="306dca8b-50e5-4709-8198-fda28503093b" /><UnitTestResult executionId="48c7ed4f-bd6a-493a-8dcb-e4b42b17596d" testId="a7b7251f-0807-1c9f-a6ef-ed10c30d1337" testName="Test026" computerName="md" duration="00:00:00.0039034" startTime="2018-11-12T00:19:02.9202130-05:00" endTime="2018-11-12T00:19:02.9242305-05:00" testType="13cdc9d9-ddb5-4fa4-a97d-d965ccfc6d4b" outcome="Passed" testListId="8c84fa94-04c1-424b-9868-57a2d4851a1d" relativeResultsDirectory="48c7ed4f-bd6a-493a-8dcb-e4b42b17596d" /><UnitTestResult executionId="868cd940-fb68-4934-a476-a05c345f204c" testId="75e771ab-7553-f35e-a6b1-d7202a3bddc5" testName="Test003" computerName="md" duration="00:00:00.0038701" startTime="2018-11-12T00:19:00.1747938-05:00" endTime="2018-11-12T00:19:00.1787562-05:00" testType="13cdc9d9-ddb5-4fa4-a97d-d965ccfc6d4b" outcome="Passed" testListId="8c84fa94-04c1-424b-9868-57a2d4851a1d" relativeResultsDirectory="868cd940-fb68-4934-a476-a05c345f204c" /><UnitTestResult executionId="2d74ba7d-7112-4fba-8736-dca5db5aa885" testId="2e447a22-772f-6edd-087e-14fa04546fc8" testName="Test031" computerName="md" duration="00:00:00.0000744" startTime="2018-11-12T00:19:03.1152445-05:00" endTime="2018-11-12T00:19:03.1155090-05:00" testType="13cdc9d9-ddb5-4fa4-a97d-d965ccfc6d4b" outcome="Passed" testListId="8c84fa94-04c1-424b-9868-57a2d4851a1d" relativeResultsDirectory="2d74ba7d-7112-4fba-8736-dca5db5aa885" /><UnitTestResult executionId="caaf9b63-277f-4f6d-80af-b73ce1147128" testId="9be486a2-194c-e862-37db-dadf1cd4a139" testName="Test011" computerName="md" duration="00:00:00.0019853" startTime="2018-11-12T00:19:02.6934534-05:00" endTime="2018-11-12T00:19:02.6955501-05:00" testType="13cdc9d9-ddb5-4fa4-a97d-d965ccfc6d4b" outcome="Passed" testListId="8c84fa94-04c1-424b-9868-57a2d4851a1d" relativeResultsDirectory="caaf9b63-277f-4f6d-80af-b73ce1147128" /><UnitTestResult executionId="0dba01b3-0cdf-478c-a71b-34dad88a9f14" testId="4a204c68-fe85-134e-0e52-4c07f06de425" testName="Test055" computerName="md" duration="00:00:00.0000433" startTime="2018-11-12T00:19:03.1386085-05:00" endTime="2018-11-12T00:19:03.1387536-05:00" testType="13cdc9d9-ddb5-4fa4-a97d-d965ccfc6d4b" outcome="Passed" testListId="8c84fa94-04c1-424b-9868-57a2d4851a1d" relativeResultsDirectory="0dba01b3-0cdf-478c-a71b-34dad88a9f14" /><UnitTestResult executionId="4088d36e-c080-4ee9-bb1a-fb4dacd846f1" testId="13b6c9a8-633d-ce08-814f-e84b5ecec1ca" testName="Test006" computerName="md" duration="00:00:00.0002803" startTime="2018-11-12T00:19:03.0427336-05:00" endTime="2018-11-12T00:19:03.0431372-05:00" testType="13cdc9d9-ddb5-4fa4-a97d-d965ccfc6d4b" outcome="Passed" testListId="8c84fa94-04c1-424b-9868-57a2d4851a1d" relativeResultsDirectory="4088d36e-c080-4ee9-bb1a-fb4dacd846f1" /><UnitTestResult executionId="0dd4ea9d-6b81-4d9e-ba68-9b6f09bbe43d" testId="264d0057-23a6-2711-f5d0-41dabf174d57" testName="Test014" computerName="md" duration="00:00:00.0000210" startTime="2018-11-12T00:19:03.0747234-05:00" endTime="2018-11-12T00:19:03.0774531-05:00" testType="13cdc9d9-ddb5-4fa4-a97d-d965ccfc6d4b" outcome="Passed" testListId="8c84fa94-04c1-424b-9868-57a2d4851a1d" relativeResultsDirectory="0dd4ea9d-6b81-4d9e-ba68-9b6f09bbe43d" /><UnitTestResult executionId="7804587b-cc18-40e2-bcd1-c7eb4da921b3" testId="ce065e21-967f-a515-0b1a-607385cd4be9" testName="Test110" computerName="md" duration="00:00:00.0044737" startTime="2018-11-12T00:18:59.5375931-05:00" endTime="2018-11-12T00:18:59.5421730-05:00" testType="13cdc9d9-ddb5-4fa4-a97d-d965ccfc6d4b" outcome="Passed" testListId="8c84fa94-04c1-424b-9868-57a2d4851a1d" relativeResultsDirectory="7804587b-cc18-40e2-bcd1-c7eb4da921b3" /><UnitTestResult executionId="7f7495e0-870c-4718-adbc-caf50f6c5743" testId="96edacb4-59df-a83f-631e-a9a87ac38e8d" testName="Test003" computerName="md" duration="00:00:00.0008361" startTime="2018-11-12T00:19:02.9370330-05:00" endTime="2018-11-12T00:19:02.9382298-05:00" testType="13cdc9d9-ddb5-4fa4-a97d-d965ccfc6d4b" outcome="Passed" testListId="8c84fa94-04c1-424b-9868-57a2d4851a1d" relativeResultsDirectory="7f7495e0-870c-4718-adbc-caf50f6c5743" /><UnitTestResult executionId="e5c61152-6f3c-458b-821c-d472bace3322" testId="2e70ebc3-f3fc-690d-74bf-0963e0e5f25a" testName="Test025" computerName="md" duration="00:00:00.0000456" startTime="2018-11-12T00:19:03.2547872-05:00" endTime="2018-11-12T00:19:03.2549244-05:00" testType="13cdc9d9-ddb5-4fa4-a97d-d965ccfc6d4b" outcome="Passed" testListId="8c84fa94-04c1-424b-9868-57a2d4851a1d" relativeResultsDirectory="e5c61152-6f3c-458b-821c-d472bace3322" /><UnitTestResult executionId="f70ebe45-fb29-48a0-92a5-d2eb1435531f" testId="f8ea3091-4c49-00a5-a80b-6e1193887841" testName="Test007" computerName="md" duration="00:00:00.0000685" startTime="2018-11-12T00:19:03.2369620-05:00" endTime="2018-11-12T00:19:03.2371271-05:00" testType="13cdc9d9-ddb5-4fa4-a97d-d965ccfc6d4b" outcome="Passed" testListId="8c84fa94-04c1-424b-9868-57a2d4851a1d" relativeResultsDirectory="f70ebe45-fb29-48a0-92a5-d2eb1435531f" /><UnitTestResult executionId="d80a121b-b9f9-4fe3-8fd2-a3f80524aa4e" testId="c1822651-d837-ac2b-4bc2-f2a4fb7d95d7" testName="Test029" computerName="md" duration="00:00:00.0000813" startTime="2018-11-12T00:19:03.2614014-05:00" endTime="2018-11-12T00:19:03.2618770-05:00" testType="13cdc9d9-ddb5-4fa4-a97d-d965ccfc6d4b" outcome="Passed" testListId="8c84fa94-04c1-424b-9868-57a2d4851a1d" relativeResultsDirectory="d80a121b-b9f9-4fe3-8fd2-a3f80524aa4e" /><UnitTestResult executionId="6e4b2aa6-4b28-473a-8981-7329958da9e9" testId="f23eaac5-dce1-c144-23f5-144f720aab77" testName="Test012" computerName="md" duration="00:00:00.0007694" startTime="2018-11-12T00:18:59.1781854-05:00" endTime="2018-11-12T00:18:59.1790443-05:00" testType="13cdc9d9-ddb5-4fa4-a97d-d965ccfc6d4b" outcome="Passed" testListId="8c84fa94-04c1-424b-9868-57a2d4851a1d" relativeResultsDirectory="6e4b2aa6-4b28-473a-8981-7329958da9e9" /><UnitTestResult executionId="93f54ae7-72df-4ad8-92fa-f4e748af4663" testId="e956d50e-7beb-e778-9c55-9451875179b1" testName="Test004" computerName="md" duration="00:00:00.0045451" startTime="2018-11-12T00:19:00.0963799-05:00" endTime="2018-11-12T00:19:00.1010195-05:00" testType="13cdc9d9-ddb5-4fa4-a97d-d965ccfc6d4b" outcome="Passed" testListId="8c84fa94-04c1-424b-9868-57a2d4851a1d" relativeResultsDirectory="93f54ae7-72df-4ad8-92fa-f4e748af4663" /><UnitTestResult executionId="419d79cd-1068-43b6-a18e-7ae115aa2ae0" testId="40187280-814f-e103-a489-8ee41cda8f5f" testName="Test008" computerName="md" duration="00:00:00.0026740" startTime="2018-11-12T00:19:02.2747710-05:00" endTime="2018-11-12T00:19:02.2775506-05:00" testType="13cdc9d9-ddb5-4fa4-a97d-d965ccfc6d4b" outcome="Passed" testListId="8c84fa94-04c1-424b-9868-57a2d4851a1d" relativeResultsDirectory="419d79cd-1068-43b6-a18e-7ae115aa2ae0" /><UnitTestResult executionId="c22d8542-2af9-4c8c-99fa-15edbd51b999" testId="be8a6b33-ecf7-5215-08e4-1d186b8d741c" testName="Test027" computerName="md" duration="00:00:00.0060347" startTime="2018-11-12T00:19:00.4955275-05:00" endTime="2018-11-12T00:19:00.5016628-05:00" testType="13cdc9d9-ddb5-4fa4-a97d-d965ccfc6d4b" outcome="Passed" testListId="8c84fa94-04c1-424b-9868-57a2d4851a1d" relativeResultsDirectory="c22d8542-2af9-4c8c-99fa-15edbd51b999" /><UnitTestResult executionId="4948a58c-bec2-4f5b-875d-6721fed1f828" testId="9c10be56-d206-5255-3efb-2d4b5d795b59" testName="Test008" computerName="md" duration="00:00:00.0000462" startTime="2018-11-12T00:19:03.0866638-05:00" endTime="2018-11-12T00:19:03.0868090-05:00" testType="13cdc9d9-ddb5-4fa4-a97d-d965ccfc6d4b" outcome="Passed" testListId="8c84fa94-04c1-424b-9868-57a2d4851a1d" relativeResultsDirectory="4948a58c-bec2-4f5b-875d-6721fed1f828" /><UnitTestResult executionId="959b2d39-2f58-4c7d-930f-a8b6f83ad9bf" testId="c32a4a99-5fb2-0c55-89cc-a1183ddf07f8" testName="Test012" computerName="md" duration="00:00:00.0001681" startTime="2018-11-12T00:19:01.8257391-05:00" endTime="2018-11-12T00:19:01.8260051-05:00" testType="13cdc9d9-ddb5-4fa4-a97d-d965ccfc6d4b" outcome="Passed" testListId="8c84fa94-04c1-424b-9868-57a2d4851a1d" relativeResultsDirectory="959b2d39-2f58-4c7d-930f-a8b6f83ad9bf" /><UnitTestResult executionId="6385c380-f36e-4ffe-9202-a064db898c31" testId="05e56488-53f2-a41e-e624-beb2d1adba43" testName="Test022" computerName="md" duration="00:00:00.0083105" startTime="2018-11-12T00:19:00.6898219-05:00" endTime="2018-11-12T00:19:00.6982833-05:00" testType="13cdc9d9-ddb5-4fa4-a97d-d965ccfc6d4b" outcome="Passed" testListId="8c84fa94-04c1-424b-9868-57a2d4851a1d" relativeResultsDirectory="6385c380-f36e-4ffe-9202-a064db898c31" /><UnitTestResult executionId="bec0c11d-a0e7-4480-bc7b-474778f874da" testId="850a5f1a-bf71-34a6-e0f2-0264c3e5e015" testName="Test028" computerName="md" duration="00:00:00.0115537" startTime="2018-11-12T00:19:01.1746061-05:00" endTime="2018-11-12T00:19:01.1863200-05:00" testType="13cdc9d9-ddb5-4fa4-a97d-d965ccfc6d4b" outcome="Passed" testListId="8c84fa94-04c1-424b-9868-57a2d4851a1d" relativeResultsDirectory="bec0c11d-a0e7-4480-bc7b-474778f874da" /><UnitTestResult executionId="ca6f6f7f-7223-4675-8d8b-b4e4eee1bdaa" testId="a67a5111-8a14-c1a7-dc01-3223f72c32a2" testName="Test019" computerName="md" duration="00:00:00.0036155" startTime="2018-11-12T00:19:01.6750334-05:00" endTime="2018-11-12T00:19:01.6787582-05:00" testType="13cdc9d9-ddb5-4fa4-a97d-d965ccfc6d4b" outcome="Passed" testListId="8c84fa94-04c1-424b-9868-57a2d4851a1d" relativeResultsDirectory="ca6f6f7f-7223-4675-8d8b-b4e4eee1bdaa" /><UnitTestResult executionId="50646e42-e3dd-4bd6-85db-ea0f61572912" testId="bb4bae9d-5ca4-1608-77b1-b69ed9274ff7" testName="Test029" computerName="md" duration="00:00:00.0161021" startTime="2018-11-12T00:18:58.0761170-05:00" endTime="2018-11-12T00:18:58.0924773-05:00" testType="13cdc9d9-ddb5-4fa4-a97d-d965ccfc6d4b" outcome="Passed" testListId="8c84fa94-04c1-424b-9868-57a2d4851a1d" relativeResultsDirectory="50646e42-e3dd-4bd6-85db-ea0f61572912" /><UnitTestResult executionId="8108bda3-12e7-451f-a7a0-766c86efa66d" testId="fe63d8ac-1bce-44db-860c-b8789fa143c3" testName="Test008" computerName="md" duration="00:00:00.0043926" startTime="2018-11-12T00:19:01.6237225-05:00" endTime="2018-11-12T00:19:01.6282127-05:00" testType="13cdc9d9-ddb5-4fa4-a97d-d965ccfc6d4b" outcome="Passed" testListId="8c84fa94-04c1-424b-9868-57a2d4851a1d" relativeResultsDirectory="8108bda3-12e7-451f-a7a0-766c86efa66d" /><UnitTestResult executionId="a6cbdd80-3682-41e5-85fe-42695306d9c9" testId="1a7fa820-823c-22ae-a932-27f1ba39c948" testName="Test039" computerName="md" duration="00:00:00.0054885" startTime="2018-11-12T00:19:02.0619105-05:00" endTime="2018-11-12T00:19:02.0675197-05:00" testType="13cdc9d9-ddb5-4fa4-a97d-d965ccfc6d4b" outcome="Passed" testListId="8c84fa94-04c1-424b-9868-57a2d4851a1d" relativeResultsDirectory="a6cbdd80-3682-41e5-85fe-42695306d9c9" /><UnitTestResult executionId="99417737-8b29-4e15-a7b8-e3d3153e4415" testId="b56181a6-d2b9-3c7d-95c8-679a954eaa8a" testName="Test009" computerName="md" duration="00:00:00.0000702" startTime="2018-11-12T00:19:03.3425974-05:00" endTime="2018-11-12T00:19:03.3427746-05:00" testType="13cdc9d9-ddb5-4fa4-a97d-d965ccfc6d4b" outcome="Passed" testListId="8c84fa94-04c1-424b-9868-57a2d4851a1d" relativeResultsDirectory="99417737-8b29-4e15-a7b8-e3d3153e4415" /><UnitTestResult executionId="4f70c718-720c-4c8d-8a43-c985e3e29ac1" testId="3e1ecace-2104-9ad0-23ff-910b9f7771ef" testName="Test008" computerName="md" duration="00:00:00.0043757" startTime="2018-11-12T00:19:03.1610379-05:00" endTime="2018-11-12T00:19:03.1655469-05:00" testType="13cdc9d9-ddb5-4fa4-a97d-d965ccfc6d4b" outcome="Passed" testListId="8c84fa94-04c1-424b-9868-57a2d4851a1d" relativeResultsDirectory="4f70c718-720c-4c8d-8a43-c985e3e29ac1" /><UnitTestResult executionId="2311046b-300c-4ea7-8538-82631dd11097" testId="03dadbbe-0c88-941d-5bf4-0b280f119d5d" testName="Test021" computerName="md" duration="00:00:00.0010697" startTime="2018-11-12T00:19:02.9855672-05:00" endTime="2018-11-12T00:19:02.9867530-05:00" testType="13cdc9d9-ddb5-4fa4-a97d-d965ccfc6d4b" outcome="Passed" testListId="8c84fa94-04c1-424b-9868-57a2d4851a1d" relativeResultsDirectory="2311046b-300c-4ea7-8538-82631dd11097" /><UnitTestResult executionId="66f94f2f-7e58-402a-bcd4-acd020717cb9" testId="59d305f8-d1aa-c485-2c74-5b0fa91f5bbc" testName="Test022" computerName="md" duration="00:00:00.0011931" startTime="2018-11-12T00:18:59.0101573-05:00" endTime="2018-11-12T00:18:59.0114421-05:00" testType="13cdc9d9-ddb5-4fa4-a97d-d965ccfc6d4b" outcome="Passed" testListId="8c84fa94-04c1-424b-9868-57a2d4851a1d" relativeResultsDirectory="66f94f2f-7e58-402a-bcd4-acd020717cb9" /><UnitTestResult executionId="fd0008ee-9da5-40b4-b472-9ad38e15230a" testId="03788c8d-d06e-4197-eab8-e9a8795a191a" testName="Test005" computerName="md" duration="00:00:00.0019094" startTime="2018-11-12T00:19:00.2475785-05:00" endTime="2018-11-12T00:19:00.2495749-05:00" testType="13cdc9d9-ddb5-4fa4-a97d-d965ccfc6d4b" outcome="Passed" testListId="8c84fa94-04c1-424b-9868-57a2d4851a1d" relativeResultsDirectory="fd0008ee-9da5-40b4-b472-9ad38e15230a" /><UnitTestResult executionId="c1dca914-e654-4132-8f3e-e017f3c968c5" testId="f758c04d-0bf8-c5ba-e3be-a5272d475b88" testName="Test005" computerName="md" duration="00:00:00.0000292" startTime="2018-11-12T00:19:03.2749754-05:00" endTime="2018-11-12T00:19:03.2760261-05:00" testType="13cdc9d9-ddb5-4fa4-a97d-d965ccfc6d4b" outcome="Passed" testListId="8c84fa94-04c1-424b-9868-57a2d4851a1d" relativeResultsDirectory="c1dca914-e654-4132-8f3e-e017f3c968c5" /><UnitTestResult executionId="3fc8beb2-feb6-4911-8ef5-931b47b8def9" testId="64612917-576c-1b44-1fb0-009ddebe2a5c" testName="Test002" computerName="md" duration="00:00:00.0020682" startTime="2018-11-12T00:19:00.8333986-05:00" endTime="2018-11-12T00:19:00.8355708-05:00" testType="13cdc9d9-ddb5-4fa4-a97d-d965ccfc6d4b" outcome="Passed" testListId="8c84fa94-04c1-424b-9868-57a2d4851a1d" relativeResultsDirectory="3fc8beb2-feb6-4911-8ef5-931b47b8def9" /><UnitTestResult executionId="3774b78d-9f13-4b8f-a85c-b0b0f68043ff" testId="03db3f87-8804-97b0-7f48-e7d6fa0c1124" testName="Test025" computerName="md" duration="00:00:00.0073174" startTime="2018-11-12T00:19:00.4547284-05:00" endTime="2018-11-12T00:19:00.4621408-05:00" testType="13cdc9d9-ddb5-4fa4-a97d-d965ccfc6d4b" outcome="Passed" testListId="8c84fa94-04c1-424b-9868-57a2d4851a1d" relativeResultsDirectory="3774b78d-9f13-4b8f-a85c-b0b0f68043ff" /><UnitTestResult executionId="4e17c5a3-9337-4d8e-ac2c-479d993c656d" testId="18d957ab-38a6-6b65-6a09-a34d8cef0e01" testName="Test024" computerName="md" duration="00:00:00.0033600" startTime="2018-11-12T00:19:02.9122047-05:00" endTime="2018-11-12T00:19:02.9156805-05:00" testType="13cdc9d9-ddb5-4fa4-a97d-d965ccfc6d4b" outcome="Passed" testListId="8c84fa94-04c1-424b-9868-57a2d4851a1d" relativeResultsDirectory="4e17c5a3-9337-4d8e-ac2c-479d993c656d" /><UnitTestResult executionId="c30a6be2-e7e6-4ee1-96b1-c7f60cc12695" testId="397dca81-9100-c83a-9e23-9e48fc59d13b" testName="Test048" computerName="md" duration="00:00:00.0002014" startTime="2018-11-12T00:18:59.1349930-05:00" endTime="2018-11-12T00:18:59.1352961-05:00" testType="13cdc9d9-ddb5-4fa4-a97d-d965ccfc6d4b" outcome="Passed" testListId="8c84fa94-04c1-424b-9868-57a2d4851a1d" relativeResultsDirectory="c30a6be2-e7e6-4ee1-96b1-c7f60cc12695" /><UnitTestResult executionId="3df4c18f-63ee-4aa0-954a-655ed77f183d" testId="487a2ea7-9b6f-eb97-8c85-00d277699aa0" testName="Test005" computerName="md" duration="00:00:00.0080924" startTime="2018-11-12T00:19:02.7663793-05:00" endTime="2018-11-12T00:19:02.7745964-05:00" testType="13cdc9d9-ddb5-4fa4-a97d-d965ccfc6d4b" outcome="Passed" testListId="8c84fa94-04c1-424b-9868-57a2d4851a1d" relativeResultsDirectory="3df4c18f-63ee-4aa0-954a-655ed77f183d" /><UnitTestResult executionId="1c4cb858-cf75-486a-827b-c4b97323a137" testId="86edf1f7-ed83-e015-f3f5-1d5ce5e1d0e9" testName="Test056" computerName="md" duration="00:00:00.0107768" startTime="2018-11-12T00:19:01.4805924-05:00" endTime="2018-11-12T00:19:01.4914779-05:00" testType="13cdc9d9-ddb5-4fa4-a97d-d965ccfc6d4b" outcome="Passed" testListId="8c84fa94-04c1-424b-9868-57a2d4851a1d" relativeResultsDirectory="1c4cb858-cf75-486a-827b-c4b97323a137" /><UnitTestResult executionId="3a55b8b8-1894-4952-8dc4-b1794bf8d3bd" testId="b5695f10-c432-faad-ad2b-a8648aa71f59" testName="Test009" computerName="md" duration="00:00:00.0000175" startTime="2018-11-12T00:19:03.3026045-05:00" endTime="2018-11-12T00:19:03.3027296-05:00" testType="13cdc9d9-ddb5-4fa4-a97d-d965ccfc6d4b" outcome="Passed" testListId="8c84fa94-04c1-424b-9868-57a2d4851a1d" relativeResultsDirectory="3a55b8b8-1894-4952-8dc4-b1794bf8d3bd" /><UnitTestResult executionId="45fd0dbe-8893-452a-926d-95e29f596fc7" testId="535bbe19-ba58-1fdc-2b92-1e53b7b60358" testName="Test023" computerName="md" duration="00:00:00.0037754" startTime="2018-11-12T00:19:01.6918190-05:00" endTime="2018-11-12T00:19:01.6958487-05:00" testType="13cdc9d9-ddb5-4fa4-a97d-d965ccfc6d4b" outcome="Passed" testListId="8c84fa94-04c1-424b-9868-57a2d4851a1d" relativeResultsDirectory="45fd0dbe-8893-452a-926d-95e29f596fc7" /><UnitTestResult executionId="d75561d4-62cb-4677-b5c8-571fea449608" testId="ef33b0f5-743f-436a-ccf6-7c46af2dd371" testName="Test001" computerName="md" duration="00:00:00.0034711" startTime="2018-11-12T00:19:01.5919855-05:00" endTime="2018-11-12T00:19:01.5962567-05:00" testType="13cdc9d9-ddb5-4fa4-a97d-d965ccfc6d4b" outcome="Passed" testListId="8c84fa94-04c1-424b-9868-57a2d4851a1d" relativeResultsDirectory="d75561d4-62cb-4677-b5c8-571fea449608" /><UnitTestResult executionId="499f6ea3-a510-44bd-b663-0d67dc096db2" testId="a336e605-6e48-472d-18b6-b899d18820de" testName="Test138" computerName="md" duration="00:00:00.0061234" startTime="2018-11-12T00:18:59.6501805-05:00" endTime="2018-11-12T00:18:59.6565084-05:00" testType="13cdc9d9-ddb5-4fa4-a97d-d965ccfc6d4b" outcome="Passed" testListId="8c84fa94-04c1-424b-9868-57a2d4851a1d" relativeResultsDirectory="499f6ea3-a510-44bd-b663-0d67dc096db2" /><UnitTestResult executionId="4484779b-b833-44c5-99d2-2f793b8c8d17" testId="5242bf6b-ca5b-3ef5-c803-b28f00790d40" testName="Test024" computerName="md" duration="00:00:00.0000176" startTime="2018-11-12T00:19:03.0846867-05:00" endTime="2018-11-12T00:19:03.0848220-05:00" testType="13cdc9d9-ddb5-4fa4-a97d-d965ccfc6d4b" outcome="Passed" testListId="8c84fa94-04c1-424b-9868-57a2d4851a1d" relativeResultsDirectory="4484779b-b833-44c5-99d2-2f793b8c8d17" /><UnitTestResult executionId="9ce6e486-d23e-4fd5-9d8f-fc7180c42c9f" testId="4a1b8d79-4dcc-4248-fe01-5e2d6587fa1b" testName="Test018" computerName="md" duration="00:00:00.0062112" startTime="2018-11-12T00:19:02.4248509-05:00" endTime="2018-11-12T00:19:02.4312093-05:00" testType="13cdc9d9-ddb5-4fa4-a97d-d965ccfc6d4b" outcome="Passed" testListId="8c84fa94-04c1-424b-9868-57a2d4851a1d" relativeResultsDirectory="9ce6e486-d23e-4fd5-9d8f-fc7180c42c9f" /><UnitTestResult executionId="3ebc25f9-6fa5-4a01-a2b5-e75f1ee30eb9" testId="efa04ba6-51a9-7eb0-150a-d1c6f385f0b7" testName="Test043" computerName="md" duration="00:00:00.0072462" startTime="2018-11-12T00:19:02.0933813-05:00" endTime="2018-11-12T00:19:02.1007691-05:00" testType="13cdc9d9-ddb5-4fa4-a97d-d965ccfc6d4b" outcome="Passed" testListId="8c84fa94-04c1-424b-9868-57a2d4851a1d" relativeResultsDirectory="3ebc25f9-6fa5-4a01-a2b5-e75f1ee30eb9" /><UnitTestResult executionId="672758c7-67fb-4441-8003-5fc26986df25" testId="d89107f9-5fbe-ceec-3cf9-e5e3a8e52a8e" testName="Test082" computerName="md" duration="00:00:00.0025658" startTime="2018-11-12T00:18:58.7230648-05:00" endTime="2018-11-12T00:18:58.7257320-05:00" testType="13cdc9d9-ddb5-4fa4-a97d-d965ccfc6d4b" outcome="Passed" testListId="8c84fa94-04c1-424b-9868-57a2d4851a1d" relativeResultsDirectory="672758c7-67fb-4441-8003-5fc26986df25" /><UnitTestResult executionId="9e88bee2-c41a-44d1-a2a8-540d4f848b5a" testId="6c401b2a-7ad0-7123-f115-ed0cf4919244" testName="Test002" computerName="md" duration="00:00:00.0000217" startTime="2018-11-12T00:19:03.0577975-05:00" endTime="2018-11-12T00:19:03.0579214-05:00" testType="13cdc9d9-ddb5-4fa4-a97d-d965ccfc6d4b" outcome="Passed" testListId="8c84fa94-04c1-424b-9868-57a2d4851a1d" relativeResultsDirectory="9e88bee2-c41a-44d1-a2a8-540d4f848b5a" /><UnitTestResult executionId="70fbd180-1a8e-4b47-9e8a-b4f6f8fe0cd4" testId="c18196a4-83f4-7e97-7955-480991e79930" testName="Test027" computerName="md" duration="00:00:00.0078259" startTime="2018-11-12T00:19:02.5039146-05:00" endTime="2018-11-12T00:19:02.5119520-05:00" testType="13cdc9d9-ddb5-4fa4-a97d-d965ccfc6d4b" outcome="Passed" testListId="8c84fa94-04c1-424b-9868-57a2d4851a1d" relativeResultsDirectory="70fbd180-1a8e-4b47-9e8a-b4f6f8fe0cd4" /><UnitTestResult executionId="d5580bdd-3ccf-4b66-bbdc-b84a2ece312f" testId="870554f7-afe8-5ddf-13e1-0b46c1f1f1c4" testName="Test005" computerName="md" duration="00:00:00.0033356" startTime="2018-11-12T00:19:00.8435617-05:00" endTime="2018-11-12T00:19:00.8469947-05:00" testType="13cdc9d9-ddb5-4fa4-a97d-d965ccfc6d4b" outcome="Passed" testListId="8c84fa94-04c1-424b-9868-57a2d4851a1d" relativeResultsDirectory="d5580bdd-3ccf-4b66-bbdc-b84a2ece312f" /><UnitTestResult executionId="9a48a781-386e-46ea-a47b-533c1d97fa74" testId="d46048c3-f937-b9aa-4a02-5acf165b956d" testName="Test002" computerName="md" duration="00:00:00.0036883" startTime="2018-11-12T00:19:02.9431671-05:00" endTime="2018-11-12T00:19:02.9469911-05:00" testType="13cdc9d9-ddb5-4fa4-a97d-d965ccfc6d4b" outcome="Passed" testListId="8c84fa94-04c1-424b-9868-57a2d4851a1d" relativeResultsDirectory="9a48a781-386e-46ea-a47b-533c1d97fa74" /><UnitTestResult executionId="f1f360b7-392c-4eaf-884d-9f65a12697d4" testId="83c81be1-9c5d-35e6-6c8d-8dd454ecf3a6" testName="Test024" computerName="md" duration="00:00:00.0032877" startTime="2018-11-12T00:19:01.6958623-05:00" endTime="2018-11-12T00:19:01.7012709-05:00" testType="13cdc9d9-ddb5-4fa4-a97d-d965ccfc6d4b" outcome="Passed" testListId="8c84fa94-04c1-424b-9868-57a2d4851a1d" relativeResultsDirectory="f1f360b7-392c-4eaf-884d-9f65a12697d4" /><UnitTestResult executionId="24295f93-d351-4415-b8f8-9799fc60c90b" testId="383dac05-cbf3-c30d-de8b-b953b597b8e6" testName="Test043" computerName="md" duration="00:00:00.0000463" startTime="2018-11-12T00:19:03.1257426-05:00" endTime="2018-11-12T00:19:03.1258997-05:00" testType="13cdc9d9-ddb5-4fa4-a97d-d965ccfc6d4b" outcome="Passed" testListId="8c84fa94-04c1-424b-9868-57a2d4851a1d" relativeResultsDirectory="24295f93-d351-4415-b8f8-9799fc60c90b" /><UnitTestResult executionId="ee61d328-f92d-47c8-88a1-0bd5f9c9567c" testId="1979c2ac-06ac-60ce-6871-5e4b8c1ff288" testName="Test002" computerName="md" duration="00:00:00.0037626" startTime="2018-11-12T00:18:59.3114035-05:00" endTime="2018-11-12T00:18:59.3153990-05:00" testType="13cdc9d9-ddb5-4fa4-a97d-d965ccfc6d4b" outcome="Passed" testListId="8c84fa94-04c1-424b-9868-57a2d4851a1d" relativeResultsDirectory="ee61d328-f92d-47c8-88a1-0bd5f9c9567c" /><UnitTestResult executionId="d6e60e58-ded0-46f1-8ffd-0fa3db5f81d0" testId="dfa39a39-ffae-c20e-dfc7-3c334b403e9b" testName="Test051" computerName="md" duration="00:00:00.0018404" startTime="2018-11-12T00:18:58.6923654-05:00" endTime="2018-11-12T00:18:58.6943028-05:00" testType="13cdc9d9-ddb5-4fa4-a97d-d965ccfc6d4b" outcome="Passed" testListId="8c84fa94-04c1-424b-9868-57a2d4851a1d" relativeResultsDirectory="d6e60e58-ded0-46f1-8ffd-0fa3db5f81d0" /><UnitTestResult executionId="0cc43002-4df7-4013-9ba7-6b66af4278e6" testId="d8e6b8b9-56bd-8b9a-787d-e24f5ca9bc91" testName="Test027" computerName="md" duration="00:00:00.0015530" startTime="2018-11-12T00:18:59.0203101-05:00" endTime="2018-11-12T00:18:59.0219637-05:00" testType="13cdc9d9-ddb5-4fa4-a97d-d965ccfc6d4b" outcome="Passed" testListId="8c84fa94-04c1-424b-9868-57a2d4851a1d" relativeResultsDirectory="0cc43002-4df7-4013-9ba7-6b66af4278e6" /><UnitTestResult executionId="c5cb8d12-9156-4a86-8a87-b7e02fdda477" testId="73d6e7c1-cc9e-bed6-4945-0b6c10e96f3f" testName="Test005" computerName="md" duration="00:00:00.0013432" startTime="2018-11-12T00:18:59.1705702-05:00" endTime="2018-11-12T00:18:59.1720184-05:00" testType="13cdc9d9-ddb5-4fa4-a97d-d965ccfc6d4b" outcome="Passed" testListId="8c84fa94-04c1-424b-9868-57a2d4851a1d" relativeResultsDirectory="c5cb8d12-9156-4a86-8a87-b7e02fdda477" /><UnitTestResult executionId="d80543f5-5e0c-4f34-a963-dc91fb12e923" testId="cf577e61-fa70-4dad-764c-42bfc710800f" testName="Test013" computerName="md" duration="00:00:00.0037800" startTime="2018-11-12T00:18:59.3668068-05:00" endTime="2018-11-12T00:18:59.3707489-05:00" testType="13cdc9d9-ddb5-4fa4-a97d-d965ccfc6d4b" outcome="Passed" testListId="8c84fa94-04c1-424b-9868-57a2d4851a1d" relativeResultsDirectory="d80543f5-5e0c-4f34-a963-dc91fb12e923" /><UnitTestResult executionId="f09b5adb-f5fc-4376-ab28-9f875b72bf1b" testId="c78aba3b-4d4e-47e2-88cb-b3c04536d052" testName="Test003" computerName="md" duration="00:00:00.0071080" startTime="2018-11-12T00:18:58.9248219-05:00" endTime="2018-11-12T00:18:58.9320326-05:00" testType="13cdc9d9-ddb5-4fa4-a97d-d965ccfc6d4b" outcome="Passed" testListId="8c84fa94-04c1-424b-9868-57a2d4851a1d" relativeResultsDirectory="f09b5adb-f5fc-4376-ab28-9f875b72bf1b" /><UnitTestResult executionId="45e592a4-bbc9-4337-9551-3358d547c35d" testId="ab8f7417-d61f-e190-5086-bf849d39103e" testName="Test001" computerName="md" duration="00:00:00.0048101" startTime="2018-11-12T00:19:03.3765241-05:00" endTime="2018-11-12T00:19:03.3817120-05:00" testType="13cdc9d9-ddb5-4fa4-a97d-d965ccfc6d4b" outcome="Passed" testListId="8c84fa94-04c1-424b-9868-57a2d4851a1d" relativeResultsDirectory="45e592a4-bbc9-4337-9551-3358d547c35d" /><UnitTestResult executionId="e2e29fa3-830b-4910-958e-48eb4115a7d9" testId="3b26da34-5293-31e5-5c68-0f5b829c380a" testName="Test019" computerName="md" duration="00:00:00.0058179" startTime="2018-11-12T00:19:00.4106584-05:00" endTime="2018-11-12T00:19:00.4165668-05:00" testType="13cdc9d9-ddb5-4fa4-a97d-d965ccfc6d4b" outcome="Passed" testListId="8c84fa94-04c1-424b-9868-57a2d4851a1d" relativeResultsDirectory="e2e29fa3-830b-4910-958e-48eb4115a7d9" /><UnitTestResult executionId="5be54e14-16af-4980-9658-74135673fdf9" testId="c35c11c3-8b7b-e6ff-70b9-6aa2f2ef66f4" testName="Test202" computerName="md" duration="00:00:00.0044517" startTime="2018-11-12T00:18:59.6801785-05:00" endTime="2018-11-12T00:18:59.6847264-05:00" testType="13cdc9d9-ddb5-4fa4-a97d-d965ccfc6d4b" outcome="Passed" testListId="8c84fa94-04c1-424b-9868-57a2d4851a1d" relativeResultsDirectory="5be54e14-16af-4980-9658-74135673fdf9" /><UnitTestResult executionId="b11af4f3-e8ec-4e37-91a9-7284af2ed58f" testId="9401b651-4509-b335-d8ad-f876b2aea970" testName="Test010" computerName="md" duration="00:00:00.0031767" startTime="2018-11-12T00:18:58.9738019-05:00" endTime="2018-11-12T00:18:58.9770976-05:00" testType="13cdc9d9-ddb5-4fa4-a97d-d965ccfc6d4b" outcome="Passed" testListId="8c84fa94-04c1-424b-9868-57a2d4851a1d" relativeResultsDirectory="b11af4f3-e8ec-4e37-91a9-7284af2ed58f" /><UnitTestResult executionId="26cb3dc6-804b-4c8a-92e9-cbac017c2bc5" testId="862581a0-a276-cf3c-574b-697b70aca176" testName="Test003" computerName="md" duration="00:00:00.0000144" startTime="2018-11-12T00:19:03.3017591-05:00" endTime="2018-11-12T00:19:03.3018857-05:00" testType="13cdc9d9-ddb5-4fa4-a97d-d965ccfc6d4b" outcome="Passed" testListId="8c84fa94-04c1-424b-9868-57a2d4851a1d" relativeResultsDirectory="26cb3dc6-804b-4c8a-92e9-cbac017c2bc5" /><UnitTestResult executionId="e32e6389-c4aa-4cda-88f2-6031fbba0f15" testId="8c979618-7230-a4e7-55f3-558a2531aa4b" testName="Test250" computerName="md" duration="00:00:00.0053399" startTime="2018-11-12T00:18:59.8921242-05:00" endTime="2018-11-12T00:18:59.8975689-05:00" testType="13cdc9d9-ddb5-4fa4-a97d-d965ccfc6d4b" outcome="Passed" testListId="8c84fa94-04c1-424b-9868-57a2d4851a1d" relativeResultsDirectory="e32e6389-c4aa-4cda-88f2-6031fbba0f15" /><UnitTestResult executionId="626b0aa3-cc3d-49ad-b34a-bfee4e89b359" testId="8f8dad22-43eb-cdd5-e853-f15522c9cb53" testName="Test010" computerName="md" duration="00:00:00.0000232" startTime="2018-11-12T00:19:03.3118115-05:00" endTime="2018-11-12T00:19:03.3119765-05:00" testType="13cdc9d9-ddb5-4fa4-a97d-d965ccfc6d4b" outcome="Passed" testListId="8c84fa94-04c1-424b-9868-57a2d4851a1d" relativeResultsDirectory="626b0aa3-cc3d-49ad-b34a-bfee4e89b359" /><UnitTestResult executionId="edde280c-136c-4be2-8f73-52d6a4409c0c" testId="10c29597-42f7-b745-1eb8-11e68a80ccae" testName="Test015" computerName="md" duration="00:00:00.0000595" startTime="2018-11-12T00:19:03.2467534-05:00" endTime="2018-11-12T00:19:03.2469055-05:00" testType="13cdc9d9-ddb5-4fa4-a97d-d965ccfc6d4b" outcome="Passed" testListId="8c84fa94-04c1-424b-9868-57a2d4851a1d" relativeResultsDirectory="edde280c-136c-4be2-8f73-52d6a4409c0c" /><UnitTestResult executionId="728ad860-20d2-41e2-a90c-11d249252df6" testId="6eaadced-92f6-b086-65fa-24916f302287" testName="Test005" computerName="md" duration="00:00:00.0107633" startTime="2018-11-12T00:19:02.6030692-05:00" endTime="2018-11-12T00:19:02.6141229-05:00" testType="13cdc9d9-ddb5-4fa4-a97d-d965ccfc6d4b" outcome="Passed" testListId="8c84fa94-04c1-424b-9868-57a2d4851a1d" relativeResultsDirectory="728ad860-20d2-41e2-a90c-11d249252df6" /><UnitTestResult executionId="844588fb-61f1-4ff5-bb32-81e0fea49d50" testId="3adb0bbc-406a-5d94-47e2-440d24fa0856" testName="Test022" computerName="md" duration="00:00:00.0073410" startTime="2018-11-12T00:19:00.4335810-05:00" endTime="2018-11-12T00:19:00.4410515-05:00" testType="13cdc9d9-ddb5-4fa4-a97d-d965ccfc6d4b" outcome="Passed" testListId="8c84fa94-04c1-424b-9868-57a2d4851a1d" relativeResultsDirectory="844588fb-61f1-4ff5-bb32-81e0fea49d50" /><UnitTestResult executionId="75b7efde-4c27-4f4c-a07e-659fc1d78995" testId="5d79adec-5ad2-b385-543c-dca5d61f6e19" testName="Test055" computerName="md" duration="00:00:00.0137327" startTime="2018-11-12T00:19:01.4667174-05:00" endTime="2018-11-12T00:19:01.4805721-05:00" testType="13cdc9d9-ddb5-4fa4-a97d-d965ccfc6d4b" outcome="Passed" testListId="8c84fa94-04c1-424b-9868-57a2d4851a1d" relativeResultsDirectory="75b7efde-4c27-4f4c-a07e-659fc1d78995" /><UnitTestResult executionId="8a3484c5-a951-40aa-ae2a-3533854cefbf" testId="8395ae57-aeb2-d9d1-ce94-8a74d0e36d02" testName="Test025" computerName="md" duration="00:00:00.0130461" startTime="2018-11-12T00:18:58.0237510-05:00" endTime="2018-11-12T00:18:58.0370600-05:00" testType="13cdc9d9-ddb5-4fa4-a97d-d965ccfc6d4b" outcome="Passed" testListId="8c84fa94-04c1-424b-9868-57a2d4851a1d" relativeResultsDirectory="8a3484c5-a951-40aa-ae2a-3533854cefbf" /><UnitTestResult executionId="9712adf6-fbff-4e26-9cbc-c88633c994f0" testId="2f3c23cd-2eb8-9a32-7161-e99b4111836a" testName="Test022" computerName="md" duration="00:00:00.0073899" startTime="2018-11-12T00:19:02.4544468-05:00" endTime="2018-11-12T00:19:02.4620851-05:00" testType="13cdc9d9-ddb5-4fa4-a97d-d965ccfc6d4b" outcome="Passed" testListId="8c84fa94-04c1-424b-9868-57a2d4851a1d" relativeResultsDirectory="9712adf6-fbff-4e26-9cbc-c88633c994f0" /><UnitTestResult executionId="74c1015a-67ad-44ad-abd1-9eb1eb730c74" testId="7a548322-acbc-72e7-634f-769016479dc8" testName="Test041" computerName="md" duration="00:00:00.0000821" startTime="2018-11-12T00:19:03.1253339-05:00" endTime="2018-11-12T00:19:03.1255277-05:00" testType="13cdc9d9-ddb5-4fa4-a97d-d965ccfc6d4b" outcome="Passed" testListId="8c84fa94-04c1-424b-9868-57a2d4851a1d" relativeResultsDirectory="74c1015a-67ad-44ad-abd1-9eb1eb730c74" /><UnitTestResult executionId="f8210bbf-0c75-44e5-86b0-939f77fc9ab8" testId="f4dbfd54-8f4c-9bf5-be5f-abed5bc84de0" testName="Test003" computerName="md" duration="00:00:00.0000157" startTime="2018-11-12T00:19:03.1950721-05:00" endTime="2018-11-12T00:19:03.1953492-05:00" testType="13cdc9d9-ddb5-4fa4-a97d-d965ccfc6d4b" outcome="Passed" testListId="8c84fa94-04c1-424b-9868-57a2d4851a1d" relativeResultsDirectory="f8210bbf-0c75-44e5-86b0-939f77fc9ab8" /><UnitTestResult executionId="252ae6b8-9377-4299-aac4-bb64e62a321b" testId="bfe80573-e791-2099-c21d-07e8eb7ae56c" testName="Test012" computerName="md" duration="00:00:00.0109130" startTime="2018-11-12T00:19:02.8220009-05:00" endTime="2018-11-12T00:19:02.8330450-05:00" testType="13cdc9d9-ddb5-4fa4-a97d-d965ccfc6d4b" outcome="Passed" testListId="8c84fa94-04c1-424b-9868-57a2d4851a1d" relativeResultsDirectory="252ae6b8-9377-4299-aac4-bb64e62a321b" /><UnitTestResult executionId="f6985fd2-66d6-473a-9f7a-19c142f47c58" testId="97621290-1b5b-b9bd-98b0-d83bd90c5a1b" testName="Test010" computerName="md" duration="00:00:00.0000641" startTime="2018-11-12T00:19:03.3427860-05:00" endTime="2018-11-12T00:19:03.3429666-05:00" testType="13cdc9d9-ddb5-4fa4-a97d-d965ccfc6d4b" outcome="Passed" testListId="8c84fa94-04c1-424b-9868-57a2d4851a1d" relativeResultsDirectory="f6985fd2-66d6-473a-9f7a-19c142f47c58" /><UnitTestResult executionId="f25464e8-6fa4-4ba7-a69f-1ae7609e8343" testId="017a897e-5b77-8cb0-b0ba-b99b9f9ecefe" testName="Test024" computerName="md" duration="00:00:00.0029414" startTime="2018-11-12T00:19:01.9736559-05:00" endTime="2018-11-12T00:19:01.9767170-05:00" testType="13cdc9d9-ddb5-4fa4-a97d-d965ccfc6d4b" outcome="Passed" testListId="8c84fa94-04c1-424b-9868-57a2d4851a1d" relativeResultsDirectory="f25464e8-6fa4-4ba7-a69f-1ae7609e8343" /><UnitTestResult executionId="a48bc0ed-a6a0-4463-be1f-d3a91b730595" testId="375c14e7-a173-24fd-4fef-3c0df7f49410" testName="Test032" computerName="md" duration="00:00:00.0025978" startTime="2018-11-12T00:19:02.9904255-05:00" endTime="2018-11-12T00:19:02.9931366-05:00" testType="13cdc9d9-ddb5-4fa4-a97d-d965ccfc6d4b" outcome="Passed" testListId="8c84fa94-04c1-424b-9868-57a2d4851a1d" relativeResultsDirectory="a48bc0ed-a6a0-4463-be1f-d3a91b730595" /><UnitTestResult executionId="0ac3af19-fc17-40b1-a34b-1d287c67db2d" testId="1e873dec-fee7-6eaa-38f5-1ea9d08a49ad" testName="Test041" computerName="md" duration="00:00:00.0026092" startTime="2018-11-12T00:18:58.6867873-05:00" endTime="2018-11-12T00:18:58.6894915-05:00" testType="13cdc9d9-ddb5-4fa4-a97d-d965ccfc6d4b" outcome="Passed" testListId="8c84fa94-04c1-424b-9868-57a2d4851a1d" relativeResultsDirectory="0ac3af19-fc17-40b1-a34b-1d287c67db2d" /><UnitTestResult executionId="d5e6e6af-09db-4e87-87c5-a0f9686c5b2f" testId="86294528-6e6c-d79c-ea4e-a2e784c137d1" testName="Test021" computerName="md" duration="00:00:00.0091111" startTime="2018-11-12T00:18:58.4401685-05:00" endTime="2018-11-12T00:18:58.4493767-05:00" testType="13cdc9d9-ddb5-4fa4-a97d-d965ccfc6d4b" outcome="Passed" testListId="8c84fa94-04c1-424b-9868-57a2d4851a1d" relativeResultsDirectory="d5e6e6af-09db-4e87-87c5-a0f9686c5b2f" /><UnitTestResult executionId="dc4fe635-65f3-4b35-82ff-315e5935689c" testId="683ed8c6-1bf6-12b3-e22f-4c1a965303a0" testName="Test002" computerName="md" duration="00:00:00.0000662" startTime="2018-11-12T00:19:03.3817272-05:00" endTime="2018-11-12T00:19:03.3819100-05:00" testType="13cdc9d9-ddb5-4fa4-a97d-d965ccfc6d4b" outcome="Passed" testListId="8c84fa94-04c1-424b-9868-57a2d4851a1d" relativeResultsDirectory="dc4fe635-65f3-4b35-82ff-315e5935689c" /><UnitTestResult executionId="7fb7bb18-9af4-48a6-ba7d-a9c5b380bb82" testId="d526f0f2-31e5-980c-6086-d55adc8dd8fe" testName="Test008" computerName="md" duration="00:00:00.0104288" startTime="2018-11-12T00:18:58.2583555-05:00" endTime="2018-11-12T00:18:58.2691826-05:00" testType="13cdc9d9-ddb5-4fa4-a97d-d965ccfc6d4b" outcome="Passed" testListId="8c84fa94-04c1-424b-9868-57a2d4851a1d" relativeResultsDirectory="7fb7bb18-9af4-48a6-ba7d-a9c5b380bb82" /><UnitTestResult executionId="6f56bb99-34fc-4b17-a3bc-d2d60200472f" testId="6137ed9f-fb21-c2a5-1600-36e671fbc5cb" testName="Test306" computerName="md" duration="00:00:00.0049000" startTime="2018-11-12T00:18:59.9274609-05:00" endTime="2018-11-12T00:18:59.9324668-05:00" testType="13cdc9d9-ddb5-4fa4-a97d-d965ccfc6d4b" outcome="Passed" testListId="8c84fa94-04c1-424b-9868-57a2d4851a1d" relativeResultsDirectory="6f56bb99-34fc-4b17-a3bc-d2d60200472f" /><UnitTestResult executionId="f201386a-b3a5-4fd4-9741-42bc375474aa" testId="5b1ff4c0-ce10-78ca-6827-42f47c1be8f9" testName="Test034" computerName="md" duration="00:00:00.0000601" startTime="2018-11-12T00:19:03.1158962-05:00" endTime="2018-11-12T00:19:03.1160561-05:00" testType="13cdc9d9-ddb5-4fa4-a97d-d965ccfc6d4b" outcome="Passed" testListId="8c84fa94-04c1-424b-9868-57a2d4851a1d" relativeResultsDirectory="f201386a-b3a5-4fd4-9741-42bc375474aa" /><UnitTestResult executionId="987eba04-ef65-4d95-a0c8-fa1d9dba2b75" testId="dc1c6b62-70dd-c082-7cec-8b96610859e9" testName="Test405" computerName="md" duration="00:00:00.0069739" startTime="2018-11-12T00:18:59.2851616-05:00" endTime="2018-11-12T00:18:59.2923934-05:00" testType="13cdc9d9-ddb5-4fa4-a97d-d965ccfc6d4b" outcome="Passed" testListId="8c84fa94-04c1-424b-9868-57a2d4851a1d" relativeResultsDirectory="987eba04-ef65-4d95-a0c8-fa1d9dba2b75" /><UnitTestResult executionId="1d1709b2-9288-4553-9bbd-5eb29a11fcb9" testId="7d63d32b-16dc-83fa-f73b-508e103ffebd" testName="Test012" computerName="md" duration="00:00:00.0021320" startTime="2018-11-12T00:19:02.6375091-05:00" endTime="2018-11-12T00:19:02.6398216-05:00" testType="13cdc9d9-ddb5-4fa4-a97d-d965ccfc6d4b" outcome="Passed" testListId="8c84fa94-04c1-424b-9868-57a2d4851a1d" relativeResultsDirectory="1d1709b2-9288-4553-9bbd-5eb29a11fcb9" /><UnitTestResult executionId="e0aadc07-222b-4aa3-b552-3021ed2f6192" testId="070ebe0d-1df6-2c2c-92f8-05561f3eb0da" testName="Test004" computerName="md" duration="00:00:00.0074788" startTime="2018-11-12T00:19:02.3353987-05:00" endTime="2018-11-12T00:19:02.3429900-05:00" testType="13cdc9d9-ddb5-4fa4-a97d-d965ccfc6d4b" outcome="Passed" testListId="8c84fa94-04c1-424b-9868-57a2d4851a1d" relativeResultsDirectory="e0aadc07-222b-4aa3-b552-3021ed2f6192" /><UnitTestResult executionId="5529c9bf-c9f5-488b-9c85-77c3f8ac1cf4" testId="1fc0dd17-970b-acc1-1b97-cd58c2c83e5c" testName="Test003" computerName="md" duration="00:00:00.0040169" startTime="2018-11-12T00:19:00.5485755-05:00" endTime="2018-11-12T00:19:00.5526867-05:00" testType="13cdc9d9-ddb5-4fa4-a97d-d965ccfc6d4b" outcome="Passed" testListId="8c84fa94-04c1-424b-9868-57a2d4851a1d" relativeResultsDirectory="5529c9bf-c9f5-488b-9c85-77c3f8ac1cf4" /><UnitTestResult executionId="6a4877b1-5a76-4e6e-abab-2a6841932b03" testId="9aca5c36-dd21-205e-64c3-3004ed7749fd" testName="Test027" computerName="md" duration="00:00:00.0109491" startTime="2018-11-12T00:19:01.1531432-05:00" endTime="2018-11-12T00:19:01.1642588-05:00" testType="13cdc9d9-ddb5-4fa4-a97d-d965ccfc6d4b" outcome="Passed" testListId="8c84fa94-04c1-424b-9868-57a2d4851a1d" relativeResultsDirectory="6a4877b1-5a76-4e6e-abab-2a6841932b03" /><UnitTestResult executionId="bf4ad9e2-e978-4502-8c17-2ce8847a1b58" testId="812c9f1c-2687-0006-7110-ab2920e635d4" testName="Test001" computerName="md" duration="00:00:00.0006180" startTime="2018-11-12T00:19:00.2277511-05:00" endTime="2018-11-12T00:19:00.2286880-05:00" testType="13cdc9d9-ddb5-4fa4-a97d-d965ccfc6d4b" outcome="Passed" testListId="8c84fa94-04c1-424b-9868-57a2d4851a1d" relativeResultsDirectory="bf4ad9e2-e978-4502-8c17-2ce8847a1b58" /><UnitTestResult executionId="0d81b19b-e18c-42bf-bd80-378978ce5f99" testId="b60f9b2b-65b9-1c75-cb0a-e7a998c74c34" testName="Test009" computerName="md" duration="00:00:00.0000243" startTime="2018-11-12T00:19:03.2735671-05:00" endTime="2018-11-12T00:19:03.2736964-05:00" testType="13cdc9d9-ddb5-4fa4-a97d-d965ccfc6d4b" outcome="Passed" testListId="8c84fa94-04c1-424b-9868-57a2d4851a1d" relativeResultsDirectory="0d81b19b-e18c-42bf-bd80-378978ce5f99" /><UnitTestResult executionId="22f7d73b-10ea-4930-a660-0bc274b86534" testId="c88e30d2-edf2-88d5-9b3f-c67f50d736ff" testName="Test017" computerName="md" duration="00:00:00.0008464" startTime="2018-11-12T00:19:01.8369748-05:00" endTime="2018-11-12T00:19:01.8379289-05:00" testType="13cdc9d9-ddb5-4fa4-a97d-d965ccfc6d4b" outcome="Passed" testListId="8c84fa94-04c1-424b-9868-57a2d4851a1d" relativeResultsDirectory="22f7d73b-10ea-4930-a660-0bc274b86534" /><UnitTestResult executionId="2dfd571d-bcab-4192-8b61-4ded2450d9cb" testId="daa1f120-721f-95a6-2707-81eef7a7f717" testName="Test350" computerName="md" duration="00:00:00.0056080" startTime="2018-11-12T00:18:59.2290134-05:00" endTime="2018-11-12T00:18:59.2348193-05:00" testType="13cdc9d9-ddb5-4fa4-a97d-d965ccfc6d4b" outcome="Passed" testListId="8c84fa94-04c1-424b-9868-57a2d4851a1d" relativeResultsDirectory="2dfd571d-bcab-4192-8b61-4ded2450d9cb" /><UnitTestResult executionId="0a1f3425-06b4-41c0-8617-b72c8335a9ee" testId="c9398518-eda5-6b27-9b04-e680d6ea6682" testName="Test002" computerName="md" duration="00:00:00.0000150" startTime="2018-11-12T00:19:03.3653367-05:00" endTime="2018-11-12T00:19:03.3654525-05:00" testType="13cdc9d9-ddb5-4fa4-a97d-d965ccfc6d4b" outcome="Passed" testListId="8c84fa94-04c1-424b-9868-57a2d4851a1d" relativeResultsDirectory="0a1f3425-06b4-41c0-8617-b72c8335a9ee" /><UnitTestResult executionId="e50b2eda-8b91-4b83-bf32-33e9f3223b62" testId="a15c092f-2188-e4dc-0922-d11c9c299677" testName="Test029" computerName="md" duration="00:00:00.0044555" startTime="2018-11-12T00:19:02.0010340-05:00" endTime="2018-11-12T00:19:02.0056116-05:00" testType="13cdc9d9-ddb5-4fa4-a97d-d965ccfc6d4b" outcome="Passed" testListId="8c84fa94-04c1-424b-9868-57a2d4851a1d" relativeResultsDirectory="e50b2eda-8b91-4b83-bf32-33e9f3223b62" /><UnitTestResult executionId="b2fdb0cb-a038-4bdd-b203-35925016e7d9" testId="85578824-3626-9f7b-950f-1663bf83a89f" testName="Test005" computerName="md" duration="00:00:00.0048624" startTime="2018-11-12T00:18:57.5892948-05:00" endTime="2018-11-12T00:18:57.5942481-05:00" testType="13cdc9d9-ddb5-4fa4-a97d-d965ccfc6d4b" outcome="Passed" testListId="8c84fa94-04c1-424b-9868-57a2d4851a1d" relativeResultsDirectory="b2fdb0cb-a038-4bdd-b203-35925016e7d9" /><UnitTestResult executionId="aaaad556-efee-4a00-b06a-8e1267e45434" testId="0c76b0bf-21be-8693-9cb9-36f11c820c9c" testName="Test005" computerName="md" duration="00:00:00.0020325" startTime="2018-11-12T00:19:02.6688068-05:00" endTime="2018-11-12T00:19:02.6709487-05:00" testType="13cdc9d9-ddb5-4fa4-a97d-d965ccfc6d4b" outcome="Passed" testListId="8c84fa94-04c1-424b-9868-57a2d4851a1d" relativeResultsDirectory="aaaad556-efee-4a00-b06a-8e1267e45434" /><UnitTestResult executionId="55ccf55c-41be-40d9-8d43-4d00dcd85313" testId="db1857bf-84c0-887d-7fe4-31ebf69a6d1f" testName="Test001" computerName="md" duration="00:00:00.0009245" startTime="2018-11-12T00:19:03.1846868-05:00" endTime="2018-11-12T00:19:03.1859461-05:00" testType="13cdc9d9-ddb5-4fa4-a97d-d965ccfc6d4b" outcome="Passed" testListId="8c84fa94-04c1-424b-9868-57a2d4851a1d" relativeResultsDirectory="55ccf55c-41be-40d9-8d43-4d00dcd85313" /><UnitTestResult executionId="5f102cd1-cab2-44b1-b411-07328648c317" testId="9d822f6c-d551-91e1-a501-b3d00f9944e1" testName="Test031" computerName="md" duration="00:00:00.0058943" startTime="2018-11-12T00:19:02.0115528-05:00" endTime="2018-11-12T00:19:02.0175788-05:00" testType="13cdc9d9-ddb5-4fa4-a97d-d965ccfc6d4b" outcome="Passed" testListId="8c84fa94-04c1-424b-9868-57a2d4851a1d" relativeResultsDirectory="5f102cd1-cab2-44b1-b411-07328648c317" /><UnitTestResult executionId="dff4a9f9-991d-45bb-b211-ad5f22f75829" testId="9afa4d04-a942-72bb-69ff-644fcc95a945" testName="Test022" computerName="md" duration="00:00:00.0022554" startTime="2018-11-12T00:19:01.5487253-05:00" endTime="2018-11-12T00:19:01.5510788-05:00" testType="13cdc9d9-ddb5-4fa4-a97d-d965ccfc6d4b" outcome="Passed" testListId="8c84fa94-04c1-424b-9868-57a2d4851a1d" relativeResultsDirectory="dff4a9f9-991d-45bb-b211-ad5f22f75829" /><UnitTestResult executionId="64b32b92-9686-4ba8-b0c4-d02be18708da" testId="41a4392a-b0c1-295b-a25a-21cace79c47e" testName="Test112" computerName="md" duration="00:00:00.0044549" startTime="2018-11-12T00:18:59.5479765-05:00" endTime="2018-11-12T00:18:59.5525333-05:00" testType="13cdc9d9-ddb5-4fa4-a97d-d965ccfc6d4b" outcome="Passed" testListId="8c84fa94-04c1-424b-9868-57a2d4851a1d" relativeResultsDirectory="64b32b92-9686-4ba8-b0c4-d02be18708da" /><UnitTestResult executionId="85ab94c5-703d-4bc3-9eed-a7497eee51e6" testId="2097d551-213c-66d5-8e59-65e03de27a6c" testName="Test004" computerName="md" duration="00:00:00.0047540" startTime="2018-11-12T00:19:00.5527010-05:00" endTime="2018-11-12T00:19:00.5575487-05:00" testType="13cdc9d9-ddb5-4fa4-a97d-d965ccfc6d4b" outcome="Passed" testListId="8c84fa94-04c1-424b-9868-57a2d4851a1d" relativeResultsDirectory="85ab94c5-703d-4bc3-9eed-a7497eee51e6" /><UnitTestResult executionId="b6030820-26bc-4ca6-976c-6735f9ee880a" testId="4f09db5c-daeb-2130-7eb7-bff84b3cf50b" testName="Test011" computerName="md" duration="00:00:00.0000851" startTime="2018-11-12T00:19:03.3429938-05:00" endTime="2018-11-12T00:19:03.3431832-05:00" testType="13cdc9d9-ddb5-4fa4-a97d-d965ccfc6d4b" outcome="Passed" testListId="8c84fa94-04c1-424b-9868-57a2d4851a1d" relativeResultsDirectory="b6030820-26bc-4ca6-976c-6735f9ee880a" /><UnitTestResult executionId="4553c4d0-89fe-47e4-85c1-e2fb21de6bcf" testId="905e2796-ed4f-a814-577b-9243bc5d38fa" testName="Test002" computerName="md" duration="00:00:00.0030754" startTime="2018-11-12T00:19:01.5962798-05:00" endTime="2018-11-12T00:19:01.5994508-05:00" testType="13cdc9d9-ddb5-4fa4-a97d-d965ccfc6d4b" outcome="Passed" testListId="8c84fa94-04c1-424b-9868-57a2d4851a1d" relativeResultsDirectory="4553c4d0-89fe-47e4-85c1-e2fb21de6bcf" /><UnitTestResult executionId="303446e8-9275-418e-9b0e-fdf7f40176f2" testId="961688ae-357a-7a38-61f5-a46e852c6492" testName="Test001" computerName="md" duration="00:00:00.0015861" startTime="2018-11-12T00:19:00.2321909-05:00" endTime="2018-11-12T00:19:00.2341637-05:00" testType="13cdc9d9-ddb5-4fa4-a97d-d965ccfc6d4b" outcome="Passed" testListId="8c84fa94-04c1-424b-9868-57a2d4851a1d" relativeResultsDirectory="303446e8-9275-418e-9b0e-fdf7f40176f2" /><UnitTestResult executionId="b8306052-1793-4e4c-a38e-fccb3321b6ab" testId="477ec4b5-b6f2-0825-8396-6b95ad20a14f" testName="Test026" computerName="md" duration="00:00:00.0003228" startTime="2018-11-12T00:19:03.1040926-05:00" endTime="2018-11-12T00:19:03.1045212-05:00" testType="13cdc9d9-ddb5-4fa4-a97d-d965ccfc6d4b" outcome="Passed" testListId="8c84fa94-04c1-424b-9868-57a2d4851a1d" relativeResultsDirectory="b8306052-1793-4e4c-a38e-fccb3321b6ab" /><UnitTestResult executionId="d3658e2f-9167-4d08-820b-61a65e6d09a3" testId="43a4e802-1c6a-bf20-1940-cac6ce268887" testName="Test019" computerName="md" duration="00:00:00.0045892" startTime="2018-11-12T00:18:59.4026390-05:00" endTime="2018-11-12T00:18:59.4095133-05:00" testType="13cdc9d9-ddb5-4fa4-a97d-d965ccfc6d4b" outcome="Passed" testListId="8c84fa94-04c1-424b-9868-57a2d4851a1d" relativeResultsDirectory="d3658e2f-9167-4d08-820b-61a65e6d09a3" /><UnitTestResult executionId="17799070-16df-4603-9108-b51573f4546b" testId="6830d58c-7a06-b21f-1f17-4b4e8f27151c" testName="Test203" computerName="md" duration="00:00:00.0043641" startTime="2018-11-12T00:18:59.6847395-05:00" endTime="2018-11-12T00:18:59.6892008-05:00" testType="13cdc9d9-ddb5-4fa4-a97d-d965ccfc6d4b" outcome="Passed" testListId="8c84fa94-04c1-424b-9868-57a2d4851a1d" relativeResultsDirectory="17799070-16df-4603-9108-b51573f4546b" /><UnitTestResult executionId="eabc0205-19e7-4fce-ab5c-4a184e6e37e5" testId="b309934b-480e-243a-02bf-ae81343c6ae5" testName="Test002" computerName="md" duration="00:00:00.0000108" startTime="2018-11-12T00:19:03.1749365-05:00" endTime="2018-11-12T00:19:03.1750635-05:00" testType="13cdc9d9-ddb5-4fa4-a97d-d965ccfc6d4b" outcome="Passed" testListId="8c84fa94-04c1-424b-9868-57a2d4851a1d" relativeResultsDirectory="eabc0205-19e7-4fce-ab5c-4a184e6e37e5" /><UnitTestResult executionId="ac8dc781-dca4-4809-86f3-d3106f09a314" testId="a14a6d7c-f124-38ef-6b7e-5a387d884161" testName="Test001" computerName="md" duration="00:00:00.0278334" startTime="2018-11-12T00:18:57.3572238-05:00" endTime="2018-11-12T00:18:57.5196593-05:00" testType="13cdc9d9-ddb5-4fa4-a97d-d965ccfc6d4b" outcome="Passed" testListId="8c84fa94-04c1-424b-9868-57a2d4851a1d" relativeResultsDirectory="ac8dc781-dca4-4809-86f3-d3106f09a314" /><UnitTestResult executionId="39262f6e-461e-4c88-bf1f-d1343f68b900" testId="0b674368-caa3-280a-2fc2-2a64779e344b" testName="Test003" computerName="md" duration="00:00:00.0009758" startTime="2018-11-12T00:19:02.6661607-05:00" endTime="2018-11-12T00:19:02.6672424-05:00" testType="13cdc9d9-ddb5-4fa4-a97d-d965ccfc6d4b" outcome="Passed" testListId="8c84fa94-04c1-424b-9868-57a2d4851a1d" relativeResultsDirectory="39262f6e-461e-4c88-bf1f-d1343f68b900" /><UnitTestResult executionId="ec1fddec-7ca2-465e-bd08-37011ce61b18" testId="d754e667-898c-7379-8e93-3e890fd11382" testName="Test004" computerName="md" duration="00:00:00.0029224" startTime="2018-11-12T00:19:02.7633303-05:00" endTime="2018-11-12T00:19:02.7663610-05:00" testType="13cdc9d9-ddb5-4fa4-a97d-d965ccfc6d4b" outcome="Passed" testListId="8c84fa94-04c1-424b-9868-57a2d4851a1d" relativeResultsDirectory="ec1fddec-7ca2-465e-bd08-37011ce61b18" /><UnitTestResult executionId="06c96f3c-d531-4084-ae11-ecf3296ea40d" testId="e08c48a5-b6fa-be20-959b-5f77dda8023b" testName="Test050" computerName="md" duration="00:00:00.0083413" startTime="2018-11-12T00:19:01.4078235-05:00" endTime="2018-11-12T00:19:01.4162633-05:00" testType="13cdc9d9-ddb5-4fa4-a97d-d965ccfc6d4b" outcome="Passed" testListId="8c84fa94-04c1-424b-9868-57a2d4851a1d" relativeResultsDirectory="06c96f3c-d531-4084-ae11-ecf3296ea40d" /><UnitTestResult executionId="a4c7eec9-eb38-4a51-be30-897c66090c41" testId="78425288-a570-e4e3-9dd8-917f886bc54a" testName="Test003" computerName="md" duration="00:00:00.0037924" startTime="2018-11-12T00:19:00.8355844-05:00" endTime="2018-11-12T00:19:00.8394720-05:00" testType="13cdc9d9-ddb5-4fa4-a97d-d965ccfc6d4b" outcome="Passed" testListId="8c84fa94-04c1-424b-9868-57a2d4851a1d" relativeResultsDirectory="a4c7eec9-eb38-4a51-be30-897c66090c41" /><UnitTestResult executionId="3dd5c877-d0e7-4fdf-bbd4-378a6e992eaa" testId="b85fb20a-b666-fbbc-afe0-26d22ede0a95" testName="Test005" computerName="md" duration="00:00:00.0001722" startTime="2018-11-12T00:19:01.8421548-05:00" endTime="2018-11-12T00:19:01.8424363-05:00" testType="13cdc9d9-ddb5-4fa4-a97d-d965ccfc6d4b" outcome="Passed" testListId="8c84fa94-04c1-424b-9868-57a2d4851a1d" relativeResultsDirectory="3dd5c877-d0e7-4fdf-bbd4-378a6e992eaa" /><UnitTestResult executionId="bc799a2d-be74-4c3d-b0bc-e23c214c49e5" testId="cb8c4d69-4bae-841c-2bdc-cb4bf9f02a8e" testName="Test014" computerName="md" duration="00:00:00.0022076" startTime="2018-11-12T00:19:02.6535518-05:00" endTime="2018-11-12T00:19:02.6559265-05:00" testType="13cdc9d9-ddb5-4fa4-a97d-d965ccfc6d4b" outcome="Passed" testListId="8c84fa94-04c1-424b-9868-57a2d4851a1d" relativeResultsDirectory="bc799a2d-be74-4c3d-b0bc-e23c214c49e5" /><UnitTestResult executionId="c6bbe77f-faae-4ee7-9c49-92b6f8fa290d" testId="720472e1-95fa-bf0c-2647-21f0ba57a6b1" testName="Test001" computerName="md" duration="00:00:00.0006624" startTime="2018-11-12T00:19:03.3915144-05:00" endTime="2018-11-12T00:19:03.3924704-05:00" testType="13cdc9d9-ddb5-4fa4-a97d-d965ccfc6d4b" outcome="Passed" testListId="8c84fa94-04c1-424b-9868-57a2d4851a1d" relativeResultsDirectory="c6bbe77f-faae-4ee7-9c49-92b6f8fa290d" /><UnitTestResult executionId="3ac719c2-b408-4c20-ad43-fc558f615efd" testId="58c3d4ff-6a75-b207-0a80-e30789adf26c" testName="Test006" computerName="md" duration="00:00:00.0045243" startTime="2018-11-12T00:19:01.8773691-05:00" endTime="2018-11-12T00:19:01.8820259-05:00" testType="13cdc9d9-ddb5-4fa4-a97d-d965ccfc6d4b" outcome="Passed" testListId="8c84fa94-04c1-424b-9868-57a2d4851a1d" relativeResultsDirectory="3ac719c2-b408-4c20-ad43-fc558f615efd" /><UnitTestResult executionId="3c73baf6-bf69-4c97-958e-b36034059ff3" testId="ca5cfb02-97b8-d8b3-3285-cd34c86f9d1f" testName="Test012" computerName="md" duration="00:00:00.0000203" startTime="2018-11-12T00:19:03.3121292-05:00" endTime="2018-11-12T00:19:03.3122512-05:00" testType="13cdc9d9-ddb5-4fa4-a97d-d965ccfc6d4b" outcome="Passed" testListId="8c84fa94-04c1-424b-9868-57a2d4851a1d" relativeResultsDirectory="3c73baf6-bf69-4c97-958e-b36034059ff3" /><UnitTestResult executionId="b5d5851c-4acc-4fcd-a128-85a8b6a278af" testId="a5acb736-bd0c-faee-0400-6b51842e6d16" testName="Test017" computerName="md" duration="00:00:00.0065310" startTime="2018-11-12T00:19:02.4180943-05:00" endTime="2018-11-12T00:19:02.4248356-05:00" testType="13cdc9d9-ddb5-4fa4-a97d-d965ccfc6d4b" outcome="Passed" testListId="8c84fa94-04c1-424b-9868-57a2d4851a1d" relativeResultsDirectory="b5d5851c-4acc-4fcd-a128-85a8b6a278af" /><UnitTestResult executionId="801ccea2-f62c-4e2d-82a5-3b64142f45f7" testId="86dc9bad-9a2f-d10b-2ef7-0b9f8577cec5" testName="Test011" computerName="md" duration="00:00:00.0000203" startTime="2018-11-12T00:19:03.4131617-05:00" endTime="2018-11-12T00:19:03.4132834-05:00" testType="13cdc9d9-ddb5-4fa4-a97d-d965ccfc6d4b" outcome="Passed" testListId="8c84fa94-04c1-424b-9868-57a2d4851a1d" relativeResultsDirectory="801ccea2-f62c-4e2d-82a5-3b64142f45f7" /><UnitTestResult executionId="1482edb2-535b-4761-a956-53def11a2a16" testId="9bd8d534-942f-2918-0262-2913449a9663" testName="Test005" computerName="md" duration="00:00:00.0000362" startTime="2018-11-12T00:19:03.2366597-05:00" endTime="2018-11-12T00:19:03.2367983-05:00" testType="13cdc9d9-ddb5-4fa4-a97d-d965ccfc6d4b" outcome="Passed" testListId="8c84fa94-04c1-424b-9868-57a2d4851a1d" relativeResultsDirectory="1482edb2-535b-4761-a956-53def11a2a16" /><UnitTestResult executionId="5462f87a-91f0-4211-82d0-2edf7fb802e3" testId="e1eca94c-3771-d05d-a25b-1786c81d19d8" testName="Test018" computerName="md" duration="00:00:00.0068875" startTime="2018-11-12T00:19:00.4036487-05:00" endTime="2018-11-12T00:19:00.4106295-05:00" testType="13cdc9d9-ddb5-4fa4-a97d-d965ccfc6d4b" outcome="Passed" testListId="8c84fa94-04c1-424b-9868-57a2d4851a1d" relativeResultsDirectory="5462f87a-91f0-4211-82d0-2edf7fb802e3" /><UnitTestResult executionId="a762c22f-1a97-4bde-b44a-859404eaebcf" testId="c9ec2da5-46e9-2c09-6e93-312e5ac7f9c6" testName="Test148" computerName="md" duration="00:00:00.0056660" startTime="2018-11-12T00:18:59.6565231-05:00" endTime="2018-11-12T00:18:59.6622909-05:00" testType="13cdc9d9-ddb5-4fa4-a97d-d965ccfc6d4b" outcome="Passed" testListId="8c84fa94-04c1-424b-9868-57a2d4851a1d" relativeResultsDirectory="a762c22f-1a97-4bde-b44a-859404eaebcf" /><UnitTestResult executionId="218d95aa-7d0e-42e6-aded-51461f57fe1e" testId="60ebde6a-5739-0a64-1d55-159c90f7c66c" testName="Test006" computerName="md" duration="00:00:00.0033294" startTime="2018-11-12T00:19:00.8470126-05:00" endTime="2018-11-12T00:19:00.8504332-05:00" testType="13cdc9d9-ddb5-4fa4-a97d-d965ccfc6d4b" outcome="Passed" testListId="8c84fa94-04c1-424b-9868-57a2d4851a1d" relativeResultsDirectory="218d95aa-7d0e-42e6-aded-51461f57fe1e" /><UnitTestResult executionId="d57dc4fb-f28e-430d-b5d6-102b7f2ee63e" testId="ffe4f3ed-c636-62e9-2c95-659c4c132c1d" testName="Test003" computerName="md" duration="00:00:00.0006727" startTime="2018-11-12T00:19:00.2290002-05:00" endTime="2018-11-12T00:19:00.2297552-05:00" testType="13cdc9d9-ddb5-4fa4-a97d-d965ccfc6d4b" outcome="Passed" testListId="8c84fa94-04c1-424b-9868-57a2d4851a1d" relativeResultsDirectory="d57dc4fb-f28e-430d-b5d6-102b7f2ee63e" /><UnitTestResult executionId="cc230c68-5b58-425e-b03f-a0e64b391e79" testId="27d3f27f-4741-8323-0407-44d3b9569ce7" testName="Test031" computerName="md" duration="00:00:00.0018074" startTime="2018-11-12T00:18:58.6809167-05:00" endTime="2018-11-12T00:18:58.6828365-05:00" testType="13cdc9d9-ddb5-4fa4-a97d-d965ccfc6d4b" outcome="Passed" testListId="8c84fa94-04c1-424b-9868-57a2d4851a1d" relativeResultsDirectory="cc230c68-5b58-425e-b03f-a0e64b391e79" /><UnitTestResult executionId="ecebc316-1766-4993-a51d-f19ddb7b8f29" testId="df4c9e97-4462-a12a-def0-6db9e8fc7ddb" testName="Test016" computerName="md" duration="00:00:00.0000315" startTime="2018-11-12T00:19:03.2879954-05:00" endTime="2018-11-12T00:19:03.2881286-05:00" testType="13cdc9d9-ddb5-4fa4-a97d-d965ccfc6d4b" outcome="Passed" testListId="8c84fa94-04c1-424b-9868-57a2d4851a1d" relativeResultsDirectory="ecebc316-1766-4993-a51d-f19ddb7b8f29" /><UnitTestResult executionId="7e69414d-3f4a-4087-94c9-4721f5d41d6b" testId="38781347-6b6e-1343-36bf-654bd2febde8" testName="Test032" computerName="md" duration="00:00:00.0009423" startTime="2018-11-12T00:18:59.0337097-05:00" endTime="2018-11-12T00:18:59.0347638-05:00" testType="13cdc9d9-ddb5-4fa4-a97d-d965ccfc6d4b" outcome="Passed" testListId="8c84fa94-04c1-424b-9868-57a2d4851a1d" relativeResultsDirectory="7e69414d-3f4a-4087-94c9-4721f5d41d6b" /><UnitTestResult executionId="50fe5ed6-821c-4b53-be00-0341f7a2be6b" testId="4f8d336c-abfd-348f-c97c-9d5c619c1f0f" testName="Test002" computerName="md" duration="00:00:00.0000133" startTime="2018-11-12T00:19:03.4048247-05:00" endTime="2018-11-12T00:19:03.4049492-05:00" testType="13cdc9d9-ddb5-4fa4-a97d-d965ccfc6d4b" outcome="Passed" testListId="8c84fa94-04c1-424b-9868-57a2d4851a1d" relativeResultsDirectory="50fe5ed6-821c-4b53-be00-0341f7a2be6b" /><UnitTestResult executionId="44d7730c-1ab1-4a67-ba5c-b706d4fe38b7" testId="1a6125c1-3cdd-6258-3fbd-b9f2fa484cb4" testName="Test033" computerName="md" duration="00:00:00.0034759" startTime="2018-11-12T00:19:01.7574073-05:00" endTime="2018-11-12T00:19:01.7609748-05:00" testType="13cdc9d9-ddb5-4fa4-a97d-d965ccfc6d4b" outcome="Passed" testListId="8c84fa94-04c1-424b-9868-57a2d4851a1d" relativeResultsDirectory="44d7730c-1ab1-4a67-ba5c-b706d4fe38b7" /></Results><TestDefinitions><UnitTest name="Test020" storage="/home/hannasm/expressiveexpressiontreesdotnet/expressiveexpressiontrees.tests/bin/debug/netcoreapp2.0/expressiveexpressiontrees.tests.dll" id="1d90a401-7df8-9a6d-1aa8-29c1d0d429c1"><Execution id="18f16cfd-10b0-44a6-8c62-f603e41665f6" /><TestMethod codeBase="/home/hannasm/ExpressiveExpressionTreesDotNet/ExpressiveExpressionTrees.Tests/bin/Debug/netcoreapp2.0/ExpressiveExpressionTrees.Tests.dll" adapterTypeName="executor://mstestadapter/v2" className="ExpressiveExpressionTrees.Tests.ExpressionVisitorTest.ListInitVisitorTests" name="Test020" /></UnitTest><UnitTest name="Test003" storage="/home/hannasm/expressiveexpressiontreesdotnet/expressiveexpressiontrees.tests/bin/debug/netcoreapp2.0/expressiveexpressiontrees.tests.dll" id="0b674368-caa3-280a-2fc2-2a64779e344b"><Execution id="39262f6e-461e-4c88-bf1f-d1343f68b900" /><TestMethod codeBase="/home/hannasm/ExpressiveExpressionTreesDotNet/ExpressiveExpressionTrees.Tests/bin/Debug/netcoreapp2.0/ExpressiveExpressionTrees.Tests.dll" adapterTypeName="executor://mstestadapter/v2" className="ExpressiveExpressionTrees.Tests.ExpressionHasherTests.NewArrayExpressionHasherTests" name="Test003" /></UnitTest><UnitTest name="Test051" storage="/home/hannasm/expressiveexpressiontreesdotnet/expressiveexpressiontrees.tests/bin/debug/netcoreapp2.0/expressiveexpressiontrees.tests.dll" id="dfa39a39-ffae-c20e-dfc7-3c334b403e9b"><Execution id="d6e60e58-ded0-46f1-8ffd-0fa3db5f81d0" /><TestMethod codeBase="/home/hannasm/ExpressiveExpressionTreesDotNet/ExpressiveExpressionTrees.Tests/bin/Debug/netcoreapp2.0/ExpressiveExpressionTrees.Tests.dll" adapterTypeName="executor://mstestadapter/v2" className="ExpressiveExpressionTrees.Tests.ExpressionGeneratorMakeBinaryTests" name="Test051" /></UnitTest><UnitTest name="Test018" storage="/home/hannasm/expressiveexpressiontreesdotnet/expressiveexpressiontrees.tests/bin/debug/netcoreapp2.0/expressiveexpressiontrees.tests.dll" id="a24c6e8a-3d1a-a4d6-a2ec-336a3ac8ccb7"><Execution id="b657871f-f6b0-4b53-ae7b-cd99287c5497" /><TestMethod codeBase="/home/hannasm/ExpressiveExpressionTreesDotNet/ExpressiveExpressionTrees.Tests/bin/Debug/netcoreapp2.0/ExpressiveExpressionTrees.Tests.dll" adapterTypeName="executor://mstestadapter/v2" className="ExpressiveExpressionTrees.Tests.ExpressionComparerTests.ListInitExpressionComparerTests" name="Test018" /></UnitTest><UnitTest name="Test034" storage="/home/hannasm/expressiveexpressiontreesdotnet/expressiveexpressiontrees.tests/bin/debug/netcoreapp2.0/expressiveexpressiontrees.tests.dll" id="50c7dc97-d3c7-472d-8aba-868470771726"><Execution id="619376ce-5cd8-44b3-8401-5dcf2b0b5c7c" /><TestMethod codeBase="/home/hannasm/ExpressiveExpressionTreesDotNet/ExpressiveExpressionTrees.Tests/bin/Debug/netcoreapp2.0/ExpressiveExpressionTrees.Tests.dll" adapterTypeName="executor://mstestadapter/v2" className="ExpressiveExpressionTrees.Tests.ExpressionGeneratorFromFuncTests" name="Test034" /></UnitTest><UnitTest name="Test043" storage="/home/hannasm/expressiveexpressiontreesdotnet/expressiveexpressiontrees.tests/bin/debug/netcoreapp2.0/expressiveexpressiontrees.tests.dll" id="26917f5c-4dbb-01f0-513b-3b0627237040"><Execution id="7465e515-663d-4106-b1fc-246978b1ea18" /><TestMethod codeBase="/home/hannasm/ExpressiveExpressionTreesDotNet/ExpressiveExpressionTrees.Tests/bin/Debug/netcoreapp2.0/ExpressiveExpressionTrees.Tests.dll" adapterTypeName="executor://mstestadapter/v2" className="ExpressiveExpressionTrees.Tests.ExpressionVisitorTest.TryCatchVisitorTests" name="Test043" /></UnitTest><UnitTest name="Test029" storage="/home/hannasm/expressiveexpressiontreesdotnet/expressiveexpressiontrees.tests/bin/debug/netcoreapp2.0/expressiveexpressiontrees.tests.dll" id="bb4bae9d-5ca4-1608-77b1-b69ed9274ff7"><Execution id="50646e42-e3dd-4bd6-85db-ea0f61572912" /><TestMethod codeBase="/home/hannasm/ExpressiveExpressionTreesDotNet/ExpressiveExpressionTrees.Tests/bin/Debug/netcoreapp2.0/ExpressiveExpressionTrees.Tests.dll" adapterTypeName="executor://mstestadapter/v2" className="ExpressiveExpressionTrees.Tests.ExpressionGeneratorFromActionTests" name="Test029" /></UnitTest><UnitTest name="Test092" storage="/home/hannasm/expressiveexpressiontreesdotnet/expressiveexpressiontrees.tests/bin/debug/netcoreapp2.0/expressiveexpressiontrees.tests.dll" id="3303d661-0612-3237-d8df-5354189d1954"><Execution id="e7db9967-9f6b-4f39-94f1-897429fce3a9" /><TestMethod codeBase="/home/hannasm/ExpressiveExpressionTreesDotNet/ExpressiveExpressionTrees.Tests/bin/Debug/netcoreapp2.0/ExpressiveExpressionTrees.Tests.dll" adapterTypeName="executor://mstestadapter/v2" className="ExpressiveExpressionTrees.Tests.ExpressionGeneratorMakeBinaryTests" name="Test092" /></UnitTest><UnitTest name="Test406" storage="/home/hannasm/expressiveexpressiontreesdotnet/expressiveexpressiontrees.tests/bin/debug/netcoreapp2.0/expressiveexpressiontrees.tests.dll" id="a54fc5fb-816a-ae6f-7aa6-6f4c7221c670"><Execution id="0d394879-f9aa-4b3d-8e21-a14a806b833e" /><TestMethod codeBase="/home/hannasm/ExpressiveExpressionTreesDotNet/ExpressiveExpressionTrees.Tests/bin/Debug/netcoreapp2.0/ExpressiveExpressionTrees.Tests.dll" adapterTypeName="executor://mstestadapter/v2" className="ExpressiveExpressionTrees.Tests.ExpressionVisitorTest.BinaryVisitorTests" name="Test406" /></UnitTest><UnitTest name="Test001" storage="/home/hannasm/expressiveexpressiontreesdotnet/expressiveexpressiontrees.tests/bin/debug/netcoreapp2.0/expressiveexpressiontrees.tests.dll" id="681a652e-b485-06d2-b709-0685ba614324"><Execution id="f91633a7-a0b2-4c5c-a9fa-8e2a7d5a2d44" /><TestMethod codeBase="/home/hannasm/ExpressiveExpressionTreesDotNet/ExpressiveExpressionTrees.Tests/bin/Debug/netcoreapp2.0/ExpressiveExpressionTrees.Tests.dll" adapterTypeName="executor://mstestadapter/v2" className="ExpressiveExpressionTrees.Tests.ExpressionHasherTests.ConstantExpressionHasherTests" name="Test001" /></UnitTest><UnitTest name="Test002" storage="/home/hannasm/expressiveexpressiontreesdotnet/expressiveexpressiontrees.tests/bin/debug/netcoreapp2.0/expressiveexpressiontrees.tests.dll" id="418a7081-b81d-9dc3-3286-680ac32a9d7f"><Execution id="d8151e62-bfb3-4999-985b-475b0ad38df4" /><TestMethod codeBase="/home/hannasm/ExpressiveExpressionTreesDotNet/ExpressiveExpressionTrees.Tests/bin/Debug/netcoreapp2.0/ExpressiveExpressionTrees.Tests.dll" adapterTypeName="executor://mstestadapter/v2" className="ExpressiveExpressionTrees.Tests.ExpressionHasherTests.UnaryExpressionHasherTests" name="Test002" /></UnitTest><UnitTest name="Test019" storage="/home/hannasm/expressiveexpressiontreesdotnet/expressiveexpressiontrees.tests/bin/debug/netcoreapp2.0/expressiveexpressiontrees.tests.dll" id="3b26da34-5293-31e5-5c68-0f5b829c380a"><Execution id="e2e29fa3-830b-4910-958e-48eb4115a7d9" /><TestMethod codeBase="/home/hannasm/ExpressiveExpressionTreesDotNet/ExpressiveExpressionTrees.Tests/bin/Debug/netcoreapp2.0/ExpressiveExpressionTrees.Tests.dll" adapterTypeName="executor://mstestadapter/v2" className="ExpressiveExpressionTrees.Tests.ExpressionVisitorTest.InvokeVisitorTests" name="Test019" /></UnitTest><UnitTest name="Test004" storage="/home/hannasm/expressiveexpressiontreesdotnet/expressiveexpressiontrees.tests/bin/debug/netcoreapp2.0/expressiveexpressiontrees.tests.dll" id="6e9d8f6e-5117-6642-2d45-ffc778d50e6b"><Execution id="59898ef1-f9f8-4a77-8c31-8f821593799b" /><TestMethod codeBase="/home/hannasm/ExpressiveExpressionTreesDotNet/ExpressiveExpressionTrees.Tests/bin/Debug/netcoreapp2.0/ExpressiveExpressionTrees.Tests.dll" adapterTypeName="executor://mstestadapter/v2" className="ExpressiveExpressionTrees.Tests.ExpressionVisitorTest.NewArrayVisitorTests" name="Test004" /></UnitTest><UnitTest name="Test010" storage="/home/hannasm/expressiveexpressiontreesdotnet/expressiveexpressiontrees.tests/bin/debug/netcoreapp2.0/expressiveexpressiontrees.tests.dll" id="98674790-4d7f-6527-cb22-a077b18170ed"><Execution id="724e0163-0ac2-4f5e-8e09-04364a05181a" /><TestMethod codeBase="/home/hannasm/ExpressiveExpressionTreesDotNet/ExpressiveExpressionTrees.Tests/bin/Debug/netcoreapp2.0/ExpressiveExpressionTrees.Tests.dll" adapterTypeName="executor://mstestadapter/v2" className="ExpressiveExpressionTrees.Tests.ExpressionVisitorTest.BinaryVisitorTests" name="Test010" /></UnitTest><UnitTest name="Test032" storage="/home/hannasm/expressiveexpressiontreesdotnet/expressiveexpressiontrees.tests/bin/debug/netcoreapp2.0/expressiveexpressiontrees.tests.dll" id="b2010dc8-d109-752b-d3ed-b48e386de2db"><Execution id="73c882e8-482d-4743-83ce-4406fd4eea4d" /><TestMethod codeBase="/home/hannasm/ExpressiveExpressionTreesDotNet/ExpressiveExpressionTrees.Tests/bin/Debug/netcoreapp2.0/ExpressiveExpressionTrees.Tests.dll" adapterTypeName="executor://mstestadapter/v2" className="ExpressiveExpressionTrees.Tests.ExpressionVisitorTest.BinaryVisitorTests" name="Test032" /></UnitTest><UnitTest name="Test012" storage="/home/hannasm/expressiveexpressiontreesdotnet/expressiveexpressiontrees.tests/bin/debug/netcoreapp2.0/expressiveexpressiontrees.tests.dll" id="1a1e82cf-bea2-d00e-9612-30c27ca4ec12"><Execution id="f5e012ac-5f5d-487e-a2eb-700c9a65af48" /><TestMethod codeBase="/home/hannasm/ExpressiveExpressionTreesDotNet/ExpressiveExpressionTrees.Tests/bin/Debug/netcoreapp2.0/ExpressiveExpressionTrees.Tests.dll" adapterTypeName="executor://mstestadapter/v2" className="ExpressiveExpressionTrees.Tests.ExpressionHasherTests.UnaryExpressionHasherTests" name="Test012" /></UnitTest><UnitTest name="Test037" storage="/home/hannasm/expressiveexpressiontreesdotnet/expressiveexpressiontrees.tests/bin/debug/netcoreapp2.0/expressiveexpressiontrees.tests.dll" id="3a8ea150-505e-5115-074b-a538693b8485"><Execution id="fa677d64-4a37-4831-adfa-19ae59fa7059" /><TestMethod codeBase="/home/hannasm/ExpressiveExpressionTreesDotNet/ExpressiveExpressionTrees.Tests/bin/Debug/netcoreapp2.0/ExpressiveExpressionTrees.Tests.dll" adapterTypeName="executor://mstestadapter/v2" className="ExpressiveExpressionTrees.Tests.ExpressionVisitorTest.NewVisitorTests" name="Test037" /></UnitTest><UnitTest name="Test062" storage="/home/hannasm/expressiveexpressiontreesdotnet/expressiveexpressiontrees.tests/bin/debug/netcoreapp2.0/expressiveexpressiontrees.tests.dll" id="0977163f-a64d-837e-6062-3c29a9e15784"><Execution id="06730d17-161a-40b4-ad1d-e0b03e3ebde9" /><TestMethod codeBase="/home/hannasm/ExpressiveExpressionTreesDotNet/ExpressiveExpressionTrees.Tests/bin/Debug/netcoreapp2.0/ExpressiveExpressionTrees.Tests.dll" adapterTypeName="executor://mstestadapter/v2" className="ExpressiveExpressionTrees.Tests.ExpressionGeneratorMakeBinaryTests" name="Test062" /></UnitTest><UnitTest name="Test010" storage="/home/hannasm/expressiveexpressiontreesdotnet/expressiveexpressiontrees.tests/bin/debug/netcoreapp2.0/expressiveexpressiontrees.tests.dll" id="d38811d6-4c23-e745-0f79-9ed2054c0015"><Execution id="356fb161-0a73-4ff1-a707-bbec459c9678" /><TestMethod codeBase="/home/hannasm/ExpressiveExpressionTreesDotNet/ExpressiveExpressionTrees.Tests/bin/Debug/netcoreapp2.0/ExpressiveExpressionTrees.Tests.dll" adapterTypeName="executor://mstestadapter/v2" className="ExpressiveExpressionTrees.Tests.ExpressionComparerTests.UnaryExpressionComparerTests" name="Test010" /></UnitTest><UnitTest name="Test013" storage="/home/hannasm/expressiveexpressiontreesdotnet/expressiveexpressiontrees.tests/bin/debug/netcoreapp2.0/expressiveexpressiontrees.tests.dll" id="f7e4a25a-f38c-ed72-4b35-fb89f32257eb"><Execution id="5602fdf4-4526-48b2-b84d-f11cb34b4882" /><TestMethod codeBase="/home/hannasm/ExpressiveExpressionTreesDotNet/ExpressiveExpressionTrees.Tests/bin/Debug/netcoreapp2.0/ExpressiveExpressionTrees.Tests.dll" adapterTypeName="executor://mstestadapter/v2" className="ExpressiveExpressionTrees.Tests.ExpressionHasherTests.BinaryExpressionHasherTests" name="Test013" /></UnitTest><UnitTest name="Test082" storage="/home/hannasm/expressiveexpressiontreesdotnet/expressiveexpressiontrees.tests/bin/debug/netcoreapp2.0/expressiveexpressiontrees.tests.dll" id="d89107f9-5fbe-ceec-3cf9-e5e3a8e52a8e"><Execution id="672758c7-67fb-4441-8003-5fc26986df25" /><TestMethod codeBase="/home/hannasm/ExpressiveExpressionTreesDotNet/ExpressiveExpressionTrees.Tests/bin/Debug/netcoreapp2.0/ExpressiveExpressionTrees.Tests.dll" adapterTypeName="executor://mstestadapter/v2" className="ExpressiveExpressionTrees.Tests.ExpressionGeneratorMakeBinaryTests" name="Test082" /></UnitTest><UnitTest name="Test059" storage="/home/hannasm/expressiveexpressiontreesdotnet/expressiveexpressiontrees.tests/bin/debug/netcoreapp2.0/expressiveexpressiontrees.tests.dll" id="e11fb4fe-cdac-0970-e8b6-01b06763c7ad"><Execution id="b316f834-d20d-4230-beec-54ef09e79e48" /><TestMethod codeBase="/home/hannasm/ExpressiveExpressionTreesDotNet/ExpressiveExpressionTrees.Tests/bin/Debug/netcoreapp2.0/ExpressiveExpressionTrees.Tests.dll" adapterTypeName="executor://mstestadapter/v2" className="ExpressiveExpressionTrees.Tests.ExpressionComparerTests.BindingsExpressionComparerTests" name="Test059" /></UnitTest><UnitTest name="Test027" storage="/home/hannasm/expressiveexpressiontreesdotnet/expressiveexpressiontrees.tests/bin/debug/netcoreapp2.0/expressiveexpressiontrees.tests.dll" id="be8a6b33-ecf7-5215-08e4-1d186b8d741c"><Execution id="c22d8542-2af9-4c8c-99fa-15edbd51b999" /><TestMethod codeBase="/home/hannasm/ExpressiveExpressionTreesDotNet/ExpressiveExpressionTrees.Tests/bin/Debug/netcoreapp2.0/ExpressiveExpressionTrees.Tests.dll" adapterTypeName="executor://mstestadapter/v2" className="ExpressiveExpressionTrees.Tests.ExpressionVisitorTest.InvokeVisitorTests" name="Test027" /></UnitTest><UnitTest name="Test026" storage="/home/hannasm/expressiveexpressiontreesdotnet/expressiveexpressiontrees.tests/bin/debug/netcoreapp2.0/expressiveexpressiontrees.tests.dll" id="70ff143d-2548-2b12-0067-e1c77f625ac6"><Execution id="7c45cda2-fd7e-4c65-aba0-a691bef9ff9b" /><TestMethod codeBase="/home/hannasm/ExpressiveExpressionTreesDotNet/ExpressiveExpressionTrees.Tests/bin/Debug/netcoreapp2.0/ExpressiveExpressionTrees.Tests.dll" adapterTypeName="executor://mstestadapter/v2" className="ExpressiveExpressionTrees.Tests.ExpressionVisitorTest.NewVisitorTests" name="Test026" /></UnitTest><UnitTest name="Test003" storage="/home/hannasm/expressiveexpressiontreesdotnet/expressiveexpressiontrees.tests/bin/debug/netcoreapp2.0/expressiveexpressiontrees.tests.dll" id="16efeffc-c424-506d-319b-d1fdb00d76c0"><Execution id="e365cf92-04d8-4f46-accc-168d2cf6e271" /><TestMethod codeBase="/home/hannasm/ExpressiveExpressionTreesDotNet/ExpressiveExpressionTrees.Tests/bin/Debug/netcoreapp2.0/ExpressiveExpressionTrees.Tests.dll" adapterTypeName="executor://mstestadapter/v2" className="ExpressiveExpressionTrees.Tests.ExpressionComparerTests.NullExpressionComparerTests" name="Test003" /></UnitTest><UnitTest name="Test001" storage="/home/hannasm/expressiveexpressiontreesdotnet/expressiveexpressiontrees.tests/bin/debug/netcoreapp2.0/expressiveexpressiontrees.tests.dll" id="f6e698d0-d746-0bd1-92ce-d16c077c0215"><Execution id="6c501ea0-47ec-464f-a19e-aa83c9999de2" /><TestMethod codeBase="/home/hannasm/ExpressiveExpressionTreesDotNet/ExpressiveExpressionTrees.Tests/bin/Debug/netcoreapp2.0/ExpressiveExpressionTrees.Tests.dll" adapterTypeName="executor://mstestadapter/v2" className="ExpressiveExpressionTrees.Tests.ExpressionComparerTests.MethodCallExpressionComparerTests" name="Test001" /></UnitTest><UnitTest name="Test042" storage="/home/hannasm/expressiveexpressiontreesdotnet/expressiveexpressiontrees.tests/bin/debug/netcoreapp2.0/expressiveexpressiontrees.tests.dll" id="ff2b2725-2fd9-9aea-24fc-e065b2138a48"><Execution id="891c7f9d-689f-477b-a041-1d593f770d3a" /><TestMethod codeBase="/home/hannasm/ExpressiveExpressionTreesDotNet/ExpressiveExpressionTrees.Tests/bin/Debug/netcoreapp2.0/ExpressiveExpressionTrees.Tests.dll" adapterTypeName="executor://mstestadapter/v2" className="ExpressiveExpressionTrees.Tests.ExpressionVisitorTest.TryCatchVisitorTests" name="Test042" /></UnitTest><UnitTest name="Test012" storage="/home/hannasm/expressiveexpressiontreesdotnet/expressiveexpressiontrees.tests/bin/debug/netcoreapp2.0/expressiveexpressiontrees.tests.dll" id="578eccba-cff6-8976-5f33-b8e5021e8286"><Execution id="ccef7ef8-0fbb-470a-9d70-667e26e7f594" /><TestMethod codeBase="/home/hannasm/ExpressiveExpressionTreesDotNet/ExpressiveExpressionTrees.Tests/bin/Debug/netcoreapp2.0/ExpressiveExpressionTrees.Tests.dll" adapterTypeName="executor://mstestadapter/v2" className="ExpressiveExpressionTrees.Tests.ExpressionHasherTests.ListInitExpressionHasherTests" name="Test012" /></UnitTest><UnitTest name="Test002" storage="/home/hannasm/expressiveexpressiontreesdotnet/expressiveexpressiontrees.tests/bin/debug/netcoreapp2.0/expressiveexpressiontrees.tests.dll" id="9abdbe0e-30d3-0d2d-5ddd-db7ffb06acd9"><Execution id="3745c6ae-5bd8-49c4-a5eb-9aa168718850" /><TestMethod codeBase="/home/hannasm/ExpressiveExpressionTreesDotNet/ExpressiveExpressionTrees.Tests/bin/Debug/netcoreapp2.0/ExpressiveExpressionTrees.Tests.dll" adapterTypeName="executor://mstestadapter/v2" className="ExpressiveExpressionTrees.Tests.ExpressionVisitorTest.InvokeVisitorTests" name="Test002" /></UnitTest><UnitTest name="Test012" storage="/home/hannasm/expressiveexpressiontreesdotnet/expressiveexpressiontrees.tests/bin/debug/netcoreapp2.0/expressiveexpressiontrees.tests.dll" id="5564c82a-12f6-5502-a08e-b14cb8af21a8"><Execution id="e5c7d001-c1c4-46f0-9f9c-d169eb0f0204" /><TestMethod codeBase="/home/hannasm/ExpressiveExpressionTreesDotNet/ExpressiveExpressionTrees.Tests/bin/Debug/netcoreapp2.0/ExpressiveExpressionTrees.Tests.dll" adapterTypeName="executor://mstestadapter/v2" className="ExpressiveExpressionTrees.Tests.ExpressionVisitorTest.ListInitVisitorTests" name="Test012" /></UnitTest><UnitTest name="Test136" storage="/home/hannasm/expressiveexpressiontreesdotnet/expressiveexpressiontrees.tests/bin/debug/netcoreapp2.0/expressiveexpressiontrees.tests.dll" id="13f9df2d-9fd2-785f-a389-96933e570ecb"><Execution id="ffca52dd-dc93-4886-bbdc-7a896aa0bf28" /><TestMethod codeBase="/home/hannasm/ExpressiveExpressionTreesDotNet/ExpressiveExpressionTrees.Tests/bin/Debug/netcoreapp2.0/ExpressiveExpressionTrees.Tests.dll" adapterTypeName="executor://mstestadapter/v2" className="ExpressiveExpressionTrees.Tests.ExpressionVisitorTest.BinaryVisitorTests" name="Test136" /></UnitTest><UnitTest name="Test004" storage="/home/hannasm/expressiveexpressiontreesdotnet/expressiveexpressiontrees.tests/bin/debug/netcoreapp2.0/expressiveexpressiontrees.tests.dll" id="9823828f-3e7d-e474-1d1a-2136ac773bb6"><Execution id="62b71c3e-420e-492a-83b2-b703742d7ba9" /><TestMethod codeBase="/home/hannasm/ExpressiveExpressionTreesDotNet/ExpressiveExpressionTrees.Tests/bin/Debug/netcoreapp2.0/ExpressiveExpressionTrees.Tests.dll" adapterTypeName="executor://mstestadapter/v2" className="ExpressiveExpressionTrees.Tests.ExpressionComparerTests.MemberAccessExpressionComparerTests" name="Test004" /></UnitTest><UnitTest name="Test006" storage="/home/hannasm/expressiveexpressiontreesdotnet/expressiveexpressiontrees.tests/bin/debug/netcoreapp2.0/expressiveexpressiontrees.tests.dll" id="13b6c9a8-633d-ce08-814f-e84b5ecec1ca"><Execution id="4088d36e-c080-4ee9-bb1a-fb4dacd846f1" /><TestMethod codeBase="/home/hannasm/ExpressiveExpressionTreesDotNet/ExpressiveExpressionTrees.Tests/bin/Debug/netcoreapp2.0/ExpressiveExpressionTrees.Tests.dll" adapterTypeName="executor://mstestadapter/v2" className="ExpressiveExpressionTrees.Tests.ExpressionHasherTests.UnaryExpressionHasherTests" name="Test006" /></UnitTest><UnitTest name="Test001" storage="/home/hannasm/expressiveexpressiontreesdotnet/expressiveexpressiontrees.tests/bin/debug/netcoreapp2.0/expressiveexpressiontrees.tests.dll" id="0b057852-3e8a-3d3c-a489-3506e0339d86"><Execution id="55145b02-d0a0-463d-8336-ca3a42f11dff" /><TestMethod codeBase="/home/hannasm/ExpressiveExpressionTreesDotNet/ExpressiveExpressionTrees.Tests/bin/Debug/netcoreapp2.0/ExpressiveExpressionTrees.Tests.dll" adapterTypeName="executor://mstestadapter/v2" className="ExpressiveExpressionTrees.Tests.ExpressionGeneratorFromActionTests" name="Test001" /></UnitTest><UnitTest name="Test011" storage="/home/hannasm/expressiveexpressiontreesdotnet/expressiveexpressiontrees.tests/bin/debug/netcoreapp2.0/expressiveexpressiontrees.tests.dll" id="3f6f2013-2c7b-d625-c85d-30a92ca9aa1f"><Execution id="3d050f59-5f4c-4732-b640-5093ad887aec" /><TestMethod codeBase="/home/hannasm/ExpressiveExpressionTreesDotNet/ExpressiveExpressionTrees.Tests/bin/Debug/netcoreapp2.0/ExpressiveExpressionTrees.Tests.dll" adapterTypeName="executor://mstestadapter/v2" className="ExpressiveExpressionTrees.Tests.ExpressionHasherTests.TryCatchExpressionHasherTests" name="Test011" /></UnitTest><UnitTest name="Test009" storage="/home/hannasm/expressiveexpressiontreesdotnet/expressiveexpressiontrees.tests/bin/debug/netcoreapp2.0/expressiveexpressiontrees.tests.dll" id="46c936cd-9fca-4128-f965-1b1b395c39b6"><Execution id="eba6349f-1405-44f9-9e5a-9b86c9e2e3fb" /><TestMethod codeBase="/home/hannasm/ExpressiveExpressionTreesDotNet/ExpressiveExpressionTrees.Tests/bin/Debug/netcoreapp2.0/ExpressiveExpressionTrees.Tests.dll" adapterTypeName="executor://mstestadapter/v2" className="ExpressiveExpressionTrees.Tests.ExpressionComparerTests.ConstantExpressionComparerTests" name="Test009" /></UnitTest><UnitTest name="Test007" storage="/home/hannasm/expressiveexpressiontreesdotnet/expressiveexpressiontrees.tests/bin/debug/netcoreapp2.0/expressiveexpressiontrees.tests.dll" id="8bb4ecd4-296f-1f01-5a41-94b1c89e7a7b"><Execution id="b8fbad81-154e-4a54-a363-440cdf25fe46" /><TestMethod codeBase="/home/hannasm/ExpressiveExpressionTreesDotNet/ExpressiveExpressionTrees.Tests/bin/Debug/netcoreapp2.0/ExpressiveExpressionTrees.Tests.dll" adapterTypeName="executor://mstestadapter/v2" className="ExpressiveExpressionTrees.Tests.ExpressionVisitorTest.BlockVisitorTests" name="Test007" /></UnitTest><UnitTest name="Test021" storage="/home/hannasm/expressiveexpressiontreesdotnet/expressiveexpressiontrees.tests/bin/debug/netcoreapp2.0/expressiveexpressiontrees.tests.dll" id="0f731d69-2adb-a918-321b-f2bb309bd7ea"><Execution id="21bc028d-30b2-46d0-bb7a-e5bee2d204db" /><TestMethod codeBase="/home/hannasm/ExpressiveExpressionTreesDotNet/ExpressiveExpressionTrees.Tests/bin/Debug/netcoreapp2.0/ExpressiveExpressionTrees.Tests.dll" adapterTypeName="executor://mstestadapter/v2" className="ExpressiveExpressionTrees.Tests.ExpressionComparerTests.NewExpressionComparerTests" name="Test021" /></UnitTest><UnitTest name="Test001" storage="/home/hannasm/expressiveexpressiontreesdotnet/expressiveexpressiontrees.tests/bin/debug/netcoreapp2.0/expressiveexpressiontrees.tests.dll" id="38a7c617-ad18-9517-f624-7facfd8d9111"><Execution id="547898f9-acc1-4f6a-8fe6-5ec4d4f364e0" /><TestMethod codeBase="/home/hannasm/ExpressiveExpressionTreesDotNet/ExpressiveExpressionTrees.Tests/bin/Debug/netcoreapp2.0/ExpressiveExpressionTrees.Tests.dll" adapterTypeName="executor://mstestadapter/v2" className="ExpressiveExpressionTrees.Tests.ExpressionGeneratorMultiProjectTests" name="Test001" /></UnitTest><UnitTest name="Test319" storage="/home/hannasm/expressiveexpressiontreesdotnet/expressiveexpressiontrees.tests/bin/debug/netcoreapp2.0/expressiveexpressiontrees.tests.dll" id="2ac18e69-d8b7-042b-e3e0-0d4a01bb7aa3"><Execution id="e7f3e43b-3a66-4c36-bc8a-b7ea4d91dcfc" /><TestMethod codeBase="/home/hannasm/ExpressiveExpressionTreesDotNet/ExpressiveExpressionTrees.Tests/bin/Debug/netcoreapp2.0/ExpressiveExpressionTrees.Tests.dll" adapterTypeName="executor://mstestadapter/v2" className="ExpressiveExpressionTrees.Tests.ExpressionVisitorTest.BinaryVisitorTests" name="Test319" /></UnitTest><UnitTest name="Test011" storage="/home/hannasm/expressiveexpressiontreesdotnet/expressiveexpressiontrees.tests/bin/debug/netcoreapp2.0/expressiveexpressiontrees.tests.dll" id="6003dd3e-32eb-53bd-34cc-f0e21f7bdad9"><Execution id="0fb8adce-3d81-4c14-87c2-74ceecc6b756" /><TestMethod codeBase="/home/hannasm/ExpressiveExpressionTreesDotNet/ExpressiveExpressionTrees.Tests/bin/Debug/netcoreapp2.0/ExpressiveExpressionTrees.Tests.dll" adapterTypeName="executor://mstestadapter/v2" className="ExpressiveExpressionTrees.Tests.ExpressionComparerTests.InvocationExpressionComparerTests" name="Test011" /></UnitTest><UnitTest name="Test011" storage="/home/hannasm/expressiveexpressiontreesdotnet/expressiveexpressiontrees.tests/bin/debug/netcoreapp2.0/expressiveexpressiontrees.tests.dll" id="cdbc9f6b-10a4-b4cf-53c3-e5df8fa15619"><Execution id="54e22de1-14e8-4e0a-8474-59582f9d910a" /><TestMethod codeBase="/home/hannasm/ExpressiveExpressionTreesDotNet/ExpressiveExpressionTrees.Tests/bin/Debug/netcoreapp2.0/ExpressiveExpressionTrees.Tests.dll" adapterTypeName="executor://mstestadapter/v2" className="ExpressiveExpressionTrees.Tests.ExpressionComparerTests.TryCatchExpressionComparerTests" name="Test011" /></UnitTest><UnitTest name="Test011" storage="/home/hannasm/expressiveexpressiontreesdotnet/expressiveexpressiontrees.tests/bin/debug/netcoreapp2.0/expressiveexpressiontrees.tests.dll" id="bb6df7f2-2609-0d08-9fa7-b4375a783744"><Execution id="e8dfb2d3-905a-427a-9ea3-f58d88f21c33" /><TestMethod codeBase="/home/hannasm/ExpressiveExpressionTreesDotNet/ExpressiveExpressionTrees.Tests/bin/Debug/netcoreapp2.0/ExpressiveExpressionTrees.Tests.dll" adapterTypeName="executor://mstestadapter/v2" className="ExpressiveExpressionTrees.Tests.ExpressionHasherTests.NewExpressionHasherTests" name="Test011" /></UnitTest><UnitTest name="Test014" storage="/home/hannasm/expressiveexpressiontreesdotnet/expressiveexpressiontrees.tests/bin/debug/netcoreapp2.0/expressiveexpressiontrees.tests.dll" id="cb8c4d69-4bae-841c-2bdc-cb4bf9f02a8e"><Execution id="bc799a2d-be74-4c3d-b0bc-e23c214c49e5" /><TestMethod codeBase="/home/hannasm/ExpressiveExpressionTreesDotNet/ExpressiveExpressionTrees.Tests/bin/Debug/netcoreapp2.0/ExpressiveExpressionTrees.Tests.dll" adapterTypeName="executor://mstestadapter/v2" className="ExpressiveExpressionTrees.Tests.ExpressionHasherTests.MethodCallExpressionHasherTests" name="Test014" /></UnitTest><UnitTest name="Test019" storage="/home/hannasm/expressiveexpressiontreesdotnet/expressiveexpressiontrees.tests/bin/debug/netcoreapp2.0/expressiveexpressiontrees.tests.dll" id="00c10fac-c3b9-5836-3f25-7f26a7189139"><Execution id="46b4170b-2c99-4b36-bf17-c9e4a1fa99d9" /><TestMethod codeBase="/home/hannasm/ExpressiveExpressionTreesDotNet/ExpressiveExpressionTrees.Tests/bin/Debug/netcoreapp2.0/ExpressiveExpressionTrees.Tests.dll" adapterTypeName="executor://mstestadapter/v2" className="ExpressiveExpressionTrees.Tests.ExpressionComparerTests.NewExpressionComparerTests" name="Test019" /></UnitTest><UnitTest name="Test013" storage="/home/hannasm/expressiveexpressiontreesdotnet/expressiveexpressiontrees.tests/bin/debug/netcoreapp2.0/expressiveexpressiontrees.tests.dll" id="cf577e61-fa70-4dad-764c-42bfc710800f"><Execution id="d80543f5-5e0c-4f34-a963-dc91fb12e923" /><TestMethod codeBase="/home/hannasm/ExpressiveExpressionTreesDotNet/ExpressiveExpressionTrees.Tests/bin/Debug/netcoreapp2.0/ExpressiveExpressionTrees.Tests.dll" adapterTypeName="executor://mstestadapter/v2" className="ExpressiveExpressionTrees.Tests.ExpressionVisitorTest.BinaryVisitorTests" name="Test013" /></UnitTest><UnitTest name="Test003" storage="/home/hannasm/expressiveexpressiontreesdotnet/expressiveexpressiontrees.tests/bin/debug/netcoreapp2.0/expressiveexpressiontrees.tests.dll" id="788a0289-8d72-3e41-e200-10613d55ae54"><Execution id="3874032c-6858-4ed9-ad29-8f11dbddc5ff" /><TestMethod codeBase="/home/hannasm/ExpressiveExpressionTreesDotNet/ExpressiveExpressionTrees.Tests/bin/Debug/netcoreapp2.0/ExpressiveExpressionTrees.Tests.dll" adapterTypeName="executor://mstestadapter/v2" className="ExpressiveExpressionTrees.Tests.ExpressionComparerTests.ConstantExpressionComparerTests" name="Test003" /></UnitTest><UnitTest name="Test028" storage="/home/hannasm/expressiveexpressiontreesdotnet/expressiveexpressiontrees.tests/bin/debug/netcoreapp2.0/expressiveexpressiontrees.tests.dll" id="e95ced9b-6798-8d43-52cb-a6f0c18ce82f"><Execution id="08622a84-f3f8-4f29-abee-d32f4d9c5b98" /><TestMethod codeBase="/home/hannasm/ExpressiveExpressionTreesDotNet/ExpressiveExpressionTrees.Tests/bin/Debug/netcoreapp2.0/ExpressiveExpressionTrees.Tests.dll" adapterTypeName="executor://mstestadapter/v2" className="ExpressiveExpressionTrees.Tests.ExpressionHasherTests.ListInitExpressionHasherTests" name="Test028" /></UnitTest><UnitTest name="Test015" storage="/home/hannasm/expressiveexpressiontreesdotnet/expressiveexpressiontrees.tests/bin/debug/netcoreapp2.0/expressiveexpressiontrees.tests.dll" id="10c29597-42f7-b745-1eb8-11e68a80ccae"><Execution id="edde280c-136c-4be2-8f73-52d6a4409c0c" /><TestMethod codeBase="/home/hannasm/ExpressiveExpressionTreesDotNet/ExpressiveExpressionTrees.Tests/bin/Debug/netcoreapp2.0/ExpressiveExpressionTrees.Tests.dll" adapterTypeName="executor://mstestadapter/v2" className="ExpressiveExpressionTrees.Tests.ExpressionComparerTests.ListInitExpressionComparerTests" name="Test015" /></UnitTest><UnitTest name="Test039" storage="/home/hannasm/expressiveexpressiontreesdotnet/expressiveexpressiontrees.tests/bin/debug/netcoreapp2.0/expressiveexpressiontrees.tests.dll" id="65f36861-3559-df73-e8b0-28ebf6d7b273"><Execution id="7e8cfe3d-9fc0-4e1c-bf7a-ad3c80846911" /><TestMethod codeBase="/home/hannasm/ExpressiveExpressionTreesDotNet/ExpressiveExpressionTrees.Tests/bin/Debug/netcoreapp2.0/ExpressiveExpressionTrees.Tests.dll" adapterTypeName="executor://mstestadapter/v2" className="ExpressiveExpressionTrees.Tests.ExpressionComparerTests.BindingsExpressionComparerTests" name="Test039" /></UnitTest><UnitTest name="Test002" storage="/home/hannasm/expressiveexpressiontreesdotnet/expressiveexpressiontrees.tests/bin/debug/netcoreapp2.0/expressiveexpressiontrees.tests.dll" id="97be146c-64b5-7c92-7785-fb09f8099c3d"><Execution id="d8de7767-9dcb-483b-ae0a-3b69d1940dfa" /><TestMethod codeBase="/home/hannasm/ExpressiveExpressionTreesDotNet/ExpressiveExpressionTrees.Tests/bin/Debug/netcoreapp2.0/ExpressiveExpressionTrees.Tests.dll" adapterTypeName="executor://mstestadapter/v2" className="ExpressiveExpressionTrees.Tests.ExpressionVisitorTest.ConstantVisitorTests" name="Test002" /></UnitTest><UnitTest name="Test008" storage="/home/hannasm/expressiveexpressiontreesdotnet/expressiveexpressiontrees.tests/bin/debug/netcoreapp2.0/expressiveexpressiontrees.tests.dll" id="e310bd06-7f91-4a4f-c1c5-149c933a1619"><Execution id="5f7a5df8-ffaa-4e84-8906-d9b9a033caa3" /><TestMethod codeBase="/home/hannasm/ExpressiveExpressionTreesDotNet/ExpressiveExpressionTrees.Tests/bin/Debug/netcoreapp2.0/ExpressiveExpressionTrees.Tests.dll" adapterTypeName="executor://mstestadapter/v2" className="ExpressiveExpressionTrees.Tests.ExpressionVisitorTest.BlockVisitorTests" name="Test008" /></UnitTest><UnitTest name="Test041" storage="/home/hannasm/expressiveexpressiontreesdotnet/expressiveexpressiontrees.tests/bin/debug/netcoreapp2.0/expressiveexpressiontrees.tests.dll" id="1e873dec-fee7-6eaa-38f5-1ea9d08a49ad"><Execution id="0ac3af19-fc17-40b1-a34b-1d287c67db2d" /><TestMethod codeBase="/home/hannasm/ExpressiveExpressionTreesDotNet/ExpressiveExpressionTrees.Tests/bin/Debug/netcoreapp2.0/ExpressiveExpressionTrees.Tests.dll" adapterTypeName="executor://mstestadapter/v2" className="ExpressiveExpressionTrees.Tests.ExpressionGeneratorMakeBinaryTests" name="Test041" /></UnitTest><UnitTest name="Test022" storage="/home/hannasm/expressiveexpressiontreesdotnet/expressiveexpressiontrees.tests/bin/debug/netcoreapp2.0/expressiveexpressiontrees.tests.dll" id="15f6b817-d797-bd34-5059-79602fcb3695"><Execution id="b6842a82-0f5e-489d-af72-57c067b9996f" /><TestMethod codeBase="/home/hannasm/ExpressiveExpressionTreesDotNet/ExpressiveExpressionTrees.Tests/bin/Debug/netcoreapp2.0/ExpressiveExpressionTrees.Tests.dll" adapterTypeName="executor://mstestadapter/v2" className="ExpressiveExpressionTrees.Tests.ExpressionComparerTests.BindingsExpressionComparerTests" name="Test022" /></UnitTest><UnitTest name="Test060" storage="/home/hannasm/expressiveexpressiontreesdotnet/expressiveexpressiontrees.tests/bin/debug/netcoreapp2.0/expressiveexpressiontrees.tests.dll" id="ed970b25-87ab-eaa2-8a65-a39ed049d8eb"><Execution id="883c83d0-4010-4fb8-97a6-c4be0d6e8b40" /><TestMethod codeBase="/home/hannasm/ExpressiveExpressionTreesDotNet/ExpressiveExpressionTrees.Tests/bin/Debug/netcoreapp2.0/ExpressiveExpressionTrees.Tests.dll" adapterTypeName="executor://mstestadapter/v2" className="ExpressiveExpressionTrees.Tests.ExpressionHasherTests.BindingsExpressionHasherTests" name="Test060" /></UnitTest><UnitTest name="Test008" storage="/home/hannasm/expressiveexpressiontreesdotnet/expressiveexpressiontrees.tests/bin/debug/netcoreapp2.0/expressiveexpressiontrees.tests.dll" id="3ed02644-71f1-f4b3-a54a-d03c30f11f90"><Execution id="2d3b1f3f-60ec-4445-8f3e-0dec24815347" /><TestMethod codeBase="/home/hannasm/ExpressiveExpressionTreesDotNet/ExpressiveExpressionTrees.Tests/bin/Debug/netcoreapp2.0/ExpressiveExpressionTrees.Tests.dll" adapterTypeName="executor://mstestadapter/v2" className="ExpressiveExpressionTrees.Tests.ExpressionHasherTests.BindingsExpressionHasherTests" name="Test008" /></UnitTest><UnitTest name="Test009" storage="/home/hannasm/expressiveexpressiontreesdotnet/expressiveexpressiontrees.tests/bin/debug/netcoreapp2.0/expressiveexpressiontrees.tests.dll" id="6e0304d9-5763-58cc-ffd1-33d20589faec"><Execution id="e77b6fb1-d522-41bd-af66-62811cb27d44" /><TestMethod codeBase="/home/hannasm/ExpressiveExpressionTreesDotNet/ExpressiveExpressionTrees.Tests/bin/Debug/netcoreapp2.0/ExpressiveExpressionTrees.Tests.dll" adapterTypeName="executor://mstestadapter/v2" className="ExpressiveExpressionTrees.Tests.ExpressionComparerTests.BinaryExpressionComparerTests" name="Test009" /></UnitTest><UnitTest name="Test006" storage="/home/hannasm/expressiveexpressiontreesdotnet/expressiveexpressiontrees.tests/bin/debug/netcoreapp2.0/expressiveexpressiontrees.tests.dll" id="8a2b00c5-cca2-046a-e254-64f2012f549e"><Execution id="701c47ed-cbfa-4ac1-8d0d-aec9861fb829" /><TestMethod codeBase="/home/hannasm/ExpressiveExpressionTreesDotNet/ExpressiveExpressionTrees.Tests/bin/Debug/netcoreapp2.0/ExpressiveExpressionTrees.Tests.dll" adapterTypeName="executor://mstestadapter/v2" className="ExpressiveExpressionTrees.Tests.ExpressionComparerTests.NewExpressionComparerTests" name="Test006" /></UnitTest><UnitTest name="Test021" storage="/home/hannasm/expressiveexpressiontreesdotnet/expressiveexpressiontrees.tests/bin/debug/netcoreapp2.0/expressiveexpressiontrees.tests.dll" id="0a9be33a-47f2-1d25-3924-393c311c73c3"><Execution id="4fd81aca-3658-46f5-8f0e-e43bf26c0aa8" /><TestMethod codeBase="/home/hannasm/ExpressiveExpressionTreesDotNet/ExpressiveExpressionTrees.Tests/bin/Debug/netcoreapp2.0/ExpressiveExpressionTrees.Tests.dll" adapterTypeName="executor://mstestadapter/v2" className="ExpressiveExpressionTrees.Tests.ExpressionVisitorTest.InvokeVisitorTests" name="Test021" /></UnitTest><UnitTest name="Test055" storage="/home/hannasm/expressiveexpressiontreesdotnet/expressiveexpressiontrees.tests/bin/debug/netcoreapp2.0/expressiveexpressiontrees.tests.dll" id="5d79adec-5ad2-b385-543c-dca5d61f6e19"><Execution id="75b7efde-4c27-4f4c-a07e-659fc1d78995" /><TestMethod codeBase="/home/hannasm/ExpressiveExpressionTreesDotNet/ExpressiveExpressionTrees.Tests/bin/Debug/netcoreapp2.0/ExpressiveExpressionTrees.Tests.dll" adapterTypeName="executor://mstestadapter/v2" className="ExpressiveExpressionTrees.Tests.ExpressionVisitorTest.NewVisitorTests" name="Test055" /></UnitTest><UnitTest name="Test006" storage="/home/hannasm/expressiveexpressiontreesdotnet/expressiveexpressiontrees.tests/bin/debug/netcoreapp2.0/expressiveexpressiontrees.tests.dll" id="e5da8b0f-68d0-8b46-9642-38ecfd965f2f"><Execution id="ca2b4f4b-9113-4ef4-9ef5-65f843514e56" /><TestMethod codeBase="/home/hannasm/ExpressiveExpressionTreesDotNet/ExpressiveExpressionTrees.Tests/bin/Debug/netcoreapp2.0/ExpressiveExpressionTrees.Tests.dll" adapterTypeName="executor://mstestadapter/v2" className="ExpressiveExpressionTrees.Tests.ExpressionVisitorTest.MethodCallVisitorTests" name="Test006" /></UnitTest><UnitTest name="Test037" storage="/home/hannasm/expressiveexpressiontreesdotnet/expressiveexpressiontrees.tests/bin/debug/netcoreapp2.0/expressiveexpressiontrees.tests.dll" id="5ddd1952-3e6a-f061-c3b5-99e8cd13b5d6"><Execution id="d8303c34-04fa-43cd-899c-41b53f14756b" /><TestMethod codeBase="/home/hannasm/ExpressiveExpressionTreesDotNet/ExpressiveExpressionTrees.Tests/bin/Debug/netcoreapp2.0/ExpressiveExpressionTrees.Tests.dll" adapterTypeName="executor://mstestadapter/v2" className="ExpressiveExpressionTrees.Tests.ExpressionHasherTests.BindingsExpressionHasherTests" name="Test037" /></UnitTest><UnitTest name="Test002" storage="/home/hannasm/expressiveexpressiontreesdotnet/expressiveexpressiontrees.tests/bin/debug/netcoreapp2.0/expressiveexpressiontrees.tests.dll" id="0aea2cfd-c3f1-08f2-2806-f7e343ea307a"><Execution id="50ece136-e978-436b-97e9-e9336a68e503" /><TestMethod codeBase="/home/hannasm/ExpressiveExpressionTreesDotNet/ExpressiveExpressionTrees.Tests/bin/Debug/netcoreapp2.0/ExpressiveExpressionTrees.Tests.dll" adapterTypeName="executor://mstestadapter/v2" className="ExpressiveExpressionTrees.Tests.ExpressionGeneratorFromFuncTests" name="Test002" /></UnitTest><UnitTest name="Test003" storage="/home/hannasm/expressiveexpressiontreesdotnet/expressiveexpressiontrees.tests/bin/debug/netcoreapp2.0/expressiveexpressiontrees.tests.dll" id="d96d556e-03a1-393f-8077-cc5dc76e981b"><Execution id="4242a78a-359d-4d2b-8dde-f22f50069322" /><TestMethod codeBase="/home/hannasm/ExpressiveExpressionTreesDotNet/ExpressiveExpressionTrees.Tests/bin/Debug/netcoreapp2.0/ExpressiveExpressionTrees.Tests.dll" adapterTypeName="executor://mstestadapter/v2" className="ExpressiveExpressionTrees.Tests.ExpressionComparerTests.ParameterExpressionComparerTests" name="Test003" /></UnitTest><UnitTest name="Test018" storage="/home/hannasm/expressiveexpressiontreesdotnet/expressiveexpressiontrees.tests/bin/debug/netcoreapp2.0/expressiveexpressiontrees.tests.dll" id="391e444f-fd02-23c1-74a7-47e3b36a68ea"><Execution id="e3d11262-f841-4ff8-80af-0370d8527627" /><TestMethod codeBase="/home/hannasm/ExpressiveExpressionTreesDotNet/ExpressiveExpressionTrees.Tests/bin/Debug/netcoreapp2.0/ExpressiveExpressionTrees.Tests.dll" adapterTypeName="executor://mstestadapter/v2" className="ExpressiveExpressionTrees.Tests.ExpressionGeneratorFromFuncTests" name="Test018" /></UnitTest><UnitTest name="Test021" storage="/home/hannasm/expressiveexpressiontreesdotnet/expressiveexpressiontrees.tests/bin/debug/netcoreapp2.0/expressiveexpressiontrees.tests.dll" id="47f4088f-8772-87fe-7e27-ccb0b9758e03"><Execution id="d8014db1-e1c9-4f45-9d30-b3edf6db7097" /><TestMethod codeBase="/home/hannasm/ExpressiveExpressionTreesDotNet/ExpressiveExpressionTrees.Tests/bin/Debug/netcoreapp2.0/ExpressiveExpressionTrees.Tests.dll" adapterTypeName="executor://mstestadapter/v2" className="ExpressiveExpressionTrees.Tests.ExpressionHasherTests.BinaryExpressionHasherTests" name="Test021" /></UnitTest><UnitTest name="Test044" storage="/home/hannasm/expressiveexpressiontreesdotnet/expressiveexpressiontrees.tests/bin/debug/netcoreapp2.0/expressiveexpressiontrees.tests.dll" id="3d211ba9-0cef-b5c7-bc67-c7b1f7d953de"><Execution id="26b203fe-b6f1-4706-a3d8-0c899203a412" /><TestMethod codeBase="/home/hannasm/ExpressiveExpressionTreesDotNet/ExpressiveExpressionTrees.Tests/bin/Debug/netcoreapp2.0/ExpressiveExpressionTrees.Tests.dll" adapterTypeName="executor://mstestadapter/v2" className="ExpressiveExpressionTrees.Tests.ExpressionGeneratorTests" name="Test044" /></UnitTest><UnitTest name="Test054" storage="/home/hannasm/expressiveexpressiontreesdotnet/expressiveexpressiontrees.tests/bin/debug/netcoreapp2.0/expressiveexpressiontrees.tests.dll" id="70c67809-c753-0cbf-bc13-892bc20e08d7"><Execution id="5620179d-5102-4cba-82b6-db4eb4c97ffa" /><TestMethod codeBase="/home/hannasm/ExpressiveExpressionTreesDotNet/ExpressiveExpressionTrees.Tests/bin/Debug/netcoreapp2.0/ExpressiveExpressionTrees.Tests.dll" adapterTypeName="executor://mstestadapter/v2" className="ExpressiveExpressionTrees.Tests.ExpressionHasherTests.BindingsExpressionHasherTests" name="Test054" /></UnitTest><UnitTest name="Test023" storage="/home/hannasm/expressiveexpressiontreesdotnet/expressiveexpressiontrees.tests/bin/debug/netcoreapp2.0/expressiveexpressiontrees.tests.dll" id="1e579474-7be7-7a15-32d9-7d7282b8a0bc"><Execution id="fccfc06d-90e0-432f-b963-d01d7be9184b" /><TestMethod codeBase="/home/hannasm/ExpressiveExpressionTreesDotNet/ExpressiveExpressionTrees.Tests/bin/Debug/netcoreapp2.0/ExpressiveExpressionTrees.Tests.dll" adapterTypeName="executor://mstestadapter/v2" className="ExpressiveExpressionTrees.Tests.ExpressionHasherTests.BindingsExpressionHasherTests" name="Test023" /></UnitTest><UnitTest name="Test008" storage="/home/hannasm/expressiveexpressiontreesdotnet/expressiveexpressiontrees.tests/bin/debug/netcoreapp2.0/expressiveexpressiontrees.tests.dll" id="314c33da-a9ed-0d5f-d201-c4755f87c319"><Execution id="08944e97-e746-4d76-9f49-5e2f150fae02" /><TestMethod codeBase="/home/hannasm/ExpressiveExpressionTreesDotNet/ExpressiveExpressionTrees.Tests/bin/Debug/netcoreapp2.0/ExpressiveExpressionTrees.Tests.dll" adapterTypeName="executor://mstestadapter/v2" className="ExpressiveExpressionTrees.Tests.ExpressionVisitorTest.ListInitVisitorTests" name="Test008" /></UnitTest><UnitTest name="Test004" storage="/home/hannasm/expressiveexpressiontreesdotnet/expressiveexpressiontrees.tests/bin/debug/netcoreapp2.0/expressiveexpressiontrees.tests.dll" id="8a9046bf-5ad7-72a3-7d5e-34469734d542"><Execution id="0269b756-ca73-4eb8-9d08-425a20560db7" /><TestMethod codeBase="/home/hannasm/ExpressiveExpressionTreesDotNet/ExpressiveExpressionTrees.Tests/bin/Debug/netcoreapp2.0/ExpressiveExpressionTrees.Tests.dll" adapterTypeName="executor://mstestadapter/v2" className="ExpressiveExpressionTrees.Tests.ExpressionReaderTests" name="Test004" /></UnitTest><UnitTest name="Test011" storage="/home/hannasm/expressiveexpressiontreesdotnet/expressiveexpressiontrees.tests/bin/debug/netcoreapp2.0/expressiveexpressiontrees.tests.dll" id="e81fcf90-74c8-d52f-d847-f9a1a68e6c13"><Execution id="7f56d9aa-9b6e-493f-aad5-dc71bcda3d39" /><TestMethod codeBase="/home/hannasm/ExpressiveExpressionTreesDotNet/ExpressiveExpressionTrees.Tests/bin/Debug/netcoreapp2.0/ExpressiveExpressionTrees.Tests.dll" adapterTypeName="executor://mstestadapter/v2" className="ExpressiveExpressionTrees.Tests.ExpressionVisitorTest.TryCatchVisitorTests" name="Test011" /></UnitTest><UnitTest name="Test003" storage="/home/hannasm/expressiveexpressiontreesdotnet/expressiveexpressiontrees.tests/bin/debug/netcoreapp2.0/expressiveexpressiontrees.tests.dll" id="435a5713-c626-8a2e-576b-c7ec3650962e"><Execution id="9e3efb8b-1c6b-4cfa-a24b-fe6cebe3d063" /><TestMethod codeBase="/home/hannasm/ExpressiveExpressionTreesDotNet/ExpressiveExpressionTrees.Tests/bin/Debug/netcoreapp2.0/ExpressiveExpressionTrees.Tests.dll" adapterTypeName="executor://mstestadapter/v2" className="ExpressiveExpressionTrees.Tests.ExpressionComparerTests.MemberInitVisitorTests" name="Test003" /></UnitTest><UnitTest name="Test005" storage="/home/hannasm/expressiveexpressiontreesdotnet/expressiveexpressiontrees.tests/bin/debug/netcoreapp2.0/expressiveexpressiontrees.tests.dll" id="85578824-3626-9f7b-950f-1663bf83a89f"><Execution id="b2fdb0cb-a038-4bdd-b203-35925016e7d9" /><TestMethod codeBase="/home/hannasm/ExpressiveExpressionTreesDotNet/ExpressiveExpressionTrees.Tests/bin/Debug/netcoreapp2.0/ExpressiveExpressionTrees.Tests.dll" adapterTypeName="executor://mstestadapter/v2" className="ExpressiveExpressionTrees.Tests.ExpressionGeneratorFromActionTests" name="Test005" /></UnitTest><UnitTest name="Test014" storage="/home/hannasm/expressiveexpressiontreesdotnet/expressiveexpressiontrees.tests/bin/debug/netcoreapp2.0/expressiveexpressiontrees.tests.dll" id="dc219590-6a18-069a-23a6-cd634cdbfaeb"><Execution id="c732e805-6615-4f23-bfd1-1e289b90b881" /><TestMethod codeBase="/home/hannasm/ExpressiveExpressionTreesDotNet/ExpressiveExpressionTrees.Tests/bin/Debug/netcoreapp2.0/ExpressiveExpressionTrees.Tests.dll" adapterTypeName="executor://mstestadapter/v2" className="ExpressiveExpressionTrees.Tests.ExpressionVisitorTest.ListInitVisitorTests" name="Test014" /></UnitTest><UnitTest name="Test004" storage="/home/hannasm/expressiveexpressiontreesdotnet/expressiveexpressiontrees.tests/bin/debug/netcoreapp2.0/expressiveexpressiontrees.tests.dll" id="46a5f941-8ecd-9e38-50ad-7968539bac3e"><Execution id="3486261b-4e27-4cbb-a1a3-02a93ee974dc" /><TestMethod codeBase="/home/hannasm/ExpressiveExpressionTreesDotNet/ExpressiveExpressionTrees.Tests/bin/Debug/netcoreapp2.0/ExpressiveExpressionTrees.Tests.dll" adapterTypeName="executor://mstestadapter/v2" className="ExpressiveExpressionTrees.Tests.ExpressionHasherTests.MethodCallExpressionHasherTests" name="Test004" /></UnitTest><UnitTest name="Test015" storage="/home/hannasm/expressiveexpressiontreesdotnet/expressiveexpressiontrees.tests/bin/debug/netcoreapp2.0/expressiveexpressiontrees.tests.dll" id="86046d81-b486-f5f2-3ebf-219024f660b7"><Execution id="581dd2bb-671a-4d1b-95ae-6d1548d47ca7" /><TestMethod codeBase="/home/hannasm/ExpressiveExpressionTreesDotNet/ExpressiveExpressionTrees.Tests/bin/Debug/netcoreapp2.0/ExpressiveExpressionTrees.Tests.dll" adapterTypeName="executor://mstestadapter/v2" className="ExpressiveExpressionTrees.Tests.ExpressionVisitorTest.NewArrayVisitorTests" name="Test015" /></UnitTest><UnitTest name="Test009" storage="/home/hannasm/expressiveexpressiontreesdotnet/expressiveexpressiontrees.tests/bin/debug/netcoreapp2.0/expressiveexpressiontrees.tests.dll" id="43a2e2fe-e0cd-7228-123f-0ef716f40f57"><Execution id="419ff684-a30e-433a-844d-9efe6e86f0ed" /><TestMethod codeBase="/home/hannasm/ExpressiveExpressionTreesDotNet/ExpressiveExpressionTrees.Tests/bin/Debug/netcoreapp2.0/ExpressiveExpressionTrees.Tests.dll" adapterTypeName="executor://mstestadapter/v2" className="ExpressiveExpressionTrees.Tests.ExpressionVisitorTest.IndexerVisitorTests" name="Test009" /></UnitTest><UnitTest name="Test030" storage="/home/hannasm/expressiveexpressiontreesdotnet/expressiveexpressiontrees.tests/bin/debug/netcoreapp2.0/expressiveexpressiontrees.tests.dll" id="6263dd80-bb9c-18d7-9500-4f95e1f38aa4"><Execution id="e974cfec-3e15-4930-be53-76801e34ab0d" /><TestMethod codeBase="/home/hannasm/ExpressiveExpressionTreesDotNet/ExpressiveExpressionTrees.Tests/bin/Debug/netcoreapp2.0/ExpressiveExpressionTrees.Tests.dll" adapterTypeName="executor://mstestadapter/v2" className="ExpressiveExpressionTrees.Tests.ExpressionVisitorTest.NewVisitorTests" name="Test030" /></UnitTest><UnitTest name="Test008" storage="/home/hannasm/expressiveexpressiontreesdotnet/expressiveexpressiontrees.tests/bin/debug/netcoreapp2.0/expressiveexpressiontrees.tests.dll" id="2134bd1a-d167-910e-b4f6-b2359e5b2e87"><Execution id="45ada9f7-55de-4d21-8fa6-47b153c465ab" /><TestMethod codeBase="/home/hannasm/ExpressiveExpressionTreesDotNet/ExpressiveExpressionTrees.Tests/bin/Debug/netcoreapp2.0/ExpressiveExpressionTrees.Tests.dll" adapterTypeName="executor://mstestadapter/v2" className="ExpressiveExpressionTrees.Tests.ExpressionHasherTests.MethodCallExpressionHasherTests" name="Test008" /></UnitTest><UnitTest name="Test039" storage="/home/hannasm/expressiveexpressiontreesdotnet/expressiveexpressiontrees.tests/bin/debug/netcoreapp2.0/expressiveexpressiontrees.tests.dll" id="82a809ce-b2c2-f6eb-b8d3-258a6a6b4aed"><Execution id="f19cb9f4-3280-42f8-8a9c-00f35ceb1bf0" /><TestMethod codeBase="/home/hannasm/ExpressiveExpressionTreesDotNet/ExpressiveExpressionTrees.Tests/bin/Debug/netcoreapp2.0/ExpressiveExpressionTrees.Tests.dll" adapterTypeName="executor://mstestadapter/v2" className="ExpressiveExpressionTrees.Tests.ExpressionVisitorTest.NewVisitorTests" name="Test039" /></UnitTest><UnitTest name="Test011" storage="/home/hannasm/expressiveexpressiontreesdotnet/expressiveexpressiontrees.tests/bin/debug/netcoreapp2.0/expressiveexpressiontrees.tests.dll" id="5bfa5206-c9ef-c96b-6fc0-e37ef3342d42"><Execution id="0be7c973-c0bc-4605-947a-a26e7d85c44d" /><TestMethod codeBase="/home/hannasm/ExpressiveExpressionTreesDotNet/ExpressiveExpressionTrees.Tests/bin/Debug/netcoreapp2.0/ExpressiveExpressionTrees.Tests.dll" adapterTypeName="executor://mstestadapter/v2" className="ExpressiveExpressionTrees.Tests.ExpressionVisitorTest.NewVisitorTests" name="Test011" /></UnitTest><UnitTest name="Test007" storage="/home/hannasm/expressiveexpressiontreesdotnet/expressiveexpressiontrees.tests/bin/debug/netcoreapp2.0/expressiveexpressiontrees.tests.dll" id="9c128007-392b-3eb6-425d-74471754d9b0"><Execution id="86b1c57c-8260-4635-8dff-c1f1f6c121bf" /><TestMethod codeBase="/home/hannasm/ExpressiveExpressionTreesDotNet/ExpressiveExpressionTrees.Tests/bin/Debug/netcoreapp2.0/ExpressiveExpressionTrees.Tests.dll" adapterTypeName="executor://mstestadapter/v2" className="ExpressiveExpressionTrees.Tests.ExpressionVisitorTest.InvokeVisitorTests" name="Test007" /></UnitTest><UnitTest name="Test016" storage="/home/hannasm/expressiveexpressiontreesdotnet/expressiveexpressiontrees.tests/bin/debug/netcoreapp2.0/expressiveexpressiontrees.tests.dll" id="2c9315b9-1e9d-aefd-6df0-7a94fa3f5c98"><Execution id="cdf79dfc-4a0a-48f5-acd7-7d96827156d5" /><TestMethod codeBase="/home/hannasm/ExpressiveExpressionTreesDotNet/ExpressiveExpressionTrees.Tests/bin/Debug/netcoreapp2.0/ExpressiveExpressionTrees.Tests.dll" adapterTypeName="executor://mstestadapter/v2" className="ExpressiveExpressionTrees.Tests.ExpressionComparerTests.BinaryExpressionComparerTests" name="Test016" /></UnitTest><UnitTest name="Test007" storage="/home/hannasm/expressiveexpressiontreesdotnet/expressiveexpressiontrees.tests/bin/debug/netcoreapp2.0/expressiveexpressiontrees.tests.dll" id="872eeae3-911d-2e3a-0019-0c164df8e8b9"><Execution id="89ca0e48-3ed9-435b-bd32-f9d6bd2fcd46" /><TestMethod codeBase="/home/hannasm/ExpressiveExpressionTreesDotNet/ExpressiveExpressionTrees.Tests/bin/Debug/netcoreapp2.0/ExpressiveExpressionTrees.Tests.dll" adapterTypeName="executor://mstestadapter/v2" className="ExpressiveExpressionTrees.Tests.ExpressionComparerTests.MethodCallExpressionComparerTests" name="Test007" /></UnitTest><UnitTest name="Test002" storage="/home/hannasm/expressiveexpressiontreesdotnet/expressiveexpressiontrees.tests/bin/debug/netcoreapp2.0/expressiveexpressiontrees.tests.dll" id="d46048c3-f937-b9aa-4a02-5acf165b956d"><Execution id="9a48a781-386e-46ea-a47b-533c1d97fa74" /><TestMethod codeBase="/home/hannasm/ExpressiveExpressionTreesDotNet/ExpressiveExpressionTrees.Tests/bin/Debug/netcoreapp2.0/ExpressiveExpressionTrees.Tests.dll" adapterTypeName="executor://mstestadapter/v2" className="ExpressiveExpressionTrees.Tests.ExpressionHasherTests.TryCatchExpressionHasherTests" name="Test002" /></UnitTest><UnitTest name="Test004" storage="/home/hannasm/expressiveexpressiontreesdotnet/expressiveexpressiontrees.tests/bin/debug/netcoreapp2.0/expressiveexpressiontrees.tests.dll" id="f650bd0f-ec96-9f17-df54-b318c2cd6ca7"><Execution id="bf54eeef-4483-4c98-b174-222f6104a736" /><TestMethod codeBase="/home/hannasm/ExpressiveExpressionTreesDotNet/ExpressiveExpressionTrees.Tests/bin/Debug/netcoreapp2.0/ExpressiveExpressionTrees.Tests.dll" adapterTypeName="executor://mstestadapter/v2" className="ExpressiveExpressionTrees.Tests.ExpressionComparerTests.BinaryExpressionComparerTests" name="Test004" /></UnitTest><UnitTest name="Test027" storage="/home/hannasm/expressiveexpressiontreesdotnet/expressiveexpressiontrees.tests/bin/debug/netcoreapp2.0/expressiveexpressiontrees.tests.dll" id="d8e6b8b9-56bd-8b9a-787d-e24f5ca9bc91"><Execution id="0cc43002-4df7-4013-9ba7-6b66af4278e6" /><TestMethod codeBase="/home/hannasm/ExpressiveExpressionTreesDotNet/ExpressiveExpressionTrees.Tests/bin/Debug/netcoreapp2.0/ExpressiveExpressionTrees.Tests.dll" adapterTypeName="executor://mstestadapter/v2" className="ExpressiveExpressionTrees.Tests.ExpressionGeneratorTests" name="Test027" /></UnitTest><UnitTest name="Test003" storage="/home/hannasm/expressiveexpressiontreesdotnet/expressiveexpressiontrees.tests/bin/debug/netcoreapp2.0/expressiveexpressiontrees.tests.dll" id="a07eea32-f6d2-0fcb-9f3d-a19f61b4bcbe"><Execution id="e24db692-a7e8-4578-9043-9ce0577ed874" /><TestMethod codeBase="/home/hannasm/ExpressiveExpressionTreesDotNet/ExpressiveExpressionTrees.Tests/bin/Debug/netcoreapp2.0/ExpressiveExpressionTrees.Tests.dll" adapterTypeName="executor://mstestadapter/v2" className="ExpressiveExpressionTrees.Tests.ExpressionComparerTests.TryCatchExpressionComparerTests" name="Test003" /></UnitTest><UnitTest name="Test003" storage="/home/hannasm/expressiveexpressiontreesdotnet/expressiveexpressiontrees.tests/bin/debug/netcoreapp2.0/expressiveexpressiontrees.tests.dll" id="1020d14f-94cf-d889-607f-4fea812c86fc"><Execution id="918ec674-3994-49c3-b2c8-df3470a2ab65" /><TestMethod codeBase="/home/hannasm/ExpressiveExpressionTreesDotNet/ExpressiveExpressionTrees.Tests/bin/Debug/netcoreapp2.0/ExpressiveExpressionTrees.Tests.dll" adapterTypeName="executor://mstestadapter/v2" className="ExpressiveExpressionTrees.Tests.ExpressionComparerTests.BinaryExpressionComparerTests" name="Test003" /></UnitTest><UnitTest name="Test009" storage="/home/hannasm/expressiveexpressiontreesdotnet/expressiveexpressiontrees.tests/bin/debug/netcoreapp2.0/expressiveexpressiontrees.tests.dll" id="c410c035-e297-f618-320e-039f505a1bec"><Execution id="74be6c8e-6e6e-4a0d-8778-427c9ea55d58" /><TestMethod codeBase="/home/hannasm/ExpressiveExpressionTreesDotNet/ExpressiveExpressionTrees.Tests/bin/Debug/netcoreapp2.0/ExpressiveExpressionTrees.Tests.dll" adapterTypeName="executor://mstestadapter/v2" className="ExpressiveExpressionTrees.Tests.ExpressionVisitorTest.UnaryVisitorTests" name="Test009" /></UnitTest><UnitTest name="Test002" storage="/home/hannasm/expressiveexpressiontreesdotnet/expressiveexpressiontrees.tests/bin/debug/netcoreapp2.0/expressiveexpressiontrees.tests.dll" id="22a39545-7467-6350-abba-f383d69521e0"><Execution id="0d857acd-a6b1-41ec-a5ef-e742acc1f58d" /><TestMethod codeBase="/home/hannasm/ExpressiveExpressionTreesDotNet/ExpressiveExpressionTrees.Tests/bin/Debug/netcoreapp2.0/ExpressiveExpressionTrees.Tests.dll" adapterTypeName="executor://mstestadapter/v2" className="ExpressiveExpressionTrees.Tests.ExpressionGeneratorMultiProjectTests" name="Test002" /></UnitTest><UnitTest name="Test005" storage="/home/hannasm/expressiveexpressiontreesdotnet/expressiveexpressiontrees.tests/bin/debug/netcoreapp2.0/expressiveexpressiontrees.tests.dll" id="37b5de01-4dd1-32e5-a061-f2e00d4a13de"><Execution id="b13eb044-ba6b-457d-b7cf-9897a7d4e420" /><TestMethod codeBase="/home/hannasm/ExpressiveExpressionTreesDotNet/ExpressiveExpressionTrees.Tests/bin/Debug/netcoreapp2.0/ExpressiveExpressionTrees.Tests.dll" adapterTypeName="executor://mstestadapter/v2" className="ExpressiveExpressionTrees.Tests.ExpressionVisitorTest.BlockVisitorTests" name="Test005" /></UnitTest><UnitTest name="Test005" storage="/home/hannasm/expressiveexpressiontreesdotnet/expressiveexpressiontrees.tests/bin/debug/netcoreapp2.0/expressiveexpressiontrees.tests.dll" id="9434a3d5-a0fd-58a1-2c5c-9a11e08c5e85"><Execution id="c9897732-c62a-40cd-a7f3-b5de5f5f1595" /><TestMethod codeBase="/home/hannasm/ExpressiveExpressionTreesDotNet/ExpressiveExpressionTrees.Tests/bin/Debug/netcoreapp2.0/ExpressiveExpressionTrees.Tests.dll" adapterTypeName="executor://mstestadapter/v2" className="ExpressiveExpressionTrees.Tests.ExpressionHasherTests.GotoExpressionHasherTests" name="Test005" /></UnitTest><UnitTest name="Test017" storage="/home/hannasm/expressiveexpressiontreesdotnet/expressiveexpressiontrees.tests/bin/debug/netcoreapp2.0/expressiveexpressiontrees.tests.dll" id="ad97d578-cb80-b59d-5725-0905d375f3d2"><Execution id="91561e95-5109-4004-afdb-50f793d8d19d" /><TestMethod codeBase="/home/hannasm/ExpressiveExpressionTreesDotNet/ExpressiveExpressionTrees.Tests/bin/Debug/netcoreapp2.0/ExpressiveExpressionTrees.Tests.dll" adapterTypeName="executor://mstestadapter/v2" className="ExpressiveExpressionTrees.Tests.ExpressionGeneratorFromFuncTests" name="Test017" /></UnitTest><UnitTest name="Test009" storage="/home/hannasm/expressiveexpressiontreesdotnet/expressiveexpressiontrees.tests/bin/debug/netcoreapp2.0/expressiveexpressiontrees.tests.dll" id="ba9ac8c1-ba7e-b616-4b8a-583c326a9714"><Execution id="41952b82-5f34-408b-a577-ac8070e56fda" /><TestMethod codeBase="/home/hannasm/ExpressiveExpressionTreesDotNet/ExpressiveExpressionTrees.Tests/bin/Debug/netcoreapp2.0/ExpressiveExpressionTrees.Tests.dll" adapterTypeName="executor://mstestadapter/v2" className="ExpressiveExpressionTrees.Tests.ExpressionReaderTests" name="Test009" /></UnitTest><UnitTest name="Test020" storage="/home/hannasm/expressiveexpressiontreesdotnet/expressiveexpressiontrees.tests/bin/debug/netcoreapp2.0/expressiveexpressiontrees.tests.dll" id="e8e4c9e2-7997-bbde-cf73-6f2c110e4867"><Execution id="77dae672-d68d-48c1-bec9-bf7a518a4abf" /><TestMethod codeBase="/home/hannasm/ExpressiveExpressionTreesDotNet/ExpressiveExpressionTrees.Tests/bin/Debug/netcoreapp2.0/ExpressiveExpressionTrees.Tests.dll" adapterTypeName="executor://mstestadapter/v2" className="ExpressiveExpressionTrees.Tests.ExpressionComparerTests.ListInitExpressionComparerTests" name="Test020" /></UnitTest><UnitTest name="Test335" storage="/home/hannasm/expressiveexpressiontreesdotnet/expressiveexpressiontrees.tests/bin/debug/netcoreapp2.0/expressiveexpressiontrees.tests.dll" id="d1408302-4900-31e4-e8c7-1d9d488d2f12"><Execution id="b83465e5-b01c-4cad-a3c0-5283066abfd3" /><TestMethod codeBase="/home/hannasm/ExpressiveExpressionTreesDotNet/ExpressiveExpressionTrees.Tests/bin/Debug/netcoreapp2.0/ExpressiveExpressionTrees.Tests.dll" adapterTypeName="executor://mstestadapter/v2" className="ExpressiveExpressionTrees.Tests.ExpressionVisitorTest.BinaryVisitorTests" name="Test335" /></UnitTest><UnitTest name="Test049" storage="/home/hannasm/expressiveexpressiontreesdotnet/expressiveexpressiontrees.tests/bin/debug/netcoreapp2.0/expressiveexpressiontrees.tests.dll" id="ff338ce7-42a7-fe9a-9f97-897b55e1597d"><Execution id="66da7054-89a6-4875-bd6f-6bc4d321ad64" /><TestMethod codeBase="/home/hannasm/ExpressiveExpressionTreesDotNet/ExpressiveExpressionTrees.Tests/bin/Debug/netcoreapp2.0/ExpressiveExpressionTrees.Tests.dll" adapterTypeName="executor://mstestadapter/v2" className="ExpressiveExpressionTrees.Tests.ExpressionVisitorTest.NewVisitorTests" name="Test049" /></UnitTest><UnitTest name="Test023" storage="/home/hannasm/expressiveexpressiontreesdotnet/expressiveexpressiontrees.tests/bin/debug/netcoreapp2.0/expressiveexpressiontrees.tests.dll" id="9b25a100-569d-2f97-7f7e-46389a6d25f2"><Execution id="78f4c1a7-f9a5-4949-a971-843bfa9cd726" /><TestMethod codeBase="/home/hannasm/ExpressiveExpressionTreesDotNet/ExpressiveExpressionTrees.Tests/bin/Debug/netcoreapp2.0/ExpressiveExpressionTrees.Tests.dll" adapterTypeName="executor://mstestadapter/v2" className="ExpressiveExpressionTrees.Tests.ExpressionGeneratorTests" name="Test023" /></UnitTest><UnitTest name="Test006" storage="/home/hannasm/expressiveexpressiontreesdotnet/expressiveexpressiontrees.tests/bin/debug/netcoreapp2.0/expressiveexpressiontrees.tests.dll" id="aba3488a-85b2-d22b-3a54-6bcd23e12ea7"><Execution id="8be0fc8c-9f9e-4ace-9094-0fbb9bd6d22f" /><TestMethod codeBase="/home/hannasm/ExpressiveExpressionTreesDotNet/ExpressiveExpressionTrees.Tests/bin/Debug/netcoreapp2.0/ExpressiveExpressionTrees.Tests.dll" adapterTypeName="executor://mstestadapter/v2" className="ExpressiveExpressionTrees.Tests.ExpressionHasherTests.InvocationExpressionHasherTests" name="Test006" /></UnitTest><UnitTest name="Test016" storage="/home/hannasm/expressiveexpressiontreesdotnet/expressiveexpressiontrees.tests/bin/debug/netcoreapp2.0/expressiveexpressiontrees.tests.dll" id="891eec92-f6cf-5075-b75a-c87fc6524b9b"><Execution id="f0d7a985-2126-49d0-ad36-a1a7a76c1d6f" /><TestMethod codeBase="/home/hannasm/ExpressiveExpressionTreesDotNet/ExpressiveExpressionTrees.Tests/bin/Debug/netcoreapp2.0/ExpressiveExpressionTrees.Tests.dll" adapterTypeName="executor://mstestadapter/v2" className="ExpressiveExpressionTrees.Tests.ExpressionVisitorTest.NewArrayVisitorTests" name="Test016" /></UnitTest><UnitTest name="Test134" storage="/home/hannasm/expressiveexpressiontreesdotnet/expressiveexpressiontrees.tests/bin/debug/netcoreapp2.0/expressiveexpressiontrees.tests.dll" id="65e04647-c2e6-4404-2cf5-2812a0b15876"><Execution id="ca60cd4a-0420-43d2-82ea-7adbed95257b" /><TestMethod codeBase="/home/hannasm/ExpressiveExpressionTreesDotNet/ExpressiveExpressionTrees.Tests/bin/Debug/netcoreapp2.0/ExpressiveExpressionTrees.Tests.dll" adapterTypeName="executor://mstestadapter/v2" className="ExpressiveExpressionTrees.Tests.ExpressionVisitorTest.BinaryVisitorTests" name="Test134" /></UnitTest><UnitTest name="Test003" storage="/home/hannasm/expressiveexpressiontreesdotnet/expressiveexpressiontrees.tests/bin/debug/netcoreapp2.0/expressiveexpressiontrees.tests.dll" id="79b84690-4380-b93b-b120-3eb4ed5dad67"><Execution id="158f8579-30fe-44ed-ab6c-2c4212e78604" /><TestMethod codeBase="/home/hannasm/ExpressiveExpressionTreesDotNet/ExpressiveExpressionTrees.Tests/bin/Debug/netcoreapp2.0/ExpressiveExpressionTrees.Tests.dll" adapterTypeName="executor://mstestadapter/v2" className="ExpressiveExpressionTrees.Tests.ExpressionGeneratorMultiProjectTests" name="Test003" /></UnitTest><UnitTest name="Test041" storage="/home/hannasm/expressiveexpressiontreesdotnet/expressiveexpressiontrees.tests/bin/debug/netcoreapp2.0/expressiveexpressiontrees.tests.dll" id="75e9038a-69a2-15aa-1427-b38345b6c18b"><Execution id="b7f136cd-0fb2-493b-b75f-d84346043e02" /><TestMethod codeBase="/home/hannasm/ExpressiveExpressionTreesDotNet/ExpressiveExpressionTrees.Tests/bin/Debug/netcoreapp2.0/ExpressiveExpressionTrees.Tests.dll" adapterTypeName="executor://mstestadapter/v2" className="ExpressiveExpressionTrees.Tests.ExpressionGeneratorTests" name="Test041" /></UnitTest><UnitTest name="Test005" storage="/home/hannasm/expressiveexpressiontreesdotnet/expressiveexpressiontrees.tests/bin/debug/netcoreapp2.0/expressiveexpressiontrees.tests.dll" id="75b77313-d13b-1187-24d7-7133cbc5005c"><Execution id="bbc1bad9-fee4-4145-ada3-d4d813c8a035" /><TestMethod codeBase="/home/hannasm/ExpressiveExpressionTreesDotNet/ExpressiveExpressionTrees.Tests/bin/Debug/netcoreapp2.0/ExpressiveExpressionTrees.Tests.dll" adapterTypeName="executor://mstestadapter/v2" className="ExpressiveExpressionTrees.Tests.ExpressionComparerTests.LambdaExpressionComparerTests" name="Test005" /></UnitTest><UnitTest name="Test212" storage="/home/hannasm/expressiveexpressiontreesdotnet/expressiveexpressiontrees.tests/bin/debug/netcoreapp2.0/expressiveexpressiontrees.tests.dll" id="557cb196-3eb8-1446-27cc-40482262f393"><Execution id="3d629236-17b6-417f-9698-56ed48664259" /><TestMethod codeBase="/home/hannasm/ExpressiveExpressionTreesDotNet/ExpressiveExpressionTrees.Tests/bin/Debug/netcoreapp2.0/ExpressiveExpressionTrees.Tests.dll" adapterTypeName="executor://mstestadapter/v2" className="ExpressiveExpressionTrees.Tests.ExpressionVisitorTest.BinaryVisitorTests" name="Test212" /></UnitTest><UnitTest name="Test002" storage="/home/hannasm/expressiveexpressiontreesdotnet/expressiveexpressiontrees.tests/bin/debug/netcoreapp2.0/expressiveexpressiontrees.tests.dll" id="79855bcc-3738-910f-1a11-0390c30a8a63"><Execution id="af7aaaff-77a3-4690-993b-da42730ae207" /><TestMethod codeBase="/home/hannasm/ExpressiveExpressionTreesDotNet/ExpressiveExpressionTrees.Tests/bin/Debug/netcoreapp2.0/ExpressiveExpressionTrees.Tests.dll" adapterTypeName="executor://mstestadapter/v2" className="ExpressiveExpressionTrees.Tests.ExpressionComparerTests.MemberInitVisitorTests" name="Test002" /></UnitTest><UnitTest name="Test017" storage="/home/hannasm/expressiveexpressiontreesdotnet/expressiveexpressiontrees.tests/bin/debug/netcoreapp2.0/expressiveexpressiontrees.tests.dll" id="33a5b157-e006-3166-33c0-e68dad5bd860"><Execution id="dca44a30-65ac-4bef-800c-3f0d00714e32" /><TestMethod codeBase="/home/hannasm/ExpressiveExpressionTreesDotNet/ExpressiveExpressionTrees.Tests/bin/Debug/netcoreapp2.0/ExpressiveExpressionTrees.Tests.dll" adapterTypeName="executor://mstestadapter/v2" className="ExpressiveExpressionTrees.Tests.ExpressionVisitorTest.InvokeVisitorTests" name="Test017" /></UnitTest><UnitTest name="Test027" storage="/home/hannasm/expressiveexpressiontreesdotnet/expressiveexpressiontrees.tests/bin/debug/netcoreapp2.0/expressiveexpressiontrees.tests.dll" id="9a49eee6-ab05-1851-84fc-c6529e7cef37"><Execution id="c16c63f6-9a83-43ea-887f-d008f3480d6d" /><TestMethod codeBase="/home/hannasm/ExpressiveExpressionTreesDotNet/ExpressiveExpressionTrees.Tests/bin/Debug/netcoreapp2.0/ExpressiveExpressionTrees.Tests.dll" adapterTypeName="executor://mstestadapter/v2" className="ExpressiveExpressionTrees.Tests.ExpressionHasherTests.NewExpressionHasherTests" name="Test027" /></UnitTest><UnitTest name="Test003" storage="/home/hannasm/expressiveexpressiontreesdotnet/expressiveexpressiontrees.tests/bin/debug/netcoreapp2.0/expressiveexpressiontrees.tests.dll" id="e4445a0c-df17-4951-4014-0076782da116"><Execution id="c8575fbf-7fa6-48b5-b2f7-bfd82c6b5066" /><TestMethod codeBase="/home/hannasm/ExpressiveExpressionTreesDotNet/ExpressiveExpressionTrees.Tests/bin/Debug/netcoreapp2.0/ExpressiveExpressionTrees.Tests.dll" adapterTypeName="executor://mstestadapter/v2" className="ExpressiveExpressionTrees.Tests.ExpressionComparerTests.LambdaExpressionComparerTests" name="Test003" /></UnitTest><UnitTest name="Test014" storage="/home/hannasm/expressiveexpressiontreesdotnet/expressiveexpressiontrees.tests/bin/debug/netcoreapp2.0/expressiveexpressiontrees.tests.dll" id="a0100a61-c6e0-5579-f62e-4221ef9057d2"><Execution id="d60d8a82-9337-4798-85aa-65cfab34254c" /><TestMethod codeBase="/home/hannasm/ExpressiveExpressionTreesDotNet/ExpressiveExpressionTrees.Tests/bin/Debug/netcoreapp2.0/ExpressiveExpressionTrees.Tests.dll" adapterTypeName="executor://mstestadapter/v2" className="ExpressiveExpressionTrees.Tests.ExpressionVisitorTest.NewArrayVisitorTests" name="Test014" /></UnitTest><UnitTest name="Test008" storage="/home/hannasm/expressiveexpressiontreesdotnet/expressiveexpressiontrees.tests/bin/debug/netcoreapp2.0/expressiveexpressiontrees.tests.dll" id="f6c33fda-2b5b-9588-f5e6-086532810d2f"><Execution id="ace6edd1-9423-466c-874f-8c5c0c3b9dac" /><TestMethod codeBase="/home/hannasm/ExpressiveExpressionTreesDotNet/ExpressiveExpressionTrees.Tests/bin/Debug/netcoreapp2.0/ExpressiveExpressionTrees.Tests.dll" adapterTypeName="executor://mstestadapter/v2" className="ExpressiveExpressionTrees.Tests.ExpressionHasherTests.NewExpressionHasherTests" name="Test008" /></UnitTest><UnitTest name="Test001" storage="/home/hannasm/expressiveexpressiontreesdotnet/expressiveexpressiontrees.tests/bin/debug/netcoreapp2.0/expressiveexpressiontrees.tests.dll" id="ef33b0f5-743f-436a-ccf6-7c46af2dd371"><Execution id="d75561d4-62cb-4677-b5c8-571fea449608" /><TestMethod codeBase="/home/hannasm/ExpressiveExpressionTreesDotNet/ExpressiveExpressionTrees.Tests/bin/Debug/netcoreapp2.0/ExpressiveExpressionTrees.Tests.dll" adapterTypeName="executor://mstestadapter/v2" className="ExpressiveExpressionTrees.Tests.ExpressionVisitorTest.UnaryVisitorTests" name="Test001" /></UnitTest><UnitTest name="Test012" storage="/home/hannasm/expressiveexpressiontreesdotnet/expressiveexpressiontrees.tests/bin/debug/netcoreapp2.0/expressiveexpressiontrees.tests.dll" id="c32a4a99-5fb2-0c55-89cc-a1183ddf07f8"><Execution id="959b2d39-2f58-4c7d-930f-a8b6f83ad9bf" /><TestMethod codeBase="/home/hannasm/ExpressiveExpressionTreesDotNet/ExpressiveExpressionTrees.Tests/bin/Debug/netcoreapp2.0/ExpressiveExpressionTrees.Tests.dll" adapterTypeName="executor://mstestadapter/v2" className="ExpressiveExpressionTrees.Tests.ExpressionReplacerTests.ExpressionReplacerUseCases" name="Test012" /></UnitTest><UnitTest name="Test020" storage="/home/hannasm/expressiveexpressiontreesdotnet/expressiveexpressiontrees.tests/bin/debug/netcoreapp2.0/expressiveexpressiontrees.tests.dll" id="cf2e3df4-1784-17c2-6a25-2e2ef18fb143"><Execution id="04dc5b0e-0a91-4388-98c3-da15417fbbd0" /><TestMethod codeBase="/home/hannasm/ExpressiveExpressionTreesDotNet/ExpressiveExpressionTrees.Tests/bin/Debug/netcoreapp2.0/ExpressiveExpressionTrees.Tests.dll" adapterTypeName="executor://mstestadapter/v2" className="ExpressiveExpressionTrees.Tests.ExpressionGeneratorFromActionTests" name="Test020" /></UnitTest><UnitTest name="Test115" storage="/home/hannasm/expressiveexpressiontreesdotnet/expressiveexpressiontrees.tests/bin/debug/netcoreapp2.0/expressiveexpressiontrees.tests.dll" id="16c44172-b885-1ca6-923d-7ad6449a5e8e"><Execution id="43561ad4-2f31-42d6-80f2-d18707b4c1b4" /><TestMethod codeBase="/home/hannasm/ExpressiveExpressionTreesDotNet/ExpressiveExpressionTrees.Tests/bin/Debug/netcoreapp2.0/ExpressiveExpressionTrees.Tests.dll" adapterTypeName="executor://mstestadapter/v2" className="ExpressiveExpressionTrees.Tests.ExpressionVisitorTest.BinaryVisitorTests" name="Test115" /></UnitTest><UnitTest name="Test048" storage="/home/hannasm/expressiveexpressiontreesdotnet/expressiveexpressiontrees.tests/bin/debug/netcoreapp2.0/expressiveexpressiontrees.tests.dll" id="414ccc16-f99a-2eda-0cda-2ef88dee63c1"><Execution id="eb55d787-3332-4a1f-9835-c86c2a748b88" /><TestMethod codeBase="/home/hannasm/ExpressiveExpressionTreesDotNet/ExpressiveExpressionTrees.Tests/bin/Debug/netcoreapp2.0/ExpressiveExpressionTrees.Tests.dll" adapterTypeName="executor://mstestadapter/v2" className="ExpressiveExpressionTrees.Tests.ExpressionHasherTests.BindingsExpressionHasherTests" name="Test048" /></UnitTest><UnitTest name="Test027" storage="/home/hannasm/expressiveexpressiontreesdotnet/expressiveexpressiontrees.tests/bin/debug/netcoreapp2.0/expressiveexpressiontrees.tests.dll" id="9520309c-6eaf-9658-a9f8-250c9b4d93e2"><Execution id="53f509bd-e359-484a-a2f8-17701498794e" /><TestMethod codeBase="/home/hannasm/ExpressiveExpressionTreesDotNet/ExpressiveExpressionTrees.Tests/bin/Debug/netcoreapp2.0/ExpressiveExpressionTrees.Tests.dll" adapterTypeName="executor://mstestadapter/v2" className="ExpressiveExpressionTrees.Tests.ExpressionVisitorTest.ListInitVisitorTests" name="Test027" /></UnitTest><UnitTest name="Test206" storage="/home/hannasm/expressiveexpressiontreesdotnet/expressiveexpressiontrees.tests/bin/debug/netcoreapp2.0/expressiveexpressiontrees.tests.dll" id="6ac17be0-b0a7-98f1-d763-f07e02b1df8c"><Execution id="55ec488e-fb85-4651-ae8a-84c04a6248b6" /><TestMethod codeBase="/home/hannasm/ExpressiveExpressionTreesDotNet/ExpressiveExpressionTrees.Tests/bin/Debug/netcoreapp2.0/ExpressiveExpressionTrees.Tests.dll" adapterTypeName="executor://mstestadapter/v2" className="ExpressiveExpressionTrees.Tests.ExpressionVisitorTest.BinaryVisitorTests" name="Test206" /></UnitTest><UnitTest name="Test018" storage="/home/hannasm/expressiveexpressiontreesdotnet/expressiveexpressiontrees.tests/bin/debug/netcoreapp2.0/expressiveexpressiontrees.tests.dll" id="768c1297-8a57-6372-3fee-eb2e9f8c6a22"><Execution id="c28371f5-ef21-41a8-ab46-530cd7fe9169" /><TestMethod codeBase="/home/hannasm/ExpressiveExpressionTreesDotNet/ExpressiveExpressionTrees.Tests/bin/Debug/netcoreapp2.0/ExpressiveExpressionTrees.Tests.dll" adapterTypeName="executor://mstestadapter/v2" className="ExpressiveExpressionTrees.Tests.ExpressionGeneratorFromActionTests" name="Test018" /></UnitTest><UnitTest name="Test027" storage="/home/hannasm/expressiveexpressiontreesdotnet/expressiveexpressiontrees.tests/bin/debug/netcoreapp2.0/expressiveexpressiontrees.tests.dll" id="10cd2fa7-0ec6-0ce7-8bb0-505665380e9e"><Execution id="b24ce53c-607e-463e-94f9-4c3245c02565" /><TestMethod codeBase="/home/hannasm/ExpressiveExpressionTreesDotNet/ExpressiveExpressionTrees.Tests/bin/Debug/netcoreapp2.0/ExpressiveExpressionTrees.Tests.dll" adapterTypeName="executor://mstestadapter/v2" className="ExpressiveExpressionTrees.Tests.ExpressionGeneratorFromActionTests" name="Test027" /></UnitTest><UnitTest name="Test001" storage="/home/hannasm/expressiveexpressiontreesdotnet/expressiveexpressiontrees.tests/bin/debug/netcoreapp2.0/expressiveexpressiontrees.tests.dll" id="93efcaab-ff31-5812-5da2-b5cda6e2000b"><Execution id="86027c0e-c14b-4a85-9928-17bc5649410a" /><TestMethod codeBase="/home/hannasm/ExpressiveExpressionTreesDotNet/ExpressiveExpressionTrees.Tests/bin/Debug/netcoreapp2.0/ExpressiveExpressionTrees.Tests.dll" adapterTypeName="executor://mstestadapter/v2" className="ExpressiveExpressionTrees.Tests.ExpressionComparerTests.NullExpressionComparerTests" name="Test001" /></UnitTest><UnitTest name="Test011" storage="/home/hannasm/expressiveexpressiontreesdotnet/expressiveexpressiontrees.tests/bin/debug/netcoreapp2.0/expressiveexpressiontrees.tests.dll" id="cf9bb18a-d899-847b-461e-3e8c0de7f088"><Execution id="ea8b121b-77fd-4ff6-a6eb-582dfe76adaf" /><TestMethod codeBase="/home/hannasm/ExpressiveExpressionTreesDotNet/ExpressiveExpressionTrees.Tests/bin/Debug/netcoreapp2.0/ExpressiveExpressionTrees.Tests.dll" adapterTypeName="executor://mstestadapter/v2" className="ExpressiveExpressionTrees.Tests.ExpressionHasherTests.MethodCallExpressionHasherTests" name="Test011" /></UnitTest><UnitTest name="Test023" storage="/home/hannasm/expressiveexpressiontreesdotnet/expressiveexpressiontrees.tests/bin/debug/netcoreapp2.0/expressiveexpressiontrees.tests.dll" id="a3c5cae0-81ca-0c48-acbc-f23ad691bfef"><Execution id="70802e8f-19f9-486b-a4f7-20a4b39183eb" /><TestMethod codeBase="/home/hannasm/ExpressiveExpressionTreesDotNet/ExpressiveExpressionTrees.Tests/bin/Debug/netcoreapp2.0/ExpressiveExpressionTrees.Tests.dll" adapterTypeName="executor://mstestadapter/v2" className="ExpressiveExpressionTrees.Tests.ExpressionGeneratorFromActionTests" name="Test023" /></UnitTest><UnitTest name="Test022" storage="/home/hannasm/expressiveexpressiontreesdotnet/expressiveexpressiontrees.tests/bin/debug/netcoreapp2.0/expressiveexpressiontrees.tests.dll" id="3d1f3b9d-9afc-7cf0-08dd-16e03d8261ee"><Execution id="51a6df95-3e6c-4c75-bb34-650d0dfc93a8" /><TestMethod codeBase="/home/hannasm/ExpressiveExpressionTreesDotNet/ExpressiveExpressionTrees.Tests/bin/Debug/netcoreapp2.0/ExpressiveExpressionTrees.Tests.dll" adapterTypeName="executor://mstestadapter/v2" className="ExpressiveExpressionTrees.Tests.ExpressionComparerTests.BinaryExpressionComparerTests" name="Test022" /></UnitTest><UnitTest name="Test007" storage="/home/hannasm/expressiveexpressiontreesdotnet/expressiveexpressiontrees.tests/bin/debug/netcoreapp2.0/expressiveexpressiontrees.tests.dll" id="3fff9036-a5ef-5075-ea1e-52143a311e28"><Execution id="c60f1d81-ff8c-49a2-b854-605e0beea766" /><TestMethod codeBase="/home/hannasm/ExpressiveExpressionTreesDotNet/ExpressiveExpressionTrees.Tests/bin/Debug/netcoreapp2.0/ExpressiveExpressionTrees.Tests.dll" adapterTypeName="executor://mstestadapter/v2" className="ExpressiveExpressionTrees.Tests.ExpressionHasherTests.LambdaExpressionHasherTests" name="Test007" /></UnitTest><UnitTest name="Test018" storage="/home/hannasm/expressiveexpressiontreesdotnet/expressiveexpressiontrees.tests/bin/debug/netcoreapp2.0/expressiveexpressiontrees.tests.dll" id="46e2c73e-343b-6279-616c-2c0710c65f1d"><Execution id="e4825f56-25fc-4af9-a6bb-8331ac227844" /><TestMethod codeBase="/home/hannasm/ExpressiveExpressionTreesDotNet/ExpressiveExpressionTrees.Tests/bin/Debug/netcoreapp2.0/ExpressiveExpressionTrees.Tests.dll" adapterTypeName="executor://mstestadapter/v2" className="ExpressiveExpressionTrees.Tests.ExpressionVisitorTest.UnaryVisitorTests" name="Test018" /></UnitTest><UnitTest name="Test014" storage="/home/hannasm/expressiveexpressiontreesdotnet/expressiveexpressiontrees.tests/bin/debug/netcoreapp2.0/expressiveexpressiontrees.tests.dll" id="32d44e14-20e4-d6cd-55fd-c7f5efd44de2"><Execution id="e54cecd9-8e6e-4269-ad9a-eadb339a35fa" /><TestMethod codeBase="/home/hannasm/ExpressiveExpressionTreesDotNet/ExpressiveExpressionTrees.Tests/bin/Debug/netcoreapp2.0/ExpressiveExpressionTrees.Tests.dll" adapterTypeName="executor://mstestadapter/v2" className="ExpressiveExpressionTrees.Tests.ExpressionVisitorTest.BinaryVisitorTests" name="Test014" /></UnitTest><UnitTest name="Test063" storage="/home/hannasm/expressiveexpressiontreesdotnet/expressiveexpressiontrees.tests/bin/debug/netcoreapp2.0/expressiveexpressiontrees.tests.dll" id="d20aad79-4eac-ca7a-a21c-9c7fdbe65298"><Execution id="c64d1dd6-45dd-46ac-bbc2-a1596e9de36b" /><TestMethod codeBase="/home/hannasm/ExpressiveExpressionTreesDotNet/ExpressiveExpressionTrees.Tests/bin/Debug/netcoreapp2.0/ExpressiveExpressionTrees.Tests.dll" adapterTypeName="executor://mstestadapter/v2" className="ExpressiveExpressionTrees.Tests.ExpressionGeneratorMakeBinaryTests" name="Test063" /></UnitTest><UnitTest name="Test015" storage="/home/hannasm/expressiveexpressiontreesdotnet/expressiveexpressiontrees.tests/bin/debug/netcoreapp2.0/expressiveexpressiontrees.tests.dll" id="2891f8d6-dd8d-830a-2b9c-29a4c0a78931"><Execution id="ba136962-b95d-43ec-ba31-d89999301ed7" /><TestMethod codeBase="/home/hannasm/ExpressiveExpressionTreesDotNet/ExpressiveExpressionTrees.Tests/bin/Debug/netcoreapp2.0/ExpressiveExpressionTrees.Tests.dll" adapterTypeName="executor://mstestadapter/v2" className="ExpressiveExpressionTrees.Tests.ExpressionVisitorTest.MethodCallVisitorTests" name="Test015" /></UnitTest><UnitTest name="Test011" storage="/home/hannasm/expressiveexpressiontreesdotnet/expressiveexpressiontrees.tests/bin/debug/netcoreapp2.0/expressiveexpressiontrees.tests.dll" id="b285418d-f756-99fe-8809-3341577e310f"><Execution id="7c9c319a-3074-4422-9a14-fa344588a15b" /><TestMethod codeBase="/home/hannasm/ExpressiveExpressionTreesDotNet/ExpressiveExpressionTrees.Tests/bin/Debug/netcoreapp2.0/ExpressiveExpressionTrees.Tests.dll" adapterTypeName="executor://mstestadapter/v2" className="ExpressiveExpressionTrees.Tests.ExpressionComparerTests.MethodCallExpressionComparerTests" name="Test011" /></UnitTest><UnitTest name="Test011" storage="/home/hannasm/expressiveexpressiontreesdotnet/expressiveexpressiontrees.tests/bin/debug/netcoreapp2.0/expressiveexpressiontrees.tests.dll" id="17da1002-42cb-252e-c24f-1d34361586ab"><Execution id="85ca4be2-d5a6-44e4-9890-0371c8f280ed" /><TestMethod codeBase="/home/hannasm/ExpressiveExpressionTreesDotNet/ExpressiveExpressionTrees.Tests/bin/Debug/netcoreapp2.0/ExpressiveExpressionTrees.Tests.dll" adapterTypeName="executor://mstestadapter/v2" className="ExpressiveExpressionTrees.Tests.ExpressionVisitorTest.BinaryVisitorTests" name="Test011" /></UnitTest><UnitTest name="Test025" storage="/home/hannasm/expressiveexpressiontreesdotnet/expressiveexpressiontrees.tests/bin/debug/netcoreapp2.0/expressiveexpressiontrees.tests.dll" id="44b3ab0e-7cf7-f59a-2f18-14d29c0b9fd1"><Execution id="e13e44c2-9f56-4039-af50-d5b14fe6377b" /><TestMethod codeBase="/home/hannasm/ExpressiveExpressionTreesDotNet/ExpressiveExpressionTrees.Tests/bin/Debug/netcoreapp2.0/ExpressiveExpressionTrees.Tests.dll" adapterTypeName="executor://mstestadapter/v2" className="ExpressiveExpressionTrees.Tests.ExpressionComparerTests.BindingsExpressionComparerTests" name="Test025" /></UnitTest><UnitTest name="Test004" storage="/home/hannasm/expressiveexpressiontreesdotnet/expressiveexpressiontrees.tests/bin/debug/netcoreapp2.0/expressiveexpressiontrees.tests.dll" id="7ff3ee27-eebc-4de4-286d-6589ec8d3784"><Execution id="dee0bc4a-e161-4dd8-ada8-f389c9bdcc14" /><TestMethod codeBase="/home/hannasm/ExpressiveExpressionTreesDotNet/ExpressiveExpressionTrees.Tests/bin/Debug/netcoreapp2.0/ExpressiveExpressionTrees.Tests.dll" adapterTypeName="executor://mstestadapter/v2" className="ExpressiveExpressionTrees.Tests.ExpressionVisitorTest.BinaryVisitorTests" name="Test004" /></UnitTest><UnitTest name="Test049" storage="/home/hannasm/expressiveexpressiontreesdotnet/expressiveexpressiontrees.tests/bin/debug/netcoreapp2.0/expressiveexpressiontrees.tests.dll" id="0e235c1c-dd46-9643-9281-0e39ecf0be1e"><Execution id="3b3291f5-1a8b-4261-81ce-9c38f48e8252" /><TestMethod codeBase="/home/hannasm/ExpressiveExpressionTreesDotNet/ExpressiveExpressionTrees.Tests/bin/Debug/netcoreapp2.0/ExpressiveExpressionTrees.Tests.dll" adapterTypeName="executor://mstestadapter/v2" className="ExpressiveExpressionTrees.Tests.ExpressionComparerTests.BindingsExpressionComparerTests" name="Test049" /></UnitTest><UnitTest name="Test056" storage="/home/hannasm/expressiveexpressiontreesdotnet/expressiveexpressiontrees.tests/bin/debug/netcoreapp2.0/expressiveexpressiontrees.tests.dll" id="86edf1f7-ed83-e015-f3f5-1d5ce5e1d0e9"><Execution id="1c4cb858-cf75-486a-827b-c4b97323a137" /><TestMethod codeBase="/home/hannasm/ExpressiveExpressionTreesDotNet/ExpressiveExpressionTrees.Tests/bin/Debug/netcoreapp2.0/ExpressiveExpressionTrees.Tests.dll" adapterTypeName="executor://mstestadapter/v2" className="ExpressiveExpressionTrees.Tests.ExpressionVisitorTest.NewVisitorTests" name="Test056" /></UnitTest><UnitTest name="Test001" storage="/home/hannasm/expressiveexpressiontreesdotnet/expressiveexpressiontrees.tests/bin/debug/netcoreapp2.0/expressiveexpressiontrees.tests.dll" id="79a46745-9ca9-29c3-1df6-87d52a980205"><Execution id="7768a637-61a1-4853-a73b-ac029c0fdc17" /><TestMethod codeBase="/home/hannasm/ExpressiveExpressionTreesDotNet/ExpressiveExpressionTrees.Tests/bin/Debug/netcoreapp2.0/ExpressiveExpressionTrees.Tests.dll" adapterTypeName="executor://mstestadapter/v2" className="ExpressiveExpressionTrees.Tests.ExpressionComparerTests.LambdaExpressionComparerTests" name="Test001" /></UnitTest><UnitTest name="Test008" storage="/home/hannasm/expressiveexpressiontreesdotnet/expressiveexpressiontrees.tests/bin/debug/netcoreapp2.0/expressiveexpressiontrees.tests.dll" id="5a21338e-ef69-7c69-5aa4-33773e4cd2bf"><Execution id="34122b3f-b95b-4996-85bd-95729b29c4fc" /><TestMethod codeBase="/home/hannasm/ExpressiveExpressionTreesDotNet/ExpressiveExpressionTrees.Tests/bin/Debug/netcoreapp2.0/ExpressiveExpressionTrees.Tests.dll" adapterTypeName="executor://mstestadapter/v2" className="ExpressiveExpressionTrees.Tests.ExpressionHasherTests.ListInitExpressionHasherTests" name="Test008" /></UnitTest><UnitTest name="Test030" storage="/home/hannasm/expressiveexpressiontreesdotnet/expressiveexpressiontrees.tests/bin/debug/netcoreapp2.0/expressiveexpressiontrees.tests.dll" id="dec57507-5991-b1f7-6880-8d022bcfb10f"><Execution id="0d399ca5-9252-41df-bfd2-3311f0298b9b" /><TestMethod codeBase="/home/hannasm/ExpressiveExpressionTreesDotNet/ExpressiveExpressionTrees.Tests/bin/Debug/netcoreapp2.0/ExpressiveExpressionTrees.Tests.dll" adapterTypeName="executor://mstestadapter/v2" className="ExpressiveExpressionTrees.Tests.ExpressionHasherTests.BindingsExpressionHasherTests" name="Test030" /></UnitTest><UnitTest name="Test022" storage="/home/hannasm/expressiveexpressiontreesdotnet/expressiveexpressiontrees.tests/bin/debug/netcoreapp2.0/expressiveexpressiontrees.tests.dll" id="5b1cf8d2-fc07-4cc7-2b5c-4143d6b012a8"><Execution id="fd9f4823-fc38-4cce-b721-47d1becdff3f" /><TestMethod codeBase="/home/hannasm/ExpressiveExpressionTreesDotNet/ExpressiveExpressionTrees.Tests/bin/Debug/netcoreapp2.0/ExpressiveExpressionTrees.Tests.dll" adapterTypeName="executor://mstestadapter/v2" className="ExpressiveExpressionTrees.Tests.ExpressionHasherTests.BindingsExpressionHasherTests" name="Test022" /></UnitTest><UnitTest name="Test008" storage="/home/hannasm/expressiveexpressiontreesdotnet/expressiveexpressiontrees.tests/bin/debug/netcoreapp2.0/expressiveexpressiontrees.tests.dll" id="4f556257-5ada-6a5f-8818-a680c9aa856b"><Execution id="d33bb72c-7869-4e3d-8fe7-ffc461c8695e" /><TestMethod codeBase="/home/hannasm/ExpressiveExpressionTreesDotNet/ExpressiveExpressionTrees.Tests/bin/Debug/netcoreapp2.0/ExpressiveExpressionTrees.Tests.dll" adapterTypeName="executor://mstestadapter/v2" className="ExpressiveExpressionTrees.Tests.ExpressionVisitorTest.BinaryVisitorTests" name="Test008" /></UnitTest><UnitTest name="Test211" storage="/home/hannasm/expressiveexpressiontreesdotnet/expressiveexpressiontrees.tests/bin/debug/netcoreapp2.0/expressiveexpressiontrees.tests.dll" id="0b45ddb3-73d3-0bc5-c6fb-6e4ea4dfc3b0"><Execution id="99e285f0-ae58-465e-a2b7-d16a021e5e10" /><TestMethod codeBase="/home/hannasm/ExpressiveExpressionTreesDotNet/ExpressiveExpressionTrees.Tests/bin/Debug/netcoreapp2.0/ExpressiveExpressionTrees.Tests.dll" adapterTypeName="executor://mstestadapter/v2" className="ExpressiveExpressionTrees.Tests.ExpressionVisitorTest.BinaryVisitorTests" name="Test211" /></UnitTest><UnitTest name="Test025" storage="/home/hannasm/expressiveexpressiontreesdotnet/expressiveexpressiontrees.tests/bin/debug/netcoreapp2.0/expressiveexpressiontrees.tests.dll" id="5cabc07e-6d41-f470-52ed-7ed4ccaac0f1"><Execution id="4fd4e34f-9c81-43fd-b583-313735c37697" /><TestMethod codeBase="/home/hannasm/ExpressiveExpressionTreesDotNet/ExpressiveExpressionTrees.Tests/bin/Debug/netcoreapp2.0/ExpressiveExpressionTrees.Tests.dll" adapterTypeName="executor://mstestadapter/v2" className="ExpressiveExpressionTrees.Tests.ExpressionGeneratorFromFuncTests" name="Test025" /></UnitTest><UnitTest name="Test008" storage="/home/hannasm/expressiveexpressiontreesdotnet/expressiveexpressiontrees.tests/bin/debug/netcoreapp2.0/expressiveexpressiontrees.tests.dll" id="f924865b-ef2b-9454-2439-e8328a51a92c"><Execution id="d41fd827-01b6-4a4c-9518-71e9635f81ee" /><TestMethod codeBase="/home/hannasm/ExpressiveExpressionTreesDotNet/ExpressiveExpressionTrees.Tests/bin/Debug/netcoreapp2.0/ExpressiveExpressionTrees.Tests.dll" adapterTypeName="executor://mstestadapter/v2" className="ExpressiveExpressionTrees.Tests.ExpressionVisitorTest.IndexerVisitorTests" name="Test008" /></UnitTest><UnitTest name="Test023" storage="/home/hannasm/expressiveexpressiontreesdotnet/expressiveexpressiontrees.tests/bin/debug/netcoreapp2.0/expressiveexpressiontrees.tests.dll" id="efea8587-6cf2-e8f7-94df-37431fd5a0b1"><Execution id="656fe339-63d0-4964-92a1-43bdd1ac59f4" /><TestMethod codeBase="/home/hannasm/ExpressiveExpressionTreesDotNet/ExpressiveExpressionTrees.Tests/bin/Debug/netcoreapp2.0/ExpressiveExpressionTrees.Tests.dll" adapterTypeName="executor://mstestadapter/v2" className="ExpressiveExpressionTrees.Tests.ExpressionComparerTests.ListInitExpressionComparerTests" name="Test023" /></UnitTest><UnitTest name="Test007" storage="/home/hannasm/expressiveexpressiontreesdotnet/expressiveexpressiontrees.tests/bin/debug/netcoreapp2.0/expressiveexpressiontrees.tests.dll" id="370d9dc4-781f-78c5-d5fd-94d97f637ce4"><Execution id="9c5fafd8-08b4-4db8-9b9d-c3e24ce380aa" /><TestMethod codeBase="/home/hannasm/ExpressiveExpressionTreesDotNet/ExpressiveExpressionTrees.Tests/bin/Debug/netcoreapp2.0/ExpressiveExpressionTrees.Tests.dll" adapterTypeName="executor://mstestadapter/v2" className="ExpressiveExpressionTrees.Tests.ExpressionComparerTests.ConstantExpressionComparerTests" name="Test007" /></UnitTest><UnitTest name="Test001" storage="/home/hannasm/expressiveexpressiontreesdotnet/expressiveexpressiontrees.tests/bin/debug/netcoreapp2.0/expressiveexpressiontrees.tests.dll" id="df442eb1-5544-1a16-ac78-bbe5718819f6"><Execution id="8756c14e-dfcd-480d-8c9e-98ea66d75e97" /><TestMethod codeBase="/home/hannasm/ExpressiveExpressionTreesDotNet/ExpressiveExpressionTrees.Tests/bin/Debug/netcoreapp2.0/ExpressiveExpressionTrees.Tests.dll" adapterTypeName="executor://mstestadapter/v2" className="ExpressiveExpressionTrees.Tests.ExpressionComparerTests.ConditionalExpressionComparerTests" name="Test001" /></UnitTest><UnitTest name="Test003" storage="/home/hannasm/expressiveexpressiontreesdotnet/expressiveexpressiontrees.tests/bin/debug/netcoreapp2.0/expressiveexpressiontrees.tests.dll" id="39e493b7-042f-6610-f23d-62d73399825c"><Execution id="db13abc3-5c39-4be8-be73-8bf546068205" /><TestMethod codeBase="/home/hannasm/ExpressiveExpressionTreesDotNet/ExpressiveExpressionTrees.Tests/bin/Debug/netcoreapp2.0/ExpressiveExpressionTrees.Tests.dll" adapterTypeName="executor://mstestadapter/v2" className="ExpressiveExpressionTrees.Tests.ExpressionComparerTests.MethodCallExpressionComparerTests" name="Test003" /></UnitTest><UnitTest name="Test007" storage="/home/hannasm/expressiveexpressiontreesdotnet/expressiveexpressiontrees.tests/bin/debug/netcoreapp2.0/expressiveexpressiontrees.tests.dll" id="36ea2217-5e4d-82a2-5d59-c9d5cecc4461"><Execution id="7075fb55-e6c1-4225-a020-8f47f6306f32" /><TestMethod codeBase="/home/hannasm/ExpressiveExpressionTreesDotNet/ExpressiveExpressionTrees.Tests/bin/Debug/netcoreapp2.0/ExpressiveExpressionTrees.Tests.dll" adapterTypeName="executor://mstestadapter/v2" className="ExpressiveExpressionTrees.Tests.ExpressionVisitorTest.ConditionalVisitorTests" name="Test007" /></UnitTest><UnitTest name="Test014" storage="/home/hannasm/expressiveexpressiontreesdotnet/expressiveexpressiontrees.tests/bin/debug/netcoreapp2.0/expressiveexpressiontrees.tests.dll" id="0f874e5c-8b83-b795-496b-e492606b1d3b"><Execution id="06dae88c-20ea-4efc-b94f-36123e7217b9" /><TestMethod codeBase="/home/hannasm/ExpressiveExpressionTreesDotNet/ExpressiveExpressionTrees.Tests/bin/Debug/netcoreapp2.0/ExpressiveExpressionTrees.Tests.dll" adapterTypeName="executor://mstestadapter/v2" className="ExpressiveExpressionTrees.Tests.ExpressionComparerTests.NewArrayExpressionComparerTests" name="Test014" /></UnitTest><UnitTest name="Test014" storage="/home/hannasm/expressiveexpressiontreesdotnet/expressiveexpressiontrees.tests/bin/debug/netcoreapp2.0/expressiveexpressiontrees.tests.dll" id="0e7cd64a-f711-4999-f779-ec15a880df52"><Execution id="fa08db21-90c2-4297-9c2a-f47cc65eb984" /><TestMethod codeBase="/home/hannasm/ExpressiveExpressionTreesDotNet/ExpressiveExpressionTrees.Tests/bin/Debug/netcoreapp2.0/ExpressiveExpressionTrees.Tests.dll" adapterTypeName="executor://mstestadapter/v2" className="ExpressiveExpressionTrees.Tests.ExpressionComparerTests.NewExpressionComparerTests" name="Test014" /></UnitTest><UnitTest name="Test081" storage="/home/hannasm/expressiveexpressiontreesdotnet/expressiveexpressiontrees.tests/bin/debug/netcoreapp2.0/expressiveexpressiontrees.tests.dll" id="6a0bb04f-cc6d-ba94-c1df-4b33ce7eb229"><Execution id="16a2cd63-41a7-4cb2-8259-e26ec62d2641" /><TestMethod codeBase="/home/hannasm/ExpressiveExpressionTreesDotNet/ExpressiveExpressionTrees.Tests/bin/Debug/netcoreapp2.0/ExpressiveExpressionTrees.Tests.dll" adapterTypeName="executor://mstestadapter/v2" className="ExpressiveExpressionTrees.Tests.ExpressionGeneratorMakeBinaryTests" name="Test081" /></UnitTest><UnitTest name="Test012" storage="/home/hannasm/expressiveexpressiontreesdotnet/expressiveexpressiontrees.tests/bin/debug/netcoreapp2.0/expressiveexpressiontrees.tests.dll" id="f4e0241f-7e9a-ddff-089c-ad60532c6e97"><Execution id="6ea99851-0051-475b-b57c-14601ae33c33" /><TestMethod codeBase="/home/hannasm/ExpressiveExpressionTreesDotNet/ExpressiveExpressionTrees.Tests/bin/Debug/netcoreapp2.0/ExpressiveExpressionTrees.Tests.dll" adapterTypeName="executor://mstestadapter/v2" className="ExpressiveExpressionTrees.Tests.ExpressionHasherTests.TryCatchExpressionHasherTests" name="Test012" /></UnitTest><UnitTest name="Test038" storage="/home/hannasm/expressiveexpressiontreesdotnet/expressiveexpressiontrees.tests/bin/debug/netcoreapp2.0/expressiveexpressiontrees.tests.dll" id="0931ba4b-958b-e648-d1e4-b0897a4684d0"><Execution id="349502cb-68ed-4640-9efd-7f6576e0974e" /><TestMethod codeBase="/home/hannasm/ExpressiveExpressionTreesDotNet/ExpressiveExpressionTrees.Tests/bin/Debug/netcoreapp2.0/ExpressiveExpressionTrees.Tests.dll" adapterTypeName="executor://mstestadapter/v2" className="ExpressiveExpressionTrees.Tests.ExpressionGeneratorTests" name="Test038" /></UnitTest><UnitTest name="Test019" storage="/home/hannasm/expressiveexpressiontreesdotnet/expressiveexpressiontrees.tests/bin/debug/netcoreapp2.0/expressiveexpressiontrees.tests.dll" id="1b0e41aa-ce46-b0b4-eeeb-45ac570a17be"><Execution id="0075e1f6-433f-425b-865c-9ec0379b7d7c" /><TestMethod codeBase="/home/hannasm/ExpressiveExpressionTreesDotNet/ExpressiveExpressionTrees.Tests/bin/Debug/netcoreapp2.0/ExpressiveExpressionTrees.Tests.dll" adapterTypeName="executor://mstestadapter/v2" className="ExpressiveExpressionTrees.Tests.ExpressionComparerTests.BinaryExpressionComparerTests" name="Test019" /></UnitTest><UnitTest name="Test026" storage="/home/hannasm/expressiveexpressiontreesdotnet/expressiveexpressiontrees.tests/bin/debug/netcoreapp2.0/expressiveexpressiontrees.tests.dll" id="4937ea8c-8792-61b9-063b-992684785c5c"><Execution id="17f4ed6b-6749-4991-880c-61a7c414a883" /><TestMethod codeBase="/home/hannasm/ExpressiveExpressionTreesDotNet/ExpressiveExpressionTrees.Tests/bin/Debug/netcoreapp2.0/ExpressiveExpressionTrees.Tests.dll" adapterTypeName="executor://mstestadapter/v2" className="ExpressiveExpressionTrees.Tests.ExpressionGeneratorTests" name="Test026" /></UnitTest><UnitTest name="Test043" storage="/home/hannasm/expressiveexpressiontreesdotnet/expressiveexpressiontrees.tests/bin/debug/netcoreapp2.0/expressiveexpressiontrees.tests.dll" id="c5b4a4f1-12b4-865e-91e2-7e8d22e5513d"><Execution id="5f6fef34-91a5-4a74-87b6-c75451c70cc2" /><TestMethod codeBase="/home/hannasm/ExpressiveExpressionTreesDotNet/ExpressiveExpressionTrees.Tests/bin/Debug/netcoreapp2.0/ExpressiveExpressionTrees.Tests.dll" adapterTypeName="executor://mstestadapter/v2" className="ExpressiveExpressionTrees.Tests.ExpressionGeneratorTests" name="Test043" /></UnitTest><UnitTest name="Test003" storage="/home/hannasm/expressiveexpressiontreesdotnet/expressiveexpressiontrees.tests/bin/debug/netcoreapp2.0/expressiveexpressiontrees.tests.dll" id="f4dbfd54-8f4c-9bf5-be5f-abed5bc84de0"><Execution id="f8210bbf-0c75-44e5-86b0-939f77fc9ab8" /><TestMethod codeBase="/home/hannasm/ExpressiveExpressionTreesDotNet/ExpressiveExpressionTrees.Tests/bin/Debug/netcoreapp2.0/ExpressiveExpressionTrees.Tests.dll" adapterTypeName="executor://mstestadapter/v2" className="ExpressiveExpressionTrees.Tests.ExpressionComparerTests.InvocationExpressionComparerTests" name="Test003" /></UnitTest><UnitTest name="Test012" storage="/home/hannasm/expressiveexpressiontreesdotnet/expressiveexpressiontrees.tests/bin/debug/netcoreapp2.0/expressiveexpressiontrees.tests.dll" id="ddfad501-f28c-0d64-ad90-dda40cc4ee2d"><Execution id="5c84af54-d226-4313-a216-2b1605f7f388" /><TestMethod codeBase="/home/hannasm/ExpressiveExpressionTreesDotNet/ExpressiveExpressionTrees.Tests/bin/Debug/netcoreapp2.0/ExpressiveExpressionTrees.Tests.dll" adapterTypeName="executor://mstestadapter/v2" className="ExpressiveExpressionTrees.Tests.ExpressionComparerTests.MethodCallExpressionComparerTests" name="Test012" /></UnitTest><UnitTest name="Test001" storage="/home/hannasm/expressiveexpressiontreesdotnet/expressiveexpressiontrees.tests/bin/debug/netcoreapp2.0/expressiveexpressiontrees.tests.dll" id="8c7cbf91-e027-b4fd-5fe3-d54c305ac034"><Execution id="7e63d494-750f-42b8-9235-5df5ad880371" /><TestMethod codeBase="/home/hannasm/ExpressiveExpressionTreesDotNet/ExpressiveExpressionTrees.Tests/bin/Debug/netcoreapp2.0/ExpressiveExpressionTrees.Tests.dll" adapterTypeName="executor://mstestadapter/v2" className="ExpressiveExpressionTrees.Tests.ExpressionHasherTests.InvocationExpressionHasherTests" name="Test001" /></UnitTest><UnitTest name="Test009" storage="/home/hannasm/expressiveexpressiontreesdotnet/expressiveexpressiontrees.tests/bin/debug/netcoreapp2.0/expressiveexpressiontrees.tests.dll" id="b56181a6-d2b9-3c7d-95c8-679a954eaa8a"><Execution id="99417737-8b29-4e15-a7b8-e3d3153e4415" /><TestMethod codeBase="/home/hannasm/ExpressiveExpressionTreesDotNet/ExpressiveExpressionTrees.Tests/bin/Debug/netcoreapp2.0/ExpressiveExpressionTrees.Tests.dll" adapterTypeName="executor://mstestadapter/v2" className="ExpressiveExpressionTrees.Tests.ExpressionComparerTests.NewExpressionComparerTests" name="Test009" /></UnitTest><UnitTest name="Test003" storage="/home/hannasm/expressiveexpressiontreesdotnet/expressiveexpressiontrees.tests/bin/debug/netcoreapp2.0/expressiveexpressiontrees.tests.dll" id="3d6fafc9-3e91-f36c-3edc-574dfd67ac73"><Execution id="bd1e907b-04e2-438f-ac45-ce904d4ec170" /><TestMethod codeBase="/home/hannasm/ExpressiveExpressionTreesDotNet/ExpressiveExpressionTrees.Tests/bin/Debug/netcoreapp2.0/ExpressiveExpressionTrees.Tests.dll" adapterTypeName="executor://mstestadapter/v2" className="ExpressiveExpressionTrees.Tests.ExpressionComparerTests.GotoExpressionComparerTests" name="Test003" /></UnitTest><UnitTest name="Test020" storage="/home/hannasm/expressiveexpressiontreesdotnet/expressiveexpressiontrees.tests/bin/debug/netcoreapp2.0/expressiveexpressiontrees.tests.dll" id="ee0aa7f6-642a-0eda-a6c2-3a83ba56dca5"><Execution id="2c8af553-f5bc-48d4-a3b3-e88c4557c334" /><TestMethod codeBase="/home/hannasm/ExpressiveExpressionTreesDotNet/ExpressiveExpressionTrees.Tests/bin/Debug/netcoreapp2.0/ExpressiveExpressionTrees.Tests.dll" adapterTypeName="executor://mstestadapter/v2" className="ExpressiveExpressionTrees.Tests.ExpressionComparerTests.NewArrayExpressionComparerTests" name="Test020" /></UnitTest><UnitTest name="Test041" storage="/home/hannasm/expressiveexpressiontreesdotnet/expressiveexpressiontrees.tests/bin/debug/netcoreapp2.0/expressiveexpressiontrees.tests.dll" id="802ba66f-5880-6c11-44d3-684f93c1d2bd"><Execution id="df0a5adc-3dd1-47b6-b4c3-d8404a021872" /><TestMethod codeBase="/home/hannasm/ExpressiveExpressionTreesDotNet/ExpressiveExpressionTrees.Tests/bin/Debug/netcoreapp2.0/ExpressiveExpressionTrees.Tests.dll" adapterTypeName="executor://mstestadapter/v2" className="ExpressiveExpressionTrees.Tests.ExpressionHasherTests.BindingsExpressionHasherTests" name="Test041" /></UnitTest><UnitTest name="Test016" storage="/home/hannasm/expressiveexpressiontreesdotnet/expressiveexpressiontrees.tests/bin/debug/netcoreapp2.0/expressiveexpressiontrees.tests.dll" id="50387757-5b2b-4752-6d4b-fac82d979fd1"><Execution id="fb9c6ae4-c55a-44d6-91b5-3a89a69b78b2" /><TestMethod codeBase="/home/hannasm/ExpressiveExpressionTreesDotNet/ExpressiveExpressionTrees.Tests/bin/Debug/netcoreapp2.0/ExpressiveExpressionTrees.Tests.dll" adapterTypeName="executor://mstestadapter/v2" className="ExpressiveExpressionTrees.Tests.ExpressionGeneratorFromFuncTests" name="Test016" /></UnitTest><UnitTest name="Test009" storage="/home/hannasm/expressiveexpressiontreesdotnet/expressiveexpressiontrees.tests/bin/debug/netcoreapp2.0/expressiveexpressiontrees.tests.dll" id="54bb9c1b-a061-2ad8-2177-e63e0c7f7d29"><Execution id="e58fb068-0d92-4672-8c51-9cbe27864b55" /><TestMethod codeBase="/home/hannasm/ExpressiveExpressionTreesDotNet/ExpressiveExpressionTrees.Tests/bin/Debug/netcoreapp2.0/ExpressiveExpressionTrees.Tests.dll" adapterTypeName="executor://mstestadapter/v2" className="ExpressiveExpressionTrees.Tests.ExpressionVisitorTest.MethodCallVisitorTests" name="Test009" /></UnitTest><UnitTest name="Test013" storage="/home/hannasm/expressiveexpressiontreesdotnet/expressiveexpressiontrees.tests/bin/debug/netcoreapp2.0/expressiveexpressiontrees.tests.dll" id="cfc061a4-9c35-88a9-365c-02179bd9b3ab"><Execution id="f30aa4d3-175f-4a03-96ab-f512e22fd62f" /><TestMethod codeBase="/home/hannasm/ExpressiveExpressionTreesDotNet/ExpressiveExpressionTrees.Tests/bin/Debug/netcoreapp2.0/ExpressiveExpressionTrees.Tests.dll" adapterTypeName="executor://mstestadapter/v2" className="ExpressiveExpressionTrees.Tests.ExpressionComparerTests.ListInitExpressionComparerTests" name="Test013" /></UnitTest><UnitTest name="Test006" storage="/home/hannasm/expressiveexpressiontreesdotnet/expressiveexpressiontrees.tests/bin/debug/netcoreapp2.0/expressiveexpressiontrees.tests.dll" id="e667efbc-55bd-f89d-d6a3-2da689096acc"><Execution id="9ce40cc6-308a-469d-b4f4-354d223c45c0" /><TestMethod codeBase="/home/hannasm/ExpressiveExpressionTreesDotNet/ExpressiveExpressionTrees.Tests/bin/Debug/netcoreapp2.0/ExpressiveExpressionTrees.Tests.dll" adapterTypeName="executor://mstestadapter/v2" className="ExpressiveExpressionTrees.Tests.ExpressionVisitorTest.IndexerVisitorTests" name="Test006" /></UnitTest><UnitTest name="Test027" storage="/home/hannasm/expressiveexpressiontreesdotnet/expressiveexpressiontrees.tests/bin/debug/netcoreapp2.0/expressiveexpressiontrees.tests.dll" id="573fff83-dbfa-9991-a92c-6c87be7c2994"><Execution id="4be18d08-8a22-46f4-a87b-bcea85cb5346" /><TestMethod codeBase="/home/hannasm/ExpressiveExpressionTreesDotNet/ExpressiveExpressionTrees.Tests/bin/Debug/netcoreapp2.0/ExpressiveExpressionTrees.Tests.dll" adapterTypeName="executor://mstestadapter/v2" className="ExpressiveExpressionTrees.Tests.ExpressionGeneratorFromFuncTests" name="Test027" /></UnitTest><UnitTest name="Test013" storage="/home/hannasm/expressiveexpressiontreesdotnet/expressiveexpressiontrees.tests/bin/debug/netcoreapp2.0/expressiveexpressiontrees.tests.dll" id="5ede928c-ab3a-8c07-6a2e-5d5c2da8de7c"><Execution id="3d0fa99c-54df-42da-a889-142c428b11f8" /><TestMethod codeBase="/home/hannasm/ExpressiveExpressionTreesDotNet/ExpressiveExpressionTrees.Tests/bin/Debug/netcoreapp2.0/ExpressiveExpressionTrees.Tests.dll" adapterTypeName="executor://mstestadapter/v2" className="ExpressiveExpressionTrees.Tests.ExpressionVisitorTest.NewArrayVisitorTests" name="Test013" /></UnitTest><UnitTest name="Test003" storage="/home/hannasm/expressiveexpressiontreesdotnet/expressiveexpressiontrees.tests/bin/debug/netcoreapp2.0/expressiveexpressiontrees.tests.dll" id="ffe4f3ed-c636-62e9-2c95-659c4c132c1d"><Execution id="d57dc4fb-f28e-430d-b5d6-102b7f2ee63e" /><TestMethod codeBase="/home/hannasm/ExpressiveExpressionTreesDotNet/ExpressiveExpressionTrees.Tests/bin/Debug/netcoreapp2.0/ExpressiveExpressionTrees.Tests.dll" adapterTypeName="executor://mstestadapter/v2" className="ExpressiveExpressionTrees.Tests.ExpressionVisitorTest.GotoVisitorTests" name="Test003" /></UnitTest><UnitTest name="Test029" storage="/home/hannasm/expressiveexpressiontreesdotnet/expressiveexpressiontrees.tests/bin/debug/netcoreapp2.0/expressiveexpressiontrees.tests.dll" id="a15c092f-2188-e4dc-0922-d11c9c299677"><Execution id="e50b2eda-8b91-4b83-bf32-33e9f3223b62" /><TestMethod codeBase="/home/hannasm/ExpressiveExpressionTreesDotNet/ExpressiveExpressionTrees.Tests/bin/Debug/netcoreapp2.0/ExpressiveExpressionTrees.Tests.dll" adapterTypeName="executor://mstestadapter/v2" className="ExpressiveExpressionTrees.Tests.ExpressionHasherTests.BindingsExpressionHasherTests" name="Test029" /></UnitTest><UnitTest name="Test001" storage="/home/hannasm/expressiveexpressiontreesdotnet/expressiveexpressiontrees.tests/bin/debug/netcoreapp2.0/expressiveexpressiontrees.tests.dll" id="7cd768d1-f57f-d9cf-6d43-7da8e2a4d4c4"><Execution id="2f52c5f3-365a-41cb-b9d7-f51e91d2dabf" /><TestMethod codeBase="/home/hannasm/ExpressiveExpressionTreesDotNet/ExpressiveExpressionTrees.Tests/bin/Debug/netcoreapp2.0/ExpressiveExpressionTrees.Tests.dll" adapterTypeName="executor://mstestadapter/v2" className="ExpressiveExpressionTrees.Tests.ExpressionReplacerTests.ExpressionReplacerUseCases" name="Test001" /></UnitTest><UnitTest name="Test071" storage="/home/hannasm/expressiveexpressiontreesdotnet/expressiveexpressiontrees.tests/bin/debug/netcoreapp2.0/expressiveexpressiontrees.tests.dll" id="f202d7ca-bd69-b07e-4d1b-c46f797f847c"><Execution id="76a221d1-59b9-496e-b0ec-656312ace860" /><TestMethod codeBase="/home/hannasm/ExpressiveExpressionTreesDotNet/ExpressiveExpressionTrees.Tests/bin/Debug/netcoreapp2.0/ExpressiveExpressionTrees.Tests.dll" adapterTypeName="executor://mstestadapter/v2" className="ExpressiveExpressionTrees.Tests.ExpressionGeneratorMakeBinaryTests" name="Test071" /></UnitTest><UnitTest name="Test006" storage="/home/hannasm/expressiveexpressiontreesdotnet/expressiveexpressiontrees.tests/bin/debug/netcoreapp2.0/expressiveexpressiontrees.tests.dll" id="4cc8ff4a-1abb-ec64-297b-0ad1bbb46af8"><Execution id="8df2528e-7ecd-4489-9976-437311ea5050" /><TestMethod codeBase="/home/hannasm/ExpressiveExpressionTreesDotNet/ExpressiveExpressionTrees.Tests/bin/Debug/netcoreapp2.0/ExpressiveExpressionTrees.Tests.dll" adapterTypeName="executor://mstestadapter/v2" className="ExpressiveExpressionTrees.Tests.ExpressionVisitorTest.BlockVisitorTests" name="Test006" /></UnitTest><UnitTest name="Test009" storage="/home/hannasm/expressiveexpressiontreesdotnet/expressiveexpressiontrees.tests/bin/debug/netcoreapp2.0/expressiveexpressiontrees.tests.dll" id="224d71a6-7fce-a908-b91c-9df922052c34"><Execution id="89643a28-b817-4fa3-96a3-889c2246c8e6" /><TestMethod codeBase="/home/hannasm/ExpressiveExpressionTreesDotNet/ExpressiveExpressionTrees.Tests/bin/Debug/netcoreapp2.0/ExpressiveExpressionTrees.Tests.dll" adapterTypeName="executor://mstestadapter/v2" className="ExpressiveExpressionTrees.Tests.ExpressionVisitorTest.NewArrayVisitorTests" name="Test009" /></UnitTest><UnitTest name="Test117" storage="/home/hannasm/expressiveexpressiontreesdotnet/expressiveexpressiontrees.tests/bin/debug/netcoreapp2.0/expressiveexpressiontrees.tests.dll" id="8e57859c-1d75-7e8f-0300-cd9b361cfe76"><Execution id="51471658-aa99-4283-93f9-8fd27f778159" /><TestMethod codeBase="/home/hannasm/ExpressiveExpressionTreesDotNet/ExpressiveExpressionTrees.Tests/bin/Debug/netcoreapp2.0/ExpressiveExpressionTrees.Tests.dll" adapterTypeName="executor://mstestadapter/v2" className="ExpressiveExpressionTrees.Tests.ExpressionVisitorTest.BinaryVisitorTests" name="Test117" /></UnitTest><UnitTest name="Test029" storage="/home/hannasm/expressiveexpressiontreesdotnet/expressiveexpressiontrees.tests/bin/debug/netcoreapp2.0/expressiveexpressiontrees.tests.dll" id="e0abf0aa-bc04-627e-67a6-aef3a2471b31"><Execution id="87497b47-c860-4744-adbd-694519a9c0ea" /><TestMethod codeBase="/home/hannasm/ExpressiveExpressionTreesDotNet/ExpressiveExpressionTrees.Tests/bin/Debug/netcoreapp2.0/ExpressiveExpressionTrees.Tests.dll" adapterTypeName="executor://mstestadapter/v2" className="ExpressiveExpressionTrees.Tests.ExpressionVisitorTest.InvokeVisitorTests" name="Test029" /></UnitTest><UnitTest name="Test331" storage="/home/hannasm/expressiveexpressiontreesdotnet/expressiveexpressiontrees.tests/bin/debug/netcoreapp2.0/expressiveexpressiontrees.tests.dll" id="39074241-a060-1e78-b0a2-618c1b507d74"><Execution id="c44bb648-b235-494f-a340-42d75f13dd7f" /><TestMethod codeBase="/home/hannasm/ExpressiveExpressionTreesDotNet/ExpressiveExpressionTrees.Tests/bin/Debug/netcoreapp2.0/ExpressiveExpressionTrees.Tests.dll" adapterTypeName="executor://mstestadapter/v2" className="ExpressiveExpressionTrees.Tests.ExpressionVisitorTest.BinaryVisitorTests" name="Test331" /></UnitTest><UnitTest name="Test016" storage="/home/hannasm/expressiveexpressiontreesdotnet/expressiveexpressiontrees.tests/bin/debug/netcoreapp2.0/expressiveexpressiontrees.tests.dll" id="2e572e78-7b42-8269-e9f0-9ebe78b01be6"><Execution id="1acc7a29-d9a2-4cd1-8cda-9469c5de81e4" /><TestMethod codeBase="/home/hannasm/ExpressiveExpressionTreesDotNet/ExpressiveExpressionTrees.Tests/bin/Debug/netcoreapp2.0/ExpressiveExpressionTrees.Tests.dll" adapterTypeName="executor://mstestadapter/v2" className="ExpressiveExpressionTrees.Tests.ExpressionVisitorTest.NewVisitorTests" name="Test016" /></UnitTest><UnitTest name="Test401" storage="/home/hannasm/expressiveexpressiontreesdotnet/expressiveexpressiontrees.tests/bin/debug/netcoreapp2.0/expressiveexpressiontrees.tests.dll" id="5656906d-3c79-c02a-1f42-b912e71d8e2b"><Execution id="08928893-b4cb-401c-8995-1b05e5c7a506" /><TestMethod codeBase="/home/hannasm/ExpressiveExpressionTreesDotNet/ExpressiveExpressionTrees.Tests/bin/Debug/netcoreapp2.0/ExpressiveExpressionTrees.Tests.dll" adapterTypeName="executor://mstestadapter/v2" className="ExpressiveExpressionTrees.Tests.ExpressionVisitorTest.BinaryVisitorTests" name="Test401" /></UnitTest><UnitTest name="Test027" storage="/home/hannasm/expressiveexpressiontreesdotnet/expressiveexpressiontrees.tests/bin/debug/netcoreapp2.0/expressiveexpressiontrees.tests.dll" id="7c40ea19-2716-4dbe-85cc-926f67c5fd74"><Execution id="71a81ee6-3840-4bf3-a5ce-6ab5cc6a9652" /><TestMethod codeBase="/home/hannasm/ExpressiveExpressionTreesDotNet/ExpressiveExpressionTrees.Tests/bin/Debug/netcoreapp2.0/ExpressiveExpressionTrees.Tests.dll" adapterTypeName="executor://mstestadapter/v2" className="ExpressiveExpressionTrees.Tests.ExpressionComparerTests.MemberInitVisitorTests" name="Test027" /></UnitTest><UnitTest name="Test001" storage="/home/hannasm/expressiveexpressiontreesdotnet/expressiveexpressiontrees.tests/bin/debug/netcoreapp2.0/expressiveexpressiontrees.tests.dll" id="5c21650b-cdb1-7df9-f943-967ae17aa3ee"><Execution id="980b8921-3a54-4832-90c8-1d7719a3eec9" /><TestMethod codeBase="/home/hannasm/ExpressiveExpressionTreesDotNet/ExpressiveExpressionTrees.Tests/bin/Debug/netcoreapp2.0/ExpressiveExpressionTrees.Tests.dll" adapterTypeName="executor://mstestadapter/v2" className="ExpressiveExpressionTrees.Tests.ExpressionComparerTests.DefaultExpressionComparerTests" name="Test001" /></UnitTest><UnitTest name="Test023" storage="/home/hannasm/expressiveexpressiontreesdotnet/expressiveexpressiontrees.tests/bin/debug/netcoreapp2.0/expressiveexpressiontrees.tests.dll" id="3421ef35-f27d-e14d-e2ad-d2f8e077ccbe"><Execution id="8d892e53-6c49-49d0-aaeb-d8527d152894" /><TestMethod codeBase="/home/hannasm/ExpressiveExpressionTreesDotNet/ExpressiveExpressionTrees.Tests/bin/Debug/netcoreapp2.0/ExpressiveExpressionTrees.Tests.dll" adapterTypeName="executor://mstestadapter/v2" className="ExpressiveExpressionTrees.Tests.ExpressionVisitorTest.ListInitVisitorTests" name="Test023" /></UnitTest><UnitTest name="Test039" storage="/home/hannasm/expressiveexpressiontreesdotnet/expressiveexpressiontrees.tests/bin/debug/netcoreapp2.0/expressiveexpressiontrees.tests.dll" id="096f3f32-908c-aec3-85fc-01c5cb5ecf88"><Execution id="5ecee75c-9d4a-4fc1-923c-82f228751974" /><TestMethod codeBase="/home/hannasm/ExpressiveExpressionTreesDotNet/ExpressiveExpressionTrees.Tests/bin/Debug/netcoreapp2.0/ExpressiveExpressionTrees.Tests.dll" adapterTypeName="executor://mstestadapter/v2" className="ExpressiveExpressionTrees.Tests.ExpressionGeneratorTests" name="Test039" /></UnitTest><UnitTest name="Test023" storage="/home/hannasm/expressiveexpressiontreesdotnet/expressiveexpressiontrees.tests/bin/debug/netcoreapp2.0/expressiveexpressiontrees.tests.dll" id="bdba632f-b613-1e81-0a97-0be60e01eca9"><Execution id="1091bbf5-65cd-4785-8f34-8fbf2a32c418" /><TestMethod codeBase="/home/hannasm/ExpressiveExpressionTreesDotNet/ExpressiveExpressionTrees.Tests/bin/Debug/netcoreapp2.0/ExpressiveExpressionTrees.Tests.dll" adapterTypeName="executor://mstestadapter/v2" className="ExpressiveExpressionTrees.Tests.ExpressionComparerTests.NewExpressionComparerTests" name="Test023" /></UnitTest><UnitTest name="Test001" storage="/home/hannasm/expressiveexpressiontreesdotnet/expressiveexpressiontrees.tests/bin/debug/netcoreapp2.0/expressiveexpressiontrees.tests.dll" id="720472e1-95fa-bf0c-2647-21f0ba57a6b1"><Execution id="c6bbe77f-faae-4ee7-9c49-92b6f8fa290d" /><TestMethod codeBase="/home/hannasm/ExpressiveExpressionTreesDotNet/ExpressiveExpressionTrees.Tests/bin/Debug/netcoreapp2.0/ExpressiveExpressionTrees.Tests.dll" adapterTypeName="executor://mstestadapter/v2" className="ExpressiveExpressionTrees.Tests.ExpressionComparerTests.TypeBinaryExpressionComparerTests" name="Test001" /></UnitTest><UnitTest name="Test017" storage="/home/hannasm/expressiveexpressiontreesdotnet/expressiveexpressiontrees.tests/bin/debug/netcoreapp2.0/expressiveexpressiontrees.tests.dll" id="08fff509-c86a-16a9-63dd-c1ba781a0810"><Execution id="0a2470a3-a88c-43a5-8d43-236f7e8cdb30" /><TestMethod codeBase="/home/hannasm/ExpressiveExpressionTreesDotNet/ExpressiveExpressionTrees.Tests/bin/Debug/netcoreapp2.0/ExpressiveExpressionTrees.Tests.dll" adapterTypeName="executor://mstestadapter/v2" className="ExpressiveExpressionTrees.Tests.ExpressionComparerTests.NewArrayExpressionComparerTests" name="Test017" /></UnitTest><UnitTest name="Test012" storage="/home/hannasm/expressiveexpressiontreesdotnet/expressiveexpressiontrees.tests/bin/debug/netcoreapp2.0/expressiveexpressiontrees.tests.dll" id="a88290f6-ae06-b1e0-ff37-87c09abde8f3"><Execution id="2d2c4f39-9ae9-465f-8721-317940094edb" /><TestMethod codeBase="/home/hannasm/ExpressiveExpressionTreesDotNet/ExpressiveExpressionTrees.Tests/bin/Debug/netcoreapp2.0/ExpressiveExpressionTrees.Tests.dll" adapterTypeName="executor://mstestadapter/v2" className="ExpressiveExpressionTrees.Tests.ExpressionVisitorTest.NewVisitorTests" name="Test012" /></UnitTest><UnitTest name="Test015" storage="/home/hannasm/expressiveexpressiontreesdotnet/expressiveexpressiontrees.tests/bin/debug/netcoreapp2.0/expressiveexpressiontrees.tests.dll" id="73945302-7b5e-447a-83e1-6c9f78f2469d"><Execution id="1acb4bd1-ed52-4175-abac-790b4c167e67" /><TestMethod codeBase="/home/hannasm/ExpressiveExpressionTreesDotNet/ExpressiveExpressionTrees.Tests/bin/Debug/netcoreapp2.0/ExpressiveExpressionTrees.Tests.dll" adapterTypeName="executor://mstestadapter/v2" className="ExpressiveExpressionTrees.Tests.ExpressionComparerTests.NewExpressionComparerTests" name="Test015" /></UnitTest><UnitTest name="Test218" storage="/home/hannasm/expressiveexpressiontreesdotnet/expressiveexpressiontrees.tests/bin/debug/netcoreapp2.0/expressiveexpressiontrees.tests.dll" id="201b0738-e604-b8cd-f287-6f9df6389689"><Execution id="62f2da28-121e-4835-9856-240699c24583" /><TestMethod codeBase="/home/hannasm/ExpressiveExpressionTreesDotNet/ExpressiveExpressionTrees.Tests/bin/Debug/netcoreapp2.0/ExpressiveExpressionTrees.Tests.dll" adapterTypeName="executor://mstestadapter/v2" className="ExpressiveExpressionTrees.Tests.ExpressionVisitorTest.BinaryVisitorTests" name="Test218" /></UnitTest><UnitTest name="Test012" storage="/home/hannasm/expressiveexpressiontreesdotnet/expressiveexpressiontrees.tests/bin/debug/netcoreapp2.0/expressiveexpressiontrees.tests.dll" id="b36940b9-9803-52c4-b774-8f39a22f7844"><Execution id="5d44e54c-d12c-4045-a83f-3f9d4a66ad97" /><TestMethod codeBase="/home/hannasm/ExpressiveExpressionTreesDotNet/ExpressiveExpressionTrees.Tests/bin/Debug/netcoreapp2.0/ExpressiveExpressionTrees.Tests.dll" adapterTypeName="executor://mstestadapter/v2" className="ExpressiveExpressionTrees.Tests.ExpressionGeneratorFromActionTests" name="Test012" /></UnitTest><UnitTest name="Test013" storage="/home/hannasm/expressiveexpressiontreesdotnet/expressiveexpressiontrees.tests/bin/debug/netcoreapp2.0/expressiveexpressiontrees.tests.dll" id="777d462a-42fc-89f5-a6db-dea6f559e203"><Execution id="5f1b6740-9fd7-4fa8-a9f1-f3f9d6e731ed" /><TestMethod codeBase="/home/hannasm/ExpressiveExpressionTreesDotNet/ExpressiveExpressionTrees.Tests/bin/Debug/netcoreapp2.0/ExpressiveExpressionTrees.Tests.dll" adapterTypeName="executor://mstestadapter/v2" className="ExpressiveExpressionTrees.Tests.ExpressionGeneratorTests" name="Test013" /></UnitTest><UnitTest name="Test306" storage="/home/hannasm/expressiveexpressiontreesdotnet/expressiveexpressiontrees.tests/bin/debug/netcoreapp2.0/expressiveexpressiontrees.tests.dll" id="6137ed9f-fb21-c2a5-1600-36e671fbc5cb"><Execution id="6f56bb99-34fc-4b17-a3bc-d2d60200472f" /><TestMethod codeBase="/home/hannasm/ExpressiveExpressionTreesDotNet/ExpressiveExpressionTrees.Tests/bin/Debug/netcoreapp2.0/ExpressiveExpressionTrees.Tests.dll" adapterTypeName="executor://mstestadapter/v2" className="ExpressiveExpressionTrees.Tests.ExpressionVisitorTest.BinaryVisitorTests" name="Test306" /></UnitTest><UnitTest name="Test027" storage="/home/hannasm/expressiveexpressiontreesdotnet/expressiveexpressiontrees.tests/bin/debug/netcoreapp2.0/expressiveexpressiontrees.tests.dll" id="ad844c5d-ae15-31ff-3848-8df45046151f"><Execution id="10268154-48a2-410f-8fa4-0199d31ebfe1" /><TestMethod codeBase="/home/hannasm/ExpressiveExpressionTreesDotNet/ExpressiveExpressionTrees.Tests/bin/Debug/netcoreapp2.0/ExpressiveExpressionTrees.Tests.dll" adapterTypeName="executor://mstestadapter/v2" className="ExpressiveExpressionTrees.Tests.ExpressionVisitorTest.NewArrayVisitorTests" name="Test027" /></UnitTest><UnitTest name="Test004" storage="/home/hannasm/expressiveexpressiontreesdotnet/expressiveexpressiontrees.tests/bin/debug/netcoreapp2.0/expressiveexpressiontrees.tests.dll" id="6a4cd155-75ea-a975-8c6a-bf1e9ba586dc"><Execution id="4b984bf6-340b-46d0-9fd0-f0eebda2cec6" /><TestMethod codeBase="/home/hannasm/ExpressiveExpressionTreesDotNet/ExpressiveExpressionTrees.Tests/bin/Debug/netcoreapp2.0/ExpressiveExpressionTrees.Tests.dll" adapterTypeName="executor://mstestadapter/v2" className="ExpressiveExpressionTrees.Tests.ExpressionComparerTests.ConstantExpressionComparerTests" name="Test004" /></UnitTest><UnitTest name="Test005" storage="/home/hannasm/expressiveexpressiontreesdotnet/expressiveexpressiontrees.tests/bin/debug/netcoreapp2.0/expressiveexpressiontrees.tests.dll" id="487a2ea7-9b6f-eb97-8c85-00d277699aa0"><Execution id="3df4c18f-63ee-4aa0-954a-655ed77f183d" /><TestMethod codeBase="/home/hannasm/ExpressiveExpressionTreesDotNet/ExpressiveExpressionTrees.Tests/bin/Debug/netcoreapp2.0/ExpressiveExpressionTrees.Tests.dll" adapterTypeName="executor://mstestadapter/v2" className="ExpressiveExpressionTrees.Tests.ExpressionHasherTests.NewExpressionHasherTests" name="Test005" /></UnitTest><UnitTest name="Test015" storage="/home/hannasm/expressiveexpressiontreesdotnet/expressiveexpressiontrees.tests/bin/debug/netcoreapp2.0/expressiveexpressiontrees.tests.dll" id="97b1ec5a-f913-522b-b59b-8f797cbfa91d"><Execution id="c2bde6da-48a8-4048-9c98-951c222a8344" /><TestMethod codeBase="/home/hannasm/ExpressiveExpressionTreesDotNet/ExpressiveExpressionTrees.Tests/bin/Debug/netcoreapp2.0/ExpressiveExpressionTrees.Tests.dll" adapterTypeName="executor://mstestadapter/v2" className="ExpressiveExpressionTrees.Tests.ExpressionComparerTests.MemberInitVisitorTests" name="Test015" /></UnitTest><UnitTest name="Test021" storage="/home/hannasm/expressiveexpressiontreesdotnet/expressiveexpressiontrees.tests/bin/debug/netcoreapp2.0/expressiveexpressiontrees.tests.dll" id="86294528-6e6c-d79c-ea4e-a2e784c137d1"><Execution id="d5e6e6af-09db-4e87-87c5-a0f9686c5b2f" /><TestMethod codeBase="/home/hannasm/ExpressiveExpressionTreesDotNet/ExpressiveExpressionTrees.Tests/bin/Debug/netcoreapp2.0/ExpressiveExpressionTrees.Tests.dll" adapterTypeName="executor://mstestadapter/v2" className="ExpressiveExpressionTrees.Tests.ExpressionGeneratorFromFuncTests" name="Test021" /></UnitTest><UnitTest name="Test073" storage="/home/hannasm/expressiveexpressiontreesdotnet/expressiveexpressiontrees.tests/bin/debug/netcoreapp2.0/expressiveexpressiontrees.tests.dll" id="081cf0d6-941c-e6e9-52ed-e72095b98eda"><Execution id="db242bca-8deb-4367-a4ba-bb68f8d7b705" /><TestMethod codeBase="/home/hannasm/ExpressiveExpressionTreesDotNet/ExpressiveExpressionTrees.Tests/bin/Debug/netcoreapp2.0/ExpressiveExpressionTrees.Tests.dll" adapterTypeName="executor://mstestadapter/v2" className="ExpressiveExpressionTrees.Tests.ExpressionGeneratorMakeBinaryTests" name="Test073" /></UnitTest><UnitTest name="Test002" storage="/home/hannasm/expressiveexpressiontreesdotnet/expressiveexpressiontrees.tests/bin/debug/netcoreapp2.0/expressiveexpressiontrees.tests.dll" id="1979c2ac-06ac-60ce-6871-5e4b8c1ff288"><Execution id="ee61d328-f92d-47c8-88a1-0bd5f9c9567c" /><TestMethod codeBase="/home/hannasm/ExpressiveExpressionTreesDotNet/ExpressiveExpressionTrees.Tests/bin/Debug/netcoreapp2.0/ExpressiveExpressionTrees.Tests.dll" adapterTypeName="executor://mstestadapter/v2" className="ExpressiveExpressionTrees.Tests.ExpressionVisitorTest.BinaryVisitorTests" name="Test002" /></UnitTest><UnitTest name="Test209" storage="/home/hannasm/expressiveexpressiontreesdotnet/expressiveexpressiontrees.tests/bin/debug/netcoreapp2.0/expressiveexpressiontrees.tests.dll" id="f1de166f-faae-ebd8-6784-5e848b95e9a7"><Execution id="e3392c92-d7d7-4c6a-98a5-491337a21ea0" /><TestMethod codeBase="/home/hannasm/ExpressiveExpressionTreesDotNet/ExpressiveExpressionTrees.Tests/bin/Debug/netcoreapp2.0/ExpressiveExpressionTrees.Tests.dll" adapterTypeName="executor://mstestadapter/v2" className="ExpressiveExpressionTrees.Tests.ExpressionVisitorTest.BinaryVisitorTests" name="Test209" /></UnitTest><UnitTest name="Test002" storage="/home/hannasm/expressiveexpressiontreesdotnet/expressiveexpressiontrees.tests/bin/debug/netcoreapp2.0/expressiveexpressiontrees.tests.dll" id="07375595-7502-58c4-6845-0c4b7be92441"><Execution id="20b3df7f-0c73-4fa5-a00f-06ac9ea2b478" /><TestMethod codeBase="/home/hannasm/ExpressiveExpressionTreesDotNet/ExpressiveExpressionTrees.Tests/bin/Debug/netcoreapp2.0/ExpressiveExpressionTrees.Tests.dll" adapterTypeName="executor://mstestadapter/v2" className="ExpressiveExpressionTrees.Tests.ExpressionComparerTests.LambdaExpressionComparerTests" name="Test002" /></UnitTest><UnitTest name="Test009" storage="/home/hannasm/expressiveexpressiontreesdotnet/expressiveexpressiontrees.tests/bin/debug/netcoreapp2.0/expressiveexpressiontrees.tests.dll" id="00780edb-c80d-b224-e9fe-93bffe20aa29"><Execution id="1e839da8-5c95-4d90-acbf-ebe644e02f8c" /><TestMethod codeBase="/home/hannasm/ExpressiveExpressionTreesDotNet/ExpressiveExpressionTrees.Tests/bin/Debug/netcoreapp2.0/ExpressiveExpressionTrees.Tests.dll" adapterTypeName="executor://mstestadapter/v2" className="ExpressiveExpressionTrees.Tests.ExpressionVisitorTest.ListInitVisitorTests" name="Test009" /></UnitTest><UnitTest name="Test221" storage="/home/hannasm/expressiveexpressiontreesdotnet/expressiveexpressiontrees.tests/bin/debug/netcoreapp2.0/expressiveexpressiontrees.tests.dll" id="9809ed0e-6635-d20e-b090-0627c86baa84"><Execution id="b160b36f-9269-42f0-bb94-c7df557cbddf" /><TestMethod codeBase="/home/hannasm/ExpressiveExpressionTreesDotNet/ExpressiveExpressionTrees.Tests/bin/Debug/netcoreapp2.0/ExpressiveExpressionTrees.Tests.dll" adapterTypeName="executor://mstestadapter/v2" className="ExpressiveExpressionTrees.Tests.ExpressionVisitorTest.BinaryVisitorTests" name="Test221" /></UnitTest><UnitTest name="Test022" storage="/home/hannasm/expressiveexpressiontreesdotnet/expressiveexpressiontrees.tests/bin/debug/netcoreapp2.0/expressiveexpressiontrees.tests.dll" id="05e56488-53f2-a41e-e624-beb2d1adba43"><Execution id="6385c380-f36e-4ffe-9202-a064db898c31" /><TestMethod codeBase="/home/hannasm/ExpressiveExpressionTreesDotNet/ExpressiveExpressionTrees.Tests/bin/Debug/netcoreapp2.0/ExpressiveExpressionTrees.Tests.dll" adapterTypeName="executor://mstestadapter/v2" className="ExpressiveExpressionTrees.Tests.ExpressionVisitorTest.ListInitVisitorTests" name="Test022" /></UnitTest><UnitTest name="Test014" storage="/home/hannasm/expressiveexpressiontreesdotnet/expressiveexpressiontrees.tests/bin/debug/netcoreapp2.0/expressiveexpressiontrees.tests.dll" id="1c370170-3eeb-d0dd-0713-283ae7622b9b"><Execution id="46397406-2527-4868-b7d3-059152cfdb4c" /><TestMethod codeBase="/home/hannasm/ExpressiveExpressionTreesDotNet/ExpressiveExpressionTrees.Tests/bin/Debug/netcoreapp2.0/ExpressiveExpressionTrees.Tests.dll" adapterTypeName="executor://mstestadapter/v2" className="ExpressiveExpressionTrees.Tests.ExpressionHasherTests.NewExpressionHasherTests" name="Test014" /></UnitTest><UnitTest name="Test042" storage="/home/hannasm/expressiveexpressiontreesdotnet/expressiveexpressiontrees.tests/bin/debug/netcoreapp2.0/expressiveexpressiontrees.tests.dll" id="24925be4-8913-1759-e259-c02cf0afc0ff"><Execution id="00c7bd22-06dc-48c5-b4d4-8b43dfc4c401" /><TestMethod codeBase="/home/hannasm/ExpressiveExpressionTreesDotNet/ExpressiveExpressionTrees.Tests/bin/Debug/netcoreapp2.0/ExpressiveExpressionTrees.Tests.dll" adapterTypeName="executor://mstestadapter/v2" className="ExpressiveExpressionTrees.Tests.ExpressionGeneratorMakeBinaryTests" name="Test042" /></UnitTest><UnitTest name="Test003" storage="/home/hannasm/expressiveexpressiontreesdotnet/expressiveexpressiontrees.tests/bin/debug/netcoreapp2.0/expressiveexpressiontrees.tests.dll" id="c78aba3b-4d4e-47e2-88cb-b3c04536d052"><Execution id="f09b5adb-f5fc-4376-ab28-9f875b72bf1b" /><TestMethod codeBase="/home/hannasm/ExpressiveExpressionTreesDotNet/ExpressiveExpressionTrees.Tests/bin/Debug/netcoreapp2.0/ExpressiveExpressionTrees.Tests.dll" adapterTypeName="executor://mstestadapter/v2" className="ExpressiveExpressionTrees.Tests.ExpressionGeneratorTests" name="Test003" /></UnitTest><UnitTest name="Test004" storage="/home/hannasm/expressiveexpressiontreesdotnet/expressiveexpressiontrees.tests/bin/debug/netcoreapp2.0/expressiveexpressiontrees.tests.dll" id="4d60196f-45f5-95b4-5635-d3a0e15064e5"><Execution id="39ad3943-3031-4acb-bcf8-d4d3c54c821f" /><TestMethod codeBase="/home/hannasm/ExpressiveExpressionTreesDotNet/ExpressiveExpressionTrees.Tests/bin/Debug/netcoreapp2.0/ExpressiveExpressionTrees.Tests.dll" adapterTypeName="executor://mstestadapter/v2" className="ExpressiveExpressionTrees.Tests.ExpressionVisitorTest.IndexerVisitorTests" name="Test004" /></UnitTest><UnitTest name="Test001" storage="/home/hannasm/expressiveexpressiontreesdotnet/expressiveexpressiontrees.tests/bin/debug/netcoreapp2.0/expressiveexpressiontrees.tests.dll" id="f00e0780-b9fb-d28c-ef62-b0c65cc56daa"><Execution id="7a02549f-8647-49d6-ac69-ae184c5e5fed" /><TestMethod codeBase="/home/hannasm/ExpressiveExpressionTreesDotNet/ExpressiveExpressionTrees.Tests/bin/Debug/netcoreapp2.0/ExpressiveExpressionTrees.Tests.dll" adapterTypeName="executor://mstestadapter/v2" className="ExpressiveExpressionTrees.Tests.ExpressionVisitorTest.MethodCallVisitorTests" name="Test001" /></UnitTest><UnitTest name="Test013" storage="/home/hannasm/expressiveexpressiontreesdotnet/expressiveexpressiontrees.tests/bin/debug/netcoreapp2.0/expressiveexpressiontrees.tests.dll" id="7fcb5bb6-1a78-233f-93d6-7236b677a282"><Execution id="2771cffe-38ab-40ca-b0d0-4269bf2307fd" /><TestMethod codeBase="/home/hannasm/ExpressiveExpressionTreesDotNet/ExpressiveExpressionTrees.Tests/bin/Debug/netcoreapp2.0/ExpressiveExpressionTrees.Tests.dll" adapterTypeName="executor://mstestadapter/v2" className="ExpressiveExpressionTrees.Tests.ExpressionComparerTests.NewExpressionComparerTests" name="Test013" /></UnitTest><UnitTest name="Test010" storage="/home/hannasm/expressiveexpressiontreesdotnet/expressiveexpressiontrees.tests/bin/debug/netcoreapp2.0/expressiveexpressiontrees.tests.dll" id="e162e254-e08f-96c9-0260-744d48a6ea44"><Execution id="79ac3fcb-8962-4a44-8985-d78fa2461373" /><TestMethod codeBase="/home/hannasm/ExpressiveExpressionTreesDotNet/ExpressiveExpressionTrees.Tests/bin/Debug/netcoreapp2.0/ExpressiveExpressionTrees.Tests.dll" adapterTypeName="executor://mstestadapter/v2" className="ExpressiveExpressionTrees.Tests.ExpressionHasherTests.NewExpressionHasherTests" name="Test010" /></UnitTest><UnitTest name="Test057" storage="/home/hannasm/expressiveexpressiontreesdotnet/expressiveexpressiontrees.tests/bin/debug/netcoreapp2.0/expressiveexpressiontrees.tests.dll" id="12699284-519e-2f9c-5a89-8d73275cc7a0"><Execution id="227fde2a-2d37-4c67-9469-76450e10dd2f" /><TestMethod codeBase="/home/hannasm/ExpressiveExpressionTreesDotNet/ExpressiveExpressionTrees.Tests/bin/Debug/netcoreapp2.0/ExpressiveExpressionTrees.Tests.dll" adapterTypeName="executor://mstestadapter/v2" className="ExpressiveExpressionTrees.Tests.ExpressionComparerTests.BindingsExpressionComparerTests" name="Test057" /></UnitTest><UnitTest name="Test054" storage="/home/hannasm/expressiveexpressiontreesdotnet/expressiveexpressiontrees.tests/bin/debug/netcoreapp2.0/expressiveexpressiontrees.tests.dll" id="480524ab-2bbc-1b43-1d46-0839b71500e6"><Execution id="03d7ba44-1dc7-460f-ba3c-e5d2a3058ea3" /><TestMethod codeBase="/home/hannasm/ExpressiveExpressionTreesDotNet/ExpressiveExpressionTrees.Tests/bin/Debug/netcoreapp2.0/ExpressiveExpressionTrees.Tests.dll" adapterTypeName="executor://mstestadapter/v2" className="ExpressiveExpressionTrees.Tests.ExpressionComparerTests.BindingsExpressionComparerTests" name="Test054" /></UnitTest><UnitTest name="Test018" storage="/home/hannasm/expressiveexpressiontreesdotnet/expressiveexpressiontrees.tests/bin/debug/netcoreapp2.0/expressiveexpressiontrees.tests.dll" id="901f98ec-afd5-dc61-3eec-b3c4f17e4fe9"><Execution id="7582f50d-a42e-402c-9a6c-47d712099ea7" /><TestMethod codeBase="/home/hannasm/ExpressiveExpressionTreesDotNet/ExpressiveExpressionTrees.Tests/bin/Debug/netcoreapp2.0/ExpressiveExpressionTrees.Tests.dll" adapterTypeName="executor://mstestadapter/v2" className="ExpressiveExpressionTrees.Tests.ExpressionHasherTests.NewArrayExpressionHasherTests" name="Test018" /></UnitTest><UnitTest name="Test002" storage="/home/hannasm/expressiveexpressiontreesdotnet/expressiveexpressiontrees.tests/bin/debug/netcoreapp2.0/expressiveexpressiontrees.tests.dll" id="c9398518-eda5-6b27-9b04-e680d6ea6682"><Execution id="0a1f3425-06b4-41c0-8617-b72c8335a9ee" /><TestMethod codeBase="/home/hannasm/ExpressiveExpressionTreesDotNet/ExpressiveExpressionTrees.Tests/bin/Debug/netcoreapp2.0/ExpressiveExpressionTrees.Tests.dll" adapterTypeName="executor://mstestadapter/v2" className="ExpressiveExpressionTrees.Tests.ExpressionComparerTests.NullExpressionComparerTests" name="Test002" /></UnitTest><UnitTest name="Test231" storage="/home/hannasm/expressiveexpressiontreesdotnet/expressiveexpressiontrees.tests/bin/debug/netcoreapp2.0/expressiveexpressiontrees.tests.dll" id="adce659f-64ab-e26c-2955-ddace29f5bbe"><Execution id="004c037b-ecbc-4fbb-877d-74e3cdb45506" /><TestMethod codeBase="/home/hannasm/ExpressiveExpressionTreesDotNet/ExpressiveExpressionTrees.Tests/bin/Debug/netcoreapp2.0/ExpressiveExpressionTrees.Tests.dll" adapterTypeName="executor://mstestadapter/v2" className="ExpressiveExpressionTrees.Tests.ExpressionVisitorTest.BinaryVisitorTests" name="Test231" /></UnitTest><UnitTest name="Test015" storage="/home/hannasm/expressiveexpressiontreesdotnet/expressiveexpressiontrees.tests/bin/debug/netcoreapp2.0/expressiveexpressiontrees.tests.dll" id="718bc922-dfe1-239a-4eec-190a3d1f0793"><Execution id="c288e03c-fb58-4757-b944-52cf0aba8d69" /><TestMethod codeBase="/home/hannasm/ExpressiveExpressionTreesDotNet/ExpressiveExpressionTrees.Tests/bin/Debug/netcoreapp2.0/ExpressiveExpressionTrees.Tests.dll" adapterTypeName="executor://mstestadapter/v2" className="ExpressiveExpressionTrees.Tests.ExpressionHasherTests.NewArrayExpressionHasherTests" name="Test015" /></UnitTest><UnitTest name="Test002" storage="/home/hannasm/expressiveexpressiontreesdotnet/expressiveexpressiontrees.tests/bin/debug/netcoreapp2.0/expressiveexpressiontrees.tests.dll" id="d636d374-9fc3-b195-29e4-535b8ed23c0d"><Execution id="695ffe08-948a-4a02-8c58-e07a7e2e62ec" /><TestMethod codeBase="/home/hannasm/ExpressiveExpressionTreesDotNet/ExpressiveExpressionTrees.Tests/bin/Debug/netcoreapp2.0/ExpressiveExpressionTrees.Tests.dll" adapterTypeName="executor://mstestadapter/v2" className="ExpressiveExpressionTrees.Tests.ExpressionGeneratorFromActionTests" name="Test002" /></UnitTest><UnitTest name="Test001" storage="/home/hannasm/expressiveexpressiontreesdotnet/expressiveexpressiontrees.tests/bin/debug/netcoreapp2.0/expressiveexpressiontrees.tests.dll" id="e060286d-bbdd-55e2-a6c0-21ea509b8ec7"><Execution id="f5d0a5a1-dd6d-421c-ad0a-51dcfe37425d" /><TestMethod codeBase="/home/hannasm/ExpressiveExpressionTreesDotNet/ExpressiveExpressionTrees.Tests/bin/Debug/netcoreapp2.0/ExpressiveExpressionTrees.Tests.dll" adapterTypeName="executor://mstestadapter/v2" className="ExpressiveExpressionTrees.Tests.ExpressionVisitorTest.BlockVisitorTests" name="Test001" /></UnitTest><UnitTest name="Test029" storage="/home/hannasm/expressiveexpressiontreesdotnet/expressiveexpressiontrees.tests/bin/debug/netcoreapp2.0/expressiveexpressiontrees.tests.dll" id="32074f28-d140-dffd-2959-63191617f70c"><Execution id="12bc1c97-40a3-4627-9d93-447cca10d55f" /><TestMethod codeBase="/home/hannasm/ExpressiveExpressionTreesDotNet/ExpressiveExpressionTrees.Tests/bin/Debug/netcoreapp2.0/ExpressiveExpressionTrees.Tests.dll" adapterTypeName="executor://mstestadapter/v2" className="ExpressiveExpressionTrees.Tests.ExpressionVisitorTest.UnaryVisitorTests" name="Test029" /></UnitTest><UnitTest name="Test027" storage="/home/hannasm/expressiveexpressiontreesdotnet/expressiveexpressiontrees.tests/bin/debug/netcoreapp2.0/expressiveexpressiontrees.tests.dll" id="827f7237-0c4b-2384-3042-ffc575214aa5"><Execution id="c405da29-c1da-4d5a-b653-f6f16bcbea78" /><TestMethod codeBase="/home/hannasm/ExpressiveExpressionTreesDotNet/ExpressiveExpressionTrees.Tests/bin/Debug/netcoreapp2.0/ExpressiveExpressionTrees.Tests.dll" adapterTypeName="executor://mstestadapter/v2" className="ExpressiveExpressionTrees.Tests.ExpressionComparerTests.NewExpressionComparerTests" name="Test027" /></UnitTest><UnitTest name="Test405" storage="/home/hannasm/expressiveexpressiontreesdotnet/expressiveexpressiontrees.tests/bin/debug/netcoreapp2.0/expressiveexpressiontrees.tests.dll" id="dc1c6b62-70dd-c082-7cec-8b96610859e9"><Execution id="987eba04-ef65-4d95-a0c8-fa1d9dba2b75" /><TestMethod codeBase="/home/hannasm/ExpressiveExpressionTreesDotNet/ExpressiveExpressionTrees.Tests/bin/Debug/netcoreapp2.0/ExpressiveExpressionTrees.Tests.dll" adapterTypeName="executor://mstestadapter/v2" className="ExpressiveExpressionTrees.Tests.ExpressionVisitorTest.BinaryVisitorTests" name="Test405" /></UnitTest><UnitTest name="Test055" storage="/home/hannasm/expressiveexpressiontreesdotnet/expressiveexpressiontrees.tests/bin/debug/netcoreapp2.0/expressiveexpressiontrees.tests.dll" id="4a204c68-fe85-134e-0e52-4c07f06de425"><Execution id="0dba01b3-0cdf-478c-a71b-34dad88a9f14" /><TestMethod codeBase="/home/hannasm/ExpressiveExpressionTreesDotNet/ExpressiveExpressionTrees.Tests/bin/Debug/netcoreapp2.0/ExpressiveExpressionTrees.Tests.dll" adapterTypeName="executor://mstestadapter/v2" className="ExpressiveExpressionTrees.Tests.ExpressionComparerTests.BindingsExpressionComparerTests" name="Test055" /></UnitTest><UnitTest name="Test004" storage="/home/hannasm/expressiveexpressiontreesdotnet/expressiveexpressiontrees.tests/bin/debug/netcoreapp2.0/expressiveexpressiontrees.tests.dll" id="6c7714a7-411c-94a6-0e37-8c679b35d959"><Execution id="81177d32-9f75-4752-9050-95f6a5238500" /><TestMethod codeBase="/home/hannasm/ExpressiveExpressionTreesDotNet/ExpressiveExpressionTrees.Tests/bin/Debug/netcoreapp2.0/ExpressiveExpressionTrees.Tests.dll" adapterTypeName="executor://mstestadapter/v2" className="ExpressiveExpressionTrees.Tests.ExpressionHasherTests.BinaryExpressionHasherTests" name="Test004" /></UnitTest><UnitTest name="Test011" storage="/home/hannasm/expressiveexpressiontreesdotnet/expressiveexpressiontrees.tests/bin/debug/netcoreapp2.0/expressiveexpressiontrees.tests.dll" id="21de8eca-4fa4-3602-73d8-bd7efedca06c"><Execution id="b11019ba-d496-473d-ac32-bfc0b01d6e4c" /><TestMethod codeBase="/home/hannasm/ExpressiveExpressionTreesDotNet/ExpressiveExpressionTrees.Tests/bin/Debug/netcoreapp2.0/ExpressiveExpressionTrees.Tests.dll" adapterTypeName="executor://mstestadapter/v2" className="ExpressiveExpressionTrees.Tests.ExpressionVisitorTest.ListInitVisitorTests" name="Test011" /></UnitTest><UnitTest name="Test053" storage="/home/hannasm/expressiveexpressiontreesdotnet/expressiveexpressiontrees.tests/bin/debug/netcoreapp2.0/expressiveexpressiontrees.tests.dll" id="d6a7d072-aa92-4364-156a-b64d92eb74ad"><Execution id="665c5c0a-d047-47af-9261-b1b5133e6feb" /><TestMethod codeBase="/home/hannasm/ExpressiveExpressionTreesDotNet/ExpressiveExpressionTrees.Tests/bin/Debug/netcoreapp2.0/ExpressiveExpressionTrees.Tests.dll" adapterTypeName="executor://mstestadapter/v2" className="ExpressiveExpressionTrees.Tests.ExpressionVisitorTest.NewVisitorTests" name="Test053" /></UnitTest><UnitTest name="Test009" storage="/home/hannasm/expressiveexpressiontreesdotnet/expressiveexpressiontrees.tests/bin/debug/netcoreapp2.0/expressiveexpressiontrees.tests.dll" id="68936bb9-3119-cc20-786c-63461a4f8a28"><Execution id="99e0df63-8fb1-4a54-b939-6f07d7155711" /><TestMethod codeBase="/home/hannasm/ExpressiveExpressionTreesDotNet/ExpressiveExpressionTrees.Tests/bin/Debug/netcoreapp2.0/ExpressiveExpressionTrees.Tests.dll" adapterTypeName="executor://mstestadapter/v2" className="ExpressiveExpressionTrees.Tests.ExpressionHasherTests.NewExpressionHasherTests" name="Test009" /></UnitTest><UnitTest name="Test019" storage="/home/hannasm/expressiveexpressiontreesdotnet/expressiveexpressiontrees.tests/bin/debug/netcoreapp2.0/expressiveexpressiontrees.tests.dll" id="9eb0fc04-8d86-220a-b23a-9b9a4677704a"><Execution id="4ba5db92-9370-4450-a214-bd6db8527f2a" /><TestMethod codeBase="/home/hannasm/ExpressiveExpressionTreesDotNet/ExpressiveExpressionTrees.Tests/bin/Debug/netcoreapp2.0/ExpressiveExpressionTrees.Tests.dll" adapterTypeName="executor://mstestadapter/v2" className="ExpressiveExpressionTrees.Tests.ExpressionGeneratorFromFuncTests" name="Test019" /></UnitTest><UnitTest name="Test034" storage="/home/hannasm/expressiveexpressiontreesdotnet/expressiveexpressiontrees.tests/bin/debug/netcoreapp2.0/expressiveexpressiontrees.tests.dll" id="f137d0b7-6939-25ec-7e39-3cdc461e1b4c"><Execution id="d366d3de-338d-4242-9735-66c48d11c632" /><TestMethod codeBase="/home/hannasm/ExpressiveExpressionTreesDotNet/ExpressiveExpressionTrees.Tests/bin/Debug/netcoreapp2.0/ExpressiveExpressionTrees.Tests.dll" adapterTypeName="executor://mstestadapter/v2" className="ExpressiveExpressionTrees.Tests.ExpressionGeneratorTests" name="Test034" /></UnitTest><UnitTest name="Test007" storage="/home/hannasm/expressiveexpressiontreesdotnet/expressiveexpressiontrees.tests/bin/debug/netcoreapp2.0/expressiveexpressiontrees.tests.dll" id="26cff81f-9334-f52a-af7e-e183167ef250"><Execution id="722b041f-3796-4d26-8f36-4e87044561d6" /><TestMethod codeBase="/home/hannasm/ExpressiveExpressionTreesDotNet/ExpressiveExpressionTrees.Tests/bin/Debug/netcoreapp2.0/ExpressiveExpressionTrees.Tests.dll" adapterTypeName="executor://mstestadapter/v2" className="ExpressiveExpressionTrees.Tests.ExpressionComparerTests.BinaryExpressionComparerTests" name="Test007" /></UnitTest><UnitTest name="Test017" storage="/home/hannasm/expressiveexpressiontreesdotnet/expressiveexpressiontrees.tests/bin/debug/netcoreapp2.0/expressiveexpressiontrees.tests.dll" id="217cdb3a-6de6-8bef-5db8-c242fe0fc3d9"><Execution id="983897b9-eaac-4a2d-b70a-6783afe53f1f" /><TestMethod codeBase="/home/hannasm/ExpressiveExpressionTreesDotNet/ExpressiveExpressionTrees.Tests/bin/Debug/netcoreapp2.0/ExpressiveExpressionTrees.Tests.dll" adapterTypeName="executor://mstestadapter/v2" className="ExpressiveExpressionTrees.Tests.ExpressionHasherTests.UnaryExpressionHasherTests" name="Test017" /></UnitTest><UnitTest name="Test003" storage="/home/hannasm/expressiveexpressiontreesdotnet/expressiveexpressiontrees.tests/bin/debug/netcoreapp2.0/expressiveexpressiontrees.tests.dll" id="fbc3138d-7336-dcac-61af-bc33ea2fd490"><Execution id="089fb695-9ef8-4433-aa86-d6c7f2a88ff4" /><TestMethod codeBase="/home/hannasm/ExpressiveExpressionTreesDotNet/ExpressiveExpressionTrees.Tests/bin/Debug/netcoreapp2.0/ExpressiveExpressionTrees.Tests.dll" adapterTypeName="executor://mstestadapter/v2" className="ExpressiveExpressionTrees.Tests.ExpressionVisitorTest.MethodCallVisitorTests" name="Test003" /></UnitTest><UnitTest name="Test005" storage="/home/hannasm/expressiveexpressiontreesdotnet/expressiveexpressiontrees.tests/bin/debug/netcoreapp2.0/expressiveexpressiontrees.tests.dll" id="33054fa7-6891-c405-e1b1-3c7421470c93"><Execution id="34507e87-2b61-42e0-8ab2-1114aa52590c" /><TestMethod codeBase="/home/hannasm/ExpressiveExpressionTreesDotNet/ExpressiveExpressionTrees.Tests/bin/Debug/netcoreapp2.0/ExpressiveExpressionTrees.Tests.dll" adapterTypeName="executor://mstestadapter/v2" className="ExpressiveExpressionTrees.Tests.ExpressionGeneratorTests" name="Test005" /></UnitTest><UnitTest name="Test001" storage="/home/hannasm/expressiveexpressiontreesdotnet/expressiveexpressiontrees.tests/bin/debug/netcoreapp2.0/expressiveexpressiontrees.tests.dll" id="93216174-eaa4-26fe-8c38-8aa39b0d4c1e"><Execution id="18b4bf4b-0343-48ad-89e7-424a6e70d152" /><TestMethod codeBase="/home/hannasm/ExpressiveExpressionTreesDotNet/ExpressiveExpressionTrees.Tests/bin/Debug/netcoreapp2.0/ExpressiveExpressionTrees.Tests.dll" adapterTypeName="executor://mstestadapter/v2" className="ExpressiveExpressionTrees.Tests.ExpressionHasherTests.LambdaExpressionHasherTests" name="Test001" /></UnitTest><UnitTest name="Test003" storage="/home/hannasm/expressiveexpressiontreesdotnet/expressiveexpressiontrees.tests/bin/debug/netcoreapp2.0/expressiveexpressiontrees.tests.dll" id="50499275-120f-947a-8496-829ba1faf874"><Execution id="51390915-8929-40a7-84e2-da612787cd9d" /><TestMethod codeBase="/home/hannasm/ExpressiveExpressionTreesDotNet/ExpressiveExpressionTrees.Tests/bin/Debug/netcoreapp2.0/ExpressiveExpressionTrees.Tests.dll" adapterTypeName="executor://mstestadapter/v2" className="ExpressiveExpressionTrees.Tests.ExpressionComparerTests.TypeBinaryExpressionComparerTests" name="Test003" /></UnitTest><UnitTest name="Test015" storage="/home/hannasm/expressiveexpressiontreesdotnet/expressiveexpressiontrees.tests/bin/debug/netcoreapp2.0/expressiveexpressiontrees.tests.dll" id="90c3ccb7-e4b1-46e4-fd89-fb4b6922a4d7"><Execution id="ba9afd32-541e-440f-84c7-2e33a2caa27a" /><TestMethod codeBase="/home/hannasm/ExpressiveExpressionTreesDotNet/ExpressiveExpressionTrees.Tests/bin/Debug/netcoreapp2.0/ExpressiveExpressionTrees.Tests.dll" adapterTypeName="executor://mstestadapter/v2" className="ExpressiveExpressionTrees.Tests.ExpressionComparerTests.MethodCallExpressionComparerTests" name="Test015" /></UnitTest><UnitTest name="Test036" storage="/home/hannasm/expressiveexpressiontreesdotnet/expressiveexpressiontrees.tests/bin/debug/netcoreapp2.0/expressiveexpressiontrees.tests.dll" id="7b4734a4-b223-bd07-399e-0e45df6eb0f0"><Execution id="d091c30a-dafb-4e10-ab20-1e1e9b3ee8f9" /><TestMethod codeBase="/home/hannasm/ExpressiveExpressionTreesDotNet/ExpressiveExpressionTrees.Tests/bin/Debug/netcoreapp2.0/ExpressiveExpressionTrees.Tests.dll" adapterTypeName="executor://mstestadapter/v2" className="ExpressiveExpressionTrees.Tests.ExpressionHasherTests.BindingsExpressionHasherTests" name="Test036" /></UnitTest><UnitTest name="Test004" storage="/home/hannasm/expressiveexpressiontreesdotnet/expressiveexpressiontrees.tests/bin/debug/netcoreapp2.0/expressiveexpressiontrees.tests.dll" id="ca27af7c-4afa-36c3-3eba-278e06ab4e11"><Execution id="bad65df2-4e6c-4341-94af-e9c5aa5c97ae" /><TestMethod codeBase="/home/hannasm/ExpressiveExpressionTreesDotNet/ExpressiveExpressionTrees.Tests/bin/Debug/netcoreapp2.0/ExpressiveExpressionTrees.Tests.dll" adapterTypeName="executor://mstestadapter/v2" className="ExpressiveExpressionTrees.Tests.ExpressionGeneratorMultiProjectTests" name="Test004" /></UnitTest><UnitTest name="Test013" storage="/home/hannasm/expressiveexpressiontreesdotnet/expressiveexpressiontrees.tests/bin/debug/netcoreapp2.0/expressiveexpressiontrees.tests.dll" id="ca15af0e-7fe5-1bda-9bb3-03d2110ccebb"><Execution id="41e568f9-e443-416a-88a0-42636b07bd65" /><TestMethod codeBase="/home/hannasm/ExpressiveExpressionTreesDotNet/ExpressiveExpressionTrees.Tests/bin/Debug/netcoreapp2.0/ExpressiveExpressionTrees.Tests.dll" adapterTypeName="executor://mstestadapter/v2" className="ExpressiveExpressionTrees.Tests.ExpressionComparerTests.MemberInitVisitorTests" name="Test013" /></UnitTest><UnitTest name="Test008" storage="/home/hannasm/expressiveexpressiontreesdotnet/expressiveexpressiontrees.tests/bin/debug/netcoreapp2.0/expressiveexpressiontrees.tests.dll" id="2dcc9ddc-f8db-3aa0-e784-0654f3501f2f"><Execution id="7b8a9e34-6209-459f-a8ba-1a78918d35a9" /><TestMethod codeBase="/home/hannasm/ExpressiveExpressionTreesDotNet/ExpressiveExpressionTrees.Tests/bin/Debug/netcoreapp2.0/ExpressiveExpressionTrees.Tests.dll" adapterTypeName="executor://mstestadapter/v2" className="ExpressiveExpressionTrees.Tests.ExpressionHasherTests.LambdaExpressionHasherTests" name="Test008" /></UnitTest><UnitTest name="Test004" storage="/home/hannasm/expressiveexpressiontreesdotnet/expressiveexpressiontrees.tests/bin/debug/netcoreapp2.0/expressiveexpressiontrees.tests.dll" id="d754e667-898c-7379-8e93-3e890fd11382"><Execution id="ec1fddec-7ca2-465e-bd08-37011ce61b18" /><TestMethod codeBase="/home/hannasm/ExpressiveExpressionTreesDotNet/ExpressiveExpressionTrees.Tests/bin/Debug/netcoreapp2.0/ExpressiveExpressionTrees.Tests.dll" adapterTypeName="executor://mstestadapter/v2" className="ExpressiveExpressionTrees.Tests.ExpressionHasherTests.NewExpressionHasherTests" name="Test004" /></UnitTest><UnitTest name="Test011" storage="/home/hannasm/expressiveexpressiontreesdotnet/expressiveexpressiontrees.tests/bin/debug/netcoreapp2.0/expressiveexpressiontrees.tests.dll" id="79f647a6-48fe-da51-98ea-c21432a928bc"><Execution id="a97fbe3c-2de6-44d6-a725-67ff864ddfb1" /><TestMethod codeBase="/home/hannasm/ExpressiveExpressionTreesDotNet/ExpressiveExpressionTrees.Tests/bin/Debug/netcoreapp2.0/ExpressiveExpressionTrees.Tests.dll" adapterTypeName="executor://mstestadapter/v2" className="ExpressiveExpressionTrees.Tests.ExpressionVisitorTest.UnaryVisitorTests" name="Test011" /></UnitTest><UnitTest name="Test308" storage="/home/hannasm/expressiveexpressiontreesdotnet/expressiveexpressiontrees.tests/bin/debug/netcoreapp2.0/expressiveexpressiontrees.tests.dll" id="953eb355-4ba6-687e-fc81-6201e7941e72"><Execution id="7f2c3f7f-0926-4479-80bf-22a59213cdc4" /><TestMethod codeBase="/home/hannasm/ExpressiveExpressionTreesDotNet/ExpressiveExpressionTrees.Tests/bin/Debug/netcoreapp2.0/ExpressiveExpressionTrees.Tests.dll" adapterTypeName="executor://mstestadapter/v2" className="ExpressiveExpressionTrees.Tests.ExpressionVisitorTest.BinaryVisitorTests" name="Test308" /></UnitTest><UnitTest name="Test032" storage="/home/hannasm/expressiveexpressiontreesdotnet/expressiveexpressiontrees.tests/bin/debug/netcoreapp2.0/expressiveexpressiontrees.tests.dll" id="92280596-4cb9-43f4-af23-356aa9aeda11"><Execution id="7694bf5c-4256-4d63-8b05-653f32b26a4e" /><TestMethod codeBase="/home/hannasm/ExpressiveExpressionTreesDotNet/ExpressiveExpressionTrees.Tests/bin/Debug/netcoreapp2.0/ExpressiveExpressionTrees.Tests.dll" adapterTypeName="executor://mstestadapter/v2" className="ExpressiveExpressionTrees.Tests.ExpressionVisitorTest.TryCatchVisitorTests" name="Test032" /></UnitTest><UnitTest name="Test003" storage="/home/hannasm/expressiveexpressiontreesdotnet/expressiveexpressiontrees.tests/bin/debug/netcoreapp2.0/expressiveexpressiontrees.tests.dll" id="1fc0dd17-970b-acc1-1b97-cd58c2c83e5c"><Execution id="5529c9bf-c9f5-488b-9c85-77c3f8ac1cf4" /><TestMethod codeBase="/home/hannasm/ExpressiveExpressionTreesDotNet/ExpressiveExpressionTrees.Tests/bin/Debug/netcoreapp2.0/ExpressiveExpressionTrees.Tests.dll" adapterTypeName="executor://mstestadapter/v2" className="ExpressiveExpressionTrees.Tests.ExpressionVisitorTest.ListInitVisitorTests" name="Test003" /></UnitTest><UnitTest name="Test010" storage="/home/hannasm/expressiveexpressiontreesdotnet/expressiveexpressiontrees.tests/bin/debug/netcoreapp2.0/expressiveexpressiontrees.tests.dll" id="9401b651-4509-b335-d8ad-f876b2aea970"><Execution id="b11af4f3-e8ec-4e37-91a9-7284af2ed58f" /><TestMethod codeBase="/home/hannasm/ExpressiveExpressionTreesDotNet/ExpressiveExpressionTrees.Tests/bin/Debug/netcoreapp2.0/ExpressiveExpressionTrees.Tests.dll" adapterTypeName="executor://mstestadapter/v2" className="ExpressiveExpressionTrees.Tests.ExpressionGeneratorTests" name="Test010" /></UnitTest><UnitTest name="Test013" storage="/home/hannasm/expressiveexpressiontreesdotnet/expressiveexpressiontrees.tests/bin/debug/netcoreapp2.0/expressiveexpressiontrees.tests.dll" id="e36e6339-ea75-b40e-411f-fc3e504e8ce3"><Execution id="5cba1c51-e503-4221-910e-c698b99f87cb" /><TestMethod codeBase="/home/hannasm/ExpressiveExpressionTreesDotNet/ExpressiveExpressionTrees.Tests/bin/Debug/netcoreapp2.0/ExpressiveExpressionTrees.Tests.dll" adapterTypeName="executor://mstestadapter/v2" className="ExpressiveExpressionTrees.Tests.ExpressionVisitorTest.ListInitVisitorTests" name="Test013" /></UnitTest><UnitTest name="Test013" storage="/home/hannasm/expressiveexpressiontreesdotnet/expressiveexpressiontrees.tests/bin/debug/netcoreapp2.0/expressiveexpressiontrees.tests.dll" id="829a3148-7a69-d61e-99d4-9dc10c9a04d2"><Execution id="73425ea2-8d9a-45fc-8e76-bc99d6d9c88d" /><TestMethod codeBase="/home/hannasm/ExpressiveExpressionTreesDotNet/ExpressiveExpressionTrees.Tests/bin/Debug/netcoreapp2.0/ExpressiveExpressionTrees.Tests.dll" adapterTypeName="executor://mstestadapter/v2" className="ExpressiveExpressionTrees.Tests.ExpressionComparerTests.MethodCallExpressionComparerTests" name="Test013" /></UnitTest><UnitTest name="Test042" storage="/home/hannasm/expressiveexpressiontreesdotnet/expressiveexpressiontrees.tests/bin/debug/netcoreapp2.0/expressiveexpressiontrees.tests.dll" id="11392951-6039-f063-1de3-90190e289616"><Execution id="3e41fae9-965c-4f00-958b-731cf9d89619" /><TestMethod codeBase="/home/hannasm/ExpressiveExpressionTreesDotNet/ExpressiveExpressionTrees.Tests/bin/Debug/netcoreapp2.0/ExpressiveExpressionTrees.Tests.dll" adapterTypeName="executor://mstestadapter/v2" className="ExpressiveExpressionTrees.Tests.ExpressionVisitorTest.NewVisitorTests" name="Test042" /></UnitTest><UnitTest name="Test008" storage="/home/hannasm/expressiveexpressiontreesdotnet/expressiveexpressiontrees.tests/bin/debug/netcoreapp2.0/expressiveexpressiontrees.tests.dll" id="fa064160-428d-8c1c-caa5-75cadbcbc04c"><Execution id="4ac050f5-0911-48d6-a043-ecf6f8a9cbef" /><TestMethod codeBase="/home/hannasm/ExpressiveExpressionTreesDotNet/ExpressiveExpressionTrees.Tests/bin/Debug/netcoreapp2.0/ExpressiveExpressionTrees.Tests.dll" adapterTypeName="executor://mstestadapter/v2" className="ExpressiveExpressionTrees.Tests.ExpressionGeneratorFromActionTests" name="Test008" /></UnitTest><UnitTest name="Test052" storage="/home/hannasm/expressiveexpressiontreesdotnet/expressiveexpressiontrees.tests/bin/debug/netcoreapp2.0/expressiveexpressiontrees.tests.dll" id="8cfae496-daa9-a4a0-b188-23856055644f"><Execution id="537b24fe-4004-4cdf-85d2-df00ea77eb07" /><TestMethod codeBase="/home/hannasm/ExpressiveExpressionTreesDotNet/ExpressiveExpressionTrees.Tests/bin/Debug/netcoreapp2.0/ExpressiveExpressionTrees.Tests.dll" adapterTypeName="executor://mstestadapter/v2" className="ExpressiveExpressionTrees.Tests.ExpressionGeneratorMakeBinaryTests" name="Test052" /></UnitTest><UnitTest name="Test009" storage="/home/hannasm/expressiveexpressiontreesdotnet/expressiveexpressiontrees.tests/bin/debug/netcoreapp2.0/expressiveexpressiontrees.tests.dll" id="fb425109-8484-ef37-9cc9-62d3d3c11191"><Execution id="730c2fef-30ed-4efd-ba23-e19e54d46de4" /><TestMethod codeBase="/home/hannasm/ExpressiveExpressionTreesDotNet/ExpressiveExpressionTrees.Tests/bin/Debug/netcoreapp2.0/ExpressiveExpressionTrees.Tests.dll" adapterTypeName="executor://mstestadapter/v2" className="ExpressiveExpressionTrees.Tests.ExpressionComparerTests.MethodCallExpressionComparerTests" name="Test009" /></UnitTest><UnitTest name="Test037" storage="/home/hannasm/expressiveexpressiontreesdotnet/expressiveexpressiontrees.tests/bin/debug/netcoreapp2.0/expressiveexpressiontrees.tests.dll" id="64e8a39d-570b-1c8a-c53e-857ada5d76aa"><Execution id="d8f4da7a-4a3d-4b23-b36c-ccd5c92a4f81" /><TestMethod codeBase="/home/hannasm/ExpressiveExpressionTreesDotNet/ExpressiveExpressionTrees.Tests/bin/Debug/netcoreapp2.0/ExpressiveExpressionTrees.Tests.dll" adapterTypeName="executor://mstestadapter/v2" className="ExpressiveExpressionTrees.Tests.ExpressionGeneratorTests" name="Test037" /></UnitTest><UnitTest name="Test029" storage="/home/hannasm/expressiveexpressiontreesdotnet/expressiveexpressiontrees.tests/bin/debug/netcoreapp2.0/expressiveexpressiontrees.tests.dll" id="96ae6fa3-a451-4655-f73c-8199bc7b748e"><Execution id="906f557a-849c-4ab0-80ab-9c760476e8c7" /><TestMethod codeBase="/home/hannasm/ExpressiveExpressionTreesDotNet/ExpressiveExpressionTrees.Tests/bin/Debug/netcoreapp2.0/ExpressiveExpressionTrees.Tests.dll" adapterTypeName="executor://mstestadapter/v2" className="ExpressiveExpressionTrees.Tests.ExpressionGeneratorFromFuncTests" name="Test029" /></UnitTest><UnitTest name="Test005" storage="/home/hannasm/expressiveexpressiontreesdotnet/expressiveexpressiontrees.tests/bin/debug/netcoreapp2.0/expressiveexpressiontrees.tests.dll" id="40fa0de4-89cd-8145-436a-b2b8b4b702c2"><Execution id="160c2d58-0ccf-4cd8-a18f-b109546ba93a" /><TestMethod codeBase="/home/hannasm/ExpressiveExpressionTreesDotNet/ExpressiveExpressionTrees.Tests/bin/Debug/netcoreapp2.0/ExpressiveExpressionTrees.Tests.dll" adapterTypeName="executor://mstestadapter/v2" className="ExpressiveExpressionTrees.Tests.ExpressionVisitorTest.NewVisitorTests" name="Test005" /></UnitTest><UnitTest name="Test007" storage="/home/hannasm/expressiveexpressiontreesdotnet/expressiveexpressiontrees.tests/bin/debug/netcoreapp2.0/expressiveexpressiontrees.tests.dll" id="7e283ac9-8e04-cb7e-0d65-6665c9bfde57"><Execution id="5e14e099-b549-4cbc-8c73-16c5c49acc3b" /><TestMethod codeBase="/home/hannasm/ExpressiveExpressionTreesDotNet/ExpressiveExpressionTrees.Tests/bin/Debug/netcoreapp2.0/ExpressiveExpressionTrees.Tests.dll" adapterTypeName="executor://mstestadapter/v2" className="ExpressiveExpressionTrees.Tests.ExpressionHasherTests.InvocationExpressionHasherTests" name="Test007" /></UnitTest><UnitTest name="Test019" storage="/home/hannasm/expressiveexpressiontreesdotnet/expressiveexpressiontrees.tests/bin/debug/netcoreapp2.0/expressiveexpressiontrees.tests.dll" id="8c1bdc51-0186-421e-39ac-eb0fa53e425f"><Execution id="910711a4-97fd-4068-a772-30b6053a8557" /><TestMethod codeBase="/home/hannasm/ExpressiveExpressionTreesDotNet/ExpressiveExpressionTrees.Tests/bin/Debug/netcoreapp2.0/ExpressiveExpressionTrees.Tests.dll" adapterTypeName="executor://mstestadapter/v2" className="ExpressiveExpressionTrees.Tests.ExpressionHasherTests.NewExpressionHasherTests" name="Test019" /></UnitTest><UnitTest name="Test030" storage="/home/hannasm/expressiveexpressiontreesdotnet/expressiveexpressiontrees.tests/bin/debug/netcoreapp2.0/expressiveexpressiontrees.tests.dll" id="c1a8c90a-1468-e4a6-55a2-048eafb48291"><Execution id="20f79865-22b0-4d6d-80dc-ce6cff1d9f2d" /><TestMethod codeBase="/home/hannasm/ExpressiveExpressionTreesDotNet/ExpressiveExpressionTrees.Tests/bin/Debug/netcoreapp2.0/ExpressiveExpressionTrees.Tests.dll" adapterTypeName="executor://mstestadapter/v2" className="ExpressiveExpressionTrees.Tests.ExpressionComparerTests.ListInitExpressionComparerTests" name="Test030" /></UnitTest><UnitTest name="Test014" storage="/home/hannasm/expressiveexpressiontreesdotnet/expressiveexpressiontrees.tests/bin/debug/netcoreapp2.0/expressiveexpressiontrees.tests.dll" id="ee3c89a1-6fc1-a51c-02fc-bb893d2e6303"><Execution id="2f9a68a4-2548-46a5-968b-0254239476a4" /><TestMethod codeBase="/home/hannasm/ExpressiveExpressionTreesDotNet/ExpressiveExpressionTrees.Tests/bin/Debug/netcoreapp2.0/ExpressiveExpressionTrees.Tests.dll" adapterTypeName="executor://mstestadapter/v2" className="ExpressiveExpressionTrees.Tests.ExpressionComparerTests.ListInitExpressionComparerTests" name="Test014" /></UnitTest><UnitTest name="Test033" storage="/home/hannasm/expressiveexpressiontreesdotnet/expressiveexpressiontrees.tests/bin/debug/netcoreapp2.0/expressiveexpressiontrees.tests.dll" id="c6a2d351-93f0-a69b-0f4a-7528b148e052"><Execution id="1aef97e0-6da5-48de-b1bc-6891ad069d7b" /><TestMethod codeBase="/home/hannasm/ExpressiveExpressionTreesDotNet/ExpressiveExpressionTrees.Tests/bin/Debug/netcoreapp2.0/ExpressiveExpressionTrees.Tests.dll" adapterTypeName="executor://mstestadapter/v2" className="ExpressiveExpressionTrees.Tests.ExpressionHasherTests.TryCatchExpressionHasherTests" name="Test033" /></UnitTest><UnitTest name="Test016" storage="/home/hannasm/expressiveexpressiontreesdotnet/expressiveexpressiontrees.tests/bin/debug/netcoreapp2.0/expressiveexpressiontrees.tests.dll" id="f16ca367-e336-3810-ad13-72e9106e047d"><Execution id="e24bce5f-b410-42d5-b3ad-f4765dd41fd4" /><TestMethod codeBase="/home/hannasm/ExpressiveExpressionTreesDotNet/ExpressiveExpressionTrees.Tests/bin/Debug/netcoreapp2.0/ExpressiveExpressionTrees.Tests.dll" adapterTypeName="executor://mstestadapter/v2" className="ExpressiveExpressionTrees.Tests.ExpressionVisitorTest.BinaryVisitorTests" name="Test016" /></UnitTest><UnitTest name="Test035" storage="/home/hannasm/expressiveexpressiontreesdotnet/expressiveexpressiontrees.tests/bin/debug/netcoreapp2.0/expressiveexpressiontrees.tests.dll" id="2d667deb-eeb7-2bca-75f6-85c80f9e3421"><Execution id="be9849c2-d273-42c8-be9f-3fafd871b75e" /><TestMethod codeBase="/home/hannasm/ExpressiveExpressionTreesDotNet/ExpressiveExpressionTrees.Tests/bin/Debug/netcoreapp2.0/ExpressiveExpressionTrees.Tests.dll" adapterTypeName="executor://mstestadapter/v2" className="ExpressiveExpressionTrees.Tests.ExpressionHasherTests.BindingsExpressionHasherTests" name="Test035" /></UnitTest><UnitTest name="Test001" storage="/home/hannasm/expressiveexpressiontreesdotnet/expressiveexpressiontrees.tests/bin/debug/netcoreapp2.0/expressiveexpressiontrees.tests.dll" id="bc19bde6-10e5-8f5a-81c3-7415fad0fbe1"><Execution id="77d1c711-704e-4c5a-b65d-5c0fc835bab1" /><TestMethod codeBase="/home/hannasm/ExpressiveExpressionTreesDotNet/ExpressiveExpressionTrees.Tests/bin/Debug/netcoreapp2.0/ExpressiveExpressionTrees.Tests.dll" adapterTypeName="executor://mstestadapter/v2" className="ExpressiveExpressionTrees.Tests.ExpressionComparerTests.InvocationExpressionComparerTests" name="Test001" /></UnitTest><UnitTest name="Test009" storage="/home/hannasm/expressiveexpressiontreesdotnet/expressiveexpressiontrees.tests/bin/debug/netcoreapp2.0/expressiveexpressiontrees.tests.dll" id="b5695f10-c432-faad-ad2b-a8648aa71f59"><Execution id="3a55b8b8-1894-4952-8dc4-b1794bf8d3bd" /><TestMethod codeBase="/home/hannasm/ExpressiveExpressionTreesDotNet/ExpressiveExpressionTrees.Tests/bin/Debug/netcoreapp2.0/ExpressiveExpressionTrees.Tests.dll" adapterTypeName="executor://mstestadapter/v2" className="ExpressiveExpressionTrees.Tests.ExpressionComparerTests.NewArrayExpressionComparerTests" name="Test009" /></UnitTest><UnitTest name="Test024" storage="/home/hannasm/expressiveexpressiontreesdotnet/expressiveexpressiontrees.tests/bin/debug/netcoreapp2.0/expressiveexpressiontrees.tests.dll" id="f6a01553-561a-0488-85a3-b5b8663a3661"><Execution id="b545ee44-4f9a-446e-8fb0-d40d6146e2d3" /><TestMethod codeBase="/home/hannasm/ExpressiveExpressionTreesDotNet/ExpressiveExpressionTrees.Tests/bin/Debug/netcoreapp2.0/ExpressiveExpressionTrees.Tests.dll" adapterTypeName="executor://mstestadapter/v2" className="ExpressiveExpressionTrees.Tests.ExpressionGeneratorFromFuncTests" name="Test024" /></UnitTest><UnitTest name="Test014" storage="/home/hannasm/expressiveexpressiontreesdotnet/expressiveexpressiontrees.tests/bin/debug/netcoreapp2.0/expressiveexpressiontrees.tests.dll" id="940faf25-3a93-d001-1b74-133ed985f95c"><Execution id="050568f0-3545-44ae-af23-5f81b45719ff" /><TestMethod codeBase="/home/hannasm/ExpressiveExpressionTreesDotNet/ExpressiveExpressionTrees.Tests/bin/Debug/netcoreapp2.0/ExpressiveExpressionTrees.Tests.dll" adapterTypeName="executor://mstestadapter/v2" className="ExpressiveExpressionTrees.Tests.ExpressionComparerTests.BindingsExpressionComparerTests" name="Test014" /></UnitTest><UnitTest name="Test002" storage="/home/hannasm/expressiveexpressiontreesdotnet/expressiveexpressiontrees.tests/bin/debug/netcoreapp2.0/expressiveexpressiontrees.tests.dll" id="8053a371-a558-9405-0ba8-de80abdb0738"><Execution id="e6d2fcc7-43c8-4d85-8582-b586b885f835" /><TestMethod codeBase="/home/hannasm/ExpressiveExpressionTreesDotNet/ExpressiveExpressionTrees.Tests/bin/Debug/netcoreapp2.0/ExpressiveExpressionTrees.Tests.dll" adapterTypeName="executor://mstestadapter/v2" className="ExpressiveExpressionTrees.Tests.ExpressionVisitorTest.IndexerVisitorTests" name="Test002" /></UnitTest><UnitTest name="Test236" storage="/home/hannasm/expressiveexpressiontreesdotnet/expressiveexpressiontrees.tests/bin/debug/netcoreapp2.0/expressiveexpressiontrees.tests.dll" id="7cd1bdcd-d9f0-84b1-eef2-9088ad913ea4"><Execution id="e220fc25-d9eb-4965-a9ba-08daf6885ba3" /><TestMethod codeBase="/home/hannasm/ExpressiveExpressionTreesDotNet/ExpressiveExpressionTrees.Tests/bin/Debug/netcoreapp2.0/ExpressiveExpressionTrees.Tests.dll" adapterTypeName="executor://mstestadapter/v2" className="ExpressiveExpressionTrees.Tests.ExpressionVisitorTest.BinaryVisitorTests" name="Test236" /></UnitTest><UnitTest name="Test009" storage="/home/hannasm/expressiveexpressiontreesdotnet/expressiveexpressiontrees.tests/bin/debug/netcoreapp2.0/expressiveexpressiontrees.tests.dll" id="f183ac6b-f2de-afb2-9ee5-f2daff2da709"><Execution id="09a6849a-fd94-46cd-baa7-51bde5e924d6" /><TestMethod codeBase="/home/hannasm/ExpressiveExpressionTreesDotNet/ExpressiveExpressionTrees.Tests/bin/Debug/netcoreapp2.0/ExpressiveExpressionTrees.Tests.dll" adapterTypeName="executor://mstestadapter/v2" className="ExpressiveExpressionTrees.Tests.ExpressionHasherTests.BinaryExpressionHasherTests" name="Test009" /></UnitTest><UnitTest name="Test007" storage="/home/hannasm/expressiveexpressiontreesdotnet/expressiveexpressiontrees.tests/bin/debug/netcoreapp2.0/expressiveexpressiontrees.tests.dll" id="8048e3de-75c7-8e83-6945-25e1a63e78b5"><Execution id="7978e405-c3f8-4ce7-a4ca-af56061287c9" /><TestMethod codeBase="/home/hannasm/ExpressiveExpressionTreesDotNet/ExpressiveExpressionTrees.Tests/bin/Debug/netcoreapp2.0/ExpressiveExpressionTrees.Tests.dll" adapterTypeName="executor://mstestadapter/v2" className="ExpressiveExpressionTrees.Tests.ExpressionVisitorTest.NewArrayVisitorTests" name="Test007" /></UnitTest><UnitTest name="Test003" storage="/home/hannasm/expressiveexpressiontreesdotnet/expressiveexpressiontrees.tests/bin/debug/netcoreapp2.0/expressiveexpressiontrees.tests.dll" id="52ba6b2b-938f-fdd1-0e6b-6af584b3b4bd"><Execution id="98caae09-b067-45e4-96b4-bba5ab849103" /><TestMethod codeBase="/home/hannasm/ExpressiveExpressionTreesDotNet/ExpressiveExpressionTrees.Tests/bin/Debug/netcoreapp2.0/ExpressiveExpressionTrees.Tests.dll" adapterTypeName="executor://mstestadapter/v2" className="ExpressiveExpressionTrees.Tests.ExpressionVisitorTest.TryCatchVisitorTests" name="Test003" /></UnitTest><UnitTest name="Test004" storage="/home/hannasm/expressiveexpressiontreesdotnet/expressiveexpressiontrees.tests/bin/debug/netcoreapp2.0/expressiveexpressiontrees.tests.dll" id="52680d49-f47a-98ae-e125-583891d24299"><Execution id="e5e663a6-1049-49ca-9398-0bbf6684b88a" /><TestMethod codeBase="/home/hannasm/ExpressiveExpressionTreesDotNet/ExpressiveExpressionTrees.Tests/bin/Debug/netcoreapp2.0/ExpressiveExpressionTrees.Tests.dll" adapterTypeName="executor://mstestadapter/v2" className="ExpressiveExpressionTrees.Tests.ExpressionComparerTests.TypeBinaryExpressionComparerTests" name="Test004" /></UnitTest><UnitTest name="Test011" storage="/home/hannasm/expressiveexpressiontreesdotnet/expressiveexpressiontrees.tests/bin/debug/netcoreapp2.0/expressiveexpressiontrees.tests.dll" id="4f09db5c-daeb-2130-7eb7-bff84b3cf50b"><Execution id="b6030820-26bc-4ca6-976c-6735f9ee880a" /><TestMethod codeBase="/home/hannasm/ExpressiveExpressionTreesDotNet/ExpressiveExpressionTrees.Tests/bin/Debug/netcoreapp2.0/ExpressiveExpressionTrees.Tests.dll" adapterTypeName="executor://mstestadapter/v2" className="ExpressiveExpressionTrees.Tests.ExpressionComparerTests.NewExpressionComparerTests" name="Test011" /></UnitTest><UnitTest name="Test012" storage="/home/hannasm/expressiveexpressiontreesdotnet/expressiveexpressiontrees.tests/bin/debug/netcoreapp2.0/expressiveexpressiontrees.tests.dll" id="c0d19a73-f8b1-a426-ffa9-4239073ca1f2"><Execution id="44987483-9607-45cb-bf68-f4b725566382" /><TestMethod codeBase="/home/hannasm/ExpressiveExpressionTreesDotNet/ExpressiveExpressionTrees.Tests/bin/Debug/netcoreapp2.0/ExpressiveExpressionTrees.Tests.dll" adapterTypeName="executor://mstestadapter/v2" className="ExpressiveExpressionTrees.Tests.ExpressionHasherTests.NewArrayExpressionHasherTests" name="Test012" /></UnitTest><UnitTest name="Test001" storage="/home/hannasm/expressiveexpressiontreesdotnet/expressiveexpressiontrees.tests/bin/debug/netcoreapp2.0/expressiveexpressiontrees.tests.dll" id="8b61b251-f27c-7495-1d31-7c0fc14df3e9"><Execution id="8e41618e-d2a3-4831-9c7c-94edadecb9a9" /><TestMethod codeBase="/home/hannasm/ExpressiveExpressionTreesDotNet/ExpressiveExpressionTrees.Tests/bin/Debug/netcoreapp2.0/ExpressiveExpressionTrees.Tests.dll" adapterTypeName="executor://mstestadapter/v2" className="ExpressiveExpressionTrees.Tests.ExpressionVisitorTest.LambdaVisitorTests" name="Test001" /></UnitTest><UnitTest name="Test003" storage="/home/hannasm/expressiveexpressiontreesdotnet/expressiveexpressiontrees.tests/bin/debug/netcoreapp2.0/expressiveexpressiontrees.tests.dll" id="da4d9c1f-1c25-322f-991a-856ea9d31bd3"><Execution id="ca03cb90-232f-4d3f-9604-538bdd4fe3c4" /><TestMethod codeBase="/home/hannasm/ExpressiveExpressionTreesDotNet/ExpressiveExpressionTrees.Tests/bin/Debug/netcoreapp2.0/ExpressiveExpressionTrees.Tests.dll" adapterTypeName="executor://mstestadapter/v2" className="ExpressiveExpressionTrees.Tests.ExpressionVisitorTest.UnaryVisitorTests" name="Test003" /></UnitTest><UnitTest name="Test038" storage="/home/hannasm/expressiveexpressiontreesdotnet/expressiveexpressiontrees.tests/bin/debug/netcoreapp2.0/expressiveexpressiontrees.tests.dll" id="14027791-9908-3bed-bb6b-0238ff4e9e86"><Execution id="78f64795-810b-409e-b770-ca8d9f836820" /><TestMethod codeBase="/home/hannasm/ExpressiveExpressionTreesDotNet/ExpressiveExpressionTrees.Tests/bin/Debug/netcoreapp2.0/ExpressiveExpressionTrees.Tests.dll" adapterTypeName="executor://mstestadapter/v2" className="ExpressiveExpressionTrees.Tests.ExpressionComparerTests.BindingsExpressionComparerTests" name="Test038" /></UnitTest><UnitTest name="Test009" storage="/home/hannasm/expressiveexpressiontreesdotnet/expressiveexpressiontrees.tests/bin/debug/netcoreapp2.0/expressiveexpressiontrees.tests.dll" id="f8f45ba2-de50-38ff-7b00-e4f100753955"><Execution id="910a5526-4838-4ef5-9982-58795ef1628f" /><TestMethod codeBase="/home/hannasm/ExpressiveExpressionTreesDotNet/ExpressiveExpressionTrees.Tests/bin/Debug/netcoreapp2.0/ExpressiveExpressionTrees.Tests.dll" adapterTypeName="executor://mstestadapter/v2" className="ExpressiveExpressionTrees.Tests.ExpressionComparerTests.UnaryExpressionComparerTests" name="Test009" /></UnitTest><UnitTest name="Test007" storage="/home/hannasm/expressiveexpressiontreesdotnet/expressiveexpressiontrees.tests/bin/debug/netcoreapp2.0/expressiveexpressiontrees.tests.dll" id="02c5641b-b822-4b65-8a2b-5d6c71cf0c30"><Execution id="89aaa1b1-8685-448b-a2c6-4cdeb3d21db6" /><TestMethod codeBase="/home/hannasm/ExpressiveExpressionTreesDotNet/ExpressiveExpressionTrees.Tests/bin/Debug/netcoreapp2.0/ExpressiveExpressionTrees.Tests.dll" adapterTypeName="executor://mstestadapter/v2" className="ExpressiveExpressionTrees.Tests.ExpressionGeneratorTests" name="Test007" /></UnitTest><UnitTest name="Test028" storage="/home/hannasm/expressiveexpressiontreesdotnet/expressiveexpressiontrees.tests/bin/debug/netcoreapp2.0/expressiveexpressiontrees.tests.dll" id="f7487d98-deee-db45-9fab-890a2ea59153"><Execution id="5456bb1f-fd48-4c48-8235-95568423a94f" /><TestMethod codeBase="/home/hannasm/ExpressiveExpressionTreesDotNet/ExpressiveExpressionTrees.Tests/bin/Debug/netcoreapp2.0/ExpressiveExpressionTrees.Tests.dll" adapterTypeName="executor://mstestadapter/v2" className="ExpressiveExpressionTrees.Tests.ExpressionGeneratorFromActionTests" name="Test028" /></UnitTest><UnitTest name="Test050" storage="/home/hannasm/expressiveexpressiontreesdotnet/expressiveexpressiontrees.tests/bin/debug/netcoreapp2.0/expressiveexpressiontrees.tests.dll" id="7fac979d-9a25-5e41-3ff9-b7c181d66ef8"><Execution id="9b1266ec-184f-4052-8081-3b9f08cb6b6d" /><TestMethod codeBase="/home/hannasm/ExpressiveExpressionTreesDotNet/ExpressiveExpressionTrees.Tests/bin/Debug/netcoreapp2.0/ExpressiveExpressionTrees.Tests.dll" adapterTypeName="executor://mstestadapter/v2" className="ExpressiveExpressionTrees.Tests.ExpressionHasherTests.BindingsExpressionHasherTests" name="Test050" /></UnitTest><UnitTest name="Test002" storage="/home/hannasm/expressiveexpressiontreesdotnet/expressiveexpressiontrees.tests/bin/debug/netcoreapp2.0/expressiveexpressiontrees.tests.dll" id="683ed8c6-1bf6-12b3-e22f-4c1a965303a0"><Execution id="dc4fe635-65f3-4b35-82ff-315e5935689c" /><TestMethod codeBase="/home/hannasm/ExpressiveExpressionTreesDotNet/ExpressiveExpressionTrees.Tests/bin/Debug/netcoreapp2.0/ExpressiveExpressionTrees.Tests.dll" adapterTypeName="executor://mstestadapter/v2" className="ExpressiveExpressionTrees.Tests.ExpressionComparerTests.TryCatchExpressionComparerTests" name="Test002" /></UnitTest><UnitTest name="Test002" storage="/home/hannasm/expressiveexpressiontreesdotnet/expressiveexpressiontrees.tests/bin/debug/netcoreapp2.0/expressiveexpressiontrees.tests.dll" id="f0e06a50-7b9b-b9b3-be37-276991e7f6ca"><Execution id="aeff85db-7875-44f9-bfec-4b84265ceb78" /><TestMethod codeBase="/home/hannasm/ExpressiveExpressionTreesDotNet/ExpressiveExpressionTrees.Tests/bin/Debug/netcoreapp2.0/ExpressiveExpressionTrees.Tests.dll" adapterTypeName="executor://mstestadapter/v2" className="ExpressiveExpressionTrees.Tests.ExpressionComparerTests.MemberAccessExpressionComparerTests" name="Test002" /></UnitTest><UnitTest name="Test013" storage="/home/hannasm/expressiveexpressiontreesdotnet/expressiveexpressiontrees.tests/bin/debug/netcoreapp2.0/expressiveexpressiontrees.tests.dll" id="2d36f8f6-a45e-df31-fdd8-49620a5dc267"><Execution id="46f39b7d-e772-438d-bd44-2ca45e1ea350" /><TestMethod codeBase="/home/hannasm/ExpressiveExpressionTreesDotNet/ExpressiveExpressionTrees.Tests/bin/Debug/netcoreapp2.0/ExpressiveExpressionTrees.Tests.dll" adapterTypeName="executor://mstestadapter/v2" className="ExpressiveExpressionTrees.Tests.ExpressionHasherTests.BindingsExpressionHasherTests" name="Test013" /></UnitTest><UnitTest name="Test016" storage="/home/hannasm/expressiveexpressiontreesdotnet/expressiveexpressiontrees.tests/bin/debug/netcoreapp2.0/expressiveexpressiontrees.tests.dll" id="bf6e5f6d-d0c7-41b0-a057-9d455b97ef2d"><Execution id="1f09cd4a-94c5-4657-b044-d234047ad514" /><TestMethod codeBase="/home/hannasm/ExpressiveExpressionTreesDotNet/ExpressiveExpressionTrees.Tests/bin/Debug/netcoreapp2.0/ExpressiveExpressionTrees.Tests.dll" adapterTypeName="executor://mstestadapter/v2" className="ExpressiveExpressionTrees.Tests.ExpressionVisitorTest.ListInitVisitorTests" name="Test016" /></UnitTest><UnitTest name="Test013" storage="/home/hannasm/expressiveexpressiontreesdotnet/expressiveexpressiontrees.tests/bin/debug/netcoreapp2.0/expressiveexpressiontrees.tests.dll" id="e7356ed8-b040-5e40-ec3b-59f045e47af3"><Execution id="0420c1b3-7a71-4159-9d77-fb14f21ec46a" /><TestMethod codeBase="/home/hannasm/ExpressiveExpressionTreesDotNet/ExpressiveExpressionTrees.Tests/bin/Debug/netcoreapp2.0/ExpressiveExpressionTrees.Tests.dll" adapterTypeName="executor://mstestadapter/v2" className="ExpressiveExpressionTrees.Tests.ExpressionComparerTests.BinaryExpressionComparerTests" name="Test013" /></UnitTest><UnitTest name="Test014" storage="/home/hannasm/expressiveexpressiontreesdotnet/expressiveexpressiontrees.tests/bin/debug/netcoreapp2.0/expressiveexpressiontrees.tests.dll" id="40667dcb-b399-ddf3-d34f-53f0f8c0f51c"><Execution id="5904ba80-30ec-40e5-9f09-e3395ba9a13e" /><TestMethod codeBase="/home/hannasm/ExpressiveExpressionTreesDotNet/ExpressiveExpressionTrees.Tests/bin/Debug/netcoreapp2.0/ExpressiveExpressionTrees.Tests.dll" adapterTypeName="executor://mstestadapter/v2" className="ExpressiveExpressionTrees.Tests.ExpressionVisitorTest.NewVisitorTests" name="Test014" /></UnitTest><UnitTest name="Test010" storage="/home/hannasm/expressiveexpressiontreesdotnet/expressiveexpressiontrees.tests/bin/debug/netcoreapp2.0/expressiveexpressiontrees.tests.dll" id="a8752091-5031-5495-2c47-15fbae7047c3"><Execution id="38d834b3-a706-4ee8-ba10-2bcc28e114fe" /><TestMethod codeBase="/home/hannasm/ExpressiveExpressionTreesDotNet/ExpressiveExpressionTrees.Tests/bin/Debug/netcoreapp2.0/ExpressiveExpressionTrees.Tests.dll" adapterTypeName="executor://mstestadapter/v2" className="ExpressiveExpressionTrees.Tests.ExpressionComparerTests.MethodCallExpressionComparerTests" name="Test010" /></UnitTest><UnitTest name="Test004" storage="/home/hannasm/expressiveexpressiontreesdotnet/expressiveexpressiontrees.tests/bin/debug/netcoreapp2.0/expressiveexpressiontrees.tests.dll" id="a8187878-030c-90d9-f4f7-a5ecfc08480a"><Execution id="7715a781-f6c1-4ac7-9aa0-5a331981ed32" /><TestMethod codeBase="/home/hannasm/ExpressiveExpressionTreesDotNet/ExpressiveExpressionTrees.Tests/bin/Debug/netcoreapp2.0/ExpressiveExpressionTrees.Tests.dll" adapterTypeName="executor://mstestadapter/v2" className="ExpressiveExpressionTrees.Tests.ExpressionComparerTests.InvocationExpressionComparerTests" name="Test004" /></UnitTest><UnitTest name="Test009" storage="/home/hannasm/expressiveexpressiontreesdotnet/expressiveexpressiontrees.tests/bin/debug/netcoreapp2.0/expressiveexpressiontrees.tests.dll" id="9700c6e9-953e-a94e-6746-bf6adeea4d49"><Execution id="4721121f-5c76-462c-9a8e-81c3cc613a57" /><TestMethod codeBase="/home/hannasm/ExpressiveExpressionTreesDotNet/ExpressiveExpressionTrees.Tests/bin/Debug/netcoreapp2.0/ExpressiveExpressionTrees.Tests.dll" adapterTypeName="executor://mstestadapter/v2" className="ExpressiveExpressionTrees.Tests.ExpressionComparerTests.MemberInitVisitorTests" name="Test009" /></UnitTest><UnitTest name="Test138" storage="/home/hannasm/expressiveexpressiontreesdotnet/expressiveexpressiontrees.tests/bin/debug/netcoreapp2.0/expressiveexpressiontrees.tests.dll" id="a336e605-6e48-472d-18b6-b899d18820de"><Execution id="499f6ea3-a510-44bd-b663-0d67dc096db2" /><TestMethod codeBase="/home/hannasm/ExpressiveExpressionTreesDotNet/ExpressiveExpressionTrees.Tests/bin/Debug/netcoreapp2.0/ExpressiveExpressionTrees.Tests.dll" adapterTypeName="executor://mstestadapter/v2" className="ExpressiveExpressionTrees.Tests.ExpressionVisitorTest.BinaryVisitorTests" name="Test138" /></UnitTest><UnitTest name="Test020" storage="/home/hannasm/expressiveexpressiontreesdotnet/expressiveexpressiontrees.tests/bin/debug/netcoreapp2.0/expressiveexpressiontrees.tests.dll" id="4d4e9f02-b53b-bf06-72e3-1f6612fff681"><Execution id="000c0f50-7d76-40eb-859b-b4a11ce2af69" /><TestMethod codeBase="/home/hannasm/ExpressiveExpressionTreesDotNet/ExpressiveExpressionTrees.Tests/bin/Debug/netcoreapp2.0/ExpressiveExpressionTrees.Tests.dll" adapterTypeName="executor://mstestadapter/v2" className="ExpressiveExpressionTrees.Tests.ExpressionComparerTests.BindingsExpressionComparerTests" name="Test020" /></UnitTest><UnitTest name="Test004" storage="/home/hannasm/expressiveexpressiontreesdotnet/expressiveexpressiontrees.tests/bin/debug/netcoreapp2.0/expressiveexpressiontrees.tests.dll" id="aae7496d-55a1-25f6-c39a-45534c13e5d6"><Execution id="4efc28a4-031a-4041-9254-d17d703113eb" /><TestMethod codeBase="/home/hannasm/ExpressiveExpressionTreesDotNet/ExpressiveExpressionTrees.Tests/bin/Debug/netcoreapp2.0/ExpressiveExpressionTrees.Tests.dll" adapterTypeName="executor://mstestadapter/v2" className="ExpressiveExpressionTrees.Tests.ExpressionFinderTests" name="Test004" /></UnitTest><UnitTest name="Test026" storage="/home/hannasm/expressiveexpressiontreesdotnet/expressiveexpressiontrees.tests/bin/debug/netcoreapp2.0/expressiveexpressiontrees.tests.dll" id="58c5ef25-05d5-9e21-87dc-6bfa11919a84"><Execution id="e52c1a56-7e6d-47e6-9cec-0c162d6aede6" /><TestMethod codeBase="/home/hannasm/ExpressiveExpressionTreesDotNet/ExpressiveExpressionTrees.Tests/bin/Debug/netcoreapp2.0/ExpressiveExpressionTrees.Tests.dll" adapterTypeName="executor://mstestadapter/v2" className="ExpressiveExpressionTrees.Tests.ExpressionVisitorTest.UnaryVisitorTests" name="Test026" /></UnitTest><UnitTest name="Test034" storage="/home/hannasm/expressiveexpressiontreesdotnet/expressiveexpressiontrees.tests/bin/debug/netcoreapp2.0/expressiveexpressiontrees.tests.dll" id="e3693124-8704-58ad-13d0-1a311c48d2e9"><Execution id="56012ace-4f79-4bab-a848-9e755dae3518" /><TestMethod codeBase="/home/hannasm/ExpressiveExpressionTreesDotNet/ExpressiveExpressionTrees.Tests/bin/Debug/netcoreapp2.0/ExpressiveExpressionTrees.Tests.dll" adapterTypeName="executor://mstestadapter/v2" className="ExpressiveExpressionTrees.Tests.ExpressionVisitorTest.UnaryVisitorTests" name="Test034" /></UnitTest><UnitTest name="Test018" storage="/home/hannasm/expressiveexpressiontreesdotnet/expressiveexpressiontrees.tests/bin/debug/netcoreapp2.0/expressiveexpressiontrees.tests.dll" id="e1eca94c-3771-d05d-a25b-1786c81d19d8"><Execution id="5462f87a-91f0-4211-82d0-2edf7fb802e3" /><TestMethod codeBase="/home/hannasm/ExpressiveExpressionTreesDotNet/ExpressiveExpressionTrees.Tests/bin/Debug/netcoreapp2.0/ExpressiveExpressionTrees.Tests.dll" adapterTypeName="executor://mstestadapter/v2" className="ExpressiveExpressionTrees.Tests.ExpressionVisitorTest.InvokeVisitorTests" name="Test018" /></UnitTest><UnitTest name="Test019" storage="/home/hannasm/expressiveexpressiontreesdotnet/expressiveexpressiontrees.tests/bin/debug/netcoreapp2.0/expressiveexpressiontrees.tests.dll" id="a9238744-31ac-ebb6-1e09-3343d3447bef"><Execution id="581c1e9f-5c16-4b68-bc3f-45323d1d7599" /><TestMethod codeBase="/home/hannasm/ExpressiveExpressionTreesDotNet/ExpressiveExpressionTrees.Tests/bin/Debug/netcoreapp2.0/ExpressiveExpressionTrees.Tests.dll" adapterTypeName="executor://mstestadapter/v2" className="ExpressiveExpressionTrees.Tests.ExpressionHasherTests.BinaryExpressionHasherTests" name="Test019" /></UnitTest><UnitTest name="Test003" storage="/home/hannasm/expressiveexpressiontreesdotnet/expressiveexpressiontrees.tests/bin/debug/netcoreapp2.0/expressiveexpressiontrees.tests.dll" id="af75e3d8-68de-8f64-7e6f-40a7b2f81ca9"><Execution id="3f6b1200-746d-4d78-9c4f-ce922dc7334d" /><TestMethod codeBase="/home/hannasm/ExpressiveExpressionTreesDotNet/ExpressiveExpressionTrees.Tests/bin/Debug/netcoreapp2.0/ExpressiveExpressionTrees.Tests.dll" adapterTypeName="executor://mstestadapter/v2" className="ExpressiveExpressionTrees.Tests.ExpressionHasherTests.TryCatchExpressionHasherTests" name="Test003" /></UnitTest><UnitTest name="Test010" storage="/home/hannasm/expressiveexpressiontreesdotnet/expressiveexpressiontrees.tests/bin/debug/netcoreapp2.0/expressiveexpressiontrees.tests.dll" id="ae8f6b72-baee-c942-77aa-c84948c513f1"><Execution id="01f1d137-2ec2-4fe0-b367-86c4fff40fbc" /><TestMethod codeBase="/home/hannasm/ExpressiveExpressionTreesDotNet/ExpressiveExpressionTrees.Tests/bin/Debug/netcoreapp2.0/ExpressiveExpressionTrees.Tests.dll" adapterTypeName="executor://mstestadapter/v2" className="ExpressiveExpressionTrees.Tests.ExpressionHasherTests.ListInitExpressionHasherTests" name="Test010" /></UnitTest><UnitTest name="Test013" storage="/home/hannasm/expressiveexpressiontreesdotnet/expressiveexpressiontrees.tests/bin/debug/netcoreapp2.0/expressiveexpressiontrees.tests.dll" id="241a110d-088d-259e-e2af-ddb1888e0b24"><Execution id="a04e0f93-6c0c-467a-b2ce-52e66e54aa11" /><TestMethod codeBase="/home/hannasm/ExpressiveExpressionTreesDotNet/ExpressiveExpressionTrees.Tests/bin/Debug/netcoreapp2.0/ExpressiveExpressionTrees.Tests.dll" adapterTypeName="executor://mstestadapter/v2" className="ExpressiveExpressionTrees.Tests.ExpressionComparerTests.TryCatchExpressionComparerTests" name="Test013" /></UnitTest><UnitTest name="Test031" storage="/home/hannasm/expressiveexpressiontreesdotnet/expressiveexpressiontrees.tests/bin/debug/netcoreapp2.0/expressiveexpressiontrees.tests.dll" id="b95994d9-817b-d914-ad0c-92226c5b0606"><Execution id="e21131f5-1813-4f24-8861-5503dc81d6bd" /><TestMethod codeBase="/home/hannasm/ExpressiveExpressionTreesDotNet/ExpressiveExpressionTrees.Tests/bin/Debug/netcoreapp2.0/ExpressiveExpressionTrees.Tests.dll" adapterTypeName="executor://mstestadapter/v2" className="ExpressiveExpressionTrees.Tests.ExpressionHasherTests.TryCatchExpressionHasherTests" name="Test031" /></UnitTest><UnitTest name="Test025" storage="/home/hannasm/expressiveexpressiontreesdotnet/expressiveexpressiontrees.tests/bin/debug/netcoreapp2.0/expressiveexpressiontrees.tests.dll" id="51d85aaf-7bcf-5949-a0c9-d3ffab46f33f"><Execution id="a5521a9c-db7c-4c53-b030-d16f9c1c996d" /><TestMethod codeBase="/home/hannasm/ExpressiveExpressionTreesDotNet/ExpressiveExpressionTrees.Tests/bin/Debug/netcoreapp2.0/ExpressiveExpressionTrees.Tests.dll" adapterTypeName="executor://mstestadapter/v2" className="ExpressiveExpressionTrees.Tests.ExpressionVisitorTest.UnaryVisitorTests" name="Test025" /></UnitTest><UnitTest name="Test013" storage="/home/hannasm/expressiveexpressiontreesdotnet/expressiveexpressiontrees.tests/bin/debug/netcoreapp2.0/expressiveexpressiontrees.tests.dll" id="a62b0187-89b6-28cd-69a4-ef8d74dfc2ae"><Execution id="c7fada53-b6b3-476c-9807-da131237285f" /><TestMethod codeBase="/home/hannasm/ExpressiveExpressionTreesDotNet/ExpressiveExpressionTrees.Tests/bin/Debug/netcoreapp2.0/ExpressiveExpressionTrees.Tests.dll" adapterTypeName="executor://mstestadapter/v2" className="ExpressiveExpressionTrees.Tests.ExpressionHasherTests.UnaryExpressionHasherTests" name="Test013" /></UnitTest><UnitTest name="Test011" storage="/home/hannasm/expressiveexpressiontreesdotnet/expressiveexpressiontrees.tests/bin/debug/netcoreapp2.0/expressiveexpressiontrees.tests.dll" id="6e09fa6c-f5bc-f6f4-1df6-5bd3fcedcd37"><Execution id="d62f818d-46d8-4e7f-9303-43576efa5d59" /><TestMethod codeBase="/home/hannasm/ExpressiveExpressionTreesDotNet/ExpressiveExpressionTrees.Tests/bin/Debug/netcoreapp2.0/ExpressiveExpressionTrees.Tests.dll" adapterTypeName="executor://mstestadapter/v2" className="ExpressiveExpressionTrees.Tests.ExpressionComparerTests.NewArrayExpressionComparerTests" name="Test011" /></UnitTest><UnitTest name="Test235" storage="/home/hannasm/expressiveexpressiontreesdotnet/expressiveexpressiontrees.tests/bin/debug/netcoreapp2.0/expressiveexpressiontrees.tests.dll" id="068b5c2f-69f1-780f-a981-0d646a951afd"><Execution id="69d50209-0005-41c9-9272-90a1192a7ed2" /><TestMethod codeBase="/home/hannasm/ExpressiveExpressionTreesDotNet/ExpressiveExpressionTrees.Tests/bin/Debug/netcoreapp2.0/ExpressiveExpressionTrees.Tests.dll" adapterTypeName="executor://mstestadapter/v2" className="ExpressiveExpressionTrees.Tests.ExpressionVisitorTest.BinaryVisitorTests" name="Test235" /></UnitTest><UnitTest name="Test006" storage="/home/hannasm/expressiveexpressiontreesdotnet/expressiveexpressiontrees.tests/bin/debug/netcoreapp2.0/expressiveexpressiontrees.tests.dll" id="99d31b31-0a97-b0c1-1788-85bda55e2b25"><Execution id="aca6a3f3-be1e-44e3-86a5-5c5a1416dc2b" /><TestMethod codeBase="/home/hannasm/ExpressiveExpressionTreesDotNet/ExpressiveExpressionTrees.Tests/bin/Debug/netcoreapp2.0/ExpressiveExpressionTrees.Tests.dll" adapterTypeName="executor://mstestadapter/v2" className="ExpressiveExpressionTrees.Tests.ExpressionVisitorTest.NewVisitorTests" name="Test006" /></UnitTest><UnitTest name="Test005" storage="/home/hannasm/expressiveexpressiontreesdotnet/expressiveexpressiontrees.tests/bin/debug/netcoreapp2.0/expressiveexpressiontrees.tests.dll" id="73d6e7c1-cc9e-bed6-4945-0b6c10e96f3f"><Execution id="c5cb8d12-9156-4a86-8a87-b7e02fdda477" /><TestMethod codeBase="/home/hannasm/ExpressiveExpressionTreesDotNet/ExpressiveExpressionTrees.Tests/bin/Debug/netcoreapp2.0/ExpressiveExpressionTrees.Tests.dll" adapterTypeName="executor://mstestadapter/v2" className="ExpressiveExpressionTrees.Tests.ExpressionReaderTests" name="Test005" /></UnitTest><UnitTest name="Test001" storage="/home/hannasm/expressiveexpressiontreesdotnet/expressiveexpressiontrees.tests/bin/debug/netcoreapp2.0/expressiveexpressiontrees.tests.dll" id="c423951c-f126-142b-d108-1ad4514fafe1"><Execution id="2218e97b-1cf5-45ec-a006-2bdcb06ab811" /><TestMethod codeBase="/home/hannasm/ExpressiveExpressionTreesDotNet/ExpressiveExpressionTrees.Tests/bin/Debug/netcoreapp2.0/ExpressiveExpressionTrees.Tests.dll" adapterTypeName="executor://mstestadapter/v2" className="ExpressiveExpressionTrees.Tests.ExpressionGeneratorFromFuncTests" name="Test001" /></UnitTest><UnitTest name="Test005" storage="/home/hannasm/expressiveexpressiontreesdotnet/expressiveexpressiontrees.tests/bin/debug/netcoreapp2.0/expressiveexpressiontrees.tests.dll" id="b38989c3-3784-cb27-3308-dd971f0d50fb"><Execution id="72aed051-2c4c-48b6-adaf-db45cf8e0541" /><TestMethod codeBase="/home/hannasm/ExpressiveExpressionTreesDotNet/ExpressiveExpressionTrees.Tests/bin/Debug/netcoreapp2.0/ExpressiveExpressionTrees.Tests.dll" adapterTypeName="executor://mstestadapter/v2" className="ExpressiveExpressionTrees.Tests.ExpressionComparerTests.NewExpressionComparerTests" name="Test005" /></UnitTest><UnitTest name="Test013" storage="/home/hannasm/expressiveexpressiontreesdotnet/expressiveexpressiontrees.tests/bin/debug/netcoreapp2.0/expressiveexpressiontrees.tests.dll" id="dcf39d21-ef6e-abba-2bab-4bd79d9421e7"><Execution id="ef171f72-72e8-4590-ade8-0f37f2647417" /><TestMethod codeBase="/home/hannasm/ExpressiveExpressionTreesDotNet/ExpressiveExpressionTrees.Tests/bin/Debug/netcoreapp2.0/ExpressiveExpressionTrees.Tests.dll" adapterTypeName="executor://mstestadapter/v2" className="ExpressiveExpressionTrees.Tests.ExpressionGeneratorFromActionTests" name="Test013" /></UnitTest><UnitTest name="Test001" storage="/home/hannasm/expressiveexpressiontreesdotnet/expressiveexpressiontrees.tests/bin/debug/netcoreapp2.0/expressiveexpressiontrees.tests.dll" id="f79daa9e-74d1-be2f-0e67-251e96514cdd"><Execution id="8b94352a-a0a0-4b59-8c64-509c1f820648" /><TestMethod codeBase="/home/hannasm/ExpressiveExpressionTreesDotNet/ExpressiveExpressionTrees.Tests/bin/Debug/netcoreapp2.0/ExpressiveExpressionTrees.Tests.dll" adapterTypeName="executor://mstestadapter/v2" className="ExpressiveExpressionTrees.Tests.ExpressionVisitorTest.MemberAccessVisitorTests" name="Test001" /></UnitTest><UnitTest name="Test010" storage="/home/hannasm/expressiveexpressiontreesdotnet/expressiveexpressiontrees.tests/bin/debug/netcoreapp2.0/expressiveexpressiontrees.tests.dll" id="8ed88abc-57b2-9d25-3821-891bb731afc0"><Execution id="69a71524-b87e-40ae-8c4a-512676078b4f" /><TestMethod codeBase="/home/hannasm/ExpressiveExpressionTreesDotNet/ExpressiveExpressionTrees.Tests/bin/Debug/netcoreapp2.0/ExpressiveExpressionTrees.Tests.dll" adapterTypeName="executor://mstestadapter/v2" className="ExpressiveExpressionTrees.Tests.ExpressionReplacerTests.ExpressionReplacerUseCases" name="Test010" /></UnitTest><UnitTest name="Test137" storage="/home/hannasm/expressiveexpressiontreesdotnet/expressiveexpressiontrees.tests/bin/debug/netcoreapp2.0/expressiveexpressiontrees.tests.dll" id="8fc1e6a9-c607-02fd-a81c-9028871b2a82"><Execution id="4e176c41-7d13-4db6-bff8-18c130dff653" /><TestMethod codeBase="/home/hannasm/ExpressiveExpressionTreesDotNet/ExpressiveExpressionTrees.Tests/bin/Debug/netcoreapp2.0/ExpressiveExpressionTrees.Tests.dll" adapterTypeName="executor://mstestadapter/v2" className="ExpressiveExpressionTrees.Tests.ExpressionVisitorTest.BinaryVisitorTests" name="Test137" /></UnitTest><UnitTest name="Test062" storage="/home/hannasm/expressiveexpressiontreesdotnet/expressiveexpressiontrees.tests/bin/debug/netcoreapp2.0/expressiveexpressiontrees.tests.dll" id="89bafe3e-0960-70ec-ab21-361ce674e841"><Execution id="f033eb38-e606-408a-9450-e846be447bf4" /><TestMethod codeBase="/home/hannasm/ExpressiveExpressionTreesDotNet/ExpressiveExpressionTrees.Tests/bin/Debug/netcoreapp2.0/ExpressiveExpressionTrees.Tests.dll" adapterTypeName="executor://mstestadapter/v2" className="ExpressiveExpressionTrees.Tests.ExpressionGeneratorTests" name="Test062" /></UnitTest><UnitTest name="Test005" storage="/home/hannasm/expressiveexpressiontreesdotnet/expressiveexpressiontrees.tests/bin/debug/netcoreapp2.0/expressiveexpressiontrees.tests.dll" id="173104ed-1525-63da-398b-d089ba4a70f3"><Execution id="cee920f9-ba0b-4eb2-82e9-bbd702ad58ea" /><TestMethod codeBase="/home/hannasm/ExpressiveExpressionTreesDotNet/ExpressiveExpressionTrees.Tests/bin/Debug/netcoreapp2.0/ExpressiveExpressionTrees.Tests.dll" adapterTypeName="executor://mstestadapter/v2" className="ExpressiveExpressionTrees.Tests.ExpressionComparerTests.GotoExpressionComparerTests" name="Test005" /></UnitTest><UnitTest name="Test009" storage="/home/hannasm/expressiveexpressiontreesdotnet/expressiveexpressiontrees.tests/bin/debug/netcoreapp2.0/expressiveexpressiontrees.tests.dll" id="0db51fc4-e2aa-7504-ff3c-68bd9aa8d321"><Execution id="c61dd98d-ec3a-40aa-9671-7336d7be9a67" /><TestMethod codeBase="/home/hannasm/ExpressiveExpressionTreesDotNet/ExpressiveExpressionTrees.Tests/bin/Debug/netcoreapp2.0/ExpressiveExpressionTrees.Tests.dll" adapterTypeName="executor://mstestadapter/v2" className="ExpressiveExpressionTrees.Tests.ExpressionComparerTests.ListInitExpressionComparerTests" name="Test009" /></UnitTest><UnitTest name="Test321" storage="/home/hannasm/expressiveexpressiontreesdotnet/expressiveexpressiontrees.tests/bin/debug/netcoreapp2.0/expressiveexpressiontrees.tests.dll" id="224610ac-62fa-012f-6d92-c5f1b0aa03a5"><Execution id="b9728f1b-ce34-419a-9192-03c20e3e4f6a" /><TestMethod codeBase="/home/hannasm/ExpressiveExpressionTreesDotNet/ExpressiveExpressionTrees.Tests/bin/Debug/netcoreapp2.0/ExpressiveExpressionTrees.Tests.dll" adapterTypeName="executor://mstestadapter/v2" className="ExpressiveExpressionTrees.Tests.ExpressionVisitorTest.BinaryVisitorTests" name="Test321" /></UnitTest><UnitTest name="Test040" storage="/home/hannasm/expressiveexpressiontreesdotnet/expressiveexpressiontrees.tests/bin/debug/netcoreapp2.0/expressiveexpressiontrees.tests.dll" id="c952d74f-519e-66e0-225e-2078c13ce5e7"><Execution id="517b9571-1898-46db-b8ab-aa9f9a76cbd1" /><TestMethod codeBase="/home/hannasm/ExpressiveExpressionTreesDotNet/ExpressiveExpressionTrees.Tests/bin/Debug/netcoreapp2.0/ExpressiveExpressionTrees.Tests.dll" adapterTypeName="executor://mstestadapter/v2" className="ExpressiveExpressionTrees.Tests.ExpressionComparerTests.BindingsExpressionComparerTests" name="Test040" /></UnitTest><UnitTest name="Test028" storage="/home/hannasm/expressiveexpressiontreesdotnet/expressiveexpressiontrees.tests/bin/debug/netcoreapp2.0/expressiveexpressiontrees.tests.dll" id="850a5f1a-bf71-34a6-e0f2-0264c3e5e015"><Execution id="bec0c11d-a0e7-4480-bc7b-474778f874da" /><TestMethod codeBase="/home/hannasm/ExpressiveExpressionTreesDotNet/ExpressiveExpressionTrees.Tests/bin/Debug/netcoreapp2.0/ExpressiveExpressionTrees.Tests.dll" adapterTypeName="executor://mstestadapter/v2" className="ExpressiveExpressionTrees.Tests.ExpressionVisitorTest.NewVisitorTests" name="Test028" /></UnitTest><UnitTest name="Test002" storage="/home/hannasm/expressiveexpressiontreesdotnet/expressiveexpressiontrees.tests/bin/debug/netcoreapp2.0/expressiveexpressiontrees.tests.dll" id="905e2796-ed4f-a814-577b-9243bc5d38fa"><Execution id="4553c4d0-89fe-47e4-85c1-e2fb21de6bcf" /><TestMethod codeBase="/home/hannasm/ExpressiveExpressionTreesDotNet/ExpressiveExpressionTrees.Tests/bin/Debug/netcoreapp2.0/ExpressiveExpressionTrees.Tests.dll" adapterTypeName="executor://mstestadapter/v2" className="ExpressiveExpressionTrees.Tests.ExpressionVisitorTest.UnaryVisitorTests" name="Test002" /></UnitTest><UnitTest name="Test003" storage="/home/hannasm/expressiveexpressiontreesdotnet/expressiveexpressiontrees.tests/bin/debug/netcoreapp2.0/expressiveexpressiontrees.tests.dll" id="78425288-a570-e4e3-9dd8-917f886bc54a"><Execution id="a4c7eec9-eb38-4a51-be30-897c66090c41" /><TestMethod codeBase="/home/hannasm/ExpressiveExpressionTreesDotNet/ExpressiveExpressionTrees.Tests/bin/Debug/netcoreapp2.0/ExpressiveExpressionTrees.Tests.dll" adapterTypeName="executor://mstestadapter/v2" className="ExpressiveExpressionTrees.Tests.ExpressionVisitorTest.NewArrayVisitorTests" name="Test003" /></UnitTest><UnitTest name="Test017" storage="/home/hannasm/expressiveexpressiontreesdotnet/expressiveexpressiontrees.tests/bin/debug/netcoreapp2.0/expressiveexpressiontrees.tests.dll" id="a1e77cd8-ef62-c2d5-142b-d5350b811663"><Execution id="7646e7ec-148f-481d-b14c-79cf45318d1e" /><TestMethod codeBase="/home/hannasm/ExpressiveExpressionTreesDotNet/ExpressiveExpressionTrees.Tests/bin/Debug/netcoreapp2.0/ExpressiveExpressionTrees.Tests.dll" adapterTypeName="executor://mstestadapter/v2" className="ExpressiveExpressionTrees.Tests.ExpressionVisitorTest.ListInitVisitorTests" name="Test017" /></UnitTest><UnitTest name="Test108" storage="/home/hannasm/expressiveexpressiontreesdotnet/expressiveexpressiontrees.tests/bin/debug/netcoreapp2.0/expressiveexpressiontrees.tests.dll" id="3e4ef423-98e2-afbd-fe55-031d15694b96"><Execution id="0ac89274-aef3-4031-b6aa-fb2f416ebbc6" /><TestMethod codeBase="/home/hannasm/ExpressiveExpressionTreesDotNet/ExpressiveExpressionTrees.Tests/bin/Debug/netcoreapp2.0/ExpressiveExpressionTrees.Tests.dll" adapterTypeName="executor://mstestadapter/v2" className="ExpressiveExpressionTrees.Tests.ExpressionVisitorTest.BinaryVisitorTests" name="Test108" /></UnitTest><UnitTest name="Test004" storage="/home/hannasm/expressiveexpressiontreesdotnet/expressiveexpressiontrees.tests/bin/debug/netcoreapp2.0/expressiveexpressiontrees.tests.dll" id="cd158ce9-d5a9-3c9b-4ab6-c73d4d0650d2"><Execution id="6ae711fb-14d2-40a1-adaa-13305fb8484a" /><TestMethod codeBase="/home/hannasm/ExpressiveExpressionTreesDotNet/ExpressiveExpressionTrees.Tests/bin/Debug/netcoreapp2.0/ExpressiveExpressionTrees.Tests.dll" adapterTypeName="executor://mstestadapter/v2" className="ExpressiveExpressionTrees.Tests.ExpressionHasherTests.NewArrayExpressionHasherTests" name="Test004" /></UnitTest><UnitTest name="Test005" storage="/home/hannasm/expressiveexpressiontreesdotnet/expressiveexpressiontrees.tests/bin/debug/netcoreapp2.0/expressiveexpressiontrees.tests.dll" id="870554f7-afe8-5ddf-13e1-0b46c1f1f1c4"><Execution id="d5580bdd-3ccf-4b66-bbdc-b84a2ece312f" /><TestMethod codeBase="/home/hannasm/ExpressiveExpressionTreesDotNet/ExpressiveExpressionTrees.Tests/bin/Debug/netcoreapp2.0/ExpressiveExpressionTrees.Tests.dll" adapterTypeName="executor://mstestadapter/v2" className="ExpressiveExpressionTrees.Tests.ExpressionVisitorTest.NewArrayVisitorTests" name="Test005" /></UnitTest><UnitTest name="Test050" storage="/home/hannasm/expressiveexpressiontreesdotnet/expressiveexpressiontrees.tests/bin/debug/netcoreapp2.0/expressiveexpressiontrees.tests.dll" id="93d338d1-12bd-369b-e65a-4b91e90960ab"><Execution id="afd98d9b-4ebb-455b-9a8d-1260779f8750" /><TestMethod codeBase="/home/hannasm/ExpressiveExpressionTreesDotNet/ExpressiveExpressionTrees.Tests/bin/Debug/netcoreapp2.0/ExpressiveExpressionTrees.Tests.dll" adapterTypeName="executor://mstestadapter/v2" className="ExpressiveExpressionTrees.Tests.ExpressionComparerTests.BindingsExpressionComparerTests" name="Test050" /></UnitTest><UnitTest name="Test057" storage="/home/hannasm/expressiveexpressiontreesdotnet/expressiveexpressiontrees.tests/bin/debug/netcoreapp2.0/expressiveexpressiontrees.tests.dll" id="56be28b7-1474-13ee-6211-67288fad208d"><Execution id="8eb8ab5d-a147-4173-8da4-19f27c3afdf6" /><TestMethod codeBase="/home/hannasm/ExpressiveExpressionTreesDotNet/ExpressiveExpressionTrees.Tests/bin/Debug/netcoreapp2.0/ExpressiveExpressionTrees.Tests.dll" adapterTypeName="executor://mstestadapter/v2" className="ExpressiveExpressionTrees.Tests.ExpressionHasherTests.BindingsExpressionHasherTests" name="Test057" /></UnitTest><UnitTest name="Test303" storage="/home/hannasm/expressiveexpressiontreesdotnet/expressiveexpressiontrees.tests/bin/debug/netcoreapp2.0/expressiveexpressiontrees.tests.dll" id="a5936a43-023f-fc76-8c89-1d869be72c96"><Execution id="2977bb19-1cf5-4a6c-b982-d7bd40f95343" /><TestMethod codeBase="/home/hannasm/ExpressiveExpressionTreesDotNet/ExpressiveExpressionTrees.Tests/bin/Debug/netcoreapp2.0/ExpressiveExpressionTrees.Tests.dll" adapterTypeName="executor://mstestadapter/v2" className="ExpressiveExpressionTrees.Tests.ExpressionVisitorTest.BinaryVisitorTests" name="Test303" /></UnitTest><UnitTest name="Test003" storage="/home/hannasm/expressiveexpressiontreesdotnet/expressiveexpressiontrees.tests/bin/debug/netcoreapp2.0/expressiveexpressiontrees.tests.dll" id="f1613ede-17be-b43e-60d8-4e7f3732461c"><Execution id="e17c5e32-a70d-49a0-bb35-11d9c36402e7" /><TestMethod codeBase="/home/hannasm/ExpressiveExpressionTreesDotNet/ExpressiveExpressionTrees.Tests/bin/Debug/netcoreapp2.0/ExpressiveExpressionTrees.Tests.dll" adapterTypeName="executor://mstestadapter/v2" className="ExpressiveExpressionTrees.Tests.ExpressionHasherTests.BinaryExpressionHasherTests" name="Test003" /></UnitTest><UnitTest name="Test007" storage="/home/hannasm/expressiveexpressiontreesdotnet/expressiveexpressiontrees.tests/bin/debug/netcoreapp2.0/expressiveexpressiontrees.tests.dll" id="3faaa1cf-47c2-2b35-7433-c74afaeb21b2"><Execution id="4a20d5c8-1161-49ec-bc79-fda20366296c" /><TestMethod codeBase="/home/hannasm/ExpressiveExpressionTreesDotNet/ExpressiveExpressionTrees.Tests/bin/Debug/netcoreapp2.0/ExpressiveExpressionTrees.Tests.dll" adapterTypeName="executor://mstestadapter/v2" className="ExpressiveExpressionTrees.Tests.ExpressionVisitorTest.NewVisitorTests" name="Test007" /></UnitTest><UnitTest name="Test021" storage="/home/hannasm/expressiveexpressiontreesdotnet/expressiveexpressiontrees.tests/bin/debug/netcoreapp2.0/expressiveexpressiontrees.tests.dll" id="17c706d7-6e89-0ed6-0c7f-184576b3105b"><Execution id="d6b31012-1cc9-4c22-afe8-89c44f88bba4" /><TestMethod codeBase="/home/hannasm/ExpressiveExpressionTreesDotNet/ExpressiveExpressionTrees.Tests/bin/Debug/netcoreapp2.0/ExpressiveExpressionTrees.Tests.dll" adapterTypeName="executor://mstestadapter/v2" className="ExpressiveExpressionTrees.Tests.ExpressionComparerTests.NewArrayExpressionComparerTests" name="Test021" /></UnitTest><UnitTest name="Test001" storage="/home/hannasm/expressiveexpressiontreesdotnet/expressiveexpressiontrees.tests/bin/debug/netcoreapp2.0/expressiveexpressiontrees.tests.dll" id="54f9ee17-7919-5e83-d6b2-6f5c9a98bcb4"><Execution id="14bcf7b9-2eaf-4ece-afea-de8c28579b35" /><TestMethod codeBase="/home/hannasm/ExpressiveExpressionTreesDotNet/ExpressiveExpressionTrees.Tests/bin/Debug/netcoreapp2.0/ExpressiveExpressionTrees.Tests.dll" adapterTypeName="executor://mstestadapter/v2" className="ExpressiveExpressionTrees.Tests.ExpressionHasherTests.ListInitExpressionHasherTests" name="Test001" /></UnitTest><UnitTest name="Test023" storage="/home/hannasm/expressiveexpressiontreesdotnet/expressiveexpressiontrees.tests/bin/debug/netcoreapp2.0/expressiveexpressiontrees.tests.dll" id="79017ed9-5c5f-97c4-59a8-870cc59a5764"><Execution id="e748299c-931c-44ff-927a-0d9d78651e16" /><TestMethod codeBase="/home/hannasm/ExpressiveExpressionTreesDotNet/ExpressiveExpressionTrees.Tests/bin/Debug/netcoreapp2.0/ExpressiveExpressionTrees.Tests.dll" adapterTypeName="executor://mstestadapter/v2" className="ExpressiveExpressionTrees.Tests.ExpressionGeneratorMakeBinaryTests" name="Test023" /></UnitTest><UnitTest name="Test003" storage="/home/hannasm/expressiveexpressiontreesdotnet/expressiveexpressiontrees.tests/bin/debug/netcoreapp2.0/expressiveexpressiontrees.tests.dll" id="7d298324-d0a3-a9e8-b676-7bcb7a224401"><Execution id="60347a97-8741-4803-85a2-1ebfc41da310" /><TestMethod codeBase="/home/hannasm/ExpressiveExpressionTreesDotNet/ExpressiveExpressionTrees.Tests/bin/Debug/netcoreapp2.0/ExpressiveExpressionTrees.Tests.dll" adapterTypeName="executor://mstestadapter/v2" className="ExpressiveExpressionTrees.Tests.ExpressionVisitorTest.IndexerVisitorTests" name="Test003" /></UnitTest><UnitTest name="Test017" storage="/home/hannasm/expressiveexpressiontreesdotnet/expressiveexpressiontrees.tests/bin/debug/netcoreapp2.0/expressiveexpressiontrees.tests.dll" id="9a4b9f12-11fd-e0e2-a7ce-d6d519f27b3d"><Execution id="964ee4bf-7b67-4606-8c02-87b82ebdb260" /><TestMethod codeBase="/home/hannasm/ExpressiveExpressionTreesDotNet/ExpressiveExpressionTrees.Tests/bin/Debug/netcoreapp2.0/ExpressiveExpressionTrees.Tests.dll" adapterTypeName="executor://mstestadapter/v2" className="ExpressiveExpressionTrees.Tests.ExpressionHasherTests.NewArrayExpressionHasherTests" name="Test017" /></UnitTest><UnitTest name="Test150" storage="/home/hannasm/expressiveexpressiontreesdotnet/expressiveexpressiontrees.tests/bin/debug/netcoreapp2.0/expressiveexpressiontrees.tests.dll" id="0322d7c2-c834-8d2b-af2a-5d1b556221fc"><Execution id="05a0ce13-ef89-4a69-9866-814feb1d4537" /><TestMethod codeBase="/home/hannasm/ExpressiveExpressionTreesDotNet/ExpressiveExpressionTrees.Tests/bin/Debug/netcoreapp2.0/ExpressiveExpressionTrees.Tests.dll" adapterTypeName="executor://mstestadapter/v2" className="ExpressiveExpressionTrees.Tests.ExpressionVisitorTest.BinaryVisitorTests" name="Test150" /></UnitTest><UnitTest name="Test004" storage="/home/hannasm/expressiveexpressiontreesdotnet/expressiveexpressiontrees.tests/bin/debug/netcoreapp2.0/expressiveexpressiontrees.tests.dll" id="2097d551-213c-66d5-8e59-65e03de27a6c"><Execution id="85ab94c5-703d-4bc3-9eed-a7497eee51e6" /><TestMethod codeBase="/home/hannasm/ExpressiveExpressionTreesDotNet/ExpressiveExpressionTrees.Tests/bin/Debug/netcoreapp2.0/ExpressiveExpressionTrees.Tests.dll" adapterTypeName="executor://mstestadapter/v2" className="ExpressiveExpressionTrees.Tests.ExpressionVisitorTest.ListInitVisitorTests" name="Test004" /></UnitTest><UnitTest name="Test004" storage="/home/hannasm/expressiveexpressiontreesdotnet/expressiveexpressiontrees.tests/bin/debug/netcoreapp2.0/expressiveexpressiontrees.tests.dll" id="60058142-6ec6-335c-b331-a299095f9b14"><Execution id="f7d04507-3424-4342-bc00-5f6224de7a78" /><TestMethod codeBase="/home/hannasm/ExpressiveExpressionTreesDotNet/ExpressiveExpressionTrees.Tests/bin/Debug/netcoreapp2.0/ExpressiveExpressionTrees.Tests.dll" adapterTypeName="executor://mstestadapter/v2" className="ExpressiveExpressionTrees.Tests.ExpressionHasherTests.UnaryExpressionHasherTests" name="Test004" /></UnitTest><UnitTest name="Test006" storage="/home/hannasm/expressiveexpressiontreesdotnet/expressiveexpressiontrees.tests/bin/debug/netcoreapp2.0/expressiveexpressiontrees.tests.dll" id="c35de5d5-decb-3e17-4017-80daef37f4df"><Execution id="e0c00a04-b1d9-48e6-b356-63991b487bca" /><TestMethod codeBase="/home/hannasm/ExpressiveExpressionTreesDotNet/ExpressiveExpressionTrees.Tests/bin/Debug/netcoreapp2.0/ExpressiveExpressionTrees.Tests.dll" adapterTypeName="executor://mstestadapter/v2" className="ExpressiveExpressionTrees.Tests.ExpressionComparerTests.UnaryExpressionComparerTests" name="Test006" /></UnitTest><UnitTest name="Test017" storage="/home/hannasm/expressiveexpressiontreesdotnet/expressiveexpressiontrees.tests/bin/debug/netcoreapp2.0/expressiveexpressiontrees.tests.dll" id="a5acb736-bd0c-faee-0400-6b51842e6d16"><Execution id="b5d5851c-4acc-4fcd-a128-85a8b6a278af" /><TestMethod codeBase="/home/hannasm/ExpressiveExpressionTreesDotNet/ExpressiveExpressionTrees.Tests/bin/Debug/netcoreapp2.0/ExpressiveExpressionTrees.Tests.dll" adapterTypeName="executor://mstestadapter/v2" className="ExpressiveExpressionTrees.Tests.ExpressionHasherTests.ListInitExpressionHasherTests" name="Test017" /></UnitTest><UnitTest name="Test006" storage="/home/hannasm/expressiveexpressiontreesdotnet/expressiveexpressiontrees.tests/bin/debug/netcoreapp2.0/expressiveexpressiontrees.tests.dll" id="1f5f7535-23da-7eae-4a2a-6f6d8ac5430f"><Execution id="25b934c0-0e07-40eb-b13a-a47dc3a78dcb" /><TestMethod codeBase="/home/hannasm/ExpressiveExpressionTreesDotNet/ExpressiveExpressionTrees.Tests/bin/Debug/netcoreapp2.0/ExpressiveExpressionTrees.Tests.dll" adapterTypeName="executor://mstestadapter/v2" className="ExpressiveExpressionTrees.Tests.ExpressionComparerTests.MemberInitVisitorTests" name="Test006" /></UnitTest><UnitTest name="Test033" storage="/home/hannasm/expressiveexpressiontreesdotnet/expressiveexpressiontrees.tests/bin/debug/netcoreapp2.0/expressiveexpressiontrees.tests.dll" id="5e5dfb57-ef5f-c89b-0552-f6237e64f95d"><Execution id="a55f57d3-b5f0-4d7e-8a39-8007740c2412" /><TestMethod codeBase="/home/hannasm/ExpressiveExpressionTreesDotNet/ExpressiveExpressionTrees.Tests/bin/Debug/netcoreapp2.0/ExpressiveExpressionTrees.Tests.dll" adapterTypeName="executor://mstestadapter/v2" className="ExpressiveExpressionTrees.Tests.ExpressionHasherTests.BindingsExpressionHasherTests" name="Test033" /></UnitTest><UnitTest name="Test005" storage="/home/hannasm/expressiveexpressiontreesdotnet/expressiveexpressiontrees.tests/bin/debug/netcoreapp2.0/expressiveexpressiontrees.tests.dll" id="6129753a-a471-61af-d506-6e5fe4cfbdc2"><Execution id="0a283946-06ed-4ead-b628-73d7066927b7" /><TestMethod codeBase="/home/hannasm/ExpressiveExpressionTreesDotNet/ExpressiveExpressionTrees.Tests/bin/Debug/netcoreapp2.0/ExpressiveExpressionTrees.Tests.dll" adapterTypeName="executor://mstestadapter/v2" className="ExpressiveExpressionTrees.Tests.ExpressionVisitorTest.ListInitVisitorTests" name="Test005" /></UnitTest><UnitTest name="Test002" storage="/home/hannasm/expressiveexpressiontreesdotnet/expressiveexpressiontrees.tests/bin/debug/netcoreapp2.0/expressiveexpressiontrees.tests.dll" id="a4b2dd1a-bd39-a45c-f1bf-6e34dbd5b014"><Execution id="b952dcaf-3a7e-465c-a568-d8f0b73ad047" /><TestMethod codeBase="/home/hannasm/ExpressiveExpressionTreesDotNet/ExpressiveExpressionTrees.Tests/bin/Debug/netcoreapp2.0/ExpressiveExpressionTrees.Tests.dll" adapterTypeName="executor://mstestadapter/v2" className="ExpressiveExpressionTrees.Tests.ExpressionHasherTests.LambdaExpressionHasherTests" name="Test002" /></UnitTest><UnitTest name="Test016" storage="/home/hannasm/expressiveexpressiontreesdotnet/expressiveexpressiontrees.tests/bin/debug/netcoreapp2.0/expressiveexpressiontrees.tests.dll" id="5e968c1c-047b-b8d7-2aaf-a1bf88289d8a"><Execution id="8fd7b9a8-f78a-4feb-be61-9aee87deda6a" /><TestMethod codeBase="/home/hannasm/ExpressiveExpressionTreesDotNet/ExpressiveExpressionTrees.Tests/bin/Debug/netcoreapp2.0/ExpressiveExpressionTrees.Tests.dll" adapterTypeName="executor://mstestadapter/v2" className="ExpressiveExpressionTrees.Tests.ExpressionHasherTests.MethodCallExpressionHasherTests" name="Test016" /></UnitTest><UnitTest name="Test001" storage="/home/hannasm/expressiveexpressiontreesdotnet/expressiveexpressiontrees.tests/bin/debug/netcoreapp2.0/expressiveexpressiontrees.tests.dll" id="544fe859-d250-d5b7-31ed-aa5b963c32ad"><Execution id="53820786-8636-4bbf-90f6-a96174be6fe1" /><TestMethod codeBase="/home/hannasm/ExpressiveExpressionTreesDotNet/ExpressiveExpressionTrees.Tests/bin/Debug/netcoreapp2.0/ExpressiveExpressionTrees.Tests.dll" adapterTypeName="executor://mstestadapter/v2" className="ExpressiveExpressionTrees.Tests.ExpressionHasherTests.TryCatchExpressionHasherTests" name="Test001" /></UnitTest><UnitTest name="Test204" storage="/home/hannasm/expressiveexpressiontreesdotnet/expressiveexpressiontrees.tests/bin/debug/netcoreapp2.0/expressiveexpressiontrees.tests.dll" id="a1763669-918b-3e89-51e9-428a45e57d5c"><Execution id="48f97d44-a887-48db-b856-abd1d7d2dcbd" /><TestMethod codeBase="/home/hannasm/ExpressiveExpressionTreesDotNet/ExpressiveExpressionTrees.Tests/bin/Debug/netcoreapp2.0/ExpressiveExpressionTrees.Tests.dll" adapterTypeName="executor://mstestadapter/v2" className="ExpressiveExpressionTrees.Tests.ExpressionVisitorTest.BinaryVisitorTests" name="Test204" /></UnitTest><UnitTest name="Test013" storage="/home/hannasm/expressiveexpressiontreesdotnet/expressiveexpressiontrees.tests/bin/debug/netcoreapp2.0/expressiveexpressiontrees.tests.dll" id="c7712fb0-e70a-4d1e-99de-a0c6eb5ff56e"><Execution id="7e809672-fb36-4c6c-a2d8-78b4af235256" /><TestMethod codeBase="/home/hannasm/ExpressiveExpressionTreesDotNet/ExpressiveExpressionTrees.Tests/bin/Debug/netcoreapp2.0/ExpressiveExpressionTrees.Tests.dll" adapterTypeName="executor://mstestadapter/v2" className="ExpressiveExpressionTrees.Tests.ExpressionHasherTests.NewExpressionHasherTests" name="Test013" /></UnitTest><UnitTest name="Test023" storage="/home/hannasm/expressiveexpressiontreesdotnet/expressiveexpressiontrees.tests/bin/debug/netcoreapp2.0/expressiveexpressiontrees.tests.dll" id="9834426f-577e-364a-6f44-76b900dfa4b8"><Execution id="22ae8728-7ce9-42c8-b659-d5ebc22cdcf8" /><TestMethod codeBase="/home/hannasm/ExpressiveExpressionTreesDotNet/ExpressiveExpressionTrees.Tests/bin/Debug/netcoreapp2.0/ExpressiveExpressionTrees.Tests.dll" adapterTypeName="executor://mstestadapter/v2" className="ExpressiveExpressionTrees.Tests.ExpressionHasherTests.ListInitExpressionHasherTests" name="Test023" /></UnitTest><UnitTest name="Test010" storage="/home/hannasm/expressiveexpressiontreesdotnet/expressiveexpressiontrees.tests/bin/debug/netcoreapp2.0/expressiveexpressiontrees.tests.dll" id="3b2d7fca-4408-073b-a5a0-06b2c271bd10"><Execution id="49bcc5b9-31d1-4a31-8c5c-651c4ccddc8f" /><TestMethod codeBase="/home/hannasm/ExpressiveExpressionTreesDotNet/ExpressiveExpressionTrees.Tests/bin/Debug/netcoreapp2.0/ExpressiveExpressionTrees.Tests.dll" adapterTypeName="executor://mstestadapter/v2" className="ExpressiveExpressionTrees.Tests.ExpressionComparerTests.ListInitExpressionComparerTests" name="Test010" /></UnitTest><UnitTest name="Test001" storage="/home/hannasm/expressiveexpressiontreesdotnet/expressiveexpressiontrees.tests/bin/debug/netcoreapp2.0/expressiveexpressiontrees.tests.dll" id="2eec0d6f-444e-8932-dfe0-24eb22cca782"><Execution id="95a07233-4b4d-4719-86e4-c538bb74afdc" /><TestMethod codeBase="/home/hannasm/ExpressiveExpressionTreesDotNet/ExpressiveExpressionTrees.Tests/bin/Debug/netcoreapp2.0/ExpressiveExpressionTrees.Tests.dll" adapterTypeName="executor://mstestadapter/v2" className="ExpressiveExpressionTrees.Tests.ExpressionReaderTests" name="Test001" /></UnitTest><UnitTest name="Test024" storage="/home/hannasm/expressiveexpressiontreesdotnet/expressiveexpressiontrees.tests/bin/debug/netcoreapp2.0/expressiveexpressiontrees.tests.dll" id="3908bf64-cc0c-ef48-2031-3ade37673e09"><Execution id="5d62da0e-41e1-448e-aec4-22f2133dc3c4" /><TestMethod codeBase="/home/hannasm/ExpressiveExpressionTreesDotNet/ExpressiveExpressionTrees.Tests/bin/Debug/netcoreapp2.0/ExpressiveExpressionTrees.Tests.dll" adapterTypeName="executor://mstestadapter/v2" className="ExpressiveExpressionTrees.Tests.ExpressionComparerTests.NewExpressionComparerTests" name="Test024" /></UnitTest><UnitTest name="Test009" storage="/home/hannasm/expressiveexpressiontreesdotnet/expressiveexpressiontrees.tests/bin/debug/netcoreapp2.0/expressiveexpressiontrees.tests.dll" id="8b8e6b9a-3492-b121-1bdd-682d524e890e"><Execution id="75f751d1-7d93-44a0-ab48-fac0e2061915" /><TestMethod codeBase="/home/hannasm/ExpressiveExpressionTreesDotNet/ExpressiveExpressionTrees.Tests/bin/Debug/netcoreapp2.0/ExpressiveExpressionTrees.Tests.dll" adapterTypeName="executor://mstestadapter/v2" className="ExpressiveExpressionTrees.Tests.ExpressionHasherTests.ConstantExpressionHasherTests" name="Test009" /></UnitTest><UnitTest name="Test233" storage="/home/hannasm/expressiveexpressiontreesdotnet/expressiveexpressiontrees.tests/bin/debug/netcoreapp2.0/expressiveexpressiontrees.tests.dll" id="e49a0600-6c18-0a7f-0a9a-abbdbc0f03d5"><Execution id="c2beab07-fe62-4f91-86cd-22e160e5a7ac" /><TestMethod codeBase="/home/hannasm/ExpressiveExpressionTreesDotNet/ExpressiveExpressionTrees.Tests/bin/Debug/netcoreapp2.0/ExpressiveExpressionTrees.Tests.dll" adapterTypeName="executor://mstestadapter/v2" className="ExpressiveExpressionTrees.Tests.ExpressionVisitorTest.BinaryVisitorTests" name="Test233" /></UnitTest><UnitTest name="Test026" storage="/home/hannasm/expressiveexpressiontreesdotnet/expressiveexpressiontrees.tests/bin/debug/netcoreapp2.0/expressiveexpressiontrees.tests.dll" id="90486f86-b5fa-28ea-2572-16b54b9b227b"><Execution id="61e234d0-ad18-422d-a8cb-0289a72deb27" /><TestMethod codeBase="/home/hannasm/ExpressiveExpressionTreesDotNet/ExpressiveExpressionTrees.Tests/bin/Debug/netcoreapp2.0/ExpressiveExpressionTrees.Tests.dll" adapterTypeName="executor://mstestadapter/v2" className="ExpressiveExpressionTrees.Tests.ExpressionComparerTests.ListInitExpressionComparerTests" name="Test026" /></UnitTest><UnitTest name="Test014" storage="/home/hannasm/expressiveexpressiontreesdotnet/expressiveexpressiontrees.tests/bin/debug/netcoreapp2.0/expressiveexpressiontrees.tests.dll" id="950dffd6-bfbf-1bfd-bede-1c643e8605c6"><Execution id="77fde477-252f-4a94-83c2-d498fe209bb5" /><TestMethod codeBase="/home/hannasm/ExpressiveExpressionTreesDotNet/ExpressiveExpressionTrees.Tests/bin/Debug/netcoreapp2.0/ExpressiveExpressionTrees.Tests.dll" adapterTypeName="executor://mstestadapter/v2" className="ExpressiveExpressionTrees.Tests.ExpressionHasherTests.UnaryExpressionHasherTests" name="Test014" /></UnitTest><UnitTest name="Test043" storage="/home/hannasm/expressiveexpressiontreesdotnet/expressiveexpressiontrees.tests/bin/debug/netcoreapp2.0/expressiveexpressiontrees.tests.dll" id="5cb8f06b-4c0a-1585-ed4f-3dcbf40e8154"><Execution id="80ff8d25-1ebd-4cab-b3c2-281f8174040c" /><TestMethod codeBase="/home/hannasm/ExpressiveExpressionTreesDotNet/ExpressiveExpressionTrees.Tests/bin/Debug/netcoreapp2.0/ExpressiveExpressionTrees.Tests.dll" adapterTypeName="executor://mstestadapter/v2" className="ExpressiveExpressionTrees.Tests.ExpressionGeneratorMakeBinaryTests" name="Test043" /></UnitTest><UnitTest name="Test407" storage="/home/hannasm/expressiveexpressiontreesdotnet/expressiveexpressiontrees.tests/bin/debug/netcoreapp2.0/expressiveexpressiontrees.tests.dll" id="81e3514c-85b5-13db-9900-b20627ac61fb"><Execution id="0e3c9244-88c3-41f9-aebb-03ad92cbdf0b" /><TestMethod codeBase="/home/hannasm/ExpressiveExpressionTreesDotNet/ExpressiveExpressionTrees.Tests/bin/Debug/netcoreapp2.0/ExpressiveExpressionTrees.Tests.dll" adapterTypeName="executor://mstestadapter/v2" className="ExpressiveExpressionTrees.Tests.ExpressionVisitorTest.BinaryVisitorTests" name="Test407" /></UnitTest><UnitTest name="Test005" storage="/home/hannasm/expressiveexpressiontreesdotnet/expressiveexpressiontrees.tests/bin/debug/netcoreapp2.0/expressiveexpressiontrees.tests.dll" id="c896acc5-0b1b-5ef1-2b33-a42adaf3c693"><Execution id="d1d8986f-1d64-46f5-aa6b-84a5e573f798" /><TestMethod codeBase="/home/hannasm/ExpressiveExpressionTreesDotNet/ExpressiveExpressionTrees.Tests/bin/Debug/netcoreapp2.0/ExpressiveExpressionTrees.Tests.dll" adapterTypeName="executor://mstestadapter/v2" className="ExpressiveExpressionTrees.Tests.ExpressionVisitorTest.UnaryVisitorTests" name="Test005" /></UnitTest><UnitTest name="Test039" storage="/home/hannasm/expressiveexpressiontreesdotnet/expressiveexpressiontrees.tests/bin/debug/netcoreapp2.0/expressiveexpressiontrees.tests.dll" id="1a7fa820-823c-22ae-a932-27f1ba39c948"><Execution id="a6cbdd80-3682-41e5-85fe-42695306d9c9" /><TestMethod codeBase="/home/hannasm/ExpressiveExpressionTreesDotNet/ExpressiveExpressionTrees.Tests/bin/Debug/netcoreapp2.0/ExpressiveExpressionTrees.Tests.dll" adapterTypeName="executor://mstestadapter/v2" className="ExpressiveExpressionTrees.Tests.ExpressionHasherTests.BindingsExpressionHasherTests" name="Test039" /></UnitTest><UnitTest name="Test014" storage="/home/hannasm/expressiveexpressiontreesdotnet/expressiveexpressiontrees.tests/bin/debug/netcoreapp2.0/expressiveexpressiontrees.tests.dll" id="91f3c23a-de49-fffe-8f02-51675c0814fa"><Execution id="8234c998-0175-4264-812c-f786093f7829" /><TestMethod codeBase="/home/hannasm/ExpressiveExpressionTreesDotNet/ExpressiveExpressionTrees.Tests/bin/Debug/netcoreapp2.0/ExpressiveExpressionTrees.Tests.dll" adapterTypeName="executor://mstestadapter/v2" className="ExpressiveExpressionTrees.Tests.ExpressionGeneratorFromFuncTests" name="Test014" /></UnitTest><UnitTest name="Test005" storage="/home/hannasm/expressiveexpressiontreesdotnet/expressiveexpressiontrees.tests/bin/debug/netcoreapp2.0/expressiveexpressiontrees.tests.dll" id="7b0ec8b3-7823-022d-96c3-7ae46985c5ea"><Execution id="271ad18e-6edd-4870-bfe3-a4f1c5f00610" /><TestMethod codeBase="/home/hannasm/ExpressiveExpressionTreesDotNet/ExpressiveExpressionTrees.Tests/bin/Debug/netcoreapp2.0/ExpressiveExpressionTrees.Tests.dll" adapterTypeName="executor://mstestadapter/v2" className="ExpressiveExpressionTrees.Tests.ExpressionComparerTests.ConstantExpressionComparerTests" name="Test005" /></UnitTest><UnitTest name="Test001" storage="/home/hannasm/expressiveexpressiontreesdotnet/expressiveexpressiontrees.tests/bin/debug/netcoreapp2.0/expressiveexpressiontrees.tests.dll" id="32c52e47-4400-ebf4-da81-fbd8457eee7b"><Execution id="346fea47-66aa-4527-a444-8a34424600e2" /><TestMethod codeBase="/home/hannasm/ExpressiveExpressionTreesDotNet/ExpressiveExpressionTrees.Tests/bin/Debug/netcoreapp2.0/ExpressiveExpressionTrees.Tests.dll" adapterTypeName="executor://mstestadapter/v2" className="ExpressiveExpressionTrees.Tests.ExpressionVisitorTest.NewArrayVisitorTests" name="Test001" /></UnitTest><UnitTest name="Test001" storage="/home/hannasm/expressiveexpressiontreesdotnet/expressiveexpressiontrees.tests/bin/debug/netcoreapp2.0/expressiveexpressiontrees.tests.dll" id="15da13f8-d4cb-0357-3c4f-4e778c7f62cc"><Execution id="007b1c55-5854-4a1a-9d4d-90ea81419d7b" /><TestMethod codeBase="/home/hannasm/ExpressiveExpressionTreesDotNet/ExpressiveExpressionTrees.Tests/bin/Debug/netcoreapp2.0/ExpressiveExpressionTrees.Tests.dll" adapterTypeName="executor://mstestadapter/v2" className="ExpressiveExpressionTrees.Tests.ExpressionGeneratorMakeBinaryTests" name="Test001" /></UnitTest><UnitTest name="Test001" storage="/home/hannasm/expressiveexpressiontreesdotnet/expressiveexpressiontrees.tests/bin/debug/netcoreapp2.0/expressiveexpressiontrees.tests.dll" id="f9780b4d-685d-3695-d6eb-be311ff6f2f1"><Execution id="73b40676-e728-47bf-a8d3-68e0f1a86735" /><TestMethod codeBase="/home/hannasm/ExpressiveExpressionTreesDotNet/ExpressiveExpressionTrees.Tests/bin/Debug/netcoreapp2.0/ExpressiveExpressionTrees.Tests.dll" adapterTypeName="executor://mstestadapter/v2" className="ExpressiveExpressionTrees.Tests.ExpressionHasherTests.BinaryExpressionHasherTests" name="Test001" /></UnitTest><UnitTest name="Test036" storage="/home/hannasm/expressiveexpressiontreesdotnet/expressiveexpressiontrees.tests/bin/debug/netcoreapp2.0/expressiveexpressiontrees.tests.dll" id="8b47cc17-d1db-13a3-15dc-d4325559afeb"><Execution id="7e5bcb19-c753-49c3-8335-a7b3385369fa" /><TestMethod codeBase="/home/hannasm/ExpressiveExpressionTreesDotNet/ExpressiveExpressionTrees.Tests/bin/Debug/netcoreapp2.0/ExpressiveExpressionTrees.Tests.dll" adapterTypeName="executor://mstestadapter/v2" className="ExpressiveExpressionTrees.Tests.ExpressionVisitorTest.NewVisitorTests" name="Test036" /></UnitTest><UnitTest name="Test012" storage="/home/hannasm/expressiveexpressiontreesdotnet/expressiveexpressiontrees.tests/bin/debug/netcoreapp2.0/expressiveexpressiontrees.tests.dll" id="37bfe4b8-3b96-8b65-7ef5-526266c9b3cf"><Execution id="310c9b38-5fe0-4c5c-8c76-4d0a79047abc" /><TestMethod codeBase="/home/hannasm/ExpressiveExpressionTreesDotNet/ExpressiveExpressionTrees.Tests/bin/Debug/netcoreapp2.0/ExpressiveExpressionTrees.Tests.dll" adapterTypeName="executor://mstestadapter/v2" className="ExpressiveExpressionTrees.Tests.ExpressionComparerTests.ListInitExpressionComparerTests" name="Test012" /></UnitTest><UnitTest name="Test012" storage="/home/hannasm/expressiveexpressiontreesdotnet/expressiveexpressiontrees.tests/bin/debug/netcoreapp2.0/expressiveexpressiontrees.tests.dll" id="a338ebc7-efab-2902-faa1-7bc7206acea8"><Execution id="e2a772bd-ec54-4611-9761-301359d6e313" /><TestMethod codeBase="/home/hannasm/ExpressiveExpressionTreesDotNet/ExpressiveExpressionTrees.Tests/bin/Debug/netcoreapp2.0/ExpressiveExpressionTrees.Tests.dll" adapterTypeName="executor://mstestadapter/v2" className="ExpressiveExpressionTrees.Tests.ExpressionVisitorTest.BlockVisitorTests" name="Test012" /></UnitTest><UnitTest name="Test021" storage="/home/hannasm/expressiveexpressiontreesdotnet/expressiveexpressiontrees.tests/bin/debug/netcoreapp2.0/expressiveexpressiontrees.tests.dll" id="03dadbbe-0c88-941d-5bf4-0b280f119d5d"><Execution id="2311046b-300c-4ea7-8538-82631dd11097" /><TestMethod codeBase="/home/hannasm/ExpressiveExpressionTreesDotNet/ExpressiveExpressionTrees.Tests/bin/Debug/netcoreapp2.0/ExpressiveExpressionTrees.Tests.dll" adapterTypeName="executor://mstestadapter/v2" className="ExpressiveExpressionTrees.Tests.ExpressionHasherTests.TryCatchExpressionHasherTests" name="Test021" /></UnitTest><UnitTest name="Test033" storage="/home/hannasm/expressiveexpressiontreesdotnet/expressiveexpressiontrees.tests/bin/debug/netcoreapp2.0/expressiveexpressiontrees.tests.dll" id="d89f8ef5-5d5c-d258-8a12-4139747fa9b0"><Execution id="008541e9-0a63-4b52-84f0-561bf223c797" /><TestMethod codeBase="/home/hannasm/ExpressiveExpressionTreesDotNet/ExpressiveExpressionTrees.Tests/bin/Debug/netcoreapp2.0/ExpressiveExpressionTrees.Tests.dll" adapterTypeName="executor://mstestadapter/v2" className="ExpressiveExpressionTrees.Tests.ExpressionComparerTests.BindingsExpressionComparerTests" name="Test033" /></UnitTest><UnitTest name="Test051" storage="/home/hannasm/expressiveexpressiontreesdotnet/expressiveexpressiontrees.tests/bin/debug/netcoreapp2.0/expressiveexpressiontrees.tests.dll" id="a1d2056a-4509-aadf-5d65-384e7e2f5be6"><Execution id="7684747c-dd29-4315-a4ae-421a9c18a380" /><TestMethod codeBase="/home/hannasm/ExpressiveExpressionTreesDotNet/ExpressiveExpressionTrees.Tests/bin/Debug/netcoreapp2.0/ExpressiveExpressionTrees.Tests.dll" adapterTypeName="executor://mstestadapter/v2" className="ExpressiveExpressionTrees.Tests.ExpressionGeneratorTests" name="Test051" /></UnitTest><UnitTest name="Test025" storage="/home/hannasm/expressiveexpressiontreesdotnet/expressiveexpressiontrees.tests/bin/debug/netcoreapp2.0/expressiveexpressiontrees.tests.dll" id="3c7cbf23-af0b-397f-096e-de355b5072c5"><Execution id="6fdc1e74-f92c-402e-b06c-e4b09a628eb3" /><TestMethod codeBase="/home/hannasm/ExpressiveExpressionTreesDotNet/ExpressiveExpressionTrees.Tests/bin/Debug/netcoreapp2.0/ExpressiveExpressionTrees.Tests.dll" adapterTypeName="executor://mstestadapter/v2" className="ExpressiveExpressionTrees.Tests.ExpressionVisitorTest.ListInitVisitorTests" name="Test025" /></UnitTest><UnitTest name="Test002" storage="/home/hannasm/expressiveexpressiontreesdotnet/expressiveexpressiontrees.tests/bin/debug/netcoreapp2.0/expressiveexpressiontrees.tests.dll" id="74737c34-bd2f-92cb-5f14-e7af595b872f"><Execution id="612c2c74-4d76-4382-9ee9-cb4bb0765162" /><TestMethod codeBase="/home/hannasm/ExpressiveExpressionTreesDotNet/ExpressiveExpressionTrees.Tests/bin/Debug/netcoreapp2.0/ExpressiveExpressionTrees.Tests.dll" adapterTypeName="executor://mstestadapter/v2" className="ExpressiveExpressionTrees.Tests.ExpressionHasherTests.NewExpressionHasherTests" name="Test002" /></UnitTest><UnitTest name="Test044" storage="/home/hannasm/expressiveexpressiontreesdotnet/expressiveexpressiontrees.tests/bin/debug/netcoreapp2.0/expressiveexpressiontrees.tests.dll" id="9fbcd245-9c7b-f6e5-1420-ae0a06d76730"><Execution id="4f463d88-5d99-49ea-85a2-211bc99d865e" /><TestMethod codeBase="/home/hannasm/ExpressiveExpressionTreesDotNet/ExpressiveExpressionTrees.Tests/bin/Debug/netcoreapp2.0/ExpressiveExpressionTrees.Tests.dll" adapterTypeName="executor://mstestadapter/v2" className="ExpressiveExpressionTrees.Tests.ExpressionVisitorTest.NewVisitorTests" name="Test044" /></UnitTest><UnitTest name="Test018" storage="/home/hannasm/expressiveexpressiontreesdotnet/expressiveexpressiontrees.tests/bin/debug/netcoreapp2.0/expressiveexpressiontrees.tests.dll" id="c8946236-0b7a-668f-d894-3965bc646fc3"><Execution id="cc087087-c95a-4a88-836a-cc11d2c4f9d4" /><TestMethod codeBase="/home/hannasm/ExpressiveExpressionTreesDotNet/ExpressiveExpressionTrees.Tests/bin/Debug/netcoreapp2.0/ExpressiveExpressionTrees.Tests.dll" adapterTypeName="executor://mstestadapter/v2" className="ExpressiveExpressionTrees.Tests.ExpressionComparerTests.NewExpressionComparerTests" name="Test018" /></UnitTest><UnitTest name="Test001" storage="/home/hannasm/expressiveexpressiontreesdotnet/expressiveexpressiontrees.tests/bin/debug/netcoreapp2.0/expressiveexpressiontrees.tests.dll" id="54c6494d-581a-3df1-599c-3e1e996b01ad"><Execution id="4ad7126f-dabd-4a26-976a-dc64d6b2788a" /><TestMethod codeBase="/home/hannasm/ExpressiveExpressionTreesDotNet/ExpressiveExpressionTrees.Tests/bin/Debug/netcoreapp2.0/ExpressiveExpressionTrees.Tests.dll" adapterTypeName="executor://mstestadapter/v2" className="ExpressiveExpressionTrees.Tests.ExpressionComparerTests.MemberAccessExpressionComparerTests" name="Test001" /></UnitTest><UnitTest name="Test016" storage="/home/hannasm/expressiveexpressiontreesdotnet/expressiveexpressiontrees.tests/bin/debug/netcoreapp2.0/expressiveexpressiontrees.tests.dll" id="5a622c44-9a2c-3963-0cef-d2351c2bbc02"><Execution id="e2c1fe41-0b28-4d6c-bde2-dbf98b21d01f" /><TestMethod codeBase="/home/hannasm/ExpressiveExpressionTreesDotNet/ExpressiveExpressionTrees.Tests/bin/Debug/netcoreapp2.0/ExpressiveExpressionTrees.Tests.dll" adapterTypeName="executor://mstestadapter/v2" className="ExpressiveExpressionTrees.Tests.ExpressionHasherTests.UnaryExpressionHasherTests" name="Test016" /></UnitTest><UnitTest name="Test006" storage="/home/hannasm/expressiveexpressiontreesdotnet/expressiveexpressiontrees.tests/bin/debug/netcoreapp2.0/expressiveexpressiontrees.tests.dll" id="fa16610d-2c78-f414-1db9-9121cc13d3a6"><Execution id="3b66b8fb-b7ac-4e4c-865f-f6fd2a96da25" /><TestMethod codeBase="/home/hannasm/ExpressiveExpressionTreesDotNet/ExpressiveExpressionTrees.Tests/bin/Debug/netcoreapp2.0/ExpressiveExpressionTrees.Tests.dll" adapterTypeName="executor://mstestadapter/v2" className="ExpressiveExpressionTrees.Tests.ExpressionGeneratorFromFuncTests" name="Test006" /></UnitTest><UnitTest name="Test007" storage="/home/hannasm/expressiveexpressiontreesdotnet/expressiveexpressiontrees.tests/bin/debug/netcoreapp2.0/expressiveexpressiontrees.tests.dll" id="be9815a8-9264-1396-6785-ccaea7c67c90"><Execution id="305e0ec7-8aa7-4ab7-950b-0f57371f5934" /><TestMethod codeBase="/home/hannasm/ExpressiveExpressionTreesDotNet/ExpressiveExpressionTrees.Tests/bin/Debug/netcoreapp2.0/ExpressiveExpressionTrees.Tests.dll" adapterTypeName="executor://mstestadapter/v2" className="ExpressiveExpressionTrees.Tests.ExpressionComparerTests.UnaryExpressionComparerTests" name="Test007" /></UnitTest><UnitTest name="Test004" storage="/home/hannasm/expressiveexpressiontreesdotnet/expressiveexpressiontrees.tests/bin/debug/netcoreapp2.0/expressiveexpressiontrees.tests.dll" id="dc0b34e2-8522-1650-bdab-d35c5c7f3557"><Execution id="3e6436e7-807f-4eaf-a9c0-371abbf20a12" /><TestMethod codeBase="/home/hannasm/ExpressiveExpressionTreesDotNet/ExpressiveExpressionTrees.Tests/bin/Debug/netcoreapp2.0/ExpressiveExpressionTrees.Tests.dll" adapterTypeName="executor://mstestadapter/v2" className="ExpressiveExpressionTrees.Tests.ExpressionGeneratorFromFuncTests" name="Test004" /></UnitTest><UnitTest name="Test019" storage="/home/hannasm/expressiveexpressiontreesdotnet/expressiveexpressiontrees.tests/bin/debug/netcoreapp2.0/expressiveexpressiontrees.tests.dll" id="bc76358e-f3a4-cc14-fae9-235bbe605577"><Execution id="8e29f33f-b4fe-43ad-a1c3-b68a944cb126" /><TestMethod codeBase="/home/hannasm/ExpressiveExpressionTreesDotNet/ExpressiveExpressionTrees.Tests/bin/Debug/netcoreapp2.0/ExpressiveExpressionTrees.Tests.dll" adapterTypeName="executor://mstestadapter/v2" className="ExpressiveExpressionTrees.Tests.ExpressionHasherTests.BindingsExpressionHasherTests" name="Test019" /></UnitTest><UnitTest name="Test016" storage="/home/hannasm/expressiveexpressiontreesdotnet/expressiveexpressiontrees.tests/bin/debug/netcoreapp2.0/expressiveexpressiontrees.tests.dll" id="a51da197-335b-2dd4-a377-8efb5589189b"><Execution id="11265696-5ab9-401a-810b-9843c4d1e187" /><TestMethod codeBase="/home/hannasm/ExpressiveExpressionTreesDotNet/ExpressiveExpressionTrees.Tests/bin/Debug/netcoreapp2.0/ExpressiveExpressionTrees.Tests.dll" adapterTypeName="executor://mstestadapter/v2" className="ExpressiveExpressionTrees.Tests.ExpressionComparerTests.MemberInitVisitorTests" name="Test016" /></UnitTest><UnitTest name="Test012" storage="/home/hannasm/expressiveexpressiontreesdotnet/expressiveexpressiontrees.tests/bin/debug/netcoreapp2.0/expressiveexpressiontrees.tests.dll" id="97a9cfe4-66de-979a-e87a-7ac87fa38049"><Execution id="ca5c49c8-fdf7-4912-9d48-2aab335efaf4" /><TestMethod codeBase="/home/hannasm/ExpressiveExpressionTreesDotNet/ExpressiveExpressionTrees.Tests/bin/Debug/netcoreapp2.0/ExpressiveExpressionTrees.Tests.dll" adapterTypeName="executor://mstestadapter/v2" className="ExpressiveExpressionTrees.Tests.ExpressionComparerTests.NewExpressionComparerTests" name="Test012" /></UnitTest><UnitTest name="Test010" storage="/home/hannasm/expressiveexpressiontreesdotnet/expressiveexpressiontrees.tests/bin/debug/netcoreapp2.0/expressiveexpressiontrees.tests.dll" id="7faf9e26-5761-c6fe-881d-48af529e2079"><Execution id="a5c04b0c-35a2-4d1e-bc06-b220df7d4edf" /><TestMethod codeBase="/home/hannasm/ExpressiveExpressionTreesDotNet/ExpressiveExpressionTrees.Tests/bin/Debug/netcoreapp2.0/ExpressiveExpressionTrees.Tests.dll" adapterTypeName="executor://mstestadapter/v2" className="ExpressiveExpressionTrees.Tests.ExpressionVisitorTest.IndexerVisitorTests" name="Test010" /></UnitTest><UnitTest name="Test022" storage="/home/hannasm/expressiveexpressiontreesdotnet/expressiveexpressiontrees.tests/bin/debug/netcoreapp2.0/expressiveexpressiontrees.tests.dll" id="2f3c23cd-2eb8-9a32-7161-e99b4111836a"><Execution id="9712adf6-fbff-4e26-9cbc-c88633c994f0" /><TestMethod codeBase="/home/hannasm/ExpressiveExpressionTreesDotNet/ExpressiveExpressionTrees.Tests/bin/Debug/netcoreapp2.0/ExpressiveExpressionTrees.Tests.dll" adapterTypeName="executor://mstestadapter/v2" className="ExpressiveExpressionTrees.Tests.ExpressionHasherTests.ListInitExpressionHasherTests" name="Test022" /></UnitTest><UnitTest name="Test016" storage="/home/hannasm/expressiveexpressiontreesdotnet/expressiveexpressiontrees.tests/bin/debug/netcoreapp2.0/expressiveexpressiontrees.tests.dll" id="fef08f92-9e40-7e1f-12a6-8ea2e05f714c"><Execution id="7348de99-3337-4993-aace-7a1aa6af290f" /><TestMethod codeBase="/home/hannasm/ExpressiveExpressionTreesDotNet/ExpressiveExpressionTrees.Tests/bin/Debug/netcoreapp2.0/ExpressiveExpressionTrees.Tests.dll" adapterTypeName="executor://mstestadapter/v2" className="ExpressiveExpressionTrees.Tests.ExpressionReplacerTests.ExpressionReplacerUseCases" name="Test016" /></UnitTest><UnitTest name="Test013" storage="/home/hannasm/expressiveexpressiontreesdotnet/expressiveexpressiontrees.tests/bin/debug/netcoreapp2.0/expressiveexpressiontrees.tests.dll" id="08f54eed-a22d-d0e2-f612-beca14392363"><Execution id="f8dbfa4b-9099-47e8-8535-794ebcd95511" /><TestMethod codeBase="/home/hannasm/ExpressiveExpressionTreesDotNet/ExpressiveExpressionTrees.Tests/bin/Debug/netcoreapp2.0/ExpressiveExpressionTrees.Tests.dll" adapterTypeName="executor://mstestadapter/v2" className="ExpressiveExpressionTrees.Tests.ExpressionHasherTests.NewArrayExpressionHasherTests" name="Test013" /></UnitTest><UnitTest name="Test011" storage="/home/hannasm/expressiveexpressiontreesdotnet/expressiveexpressiontrees.tests/bin/debug/netcoreapp2.0/expressiveexpressiontrees.tests.dll" id="db608db9-6456-b58e-2f96-cfc93ff9d828"><Execution id="153ea4fc-08d8-45c3-ac0b-a0cc5c36117f" /><TestMethod codeBase="/home/hannasm/ExpressiveExpressionTreesDotNet/ExpressiveExpressionTrees.Tests/bin/Debug/netcoreapp2.0/ExpressiveExpressionTrees.Tests.dll" adapterTypeName="executor://mstestadapter/v2" className="ExpressiveExpressionTrees.Tests.ExpressionGeneratorTests" name="Test011" /></UnitTest><UnitTest name="Test030" storage="/home/hannasm/expressiveexpressiontreesdotnet/expressiveexpressiontrees.tests/bin/debug/netcoreapp2.0/expressiveexpressiontrees.tests.dll" id="15cd089b-e1a9-7384-33e9-19c1ba629a81"><Execution id="4739f03e-d029-4013-b2e6-d4cbc7602dff" /><TestMethod codeBase="/home/hannasm/ExpressiveExpressionTreesDotNet/ExpressiveExpressionTrees.Tests/bin/Debug/netcoreapp2.0/ExpressiveExpressionTrees.Tests.dll" adapterTypeName="executor://mstestadapter/v2" className="ExpressiveExpressionTrees.Tests.ExpressionGeneratorFromFuncTests" name="Test030" /></UnitTest><UnitTest name="Test019" storage="/home/hannasm/expressiveexpressiontreesdotnet/expressiveexpressiontrees.tests/bin/debug/netcoreapp2.0/expressiveexpressiontrees.tests.dll" id="1b5fd30d-edb5-9d57-f34d-4cf65b1b9a89"><Execution id="f341f22f-6b01-42c9-b5c1-1225f9dd8b82" /><TestMethod codeBase="/home/hannasm/ExpressiveExpressionTreesDotNet/ExpressiveExpressionTrees.Tests/bin/Debug/netcoreapp2.0/ExpressiveExpressionTrees.Tests.dll" adapterTypeName="executor://mstestadapter/v2" className="ExpressiveExpressionTrees.Tests.ExpressionComparerTests.ListInitExpressionComparerTests" name="Test019" /></UnitTest><UnitTest name="Test030" storage="/home/hannasm/expressiveexpressiontreesdotnet/expressiveexpressiontrees.tests/bin/debug/netcoreapp2.0/expressiveexpressiontrees.tests.dll" id="4e39685d-2190-acb6-58ba-af3488f82584"><Execution id="24945aa9-2b94-4601-bd70-e060bd97e6d8" /><TestMethod codeBase="/home/hannasm/ExpressiveExpressionTreesDotNet/ExpressiveExpressionTrees.Tests/bin/Debug/netcoreapp2.0/ExpressiveExpressionTrees.Tests.dll" adapterTypeName="executor://mstestadapter/v2" className="ExpressiveExpressionTrees.Tests.ExpressionVisitorTest.UnaryVisitorTests" name="Test030" /></UnitTest><UnitTest name="Test026" storage="/home/hannasm/expressiveexpressiontreesdotnet/expressiveexpressiontrees.tests/bin/debug/netcoreapp2.0/expressiveexpressiontrees.tests.dll" id="11a00a87-8037-b21b-5f86-9fb495ab1368"><Execution id="e6c32b61-5bb9-4f68-b9f2-20547aad9181" /><TestMethod codeBase="/home/hannasm/ExpressiveExpressionTreesDotNet/ExpressiveExpressionTrees.Tests/bin/Debug/netcoreapp2.0/ExpressiveExpressionTrees.Tests.dll" adapterTypeName="executor://mstestadapter/v2" className="ExpressiveExpressionTrees.Tests.ExpressionVisitorTest.InvokeVisitorTests" name="Test026" /></UnitTest><UnitTest name="Test056" storage="/home/hannasm/expressiveexpressiontreesdotnet/expressiveexpressiontrees.tests/bin/debug/netcoreapp2.0/expressiveexpressiontrees.tests.dll" id="0b865937-8fd9-434a-068d-559aaf1442d7"><Execution id="c947f0a8-30ae-4bde-9dd4-6c353be8cf49" /><TestMethod codeBase="/home/hannasm/ExpressiveExpressionTreesDotNet/ExpressiveExpressionTrees.Tests/bin/Debug/netcoreapp2.0/ExpressiveExpressionTrees.Tests.dll" adapterTypeName="executor://mstestadapter/v2" className="ExpressiveExpressionTrees.Tests.ExpressionHasherTests.BindingsExpressionHasherTests" name="Test056" /></UnitTest><UnitTest name="Test011" storage="/home/hannasm/expressiveexpressiontreesdotnet/expressiveexpressiontrees.tests/bin/debug/netcoreapp2.0/expressiveexpressiontrees.tests.dll" id="664bd9d3-0787-cfda-b4cc-7f16a8f16127"><Execution id="774556da-5c42-438a-9487-d813da7abf30" /><TestMethod codeBase="/home/hannasm/ExpressiveExpressionTreesDotNet/ExpressiveExpressionTrees.Tests/bin/Debug/netcoreapp2.0/ExpressiveExpressionTrees.Tests.dll" adapterTypeName="executor://mstestadapter/v2" className="ExpressiveExpressionTrees.Tests.ExpressionHasherTests.ListInitExpressionHasherTests" name="Test011" /></UnitTest><UnitTest name="Test006" storage="/home/hannasm/expressiveexpressiontreesdotnet/expressiveexpressiontrees.tests/bin/debug/netcoreapp2.0/expressiveexpressiontrees.tests.dll" id="75bff483-61d9-095c-68ef-a2132e6f0f8f"><Execution id="28d4443d-91d6-40bc-b0d9-4fe35add7469" /><TestMethod codeBase="/home/hannasm/ExpressiveExpressionTreesDotNet/ExpressiveExpressionTrees.Tests/bin/Debug/netcoreapp2.0/ExpressiveExpressionTrees.Tests.dll" adapterTypeName="executor://mstestadapter/v2" className="ExpressiveExpressionTrees.Tests.ExpressionComparerTests.ListInitExpressionComparerTests" name="Test006" /></UnitTest><UnitTest name="Test005" storage="/home/hannasm/expressiveexpressiontreesdotnet/expressiveexpressiontrees.tests/bin/debug/netcoreapp2.0/expressiveexpressiontrees.tests.dll" id="3094a9be-8a8c-6ba7-9530-bc5f7f2e10b2"><Execution id="0e6b950e-6c20-4495-bd8a-4e15dcc3ddf7" /><TestMethod codeBase="/home/hannasm/ExpressiveExpressionTreesDotNet/ExpressiveExpressionTrees.Tests/bin/Debug/netcoreapp2.0/ExpressiveExpressionTrees.Tests.dll" adapterTypeName="executor://mstestadapter/v2" className="ExpressiveExpressionTrees.Tests.ExpressionHasherTests.BindingsExpressionHasherTests" name="Test005" /></UnitTest><UnitTest name="Test025" storage="/home/hannasm/expressiveexpressiontreesdotnet/expressiveexpressiontrees.tests/bin/debug/netcoreapp2.0/expressiveexpressiontrees.tests.dll" id="2e70ebc3-f3fc-690d-74bf-0963e0e5f25a"><Execution id="e5c61152-6f3c-458b-821c-d472bace3322" /><TestMethod codeBase="/home/hannasm/ExpressiveExpressionTreesDotNet/ExpressiveExpressionTrees.Tests/bin/Debug/netcoreapp2.0/ExpressiveExpressionTrees.Tests.dll" adapterTypeName="executor://mstestadapter/v2" className="ExpressiveExpressionTrees.Tests.ExpressionComparerTests.ListInitExpressionComparerTests" name="Test025" /></UnitTest><UnitTest name="Test083" storage="/home/hannasm/expressiveexpressiontreesdotnet/expressiveexpressiontrees.tests/bin/debug/netcoreapp2.0/expressiveexpressiontrees.tests.dll" id="61ccca46-a516-a934-3842-a3bb67122477"><Execution id="bc04ce91-7a45-4822-a6a5-847eafdf6a7a" /><TestMethod codeBase="/home/hannasm/ExpressiveExpressionTreesDotNet/ExpressiveExpressionTrees.Tests/bin/Debug/netcoreapp2.0/ExpressiveExpressionTrees.Tests.dll" adapterTypeName="executor://mstestadapter/v2" className="ExpressiveExpressionTrees.Tests.ExpressionGeneratorMakeBinaryTests" name="Test083" /></UnitTest><UnitTest name="Test012" storage="/home/hannasm/expressiveexpressiontreesdotnet/expressiveexpressiontrees.tests/bin/debug/netcoreapp2.0/expressiveexpressiontrees.tests.dll" id="74c6d2de-a4dd-8016-0faf-bb9049558437"><Execution id="64166edc-1275-474c-9bbc-eb73e7337e0b" /><TestMethod codeBase="/home/hannasm/ExpressiveExpressionTreesDotNet/ExpressiveExpressionTrees.Tests/bin/Debug/netcoreapp2.0/ExpressiveExpressionTrees.Tests.dll" adapterTypeName="executor://mstestadapter/v2" className="ExpressiveExpressionTrees.Tests.ExpressionComparerTests.UnaryExpressionComparerTests" name="Test012" /></UnitTest><UnitTest name="Test003" storage="/home/hannasm/expressiveexpressiontreesdotnet/expressiveexpressiontrees.tests/bin/debug/netcoreapp2.0/expressiveexpressiontrees.tests.dll" id="f3ccafd7-8cc2-c783-11c1-30bb153c9d58"><Execution id="d98b4de0-27aa-4f64-ab36-78f884330945" /><TestMethod codeBase="/home/hannasm/ExpressiveExpressionTreesDotNet/ExpressiveExpressionTrees.Tests/bin/Debug/netcoreapp2.0/ExpressiveExpressionTrees.Tests.dll" adapterTypeName="executor://mstestadapter/v2" className="ExpressiveExpressionTrees.Tests.ExpressionHasherTests.TypeBinaryExpressionHasherTests" name="Test003" /></UnitTest><UnitTest name="Test024" storage="/home/hannasm/expressiveexpressiontreesdotnet/expressiveexpressiontrees.tests/bin/debug/netcoreapp2.0/expressiveexpressiontrees.tests.dll" id="24c4882e-01b0-aac2-04ab-1b39f494dc02"><Execution id="394e723f-7f12-46ff-aaa6-9f2995537b2b" /><TestMethod codeBase="/home/hannasm/ExpressiveExpressionTreesDotNet/ExpressiveExpressionTrees.Tests/bin/Debug/netcoreapp2.0/ExpressiveExpressionTrees.Tests.dll" adapterTypeName="executor://mstestadapter/v2" className="ExpressiveExpressionTrees.Tests.ExpressionGeneratorFromActionTests" name="Test024" /></UnitTest><UnitTest name="Test043" storage="/home/hannasm/expressiveexpressiontreesdotnet/expressiveexpressiontrees.tests/bin/debug/netcoreapp2.0/expressiveexpressiontrees.tests.dll" id="07e0457b-6cab-183b-cdee-c1a2d6ab80c1"><Execution id="506a6410-0bca-4bbe-9341-bd8d68c48c0f" /><TestMethod codeBase="/home/hannasm/ExpressiveExpressionTreesDotNet/ExpressiveExpressionTrees.Tests/bin/Debug/netcoreapp2.0/ExpressiveExpressionTrees.Tests.dll" adapterTypeName="executor://mstestadapter/v2" className="ExpressiveExpressionTrees.Tests.ExpressionVisitorTest.NewVisitorTests" name="Test043" /></UnitTest><UnitTest name="Test001" storage="/home/hannasm/expressiveexpressiontreesdotnet/expressiveexpressiontrees.tests/bin/debug/netcoreapp2.0/expressiveexpressiontrees.tests.dll" id="ab8f7417-d61f-e190-5086-bf849d39103e"><Execution id="45e592a4-bbc9-4337-9551-3358d547c35d" /><TestMethod codeBase="/home/hannasm/ExpressiveExpressionTreesDotNet/ExpressiveExpressionTrees.Tests/bin/Debug/netcoreapp2.0/ExpressiveExpressionTrees.Tests.dll" adapterTypeName="executor://mstestadapter/v2" className="ExpressiveExpressionTrees.Tests.ExpressionComparerTests.TryCatchExpressionComparerTests" name="Test001" /></UnitTest><UnitTest name="Test032" storage="/home/hannasm/expressiveexpressiontreesdotnet/expressiveexpressiontrees.tests/bin/debug/netcoreapp2.0/expressiveexpressiontrees.tests.dll" id="cd3b8a17-3a69-e136-80dc-645bcfb12bfb"><Execution id="adb6a057-e960-413b-8fff-a6a6a5a46e6d" /><TestMethod codeBase="/home/hannasm/ExpressiveExpressionTreesDotNet/ExpressiveExpressionTrees.Tests/bin/Debug/netcoreapp2.0/ExpressiveExpressionTrees.Tests.dll" adapterTypeName="executor://mstestadapter/v2" className="ExpressiveExpressionTrees.Tests.ExpressionGeneratorMakeBinaryTests" name="Test032" /></UnitTest><UnitTest name="Test009" storage="/home/hannasm/expressiveexpressiontreesdotnet/expressiveexpressiontrees.tests/bin/debug/netcoreapp2.0/expressiveexpressiontrees.tests.dll" id="4984c9be-1704-39c3-53f3-800c9b6bc186"><Execution id="be69ffcb-3b99-45d1-a417-6c57db88c523" /><TestMethod codeBase="/home/hannasm/ExpressiveExpressionTreesDotNet/ExpressiveExpressionTrees.Tests/bin/Debug/netcoreapp2.0/ExpressiveExpressionTrees.Tests.dll" adapterTypeName="executor://mstestadapter/v2" className="ExpressiveExpressionTrees.Tests.ExpressionVisitorTest.BlockVisitorTests" name="Test009" /></UnitTest><UnitTest name="Test059" storage="/home/hannasm/expressiveexpressiontreesdotnet/expressiveexpressiontrees.tests/bin/debug/netcoreapp2.0/expressiveexpressiontrees.tests.dll" id="e51ab198-0c34-c23f-e8b3-141c5fd619c3"><Execution id="bdfc7adc-a419-4ef4-9e6f-b7fb896bde82" /><TestMethod codeBase="/home/hannasm/ExpressiveExpressionTreesDotNet/ExpressiveExpressionTrees.Tests/bin/Debug/netcoreapp2.0/ExpressiveExpressionTrees.Tests.dll" adapterTypeName="executor://mstestadapter/v2" className="ExpressiveExpressionTrees.Tests.ExpressionHasherTests.BindingsExpressionHasherTests" name="Test059" /></UnitTest><UnitTest name="Test001" storage="/home/hannasm/expressiveexpressiontreesdotnet/expressiveexpressiontrees.tests/bin/debug/netcoreapp2.0/expressiveexpressiontrees.tests.dll" id="a14a6d7c-f124-38ef-6b7e-5a387d884161"><Execution id="ac8dc781-dca4-4809-86f3-d3106f09a314" /><TestMethod codeBase="/home/hannasm/ExpressiveExpressionTreesDotNet/ExpressiveExpressionTrees.Tests/bin/Debug/netcoreapp2.0/ExpressiveExpressionTrees.Tests.dll" adapterTypeName="executor://mstestadapter/v2" className="ExpressiveExpressionTrees.Tests.ExpressionFinderTests" name="Test001" /></UnitTest><UnitTest name="Test003" storage="/home/hannasm/expressiveexpressiontreesdotnet/expressiveexpressiontrees.tests/bin/debug/netcoreapp2.0/expressiveexpressiontrees.tests.dll" id="6f7a6e7f-1b13-858d-1928-b57d7f7a1bac"><Execution id="ae18193a-a773-4e15-b1ae-cdf815c98cbd" /><TestMethod codeBase="/home/hannasm/ExpressiveExpressionTreesDotNet/ExpressiveExpressionTrees.Tests/bin/Debug/netcoreapp2.0/ExpressiveExpressionTrees.Tests.dll" adapterTypeName="executor://mstestadapter/v2" className="ExpressiveExpressionTrees.Tests.ExpressionGeneratorFromFuncTests" name="Test003" /></UnitTest><UnitTest name="Test009" storage="/home/hannasm/expressiveexpressiontreesdotnet/expressiveexpressiontrees.tests/bin/debug/netcoreapp2.0/expressiveexpressiontrees.tests.dll" id="69e6a3ab-1bc9-2ad8-ca3f-ec0c20bb14cd"><Execution id="e55c24d6-730e-473e-8c52-ec0db35c6548" /><TestMethod codeBase="/home/hannasm/ExpressiveExpressionTreesDotNet/ExpressiveExpressionTrees.Tests/bin/Debug/netcoreapp2.0/ExpressiveExpressionTrees.Tests.dll" adapterTypeName="executor://mstestadapter/v2" className="ExpressiveExpressionTrees.Tests.ExpressionGeneratorFromFuncTests" name="Test009" /></UnitTest><UnitTest name="Test035" storage="/home/hannasm/expressiveexpressiontreesdotnet/expressiveexpressiontrees.tests/bin/debug/netcoreapp2.0/expressiveexpressiontrees.tests.dll" id="93088d88-9260-c576-4c59-95ce3b28c080"><Execution id="543ea7c7-d636-4251-abff-ae9e91acc77a" /><TestMethod codeBase="/home/hannasm/ExpressiveExpressionTreesDotNet/ExpressiveExpressionTrees.Tests/bin/Debug/netcoreapp2.0/ExpressiveExpressionTrees.Tests.dll" adapterTypeName="executor://mstestadapter/v2" className="ExpressiveExpressionTrees.Tests.ExpressionVisitorTest.NewVisitorTests" name="Test035" /></UnitTest><UnitTest name="Test011" storage="/home/hannasm/expressiveexpressiontreesdotnet/expressiveexpressiontrees.tests/bin/debug/netcoreapp2.0/expressiveexpressiontrees.tests.dll" id="d5ff4239-eefe-272a-8afd-d338873cee65"><Execution id="66817d25-cf4f-49ef-bcb4-15473af65b6b" /><TestMethod codeBase="/home/hannasm/ExpressiveExpressionTreesDotNet/ExpressiveExpressionTrees.Tests/bin/Debug/netcoreapp2.0/ExpressiveExpressionTrees.Tests.dll" adapterTypeName="executor://mstestadapter/v2" className="ExpressiveExpressionTrees.Tests.ExpressionVisitorTest.IndexerVisitorTests" name="Test011" /></UnitTest><UnitTest name="Test008" storage="/home/hannasm/expressiveexpressiontreesdotnet/expressiveexpressiontrees.tests/bin/debug/netcoreapp2.0/expressiveexpressiontrees.tests.dll" id="aa671497-2078-c665-f795-72f68eb3a7e0"><Execution id="16563532-dcc7-45e0-bf57-ee2b049376c0" /><TestMethod codeBase="/home/hannasm/ExpressiveExpressionTreesDotNet/ExpressiveExpressionTrees.Tests/bin/Debug/netcoreapp2.0/ExpressiveExpressionTrees.Tests.dll" adapterTypeName="executor://mstestadapter/v2" className="ExpressiveExpressionTrees.Tests.ExpressionHasherTests.BinaryExpressionHasherTests" name="Test008" /></UnitTest><UnitTest name="Test017" storage="/home/hannasm/expressiveexpressiontreesdotnet/expressiveexpressiontrees.tests/bin/debug/netcoreapp2.0/expressiveexpressiontrees.tests.dll" id="dbf0b8e6-e75d-8ac3-ddf1-e7f2271df3cf"><Execution id="0b70a829-78ea-486f-9dc9-9f971f2b500b" /><TestMethod codeBase="/home/hannasm/ExpressiveExpressionTreesDotNet/ExpressiveExpressionTrees.Tests/bin/Debug/netcoreapp2.0/ExpressiveExpressionTrees.Tests.dll" adapterTypeName="executor://mstestadapter/v2" className="ExpressiveExpressionTrees.Tests.ExpressionComparerTests.BindingsExpressionComparerTests" name="Test017" /></UnitTest><UnitTest name="Test014" storage="/home/hannasm/expressiveexpressiontreesdotnet/expressiveexpressiontrees.tests/bin/debug/netcoreapp2.0/expressiveexpressiontrees.tests.dll" id="264d0057-23a6-2711-f5d0-41dabf174d57"><Execution id="0dd4ea9d-6b81-4d9e-ba68-9b6f09bbe43d" /><TestMethod codeBase="/home/hannasm/ExpressiveExpressionTreesDotNet/ExpressiveExpressionTrees.Tests/bin/Debug/netcoreapp2.0/ExpressiveExpressionTrees.Tests.dll" adapterTypeName="executor://mstestadapter/v2" className="ExpressiveExpressionTrees.Tests.ExpressionComparerTests.BinaryExpressionComparerTests" name="Test014" /></UnitTest><UnitTest name="Test018" storage="/home/hannasm/expressiveexpressiontreesdotnet/expressiveexpressiontrees.tests/bin/debug/netcoreapp2.0/expressiveexpressiontrees.tests.dll" id="4a1b8d79-4dcc-4248-fe01-5e2d6587fa1b"><Execution id="9ce6e486-d23e-4fd5-9d8f-fc7180c42c9f" /><TestMethod codeBase="/home/hannasm/ExpressiveExpressionTreesDotNet/ExpressiveExpressionTrees.Tests/bin/Debug/netcoreapp2.0/ExpressiveExpressionTrees.Tests.dll" adapterTypeName="executor://mstestadapter/v2" className="ExpressiveExpressionTrees.Tests.ExpressionHasherTests.ListInitExpressionHasherTests" name="Test018" /></UnitTest><UnitTest name="Test009" storage="/home/hannasm/expressiveexpressiontreesdotnet/expressiveexpressiontrees.tests/bin/debug/netcoreapp2.0/expressiveexpressiontrees.tests.dll" id="67bcd1b5-df74-8804-5132-c4bdec17a663"><Execution id="07eead77-cc35-40dd-b596-8bb4ebba75e2" /><TestMethod codeBase="/home/hannasm/ExpressiveExpressionTreesDotNet/ExpressiveExpressionTrees.Tests/bin/Debug/netcoreapp2.0/ExpressiveExpressionTrees.Tests.dll" adapterTypeName="executor://mstestadapter/v2" className="ExpressiveExpressionTrees.Tests.ExpressionHasherTests.BindingsExpressionHasherTests" name="Test009" /></UnitTest><UnitTest name="Test022" storage="/home/hannasm/expressiveexpressiontreesdotnet/expressiveexpressiontrees.tests/bin/debug/netcoreapp2.0/expressiveexpressiontrees.tests.dll" id="05caf416-f38c-793e-319d-299513ebd286"><Execution id="f2c3b98e-e64f-4388-bc24-11d2d0244c52" /><TestMethod codeBase="/home/hannasm/ExpressiveExpressionTreesDotNet/ExpressiveExpressionTrees.Tests/bin/Debug/netcoreapp2.0/ExpressiveExpressionTrees.Tests.dll" adapterTypeName="executor://mstestadapter/v2" className="ExpressiveExpressionTrees.Tests.ExpressionHasherTests.NewExpressionHasherTests" name="Test022" /></UnitTest><UnitTest name="Test003" storage="/home/hannasm/expressiveexpressiontreesdotnet/expressiveexpressiontrees.tests/bin/debug/netcoreapp2.0/expressiveexpressiontrees.tests.dll" id="458d3d29-4296-0500-b095-55bb75242716"><Execution id="f41ca956-bfbf-4565-af3c-b0465e32048d" /><TestMethod codeBase="/home/hannasm/ExpressiveExpressionTreesDotNet/ExpressiveExpressionTrees.Tests/bin/Debug/netcoreapp2.0/ExpressiveExpressionTrees.Tests.dll" adapterTypeName="executor://mstestadapter/v2" className="ExpressiveExpressionTrees.Tests.ExpressionHasherTests.LambdaExpressionHasherTests" name="Test003" /></UnitTest><UnitTest name="Test004" storage="/home/hannasm/expressiveexpressiontreesdotnet/expressiveexpressiontrees.tests/bin/debug/netcoreapp2.0/expressiveexpressiontrees.tests.dll" id="279d6097-19dd-3363-dcae-f915adbcc4a4"><Execution id="297f9cbe-e84d-419f-bd39-d40764eb8390" /><TestMethod codeBase="/home/hannasm/ExpressiveExpressionTreesDotNet/ExpressiveExpressionTrees.Tests/bin/Debug/netcoreapp2.0/ExpressiveExpressionTrees.Tests.dll" adapterTypeName="executor://mstestadapter/v2" className="ExpressiveExpressionTrees.Tests.ExpressionComparerTests.UnaryExpressionComparerTests" name="Test004" /></UnitTest><UnitTest name="Test040" storage="/home/hannasm/expressiveexpressiontreesdotnet/expressiveexpressiontrees.tests/bin/debug/netcoreapp2.0/expressiveexpressiontrees.tests.dll" id="b5790d77-0138-460b-b1d6-be3dc6b6676b"><Execution id="3798f79b-41cf-4ef4-a16a-1bef3ac3b39f" /><TestMethod codeBase="/home/hannasm/ExpressiveExpressionTreesDotNet/ExpressiveExpressionTrees.Tests/bin/Debug/netcoreapp2.0/ExpressiveExpressionTrees.Tests.dll" adapterTypeName="executor://mstestadapter/v2" className="ExpressiveExpressionTrees.Tests.ExpressionGeneratorTests" name="Test040" /></UnitTest><UnitTest name="Test003" storage="/home/hannasm/expressiveexpressiontreesdotnet/expressiveexpressiontrees.tests/bin/debug/netcoreapp2.0/expressiveexpressiontrees.tests.dll" id="89dfd00f-2b7f-2b0b-6500-cd02ddd3235a"><Execution id="27584b42-20fa-4ff1-827a-6fa39eba0c07" /><TestMethod codeBase="/home/hannasm/ExpressiveExpressionTreesDotNet/ExpressiveExpressionTrees.Tests/bin/Debug/netcoreapp2.0/ExpressiveExpressionTrees.Tests.dll" adapterTypeName="executor://mstestadapter/v2" className="ExpressiveExpressionTrees.Tests.ExpressionHasherTests.NullExpressionHasherTests" name="Test003" /></UnitTest><UnitTest name="Test032" storage="/home/hannasm/expressiveexpressiontreesdotnet/expressiveexpressiontrees.tests/bin/debug/netcoreapp2.0/expressiveexpressiontrees.tests.dll" id="0bac3ae3-e9d8-3999-1d88-95f6db6672aa"><Execution id="74642db3-a408-4796-a1b4-2b9b982c76ae" /><TestMethod codeBase="/home/hannasm/ExpressiveExpressionTreesDotNet/ExpressiveExpressionTrees.Tests/bin/Debug/netcoreapp2.0/ExpressiveExpressionTrees.Tests.dll" adapterTypeName="executor://mstestadapter/v2" className="ExpressiveExpressionTrees.Tests.ExpressionVisitorTest.UnaryVisitorTests" name="Test032" /></UnitTest><UnitTest name="Test001" storage="/home/hannasm/expressiveexpressiontreesdotnet/expressiveexpressiontrees.tests/bin/debug/netcoreapp2.0/expressiveexpressiontrees.tests.dll" id="b580010a-8dd8-77b5-5b3f-e8e6d529465c"><Execution id="544e88b6-d079-4f06-82ea-337685fe47ff" /><TestMethod codeBase="/home/hannasm/ExpressiveExpressionTreesDotNet/ExpressiveExpressionTrees.Tests/bin/Debug/netcoreapp2.0/ExpressiveExpressionTrees.Tests.dll" adapterTypeName="executor://mstestadapter/v2" className="ExpressiveExpressionTrees.Tests.ExpressionComparerTests.NewArrayExpressionComparerTests" name="Test001" /></UnitTest><UnitTest name="Test021" storage="/home/hannasm/expressiveexpressiontreesdotnet/expressiveexpressiontrees.tests/bin/debug/netcoreapp2.0/expressiveexpressiontrees.tests.dll" id="7d3bda16-284e-dacd-8c42-24edb66b1c1f"><Execution id="6febc94d-fb19-43e0-b4b1-3c9c02dc505d" /><TestMethod codeBase="/home/hannasm/ExpressiveExpressionTreesDotNet/ExpressiveExpressionTrees.Tests/bin/Debug/netcoreapp2.0/ExpressiveExpressionTrees.Tests.dll" adapterTypeName="executor://mstestadapter/v2" className="ExpressiveExpressionTrees.Tests.ExpressionVisitorTest.BinaryVisitorTests" name="Test021" /></UnitTest><UnitTest name="Test016" storage="/home/hannasm/expressiveexpressiontreesdotnet/expressiveexpressiontrees.tests/bin/debug/netcoreapp2.0/expressiveexpressiontrees.tests.dll" id="7bfeb68c-aaf8-a7d3-cabf-06997e297708"><Execution id="ff190d12-3c75-41ce-88f7-e69671a281e8" /><TestMethod codeBase="/home/hannasm/ExpressiveExpressionTreesDotNet/ExpressiveExpressionTrees.Tests/bin/Debug/netcoreapp2.0/ExpressiveExpressionTrees.Tests.dll" adapterTypeName="executor://mstestadapter/v2" className="ExpressiveExpressionTrees.Tests.ExpressionComparerTests.BindingsExpressionComparerTests" name="Test016" /></UnitTest><UnitTest name="Test234" storage="/home/hannasm/expressiveexpressiontreesdotnet/expressiveexpressiontrees.tests/bin/debug/netcoreapp2.0/expressiveexpressiontrees.tests.dll" id="3c5c7deb-b121-4576-7f4f-338b08f78058"><Execution id="0038dcb3-84cf-4100-97ec-a7f4ff744e5d" /><TestMethod codeBase="/home/hannasm/ExpressiveExpressionTreesDotNet/ExpressiveExpressionTrees.Tests/bin/Debug/netcoreapp2.0/ExpressiveExpressionTrees.Tests.dll" adapterTypeName="executor://mstestadapter/v2" className="ExpressiveExpressionTrees.Tests.ExpressionVisitorTest.BinaryVisitorTests" name="Test234" /></UnitTest><UnitTest name="Test008" storage="/home/hannasm/expressiveexpressiontreesdotnet/expressiveexpressiontrees.tests/bin/debug/netcoreapp2.0/expressiveexpressiontrees.tests.dll" id="fe63d8ac-1bce-44db-860c-b8789fa143c3"><Execution id="8108bda3-12e7-451f-a7a0-766c86efa66d" /><TestMethod codeBase="/home/hannasm/ExpressiveExpressionTreesDotNet/ExpressiveExpressionTrees.Tests/bin/Debug/netcoreapp2.0/ExpressiveExpressionTrees.Tests.dll" adapterTypeName="executor://mstestadapter/v2" className="ExpressiveExpressionTrees.Tests.ExpressionVisitorTest.UnaryVisitorTests" name="Test008" /></UnitTest><UnitTest name="Test016" storage="/home/hannasm/expressiveexpressiontreesdotnet/expressiveexpressiontrees.tests/bin/debug/netcoreapp2.0/expressiveexpressiontrees.tests.dll" id="6cc930d8-33fb-6a7c-087c-7ff1dde588e0"><Execution id="8474d804-fdfa-4d34-83d6-9d0c2d575850" /><TestMethod codeBase="/home/hannasm/ExpressiveExpressionTreesDotNet/ExpressiveExpressionTrees.Tests/bin/Debug/netcoreapp2.0/ExpressiveExpressionTrees.Tests.dll" adapterTypeName="executor://mstestadapter/v2" className="ExpressiveExpressionTrees.Tests.ExpressionComparerTests.UnaryExpressionComparerTests" name="Test016" /></UnitTest><UnitTest name="Test007" storage="/home/hannasm/expressiveexpressiontreesdotnet/expressiveexpressiontrees.tests/bin/debug/netcoreapp2.0/expressiveexpressiontrees.tests.dll" id="bb3eac23-0819-8b8c-eb9d-3ed16ad9fc32"><Execution id="b9a9630c-69ea-4f7d-8a34-7a7fc5419428" /><TestMethod codeBase="/home/hannasm/ExpressiveExpressionTreesDotNet/ExpressiveExpressionTrees.Tests/bin/Debug/netcoreapp2.0/ExpressiveExpressionTrees.Tests.dll" adapterTypeName="executor://mstestadapter/v2" className="ExpressiveExpressionTrees.Tests.ExpressionVisitorTest.UnaryVisitorTests" name="Test007" /></UnitTest><UnitTest name="Test013" storage="/home/hannasm/expressiveexpressiontreesdotnet/expressiveexpressiontrees.tests/bin/debug/netcoreapp2.0/expressiveexpressiontrees.tests.dll" id="7d4a2ed9-e761-433e-cf97-b0b0eb5606f9"><Execution id="c5f07389-c831-4c99-80e4-53b7dabb01c3" /><TestMethod codeBase="/home/hannasm/ExpressiveExpressionTreesDotNet/ExpressiveExpressionTrees.Tests/bin/Debug/netcoreapp2.0/ExpressiveExpressionTrees.Tests.dll" adapterTypeName="executor://mstestadapter/v2" className="ExpressiveExpressionTrees.Tests.ExpressionVisitorTest.NewVisitorTests" name="Test013" /></UnitTest><UnitTest name="Test021" storage="/home/hannasm/expressiveexpressiontreesdotnet/expressiveexpressiontrees.tests/bin/debug/netcoreapp2.0/expressiveexpressiontrees.tests.dll" id="9b6fdfba-e457-921d-b74f-4cb9ef622e5e"><Execution id="00d18d1a-af3a-4eb3-8e7a-3e7f8028bcf5" /><TestMethod codeBase="/home/hannasm/ExpressiveExpressionTreesDotNet/ExpressiveExpressionTrees.Tests/bin/Debug/netcoreapp2.0/ExpressiveExpressionTrees.Tests.dll" adapterTypeName="executor://mstestadapter/v2" className="ExpressiveExpressionTrees.Tests.ExpressionHasherTests.ListInitExpressionHasherTests" name="Test021" /></UnitTest><UnitTest name="Test024" storage="/home/hannasm/expressiveexpressiontreesdotnet/expressiveexpressiontrees.tests/bin/debug/netcoreapp2.0/expressiveexpressiontrees.tests.dll" id="87d010e8-72cd-a393-f9af-4a356f73abba"><Execution id="8ee74324-7ab3-4be2-b04f-1f9465d16487" /><TestMethod codeBase="/home/hannasm/ExpressiveExpressionTreesDotNet/ExpressiveExpressionTrees.Tests/bin/Debug/netcoreapp2.0/ExpressiveExpressionTrees.Tests.dll" adapterTypeName="executor://mstestadapter/v2" className="ExpressiveExpressionTrees.Tests.ExpressionComparerTests.MemberInitVisitorTests" name="Test024" /></UnitTest><UnitTest name="Test011" storage="/home/hannasm/expressiveexpressiontreesdotnet/expressiveexpressiontrees.tests/bin/debug/netcoreapp2.0/expressiveexpressiontrees.tests.dll" id="ece59348-b52e-9bfb-4ef9-de3cf9f88af3"><Execution id="ee3c3e73-4530-462c-bc82-2d72601db3c4" /><TestMethod codeBase="/home/hannasm/ExpressiveExpressionTreesDotNet/ExpressiveExpressionTrees.Tests/bin/Debug/netcoreapp2.0/ExpressiveExpressionTrees.Tests.dll" adapterTypeName="executor://mstestadapter/v2" className="ExpressiveExpressionTrees.Tests.ExpressionVisitorTest.NewArrayVisitorTests" name="Test011" /></UnitTest><UnitTest name="Test020" storage="/home/hannasm/expressiveexpressiontreesdotnet/expressiveexpressiontrees.tests/bin/debug/netcoreapp2.0/expressiveexpressiontrees.tests.dll" id="9e4e5644-f084-7aa5-0e87-378bdc3c206a"><Execution id="189bfcce-9b70-472d-bc93-cc32aafcd8dc" /><TestMethod codeBase="/home/hannasm/ExpressiveExpressionTreesDotNet/ExpressiveExpressionTrees.Tests/bin/Debug/netcoreapp2.0/ExpressiveExpressionTrees.Tests.dll" adapterTypeName="executor://mstestadapter/v2" className="ExpressiveExpressionTrees.Tests.ExpressionHasherTests.ListInitExpressionHasherTests" name="Test020" /></UnitTest><UnitTest name="Test033" storage="/home/hannasm/expressiveexpressiontreesdotnet/expressiveexpressiontrees.tests/bin/debug/netcoreapp2.0/expressiveexpressiontrees.tests.dll" id="af60c266-744f-2afa-507d-f81771af9c20"><Execution id="e84796df-bc65-42f7-bedf-d641b7d2ca68" /><TestMethod codeBase="/home/hannasm/ExpressiveExpressionTreesDotNet/ExpressiveExpressionTrees.Tests/bin/Debug/netcoreapp2.0/ExpressiveExpressionTrees.Tests.dll" adapterTypeName="executor://mstestadapter/v2" className="ExpressiveExpressionTrees.Tests.ExpressionVisitorTest.TryCatchVisitorTests" name="Test033" /></UnitTest><UnitTest name="Test022" storage="/home/hannasm/expressiveexpressiontreesdotnet/expressiveexpressiontrees.tests/bin/debug/netcoreapp2.0/expressiveexpressiontrees.tests.dll" id="8d34ba62-c78d-b7d8-0f0c-08bf6a42d85c"><Execution id="1c8eb0ec-5ef6-4465-b85a-c588bb716f05" /><TestMethod codeBase="/home/hannasm/ExpressiveExpressionTreesDotNet/ExpressiveExpressionTrees.Tests/bin/Debug/netcoreapp2.0/ExpressiveExpressionTrees.Tests.dll" adapterTypeName="executor://mstestadapter/v2" className="ExpressiveExpressionTrees.Tests.ExpressionHasherTests.NewArrayExpressionHasherTests" name="Test022" /></UnitTest><UnitTest name="Test002" storage="/home/hannasm/expressiveexpressiontreesdotnet/expressiveexpressiontrees.tests/bin/debug/netcoreapp2.0/expressiveexpressiontrees.tests.dll" id="b904c4b4-b70a-fb52-4ade-52ccad8504f6"><Execution id="b1f5f4fb-c760-4a2c-84c5-2b27bf2dbf12" /><TestMethod codeBase="/home/hannasm/ExpressiveExpressionTreesDotNet/ExpressiveExpressionTrees.Tests/bin/Debug/netcoreapp2.0/ExpressiveExpressionTrees.Tests.dll" adapterTypeName="executor://mstestadapter/v2" className="ExpressiveExpressionTrees.Tests.ExpressionHasherTests.MemberAccessExpressionHasherTests" name="Test002" /></UnitTest><UnitTest name="Test032" storage="/home/hannasm/expressiveexpressiontreesdotnet/expressiveexpressiontrees.tests/bin/debug/netcoreapp2.0/expressiveexpressiontrees.tests.dll" id="3a7d9c99-5713-5a6d-b061-30736ca96c58"><Execution id="99648534-1e08-4fb4-b318-1981524c2238" /><TestMethod codeBase="/home/hannasm/ExpressiveExpressionTreesDotNet/ExpressiveExpressionTrees.Tests/bin/Debug/netcoreapp2.0/ExpressiveExpressionTrees.Tests.dll" adapterTypeName="executor://mstestadapter/v2" className="ExpressiveExpressionTrees.Tests.ExpressionComparerTests.BindingsExpressionComparerTests" name="Test032" /></UnitTest><UnitTest name="Test012" storage="/home/hannasm/expressiveexpressiontreesdotnet/expressiveexpressiontrees.tests/bin/debug/netcoreapp2.0/expressiveexpressiontrees.tests.dll" id="32d87a90-6233-c240-45e3-c393c446a5f7"><Execution id="d193afeb-1c47-46bb-874d-e11e7841d459" /><TestMethod codeBase="/home/hannasm/ExpressiveExpressionTreesDotNet/ExpressiveExpressionTrees.Tests/bin/Debug/netcoreapp2.0/ExpressiveExpressionTrees.Tests.dll" adapterTypeName="executor://mstestadapter/v2" className="ExpressiveExpressionTrees.Tests.ExpressionVisitorTest.InvokeVisitorTests" name="Test012" /></UnitTest><UnitTest name="Test010" storage="/home/hannasm/expressiveexpressiontreesdotnet/expressiveexpressiontrees.tests/bin/debug/netcoreapp2.0/expressiveexpressiontrees.tests.dll" id="a4897e79-f7fb-23a9-2108-bd89298f0c4f"><Execution id="ade94bb0-e85a-4ede-adfa-d2a67eeafbd2" /><TestMethod codeBase="/home/hannasm/ExpressiveExpressionTreesDotNet/ExpressiveExpressionTrees.Tests/bin/Debug/netcoreapp2.0/ExpressiveExpressionTrees.Tests.dll" adapterTypeName="executor://mstestadapter/v2" className="ExpressiveExpressionTrees.Tests.ExpressionComparerTests.BindingsExpressionComparerTests" name="Test010" /></UnitTest><UnitTest name="Test017" storage="/home/hannasm/expressiveexpressiontreesdotnet/expressiveexpressiontrees.tests/bin/debug/netcoreapp2.0/expressiveexpressiontrees.tests.dll" id="f9dfb5e6-0a40-260f-424b-a5c9395c3feb"><Execution id="e18adc8c-abd8-42e8-9d6b-f35adf9ee5f6" /><TestMethod codeBase="/home/hannasm/ExpressiveExpressionTreesDotNet/ExpressiveExpressionTrees.Tests/bin/Debug/netcoreapp2.0/ExpressiveExpressionTrees.Tests.dll" adapterTypeName="executor://mstestadapter/v2" className="ExpressiveExpressionTrees.Tests.ExpressionVisitorTest.NewVisitorTests" name="Test017" /></UnitTest><UnitTest name="Test001" storage="/home/hannasm/expressiveexpressiontreesdotnet/expressiveexpressiontrees.tests/bin/debug/netcoreapp2.0/expressiveexpressiontrees.tests.dll" id="9b4ff1ab-e9c0-87a8-e751-7f2d520e4675"><Execution id="981ab33d-4be7-4aa2-a8cc-7142f7064b19" /><TestMethod codeBase="/home/hannasm/ExpressiveExpressionTreesDotNet/ExpressiveExpressionTrees.Tests/bin/Debug/netcoreapp2.0/ExpressiveExpressionTrees.Tests.dll" adapterTypeName="executor://mstestadapter/v2" className="ExpressiveExpressionTrees.Tests.ExpressionComparerTests.BinaryExpressionComparerTests" name="Test001" /></UnitTest><UnitTest name="Test013" storage="/home/hannasm/expressiveexpressiontreesdotnet/expressiveexpressiontrees.tests/bin/debug/netcoreapp2.0/expressiveexpressiontrees.tests.dll" id="0ee38d39-4e38-ee9a-7e1b-4a2b70e13004"><Execution id="edd1a025-00e1-4466-81b9-56db5023d3bd" /><TestMethod codeBase="/home/hannasm/ExpressiveExpressionTreesDotNet/ExpressiveExpressionTrees.Tests/bin/Debug/netcoreapp2.0/ExpressiveExpressionTrees.Tests.dll" adapterTypeName="executor://mstestadapter/v2" className="ExpressiveExpressionTrees.Tests.ExpressionReaderTests" name="Test013" /></UnitTest><UnitTest name="Test023" storage="/home/hannasm/expressiveexpressiontreesdotnet/expressiveexpressiontrees.tests/bin/debug/netcoreapp2.0/expressiveexpressiontrees.tests.dll" id="535bbe19-ba58-1fdc-2b92-1e53b7b60358"><Execution id="45fd0dbe-8893-452a-926d-95e29f596fc7" /><TestMethod codeBase="/home/hannasm/ExpressiveExpressionTreesDotNet/ExpressiveExpressionTrees.Tests/bin/Debug/netcoreapp2.0/ExpressiveExpressionTrees.Tests.dll" adapterTypeName="executor://mstestadapter/v2" className="ExpressiveExpressionTrees.Tests.ExpressionVisitorTest.UnaryVisitorTests" name="Test023" /></UnitTest><UnitTest name="Test005" storage="/home/hannasm/expressiveexpressiontreesdotnet/expressiveexpressiontrees.tests/bin/debug/netcoreapp2.0/expressiveexpressiontrees.tests.dll" id="ed7c47c4-30f6-4944-b4a5-42cd6ad82350"><Execution id="f3947c8d-67a5-4f7b-a075-7f955850bc81" /><TestMethod codeBase="/home/hannasm/ExpressiveExpressionTreesDotNet/ExpressiveExpressionTrees.Tests/bin/Debug/netcoreapp2.0/ExpressiveExpressionTrees.Tests.dll" adapterTypeName="executor://mstestadapter/v2" className="ExpressiveExpressionTrees.Tests.ExpressionHasherTests.ConstantExpressionHasherTests" name="Test005" /></UnitTest><UnitTest name="Test025" storage="/home/hannasm/expressiveexpressiontreesdotnet/expressiveexpressiontrees.tests/bin/debug/netcoreapp2.0/expressiveexpressiontrees.tests.dll" id="03db3f87-8804-97b0-7f48-e7d6fa0c1124"><Execution id="3774b78d-9f13-4b8f-a85c-b0b0f68043ff" /><TestMethod codeBase="/home/hannasm/ExpressiveExpressionTreesDotNet/ExpressiveExpressionTrees.Tests/bin/Debug/netcoreapp2.0/ExpressiveExpressionTrees.Tests.dll" adapterTypeName="executor://mstestadapter/v2" className="ExpressiveExpressionTrees.Tests.ExpressionVisitorTest.InvokeVisitorTests" name="Test025" /></UnitTest><UnitTest name="Test041" storage="/home/hannasm/expressiveexpressiontreesdotnet/expressiveexpressiontrees.tests/bin/debug/netcoreapp2.0/expressiveexpressiontrees.tests.dll" id="57e98b06-7ab8-1475-651a-e082f535e088"><Execution id="5c4547c3-624f-4c72-8d47-ed087f47b584" /><TestMethod codeBase="/home/hannasm/ExpressiveExpressionTreesDotNet/ExpressiveExpressionTrees.Tests/bin/Debug/netcoreapp2.0/ExpressiveExpressionTrees.Tests.dll" adapterTypeName="executor://mstestadapter/v2" className="ExpressiveExpressionTrees.Tests.ExpressionVisitorTest.NewVisitorTests" name="Test041" /></UnitTest><UnitTest name="Test005" storage="/home/hannasm/expressiveexpressiontreesdotnet/expressiveexpressiontrees.tests/bin/debug/netcoreapp2.0/expressiveexpressiontrees.tests.dll" id="f758c04d-0bf8-c5ba-e3be-a5272d475b88"><Execution id="c1dca914-e654-4132-8f3e-e017f3c968c5" /><TestMethod codeBase="/home/hannasm/ExpressiveExpressionTreesDotNet/ExpressiveExpressionTrees.Tests/bin/Debug/netcoreapp2.0/ExpressiveExpressionTrees.Tests.dll" adapterTypeName="executor://mstestadapter/v2" className="ExpressiveExpressionTrees.Tests.ExpressionComparerTests.MethodCallExpressionComparerTests" name="Test005" /></UnitTest><UnitTest name="Test014" storage="/home/hannasm/expressiveexpressiontreesdotnet/expressiveexpressiontrees.tests/bin/debug/netcoreapp2.0/expressiveexpressiontrees.tests.dll" id="6649c33c-5bd1-1172-5edc-fda7d7ad14cc"><Execution id="d9907c31-1dab-49f8-97b8-f5c9f0a49294" /><TestMethod codeBase="/home/hannasm/ExpressiveExpressionTreesDotNet/ExpressiveExpressionTrees.Tests/bin/Debug/netcoreapp2.0/ExpressiveExpressionTrees.Tests.dll" adapterTypeName="executor://mstestadapter/v2" className="ExpressiveExpressionTrees.Tests.ExpressionVisitorTest.MethodCallVisitorTests" name="Test014" /></UnitTest><UnitTest name="Test002" storage="/home/hannasm/expressiveexpressiontreesdotnet/expressiveexpressiontrees.tests/bin/debug/netcoreapp2.0/expressiveexpressiontrees.tests.dll" id="b79e9d61-d2cd-e26f-9337-281b62d61d43"><Execution id="4f74d4ce-2551-4f5f-b5b9-133bda056d7c" /><TestMethod codeBase="/home/hannasm/ExpressiveExpressionTreesDotNet/ExpressiveExpressionTrees.Tests/bin/Debug/netcoreapp2.0/ExpressiveExpressionTrees.Tests.dll" adapterTypeName="executor://mstestadapter/v2" className="ExpressiveExpressionTrees.Tests.ExpressionVisitorTest.TryCatchVisitorTests" name="Test002" /></UnitTest><UnitTest name="Test027" storage="/home/hannasm/expressiveexpressiontreesdotnet/expressiveexpressiontrees.tests/bin/debug/netcoreapp2.0/expressiveexpressiontrees.tests.dll" id="ed177908-a30e-bbf7-49cc-ae29b788a811"><Execution id="6f8470a8-245e-47af-bff1-af1a1bf2ab74" /><TestMethod codeBase="/home/hannasm/ExpressiveExpressionTreesDotNet/ExpressiveExpressionTrees.Tests/bin/Debug/netcoreapp2.0/ExpressiveExpressionTrees.Tests.dll" adapterTypeName="executor://mstestadapter/v2" className="ExpressiveExpressionTrees.Tests.ExpressionHasherTests.BindingsExpressionHasherTests" name="Test027" /></UnitTest><UnitTest name="Test002" storage="/home/hannasm/expressiveexpressiontreesdotnet/expressiveexpressiontrees.tests/bin/debug/netcoreapp2.0/expressiveexpressiontrees.tests.dll" id="b59e77dc-8390-ceaa-2882-41c8844b718d"><Execution id="6e8adf84-1d58-4d8f-af49-a6b9ff20a520" /><TestMethod codeBase="/home/hannasm/ExpressiveExpressionTreesDotNet/ExpressiveExpressionTrees.Tests/bin/Debug/netcoreapp2.0/ExpressiveExpressionTrees.Tests.dll" adapterTypeName="executor://mstestadapter/v2" className="ExpressiveExpressionTrees.Tests.ExpressionHasherTests.ConstantExpressionHasherTests" name="Test002" /></UnitTest><UnitTest name="Test012" storage="/home/hannasm/expressiveexpressiontreesdotnet/expressiveexpressiontrees.tests/bin/debug/netcoreapp2.0/expressiveexpressiontrees.tests.dll" id="91b6ea37-69c2-1487-ca5e-fdc7327005b4"><Execution id="61a9cad5-1eb3-4592-806e-d0f33bb3c5fe" /><TestMethod codeBase="/home/hannasm/ExpressiveExpressionTreesDotNet/ExpressiveExpressionTrees.Tests/bin/Debug/netcoreapp2.0/ExpressiveExpressionTrees.Tests.dll" adapterTypeName="executor://mstestadapter/v2" className="ExpressiveExpressionTrees.Tests.ExpressionGeneratorMakeBinaryTests" name="Test012" /></UnitTest><UnitTest name="Test024" storage="/home/hannasm/expressiveexpressiontreesdotnet/expressiveexpressiontrees.tests/bin/debug/netcoreapp2.0/expressiveexpressiontrees.tests.dll" id="5dd210c6-0671-7596-94eb-3521bb87df61"><Execution id="e3f9b4e0-0898-4fc7-8f2f-3eabbfdf4025" /><TestMethod codeBase="/home/hannasm/ExpressiveExpressionTreesDotNet/ExpressiveExpressionTrees.Tests/bin/Debug/netcoreapp2.0/ExpressiveExpressionTrees.Tests.dll" adapterTypeName="executor://mstestadapter/v2" className="ExpressiveExpressionTrees.Tests.ExpressionHasherTests.BinaryExpressionHasherTests" name="Test024" /></UnitTest><UnitTest name="Test004" storage="/home/hannasm/expressiveexpressiontreesdotnet/expressiveexpressiontrees.tests/bin/debug/netcoreapp2.0/expressiveexpressiontrees.tests.dll" id="e956d50e-7beb-e778-9c55-9451875179b1"><Execution id="93f54ae7-72df-4ad8-92fa-f4e748af4663" /><TestMethod codeBase="/home/hannasm/ExpressiveExpressionTreesDotNet/ExpressiveExpressionTrees.Tests/bin/Debug/netcoreapp2.0/ExpressiveExpressionTrees.Tests.dll" adapterTypeName="executor://mstestadapter/v2" className="ExpressiveExpressionTrees.Tests.ExpressionVisitorTest.BlockVisitorTests" name="Test004" /></UnitTest><UnitTest name="Test009" storage="/home/hannasm/expressiveexpressiontreesdotnet/expressiveexpressiontrees.tests/bin/debug/netcoreapp2.0/expressiveexpressiontrees.tests.dll" id="5bb52e0e-4e0e-c025-aab5-77f05acaed5a"><Execution id="6414f90c-427c-415b-a0b6-275a656a31f2" /><TestMethod codeBase="/home/hannasm/ExpressiveExpressionTreesDotNet/ExpressiveExpressionTrees.Tests/bin/Debug/netcoreapp2.0/ExpressiveExpressionTrees.Tests.dll" adapterTypeName="executor://mstestadapter/v2" className="ExpressiveExpressionTrees.Tests.ExpressionHasherTests.NewArrayExpressionHasherTests" name="Test009" /></UnitTest><UnitTest name="Test007" storage="/home/hannasm/expressiveexpressiontreesdotnet/expressiveexpressiontrees.tests/bin/debug/netcoreapp2.0/expressiveexpressiontrees.tests.dll" id="8a078e75-021d-4afa-4dae-05d5feb901ac"><Execution id="cae04ce4-0f1c-4749-83dd-ba7a3b557e71" /><TestMethod codeBase="/home/hannasm/ExpressiveExpressionTreesDotNet/ExpressiveExpressionTrees.Tests/bin/Debug/netcoreapp2.0/ExpressiveExpressionTrees.Tests.dll" adapterTypeName="executor://mstestadapter/v2" className="ExpressiveExpressionTrees.Tests.ExpressionHasherTests.BindingsExpressionHasherTests" name="Test007" /></UnitTest><UnitTest name="Test061" storage="/home/hannasm/expressiveexpressiontreesdotnet/expressiveexpressiontrees.tests/bin/debug/netcoreapp2.0/expressiveexpressiontrees.tests.dll" id="53341a9c-3b5d-44a9-e63e-48323392c972"><Execution id="63b3c66f-e656-4bff-9f9e-956aec12fdf4" /><TestMethod codeBase="/home/hannasm/ExpressiveExpressionTreesDotNet/ExpressiveExpressionTrees.Tests/bin/Debug/netcoreapp2.0/ExpressiveExpressionTrees.Tests.dll" adapterTypeName="executor://mstestadapter/v2" className="ExpressiveExpressionTrees.Tests.ExpressionGeneratorMakeBinaryTests" name="Test061" /></UnitTest><UnitTest name="Test014" storage="/home/hannasm/expressiveexpressiontreesdotnet/expressiveexpressiontrees.tests/bin/debug/netcoreapp2.0/expressiveexpressiontrees.tests.dll" id="ca619bc8-1b6e-3dd1-ea9a-54963ade60c8"><Execution id="a83fa4b6-9ced-43ff-94dd-55e502b0410f" /><TestMethod codeBase="/home/hannasm/ExpressiveExpressionTreesDotNet/ExpressiveExpressionTrees.Tests/bin/Debug/netcoreapp2.0/ExpressiveExpressionTrees.Tests.dll" adapterTypeName="executor://mstestadapter/v2" className="ExpressiveExpressionTrees.Tests.ExpressionHasherTests.ListInitExpressionHasherTests" name="Test014" /></UnitTest><UnitTest name="Test012" storage="/home/hannasm/expressiveexpressiontreesdotnet/expressiveexpressiontrees.tests/bin/debug/netcoreapp2.0/expressiveexpressiontrees.tests.dll" id="55e8fa19-95b6-2e96-0ace-f63dc61cfa99"><Execution id="91e47470-7185-4cff-9551-cb191d7ea792" /><TestMethod codeBase="/home/hannasm/ExpressiveExpressionTreesDotNet/ExpressiveExpressionTrees.Tests/bin/Debug/netcoreapp2.0/ExpressiveExpressionTrees.Tests.dll" adapterTypeName="executor://mstestadapter/v2" className="ExpressiveExpressionTrees.Tests.ExpressionHasherTests.BinaryExpressionHasherTests" name="Test012" /></UnitTest><UnitTest name="Test302" storage="/home/hannasm/expressiveexpressiontreesdotnet/expressiveexpressiontrees.tests/bin/debug/netcoreapp2.0/expressiveexpressiontrees.tests.dll" id="ca864f62-fbad-3bf0-6506-0f9be6b90753"><Execution id="b8069266-9db7-4808-b1c4-e7e071572bab" /><TestMethod codeBase="/home/hannasm/ExpressiveExpressionTreesDotNet/ExpressiveExpressionTrees.Tests/bin/Debug/netcoreapp2.0/ExpressiveExpressionTrees.Tests.dll" adapterTypeName="executor://mstestadapter/v2" className="ExpressiveExpressionTrees.Tests.ExpressionVisitorTest.BinaryVisitorTests" name="Test302" /></UnitTest><UnitTest name="Test014" storage="/home/hannasm/expressiveexpressiontreesdotnet/expressiveexpressiontrees.tests/bin/debug/netcoreapp2.0/expressiveexpressiontrees.tests.dll" id="53e81ee9-747c-cf33-2edd-03ba4011b94c"><Execution id="0dcfb81c-fcbc-42ce-aea5-073f5211db49" /><TestMethod codeBase="/home/hannasm/ExpressiveExpressionTreesDotNet/ExpressiveExpressionTrees.Tests/bin/Debug/netcoreapp2.0/ExpressiveExpressionTrees.Tests.dll" adapterTypeName="executor://mstestadapter/v2" className="ExpressiveExpressionTrees.Tests.ExpressionVisitorTest.InvokeVisitorTests" name="Test014" /></UnitTest><UnitTest name="Test020" storage="/home/hannasm/expressiveexpressiontreesdotnet/expressiveexpressiontrees.tests/bin/debug/netcoreapp2.0/expressiveexpressiontrees.tests.dll" id="1ebf4444-c68b-e1f3-f349-2ebc3eeb824e"><Execution id="b45fe6ac-8307-4223-8694-f8040c152ac6" /><TestMethod codeBase="/home/hannasm/ExpressiveExpressionTreesDotNet/ExpressiveExpressionTrees.Tests/bin/Debug/netcoreapp2.0/ExpressiveExpressionTrees.Tests.dll" adapterTypeName="executor://mstestadapter/v2" className="ExpressiveExpressionTrees.Tests.ExpressionVisitorTest.InvokeVisitorTests" name="Test020" /></UnitTest><UnitTest name="Test031" storage="/home/hannasm/expressiveexpressiontreesdotnet/expressiveexpressiontrees.tests/bin/debug/netcoreapp2.0/expressiveexpressiontrees.tests.dll" id="9d822f6c-d551-91e1-a501-b3d00f9944e1"><Execution id="5f102cd1-cab2-44b1-b411-07328648c317" /><TestMethod codeBase="/home/hannasm/ExpressiveExpressionTreesDotNet/ExpressiveExpressionTrees.Tests/bin/Debug/netcoreapp2.0/ExpressiveExpressionTrees.Tests.dll" adapterTypeName="executor://mstestadapter/v2" className="ExpressiveExpressionTrees.Tests.ExpressionHasherTests.BindingsExpressionHasherTests" name="Test031" /></UnitTest><UnitTest name="Test116" storage="/home/hannasm/expressiveexpressiontreesdotnet/expressiveexpressiontrees.tests/bin/debug/netcoreapp2.0/expressiveexpressiontrees.tests.dll" id="0263c4dc-2e34-3227-e5d8-1ee5cd0b7f0d"><Execution id="2cabcc6a-2ad6-4f77-b59b-23ddb4b5c73a" /><TestMethod codeBase="/home/hannasm/ExpressiveExpressionTreesDotNet/ExpressiveExpressionTrees.Tests/bin/Debug/netcoreapp2.0/ExpressiveExpressionTrees.Tests.dll" adapterTypeName="executor://mstestadapter/v2" className="ExpressiveExpressionTrees.Tests.ExpressionVisitorTest.BinaryVisitorTests" name="Test116" /></UnitTest><UnitTest name="Test022" storage="/home/hannasm/expressiveexpressiontreesdotnet/expressiveexpressiontrees.tests/bin/debug/netcoreapp2.0/expressiveexpressiontrees.tests.dll" id="9afa4d04-a942-72bb-69ff-644fcc95a945"><Execution id="dff4a9f9-991d-45bb-b211-ad5f22f75829" /><TestMethod codeBase="/home/hannasm/ExpressiveExpressionTreesDotNet/ExpressiveExpressionTrees.Tests/bin/Debug/netcoreapp2.0/ExpressiveExpressionTrees.Tests.dll" adapterTypeName="executor://mstestadapter/v2" className="ExpressiveExpressionTrees.Tests.ExpressionVisitorTest.TryCatchVisitorTests" name="Test022" /></UnitTest><UnitTest name="Test013" storage="/home/hannasm/expressiveexpressiontreesdotnet/expressiveexpressiontrees.tests/bin/debug/netcoreapp2.0/expressiveexpressiontrees.tests.dll" id="baa11743-f8ab-a426-27c7-5df23b3e8616"><Execution id="000a0170-f9eb-4fe5-a2aa-ab75358a7379" /><TestMethod codeBase="/home/hannasm/ExpressiveExpressionTreesDotNet/ExpressiveExpressionTrees.Tests/bin/Debug/netcoreapp2.0/ExpressiveExpressionTrees.Tests.dll" adapterTypeName="executor://mstestadapter/v2" className="ExpressiveExpressionTrees.Tests.ExpressionVisitorTest.UnaryVisitorTests" name="Test013" /></UnitTest><UnitTest name="Test024" storage="/home/hannasm/expressiveexpressiontreesdotnet/expressiveexpressiontrees.tests/bin/debug/netcoreapp2.0/expressiveexpressiontrees.tests.dll" id="ad9bb7f3-f03b-c97c-a668-efbeee7e2a65"><Execution id="bde85bae-d960-46fb-89c5-64c2ec1238e4" /><TestMethod codeBase="/home/hannasm/ExpressiveExpressionTreesDotNet/ExpressiveExpressionTrees.Tests/bin/Debug/netcoreapp2.0/ExpressiveExpressionTrees.Tests.dll" adapterTypeName="executor://mstestadapter/v2" className="ExpressiveExpressionTrees.Tests.ExpressionVisitorTest.InvokeVisitorTests" name="Test024" /></UnitTest><UnitTest name="Test008" storage="/home/hannasm/expressiveexpressiontreesdotnet/expressiveexpressiontrees.tests/bin/debug/netcoreapp2.0/expressiveexpressiontrees.tests.dll" id="e6d7a24e-6847-f3eb-33cd-d01cd13d3a8f"><Execution id="d2b5fc17-d6e4-47e3-8a5a-c5dfa9267cac" /><TestMethod codeBase="/home/hannasm/ExpressiveExpressionTreesDotNet/ExpressiveExpressionTrees.Tests/bin/Debug/netcoreapp2.0/ExpressiveExpressionTrees.Tests.dll" adapterTypeName="executor://mstestadapter/v2" className="ExpressiveExpressionTrees.Tests.ExpressionReaderTests" name="Test008" /></UnitTest><UnitTest name="Test047" storage="/home/hannasm/expressiveexpressiontreesdotnet/expressiveexpressiontrees.tests/bin/debug/netcoreapp2.0/expressiveexpressiontrees.tests.dll" id="b010f006-9dc9-d925-d16e-f4c67412cd26"><Execution id="9462d1a9-a707-4b5c-90d4-635dd2555d7b" /><TestMethod codeBase="/home/hannasm/ExpressiveExpressionTreesDotNet/ExpressiveExpressionTrees.Tests/bin/Debug/netcoreapp2.0/ExpressiveExpressionTrees.Tests.dll" adapterTypeName="executor://mstestadapter/v2" className="ExpressiveExpressionTrees.Tests.ExpressionGeneratorTests" name="Test047" /></UnitTest><UnitTest name="Test015" storage="/home/hannasm/expressiveexpressiontreesdotnet/expressiveexpressiontrees.tests/bin/debug/netcoreapp2.0/expressiveexpressiontrees.tests.dll" id="032a3cf3-18b4-8bee-094c-6e41846f2f87"><Execution id="1898da64-3400-477e-9982-efe984cef8b2" /><TestMethod codeBase="/home/hannasm/ExpressiveExpressionTreesDotNet/ExpressiveExpressionTrees.Tests/bin/Debug/netcoreapp2.0/ExpressiveExpressionTrees.Tests.dll" adapterTypeName="executor://mstestadapter/v2" className="ExpressiveExpressionTrees.Tests.ExpressionHasherTests.ListInitExpressionHasherTests" name="Test015" /></UnitTest><UnitTest name="Test015" storage="/home/hannasm/expressiveexpressiontreesdotnet/expressiveexpressiontrees.tests/bin/debug/netcoreapp2.0/expressiveexpressiontrees.tests.dll" id="9f88fe95-f8a8-23e5-2bc8-256814f587b0"><Execution id="7835648f-59b2-4d64-9f9f-f64c40d3e1dd" /><TestMethod codeBase="/home/hannasm/ExpressiveExpressionTreesDotNet/ExpressiveExpressionTrees.Tests/bin/Debug/netcoreapp2.0/ExpressiveExpressionTrees.Tests.dll" adapterTypeName="executor://mstestadapter/v2" className="ExpressiveExpressionTrees.Tests.ExpressionGeneratorTests" name="Test015" /></UnitTest><UnitTest name="Test013" storage="/home/hannasm/expressiveexpressiontreesdotnet/expressiveexpressiontrees.tests/bin/debug/netcoreapp2.0/expressiveexpressiontrees.tests.dll" id="3decced0-df7b-e0a6-190d-98c93695ca76"><Execution id="cc13c890-758e-453d-8a77-bcf8e436cda2" /><TestMethod codeBase="/home/hannasm/ExpressiveExpressionTreesDotNet/ExpressiveExpressionTrees.Tests/bin/Debug/netcoreapp2.0/ExpressiveExpressionTrees.Tests.dll" adapterTypeName="executor://mstestadapter/v2" className="ExpressiveExpressionTrees.Tests.ExpressionReplacerTests.ExpressionReplacerUseCases" name="Test013" /></UnitTest><UnitTest name="Test055" storage="/home/hannasm/expressiveexpressiontreesdotnet/expressiveexpressiontrees.tests/bin/debug/netcoreapp2.0/expressiveexpressiontrees.tests.dll" id="789b92f8-29e1-0e26-7cab-709c3e67ea37"><Execution id="7c3bd2e3-d15c-4734-ba4f-e0d6c6cd4369" /><TestMethod codeBase="/home/hannasm/ExpressiveExpressionTreesDotNet/ExpressiveExpressionTrees.Tests/bin/Debug/netcoreapp2.0/ExpressiveExpressionTrees.Tests.dll" adapterTypeName="executor://mstestadapter/v2" className="ExpressiveExpressionTrees.Tests.ExpressionHasherTests.BindingsExpressionHasherTests" name="Test055" /></UnitTest><UnitTest name="Test027" storage="/home/hannasm/expressiveexpressiontreesdotnet/expressiveexpressiontrees.tests/bin/debug/netcoreapp2.0/expressiveexpressiontrees.tests.dll" id="c18196a4-83f4-7e97-7955-480991e79930"><Execution id="70fbd180-1a8e-4b47-9e8a-b4f6f8fe0cd4" /><TestMethod codeBase="/home/hannasm/ExpressiveExpressionTreesDotNet/ExpressiveExpressionTrees.Tests/bin/Debug/netcoreapp2.0/ExpressiveExpressionTrees.Tests.dll" adapterTypeName="executor://mstestadapter/v2" className="ExpressiveExpressionTrees.Tests.ExpressionHasherTests.ListInitExpressionHasherTests" name="Test027" /></UnitTest><UnitTest name="Test046" storage="/home/hannasm/expressiveexpressiontreesdotnet/expressiveexpressiontrees.tests/bin/debug/netcoreapp2.0/expressiveexpressiontrees.tests.dll" id="356cf706-aeb8-c7f9-5704-b355a03f01ed"><Execution id="3ee260e9-3e4b-4cec-86d6-c53860ec20a7" /><TestMethod codeBase="/home/hannasm/ExpressiveExpressionTreesDotNet/ExpressiveExpressionTrees.Tests/bin/Debug/netcoreapp2.0/ExpressiveExpressionTrees.Tests.dll" adapterTypeName="executor://mstestadapter/v2" className="ExpressiveExpressionTrees.Tests.ExpressionGeneratorTests" name="Test046" /></UnitTest><UnitTest name="Test332" storage="/home/hannasm/expressiveexpressiontreesdotnet/expressiveexpressiontrees.tests/bin/debug/netcoreapp2.0/expressiveexpressiontrees.tests.dll" id="89abb5b6-3a39-33bf-38f6-0729c1486522"><Execution id="215c8ae3-6bb6-4ea8-ac8a-e28d012092eb" /><TestMethod codeBase="/home/hannasm/ExpressiveExpressionTreesDotNet/ExpressiveExpressionTrees.Tests/bin/Debug/netcoreapp2.0/ExpressiveExpressionTrees.Tests.dll" adapterTypeName="executor://mstestadapter/v2" className="ExpressiveExpressionTrees.Tests.ExpressionVisitorTest.BinaryVisitorTests" name="Test332" /></UnitTest><UnitTest name="Test004" storage="/home/hannasm/expressiveexpressiontreesdotnet/expressiveexpressiontrees.tests/bin/debug/netcoreapp2.0/expressiveexpressiontrees.tests.dll" id="070ebe0d-1df6-2c2c-92f8-05561f3eb0da"><Execution id="e0aadc07-222b-4aa3-b552-3021ed2f6192" /><TestMethod codeBase="/home/hannasm/ExpressiveExpressionTreesDotNet/ExpressiveExpressionTrees.Tests/bin/Debug/netcoreapp2.0/ExpressiveExpressionTrees.Tests.dll" adapterTypeName="executor://mstestadapter/v2" className="ExpressiveExpressionTrees.Tests.ExpressionHasherTests.ListInitExpressionHasherTests" name="Test004" /></UnitTest><UnitTest name="Test007" storage="/home/hannasm/expressiveexpressiontreesdotnet/expressiveexpressiontrees.tests/bin/debug/netcoreapp2.0/expressiveexpressiontrees.tests.dll" id="dd563462-68a6-3e61-cdeb-55f69c3209b9"><Execution id="d3fa27b8-8891-4670-9ff6-7041a043627a" /><TestMethod codeBase="/home/hannasm/ExpressiveExpressionTreesDotNet/ExpressiveExpressionTrees.Tests/bin/Debug/netcoreapp2.0/ExpressiveExpressionTrees.Tests.dll" adapterTypeName="executor://mstestadapter/v2" className="ExpressiveExpressionTrees.Tests.ExpressionComparerTests.BindingsExpressionComparerTests" name="Test007" /></UnitTest><UnitTest name="Test002" storage="/home/hannasm/expressiveexpressiontreesdotnet/expressiveexpressiontrees.tests/bin/debug/netcoreapp2.0/expressiveexpressiontrees.tests.dll" id="df4deba8-f561-4995-dc63-877ec5eaf6f0"><Execution id="d9f2e5de-c873-4923-b823-50ae8f4f038b" /><TestMethod codeBase="/home/hannasm/ExpressiveExpressionTreesDotNet/ExpressiveExpressionTrees.Tests/bin/Debug/netcoreapp2.0/ExpressiveExpressionTrees.Tests.dll" adapterTypeName="executor://mstestadapter/v2" className="ExpressiveExpressionTrees.Tests.ExpressionComparerTests.ParameterExpressionComparerTests" name="Test002" /></UnitTest><UnitTest name="Test010" storage="/home/hannasm/expressiveexpressiontreesdotnet/expressiveexpressiontrees.tests/bin/debug/netcoreapp2.0/expressiveexpressiontrees.tests.dll" id="30fd60e8-c13b-5466-ea21-80dbd9c4f802"><Execution id="6d4b011c-2ef4-4be3-bddf-3ac05e3f0236" /><TestMethod codeBase="/home/hannasm/ExpressiveExpressionTreesDotNet/ExpressiveExpressionTrees.Tests/bin/Debug/netcoreapp2.0/ExpressiveExpressionTrees.Tests.dll" adapterTypeName="executor://mstestadapter/v2" className="ExpressiveExpressionTrees.Tests.ExpressionHasherTests.MethodCallExpressionHasherTests" name="Test010" /></UnitTest><UnitTest name="Test058" storage="/home/hannasm/expressiveexpressiontreesdotnet/expressiveexpressiontrees.tests/bin/debug/netcoreapp2.0/expressiveexpressiontrees.tests.dll" id="6681a535-81ee-ad6e-7826-5b1dc779fa33"><Execution id="5b866072-0265-4a57-9549-3b0d28fef914" /><TestMethod codeBase="/home/hannasm/ExpressiveExpressionTreesDotNet/ExpressiveExpressionTrees.Tests/bin/Debug/netcoreapp2.0/ExpressiveExpressionTrees.Tests.dll" adapterTypeName="executor://mstestadapter/v2" className="ExpressiveExpressionTrees.Tests.ExpressionVisitorTest.NewVisitorTests" name="Test058" /></UnitTest><UnitTest name="Test042" storage="/home/hannasm/expressiveexpressiontreesdotnet/expressiveexpressiontrees.tests/bin/debug/netcoreapp2.0/expressiveexpressiontrees.tests.dll" id="5e81fc4f-debb-9d0c-716f-e24d390c08ca"><Execution id="b9af994f-d44f-490d-a478-dc806d7bd857" /><TestMethod codeBase="/home/hannasm/ExpressiveExpressionTreesDotNet/ExpressiveExpressionTrees.Tests/bin/Debug/netcoreapp2.0/ExpressiveExpressionTrees.Tests.dll" adapterTypeName="executor://mstestadapter/v2" className="ExpressiveExpressionTrees.Tests.ExpressionGeneratorTests" name="Test042" /></UnitTest><UnitTest name="Test032" storage="/home/hannasm/expressiveexpressiontreesdotnet/expressiveexpressiontrees.tests/bin/debug/netcoreapp2.0/expressiveexpressiontrees.tests.dll" id="c71a72f4-3d43-b896-79f7-bd9a8fb08f4b"><Execution id="8197cac0-7fbb-46c1-8d86-5d5a81f4e92a" /><TestMethod codeBase="/home/hannasm/ExpressiveExpressionTreesDotNet/ExpressiveExpressionTrees.Tests/bin/Debug/netcoreapp2.0/ExpressiveExpressionTrees.Tests.dll" adapterTypeName="executor://mstestadapter/v2" className="ExpressiveExpressionTrees.Tests.ExpressionVisitorTest.NewVisitorTests" name="Test032" /></UnitTest><UnitTest name="Test004" storage="/home/hannasm/expressiveexpressiontreesdotnet/expressiveexpressiontrees.tests/bin/debug/netcoreapp2.0/expressiveexpressiontrees.tests.dll" id="14505b0e-6857-5e7b-15cc-7209ae8fd15d"><Execution id="c219f72c-733d-493f-a6a3-f122cb9a075d" /><TestMethod codeBase="/home/hannasm/ExpressiveExpressionTreesDotNet/ExpressiveExpressionTrees.Tests/bin/Debug/netcoreapp2.0/ExpressiveExpressionTrees.Tests.dll" adapterTypeName="executor://mstestadapter/v2" className="ExpressiveExpressionTrees.Tests.ExpressionReplacerTests.ExpressionReplacerUseCases" name="Test004" /></UnitTest><UnitTest name="Test008" storage="/home/hannasm/expressiveexpressiontreesdotnet/expressiveexpressiontrees.tests/bin/debug/netcoreapp2.0/expressiveexpressiontrees.tests.dll" id="2484a286-4a16-f795-21ee-a25b9473b259"><Execution id="f38794dc-4c89-44e8-89a3-0e1630490911" /><TestMethod codeBase="/home/hannasm/ExpressiveExpressionTreesDotNet/ExpressiveExpressionTrees.Tests/bin/Debug/netcoreapp2.0/ExpressiveExpressionTrees.Tests.dll" adapterTypeName="executor://mstestadapter/v2" className="ExpressiveExpressionTrees.Tests.ExpressionComparerTests.NewExpressionComparerTests" name="Test008" /></UnitTest><UnitTest name="Test006" storage="/home/hannasm/expressiveexpressiontreesdotnet/expressiveexpressiontrees.tests/bin/debug/netcoreapp2.0/expressiveexpressiontrees.tests.dll" id="0bfaa50b-e220-fcfc-04eb-4755b3ffad12"><Execution id="106567d6-973c-4a6f-91b0-e6c0d5fc6812" /><TestMethod codeBase="/home/hannasm/ExpressiveExpressionTreesDotNet/ExpressiveExpressionTrees.Tests/bin/Debug/netcoreapp2.0/ExpressiveExpressionTrees.Tests.dll" adapterTypeName="executor://mstestadapter/v2" className="ExpressiveExpressionTrees.Tests.ExpressionHasherTests.MethodCallExpressionHasherTests" name="Test006" /></UnitTest><UnitTest name="Test005" storage="/home/hannasm/expressiveexpressiontreesdotnet/expressiveexpressiontrees.tests/bin/debug/netcoreapp2.0/expressiveexpressiontrees.tests.dll" id="6eaadced-92f6-b086-65fa-24916f302287"><Execution id="728ad860-20d2-41e2-a90c-11d249252df6" /><TestMethod codeBase="/home/hannasm/ExpressiveExpressionTreesDotNet/ExpressiveExpressionTrees.Tests/bin/Debug/netcoreapp2.0/ExpressiveExpressionTrees.Tests.dll" adapterTypeName="executor://mstestadapter/v2" className="ExpressiveExpressionTrees.Tests.ExpressionHasherTests.MethodCallExpressionHasherTests" name="Test005" /></UnitTest><UnitTest name="Test004" storage="/home/hannasm/expressiveexpressiontreesdotnet/expressiveexpressiontrees.tests/bin/debug/netcoreapp2.0/expressiveexpressiontrees.tests.dll" id="87249773-d8a9-9f33-b107-e50912800565"><Execution id="e7883b86-0b53-4517-9c87-3786211c5a6a" /><TestMethod codeBase="/home/hannasm/ExpressiveExpressionTreesDotNet/ExpressiveExpressionTrees.Tests/bin/Debug/netcoreapp2.0/ExpressiveExpressionTrees.Tests.dll" adapterTypeName="executor://mstestadapter/v2" className="ExpressiveExpressionTrees.Tests.ExpressionVisitorTest.LambdaVisitorTests" name="Test004" /></UnitTest><UnitTest name="Test251" storage="/home/hannasm/expressiveexpressiontreesdotnet/expressiveexpressiontrees.tests/bin/debug/netcoreapp2.0/expressiveexpressiontrees.tests.dll" id="dd5efb91-8d61-00d3-df0f-01b70471512d"><Execution id="c1efa382-1c07-45f9-b70c-e67818f76f2e" /><TestMethod codeBase="/home/hannasm/ExpressiveExpressionTreesDotNet/ExpressiveExpressionTrees.Tests/bin/Debug/netcoreapp2.0/ExpressiveExpressionTrees.Tests.dll" adapterTypeName="executor://mstestadapter/v2" className="ExpressiveExpressionTrees.Tests.ExpressionVisitorTest.BinaryVisitorTests" name="Test251" /></UnitTest><UnitTest name="Test035" storage="/home/hannasm/expressiveexpressiontreesdotnet/expressiveexpressiontrees.tests/bin/debug/netcoreapp2.0/expressiveexpressiontrees.tests.dll" id="695c6917-314c-eabd-ac81-2fcddf5dca49"><Execution id="1953d2cd-9377-48b6-98a3-ee1ffb9cc699" /><TestMethod codeBase="/home/hannasm/ExpressiveExpressionTreesDotNet/ExpressiveExpressionTrees.Tests/bin/Debug/netcoreapp2.0/ExpressiveExpressionTrees.Tests.dll" adapterTypeName="executor://mstestadapter/v2" className="ExpressiveExpressionTrees.Tests.ExpressionVisitorTest.UnaryVisitorTests" name="Test035" /></UnitTest><UnitTest name="Test008" storage="/home/hannasm/expressiveexpressiontreesdotnet/expressiveexpressiontrees.tests/bin/debug/netcoreapp2.0/expressiveexpressiontrees.tests.dll" id="d526f0f2-31e5-980c-6086-d55adc8dd8fe"><Execution id="7fb7bb18-9af4-48a6-ba7d-a9c5b380bb82" /><TestMethod codeBase="/home/hannasm/ExpressiveExpressionTreesDotNet/ExpressiveExpressionTrees.Tests/bin/Debug/netcoreapp2.0/ExpressiveExpressionTrees.Tests.dll" adapterTypeName="executor://mstestadapter/v2" className="ExpressiveExpressionTrees.Tests.ExpressionGeneratorFromFuncTests" name="Test008" /></UnitTest><UnitTest name="Test022" storage="/home/hannasm/expressiveexpressiontreesdotnet/expressiveexpressiontrees.tests/bin/debug/netcoreapp2.0/expressiveexpressiontrees.tests.dll" id="cd46d4d5-3032-5858-724c-2180053221c5"><Execution id="cb77fa7e-aaa7-46cf-8a50-dc2157611ddf" /><TestMethod codeBase="/home/hannasm/ExpressiveExpressionTreesDotNet/ExpressiveExpressionTrees.Tests/bin/Debug/netcoreapp2.0/ExpressiveExpressionTrees.Tests.dll" adapterTypeName="executor://mstestadapter/v2" className="ExpressiveExpressionTrees.Tests.ExpressionGeneratorMakeBinaryTests" name="Test022" /></UnitTest><UnitTest name="Test014" storage="/home/hannasm/expressiveexpressiontreesdotnet/expressiveexpressiontrees.tests/bin/debug/netcoreapp2.0/expressiveexpressiontrees.tests.dll" id="03afc8e6-23ae-fcff-3825-c71dba20456b"><Execution id="6b9a1b1f-229b-4909-bdd9-1b42e24ac314" /><TestMethod codeBase="/home/hannasm/ExpressiveExpressionTreesDotNet/ExpressiveExpressionTrees.Tests/bin/Debug/netcoreapp2.0/ExpressiveExpressionTrees.Tests.dll" adapterTypeName="executor://mstestadapter/v2" className="ExpressiveExpressionTrees.Tests.ExpressionVisitorTest.UnaryVisitorTests" name="Test014" /></UnitTest><UnitTest name="Test016" storage="/home/hannasm/expressiveexpressiontreesdotnet/expressiveexpressiontrees.tests/bin/debug/netcoreapp2.0/expressiveexpressiontrees.tests.dll" id="89373945-6b3a-c3ca-c756-5bc199bbf6db"><Execution id="88939738-99ef-4483-a046-d32471a75000" /><TestMethod codeBase="/home/hannasm/ExpressiveExpressionTreesDotNet/ExpressiveExpressionTrees.Tests/bin/Debug/netcoreapp2.0/ExpressiveExpressionTrees.Tests.dll" adapterTypeName="executor://mstestadapter/v2" className="ExpressiveExpressionTrees.Tests.ExpressionHasherTests.ListInitExpressionHasherTests" name="Test016" /></UnitTest><UnitTest name="Test034" storage="/home/hannasm/expressiveexpressiontreesdotnet/expressiveexpressiontrees.tests/bin/debug/netcoreapp2.0/expressiveexpressiontrees.tests.dll" id="cc8391b0-72c5-5a9b-7779-55dc086fd691"><Execution id="edb6c077-bf19-4d60-aa7f-603111d771f4" /><TestMethod codeBase="/home/hannasm/ExpressiveExpressionTreesDotNet/ExpressiveExpressionTrees.Tests/bin/Debug/netcoreapp2.0/ExpressiveExpressionTrees.Tests.dll" adapterTypeName="executor://mstestadapter/v2" className="ExpressiveExpressionTrees.Tests.ExpressionVisitorTest.NewVisitorTests" name="Test034" /></UnitTest><UnitTest name="Test006" storage="/home/hannasm/expressiveexpressiontreesdotnet/expressiveexpressiontrees.tests/bin/debug/netcoreapp2.0/expressiveexpressiontrees.tests.dll" id="03820718-689c-d997-7ec1-b7a63af3a1dd"><Execution id="718be67b-96e7-4f9b-b6be-ece596e14e65" /><TestMethod codeBase="/home/hannasm/ExpressiveExpressionTreesDotNet/ExpressiveExpressionTrees.Tests/bin/Debug/netcoreapp2.0/ExpressiveExpressionTrees.Tests.dll" adapterTypeName="executor://mstestadapter/v2" className="ExpressiveExpressionTrees.Tests.ExpressionHasherTests.BinaryExpressionHasherTests" name="Test006" /></UnitTest><UnitTest name="Test019" storage="/home/hannasm/expressiveexpressiontreesdotnet/expressiveexpressiontrees.tests/bin/debug/netcoreapp2.0/expressiveexpressiontrees.tests.dll" id="80527f63-109d-f305-c5a3-71a62ed33a8f"><Execution id="12970df4-946b-4d0d-8a9d-54c193f5bc50" /><TestMethod codeBase="/home/hannasm/ExpressiveExpressionTreesDotNet/ExpressiveExpressionTrees.Tests/bin/Debug/netcoreapp2.0/ExpressiveExpressionTrees.Tests.dll" adapterTypeName="executor://mstestadapter/v2" className="ExpressiveExpressionTrees.Tests.ExpressionComparerTests.MemberInitVisitorTests" name="Test019" /></UnitTest><UnitTest name="Test021" storage="/home/hannasm/expressiveexpressiontreesdotnet/expressiveexpressiontrees.tests/bin/debug/netcoreapp2.0/expressiveexpressiontrees.tests.dll" id="9e145108-18df-f6b9-fd1d-d8dcf4e9ed86"><Execution id="50fddd65-6618-4730-947f-bbd11c3f11be" /><TestMethod codeBase="/home/hannasm/ExpressiveExpressionTreesDotNet/ExpressiveExpressionTrees.Tests/bin/Debug/netcoreapp2.0/ExpressiveExpressionTrees.Tests.dll" adapterTypeName="executor://mstestadapter/v2" className="ExpressiveExpressionTrees.Tests.ExpressionComparerTests.ListInitExpressionComparerTests" name="Test021" /></UnitTest><UnitTest name="Test109" storage="/home/hannasm/expressiveexpressiontreesdotnet/expressiveexpressiontrees.tests/bin/debug/netcoreapp2.0/expressiveexpressiontrees.tests.dll" id="ac96a6b2-765c-3611-64c9-126dee8ee7ea"><Execution id="0e066128-1741-4092-957e-50ff30c36b89" /><TestMethod codeBase="/home/hannasm/ExpressiveExpressionTreesDotNet/ExpressiveExpressionTrees.Tests/bin/Debug/netcoreapp2.0/ExpressiveExpressionTrees.Tests.dll" adapterTypeName="executor://mstestadapter/v2" className="ExpressiveExpressionTrees.Tests.ExpressionVisitorTest.BinaryVisitorTests" name="Test109" /></UnitTest><UnitTest name="Test006" storage="/home/hannasm/expressiveexpressiontreesdotnet/expressiveexpressiontrees.tests/bin/debug/netcoreapp2.0/expressiveexpressiontrees.tests.dll" id="c6f2bd5a-4caf-16b4-de55-2a539aa90c68"><Execution id="d59829ab-df43-4496-bf2c-09e67cab0bdf" /><TestMethod codeBase="/home/hannasm/ExpressiveExpressionTreesDotNet/ExpressiveExpressionTrees.Tests/bin/Debug/netcoreapp2.0/ExpressiveExpressionTrees.Tests.dll" adapterTypeName="executor://mstestadapter/v2" className="ExpressiveExpressionTrees.Tests.ExpressionComparerTests.BinaryExpressionComparerTests" name="Test006" /></UnitTest><UnitTest name="Test061" storage="/home/hannasm/expressiveexpressiontreesdotnet/expressiveexpressiontrees.tests/bin/debug/netcoreapp2.0/expressiveexpressiontrees.tests.dll" id="d4dce92d-4156-8383-1e95-bec7bdb5e6c9"><Execution id="0a452cbe-3998-46d1-836b-93f6c4221030" /><TestMethod codeBase="/home/hannasm/ExpressiveExpressionTreesDotNet/ExpressiveExpressionTrees.Tests/bin/Debug/netcoreapp2.0/ExpressiveExpressionTrees.Tests.dll" adapterTypeName="executor://mstestadapter/v2" className="ExpressiveExpressionTrees.Tests.ExpressionGeneratorTests" name="Test061" /></UnitTest><UnitTest name="Test006" storage="/home/hannasm/expressiveexpressiontreesdotnet/expressiveexpressiontrees.tests/bin/debug/netcoreapp2.0/expressiveexpressiontrees.tests.dll" id="f0e0bd32-113d-8739-708d-e711947270b7"><Execution id="cda7cba1-f5ae-4163-b2e8-16a9931cba1d" /><TestMethod codeBase="/home/hannasm/ExpressiveExpressionTreesDotNet/ExpressiveExpressionTrees.Tests/bin/Debug/netcoreapp2.0/ExpressiveExpressionTrees.Tests.dll" adapterTypeName="executor://mstestadapter/v2" className="ExpressiveExpressionTrees.Tests.ExpressionHasherTests.MemberAccessExpressionHasherTests" name="Test006" /></UnitTest><UnitTest name="Test011" storage="/home/hannasm/expressiveexpressiontreesdotnet/expressiveexpressiontrees.tests/bin/debug/netcoreapp2.0/expressiveexpressiontrees.tests.dll" id="5dd08fda-2325-51cc-39ba-b396b4b27068"><Execution id="554c666d-d9f7-402e-a26d-523e57ebeb0a" /><TestMethod codeBase="/home/hannasm/ExpressiveExpressionTreesDotNet/ExpressiveExpressionTrees.Tests/bin/Debug/netcoreapp2.0/ExpressiveExpressionTrees.Tests.dll" adapterTypeName="executor://mstestadapter/v2" className="ExpressiveExpressionTrees.Tests.ExpressionComparerTests.BindingsExpressionComparerTests" name="Test011" /></UnitTest><UnitTest name="Test215" storage="/home/hannasm/expressiveexpressiontreesdotnet/expressiveexpressiontrees.tests/bin/debug/netcoreapp2.0/expressiveexpressiontrees.tests.dll" id="e4feefb6-9dbe-e84b-19e0-3a9656eceb97"><Execution id="0664b746-3708-41f2-8d3a-0ea79704f76f" /><TestMethod codeBase="/home/hannasm/ExpressiveExpressionTreesDotNet/ExpressiveExpressionTrees.Tests/bin/Debug/netcoreapp2.0/ExpressiveExpressionTrees.Tests.dll" adapterTypeName="executor://mstestadapter/v2" className="ExpressiveExpressionTrees.Tests.ExpressionVisitorTest.BinaryVisitorTests" name="Test215" /></UnitTest><UnitTest name="Test017" storage="/home/hannasm/expressiveexpressiontreesdotnet/expressiveexpressiontrees.tests/bin/debug/netcoreapp2.0/expressiveexpressiontrees.tests.dll" id="1718c96f-cb94-a5dd-88f4-4502d2ff5e9b"><Execution id="a4d9470c-cdf1-487a-a542-9035b03d89db" /><TestMethod codeBase="/home/hannasm/ExpressiveExpressionTreesDotNet/ExpressiveExpressionTrees.Tests/bin/Debug/netcoreapp2.0/ExpressiveExpressionTrees.Tests.dll" adapterTypeName="executor://mstestadapter/v2" className="ExpressiveExpressionTrees.Tests.ExpressionComparerTests.NewExpressionComparerTests" name="Test017" /></UnitTest><UnitTest name="Test021" storage="/home/hannasm/expressiveexpressiontreesdotnet/expressiveexpressiontrees.tests/bin/debug/netcoreapp2.0/expressiveexpressiontrees.tests.dll" id="c40b4b24-089c-8fc6-a1de-ef3abf3fcaaf"><Execution id="c885a194-86c4-47d9-bb72-1116006979b3" /><TestMethod codeBase="/home/hannasm/ExpressiveExpressionTreesDotNet/ExpressiveExpressionTrees.Tests/bin/Debug/netcoreapp2.0/ExpressiveExpressionTrees.Tests.dll" adapterTypeName="executor://mstestadapter/v2" className="ExpressiveExpressionTrees.Tests.ExpressionComparerTests.BinaryExpressionComparerTests" name="Test021" /></UnitTest><UnitTest name="Test012" storage="/home/hannasm/expressiveexpressiontreesdotnet/expressiveexpressiontrees.tests/bin/debug/netcoreapp2.0/expressiveexpressiontrees.tests.dll" id="33d20f09-de53-0c6e-9346-57c333c6d3e8"><Execution id="41ad193f-c798-4c3a-b184-efdeaf6ee725" /><TestMethod codeBase="/home/hannasm/ExpressiveExpressionTreesDotNet/ExpressiveExpressionTrees.Tests/bin/Debug/netcoreapp2.0/ExpressiveExpressionTrees.Tests.dll" adapterTypeName="executor://mstestadapter/v2" className="ExpressiveExpressionTrees.Tests.ExpressionGeneratorTests" name="Test012" /></UnitTest><UnitTest name="Test250" storage="/home/hannasm/expressiveexpressiontreesdotnet/expressiveexpressiontrees.tests/bin/debug/netcoreapp2.0/expressiveexpressiontrees.tests.dll" id="8c979618-7230-a4e7-55f3-558a2531aa4b"><Execution id="e32e6389-c4aa-4cda-88f2-6031fbba0f15" /><TestMethod codeBase="/home/hannasm/ExpressiveExpressionTreesDotNet/ExpressiveExpressionTrees.Tests/bin/Debug/netcoreapp2.0/ExpressiveExpressionTrees.Tests.dll" adapterTypeName="executor://mstestadapter/v2" className="ExpressiveExpressionTrees.Tests.ExpressionVisitorTest.BinaryVisitorTests" name="Test250" /></UnitTest><UnitTest name="Test006" storage="/home/hannasm/expressiveexpressiontreesdotnet/expressiveexpressiontrees.tests/bin/debug/netcoreapp2.0/expressiveexpressiontrees.tests.dll" id="916b47a3-02eb-d740-4b86-22b718990fbd"><Execution id="d272b0ed-56a6-4a42-b80a-680453fab493" /><TestMethod codeBase="/home/hannasm/ExpressiveExpressionTreesDotNet/ExpressiveExpressionTrees.Tests/bin/Debug/netcoreapp2.0/ExpressiveExpressionTrees.Tests.dll" adapterTypeName="executor://mstestadapter/v2" className="ExpressiveExpressionTrees.Tests.ExpressionHasherTests.LambdaExpressionHasherTests" name="Test006" /></UnitTest><UnitTest name="Test008" storage="/home/hannasm/expressiveexpressiontreesdotnet/expressiveexpressiontrees.tests/bin/debug/netcoreapp2.0/expressiveexpressiontrees.tests.dll" id="4faf95ff-ca20-5036-4b8f-c92a3d43594a"><Execution id="f93392e4-320c-4e30-b66b-bfb390f52551" /><TestMethod codeBase="/home/hannasm/ExpressiveExpressionTreesDotNet/ExpressiveExpressionTrees.Tests/bin/Debug/netcoreapp2.0/ExpressiveExpressionTrees.Tests.dll" adapterTypeName="executor://mstestadapter/v2" className="ExpressiveExpressionTrees.Tests.ExpressionComparerTests.UnaryExpressionComparerTests" name="Test008" /></UnitTest><UnitTest name="Test017" storage="/home/hannasm/expressiveexpressiontreesdotnet/expressiveexpressiontrees.tests/bin/debug/netcoreapp2.0/expressiveexpressiontrees.tests.dll" id="51bccd34-5a4d-6fb6-eec9-72a789146c36"><Execution id="b8d393ff-72b7-4e33-b398-e9198c9fb553" /><TestMethod codeBase="/home/hannasm/ExpressiveExpressionTreesDotNet/ExpressiveExpressionTrees.Tests/bin/Debug/netcoreapp2.0/ExpressiveExpressionTrees.Tests.dll" adapterTypeName="executor://mstestadapter/v2" className="ExpressiveExpressionTrees.Tests.ExpressionGeneratorTests" name="Test017" /></UnitTest><UnitTest name="Test024" storage="/home/hannasm/expressiveexpressiontreesdotnet/expressiveexpressiontrees.tests/bin/debug/netcoreapp2.0/expressiveexpressiontrees.tests.dll" id="438eb814-4bd8-fcc0-e335-fbd4feba5ba9"><Execution id="bac7dabf-e0e1-45f6-ab61-83b0eda07c84" /><TestMethod codeBase="/home/hannasm/ExpressiveExpressionTreesDotNet/ExpressiveExpressionTrees.Tests/bin/Debug/netcoreapp2.0/ExpressiveExpressionTrees.Tests.dll" adapterTypeName="executor://mstestadapter/v2" className="ExpressiveExpressionTrees.Tests.ExpressionHasherTests.ListInitExpressionHasherTests" name="Test024" /></UnitTest><UnitTest name="Test016" storage="/home/hannasm/expressiveexpressiontreesdotnet/expressiveexpressiontrees.tests/bin/debug/netcoreapp2.0/expressiveexpressiontrees.tests.dll" id="d6c12351-26c3-dd2a-6dca-2b54f184c7af"><Execution id="da3c9f33-53c5-492f-a0ee-3274479a26ed" /><TestMethod codeBase="/home/hannasm/ExpressiveExpressionTreesDotNet/ExpressiveExpressionTrees.Tests/bin/Debug/netcoreapp2.0/ExpressiveExpressionTrees.Tests.dll" adapterTypeName="executor://mstestadapter/v2" className="ExpressiveExpressionTrees.Tests.ExpressionHasherTests.BinaryExpressionHasherTests" name="Test016" /></UnitTest><UnitTest name="Test025" storage="/home/hannasm/expressiveexpressiontreesdotnet/expressiveexpressiontrees.tests/bin/debug/netcoreapp2.0/expressiveexpressiontrees.tests.dll" id="40cf671e-d14e-b22f-1835-457aaf3db698"><Execution id="56e094b9-873a-473f-849a-de1aded3af32" /><TestMethod codeBase="/home/hannasm/ExpressiveExpressionTreesDotNet/ExpressiveExpressionTrees.Tests/bin/Debug/netcoreapp2.0/ExpressiveExpressionTrees.Tests.dll" adapterTypeName="executor://mstestadapter/v2" className="ExpressiveExpressionTrees.Tests.ExpressionComparerTests.NewExpressionComparerTests" name="Test025" /></UnitTest><UnitTest name="Test033" storage="/home/hannasm/expressiveexpressiontreesdotnet/expressiveexpressiontrees.tests/bin/debug/netcoreapp2.0/expressiveexpressiontrees.tests.dll" id="02757eb5-74f9-8098-c103-776e916781bc"><Execution id="6d7d2325-b98e-4a02-80f5-a64567ed3572" /><TestMethod codeBase="/home/hannasm/ExpressiveExpressionTreesDotNet/ExpressiveExpressionTrees.Tests/bin/Debug/netcoreapp2.0/ExpressiveExpressionTrees.Tests.dll" adapterTypeName="executor://mstestadapter/v2" className="ExpressiveExpressionTrees.Tests.ExpressionGeneratorTests" name="Test033" /></UnitTest><UnitTest name="Test012" storage="/home/hannasm/expressiveexpressiontreesdotnet/expressiveexpressiontrees.tests/bin/debug/netcoreapp2.0/expressiveexpressiontrees.tests.dll" id="50c75a55-ee87-78dc-2edd-8440568470c4"><Execution id="f6d015c1-044e-4f3d-a627-651d70a5674f" /><TestMethod codeBase="/home/hannasm/ExpressiveExpressionTreesDotNet/ExpressiveExpressionTrees.Tests/bin/Debug/netcoreapp2.0/ExpressiveExpressionTrees.Tests.dll" adapterTypeName="executor://mstestadapter/v2" className="ExpressiveExpressionTrees.Tests.ExpressionVisitorTest.IndexerVisitorTests" name="Test012" /></UnitTest><UnitTest name="Test006" storage="/home/hannasm/expressiveexpressiontreesdotnet/expressiveexpressiontrees.tests/bin/debug/netcoreapp2.0/expressiveexpressiontrees.tests.dll" id="84e29221-718a-17a8-1dbc-a69dc74c2a25"><Execution id="2f2e1644-e0db-4c2e-81d2-243dfa220974" /><TestMethod codeBase="/home/hannasm/ExpressiveExpressionTreesDotNet/ExpressiveExpressionTrees.Tests/bin/Debug/netcoreapp2.0/ExpressiveExpressionTrees.Tests.dll" adapterTypeName="executor://mstestadapter/v2" className="ExpressiveExpressionTrees.Tests.ExpressionComparerTests.NewArrayExpressionComparerTests" name="Test006" /></UnitTest><UnitTest name="Test006" storage="/home/hannasm/expressiveexpressiontreesdotnet/expressiveexpressiontrees.tests/bin/debug/netcoreapp2.0/expressiveexpressiontrees.tests.dll" id="1426eeee-7b5b-0432-5023-48d69259c0e7"><Execution id="dbcf844c-fe5a-4c94-95c1-c62e5d633e29" /><TestMethod codeBase="/home/hannasm/ExpressiveExpressionTreesDotNet/ExpressiveExpressionTrees.Tests/bin/Debug/netcoreapp2.0/ExpressiveExpressionTrees.Tests.dll" adapterTypeName="executor://mstestadapter/v2" className="ExpressiveExpressionTrees.Tests.ExpressionGeneratorFromActionTests" name="Test006" /></UnitTest><UnitTest name="Test049" storage="/home/hannasm/expressiveexpressiontreesdotnet/expressiveexpressiontrees.tests/bin/debug/netcoreapp2.0/expressiveexpressiontrees.tests.dll" id="8ff0e4b3-1e6f-d3c4-cdd7-7952bdb90f4e"><Execution id="a3f9dc32-f178-4d6c-b6d8-b16f5f906a42" /><TestMethod codeBase="/home/hannasm/ExpressiveExpressionTreesDotNet/ExpressiveExpressionTrees.Tests/bin/Debug/netcoreapp2.0/ExpressiveExpressionTrees.Tests.dll" adapterTypeName="executor://mstestadapter/v2" className="ExpressiveExpressionTrees.Tests.ExpressionGeneratorTests" name="Test049" /></UnitTest><UnitTest name="Test012" storage="/home/hannasm/expressiveexpressiontreesdotnet/expressiveexpressiontrees.tests/bin/debug/netcoreapp2.0/expressiveexpressiontrees.tests.dll" id="bfe80573-e791-2099-c21d-07e8eb7ae56c"><Execution id="252ae6b8-9377-4299-aac4-bb64e62a321b" /><TestMethod codeBase="/home/hannasm/ExpressiveExpressionTreesDotNet/ExpressiveExpressionTrees.Tests/bin/Debug/netcoreapp2.0/ExpressiveExpressionTrees.Tests.dll" adapterTypeName="executor://mstestadapter/v2" className="ExpressiveExpressionTrees.Tests.ExpressionHasherTests.NewExpressionHasherTests" name="Test012" /></UnitTest><UnitTest name="Test001" storage="/home/hannasm/expressiveexpressiontreesdotnet/expressiveexpressiontrees.tests/bin/debug/netcoreapp2.0/expressiveexpressiontrees.tests.dll" id="9a69535b-14f3-3a85-5481-6be07ee9b3cb"><Execution id="563a4586-a269-464d-8d29-f548567e3b2c" /><TestMethod codeBase="/home/hannasm/ExpressiveExpressionTreesDotNet/ExpressiveExpressionTrees.Tests/bin/Debug/netcoreapp2.0/ExpressiveExpressionTrees.Tests.dll" adapterTypeName="executor://mstestadapter/v2" className="ExpressiveExpressionTrees.Tests.ExpressionVisitorTest.TryCatchVisitorTests" name="Test001" /></UnitTest><UnitTest name="Test149" storage="/home/hannasm/expressiveexpressiontreesdotnet/expressiveexpressiontrees.tests/bin/debug/netcoreapp2.0/expressiveexpressiontrees.tests.dll" id="51695eb9-1f65-72b2-3a9d-dd5f9967f449"><Execution id="20186dc2-e2dd-436c-9b12-9a28303b4606" /><TestMethod codeBase="/home/hannasm/ExpressiveExpressionTreesDotNet/ExpressiveExpressionTrees.Tests/bin/Debug/netcoreapp2.0/ExpressiveExpressionTrees.Tests.dll" adapterTypeName="executor://mstestadapter/v2" className="ExpressiveExpressionTrees.Tests.ExpressionVisitorTest.BinaryVisitorTests" name="Test149" /></UnitTest><UnitTest name="Test002" storage="/home/hannasm/expressiveexpressiontreesdotnet/expressiveexpressiontrees.tests/bin/debug/netcoreapp2.0/expressiveexpressiontrees.tests.dll" id="bf269529-62b8-2639-f6f1-d2d7a094a979"><Execution id="04788d93-1b43-4a0e-ba12-f0999bee8ba1" /><TestMethod codeBase="/home/hannasm/ExpressiveExpressionTreesDotNet/ExpressiveExpressionTrees.Tests/bin/Debug/netcoreapp2.0/ExpressiveExpressionTrees.Tests.dll" adapterTypeName="executor://mstestadapter/v2" className="ExpressiveExpressionTrees.Tests.ExpressionComparerTests.InvocationExpressionComparerTests" name="Test002" /></UnitTest><UnitTest name="Test013" storage="/home/hannasm/expressiveexpressiontreesdotnet/expressiveexpressiontrees.tests/bin/debug/netcoreapp2.0/expressiveexpressiontrees.tests.dll" id="9bd48c48-fd7b-02b5-7cd0-bfad16b32e3a"><Execution id="c54b4feb-592c-4e69-9561-8ca013d62890" /><TestMethod codeBase="/home/hannasm/ExpressiveExpressionTreesDotNet/ExpressiveExpressionTrees.Tests/bin/Debug/netcoreapp2.0/ExpressiveExpressionTrees.Tests.dll" adapterTypeName="executor://mstestadapter/v2" className="ExpressiveExpressionTrees.Tests.ExpressionGeneratorFromFuncTests" name="Test013" /></UnitTest><UnitTest name="Test006" storage="/home/hannasm/expressiveexpressiontreesdotnet/expressiveexpressiontrees.tests/bin/debug/netcoreapp2.0/expressiveexpressiontrees.tests.dll" id="7cf56fed-d181-006b-4346-7cc795849e1f"><Execution id="3556d1a5-f8dc-4dcc-b35b-691c5b268871" /><TestMethod codeBase="/home/hannasm/ExpressiveExpressionTreesDotNet/ExpressiveExpressionTrees.Tests/bin/Debug/netcoreapp2.0/ExpressiveExpressionTrees.Tests.dll" adapterTypeName="executor://mstestadapter/v2" className="ExpressiveExpressionTrees.Tests.ExpressionComparerTests.MethodCallExpressionComparerTests" name="Test006" /></UnitTest><UnitTest name="Test025" storage="/home/hannasm/expressiveexpressiontreesdotnet/expressiveexpressiontrees.tests/bin/debug/netcoreapp2.0/expressiveexpressiontrees.tests.dll" id="8395ae57-aeb2-d9d1-ce94-8a74d0e36d02"><Execution id="8a3484c5-a951-40aa-ae2a-3533854cefbf" /><TestMethod codeBase="/home/hannasm/ExpressiveExpressionTreesDotNet/ExpressiveExpressionTrees.Tests/bin/Debug/netcoreapp2.0/ExpressiveExpressionTrees.Tests.dll" adapterTypeName="executor://mstestadapter/v2" className="ExpressiveExpressionTrees.Tests.ExpressionGeneratorFromActionTests" name="Test025" /></UnitTest><UnitTest name="Test011" storage="/home/hannasm/expressiveexpressiontreesdotnet/expressiveexpressiontrees.tests/bin/debug/netcoreapp2.0/expressiveexpressiontrees.tests.dll" id="fb163046-f909-3234-7c71-a42bd0997fd3"><Execution id="1d53cd5b-8645-4701-aaa1-874884b3c09b" /><TestMethod codeBase="/home/hannasm/ExpressiveExpressionTreesDotNet/ExpressiveExpressionTrees.Tests/bin/Debug/netcoreapp2.0/ExpressiveExpressionTrees.Tests.dll" adapterTypeName="executor://mstestadapter/v2" className="ExpressiveExpressionTrees.Tests.ExpressionComparerTests.MemberInitVisitorTests" name="Test011" /></UnitTest><UnitTest name="Test024" storage="/home/hannasm/expressiveexpressiontreesdotnet/expressiveexpressiontrees.tests/bin/debug/netcoreapp2.0/expressiveexpressiontrees.tests.dll" id="83c81be1-9c5d-35e6-6c8d-8dd454ecf3a6"><Execution id="f1f360b7-392c-4eaf-884d-9f65a12697d4" /><TestMethod codeBase="/home/hannasm/ExpressiveExpressionTreesDotNet/ExpressiveExpressionTrees.Tests/bin/Debug/netcoreapp2.0/ExpressiveExpressionTrees.Tests.dll" adapterTypeName="executor://mstestadapter/v2" className="ExpressiveExpressionTrees.Tests.ExpressionVisitorTest.UnaryVisitorTests" name="Test024" /></UnitTest><UnitTest name="Test010" storage="/home/hannasm/expressiveexpressiontreesdotnet/expressiveexpressiontrees.tests/bin/debug/netcoreapp2.0/expressiveexpressiontrees.tests.dll" id="3a33c2f1-3c80-f24d-420c-3e4cafb8cdf9"><Execution id="0650613a-9920-4c5a-8298-1238eee165cf" /><TestMethod codeBase="/home/hannasm/ExpressiveExpressionTreesDotNet/ExpressiveExpressionTrees.Tests/bin/Debug/netcoreapp2.0/ExpressiveExpressionTrees.Tests.dll" adapterTypeName="executor://mstestadapter/v2" className="ExpressiveExpressionTrees.Tests.ExpressionHasherTests.InvocationExpressionHasherTests" name="Test010" /></UnitTest><UnitTest name="Test217" storage="/home/hannasm/expressiveexpressiontreesdotnet/expressiveexpressiontrees.tests/bin/debug/netcoreapp2.0/expressiveexpressiontrees.tests.dll" id="60f597cf-42ba-68a5-1d34-c82ea15b4af6"><Execution id="c2d6276f-1846-41b1-82ed-d4b85d2fbacd" /><TestMethod codeBase="/home/hannasm/ExpressiveExpressionTreesDotNet/ExpressiveExpressionTrees.Tests/bin/Debug/netcoreapp2.0/ExpressiveExpressionTrees.Tests.dll" adapterTypeName="executor://mstestadapter/v2" className="ExpressiveExpressionTrees.Tests.ExpressionVisitorTest.BinaryVisitorTests" name="Test217" /></UnitTest><UnitTest name="Test348" storage="/home/hannasm/expressiveexpressiontreesdotnet/expressiveexpressiontrees.tests/bin/debug/netcoreapp2.0/expressiveexpressiontrees.tests.dll" id="84e888fc-8175-dd75-45ec-443533f5ea58"><Execution id="18c6ffcc-5743-4885-b4e4-0f66fb5be776" /><TestMethod codeBase="/home/hannasm/ExpressiveExpressionTreesDotNet/ExpressiveExpressionTrees.Tests/bin/Debug/netcoreapp2.0/ExpressiveExpressionTrees.Tests.dll" adapterTypeName="executor://mstestadapter/v2" className="ExpressiveExpressionTrees.Tests.ExpressionVisitorTest.BinaryVisitorTests" name="Test348" /></UnitTest><UnitTest name="Test003" storage="/home/hannasm/expressiveexpressiontreesdotnet/expressiveexpressiontrees.tests/bin/debug/netcoreapp2.0/expressiveexpressiontrees.tests.dll" id="1d5dfdfb-dab7-63a8-3c5c-a656f3f01569"><Execution id="5db40c15-5e30-4c7f-916b-b51bbe5a73b2" /><TestMethod codeBase="/home/hannasm/ExpressiveExpressionTreesDotNet/ExpressiveExpressionTrees.Tests/bin/Debug/netcoreapp2.0/ExpressiveExpressionTrees.Tests.dll" adapterTypeName="executor://mstestadapter/v2" className="ExpressiveExpressionTrees.Tests.ExpressionVisitorTest.InvokeVisitorTests" name="Test003" /></UnitTest><UnitTest name="Test009" storage="/home/hannasm/expressiveexpressiontreesdotnet/expressiveexpressiontrees.tests/bin/debug/netcoreapp2.0/expressiveexpressiontrees.tests.dll" id="c61e7f88-4346-7f2d-88f0-884862ed77e7"><Execution id="3168f06d-e842-4cd4-9e0e-524321147431" /><TestMethod codeBase="/home/hannasm/ExpressiveExpressionTreesDotNet/ExpressiveExpressionTrees.Tests/bin/Debug/netcoreapp2.0/ExpressiveExpressionTrees.Tests.dll" adapterTypeName="executor://mstestadapter/v2" className="ExpressiveExpressionTrees.Tests.ExpressionComparerTests.InvocationExpressionComparerTests" name="Test009" /></UnitTest><UnitTest name="Test010" storage="/home/hannasm/expressiveexpressiontreesdotnet/expressiveexpressiontrees.tests/bin/debug/netcoreapp2.0/expressiveexpressiontrees.tests.dll" id="4387ac30-b21f-19fc-a43c-ef647deddeb4"><Execution id="5c568029-8d2f-46dd-9ec2-a1641da181a7" /><TestMethod codeBase="/home/hannasm/ExpressiveExpressionTreesDotNet/ExpressiveExpressionTrees.Tests/bin/Debug/netcoreapp2.0/ExpressiveExpressionTrees.Tests.dll" adapterTypeName="executor://mstestadapter/v2" className="ExpressiveExpressionTrees.Tests.ExpressionComparerTests.MemberInitVisitorTests" name="Test010" /></UnitTest><UnitTest name="Test010" storage="/home/hannasm/expressiveexpressiontreesdotnet/expressiveexpressiontrees.tests/bin/debug/netcoreapp2.0/expressiveexpressiontrees.tests.dll" id="0ef0e46e-ee92-28ea-08bf-379ce723d975"><Execution id="36e4bcfc-6a93-4a6f-a897-a0b4707c5067" /><TestMethod codeBase="/home/hannasm/ExpressiveExpressionTreesDotNet/ExpressiveExpressionTrees.Tests/bin/Debug/netcoreapp2.0/ExpressiveExpressionTrees.Tests.dll" adapterTypeName="executor://mstestadapter/v2" className="ExpressiveExpressionTrees.Tests.ExpressionVisitorTest.NewArrayVisitorTests" name="Test010" /></UnitTest><UnitTest name="Test111" storage="/home/hannasm/expressiveexpressiontreesdotnet/expressiveexpressiontrees.tests/bin/debug/netcoreapp2.0/expressiveexpressiontrees.tests.dll" id="70bf383e-06da-6d79-58cc-40acdb2e8a93"><Execution id="328ae7ff-e1e4-45c9-bcc5-6293002cf939" /><TestMethod codeBase="/home/hannasm/ExpressiveExpressionTreesDotNet/ExpressiveExpressionTrees.Tests/bin/Debug/netcoreapp2.0/ExpressiveExpressionTrees.Tests.dll" adapterTypeName="executor://mstestadapter/v2" className="ExpressiveExpressionTrees.Tests.ExpressionVisitorTest.BinaryVisitorTests" name="Test111" /></UnitTest><UnitTest name="Test018" storage="/home/hannasm/expressiveexpressiontreesdotnet/expressiveexpressiontrees.tests/bin/debug/netcoreapp2.0/expressiveexpressiontrees.tests.dll" id="d78b1cc7-c23e-ac3a-174e-48fa014069c1"><Execution id="c4a7ac58-20d8-4305-82d3-f29ce3965a84" /><TestMethod codeBase="/home/hannasm/ExpressiveExpressionTreesDotNet/ExpressiveExpressionTrees.Tests/bin/Debug/netcoreapp2.0/ExpressiveExpressionTrees.Tests.dll" adapterTypeName="executor://mstestadapter/v2" className="ExpressiveExpressionTrees.Tests.ExpressionComparerTests.NewArrayExpressionComparerTests" name="Test018" /></UnitTest><UnitTest name="Test011" storage="/home/hannasm/expressiveexpressiontreesdotnet/expressiveexpressiontrees.tests/bin/debug/netcoreapp2.0/expressiveexpressiontrees.tests.dll" id="470059ca-ff2d-1e1f-f201-e674d425a3b4"><Execution id="08a2907e-c44c-4a64-823b-713df39c9236" /><TestMethod codeBase="/home/hannasm/ExpressiveExpressionTreesDotNet/ExpressiveExpressionTrees.Tests/bin/Debug/netcoreapp2.0/ExpressiveExpressionTrees.Tests.dll" adapterTypeName="executor://mstestadapter/v2" className="ExpressiveExpressionTrees.Tests.ExpressionVisitorTest.MethodCallVisitorTests" name="Test011" /></UnitTest><UnitTest name="Test002" storage="/home/hannasm/expressiveexpressiontreesdotnet/expressiveexpressiontrees.tests/bin/debug/netcoreapp2.0/expressiveexpressiontrees.tests.dll" id="28389296-a4a9-00a2-c8a6-400ac42ceafb"><Execution id="fdcd83f0-0d08-47ce-a992-0df6ed05b637" /><TestMethod codeBase="/home/hannasm/ExpressiveExpressionTreesDotNet/ExpressiveExpressionTrees.Tests/bin/Debug/netcoreapp2.0/ExpressiveExpressionTrees.Tests.dll" adapterTypeName="executor://mstestadapter/v2" className="ExpressiveExpressionTrees.Tests.ExpressionHasherTests.ListInitExpressionHasherTests" name="Test002" /></UnitTest><UnitTest name="Test011" storage="/home/hannasm/expressiveexpressiontreesdotnet/expressiveexpressiontrees.tests/bin/debug/netcoreapp2.0/expressiveexpressiontrees.tests.dll" id="86dc9bad-9a2f-d10b-2ef7-0b9f8577cec5"><Execution id="801ccea2-f62c-4e2d-82a5-3b64142f45f7" /><TestMethod codeBase="/home/hannasm/ExpressiveExpressionTreesDotNet/ExpressiveExpressionTrees.Tests/bin/Debug/netcoreapp2.0/ExpressiveExpressionTrees.Tests.dll" adapterTypeName="executor://mstestadapter/v2" className="ExpressiveExpressionTrees.Tests.ExpressionComparerTests.UnaryExpressionComparerTests" name="Test011" /></UnitTest><UnitTest name="Test004" storage="/home/hannasm/expressiveexpressiontreesdotnet/expressiveexpressiontrees.tests/bin/debug/netcoreapp2.0/expressiveexpressiontrees.tests.dll" id="a92ad924-89bc-8aa4-f420-13a7cbd1977a"><Execution id="5c1f1724-ad06-48bb-9245-e3d157fc3f06" /><TestMethod codeBase="/home/hannasm/ExpressiveExpressionTreesDotNet/ExpressiveExpressionTrees.Tests/bin/Debug/netcoreapp2.0/ExpressiveExpressionTrees.Tests.dll" adapterTypeName="executor://mstestadapter/v2" className="ExpressiveExpressionTrees.Tests.ExpressionHasherTests.TypeBinaryExpressionHasherTests" name="Test004" /></UnitTest><UnitTest name="Test114" storage="/home/hannasm/expressiveexpressiontreesdotnet/expressiveexpressiontrees.tests/bin/debug/netcoreapp2.0/expressiveexpressiontrees.tests.dll" id="4a7f9ea1-e399-cb66-6359-4924203a7c7a"><Execution id="4491d2b5-acea-4a49-9368-a1ebde7bd003" /><TestMethod codeBase="/home/hannasm/ExpressiveExpressionTreesDotNet/ExpressiveExpressionTrees.Tests/bin/Debug/netcoreapp2.0/ExpressiveExpressionTrees.Tests.dll" adapterTypeName="executor://mstestadapter/v2" className="ExpressiveExpressionTrees.Tests.ExpressionVisitorTest.BinaryVisitorTests" name="Test114" /></UnitTest><UnitTest name="Test003" storage="/home/hannasm/expressiveexpressiontreesdotnet/expressiveexpressiontrees.tests/bin/debug/netcoreapp2.0/expressiveexpressiontrees.tests.dll" id="bee7377c-cfd9-a864-5010-0a76d9371d7f"><Execution id="33ffa84a-ceaa-4816-9d92-ab94356bf65a" /><TestMethod codeBase="/home/hannasm/ExpressiveExpressionTreesDotNet/ExpressiveExpressionTrees.Tests/bin/Debug/netcoreapp2.0/ExpressiveExpressionTrees.Tests.dll" adapterTypeName="executor://mstestadapter/v2" className="ExpressiveExpressionTrees.Tests.ExpressionGeneratorFromActionTests" name="Test003" /></UnitTest><UnitTest name="Test020" storage="/home/hannasm/expressiveexpressiontreesdotnet/expressiveexpressiontrees.tests/bin/debug/netcoreapp2.0/expressiveexpressiontrees.tests.dll" id="c0392f49-3dac-c20f-ed7e-be7e8eb76db7"><Execution id="6b62f1af-e8b9-4fdc-8a6a-ff61df8e60e6" /><TestMethod codeBase="/home/hannasm/ExpressiveExpressionTreesDotNet/ExpressiveExpressionTrees.Tests/bin/Debug/netcoreapp2.0/ExpressiveExpressionTrees.Tests.dll" adapterTypeName="executor://mstestadapter/v2" className="ExpressiveExpressionTrees.Tests.ExpressionHasherTests.NewArrayExpressionHasherTests" name="Test020" /></UnitTest><UnitTest name="Test045" storage="/home/hannasm/expressiveexpressiontreesdotnet/expressiveexpressiontrees.tests/bin/debug/netcoreapp2.0/expressiveexpressiontrees.tests.dll" id="fb6331ef-e2e0-83cf-0edc-a979ad9cf892"><Execution id="5f3c04f5-1beb-4945-9b51-c04be41be29d" /><TestMethod codeBase="/home/hannasm/ExpressiveExpressionTreesDotNet/ExpressiveExpressionTrees.Tests/bin/Debug/netcoreapp2.0/ExpressiveExpressionTrees.Tests.dll" adapterTypeName="executor://mstestadapter/v2" className="ExpressiveExpressionTrees.Tests.ExpressionVisitorTest.NewVisitorTests" name="Test045" /></UnitTest><UnitTest name="Test005" storage="/home/hannasm/expressiveexpressiontreesdotnet/expressiveexpressiontrees.tests/bin/debug/netcoreapp2.0/expressiveexpressiontrees.tests.dll" id="9bd8d534-942f-2918-0262-2913449a9663"><Execution id="1482edb2-535b-4761-a956-53def11a2a16" /><TestMethod codeBase="/home/hannasm/ExpressiveExpressionTreesDotNet/ExpressiveExpressionTrees.Tests/bin/Debug/netcoreapp2.0/ExpressiveExpressionTrees.Tests.dll" adapterTypeName="executor://mstestadapter/v2" className="ExpressiveExpressionTrees.Tests.ExpressionComparerTests.ListInitExpressionComparerTests" name="Test005" /></UnitTest><UnitTest name="Test011" storage="/home/hannasm/expressiveexpressiontreesdotnet/expressiveexpressiontrees.tests/bin/debug/netcoreapp2.0/expressiveexpressiontrees.tests.dll" id="d25c6fcd-eba3-3781-85ce-b36690577056"><Execution id="bf43abab-c45e-49fa-8432-1cc64e44d5ad" /><TestMethod codeBase="/home/hannasm/ExpressiveExpressionTreesDotNet/ExpressiveExpressionTrees.Tests/bin/Debug/netcoreapp2.0/ExpressiveExpressionTrees.Tests.dll" adapterTypeName="executor://mstestadapter/v2" className="ExpressiveExpressionTrees.Tests.ExpressionVisitorTest.InvokeVisitorTests" name="Test011" /></UnitTest><UnitTest name="Test001" storage="/home/hannasm/expressiveexpressiontreesdotnet/expressiveexpressiontrees.tests/bin/debug/netcoreapp2.0/expressiveexpressiontrees.tests.dll" id="a29b00d8-9e7f-ddc1-484c-33457b52ed43"><Execution id="6975f5af-b436-494d-ac6b-b1a074c56aa3" /><TestMethod codeBase="/home/hannasm/ExpressiveExpressionTreesDotNet/ExpressiveExpressionTrees.Tests/bin/Debug/netcoreapp2.0/ExpressiveExpressionTrees.Tests.dll" adapterTypeName="executor://mstestadapter/v2" className="ExpressiveExpressionTrees.Tests.ExpressionHasherTests.UnaryExpressionHasherTests" name="Test001" /></UnitTest><UnitTest name="Test009" storage="/home/hannasm/expressiveexpressiontreesdotnet/expressiveexpressiontrees.tests/bin/debug/netcoreapp2.0/expressiveexpressiontrees.tests.dll" id="4740e304-1d63-07c5-3c87-c19c572c7fe1"><Execution id="13bc0e20-9c06-4009-bd8e-dd991c518705" /><TestMethod codeBase="/home/hannasm/ExpressiveExpressionTreesDotNet/ExpressiveExpressionTrees.Tests/bin/Debug/netcoreapp2.0/ExpressiveExpressionTrees.Tests.dll" adapterTypeName="executor://mstestadapter/v2" className="ExpressiveExpressionTrees.Tests.ExpressionVisitorTest.InvokeVisitorTests" name="Test009" /></UnitTest><UnitTest name="Test002" storage="/home/hannasm/expressiveexpressiontreesdotnet/expressiveexpressiontrees.tests/bin/debug/netcoreapp2.0/expressiveexpressiontrees.tests.dll" id="64612917-576c-1b44-1fb0-009ddebe2a5c"><Execution id="3fc8beb2-feb6-4911-8ef5-931b47b8def9" /><TestMethod codeBase="/home/hannasm/ExpressiveExpressionTreesDotNet/ExpressiveExpressionTrees.Tests/bin/Debug/netcoreapp2.0/ExpressiveExpressionTrees.Tests.dll" adapterTypeName="executor://mstestadapter/v2" className="ExpressiveExpressionTrees.Tests.ExpressionVisitorTest.NewArrayVisitorTests" name="Test002" /></UnitTest><UnitTest name="Test001" storage="/home/hannasm/expressiveexpressiontreesdotnet/expressiveexpressiontrees.tests/bin/debug/netcoreapp2.0/expressiveexpressiontrees.tests.dll" id="334205d3-8600-fbe3-711e-9839b4f38aa9"><Execution id="f95a03bf-d4d4-4cdc-8052-3a1373b3107e" /><TestMethod codeBase="/home/hannasm/ExpressiveExpressionTreesDotNet/ExpressiveExpressionTrees.Tests/bin/Debug/netcoreapp2.0/ExpressiveExpressionTrees.Tests.dll" adapterTypeName="executor://mstestadapter/v2" className="ExpressiveExpressionTrees.Tests.ExpressionHasherTests.MemberAccessExpressionHasherTests" name="Test001" /></UnitTest><UnitTest name="Test002" storage="/home/hannasm/expressiveexpressiontreesdotnet/expressiveexpressiontrees.tests/bin/debug/netcoreapp2.0/expressiveexpressiontrees.tests.dll" id="92e3919f-4c05-fad0-8c9f-1ffa03ffff76"><Execution id="b78646ef-bc72-44b3-b0db-59670b1c9731" /><TestMethod codeBase="/home/hannasm/ExpressiveExpressionTreesDotNet/ExpressiveExpressionTrees.Tests/bin/Debug/netcoreapp2.0/ExpressiveExpressionTrees.Tests.dll" adapterTypeName="executor://mstestadapter/v2" className="ExpressiveExpressionTrees.Tests.ExpressionHasherTests.MethodCallExpressionHasherTests" name="Test002" /></UnitTest><UnitTest name="Test010" storage="/home/hannasm/expressiveexpressiontreesdotnet/expressiveexpressiontrees.tests/bin/debug/netcoreapp2.0/expressiveexpressiontrees.tests.dll" id="a433b73f-44c9-62ed-44aa-346055fe9187"><Execution id="da6a3d90-06e6-4004-a445-fb1b46f89b52" /><TestMethod codeBase="/home/hannasm/ExpressiveExpressionTreesDotNet/ExpressiveExpressionTrees.Tests/bin/Debug/netcoreapp2.0/ExpressiveExpressionTrees.Tests.dll" adapterTypeName="executor://mstestadapter/v2" className="ExpressiveExpressionTrees.Tests.ExpressionVisitorTest.MethodCallVisitorTests" name="Test010" /></UnitTest><UnitTest name="Test006" storage="/home/hannasm/expressiveexpressiontreesdotnet/expressiveexpressiontrees.tests/bin/debug/netcoreapp2.0/expressiveexpressiontrees.tests.dll" id="197a0da6-4afd-7083-3f16-cb221a18b021"><Execution id="8f97cc6f-c01a-4f23-9d00-d038010a2731" /><TestMethod codeBase="/home/hannasm/ExpressiveExpressionTreesDotNet/ExpressiveExpressionTrees.Tests/bin/Debug/netcoreapp2.0/ExpressiveExpressionTrees.Tests.dll" adapterTypeName="executor://mstestadapter/v2" className="ExpressiveExpressionTrees.Tests.ExpressionComparerTests.LambdaExpressionComparerTests" name="Test006" /></UnitTest><UnitTest name="Test001" storage="/home/hannasm/expressiveexpressiontreesdotnet/expressiveexpressiontrees.tests/bin/debug/netcoreapp2.0/expressiveexpressiontrees.tests.dll" id="f0a5fb4c-048b-cc7b-d391-ea262cd34718"><Execution id="2be08020-3eed-48ab-a706-b6cf833e7788" /><TestMethod codeBase="/home/hannasm/ExpressiveExpressionTreesDotNet/ExpressiveExpressionTrees.Tests/bin/Debug/netcoreapp2.0/ExpressiveExpressionTrees.Tests.dll" adapterTypeName="executor://mstestadapter/v2" className="ExpressiveExpressionTrees.Tests.ExpressionComparerTests.UnaryExpressionComparerTests" name="Test001" /></UnitTest><UnitTest name="Test132" storage="/home/hannasm/expressiveexpressiontreesdotnet/expressiveexpressiontrees.tests/bin/debug/netcoreapp2.0/expressiveexpressiontrees.tests.dll" id="cb250e9b-2b1c-2a14-dadf-f00f9d0eb678"><Execution id="8451ff2b-468d-4a01-b1bd-2b7bc16f847b" /><TestMethod codeBase="/home/hannasm/ExpressiveExpressionTreesDotNet/ExpressiveExpressionTrees.Tests/bin/Debug/netcoreapp2.0/ExpressiveExpressionTrees.Tests.dll" adapterTypeName="executor://mstestadapter/v2" className="ExpressiveExpressionTrees.Tests.ExpressionVisitorTest.BinaryVisitorTests" name="Test132" /></UnitTest><UnitTest name="Test023" storage="/home/hannasm/expressiveexpressiontreesdotnet/expressiveexpressiontrees.tests/bin/debug/netcoreapp2.0/expressiveexpressiontrees.tests.dll" id="0ac001d6-67d8-c9ae-7b06-f59d45fd2b8a"><Execution id="09fea6fc-9098-431b-9d54-7f42bc10764d" /><TestMethod codeBase="/home/hannasm/ExpressiveExpressionTreesDotNet/ExpressiveExpressionTrees.Tests/bin/Debug/netcoreapp2.0/ExpressiveExpressionTrees.Tests.dll" adapterTypeName="executor://mstestadapter/v2" className="ExpressiveExpressionTrees.Tests.ExpressionVisitorTest.InvokeVisitorTests" name="Test023" /></UnitTest><UnitTest name="Test032" storage="/home/hannasm/expressiveexpressiontreesdotnet/expressiveexpressiontrees.tests/bin/debug/netcoreapp2.0/expressiveexpressiontrees.tests.dll" id="110659d9-d20d-d18e-df15-6632e26e8c73"><Execution id="71852777-57d0-4a3d-bf47-7770a8cf36a8" /><TestMethod codeBase="/home/hannasm/ExpressiveExpressionTreesDotNet/ExpressiveExpressionTrees.Tests/bin/Debug/netcoreapp2.0/ExpressiveExpressionTrees.Tests.dll" adapterTypeName="executor://mstestadapter/v2" className="ExpressiveExpressionTrees.Tests.ExpressionGeneratorFromFuncTests" name="Test032" /></UnitTest><UnitTest name="Test057" storage="/home/hannasm/expressiveexpressiontreesdotnet/expressiveexpressiontrees.tests/bin/debug/netcoreapp2.0/expressiveexpressiontrees.tests.dll" id="47be53cc-f99d-4e1b-19a8-490d12d34b6a"><Execution id="d2f16004-d3e5-44c1-a36c-689dd1bf5829" /><TestMethod codeBase="/home/hannasm/ExpressiveExpressionTreesDotNet/ExpressiveExpressionTrees.Tests/bin/Debug/netcoreapp2.0/ExpressiveExpressionTrees.Tests.dll" adapterTypeName="executor://mstestadapter/v2" className="ExpressiveExpressionTrees.Tests.ExpressionVisitorTest.NewVisitorTests" name="Test057" /></UnitTest><UnitTest name="Test151" storage="/home/hannasm/expressiveexpressiontreesdotnet/expressiveexpressiontrees.tests/bin/debug/netcoreapp2.0/expressiveexpressiontrees.tests.dll" id="3a313f58-f31c-c9b3-c41e-6de4464623a8"><Execution id="3b1fe7d3-6129-41e1-b6b5-9807f41cf54a" /><TestMethod codeBase="/home/hannasm/ExpressiveExpressionTreesDotNet/ExpressiveExpressionTrees.Tests/bin/Debug/netcoreapp2.0/ExpressiveExpressionTrees.Tests.dll" adapterTypeName="executor://mstestadapter/v2" className="ExpressiveExpressionTrees.Tests.ExpressionVisitorTest.BinaryVisitorTests" name="Test151" /></UnitTest><UnitTest name="Test029" storage="/home/hannasm/expressiveexpressiontreesdotnet/expressiveexpressiontrees.tests/bin/debug/netcoreapp2.0/expressiveexpressiontrees.tests.dll" id="8507c9f7-663c-b8ce-ad4d-0fc7f7735804"><Execution id="72710c28-33a6-4424-923b-d1438aac6e5e" /><TestMethod codeBase="/home/hannasm/ExpressiveExpressionTreesDotNet/ExpressiveExpressionTrees.Tests/bin/Debug/netcoreapp2.0/ExpressiveExpressionTrees.Tests.dll" adapterTypeName="executor://mstestadapter/v2" className="ExpressiveExpressionTrees.Tests.ExpressionHasherTests.ListInitExpressionHasherTests" name="Test029" /></UnitTest><UnitTest name="Test043" storage="/home/hannasm/expressiveexpressiontreesdotnet/expressiveexpressiontrees.tests/bin/debug/netcoreapp2.0/expressiveexpressiontrees.tests.dll" id="efa04ba6-51a9-7eb0-150a-d1c6f385f0b7"><Execution id="3ebc25f9-6fa5-4a01-a2b5-e75f1ee30eb9" /><TestMethod codeBase="/home/hannasm/ExpressiveExpressionTreesDotNet/ExpressiveExpressionTrees.Tests/bin/Debug/netcoreapp2.0/ExpressiveExpressionTrees.Tests.dll" adapterTypeName="executor://mstestadapter/v2" className="ExpressiveExpressionTrees.Tests.ExpressionHasherTests.BindingsExpressionHasherTests" name="Test043" /></UnitTest><UnitTest name="Test003" storage="/home/hannasm/expressiveexpressiontreesdotnet/expressiveexpressiontrees.tests/bin/debug/netcoreapp2.0/expressiveexpressiontrees.tests.dll" id="3a4ac153-a75f-1eb3-0e46-0164940794d8"><Execution id="f77f6f44-4ad5-4f16-9990-80a1fbed54b4" /><TestMethod codeBase="/home/hannasm/ExpressiveExpressionTreesDotNet/ExpressiveExpressionTrees.Tests/bin/Debug/netcoreapp2.0/ExpressiveExpressionTrees.Tests.dll" adapterTypeName="executor://mstestadapter/v2" className="ExpressiveExpressionTrees.Tests.ExpressionHasherTests.UnaryExpressionHasherTests" name="Test003" /></UnitTest><UnitTest name="Test013" storage="/home/hannasm/expressiveexpressiontreesdotnet/expressiveexpressiontrees.tests/bin/debug/netcoreapp2.0/expressiveexpressiontrees.tests.dll" id="357fec4f-75e2-fb65-5d6d-a64cd66912dd"><Execution id="4dd306e6-a230-483e-b9ae-e39b29586eb8" /><TestMethod codeBase="/home/hannasm/ExpressiveExpressionTreesDotNet/ExpressiveExpressionTrees.Tests/bin/Debug/netcoreapp2.0/ExpressiveExpressionTrees.Tests.dll" adapterTypeName="executor://mstestadapter/v2" className="ExpressiveExpressionTrees.Tests.ExpressionComparerTests.UnaryExpressionComparerTests" name="Test013" /></UnitTest><UnitTest name="Test041" storage="/home/hannasm/expressiveexpressiontreesdotnet/expressiveexpressiontrees.tests/bin/debug/netcoreapp2.0/expressiveexpressiontrees.tests.dll" id="7a548322-acbc-72e7-634f-769016479dc8"><Execution id="74c1015a-67ad-44ad-abd1-9eb1eb730c74" /><TestMethod codeBase="/home/hannasm/ExpressiveExpressionTreesDotNet/ExpressiveExpressionTrees.Tests/bin/Debug/netcoreapp2.0/ExpressiveExpressionTrees.Tests.dll" adapterTypeName="executor://mstestadapter/v2" className="ExpressiveExpressionTrees.Tests.ExpressionComparerTests.BindingsExpressionComparerTests" name="Test041" /></UnitTest><UnitTest name="Test010" storage="/home/hannasm/expressiveexpressiontreesdotnet/expressiveexpressiontrees.tests/bin/debug/netcoreapp2.0/expressiveexpressiontrees.tests.dll" id="00bed00a-94e8-c125-8998-cf91f6103a5c"><Execution id="67395fa6-65af-45b3-be4d-8a34b512a6a2" /><TestMethod codeBase="/home/hannasm/ExpressiveExpressionTreesDotNet/ExpressiveExpressionTrees.Tests/bin/Debug/netcoreapp2.0/ExpressiveExpressionTrees.Tests.dll" adapterTypeName="executor://mstestadapter/v2" className="ExpressiveExpressionTrees.Tests.ExpressionComparerTests.BinaryExpressionComparerTests" name="Test010" /></UnitTest><UnitTest name="Test019" storage="/home/hannasm/expressiveexpressiontreesdotnet/expressiveexpressiontrees.tests/bin/debug/netcoreapp2.0/expressiveexpressiontrees.tests.dll" id="53908d01-090a-8803-ef27-030389039529"><Execution id="1b330c59-566a-427e-8a7e-854ca104b4ec" /><TestMethod codeBase="/home/hannasm/ExpressiveExpressionTreesDotNet/ExpressiveExpressionTrees.Tests/bin/Debug/netcoreapp2.0/ExpressiveExpressionTrees.Tests.dll" adapterTypeName="executor://mstestadapter/v2" className="ExpressiveExpressionTrees.Tests.ExpressionComparerTests.NewArrayExpressionComparerTests" name="Test019" /></UnitTest><UnitTest name="Test002" storage="/home/hannasm/expressiveexpressiontreesdotnet/expressiveexpressiontrees.tests/bin/debug/netcoreapp2.0/expressiveexpressiontrees.tests.dll" id="e1a2741d-84d9-7e28-8764-81c3c85e6969"><Execution id="24df4c80-60e5-4f9b-b51f-b8681abd8d25" /><TestMethod codeBase="/home/hannasm/ExpressiveExpressionTreesDotNet/ExpressiveExpressionTrees.Tests/bin/Debug/netcoreapp2.0/ExpressiveExpressionTrees.Tests.dll" adapterTypeName="executor://mstestadapter/v2" className="ExpressiveExpressionTrees.Tests.ExpressionVisitorTest.ConditionalVisitorTests" name="Test002" /></UnitTest><UnitTest name="Test013" storage="/home/hannasm/expressiveexpressiontreesdotnet/expressiveexpressiontrees.tests/bin/debug/netcoreapp2.0/expressiveexpressiontrees.tests.dll" id="0c50c7bc-6e94-86fa-074c-34364df6896f"><Execution id="1d36478f-88f2-48bf-9b3f-92cd92915e66" /><TestMethod codeBase="/home/hannasm/ExpressiveExpressionTreesDotNet/ExpressiveExpressionTrees.Tests/bin/Debug/netcoreapp2.0/ExpressiveExpressionTrees.Tests.dll" adapterTypeName="executor://mstestadapter/v2" className="ExpressiveExpressionTrees.Tests.ExpressionGeneratorMakeBinaryTests" name="Test013" /></UnitTest><UnitTest name="Test311" storage="/home/hannasm/expressiveexpressiontreesdotnet/expressiveexpressiontrees.tests/bin/debug/netcoreapp2.0/expressiveexpressiontrees.tests.dll" id="14504b16-e2ca-ac71-0b2d-229cfb9f14fe"><Execution id="bc5dab02-d1af-446d-ac7b-7ab68c04f4a9" /><TestMethod codeBase="/home/hannasm/ExpressiveExpressionTreesDotNet/ExpressiveExpressionTrees.Tests/bin/Debug/netcoreapp2.0/ExpressiveExpressionTrees.Tests.dll" adapterTypeName="executor://mstestadapter/v2" className="ExpressiveExpressionTrees.Tests.ExpressionVisitorTest.BinaryVisitorTests" name="Test311" /></UnitTest><UnitTest name="Test006" storage="/home/hannasm/expressiveexpressiontreesdotnet/expressiveexpressiontrees.tests/bin/debug/netcoreapp2.0/expressiveexpressiontrees.tests.dll" id="431561fb-89a2-b404-e821-1f431a90c205"><Execution id="a62332a6-cb4b-46ac-8b7f-c0b4374e32d7" /><TestMethod codeBase="/home/hannasm/ExpressiveExpressionTreesDotNet/ExpressiveExpressionTrees.Tests/bin/Debug/netcoreapp2.0/ExpressiveExpressionTrees.Tests.dll" adapterTypeName="executor://mstestadapter/v2" className="ExpressiveExpressionTrees.Tests.ExpressionComparerTests.BindingsExpressionComparerTests" name="Test006" /></UnitTest><UnitTest name="Test007" storage="/home/hannasm/expressiveexpressiontreesdotnet/expressiveexpressiontrees.tests/bin/debug/netcoreapp2.0/expressiveexpressiontrees.tests.dll" id="754696c2-1b2a-49ab-cde2-7bfd4083fc6e"><Execution id="0c32e62a-31e5-44f1-802a-3234aa0057d9" /><TestMethod codeBase="/home/hannasm/ExpressiveExpressionTreesDotNet/ExpressiveExpressionTrees.Tests/bin/Debug/netcoreapp2.0/ExpressiveExpressionTrees.Tests.dll" adapterTypeName="executor://mstestadapter/v2" className="ExpressiveExpressionTrees.Tests.ExpressionHasherTests.MemberAccessExpressionHasherTests" name="Test007" /></UnitTest><UnitTest name="Test031" storage="/home/hannasm/expressiveexpressiontreesdotnet/expressiveexpressiontrees.tests/bin/debug/netcoreapp2.0/expressiveexpressiontrees.tests.dll" id="3a3c7b65-bb10-393f-d8e0-5f275e33e74c"><Execution id="a1b03008-fcf5-4338-89bf-33da28203d77" /><TestMethod codeBase="/home/hannasm/ExpressiveExpressionTreesDotNet/ExpressiveExpressionTrees.Tests/bin/Debug/netcoreapp2.0/ExpressiveExpressionTrees.Tests.dll" adapterTypeName="executor://mstestadapter/v2" className="ExpressiveExpressionTrees.Tests.ExpressionComparerTests.TryCatchExpressionComparerTests" name="Test031" /></UnitTest><UnitTest name="Test213" storage="/home/hannasm/expressiveexpressiontreesdotnet/expressiveexpressiontrees.tests/bin/debug/netcoreapp2.0/expressiveexpressiontrees.tests.dll" id="4317ff14-b01c-d73f-518c-b2ad4e9f57af"><Execution id="3c66aa6c-8ed4-4a4a-9337-7414e60ac5e1" /><TestMethod codeBase="/home/hannasm/ExpressiveExpressionTreesDotNet/ExpressiveExpressionTrees.Tests/bin/Debug/netcoreapp2.0/ExpressiveExpressionTrees.Tests.dll" adapterTypeName="executor://mstestadapter/v2" className="ExpressiveExpressionTrees.Tests.ExpressionVisitorTest.BinaryVisitorTests" name="Test213" /></UnitTest><UnitTest name="Test334" storage="/home/hannasm/expressiveexpressiontreesdotnet/expressiveexpressiontrees.tests/bin/debug/netcoreapp2.0/expressiveexpressiontrees.tests.dll" id="d3bf8338-4254-c435-e963-d579b03d6e96"><Execution id="670e3dbc-e31e-423d-af64-98d4ce235f0c" /><TestMethod codeBase="/home/hannasm/ExpressiveExpressionTreesDotNet/ExpressiveExpressionTrees.Tests/bin/Debug/netcoreapp2.0/ExpressiveExpressionTrees.Tests.dll" adapterTypeName="executor://mstestadapter/v2" className="ExpressiveExpressionTrees.Tests.ExpressionVisitorTest.BinaryVisitorTests" name="Test334" /></UnitTest><UnitTest name="Test002" storage="/home/hannasm/expressiveexpressiontreesdotnet/expressiveexpressiontrees.tests/bin/debug/netcoreapp2.0/expressiveexpressiontrees.tests.dll" id="86ae48d7-f84f-d7d6-63d7-eeec7b834144"><Execution id="f5c17913-cff6-445f-be23-5da150f13ecc" /><TestMethod codeBase="/home/hannasm/ExpressiveExpressionTreesDotNet/ExpressiveExpressionTrees.Tests/bin/Debug/netcoreapp2.0/ExpressiveExpressionTrees.Tests.dll" adapterTypeName="executor://mstestadapter/v2" className="ExpressiveExpressionTrees.Tests.ExpressionVisitorTest.NewVisitorTests" name="Test002" /></UnitTest><UnitTest name="Test005" storage="/home/hannasm/expressiveexpressiontreesdotnet/expressiveexpressiontrees.tests/bin/debug/netcoreapp2.0/expressiveexpressiontrees.tests.dll" id="7b71d061-d061-55fc-2d80-c0e3cca6efea"><Execution id="eecc033c-2356-4a78-baf1-b9f70772f788" /><TestMethod codeBase="/home/hannasm/ExpressiveExpressionTreesDotNet/ExpressiveExpressionTrees.Tests/bin/Debug/netcoreapp2.0/ExpressiveExpressionTrees.Tests.dll" adapterTypeName="executor://mstestadapter/v2" className="ExpressiveExpressionTrees.Tests.ExpressionHasherTests.InvocationExpressionHasherTests" name="Test005" /></UnitTest><UnitTest name="Test021" storage="/home/hannasm/expressiveexpressiontreesdotnet/expressiveexpressiontrees.tests/bin/debug/netcoreapp2.0/expressiveexpressiontrees.tests.dll" id="0cbed3e4-9feb-f5f1-95d6-8ed49afca304"><Execution id="949f99ca-5141-4c4a-96ab-0d4f1c507a5b" /><TestMethod codeBase="/home/hannasm/ExpressiveExpressionTreesDotNet/ExpressiveExpressionTrees.Tests/bin/Debug/netcoreapp2.0/ExpressiveExpressionTrees.Tests.dll" adapterTypeName="executor://mstestadapter/v2" className="ExpressiveExpressionTrees.Tests.ExpressionVisitorTest.NewArrayVisitorTests" name="Test021" /></UnitTest><UnitTest name="Test010" storage="/home/hannasm/expressiveexpressiontreesdotnet/expressiveexpressiontrees.tests/bin/debug/netcoreapp2.0/expressiveexpressiontrees.tests.dll" id="44740cc4-6717-c5dd-7ca4-26fad86443df"><Execution id="6eca45b7-bd8b-4aca-8bd5-9352fd797de5" /><TestMethod codeBase="/home/hannasm/ExpressiveExpressionTreesDotNet/ExpressiveExpressionTrees.Tests/bin/Debug/netcoreapp2.0/ExpressiveExpressionTrees.Tests.dll" adapterTypeName="executor://mstestadapter/v2" className="ExpressiveExpressionTrees.Tests.ExpressionComparerTests.InvocationExpressionComparerTests" name="Test010" /></UnitTest><UnitTest name="Test014" storage="/home/hannasm/expressiveexpressiontreesdotnet/expressiveexpressiontrees.tests/bin/debug/netcoreapp2.0/expressiveexpressiontrees.tests.dll" id="7ed6028c-ca8a-6c13-c70c-428192fb3944"><Execution id="8571239a-2ec9-47a0-aa02-d5eba4051352" /><TestMethod codeBase="/home/hannasm/ExpressiveExpressionTreesDotNet/ExpressiveExpressionTrees.Tests/bin/Debug/netcoreapp2.0/ExpressiveExpressionTrees.Tests.dll" adapterTypeName="executor://mstestadapter/v2" className="ExpressiveExpressionTrees.Tests.ExpressionHasherTests.NewArrayExpressionHasherTests" name="Test014" /></UnitTest><UnitTest name="Test026" storage="/home/hannasm/expressiveexpressiontreesdotnet/expressiveexpressiontrees.tests/bin/debug/netcoreapp2.0/expressiveexpressiontrees.tests.dll" id="735ee966-f517-408a-0362-619dc1c37889"><Execution id="f3ed0627-9cb2-4c56-8a1c-c64c9ad25e46" /><TestMethod codeBase="/home/hannasm/ExpressiveExpressionTreesDotNet/ExpressiveExpressionTrees.Tests/bin/Debug/netcoreapp2.0/ExpressiveExpressionTrees.Tests.dll" adapterTypeName="executor://mstestadapter/v2" className="ExpressiveExpressionTrees.Tests.ExpressionGeneratorFromFuncTests" name="Test026" /></UnitTest><UnitTest name="Test021" storage="/home/hannasm/expressiveexpressiontreesdotnet/expressiveexpressiontrees.tests/bin/debug/netcoreapp2.0/expressiveexpressiontrees.tests.dll" id="e2a99d59-6b05-f4cd-d2d3-002e39a78f57"><Execution id="abd53f13-a12d-4612-a61f-4e03af658905" /><TestMethod codeBase="/home/hannasm/ExpressiveExpressionTreesDotNet/ExpressiveExpressionTrees.Tests/bin/Debug/netcoreapp2.0/ExpressiveExpressionTrees.Tests.dll" adapterTypeName="executor://mstestadapter/v2" className="ExpressiveExpressionTrees.Tests.ExpressionHasherTests.NewArrayExpressionHasherTests" name="Test021" /></UnitTest><UnitTest name="Test015" storage="/home/hannasm/expressiveexpressiontreesdotnet/expressiveexpressiontrees.tests/bin/debug/netcoreapp2.0/expressiveexpressiontrees.tests.dll" id="1a0b6c55-35c0-c584-2b5a-ee9f5aff57db"><Execution id="1629b5d3-951c-4a7a-9dbd-731421bf5a4b" /><TestMethod codeBase="/home/hannasm/ExpressiveExpressionTreesDotNet/ExpressiveExpressionTrees.Tests/bin/Debug/netcoreapp2.0/ExpressiveExpressionTrees.Tests.dll" adapterTypeName="executor://mstestadapter/v2" className="ExpressiveExpressionTrees.Tests.ExpressionHasherTests.BinaryExpressionHasherTests" name="Test015" /></UnitTest><UnitTest name="Test002" storage="/home/hannasm/expressiveexpressiontreesdotnet/expressiveexpressiontrees.tests/bin/debug/netcoreapp2.0/expressiveexpressiontrees.tests.dll" id="ab12d939-c5ec-6b27-c261-60688f57def3"><Execution id="8fc1553c-8d69-45cc-a2c6-c411467663db" /><TestMethod codeBase="/home/hannasm/ExpressiveExpressionTreesDotNet/ExpressiveExpressionTrees.Tests/bin/Debug/netcoreapp2.0/ExpressiveExpressionTrees.Tests.dll" adapterTypeName="executor://mstestadapter/v2" className="ExpressiveExpressionTrees.Tests.ExpressionComparerTests.TypeBinaryExpressionComparerTests" name="Test002" /></UnitTest><UnitTest name="Test214" storage="/home/hannasm/expressiveexpressiontreesdotnet/expressiveexpressiontrees.tests/bin/debug/netcoreapp2.0/expressiveexpressiontrees.tests.dll" id="53215491-2fbc-f32d-742c-fb23b6f68a5c"><Execution id="6c3e6bc4-0fd9-4d13-87f0-64e1cf2885e5" /><TestMethod codeBase="/home/hannasm/ExpressiveExpressionTreesDotNet/ExpressiveExpressionTrees.Tests/bin/Debug/netcoreapp2.0/ExpressiveExpressionTrees.Tests.dll" adapterTypeName="executor://mstestadapter/v2" className="ExpressiveExpressionTrees.Tests.ExpressionVisitorTest.BinaryVisitorTests" name="Test214" /></UnitTest><UnitTest name="Test304" storage="/home/hannasm/expressiveexpressiontreesdotnet/expressiveexpressiontrees.tests/bin/debug/netcoreapp2.0/expressiveexpressiontrees.tests.dll" id="8b72fcd8-8f67-6d06-34c4-efe17fe68d84"><Execution id="c2087ac0-d244-4507-8d80-a88eb08b1e95" /><TestMethod codeBase="/home/hannasm/ExpressiveExpressionTreesDotNet/ExpressiveExpressionTrees.Tests/bin/Debug/netcoreapp2.0/ExpressiveExpressionTrees.Tests.dll" adapterTypeName="executor://mstestadapter/v2" className="ExpressiveExpressionTrees.Tests.ExpressionVisitorTest.BinaryVisitorTests" name="Test304" /></UnitTest><UnitTest name="Test034" storage="/home/hannasm/expressiveexpressiontreesdotnet/expressiveexpressiontrees.tests/bin/debug/netcoreapp2.0/expressiveexpressiontrees.tests.dll" id="050a3e54-b417-c7ec-a26b-b8f78b0d8325"><Execution id="cdf4f6cc-12bb-4fba-83c3-bcfb421cdef3" /><TestMethod codeBase="/home/hannasm/ExpressiveExpressionTreesDotNet/ExpressiveExpressionTrees.Tests/bin/Debug/netcoreapp2.0/ExpressiveExpressionTrees.Tests.dll" adapterTypeName="executor://mstestadapter/v2" className="ExpressiveExpressionTrees.Tests.ExpressionGeneratorFromActionTests" name="Test034" /></UnitTest><UnitTest name="Test016" storage="/home/hannasm/expressiveexpressiontreesdotnet/expressiveexpressiontrees.tests/bin/debug/netcoreapp2.0/expressiveexpressiontrees.tests.dll" id="e9640ea3-1ece-ae4e-269f-e51e796cf5cc"><Execution id="a6d3801b-df56-4f14-9949-35916d52d4fd" /><TestMethod codeBase="/home/hannasm/ExpressiveExpressionTreesDotNet/ExpressiveExpressionTrees.Tests/bin/Debug/netcoreapp2.0/ExpressiveExpressionTrees.Tests.dll" adapterTypeName="executor://mstestadapter/v2" className="ExpressiveExpressionTrees.Tests.ExpressionGeneratorTests" name="Test016" /></UnitTest><UnitTest name="Test003" storage="/home/hannasm/expressiveexpressiontreesdotnet/expressiveexpressiontrees.tests/bin/debug/netcoreapp2.0/expressiveexpressiontrees.tests.dll" id="ec3bbb11-f064-0a59-7648-ad971c480a5a"><Execution id="8c627ff2-9fc8-4450-a87b-ad89499e7019" /><TestMethod codeBase="/home/hannasm/ExpressiveExpressionTreesDotNet/ExpressiveExpressionTrees.Tests/bin/Debug/netcoreapp2.0/ExpressiveExpressionTrees.Tests.dll" adapterTypeName="executor://mstestadapter/v2" className="ExpressiveExpressionTrees.Tests.ExpressionVisitorTest.LambdaVisitorTests" name="Test003" /></UnitTest><UnitTest name="Test005" storage="/home/hannasm/expressiveexpressiontreesdotnet/expressiveexpressiontrees.tests/bin/debug/netcoreapp2.0/expressiveexpressiontrees.tests.dll" id="5bc64de7-f8b3-1c60-d7ba-40a9f9e8e59b"><Execution id="f2f112fd-5da7-402e-afba-5a7cb003ddf8" /><TestMethod codeBase="/home/hannasm/ExpressiveExpressionTreesDotNet/ExpressiveExpressionTrees.Tests/bin/Debug/netcoreapp2.0/ExpressiveExpressionTrees.Tests.dll" adapterTypeName="executor://mstestadapter/v2" className="ExpressiveExpressionTrees.Tests.ExpressionHasherTests.UnaryExpressionHasherTests" name="Test005" /></UnitTest><UnitTest name="Test010" storage="/home/hannasm/expressiveexpressiontreesdotnet/expressiveexpressiontrees.tests/bin/debug/netcoreapp2.0/expressiveexpressiontrees.tests.dll" id="8274ee9f-11f0-1575-d674-403d2a7e21e5"><Execution id="e03fcff6-f0d3-40b3-90cc-471416ed4d69" /><TestMethod codeBase="/home/hannasm/ExpressiveExpressionTreesDotNet/ExpressiveExpressionTrees.Tests/bin/Debug/netcoreapp2.0/ExpressiveExpressionTrees.Tests.dll" adapterTypeName="executor://mstestadapter/v2" className="ExpressiveExpressionTrees.Tests.ExpressionVisitorTest.ListInitVisitorTests" name="Test010" /></UnitTest><UnitTest name="Test011" storage="/home/hannasm/expressiveexpressiontreesdotnet/expressiveexpressiontrees.tests/bin/debug/netcoreapp2.0/expressiveexpressiontrees.tests.dll" id="08a04e95-a004-1f46-d666-31e439127336"><Execution id="db189626-fe64-4f4d-a623-ea97f389062f" /><TestMethod codeBase="/home/hannasm/ExpressiveExpressionTreesDotNet/ExpressiveExpressionTrees.Tests/bin/Debug/netcoreapp2.0/ExpressiveExpressionTrees.Tests.dll" adapterTypeName="executor://mstestadapter/v2" className="ExpressiveExpressionTrees.Tests.ExpressionHasherTests.ConstantExpressionHasherTests" name="Test011" /></UnitTest><UnitTest name="Test017" storage="/home/hannasm/expressiveexpressiontreesdotnet/expressiveexpressiontrees.tests/bin/debug/netcoreapp2.0/expressiveexpressiontrees.tests.dll" id="d9453a7e-8369-236b-72ed-aef73e8f29d9"><Execution id="56e6cb3b-62e4-4ea3-b0ff-d217da144e3b" /><TestMethod codeBase="/home/hannasm/ExpressiveExpressionTreesDotNet/ExpressiveExpressionTrees.Tests/bin/Debug/netcoreapp2.0/ExpressiveExpressionTrees.Tests.dll" adapterTypeName="executor://mstestadapter/v2" className="ExpressiveExpressionTrees.Tests.ExpressionHasherTests.NewExpressionHasherTests" name="Test017" /></UnitTest><UnitTest name="Test043" storage="/home/hannasm/expressiveexpressiontreesdotnet/expressiveexpressiontrees.tests/bin/debug/netcoreapp2.0/expressiveexpressiontrees.tests.dll" id="4789b0f3-6231-37fa-0463-fea9023c4e62"><Execution id="c04508fb-d311-40c5-b33e-edb00aa13f59" /><TestMethod codeBase="/home/hannasm/ExpressiveExpressionTreesDotNet/ExpressiveExpressionTrees.Tests/bin/Debug/netcoreapp2.0/ExpressiveExpressionTrees.Tests.dll" adapterTypeName="executor://mstestadapter/v2" className="ExpressiveExpressionTrees.Tests.ExpressionHasherTests.TryCatchExpressionHasherTests" name="Test043" /></UnitTest><UnitTest name="Test004" storage="/home/hannasm/expressiveexpressiontreesdotnet/expressiveexpressiontrees.tests/bin/debug/netcoreapp2.0/expressiveexpressiontrees.tests.dll" id="82c9ac4f-9a13-a2eb-5804-ee8200a7a2a3"><Execution id="aed9e4bb-1469-4417-9485-ec64c37124af" /><TestMethod codeBase="/home/hannasm/ExpressiveExpressionTreesDotNet/ExpressiveExpressionTrees.Tests/bin/Debug/netcoreapp2.0/ExpressiveExpressionTrees.Tests.dll" adapterTypeName="executor://mstestadapter/v2" className="ExpressiveExpressionTrees.Tests.ExpressionComparerTests.NewArrayExpressionComparerTests" name="Test004" /></UnitTest><UnitTest name="Test020" storage="/home/hannasm/expressiveexpressiontreesdotnet/expressiveexpressiontrees.tests/bin/debug/netcoreapp2.0/expressiveexpressiontrees.tests.dll" id="863255ac-50f8-a281-1e1b-db3af8ffe111"><Execution id="a5dc608a-1149-4bed-ab8b-18184f4ff42b" /><TestMethod codeBase="/home/hannasm/ExpressiveExpressionTreesDotNet/ExpressiveExpressionTrees.Tests/bin/Debug/netcoreapp2.0/ExpressiveExpressionTrees.Tests.dll" adapterTypeName="executor://mstestadapter/v2" className="ExpressiveExpressionTrees.Tests.ExpressionVisitorTest.NewVisitorTests" name="Test020" /></UnitTest><UnitTest name="Test005" storage="/home/hannasm/expressiveexpressiontreesdotnet/expressiveexpressiontrees.tests/bin/debug/netcoreapp2.0/expressiveexpressiontrees.tests.dll" id="0c76b0bf-21be-8693-9cb9-36f11c820c9c"><Execution id="aaaad556-efee-4a00-b06a-8e1267e45434" /><TestMethod codeBase="/home/hannasm/ExpressiveExpressionTreesDotNet/ExpressiveExpressionTrees.Tests/bin/Debug/netcoreapp2.0/ExpressiveExpressionTrees.Tests.dll" adapterTypeName="executor://mstestadapter/v2" className="ExpressiveExpressionTrees.Tests.ExpressionHasherTests.NewArrayExpressionHasherTests" name="Test005" /></UnitTest><UnitTest name="Test019" storage="/home/hannasm/expressiveexpressiontreesdotnet/expressiveexpressiontrees.tests/bin/debug/netcoreapp2.0/expressiveexpressiontrees.tests.dll" id="d688343c-125c-f578-4f0f-ec4699fa005a"><Execution id="3912c2c8-de35-4090-a200-d48b76732717" /><TestMethod codeBase="/home/hannasm/ExpressiveExpressionTreesDotNet/ExpressiveExpressionTrees.Tests/bin/Debug/netcoreapp2.0/ExpressiveExpressionTrees.Tests.dll" adapterTypeName="executor://mstestadapter/v2" className="ExpressiveExpressionTrees.Tests.ExpressionHasherTests.ListInitExpressionHasherTests" name="Test019" /></UnitTest><UnitTest name="Test001" storage="/home/hannasm/expressiveexpressiontreesdotnet/expressiveexpressiontrees.tests/bin/debug/netcoreapp2.0/expressiveexpressiontrees.tests.dll" id="1666b215-3d93-3ab9-cd00-9f94da0f9ece"><Execution id="f1577df5-7844-4653-bccd-1bcb0aaa9238" /><TestMethod codeBase="/home/hannasm/ExpressiveExpressionTreesDotNet/ExpressiveExpressionTrees.Tests/bin/Debug/netcoreapp2.0/ExpressiveExpressionTrees.Tests.dll" adapterTypeName="executor://mstestadapter/v2" className="ExpressiveExpressionTrees.Tests.ExpressionVisitorTest.ListInitVisitorTests" name="Test001" /></UnitTest><UnitTest name="Test005" storage="/home/hannasm/expressiveexpressiontreesdotnet/expressiveexpressiontrees.tests/bin/debug/netcoreapp2.0/expressiveexpressiontrees.tests.dll" id="1fe9392a-c0a2-93f2-b069-32ac027424c2"><Execution id="0d7b8880-e8c4-4225-85ca-1d01d25db68d" /><TestMethod codeBase="/home/hannasm/ExpressiveExpressionTreesDotNet/ExpressiveExpressionTrees.Tests/bin/Debug/netcoreapp2.0/ExpressiveExpressionTrees.Tests.dll" adapterTypeName="executor://mstestadapter/v2" className="ExpressiveExpressionTrees.Tests.ExpressionHasherTests.ListInitExpressionHasherTests" name="Test005" /></UnitTest><UnitTest name="Test007" storage="/home/hannasm/expressiveexpressiontreesdotnet/expressiveexpressiontrees.tests/bin/debug/netcoreapp2.0/expressiveexpressiontrees.tests.dll" id="9dbf5ec8-e480-7bc8-bdb2-4ea6f4dce5df"><Execution id="093da5d6-8464-43ff-9d63-39488f550567" /><TestMethod codeBase="/home/hannasm/ExpressiveExpressionTreesDotNet/ExpressiveExpressionTrees.Tests/bin/Debug/netcoreapp2.0/ExpressiveExpressionTrees.Tests.dll" adapterTypeName="executor://mstestadapter/v2" className="ExpressiveExpressionTrees.Tests.ExpressionGeneratorFromFuncTests" name="Test007" /></UnitTest><UnitTest name="Test012" storage="/home/hannasm/expressiveexpressiontreesdotnet/expressiveexpressiontrees.tests/bin/debug/netcoreapp2.0/expressiveexpressiontrees.tests.dll" id="8e9ab06c-2157-36d7-1c3f-be07b0051763"><Execution id="34c7c64f-89b5-4edd-a062-c357b73a7115" /><TestMethod codeBase="/home/hannasm/ExpressiveExpressionTreesDotNet/ExpressiveExpressionTrees.Tests/bin/Debug/netcoreapp2.0/ExpressiveExpressionTrees.Tests.dll" adapterTypeName="executor://mstestadapter/v2" className="ExpressiveExpressionTrees.Tests.ExpressionComparerTests.BindingsExpressionComparerTests" name="Test012" /></UnitTest><UnitTest name="Test012" storage="/home/hannasm/expressiveexpressiontreesdotnet/expressiveexpressiontrees.tests/bin/debug/netcoreapp2.0/expressiveexpressiontrees.tests.dll" id="2b2e8cb0-60dd-bb6e-515b-b27c5203bc14"><Execution id="3a756408-4344-47d7-bd11-eaaf44e422a2" /><TestMethod codeBase="/home/hannasm/ExpressiveExpressionTreesDotNet/ExpressiveExpressionTrees.Tests/bin/Debug/netcoreapp2.0/ExpressiveExpressionTrees.Tests.dll" adapterTypeName="executor://mstestadapter/v2" className="ExpressiveExpressionTrees.Tests.ExpressionHasherTests.BindingsExpressionHasherTests" name="Test012" /></UnitTest><UnitTest name="Test022" storage="/home/hannasm/expressiveexpressiontreesdotnet/expressiveexpressiontrees.tests/bin/debug/netcoreapp2.0/expressiveexpressiontrees.tests.dll" id="a82f6b61-8cff-ad7b-4d8b-ac411bc29934"><Execution id="2cda663c-05ec-4c38-bdda-43abfe8aa2a8" /><TestMethod codeBase="/home/hannasm/ExpressiveExpressionTreesDotNet/ExpressiveExpressionTrees.Tests/bin/Debug/netcoreapp2.0/ExpressiveExpressionTrees.Tests.dll" adapterTypeName="executor://mstestadapter/v2" className="ExpressiveExpressionTrees.Tests.ExpressionComparerTests.ListInitExpressionComparerTests" name="Test022" /></UnitTest><UnitTest name="Test020" storage="/home/hannasm/expressiveexpressiontreesdotnet/expressiveexpressiontrees.tests/bin/debug/netcoreapp2.0/expressiveexpressiontrees.tests.dll" id="d74a049c-63c9-d519-1c40-b6bd2b5fb862"><Execution id="71c69815-d259-480a-b722-59390f41a712" /><TestMethod codeBase="/home/hannasm/ExpressiveExpressionTreesDotNet/ExpressiveExpressionTrees.Tests/bin/Debug/netcoreapp2.0/ExpressiveExpressionTrees.Tests.dll" adapterTypeName="executor://mstestadapter/v2" className="ExpressiveExpressionTrees.Tests.ExpressionVisitorTest.UnaryVisitorTests" name="Test020" /></UnitTest><UnitTest name="Test006" storage="/home/hannasm/expressiveexpressiontreesdotnet/expressiveexpressiontrees.tests/bin/debug/netcoreapp2.0/expressiveexpressiontrees.tests.dll" id="4db46c26-4b82-5227-aeb4-416d57c5c184"><Execution id="1def8a90-48b8-4239-93ca-b6b58e9dd4cd" /><TestMethod codeBase="/home/hannasm/ExpressiveExpressionTreesDotNet/ExpressiveExpressionTrees.Tests/bin/Debug/netcoreapp2.0/ExpressiveExpressionTrees.Tests.dll" adapterTypeName="executor://mstestadapter/v2" className="ExpressiveExpressionTrees.Tests.ExpressionHasherTests.GotoExpressionHasherTests" name="Test006" /></UnitTest><UnitTest name="Test001" storage="/home/hannasm/expressiveexpressiontreesdotnet/expressiveexpressiontrees.tests/bin/debug/netcoreapp2.0/expressiveexpressiontrees.tests.dll" id="f1608dfe-1590-2e90-fcc5-33b759f0f1f1"><Execution id="0b8633fd-84b4-4732-869a-22def6cc2599" /><TestMethod codeBase="/home/hannasm/ExpressiveExpressionTreesDotNet/ExpressiveExpressionTrees.Tests/bin/Debug/netcoreapp2.0/ExpressiveExpressionTrees.Tests.dll" adapterTypeName="executor://mstestadapter/v2" className="ExpressiveExpressionTrees.Tests.ExpressionVisitorTest.NewVisitorTests" name="Test001" /></UnitTest><UnitTest name="Test014" storage="/home/hannasm/expressiveexpressiontreesdotnet/expressiveexpressiontrees.tests/bin/debug/netcoreapp2.0/expressiveexpressiontrees.tests.dll" id="073650c5-b856-b237-4243-5af7a177d54c"><Execution id="1d7f5f8b-343f-4494-9416-f025a43dae71" /><TestMethod codeBase="/home/hannasm/ExpressiveExpressionTreesDotNet/ExpressiveExpressionTrees.Tests/bin/Debug/netcoreapp2.0/ExpressiveExpressionTrees.Tests.dll" adapterTypeName="executor://mstestadapter/v2" className="ExpressiveExpressionTrees.Tests.ExpressionComparerTests.MemberInitVisitorTests" name="Test014" /></UnitTest><UnitTest name="Test002" storage="/home/hannasm/expressiveexpressiontreesdotnet/expressiveexpressiontrees.tests/bin/debug/netcoreapp2.0/expressiveexpressiontrees.tests.dll" id="2db1b622-1bc3-9b50-26f0-f98aa150a5fb"><Execution id="32f18d87-f17a-4634-837b-89006057b788" /><TestMethod codeBase="/home/hannasm/ExpressiveExpressionTreesDotNet/ExpressiveExpressionTrees.Tests/bin/Debug/netcoreapp2.0/ExpressiveExpressionTrees.Tests.dll" adapterTypeName="executor://mstestadapter/v2" className="ExpressiveExpressionTrees.Tests.ExpressionVisitorTest.GotoVisitorTests" name="Test002" /></UnitTest><UnitTest name="Test021" storage="/home/hannasm/expressiveexpressiontreesdotnet/expressiveexpressiontrees.tests/bin/debug/netcoreapp2.0/expressiveexpressiontrees.tests.dll" id="b7b23346-a629-8251-a383-31507ad1f7b4"><Execution id="787d4b0d-adef-49e7-8d19-1df70bcdba6e" /><TestMethod codeBase="/home/hannasm/ExpressiveExpressionTreesDotNet/ExpressiveExpressionTrees.Tests/bin/Debug/netcoreapp2.0/ExpressiveExpressionTrees.Tests.dll" adapterTypeName="executor://mstestadapter/v2" className="ExpressiveExpressionTrees.Tests.ExpressionHasherTests.NewExpressionHasherTests" name="Test021" /></UnitTest><UnitTest name="Test017" storage="/home/hannasm/expressiveexpressiontreesdotnet/expressiveexpressiontrees.tests/bin/debug/netcoreapp2.0/expressiveexpressiontrees.tests.dll" id="56301065-a6b2-9d42-0ad2-2f27eaef11ba"><Execution id="faf182eb-a83b-4c65-9c95-d841d62256ab" /><TestMethod codeBase="/home/hannasm/ExpressiveExpressionTreesDotNet/ExpressiveExpressionTrees.Tests/bin/Debug/netcoreapp2.0/ExpressiveExpressionTrees.Tests.dll" adapterTypeName="executor://mstestadapter/v2" className="ExpressiveExpressionTrees.Tests.ExpressionComparerTests.MemberInitVisitorTests" name="Test017" /></UnitTest><UnitTest name="Test019" storage="/home/hannasm/expressiveexpressiontreesdotnet/expressiveexpressiontrees.tests/bin/debug/netcoreapp2.0/expressiveexpressiontrees.tests.dll" id="5c11994c-8c15-ae07-573b-181d1881bc6d"><Execution id="caad6dc6-6b2a-4a89-9e22-91b16306ddbe" /><TestMethod codeBase="/home/hannasm/ExpressiveExpressionTreesDotNet/ExpressiveExpressionTrees.Tests/bin/Debug/netcoreapp2.0/ExpressiveExpressionTrees.Tests.dll" adapterTypeName="executor://mstestadapter/v2" className="ExpressiveExpressionTrees.Tests.ExpressionHasherTests.NewArrayExpressionHasherTests" name="Test019" /></UnitTest><UnitTest name="Test008" storage="/home/hannasm/expressiveexpressiontreesdotnet/expressiveexpressiontrees.tests/bin/debug/netcoreapp2.0/expressiveexpressiontrees.tests.dll" id="0b2e8570-121f-4bac-9e86-8880ae79177f"><Execution id="cc19bfcc-79e1-42cb-942a-7375749f335d" /><TestMethod codeBase="/home/hannasm/ExpressiveExpressionTreesDotNet/ExpressiveExpressionTrees.Tests/bin/Debug/netcoreapp2.0/ExpressiveExpressionTrees.Tests.dll" adapterTypeName="executor://mstestadapter/v2" className="ExpressiveExpressionTrees.Tests.ExpressionVisitorTest.NewArrayVisitorTests" name="Test008" /></UnitTest><UnitTest name="Test112" storage="/home/hannasm/expressiveexpressiontreesdotnet/expressiveexpressiontrees.tests/bin/debug/netcoreapp2.0/expressiveexpressiontrees.tests.dll" id="41a4392a-b0c1-295b-a25a-21cace79c47e"><Execution id="64b32b92-9686-4ba8-b0c4-d02be18708da" /><TestMethod codeBase="/home/hannasm/ExpressiveExpressionTreesDotNet/ExpressiveExpressionTrees.Tests/bin/Debug/netcoreapp2.0/ExpressiveExpressionTrees.Tests.dll" adapterTypeName="executor://mstestadapter/v2" className="ExpressiveExpressionTrees.Tests.ExpressionVisitorTest.BinaryVisitorTests" name="Test112" /></UnitTest><UnitTest name="Test023" storage="/home/hannasm/expressiveexpressiontreesdotnet/expressiveexpressiontrees.tests/bin/debug/netcoreapp2.0/expressiveexpressiontrees.tests.dll" id="61619672-28fe-f5dd-c8a5-d2c97aeae433"><Execution id="7fd1831d-fed8-4784-bd33-4d94e8f550e3" /><TestMethod codeBase="/home/hannasm/ExpressiveExpressionTreesDotNet/ExpressiveExpressionTrees.Tests/bin/Debug/netcoreapp2.0/ExpressiveExpressionTrees.Tests.dll" adapterTypeName="executor://mstestadapter/v2" className="ExpressiveExpressionTrees.Tests.ExpressionComparerTests.MemberInitVisitorTests" name="Test023" /></UnitTest><UnitTest name="Test003" storage="/home/hannasm/expressiveexpressiontreesdotnet/expressiveexpressiontrees.tests/bin/debug/netcoreapp2.0/expressiveexpressiontrees.tests.dll" id="d7b990c1-7023-2bfe-4b14-30530c4fecd2"><Execution id="761dadfb-eeaf-43ef-a1f5-813eba1890e1" /><TestMethod codeBase="/home/hannasm/ExpressiveExpressionTreesDotNet/ExpressiveExpressionTrees.Tests/bin/Debug/netcoreapp2.0/ExpressiveExpressionTrees.Tests.dll" adapterTypeName="executor://mstestadapter/v2" className="ExpressiveExpressionTrees.Tests.ExpressionVisitorTest.BinaryVisitorTests" name="Test003" /></UnitTest><UnitTest name="Test052" storage="/home/hannasm/expressiveexpressiontreesdotnet/expressiveexpressiontrees.tests/bin/debug/netcoreapp2.0/expressiveexpressiontrees.tests.dll" id="ecc8d130-0978-fb3c-810a-54bd5a9f88ca"><Execution id="a8469479-367b-4996-be06-2ef6c19835fd" /><TestMethod codeBase="/home/hannasm/ExpressiveExpressionTreesDotNet/ExpressiveExpressionTrees.Tests/bin/Debug/netcoreapp2.0/ExpressiveExpressionTrees.Tests.dll" adapterTypeName="executor://mstestadapter/v2" className="ExpressiveExpressionTrees.Tests.ExpressionComparerTests.BindingsExpressionComparerTests" name="Test052" /></UnitTest><UnitTest name="Test024" storage="/home/hannasm/expressiveexpressiontreesdotnet/expressiveexpressiontrees.tests/bin/debug/netcoreapp2.0/expressiveexpressiontrees.tests.dll" id="a13a70d2-c69b-cd6e-4cfd-48cbca950e35"><Execution id="9d4c8ff5-2151-42e9-ab85-5c5732363a6a" /><TestMethod codeBase="/home/hannasm/ExpressiveExpressionTreesDotNet/ExpressiveExpressionTrees.Tests/bin/Debug/netcoreapp2.0/ExpressiveExpressionTrees.Tests.dll" adapterTypeName="executor://mstestadapter/v2" className="ExpressiveExpressionTrees.Tests.ExpressionComparerTests.ListInitExpressionComparerTests" name="Test024" /></UnitTest><UnitTest name="Test021" storage="/home/hannasm/expressiveexpressiontreesdotnet/expressiveexpressiontrees.tests/bin/debug/netcoreapp2.0/expressiveexpressiontrees.tests.dll" id="b7cca714-a768-b33a-eb9c-0bfa1589c4a3"><Execution id="26b7feb2-df91-4427-9ce1-6627628e6f29" /><TestMethod codeBase="/home/hannasm/ExpressiveExpressionTreesDotNet/ExpressiveExpressionTrees.Tests/bin/Debug/netcoreapp2.0/ExpressiveExpressionTrees.Tests.dll" adapterTypeName="executor://mstestadapter/v2" className="ExpressiveExpressionTrees.Tests.ExpressionVisitorTest.ListInitVisitorTests" name="Test021" /></UnitTest><UnitTest name="Test030" storage="/home/hannasm/expressiveexpressiontreesdotnet/expressiveexpressiontrees.tests/bin/debug/netcoreapp2.0/expressiveexpressiontrees.tests.dll" id="d105d5f8-0eef-0d08-fa9e-e1b5b8ffda67"><Execution id="83328e0c-a62f-4723-9d64-0d067d4f9b52" /><TestMethod codeBase="/home/hannasm/ExpressiveExpressionTreesDotNet/ExpressiveExpressionTrees.Tests/bin/Debug/netcoreapp2.0/ExpressiveExpressionTrees.Tests.dll" adapterTypeName="executor://mstestadapter/v2" className="ExpressiveExpressionTrees.Tests.ExpressionGeneratorFromActionTests" name="Test030" /></UnitTest><UnitTest name="Test051" storage="/home/hannasm/expressiveexpressiontreesdotnet/expressiveexpressiontrees.tests/bin/debug/netcoreapp2.0/expressiveexpressiontrees.tests.dll" id="b5b1ef7f-5503-56ea-a678-cfcd4bc439dc"><Execution id="30950c62-9799-4391-9caa-82e65340aec8" /><TestMethod codeBase="/home/hannasm/ExpressiveExpressionTreesDotNet/ExpressiveExpressionTrees.Tests/bin/Debug/netcoreapp2.0/ExpressiveExpressionTrees.Tests.dll" adapterTypeName="executor://mstestadapter/v2" className="ExpressiveExpressionTrees.Tests.ExpressionVisitorTest.BinaryVisitorTests" name="Test051" /></UnitTest><UnitTest name="Test010" storage="/home/hannasm/expressiveexpressiontreesdotnet/expressiveexpressiontrees.tests/bin/debug/netcoreapp2.0/expressiveexpressiontrees.tests.dll" id="012c0078-485f-9e58-cba4-9cf1c364b4b7"><Execution id="affc2ed3-0da3-4590-b07e-2b703d728b15" /><TestMethod codeBase="/home/hannasm/ExpressiveExpressionTreesDotNet/ExpressiveExpressionTrees.Tests/bin/Debug/netcoreapp2.0/ExpressiveExpressionTrees.Tests.dll" adapterTypeName="executor://mstestadapter/v2" className="ExpressiveExpressionTrees.Tests.ExpressionHasherTests.ConstantExpressionHasherTests" name="Test010" /></UnitTest><UnitTest name="Test022" storage="/home/hannasm/expressiveexpressiontreesdotnet/expressiveexpressiontrees.tests/bin/debug/netcoreapp2.0/expressiveexpressiontrees.tests.dll" id="70ffdb12-0502-b14c-5820-58b779b02259"><Execution id="23d616d5-2079-494b-8aed-a6c2e8001d09" /><TestMethod codeBase="/home/hannasm/ExpressiveExpressionTreesDotNet/ExpressiveExpressionTrees.Tests/bin/Debug/netcoreapp2.0/ExpressiveExpressionTrees.Tests.dll" adapterTypeName="executor://mstestadapter/v2" className="ExpressiveExpressionTrees.Tests.ExpressionComparerTests.MemberInitVisitorTests" name="Test022" /></UnitTest><UnitTest name="Test010" storage="/home/hannasm/expressiveexpressiontreesdotnet/expressiveexpressiontrees.tests/bin/debug/netcoreapp2.0/expressiveexpressiontrees.tests.dll" id="2c8fc216-0986-62b8-7044-d951b62f9f8d"><Execution id="a93f74cc-2488-4f1d-af17-0ae60553ab1e" /><TestMethod codeBase="/home/hannasm/ExpressiveExpressionTreesDotNet/ExpressiveExpressionTrees.Tests/bin/Debug/netcoreapp2.0/ExpressiveExpressionTrees.Tests.dll" adapterTypeName="executor://mstestadapter/v2" className="ExpressiveExpressionTrees.Tests.ExpressionHasherTests.BinaryExpressionHasherTests" name="Test010" /></UnitTest><UnitTest name="Test012" storage="/home/hannasm/expressiveexpressiontreesdotnet/expressiveexpressiontrees.tests/bin/debug/netcoreapp2.0/expressiveexpressiontrees.tests.dll" id="da396bc8-87c3-6ad9-695a-24683cd5bb32"><Execution id="84c8c9e0-8fb1-4eff-9198-d9b9ae666c1b" /><TestMethod codeBase="/home/hannasm/ExpressiveExpressionTreesDotNet/ExpressiveExpressionTrees.Tests/bin/Debug/netcoreapp2.0/ExpressiveExpressionTrees.Tests.dll" adapterTypeName="executor://mstestadapter/v2" className="ExpressiveExpressionTrees.Tests.ExpressionVisitorTest.UnaryVisitorTests" name="Test012" /></UnitTest><UnitTest name="Test015" storage="/home/hannasm/expressiveexpressiontreesdotnet/expressiveexpressiontrees.tests/bin/debug/netcoreapp2.0/expressiveexpressiontrees.tests.dll" id="e9b7337d-f5e1-8ca8-214a-c567f71561d0"><Execution id="a66f40b4-17c6-47b3-899c-95b21cb75813" /><TestMethod codeBase="/home/hannasm/ExpressiveExpressionTreesDotNet/ExpressiveExpressionTrees.Tests/bin/Debug/netcoreapp2.0/ExpressiveExpressionTrees.Tests.dll" adapterTypeName="executor://mstestadapter/v2" className="ExpressiveExpressionTrees.Tests.ExpressionVisitorTest.UnaryVisitorTests" name="Test015" /></UnitTest><UnitTest name="Test018" storage="/home/hannasm/expressiveexpressiontreesdotnet/expressiveexpressiontrees.tests/bin/debug/netcoreapp2.0/expressiveexpressiontrees.tests.dll" id="3e58f0dc-4b2d-a5be-b4c6-7422fd564407"><Execution id="884c683d-6ed7-4138-a5de-f8d392cda2ae" /><TestMethod codeBase="/home/hannasm/ExpressiveExpressionTreesDotNet/ExpressiveExpressionTrees.Tests/bin/Debug/netcoreapp2.0/ExpressiveExpressionTrees.Tests.dll" adapterTypeName="executor://mstestadapter/v2" className="ExpressiveExpressionTrees.Tests.ExpressionHasherTests.NewExpressionHasherTests" name="Test018" /></UnitTest><UnitTest name="Test002" storage="/home/hannasm/expressiveexpressiontreesdotnet/expressiveexpressiontrees.tests/bin/debug/netcoreapp2.0/expressiveexpressiontrees.tests.dll" id="a30322f8-e760-6544-5e8c-267f55a75c1f"><Execution id="90be7084-bdc9-4692-8989-c349992f2b0b" /><TestMethod codeBase="/home/hannasm/ExpressiveExpressionTreesDotNet/ExpressiveExpressionTrees.Tests/bin/Debug/netcoreapp2.0/ExpressiveExpressionTrees.Tests.dll" adapterTypeName="executor://mstestadapter/v2" className="ExpressiveExpressionTrees.Tests.ExpressionGeneratorMakeBinaryTests" name="Test002" /></UnitTest><UnitTest name="Test001" storage="/home/hannasm/expressiveexpressiontreesdotnet/expressiveexpressiontrees.tests/bin/debug/netcoreapp2.0/expressiveexpressiontrees.tests.dll" id="3af51977-2733-a274-ebc9-68d9e177dd12"><Execution id="ada18940-6c2c-4ee1-8cbc-4d1b4588a237" /><TestMethod codeBase="/home/hannasm/ExpressiveExpressionTreesDotNet/ExpressiveExpressionTrees.Tests/bin/Debug/netcoreapp2.0/ExpressiveExpressionTrees.Tests.dll" adapterTypeName="executor://mstestadapter/v2" className="ExpressiveExpressionTrees.Tests.ExpressionGeneratorTests" name="Test001" /></UnitTest><UnitTest name="Test005" storage="/home/hannasm/expressiveexpressiontreesdotnet/expressiveexpressiontrees.tests/bin/debug/netcoreapp2.0/expressiveexpressiontrees.tests.dll" id="6b9f6eeb-5896-acc4-f3d6-c1cf54ea4a61"><Execution id="366176dd-3c9a-4e0b-9167-402b9d6977c3" /><TestMethod codeBase="/home/hannasm/ExpressiveExpressionTreesDotNet/ExpressiveExpressionTrees.Tests/bin/Debug/netcoreapp2.0/ExpressiveExpressionTrees.Tests.dll" adapterTypeName="executor://mstestadapter/v2" className="ExpressiveExpressionTrees.Tests.ExpressionComparerTests.BinaryExpressionComparerTests" name="Test005" /></UnitTest><UnitTest name="Test002" storage="/home/hannasm/expressiveexpressiontreesdotnet/expressiveexpressiontrees.tests/bin/debug/netcoreapp2.0/expressiveexpressiontrees.tests.dll" id="32c8ad0a-0322-7fc2-8c67-bbb0a59e2eb6"><Execution id="f3b52fd0-9944-4896-99eb-125ce6abf62b" /><TestMethod codeBase="/home/hannasm/ExpressiveExpressionTreesDotNet/ExpressiveExpressionTrees.Tests/bin/Debug/netcoreapp2.0/ExpressiveExpressionTrees.Tests.dll" adapterTypeName="executor://mstestadapter/v2" className="ExpressiveExpressionTrees.Tests.ExpressionComparerTests.NewExpressionComparerTests" name="Test002" /></UnitTest><UnitTest name="Test305" storage="/home/hannasm/expressiveexpressiontreesdotnet/expressiveexpressiontrees.tests/bin/debug/netcoreapp2.0/expressiveexpressiontrees.tests.dll" id="55374959-c905-272c-a375-c47a2e7a9409"><Execution id="d248ab6a-b1ce-4aaf-89e9-b2dca9de624f" /><TestMethod codeBase="/home/hannasm/ExpressiveExpressionTreesDotNet/ExpressiveExpressionTrees.Tests/bin/Debug/netcoreapp2.0/ExpressiveExpressionTrees.Tests.dll" adapterTypeName="executor://mstestadapter/v2" className="ExpressiveExpressionTrees.Tests.ExpressionVisitorTest.BinaryVisitorTests" name="Test305" /></UnitTest><UnitTest name="Test029" storage="/home/hannasm/expressiveexpressiontreesdotnet/expressiveexpressiontrees.tests/bin/debug/netcoreapp2.0/expressiveexpressiontrees.tests.dll" id="7b0366af-75dc-d20c-3daf-1bae20d1334c"><Execution id="799ed5be-f3c1-4b63-9d74-0d2df0773057" /><TestMethod codeBase="/home/hannasm/ExpressiveExpressionTreesDotNet/ExpressiveExpressionTrees.Tests/bin/Debug/netcoreapp2.0/ExpressiveExpressionTrees.Tests.dll" adapterTypeName="executor://mstestadapter/v2" className="ExpressiveExpressionTrees.Tests.ExpressionVisitorTest.NewArrayVisitorTests" name="Test029" /></UnitTest><UnitTest name="Test013" storage="/home/hannasm/expressiveexpressiontreesdotnet/expressiveexpressiontrees.tests/bin/debug/netcoreapp2.0/expressiveexpressiontrees.tests.dll" id="8e14c24a-6249-7a98-6058-c74ec7198ef6"><Execution id="5d94aca9-1599-4d8b-8b42-77b2e8a488e6" /><TestMethod codeBase="/home/hannasm/ExpressiveExpressionTreesDotNet/ExpressiveExpressionTrees.Tests/bin/Debug/netcoreapp2.0/ExpressiveExpressionTrees.Tests.dll" adapterTypeName="executor://mstestadapter/v2" className="ExpressiveExpressionTrees.Tests.ExpressionVisitorTest.IndexerVisitorTests" name="Test013" /></UnitTest><UnitTest name="Test118" storage="/home/hannasm/expressiveexpressiontreesdotnet/expressiveexpressiontrees.tests/bin/debug/netcoreapp2.0/expressiveexpressiontrees.tests.dll" id="db106580-d883-47c2-d141-2a8fc96796c6"><Execution id="6e0a0d42-fa7a-4a50-aa24-429f25dda1d1" /><TestMethod codeBase="/home/hannasm/ExpressiveExpressionTreesDotNet/ExpressiveExpressionTrees.Tests/bin/Debug/netcoreapp2.0/ExpressiveExpressionTrees.Tests.dll" adapterTypeName="executor://mstestadapter/v2" className="ExpressiveExpressionTrees.Tests.ExpressionVisitorTest.BinaryVisitorTests" name="Test118" /></UnitTest><UnitTest name="Test010" storage="/home/hannasm/expressiveexpressiontreesdotnet/expressiveexpressiontrees.tests/bin/debug/netcoreapp2.0/expressiveexpressiontrees.tests.dll" id="97621290-1b5b-b9bd-98b0-d83bd90c5a1b"><Execution id="f6985fd2-66d6-473a-9f7a-19c142f47c58" /><TestMethod codeBase="/home/hannasm/ExpressiveExpressionTreesDotNet/ExpressiveExpressionTrees.Tests/bin/Debug/netcoreapp2.0/ExpressiveExpressionTrees.Tests.dll" adapterTypeName="executor://mstestadapter/v2" className="ExpressiveExpressionTrees.Tests.ExpressionComparerTests.NewExpressionComparerTests" name="Test010" /></UnitTest><UnitTest name="Test007" storage="/home/hannasm/expressiveexpressiontreesdotnet/expressiveexpressiontrees.tests/bin/debug/netcoreapp2.0/expressiveexpressiontrees.tests.dll" id="5cb47af0-b593-1606-1dd3-6f4a1b879ea8"><Execution id="31c177f5-0acc-4236-bd5a-0931ccbd202d" /><TestMethod codeBase="/home/hannasm/ExpressiveExpressionTreesDotNet/ExpressiveExpressionTrees.Tests/bin/Debug/netcoreapp2.0/ExpressiveExpressionTrees.Tests.dll" adapterTypeName="executor://mstestadapter/v2" className="ExpressiveExpressionTrees.Tests.ExpressionGeneratorFromActionTests" name="Test007" /></UnitTest><UnitTest name="Test021" storage="/home/hannasm/expressiveexpressiontreesdotnet/expressiveexpressiontrees.tests/bin/debug/netcoreapp2.0/expressiveexpressiontrees.tests.dll" id="83515b1b-6938-3c86-5d21-7f2531b9a29d"><Execution id="a7b32ff6-7ec2-4286-921d-b67378f9b903" /><TestMethod codeBase="/home/hannasm/ExpressiveExpressionTreesDotNet/ExpressiveExpressionTrees.Tests/bin/Debug/netcoreapp2.0/ExpressiveExpressionTrees.Tests.dll" adapterTypeName="executor://mstestadapter/v2" className="ExpressiveExpressionTrees.Tests.ExpressionComparerTests.TryCatchExpressionComparerTests" name="Test021" /></UnitTest><UnitTest name="Test249" storage="/home/hannasm/expressiveexpressiontreesdotnet/expressiveexpressiontrees.tests/bin/debug/netcoreapp2.0/expressiveexpressiontrees.tests.dll" id="8f9c359b-d656-a77b-ba9e-b2344704895f"><Execution id="0df631e3-60fb-4da7-b917-1fc4e4392a47" /><TestMethod codeBase="/home/hannasm/ExpressiveExpressionTreesDotNet/ExpressiveExpressionTrees.Tests/bin/Debug/netcoreapp2.0/ExpressiveExpressionTrees.Tests.dll" adapterTypeName="executor://mstestadapter/v2" className="ExpressiveExpressionTrees.Tests.ExpressionVisitorTest.BinaryVisitorTests" name="Test249" /></UnitTest><UnitTest name="Test016" storage="/home/hannasm/expressiveexpressiontreesdotnet/expressiveexpressiontrees.tests/bin/debug/netcoreapp2.0/expressiveexpressiontrees.tests.dll" id="fe4afb12-e28f-f8fa-7021-7e923fd658a5"><Execution id="92b7f949-d745-4ff2-99de-41d90ae299ef" /><TestMethod codeBase="/home/hannasm/ExpressiveExpressionTreesDotNet/ExpressiveExpressionTrees.Tests/bin/Debug/netcoreapp2.0/ExpressiveExpressionTrees.Tests.dll" adapterTypeName="executor://mstestadapter/v2" className="ExpressiveExpressionTrees.Tests.ExpressionVisitorTest.UnaryVisitorTests" name="Test016" /></UnitTest><UnitTest name="Test008" storage="/home/hannasm/expressiveexpressiontreesdotnet/expressiveexpressiontrees.tests/bin/debug/netcoreapp2.0/expressiveexpressiontrees.tests.dll" id="1ee85085-d01d-98b6-67f2-679f01c1b01c"><Execution id="bab750c1-0652-45c0-b29e-cb8410ef2cc3" /><TestMethod codeBase="/home/hannasm/ExpressiveExpressionTreesDotNet/ExpressiveExpressionTrees.Tests/bin/Debug/netcoreapp2.0/ExpressiveExpressionTrees.Tests.dll" adapterTypeName="executor://mstestadapter/v2" className="ExpressiveExpressionTrees.Tests.ExpressionHasherTests.UnaryExpressionHasherTests" name="Test008" /></UnitTest><UnitTest name="Test003" storage="/home/hannasm/expressiveexpressiontreesdotnet/expressiveexpressiontrees.tests/bin/debug/netcoreapp2.0/expressiveexpressiontrees.tests.dll" id="0b678d72-266a-7840-286b-80826bef36d7"><Execution id="38e630e6-35d6-438f-b3c2-379fe397ac9e" /><TestMethod codeBase="/home/hannasm/ExpressiveExpressionTreesDotNet/ExpressiveExpressionTrees.Tests/bin/Debug/netcoreapp2.0/ExpressiveExpressionTrees.Tests.dll" adapterTypeName="executor://mstestadapter/v2" className="ExpressiveExpressionTrees.Tests.ExpressionFinderTests" name="Test003" /></UnitTest><UnitTest name="Test031" storage="/home/hannasm/expressiveexpressiontreesdotnet/expressiveexpressiontrees.tests/bin/debug/netcoreapp2.0/expressiveexpressiontrees.tests.dll" id="dab15a68-911c-61dc-3921-499cb97dd212"><Execution id="4ee7986a-dd4e-45a0-bf89-41b226048580" /><TestMethod codeBase="/home/hannasm/ExpressiveExpressionTreesDotNet/ExpressiveExpressionTrees.Tests/bin/Debug/netcoreapp2.0/ExpressiveExpressionTrees.Tests.dll" adapterTypeName="executor://mstestadapter/v2" className="ExpressiveExpressionTrees.Tests.ExpressionGeneratorFromActionTests" name="Test031" /></UnitTest><UnitTest name="Test091" storage="/home/hannasm/expressiveexpressiontreesdotnet/expressiveexpressiontrees.tests/bin/debug/netcoreapp2.0/expressiveexpressiontrees.tests.dll" id="3ec054ba-280b-4f03-a56d-db6cea9c067e"><Execution id="d10d2266-5a47-4cc2-85c0-28d3eb41d544" /><TestMethod codeBase="/home/hannasm/ExpressiveExpressionTreesDotNet/ExpressiveExpressionTrees.Tests/bin/Debug/netcoreapp2.0/ExpressiveExpressionTrees.Tests.dll" adapterTypeName="executor://mstestadapter/v2" className="ExpressiveExpressionTrees.Tests.ExpressionGeneratorMakeBinaryTests" name="Test091" /></UnitTest><UnitTest name="Test006" storage="/home/hannasm/expressiveexpressiontreesdotnet/expressiveexpressiontrees.tests/bin/debug/netcoreapp2.0/expressiveexpressiontrees.tests.dll" id="bbe497dc-f457-91ae-a966-dd0a7a7e4b1d"><Execution id="ada63c3b-485a-4f7a-b846-23f10ef39407" /><TestMethod codeBase="/home/hannasm/ExpressiveExpressionTreesDotNet/ExpressiveExpressionTrees.Tests/bin/Debug/netcoreapp2.0/ExpressiveExpressionTrees.Tests.dll" adapterTypeName="executor://mstestadapter/v2" className="ExpressiveExpressionTrees.Tests.ExpressionComparerTests.InvocationExpressionComparerTests" name="Test006" /></UnitTest><UnitTest name="Test060" storage="/home/hannasm/expressiveexpressiontreesdotnet/expressiveexpressiontrees.tests/bin/debug/netcoreapp2.0/expressiveexpressiontrees.tests.dll" id="4f075974-2e19-5e0f-61eb-2f77341ed4d4"><Execution id="74348e3c-226a-41ff-91b7-5e8e905309a4" /><TestMethod codeBase="/home/hannasm/ExpressiveExpressionTreesDotNet/ExpressiveExpressionTrees.Tests/bin/Debug/netcoreapp2.0/ExpressiveExpressionTrees.Tests.dll" adapterTypeName="executor://mstestadapter/v2" className="ExpressiveExpressionTrees.Tests.ExpressionComparerTests.BindingsExpressionComparerTests" name="Test060" /></UnitTest><UnitTest name="Test034" storage="/home/hannasm/expressiveexpressiontreesdotnet/expressiveexpressiontrees.tests/bin/debug/netcoreapp2.0/expressiveexpressiontrees.tests.dll" id="5b1ff4c0-ce10-78ca-6827-42f47c1be8f9"><Execution id="f201386a-b3a5-4fd4-9741-42bc375474aa" /><TestMethod codeBase="/home/hannasm/ExpressiveExpressionTreesDotNet/ExpressiveExpressionTrees.Tests/bin/Debug/netcoreapp2.0/ExpressiveExpressionTrees.Tests.dll" adapterTypeName="executor://mstestadapter/v2" className="ExpressiveExpressionTrees.Tests.ExpressionComparerTests.BindingsExpressionComparerTests" name="Test034" /></UnitTest><UnitTest name="Test021" storage="/home/hannasm/expressiveexpressiontreesdotnet/expressiveexpressiontrees.tests/bin/debug/netcoreapp2.0/expressiveexpressiontrees.tests.dll" id="5da8acdd-725c-30a2-e4bd-07a1ab2d024b"><Execution id="8957a88b-7e17-4d38-b9e2-9b8ee656e8d6" /><TestMethod codeBase="/home/hannasm/ExpressiveExpressionTreesDotNet/ExpressiveExpressionTrees.Tests/bin/Debug/netcoreapp2.0/ExpressiveExpressionTrees.Tests.dll" adapterTypeName="executor://mstestadapter/v2" className="ExpressiveExpressionTrees.Tests.ExpressionGeneratorFromActionTests" name="Test021" /></UnitTest><UnitTest name="Test005" storage="/home/hannasm/expressiveexpressiontreesdotnet/expressiveexpressiontrees.tests/bin/debug/netcoreapp2.0/expressiveexpressiontrees.tests.dll" id="3839afb2-8431-78ca-0863-f8a2092a50f7"><Execution id="4d9cb99f-8177-451a-aee1-38e443926275" /><TestMethod codeBase="/home/hannasm/ExpressiveExpressionTreesDotNet/ExpressiveExpressionTrees.Tests/bin/Debug/netcoreapp2.0/ExpressiveExpressionTrees.Tests.dll" adapterTypeName="executor://mstestadapter/v2" className="ExpressiveExpressionTrees.Tests.ExpressionComparerTests.NewArrayExpressionComparerTests" name="Test005" /></UnitTest><UnitTest name="Test021" storage="/home/hannasm/expressiveexpressiontreesdotnet/expressiveexpressiontrees.tests/bin/debug/netcoreapp2.0/expressiveexpressiontrees.tests.dll" id="d96aab32-823e-b9e7-1be6-d7dff1c9c0ca"><Execution id="9028cce7-267d-4e79-93a0-0d4681ad138a" /><TestMethod codeBase="/home/hannasm/ExpressiveExpressionTreesDotNet/ExpressiveExpressionTrees.Tests/bin/Debug/netcoreapp2.0/ExpressiveExpressionTrees.Tests.dll" adapterTypeName="executor://mstestadapter/v2" className="ExpressiveExpressionTrees.Tests.ExpressionVisitorTest.UnaryVisitorTests" name="Test021" /></UnitTest><UnitTest name="Test040" storage="/home/hannasm/expressiveexpressiontreesdotnet/expressiveexpressiontrees.tests/bin/debug/netcoreapp2.0/expressiveexpressiontrees.tests.dll" id="33339795-fe9b-80ad-91bb-7b1d467c07bd"><Execution id="cdab0144-6b61-410e-98ad-666000436653" /><TestMethod codeBase="/home/hannasm/ExpressiveExpressionTreesDotNet/ExpressiveExpressionTrees.Tests/bin/Debug/netcoreapp2.0/ExpressiveExpressionTrees.Tests.dll" adapterTypeName="executor://mstestadapter/v2" className="ExpressiveExpressionTrees.Tests.ExpressionHasherTests.BindingsExpressionHasherTests" name="Test040" /></UnitTest><UnitTest name="Test020" storage="/home/hannasm/expressiveexpressiontreesdotnet/expressiveexpressiontrees.tests/bin/debug/netcoreapp2.0/expressiveexpressiontrees.tests.dll" id="5b5a53dc-45cd-b255-c2a5-9790cf6c87b1"><Execution id="ca2df0c8-7e80-4d31-ac55-d34b60dfd9f6" /><TestMethod codeBase="/home/hannasm/ExpressiveExpressionTreesDotNet/ExpressiveExpressionTrees.Tests/bin/Debug/netcoreapp2.0/ExpressiveExpressionTrees.Tests.dll" adapterTypeName="executor://mstestadapter/v2" className="ExpressiveExpressionTrees.Tests.ExpressionHasherTests.NewExpressionHasherTests" name="Test020" /></UnitTest><UnitTest name="Test024" storage="/home/hannasm/expressiveexpressiontreesdotnet/expressiveexpressiontrees.tests/bin/debug/netcoreapp2.0/expressiveexpressiontrees.tests.dll" id="745412e1-37f8-a6f8-6773-bf8ab42c3e46"><Execution id="f10a406a-bea5-4b69-83ae-8492891944b9" /><TestMethod codeBase="/home/hannasm/ExpressiveExpressionTreesDotNet/ExpressiveExpressionTrees.Tests/bin/Debug/netcoreapp2.0/ExpressiveExpressionTrees.Tests.dll" adapterTypeName="executor://mstestadapter/v2" className="ExpressiveExpressionTrees.Tests.ExpressionGeneratorTests" name="Test024" /></UnitTest><UnitTest name="Test021" storage="/home/hannasm/expressiveexpressiontreesdotnet/expressiveexpressiontrees.tests/bin/debug/netcoreapp2.0/expressiveexpressiontrees.tests.dll" id="4682cae7-35c8-9aca-1ca3-df5298f7884f"><Execution id="10af94cd-92d3-4ae3-98bf-6f0f1dfedba3" /><TestMethod codeBase="/home/hannasm/ExpressiveExpressionTreesDotNet/ExpressiveExpressionTrees.Tests/bin/Debug/netcoreapp2.0/ExpressiveExpressionTrees.Tests.dll" adapterTypeName="executor://mstestadapter/v2" className="ExpressiveExpressionTrees.Tests.ExpressionHasherTests.BindingsExpressionHasherTests" name="Test021" /></UnitTest><UnitTest name="Test007" storage="/home/hannasm/expressiveexpressiontreesdotnet/expressiveexpressiontrees.tests/bin/debug/netcoreapp2.0/expressiveexpressiontrees.tests.dll" id="e233f50a-287b-7cd3-46cd-d90acc5c5948"><Execution id="e60cb007-dfcf-4f86-b7ac-9bbc110ff894" /><TestMethod codeBase="/home/hannasm/ExpressiveExpressionTreesDotNet/ExpressiveExpressionTrees.Tests/bin/Debug/netcoreapp2.0/ExpressiveExpressionTrees.Tests.dll" adapterTypeName="executor://mstestadapter/v2" className="ExpressiveExpressionTrees.Tests.ExpressionVisitorTest.ListInitVisitorTests" name="Test007" /></UnitTest><UnitTest name="Test007" storage="/home/hannasm/expressiveexpressiontreesdotnet/expressiveexpressiontrees.tests/bin/debug/netcoreapp2.0/expressiveexpressiontrees.tests.dll" id="7b6cc3df-70c5-fa8a-1675-2bc4d2fbb85c"><Execution id="e99be052-927d-409c-94bc-a6118f8393d1" /><TestMethod codeBase="/home/hannasm/ExpressiveExpressionTreesDotNet/ExpressiveExpressionTrees.Tests/bin/Debug/netcoreapp2.0/ExpressiveExpressionTrees.Tests.dll" adapterTypeName="executor://mstestadapter/v2" className="ExpressiveExpressionTrees.Tests.ExpressionHasherTests.MethodCallExpressionHasherTests" name="Test007" /></UnitTest><UnitTest name="Test026" storage="/home/hannasm/expressiveexpressiontreesdotnet/expressiveexpressiontrees.tests/bin/debug/netcoreapp2.0/expressiveexpressiontrees.tests.dll" id="7f9a648a-b33f-2285-c19d-a945bec428b4"><Execution id="276eaa96-d1ab-4e01-88f7-cef5ba65b0a0" /><TestMethod codeBase="/home/hannasm/ExpressiveExpressionTreesDotNet/ExpressiveExpressionTrees.Tests/bin/Debug/netcoreapp2.0/ExpressiveExpressionTrees.Tests.dll" adapterTypeName="executor://mstestadapter/v2" className="ExpressiveExpressionTrees.Tests.ExpressionVisitorTest.NewArrayVisitorTests" name="Test026" /></UnitTest><UnitTest name="Test020" storage="/home/hannasm/expressiveexpressiontreesdotnet/expressiveexpressiontrees.tests/bin/debug/netcoreapp2.0/expressiveexpressiontrees.tests.dll" id="f3f28d7c-0533-887e-8c1c-d53fcccfc751"><Execution id="59e685df-a09c-47dd-aed5-b839a3b3d0fe" /><TestMethod codeBase="/home/hannasm/ExpressiveExpressionTreesDotNet/ExpressiveExpressionTrees.Tests/bin/Debug/netcoreapp2.0/ExpressiveExpressionTrees.Tests.dll" adapterTypeName="executor://mstestadapter/v2" className="ExpressiveExpressionTrees.Tests.ExpressionGeneratorFromFuncTests" name="Test020" /></UnitTest><UnitTest name="Test093" storage="/home/hannasm/expressiveexpressiontreesdotnet/expressiveexpressiontrees.tests/bin/debug/netcoreapp2.0/expressiveexpressiontrees.tests.dll" id="9be8e74a-6d6a-cd9b-cf79-91b3d82d7f27"><Execution id="439f2301-e49e-46eb-830f-da0f8e36e5e5" /><TestMethod codeBase="/home/hannasm/ExpressiveExpressionTreesDotNet/ExpressiveExpressionTrees.Tests/bin/Debug/netcoreapp2.0/ExpressiveExpressionTrees.Tests.dll" adapterTypeName="executor://mstestadapter/v2" className="ExpressiveExpressionTrees.Tests.ExpressionGeneratorMakeBinaryTests" name="Test093" /></UnitTest><UnitTest name="Test007" storage="/home/hannasm/expressiveexpressiontreesdotnet/expressiveexpressiontrees.tests/bin/debug/netcoreapp2.0/expressiveexpressiontrees.tests.dll" id="f8ea3091-4c49-00a5-a80b-6e1193887841"><Execution id="f70ebe45-fb29-48a0-92a5-d2eb1435531f" /><TestMethod codeBase="/home/hannasm/ExpressiveExpressionTreesDotNet/ExpressiveExpressionTrees.Tests/bin/Debug/netcoreapp2.0/ExpressiveExpressionTrees.Tests.dll" adapterTypeName="executor://mstestadapter/v2" className="ExpressiveExpressionTrees.Tests.ExpressionComparerTests.ListInitExpressionComparerTests" name="Test007" /></UnitTest><UnitTest name="Test034" storage="/home/hannasm/expressiveexpressiontreesdotnet/expressiveexpressiontrees.tests/bin/debug/netcoreapp2.0/expressiveexpressiontrees.tests.dll" id="d8442099-3f7f-1df8-7237-829c2717a9f2"><Execution id="14e2be11-3c10-48a7-ba3c-f5b6e8dc8ca7" /><TestMethod codeBase="/home/hannasm/ExpressiveExpressionTreesDotNet/ExpressiveExpressionTrees.Tests/bin/Debug/netcoreapp2.0/ExpressiveExpressionTrees.Tests.dll" adapterTypeName="executor://mstestadapter/v2" className="ExpressiveExpressionTrees.Tests.ExpressionVisitorTest.BinaryVisitorTests" name="Test034" /></UnitTest><UnitTest name="Test018" storage="/home/hannasm/expressiveexpressiontreesdotnet/expressiveexpressiontrees.tests/bin/debug/netcoreapp2.0/expressiveexpressiontrees.tests.dll" id="d9237311-de71-77ad-d7d0-6bedc4337da1"><Execution id="cd6c9391-e612-4687-b695-c70ec233071c" /><TestMethod codeBase="/home/hannasm/ExpressiveExpressionTreesDotNet/ExpressiveExpressionTrees.Tests/bin/Debug/netcoreapp2.0/ExpressiveExpressionTrees.Tests.dll" adapterTypeName="executor://mstestadapter/v2" className="ExpressiveExpressionTrees.Tests.ExpressionHasherTests.BinaryExpressionHasherTests" name="Test018" /></UnitTest><UnitTest name="Test005" storage="/home/hannasm/expressiveexpressiontreesdotnet/expressiveexpressiontrees.tests/bin/debug/netcoreapp2.0/expressiveexpressiontrees.tests.dll" id="b85fb20a-b666-fbbc-afe0-26d22ede0a95"><Execution id="3dd5c877-d0e7-4fdf-bbd4-378a6e992eaa" /><TestMethod codeBase="/home/hannasm/ExpressiveExpressionTreesDotNet/ExpressiveExpressionTrees.Tests/bin/Debug/netcoreapp2.0/ExpressiveExpressionTrees.Tests.dll" adapterTypeName="executor://mstestadapter/v2" className="ExpressiveExpressionTrees.Tests.ExpressionHasherTests.BinaryExpressionHasherTests" name="Test005" /></UnitTest><UnitTest name="Test001" storage="/home/hannasm/expressiveexpressiontreesdotnet/expressiveexpressiontrees.tests/bin/debug/netcoreapp2.0/expressiveexpressiontrees.tests.dll" id="5bde5ad3-f2d3-cd61-f56b-3e8fa7b74a5f"><Execution id="064a77fa-d5c6-4cb7-8af8-b91e4dec1b87" /><TestMethod codeBase="/home/hannasm/ExpressiveExpressionTreesDotNet/ExpressiveExpressionTrees.Tests/bin/Debug/netcoreapp2.0/ExpressiveExpressionTrees.Tests.dll" adapterTypeName="executor://mstestadapter/v2" className="ExpressiveExpressionTrees.Tests.ExpressionComparerTests.ConstantExpressionComparerTests" name="Test001" /></UnitTest><UnitTest name="Test205" storage="/home/hannasm/expressiveexpressiontreesdotnet/expressiveexpressiontrees.tests/bin/debug/netcoreapp2.0/expressiveexpressiontrees.tests.dll" id="f5e3aebc-cd43-ae85-9487-39f5430f33c7"><Execution id="ea012468-0e1a-4ad9-9703-a27ec89979d5" /><TestMethod codeBase="/home/hannasm/ExpressiveExpressionTreesDotNet/ExpressiveExpressionTrees.Tests/bin/Debug/netcoreapp2.0/ExpressiveExpressionTrees.Tests.dll" adapterTypeName="executor://mstestadapter/v2" className="ExpressiveExpressionTrees.Tests.ExpressionVisitorTest.BinaryVisitorTests" name="Test205" /></UnitTest><UnitTest name="Test018" storage="/home/hannasm/expressiveexpressiontreesdotnet/expressiveexpressiontrees.tests/bin/debug/netcoreapp2.0/expressiveexpressiontrees.tests.dll" id="59131f29-2317-9213-770c-f81867f21971"><Execution id="d677f3ad-29df-4c93-ae40-a01217f47383" /><TestMethod codeBase="/home/hannasm/ExpressiveExpressionTreesDotNet/ExpressiveExpressionTrees.Tests/bin/Debug/netcoreapp2.0/ExpressiveExpressionTrees.Tests.dll" adapterTypeName="executor://mstestadapter/v2" className="ExpressiveExpressionTrees.Tests.ExpressionGeneratorTests" name="Test018" /></UnitTest><UnitTest name="Test337" storage="/home/hannasm/expressiveexpressiontreesdotnet/expressiveexpressiontrees.tests/bin/debug/netcoreapp2.0/expressiveexpressiontrees.tests.dll" id="85219ed1-d63e-0c0d-6978-9fb9b39b656a"><Execution id="bf3aec2a-38f5-4105-a2d0-c4e0a1a6fafa" /><TestMethod codeBase="/home/hannasm/ExpressiveExpressionTreesDotNet/ExpressiveExpressionTrees.Tests/bin/Debug/netcoreapp2.0/ExpressiveExpressionTrees.Tests.dll" adapterTypeName="executor://mstestadapter/v2" className="ExpressiveExpressionTrees.Tests.ExpressionVisitorTest.BinaryVisitorTests" name="Test337" /></UnitTest><UnitTest name="Test005" storage="/home/hannasm/expressiveexpressiontreesdotnet/expressiveexpressiontrees.tests/bin/debug/netcoreapp2.0/expressiveexpressiontrees.tests.dll" id="da2d626a-f94b-1e41-6efc-9fa52aae4ab0"><Execution id="e5a7961e-c304-46fd-b1be-8c20aefe1ab8" /><TestMethod codeBase="/home/hannasm/ExpressiveExpressionTreesDotNet/ExpressiveExpressionTrees.Tests/bin/Debug/netcoreapp2.0/ExpressiveExpressionTrees.Tests.dll" adapterTypeName="executor://mstestadapter/v2" className="ExpressiveExpressionTrees.Tests.ExpressionVisitorTest.InvokeVisitorTests" name="Test005" /></UnitTest><UnitTest name="Test007" storage="/home/hannasm/expressiveexpressiontreesdotnet/expressiveexpressiontrees.tests/bin/debug/netcoreapp2.0/expressiveexpressiontrees.tests.dll" id="eb158662-e25e-4126-a4cd-d89266e0c95e"><Execution id="532987bc-b05a-4239-8b47-cd64728a939c" /><TestMethod codeBase="/home/hannasm/ExpressiveExpressionTreesDotNet/ExpressiveExpressionTrees.Tests/bin/Debug/netcoreapp2.0/ExpressiveExpressionTrees.Tests.dll" adapterTypeName="executor://mstestadapter/v2" className="ExpressiveExpressionTrees.Tests.ExpressionReplacerTests.ExpressionReplacerUseCases" name="Test007" /></UnitTest><UnitTest name="Test053" storage="/home/hannasm/expressiveexpressiontreesdotnet/expressiveexpressiontrees.tests/bin/debug/netcoreapp2.0/expressiveexpressiontrees.tests.dll" id="f67c9436-7754-4978-805a-d1b7dc7b13aa"><Execution id="9fd9ebb3-14b5-4394-9144-b73e086cfb18" /><TestMethod codeBase="/home/hannasm/ExpressiveExpressionTreesDotNet/ExpressiveExpressionTrees.Tests/bin/Debug/netcoreapp2.0/ExpressiveExpressionTrees.Tests.dll" adapterTypeName="executor://mstestadapter/v2" className="ExpressiveExpressionTrees.Tests.ExpressionHasherTests.BindingsExpressionHasherTests" name="Test053" /></UnitTest><UnitTest name="Test060" storage="/home/hannasm/expressiveexpressiontreesdotnet/expressiveexpressiontrees.tests/bin/debug/netcoreapp2.0/expressiveexpressiontrees.tests.dll" id="775d3775-367f-4f17-efeb-d3a99e2febc4"><Execution id="54406f84-31c1-4f39-b30a-4e25d2a9afca" /><TestMethod codeBase="/home/hannasm/ExpressiveExpressionTreesDotNet/ExpressiveExpressionTrees.Tests/bin/Debug/netcoreapp2.0/ExpressiveExpressionTrees.Tests.dll" adapterTypeName="executor://mstestadapter/v2" className="ExpressiveExpressionTrees.Tests.ExpressionGeneratorTests" name="Test060" /></UnitTest><UnitTest name="Test010" storage="/home/hannasm/expressiveexpressiontreesdotnet/expressiveexpressiontrees.tests/bin/debug/netcoreapp2.0/expressiveexpressiontrees.tests.dll" id="31ec8538-45d4-150a-163e-e47b3ad5f3b2"><Execution id="d32602f0-37dc-450c-bb74-c50453e40235" /><TestMethod codeBase="/home/hannasm/ExpressiveExpressionTreesDotNet/ExpressiveExpressionTrees.Tests/bin/Debug/netcoreapp2.0/ExpressiveExpressionTrees.Tests.dll" adapterTypeName="executor://mstestadapter/v2" className="ExpressiveExpressionTrees.Tests.ExpressionVisitorTest.NewVisitorTests" name="Test010" /></UnitTest><UnitTest name="Test047" storage="/home/hannasm/expressiveexpressiontreesdotnet/expressiveexpressiontrees.tests/bin/debug/netcoreapp2.0/expressiveexpressiontrees.tests.dll" id="bb4affef-6be8-2871-6c9d-232678a58eee"><Execution id="75c19722-9eef-4d07-b509-5487057c323d" /><TestMethod codeBase="/home/hannasm/ExpressiveExpressionTreesDotNet/ExpressiveExpressionTrees.Tests/bin/Debug/netcoreapp2.0/ExpressiveExpressionTrees.Tests.dll" adapterTypeName="executor://mstestadapter/v2" className="ExpressiveExpressionTrees.Tests.ExpressionHasherTests.BindingsExpressionHasherTests" name="Test047" /></UnitTest><UnitTest name="Test002" storage="/home/hannasm/expressiveexpressiontreesdotnet/expressiveexpressiontrees.tests/bin/debug/netcoreapp2.0/expressiveexpressiontrees.tests.dll" id="7ad14047-36ed-c9f0-df87-cdfd858a725d"><Execution id="18e710d6-5bfe-458d-a38c-a9b202bc9c8b" /><TestMethod codeBase="/home/hannasm/ExpressiveExpressionTreesDotNet/ExpressiveExpressionTrees.Tests/bin/Debug/netcoreapp2.0/ExpressiveExpressionTrees.Tests.dll" adapterTypeName="executor://mstestadapter/v2" className="ExpressiveExpressionTrees.Tests.ExpressionVisitorTest.TypeBinaryVisitorTests" name="Test002" /></UnitTest><UnitTest name="Test051" storage="/home/hannasm/expressiveexpressiontreesdotnet/expressiveexpressiontrees.tests/bin/debug/netcoreapp2.0/expressiveexpressiontrees.tests.dll" id="5bbd6eef-16ef-eed9-2d6e-25277eed4bed"><Execution id="6d8a4073-6997-43d7-9f16-ce41f6651c13" /><TestMethod codeBase="/home/hannasm/ExpressiveExpressionTreesDotNet/ExpressiveExpressionTrees.Tests/bin/Debug/netcoreapp2.0/ExpressiveExpressionTrees.Tests.dll" adapterTypeName="executor://mstestadapter/v2" className="ExpressiveExpressionTrees.Tests.ExpressionVisitorTest.NewVisitorTests" name="Test051" /></UnitTest><UnitTest name="Test022" storage="/home/hannasm/expressiveexpressiontreesdotnet/expressiveexpressiontrees.tests/bin/debug/netcoreapp2.0/expressiveexpressiontrees.tests.dll" id="59d305f8-d1aa-c485-2c74-5b0fa91f5bbc"><Execution id="66f94f2f-7e58-402a-bcd4-acd020717cb9" /><TestMethod codeBase="/home/hannasm/ExpressiveExpressionTreesDotNet/ExpressiveExpressionTrees.Tests/bin/Debug/netcoreapp2.0/ExpressiveExpressionTrees.Tests.dll" adapterTypeName="executor://mstestadapter/v2" className="ExpressiveExpressionTrees.Tests.ExpressionGeneratorTests" name="Test022" /></UnitTest><UnitTest name="Test005" storage="/home/hannasm/expressiveexpressiontreesdotnet/expressiveexpressiontrees.tests/bin/debug/netcoreapp2.0/expressiveexpressiontrees.tests.dll" id="398a4db1-11cc-a3f2-2a69-aa12d9a811b9"><Execution id="b95d22ef-9533-4219-9e0d-6b7566a2b47f" /><TestMethod codeBase="/home/hannasm/ExpressiveExpressionTreesDotNet/ExpressiveExpressionTrees.Tests/bin/Debug/netcoreapp2.0/ExpressiveExpressionTrees.Tests.dll" adapterTypeName="executor://mstestadapter/v2" className="ExpressiveExpressionTrees.Tests.ExpressionHasherTests.ParameterExpressionHasherTests" name="Test005" /></UnitTest><UnitTest name="Test006" storage="/home/hannasm/expressiveexpressiontreesdotnet/expressiveexpressiontrees.tests/bin/debug/netcoreapp2.0/expressiveexpressiontrees.tests.dll" id="2e5bf2f2-a24d-13fa-fcfd-9e1edbb258b7"><Execution id="4d15d8ce-716e-43f4-91bd-c6f2fbcb1be5" /><TestMethod codeBase="/home/hannasm/ExpressiveExpressionTreesDotNet/ExpressiveExpressionTrees.Tests/bin/Debug/netcoreapp2.0/ExpressiveExpressionTrees.Tests.dll" adapterTypeName="executor://mstestadapter/v2" className="ExpressiveExpressionTrees.Tests.ExpressionHasherTests.ListInitExpressionHasherTests" name="Test006" /></UnitTest><UnitTest name="Test002" storage="/home/hannasm/expressiveexpressiontreesdotnet/expressiveexpressiontrees.tests/bin/debug/netcoreapp2.0/expressiveexpressiontrees.tests.dll" id="6f23d72f-7dd1-f2ac-df3f-c81bd2dabf9e"><Execution id="518665f1-4fd4-44bf-8ec7-9c8815e7f23e" /><TestMethod codeBase="/home/hannasm/ExpressiveExpressionTreesDotNet/ExpressiveExpressionTrees.Tests/bin/Debug/netcoreapp2.0/ExpressiveExpressionTrees.Tests.dll" adapterTypeName="executor://mstestadapter/v2" className="ExpressiveExpressionTrees.Tests.ExpressionHasherTests.NewArrayExpressionHasherTests" name="Test002" /></UnitTest><UnitTest name="Test001" storage="/home/hannasm/expressiveexpressiontreesdotnet/expressiveexpressiontrees.tests/bin/debug/netcoreapp2.0/expressiveexpressiontrees.tests.dll" id="99a95934-4df7-b692-ffb4-77db8f8dacb3"><Execution id="73fa635f-7be0-429c-ae21-050e95214566" /><TestMethod codeBase="/home/hannasm/ExpressiveExpressionTreesDotNet/ExpressiveExpressionTrees.Tests/bin/Debug/netcoreapp2.0/ExpressiveExpressionTrees.Tests.dll" adapterTypeName="executor://mstestadapter/v2" className="ExpressiveExpressionTrees.Tests.ExpressionHasherTests.MethodCallExpressionHasherTests" name="Test001" /></UnitTest><UnitTest name="Test017" storage="/home/hannasm/expressiveexpressiontreesdotnet/expressiveexpressiontrees.tests/bin/debug/netcoreapp2.0/expressiveexpressiontrees.tests.dll" id="ada7235b-ad42-5a38-93dc-c61830bb42e6"><Execution id="1b0f9064-80f4-47a7-8abb-5a61fdb3f5b4" /><TestMethod codeBase="/home/hannasm/ExpressiveExpressionTreesDotNet/ExpressiveExpressionTrees.Tests/bin/Debug/netcoreapp2.0/ExpressiveExpressionTrees.Tests.dll" adapterTypeName="executor://mstestadapter/v2" className="ExpressiveExpressionTrees.Tests.ExpressionComparerTests.UnaryExpressionComparerTests" name="Test017" /></UnitTest><UnitTest name="Test032" storage="/home/hannasm/expressiveexpressiontreesdotnet/expressiveexpressiontrees.tests/bin/debug/netcoreapp2.0/expressiveexpressiontrees.tests.dll" id="e23fcb13-3e45-d47c-b248-b6c8e7127718"><Execution id="b8c0ccc4-d90c-403b-8a4d-d580b55c50a1" /><TestMethod codeBase="/home/hannasm/ExpressiveExpressionTreesDotNet/ExpressiveExpressionTrees.Tests/bin/Debug/netcoreapp2.0/ExpressiveExpressionTrees.Tests.dll" adapterTypeName="executor://mstestadapter/v2" className="ExpressiveExpressionTrees.Tests.ExpressionComparerTests.TryCatchExpressionComparerTests" name="Test032" /></UnitTest><UnitTest name="Test018" storage="/home/hannasm/expressiveexpressiontreesdotnet/expressiveexpressiontrees.tests/bin/debug/netcoreapp2.0/expressiveexpressiontrees.tests.dll" id="dce2798c-a2d1-ccec-53ec-adfdfc90f9ff"><Execution id="8e23e139-ccf1-43d7-9396-0fdabf1e8950" /><TestMethod codeBase="/home/hannasm/ExpressiveExpressionTreesDotNet/ExpressiveExpressionTrees.Tests/bin/Debug/netcoreapp2.0/ExpressiveExpressionTrees.Tests.dll" adapterTypeName="executor://mstestadapter/v2" className="ExpressiveExpressionTrees.Tests.ExpressionComparerTests.MemberInitVisitorTests" name="Test018" /></UnitTest><UnitTest name="Test025" storage="/home/hannasm/expressiveexpressiontreesdotnet/expressiveexpressiontrees.tests/bin/debug/netcoreapp2.0/expressiveexpressiontrees.tests.dll" id="5245ea3e-d11f-6b94-2cc5-f1f78a3ced1c"><Execution id="06abf455-e561-4138-b18e-1054d3c3c111" /><TestMethod codeBase="/home/hannasm/ExpressiveExpressionTreesDotNet/ExpressiveExpressionTrees.Tests/bin/Debug/netcoreapp2.0/ExpressiveExpressionTrees.Tests.dll" adapterTypeName="executor://mstestadapter/v2" className="ExpressiveExpressionTrees.Tests.ExpressionVisitorTest.NewArrayVisitorTests" name="Test025" /></UnitTest><UnitTest name="Test033" storage="/home/hannasm/expressiveexpressiontreesdotnet/expressiveexpressiontrees.tests/bin/debug/netcoreapp2.0/expressiveexpressiontrees.tests.dll" id="47de100e-a51a-2507-e381-890005d72d6e"><Execution id="397002af-2d8e-431e-b1b7-b48def513c82" /><TestMethod codeBase="/home/hannasm/ExpressiveExpressionTreesDotNet/ExpressiveExpressionTrees.Tests/bin/Debug/netcoreapp2.0/ExpressiveExpressionTrees.Tests.dll" adapterTypeName="executor://mstestadapter/v2" className="ExpressiveExpressionTrees.Tests.ExpressionGeneratorFromFuncTests" name="Test033" /></UnitTest><UnitTest name="Test317" storage="/home/hannasm/expressiveexpressiontreesdotnet/expressiveexpressiontrees.tests/bin/debug/netcoreapp2.0/expressiveexpressiontrees.tests.dll" id="b5dfa94e-595e-e829-e6e6-9a91f3b983ce"><Execution id="ac3022db-ca61-4a7a-87ed-acc909607bfe" /><TestMethod codeBase="/home/hannasm/ExpressiveExpressionTreesDotNet/ExpressiveExpressionTrees.Tests/bin/Debug/netcoreapp2.0/ExpressiveExpressionTrees.Tests.dll" adapterTypeName="executor://mstestadapter/v2" className="ExpressiveExpressionTrees.Tests.ExpressionVisitorTest.BinaryVisitorTests" name="Test317" /></UnitTest><UnitTest name="Test023" storage="/home/hannasm/expressiveexpressiontreesdotnet/expressiveexpressiontrees.tests/bin/debug/netcoreapp2.0/expressiveexpressiontrees.tests.dll" id="4c03fb80-fc8f-df1b-7840-33e81b4db5a9"><Execution id="36e73508-6704-4e03-b339-e9cdf1938f85" /><TestMethod codeBase="/home/hannasm/ExpressiveExpressionTreesDotNet/ExpressiveExpressionTrees.Tests/bin/Debug/netcoreapp2.0/ExpressiveExpressionTrees.Tests.dll" adapterTypeName="executor://mstestadapter/v2" className="ExpressiveExpressionTrees.Tests.ExpressionComparerTests.BindingsExpressionComparerTests" name="Test023" /></UnitTest><UnitTest name="Test030" storage="/home/hannasm/expressiveexpressiontreesdotnet/expressiveexpressiontrees.tests/bin/debug/netcoreapp2.0/expressiveexpressiontrees.tests.dll" id="56e52f61-7433-bd92-b4da-a2f89c813749"><Execution id="6d7ac49a-70e5-461c-ac42-774c68afc02a" /><TestMethod codeBase="/home/hannasm/ExpressiveExpressionTreesDotNet/ExpressiveExpressionTrees.Tests/bin/Debug/netcoreapp2.0/ExpressiveExpressionTrees.Tests.dll" adapterTypeName="executor://mstestadapter/v2" className="ExpressiveExpressionTrees.Tests.ExpressionHasherTests.ListInitExpressionHasherTests" name="Test030" /></UnitTest><UnitTest name="Test050" storage="/home/hannasm/expressiveexpressiontreesdotnet/expressiveexpressiontrees.tests/bin/debug/netcoreapp2.0/expressiveexpressiontrees.tests.dll" id="e08c48a5-b6fa-be20-959b-5f77dda8023b"><Execution id="06c96f3c-d531-4084-ae11-ecf3296ea40d" /><TestMethod codeBase="/home/hannasm/ExpressiveExpressionTreesDotNet/ExpressiveExpressionTrees.Tests/bin/Debug/netcoreapp2.0/ExpressiveExpressionTrees.Tests.dll" adapterTypeName="executor://mstestadapter/v2" className="ExpressiveExpressionTrees.Tests.ExpressionVisitorTest.NewVisitorTests" name="Test050" /></UnitTest><UnitTest name="Test133" storage="/home/hannasm/expressiveexpressiontreesdotnet/expressiveexpressiontrees.tests/bin/debug/netcoreapp2.0/expressiveexpressiontrees.tests.dll" id="5d3802a4-9b91-4011-ece3-52eb1f456ddf"><Execution id="58ddb5f1-74ab-49c0-a36f-da42938a1c10" /><TestMethod codeBase="/home/hannasm/ExpressiveExpressionTreesDotNet/ExpressiveExpressionTrees.Tests/bin/Debug/netcoreapp2.0/ExpressiveExpressionTrees.Tests.dll" adapterTypeName="executor://mstestadapter/v2" className="ExpressiveExpressionTrees.Tests.ExpressionVisitorTest.BinaryVisitorTests" name="Test133" /></UnitTest><UnitTest name="Test010" storage="/home/hannasm/expressiveexpressiontreesdotnet/expressiveexpressiontrees.tests/bin/debug/netcoreapp2.0/expressiveexpressiontrees.tests.dll" id="700512d8-5f19-4ecb-e8ef-c5d345f52f32"><Execution id="4e825bd8-5ab4-4016-9d16-5bf939c73d99" /><TestMethod codeBase="/home/hannasm/ExpressiveExpressionTreesDotNet/ExpressiveExpressionTrees.Tests/bin/Debug/netcoreapp2.0/ExpressiveExpressionTrees.Tests.dll" adapterTypeName="executor://mstestadapter/v2" className="ExpressiveExpressionTrees.Tests.ExpressionReaderTests" name="Test010" /></UnitTest><UnitTest name="Test001" storage="/home/hannasm/expressiveexpressiontreesdotnet/expressiveexpressiontrees.tests/bin/debug/netcoreapp2.0/expressiveexpressiontrees.tests.dll" id="02862b97-ac6f-cf1a-7391-ec9373bae700"><Execution id="3eb62347-ebb1-46bf-bb37-c18fa49c25f4" /><TestMethod codeBase="/home/hannasm/ExpressiveExpressionTreesDotNet/ExpressiveExpressionTrees.Tests/bin/Debug/netcoreapp2.0/ExpressiveExpressionTrees.Tests.dll" adapterTypeName="executor://mstestadapter/v2" className="ExpressiveExpressionTrees.Tests.ExpressionVisitorTest.ConstantVisitorTests" name="Test001" /></UnitTest><UnitTest name="Test026" storage="/home/hannasm/expressiveexpressiontreesdotnet/expressiveexpressiontrees.tests/bin/debug/netcoreapp2.0/expressiveexpressiontrees.tests.dll" id="a7b7251f-0807-1c9f-a6ef-ed10c30d1337"><Execution id="48c7ed4f-bd6a-493a-8dcb-e4b42b17596d" /><TestMethod codeBase="/home/hannasm/ExpressiveExpressionTreesDotNet/ExpressiveExpressionTrees.Tests/bin/Debug/netcoreapp2.0/ExpressiveExpressionTrees.Tests.dll" adapterTypeName="executor://mstestadapter/v2" className="ExpressiveExpressionTrees.Tests.ExpressionHasherTests.NewExpressionHasherTests" name="Test026" /></UnitTest><UnitTest name="Test336" storage="/home/hannasm/expressiveexpressiontreesdotnet/expressiveexpressiontrees.tests/bin/debug/netcoreapp2.0/expressiveexpressiontrees.tests.dll" id="a7d37ad7-eeeb-a741-c290-38acfe9555b0"><Execution id="f783630b-f26d-4efd-85bf-2aec90536a17" /><TestMethod codeBase="/home/hannasm/ExpressiveExpressionTreesDotNet/ExpressiveExpressionTrees.Tests/bin/Debug/netcoreapp2.0/ExpressiveExpressionTrees.Tests.dll" adapterTypeName="executor://mstestadapter/v2" className="ExpressiveExpressionTrees.Tests.ExpressionVisitorTest.BinaryVisitorTests" name="Test336" /></UnitTest><UnitTest name="Test002" storage="/home/hannasm/expressiveexpressiontreesdotnet/expressiveexpressiontrees.tests/bin/debug/netcoreapp2.0/expressiveexpressiontrees.tests.dll" id="4f8d336c-abfd-348f-c97c-9d5c619c1f0f"><Execution id="50fe5ed6-821c-4b53-be00-0341f7a2be6b" /><TestMethod codeBase="/home/hannasm/ExpressiveExpressionTreesDotNet/ExpressiveExpressionTrees.Tests/bin/Debug/netcoreapp2.0/ExpressiveExpressionTrees.Tests.dll" adapterTypeName="executor://mstestadapter/v2" className="ExpressiveExpressionTrees.Tests.ExpressionComparerTests.UnaryExpressionComparerTests" name="Test002" /></UnitTest><UnitTest name="Test020" storage="/home/hannasm/expressiveexpressiontreesdotnet/expressiveexpressiontrees.tests/bin/debug/netcoreapp2.0/expressiveexpressiontrees.tests.dll" id="0271aec3-f748-21cb-adc5-1480baf29e6a"><Execution id="a6a25bf6-2aea-4e98-a8ab-396ab7997e32" /><TestMethod codeBase="/home/hannasm/ExpressiveExpressionTreesDotNet/ExpressiveExpressionTrees.Tests/bin/Debug/netcoreapp2.0/ExpressiveExpressionTrees.Tests.dll" adapterTypeName="executor://mstestadapter/v2" className="ExpressiveExpressionTrees.Tests.ExpressionHasherTests.BinaryExpressionHasherTests" name="Test020" /></UnitTest><UnitTest name="Test012" storage="/home/hannasm/expressiveexpressiontreesdotnet/expressiveexpressiontrees.tests/bin/debug/netcoreapp2.0/expressiveexpressiontrees.tests.dll" id="7d63d32b-16dc-83fa-f73b-508e103ffebd"><Execution id="1d1709b2-9288-4553-9bbd-5eb29a11fcb9" /><TestMethod codeBase="/home/hannasm/ExpressiveExpressionTreesDotNet/ExpressiveExpressionTrees.Tests/bin/Debug/netcoreapp2.0/ExpressiveExpressionTrees.Tests.dll" adapterTypeName="executor://mstestadapter/v2" className="ExpressiveExpressionTrees.Tests.ExpressionHasherTests.MethodCallExpressionHasherTests" name="Test012" /></UnitTest><UnitTest name="Test002" storage="/home/hannasm/expressiveexpressiontreesdotnet/expressiveexpressiontrees.tests/bin/debug/netcoreapp2.0/expressiveexpressiontrees.tests.dll" id="f2998d93-7e88-df65-9868-e2eb60094b04"><Execution id="d806dee3-c6bb-41b2-984f-619a2b6a7944" /><TestMethod codeBase="/home/hannasm/ExpressiveExpressionTreesDotNet/ExpressiveExpressionTrees.Tests/bin/Debug/netcoreapp2.0/ExpressiveExpressionTrees.Tests.dll" adapterTypeName="executor://mstestadapter/v2" className="ExpressiveExpressionTrees.Tests.ExpressionHasherTests.ParameterExpressionHasherTests" name="Test002" /></UnitTest><UnitTest name="Test003" storage="/home/hannasm/expressiveexpressiontreesdotnet/expressiveexpressiontrees.tests/bin/debug/netcoreapp2.0/expressiveexpressiontrees.tests.dll" id="9fc0b3b4-5e55-fecf-5b9c-7547ae0c6da2"><Execution id="fb437a59-fab0-4883-abb7-85f68e4db1fa" /><TestMethod codeBase="/home/hannasm/ExpressiveExpressionTreesDotNet/ExpressiveExpressionTrees.Tests/bin/Debug/netcoreapp2.0/ExpressiveExpressionTrees.Tests.dll" adapterTypeName="executor://mstestadapter/v2" className="ExpressiveExpressionTrees.Tests.ExpressionVisitorTest.ConstantVisitorTests" name="Test003" /></UnitTest><UnitTest name="Test008" storage="/home/hannasm/expressiveexpressiontreesdotnet/expressiveexpressiontrees.tests/bin/debug/netcoreapp2.0/expressiveexpressiontrees.tests.dll" id="c19df989-b16f-1a1f-f6f7-5b1ea20800a9"><Execution id="ac6b0d20-8e0a-46d7-b54d-7f3a8c167308" /><TestMethod codeBase="/home/hannasm/ExpressiveExpressionTreesDotNet/ExpressiveExpressionTrees.Tests/bin/Debug/netcoreapp2.0/ExpressiveExpressionTrees.Tests.dll" adapterTypeName="executor://mstestadapter/v2" className="ExpressiveExpressionTrees.Tests.ExpressionGeneratorTests" name="Test008" /></UnitTest><UnitTest name="Test400" storage="/home/hannasm/expressiveexpressiontreesdotnet/expressiveexpressiontrees.tests/bin/debug/netcoreapp2.0/expressiveexpressiontrees.tests.dll" id="90aad432-1bc1-444d-608d-b2cc87b763c2"><Execution id="9e42698f-139f-46cc-bb5c-a23b5e0bde1a" /><TestMethod codeBase="/home/hannasm/ExpressiveExpressionTreesDotNet/ExpressiveExpressionTrees.Tests/bin/Debug/netcoreapp2.0/ExpressiveExpressionTrees.Tests.dll" adapterTypeName="executor://mstestadapter/v2" className="ExpressiveExpressionTrees.Tests.ExpressionVisitorTest.BinaryVisitorTests" name="Test400" /></UnitTest><UnitTest name="Test002" storage="/home/hannasm/expressiveexpressiontreesdotnet/expressiveexpressiontrees.tests/bin/debug/netcoreapp2.0/expressiveexpressiontrees.tests.dll" id="267c86f7-b7d3-bd8d-f8a8-cecfab36cce7"><Execution id="c9ffaf51-5764-485a-8b7b-625388d75a11" /><TestMethod codeBase="/home/hannasm/ExpressiveExpressionTreesDotNet/ExpressiveExpressionTrees.Tests/bin/Debug/netcoreapp2.0/ExpressiveExpressionTrees.Tests.dll" adapterTypeName="executor://mstestadapter/v2" className="ExpressiveExpressionTrees.Tests.ExpressionHasherTests.NullExpressionHasherTests" name="Test002" /></UnitTest><UnitTest name="Test104" storage="/home/hannasm/expressiveexpressiontreesdotnet/expressiveexpressiontrees.tests/bin/debug/netcoreapp2.0/expressiveexpressiontrees.tests.dll" id="af96c49f-596e-55f7-029a-e8a5ada0f2a9"><Execution id="785507c4-31f3-49f2-8621-610073e8d1fa" /><TestMethod codeBase="/home/hannasm/ExpressiveExpressionTreesDotNet/ExpressiveExpressionTrees.Tests/bin/Debug/netcoreapp2.0/ExpressiveExpressionTrees.Tests.dll" adapterTypeName="executor://mstestadapter/v2" className="ExpressiveExpressionTrees.Tests.ExpressionVisitorTest.BinaryVisitorTests" name="Test104" /></UnitTest><UnitTest name="Test207" storage="/home/hannasm/expressiveexpressiontreesdotnet/expressiveexpressiontrees.tests/bin/debug/netcoreapp2.0/expressiveexpressiontrees.tests.dll" id="9d78fec4-68a0-c948-4b15-eeda8fce14f1"><Execution id="9aec77fd-73fc-44da-ba0e-ceec9b95b160" /><TestMethod codeBase="/home/hannasm/ExpressiveExpressionTreesDotNet/ExpressiveExpressionTrees.Tests/bin/Debug/netcoreapp2.0/ExpressiveExpressionTrees.Tests.dll" adapterTypeName="executor://mstestadapter/v2" className="ExpressiveExpressionTrees.Tests.ExpressionVisitorTest.BinaryVisitorTests" name="Test207" /></UnitTest><UnitTest name="Test046" storage="/home/hannasm/expressiveexpressiontreesdotnet/expressiveexpressiontrees.tests/bin/debug/netcoreapp2.0/expressiveexpressiontrees.tests.dll" id="3723906b-a561-3b3d-77da-ddcd0f4f6644"><Execution id="b40e2c40-17ae-4b0a-86ff-1c5c647ca999" /><TestMethod codeBase="/home/hannasm/ExpressiveExpressionTreesDotNet/ExpressiveExpressionTrees.Tests/bin/Debug/netcoreapp2.0/ExpressiveExpressionTrees.Tests.dll" adapterTypeName="executor://mstestadapter/v2" className="ExpressiveExpressionTrees.Tests.ExpressionVisitorTest.NewVisitorTests" name="Test046" /></UnitTest><UnitTest name="Test021" storage="/home/hannasm/expressiveexpressiontreesdotnet/expressiveexpressiontrees.tests/bin/debug/netcoreapp2.0/expressiveexpressiontrees.tests.dll" id="0a960484-2ce0-3a9f-3847-b10da5a291d2"><Execution id="334eef5b-25c1-405e-90c4-3fd875380e40" /><TestMethod codeBase="/home/hannasm/ExpressiveExpressionTreesDotNet/ExpressiveExpressionTrees.Tests/bin/Debug/netcoreapp2.0/ExpressiveExpressionTrees.Tests.dll" adapterTypeName="executor://mstestadapter/v2" className="ExpressiveExpressionTrees.Tests.ExpressionComparerTests.BindingsExpressionComparerTests" name="Test021" /></UnitTest><UnitTest name="Test121" storage="/home/hannasm/expressiveexpressiontreesdotnet/expressiveexpressiontrees.tests/bin/debug/netcoreapp2.0/expressiveexpressiontrees.tests.dll" id="5bcef28c-72fe-c070-961b-a4344bc1b134"><Execution id="9810b076-346a-4f79-9d39-8e775e9e78e7" /><TestMethod codeBase="/home/hannasm/ExpressiveExpressionTreesDotNet/ExpressiveExpressionTrees.Tests/bin/Debug/netcoreapp2.0/ExpressiveExpressionTrees.Tests.dll" adapterTypeName="executor://mstestadapter/v2" className="ExpressiveExpressionTrees.Tests.ExpressionVisitorTest.BinaryVisitorTests" name="Test121" /></UnitTest><UnitTest name="Test001" storage="/home/hannasm/expressiveexpressiontreesdotnet/expressiveexpressiontrees.tests/bin/debug/netcoreapp2.0/expressiveexpressiontrees.tests.dll" id="45a4a80d-8147-092a-ad91-137907349e77"><Execution id="77df5597-e894-4923-b901-36ae262fb3ee" /><TestMethod codeBase="/home/hannasm/ExpressiveExpressionTreesDotNet/ExpressiveExpressionTrees.Tests/bin/Debug/netcoreapp2.0/ExpressiveExpressionTrees.Tests.dll" adapterTypeName="executor://mstestadapter/v2" className="ExpressiveExpressionTrees.Tests.ExpressionVisitorTest.BinaryVisitorTests" name="Test001" /></UnitTest><UnitTest name="Test008" storage="/home/hannasm/expressiveexpressiontreesdotnet/expressiveexpressiontrees.tests/bin/debug/netcoreapp2.0/expressiveexpressiontrees.tests.dll" id="d4b4277f-f1d6-62c1-8e00-522321d5f848"><Execution id="b481f96a-3400-466f-a6d3-6727e36bf2be" /><TestMethod codeBase="/home/hannasm/ExpressiveExpressionTreesDotNet/ExpressiveExpressionTrees.Tests/bin/Debug/netcoreapp2.0/ExpressiveExpressionTrees.Tests.dll" adapterTypeName="executor://mstestadapter/v2" className="ExpressiveExpressionTrees.Tests.ExpressionVisitorTest.ConditionalVisitorTests" name="Test008" /></UnitTest><UnitTest name="Test007" storage="/home/hannasm/expressiveexpressiontreesdotnet/expressiveexpressiontrees.tests/bin/debug/netcoreapp2.0/expressiveexpressiontrees.tests.dll" id="9797c99b-d8b4-5d96-12e0-6a42224223a1"><Execution id="ebc0cfcd-8fec-418b-9362-cec07cda3312" /><TestMethod codeBase="/home/hannasm/ExpressiveExpressionTreesDotNet/ExpressiveExpressionTrees.Tests/bin/Debug/netcoreapp2.0/ExpressiveExpressionTrees.Tests.dll" adapterTypeName="executor://mstestadapter/v2" className="ExpressiveExpressionTrees.Tests.ExpressionComparerTests.InvocationExpressionComparerTests" name="Test007" /></UnitTest><UnitTest name="Test216" storage="/home/hannasm/expressiveexpressiontreesdotnet/expressiveexpressiontrees.tests/bin/debug/netcoreapp2.0/expressiveexpressiontrees.tests.dll" id="9d57fcfa-e265-eb55-6d15-1698baf566ec"><Execution id="09efc07a-c68b-4d71-b23d-9dfaa1e5bf05" /><TestMethod codeBase="/home/hannasm/ExpressiveExpressionTreesDotNet/ExpressiveExpressionTrees.Tests/bin/Debug/netcoreapp2.0/ExpressiveExpressionTrees.Tests.dll" adapterTypeName="executor://mstestadapter/v2" className="ExpressiveExpressionTrees.Tests.ExpressionVisitorTest.BinaryVisitorTests" name="Test216" /></UnitTest><UnitTest name="Test048" storage="/home/hannasm/expressiveexpressiontreesdotnet/expressiveexpressiontrees.tests/bin/debug/netcoreapp2.0/expressiveexpressiontrees.tests.dll" id="7c801781-64ff-0e8e-6556-e30508c21976"><Execution id="063942c0-74c1-4a8f-ac2a-41f12c9ce19b" /><TestMethod codeBase="/home/hannasm/ExpressiveExpressionTreesDotNet/ExpressiveExpressionTrees.Tests/bin/Debug/netcoreapp2.0/ExpressiveExpressionTrees.Tests.dll" adapterTypeName="executor://mstestadapter/v2" className="ExpressiveExpressionTrees.Tests.ExpressionComparerTests.BindingsExpressionComparerTests" name="Test048" /></UnitTest><UnitTest name="Test404" storage="/home/hannasm/expressiveexpressiontreesdotnet/expressiveexpressiontrees.tests/bin/debug/netcoreapp2.0/expressiveexpressiontrees.tests.dll" id="aebef7a3-4905-8e4b-81eb-954b2b926189"><Execution id="80d3a3b2-55ca-4675-85a8-edb3b2d64165" /><TestMethod codeBase="/home/hannasm/ExpressiveExpressionTreesDotNet/ExpressiveExpressionTrees.Tests/bin/Debug/netcoreapp2.0/ExpressiveExpressionTrees.Tests.dll" adapterTypeName="executor://mstestadapter/v2" className="ExpressiveExpressionTrees.Tests.ExpressionVisitorTest.BinaryVisitorTests" name="Test404" /></UnitTest><UnitTest name="Test058" storage="/home/hannasm/expressiveexpressiontreesdotnet/expressiveexpressiontrees.tests/bin/debug/netcoreapp2.0/expressiveexpressiontrees.tests.dll" id="dd6bf53e-e4ca-ef0b-27b0-84037a9a2060"><Execution id="b1eba299-55b0-41df-bd4f-7fe1fd105bbe" /><TestMethod codeBase="/home/hannasm/ExpressiveExpressionTreesDotNet/ExpressiveExpressionTrees.Tests/bin/Debug/netcoreapp2.0/ExpressiveExpressionTrees.Tests.dll" adapterTypeName="executor://mstestadapter/v2" className="ExpressiveExpressionTrees.Tests.ExpressionComparerTests.BindingsExpressionComparerTests" name="Test058" /></UnitTest><UnitTest name="Test011" storage="/home/hannasm/expressiveexpressiontreesdotnet/expressiveexpressiontrees.tests/bin/debug/netcoreapp2.0/expressiveexpressiontrees.tests.dll" id="01139ec1-f70b-0fda-1fed-afc156af566b"><Execution id="dfc00e7c-09c7-4eae-8a70-4a22864ea9dd" /><TestMethod codeBase="/home/hannasm/ExpressiveExpressionTreesDotNet/ExpressiveExpressionTrees.Tests/bin/Debug/netcoreapp2.0/ExpressiveExpressionTrees.Tests.dll" adapterTypeName="executor://mstestadapter/v2" className="ExpressiveExpressionTrees.Tests.ExpressionComparerTests.ConstantExpressionComparerTests" name="Test011" /></UnitTest><UnitTest name="Test005" storage="/home/hannasm/expressiveexpressiontreesdotnet/expressiveexpressiontrees.tests/bin/debug/netcoreapp2.0/expressiveexpressiontrees.tests.dll" id="70edbd20-40b4-0ba6-678c-a3d93d8964cb"><Execution id="ac5fa422-c5a8-4c74-b98c-270a877c8eff" /><TestMethod codeBase="/home/hannasm/ExpressiveExpressionTreesDotNet/ExpressiveExpressionTrees.Tests/bin/Debug/netcoreapp2.0/ExpressiveExpressionTrees.Tests.dll" adapterTypeName="executor://mstestadapter/v2" className="ExpressiveExpressionTrees.Tests.ExpressionComparerTests.ParameterExpressionComparerTests" name="Test005" /></UnitTest><UnitTest name="Test013" storage="/home/hannasm/expressiveexpressiontreesdotnet/expressiveexpressiontrees.tests/bin/debug/netcoreapp2.0/expressiveexpressiontrees.tests.dll" id="1cf137a7-cb93-6370-6283-26f424ff0cb6"><Execution id="8d617824-018b-4d2d-aa58-e8e30bc51610" /><TestMethod codeBase="/home/hannasm/ExpressiveExpressionTreesDotNet/ExpressiveExpressionTrees.Tests/bin/Debug/netcoreapp2.0/ExpressiveExpressionTrees.Tests.dll" adapterTypeName="executor://mstestadapter/v2" className="ExpressiveExpressionTrees.Tests.ExpressionVisitorTest.MethodCallVisitorTests" name="Test013" /></UnitTest><UnitTest name="Test024" storage="/home/hannasm/expressiveexpressiontreesdotnet/expressiveexpressiontrees.tests/bin/debug/netcoreapp2.0/expressiveexpressiontrees.tests.dll" id="a7fa2525-bfb6-6647-135c-8cc85e207011"><Execution id="874354db-e747-4e70-adcd-b7082ddd5c2b" /><TestMethod codeBase="/home/hannasm/ExpressiveExpressionTreesDotNet/ExpressiveExpressionTrees.Tests/bin/Debug/netcoreapp2.0/ExpressiveExpressionTrees.Tests.dll" adapterTypeName="executor://mstestadapter/v2" className="ExpressiveExpressionTrees.Tests.ExpressionComparerTests.BindingsExpressionComparerTests" name="Test024" /></UnitTest><UnitTest name="Test041" storage="/home/hannasm/expressiveexpressiontreesdotnet/expressiveexpressiontrees.tests/bin/debug/netcoreapp2.0/expressiveexpressiontrees.tests.dll" id="0199d409-1b54-2f77-8e23-b71982effd85"><Execution id="da7aa042-f61d-4fcd-a26e-995890b5c195" /><TestMethod codeBase="/home/hannasm/ExpressiveExpressionTreesDotNet/ExpressiveExpressionTrees.Tests/bin/Debug/netcoreapp2.0/ExpressiveExpressionTrees.Tests.dll" adapterTypeName="executor://mstestadapter/v2" className="ExpressiveExpressionTrees.Tests.ExpressionHasherTests.TryCatchExpressionHasherTests" name="Test041" /></UnitTest><UnitTest name="Test202" storage="/home/hannasm/expressiveexpressiontreesdotnet/expressiveexpressiontrees.tests/bin/debug/netcoreapp2.0/expressiveexpressiontrees.tests.dll" id="c35c11c3-8b7b-e6ff-70b9-6aa2f2ef66f4"><Execution id="5be54e14-16af-4980-9658-74135673fdf9" /><TestMethod codeBase="/home/hannasm/ExpressiveExpressionTreesDotNet/ExpressiveExpressionTrees.Tests/bin/Debug/netcoreapp2.0/ExpressiveExpressionTrees.Tests.dll" adapterTypeName="executor://mstestadapter/v2" className="ExpressiveExpressionTrees.Tests.ExpressionVisitorTest.BinaryVisitorTests" name="Test202" /></UnitTest><UnitTest name="Test018" storage="/home/hannasm/expressiveexpressiontreesdotnet/expressiveexpressiontrees.tests/bin/debug/netcoreapp2.0/expressiveexpressiontrees.tests.dll" id="91692a2d-33b9-2e98-7ecc-ad8f14485cd2"><Execution id="9364444b-6b5e-4b8d-ba2b-e1f18108b515" /><TestMethod codeBase="/home/hannasm/ExpressiveExpressionTreesDotNet/ExpressiveExpressionTrees.Tests/bin/Debug/netcoreapp2.0/ExpressiveExpressionTrees.Tests.dll" adapterTypeName="executor://mstestadapter/v2" className="ExpressiveExpressionTrees.Tests.ExpressionVisitorTest.BinaryVisitorTests" name="Test018" /></UnitTest><UnitTest name="Test001" storage="/home/hannasm/expressiveexpressiontreesdotnet/expressiveexpressiontrees.tests/bin/debug/netcoreapp2.0/expressiveexpressiontrees.tests.dll" id="1edcbe35-4735-f25a-332d-b864f813b931"><Execution id="027021a6-5300-47d2-845b-32728b086696" /><TestMethod codeBase="/home/hannasm/ExpressiveExpressionTreesDotNet/ExpressiveExpressionTrees.Tests/bin/Debug/netcoreapp2.0/ExpressiveExpressionTrees.Tests.dll" adapterTypeName="executor://mstestadapter/v2" className="ExpressiveExpressionTrees.Tests.ExpressionVisitorTest.TypeBinaryVisitorTests" name="Test001" /></UnitTest><UnitTest name="Test003" storage="/home/hannasm/expressiveexpressiontreesdotnet/expressiveexpressiontrees.tests/bin/debug/netcoreapp2.0/expressiveexpressiontrees.tests.dll" id="598dbe96-15d8-c35c-9d13-76385ceb9601"><Execution id="cbc2d9e6-2c0d-4263-a980-74fdcea4d6ea" /><TestMethod codeBase="/home/hannasm/ExpressiveExpressionTreesDotNet/ExpressiveExpressionTrees.Tests/bin/Debug/netcoreapp2.0/ExpressiveExpressionTrees.Tests.dll" adapterTypeName="executor://mstestadapter/v2" className="ExpressiveExpressionTrees.Tests.ExpressionComparerTests.ListInitExpressionComparerTests" name="Test003" /></UnitTest><UnitTest name="Test028" storage="/home/hannasm/expressiveexpressiontreesdotnet/expressiveexpressiontrees.tests/bin/debug/netcoreapp2.0/expressiveexpressiontrees.tests.dll" id="9e16127f-85ee-d305-de12-c7a67bbe0085"><Execution id="326d2e7f-be6a-41a1-8ac9-2ef8c7dc969f" /><TestMethod codeBase="/home/hannasm/ExpressiveExpressionTreesDotNet/ExpressiveExpressionTrees.Tests/bin/Debug/netcoreapp2.0/ExpressiveExpressionTrees.Tests.dll" adapterTypeName="executor://mstestadapter/v2" className="ExpressiveExpressionTrees.Tests.ExpressionVisitorTest.InvokeVisitorTests" name="Test028" /></UnitTest><UnitTest name="Test011" storage="/home/hannasm/expressiveexpressiontreesdotnet/expressiveexpressiontrees.tests/bin/debug/netcoreapp2.0/expressiveexpressiontrees.tests.dll" id="5953beb3-14c9-9b14-dad1-480e9367117f"><Execution id="ebbe0225-1dca-464c-8e9a-a42d02d51b11" /><TestMethod codeBase="/home/hannasm/ExpressiveExpressionTreesDotNet/ExpressiveExpressionTrees.Tests/bin/Debug/netcoreapp2.0/ExpressiveExpressionTrees.Tests.dll" adapterTypeName="executor://mstestadapter/v2" className="ExpressiveExpressionTrees.Tests.ExpressionReaderTests" name="Test011" /></UnitTest><UnitTest name="Test120" storage="/home/hannasm/expressiveexpressiontreesdotnet/expressiveexpressiontrees.tests/bin/debug/netcoreapp2.0/expressiveexpressiontrees.tests.dll" id="13dff2dd-ee10-c833-fc78-7c4a94180048"><Execution id="207ce7bb-1382-4be1-bf26-c6618978cc5f" /><TestMethod codeBase="/home/hannasm/ExpressiveExpressionTreesDotNet/ExpressiveExpressionTrees.Tests/bin/Debug/netcoreapp2.0/ExpressiveExpressionTrees.Tests.dll" adapterTypeName="executor://mstestadapter/v2" className="ExpressiveExpressionTrees.Tests.ExpressionVisitorTest.BinaryVisitorTests" name="Test120" /></UnitTest><UnitTest name="Test012" storage="/home/hannasm/expressiveexpressiontreesdotnet/expressiveexpressiontrees.tests/bin/debug/netcoreapp2.0/expressiveexpressiontrees.tests.dll" id="c820ab0d-c99b-de08-90f8-723a8266c656"><Execution id="d22e5b9f-e468-4d47-b39b-8add488f90b1" /><TestMethod codeBase="/home/hannasm/ExpressiveExpressionTreesDotNet/ExpressiveExpressionTrees.Tests/bin/Debug/netcoreapp2.0/ExpressiveExpressionTrees.Tests.dll" adapterTypeName="executor://mstestadapter/v2" className="ExpressiveExpressionTrees.Tests.ExpressionComparerTests.MemberInitVisitorTests" name="Test012" /></UnitTest><UnitTest name="Test003" storage="/home/hannasm/expressiveexpressiontreesdotnet/expressiveexpressiontrees.tests/bin/debug/netcoreapp2.0/expressiveexpressiontrees.tests.dll" id="c58e5e16-457b-5f96-48f2-08ead36ece1c"><Execution id="70e2fc86-86c9-428a-a262-b7081ca58443" /><TestMethod codeBase="/home/hannasm/ExpressiveExpressionTreesDotNet/ExpressiveExpressionTrees.Tests/bin/Debug/netcoreapp2.0/ExpressiveExpressionTrees.Tests.dll" adapterTypeName="executor://mstestadapter/v2" className="ExpressiveExpressionTrees.Tests.ExpressionHasherTests.MemberAccessExpressionHasherTests" name="Test003" /></UnitTest><UnitTest name="Test005" storage="/home/hannasm/expressiveexpressiontreesdotnet/expressiveexpressiontrees.tests/bin/debug/netcoreapp2.0/expressiveexpressiontrees.tests.dll" id="bde7e434-d8cd-aa0b-7050-881c7eb24f70"><Execution id="9487b609-0624-48f1-aae6-48d19287c37e" /><TestMethod codeBase="/home/hannasm/ExpressiveExpressionTreesDotNet/ExpressiveExpressionTrees.Tests/bin/Debug/netcoreapp2.0/ExpressiveExpressionTrees.Tests.dll" adapterTypeName="executor://mstestadapter/v2" className="ExpressiveExpressionTrees.Tests.ExpressionComparerTests.MemberInitVisitorTests" name="Test005" /></UnitTest><UnitTest name="Test006" storage="/home/hannasm/expressiveexpressiontreesdotnet/expressiveexpressiontrees.tests/bin/debug/netcoreapp2.0/expressiveexpressiontrees.tests.dll" id="826d7278-4cb0-54c3-bcb6-4b1c571021fc"><Execution id="d32f9c3d-eaca-48bb-893a-e3b3db4529bd" /><TestMethod codeBase="/home/hannasm/ExpressiveExpressionTreesDotNet/ExpressiveExpressionTrees.Tests/bin/Debug/netcoreapp2.0/ExpressiveExpressionTrees.Tests.dll" adapterTypeName="executor://mstestadapter/v2" className="ExpressiveExpressionTrees.Tests.ExpressionHasherTests.ConstantExpressionHasherTests" name="Test006" /></UnitTest><UnitTest name="Test005" storage="/home/hannasm/expressiveexpressiontreesdotnet/expressiveexpressiontrees.tests/bin/debug/netcoreapp2.0/expressiveexpressiontrees.tests.dll" id="ec2817eb-6da4-4e72-68ee-1d9e441c9cc1"><Execution id="99ec80cf-fd2f-4fb8-a528-50f6c46532d2" /><TestMethod codeBase="/home/hannasm/ExpressiveExpressionTreesDotNet/ExpressiveExpressionTrees.Tests/bin/Debug/netcoreapp2.0/ExpressiveExpressionTrees.Tests.dll" adapterTypeName="executor://mstestadapter/v2" className="ExpressiveExpressionTrees.Tests.ExpressionVisitorTest.GotoVisitorTests" name="Test005" /></UnitTest><UnitTest name="Test013" storage="/home/hannasm/expressiveexpressiontreesdotnet/expressiveexpressiontrees.tests/bin/debug/netcoreapp2.0/expressiveexpressiontrees.tests.dll" id="327a0908-8ca4-b6d5-4a00-79efbbe74700"><Execution id="60cf0727-4396-42a4-9457-d4d4be95670a" /><TestMethod codeBase="/home/hannasm/ExpressiveExpressionTreesDotNet/ExpressiveExpressionTrees.Tests/bin/Debug/netcoreapp2.0/ExpressiveExpressionTrees.Tests.dll" adapterTypeName="executor://mstestadapter/v2" className="ExpressiveExpressionTrees.Tests.ExpressionHasherTests.TryCatchExpressionHasherTests" name="Test013" /></UnitTest><UnitTest name="Test042" storage="/home/hannasm/expressiveexpressiontreesdotnet/expressiveexpressiontrees.tests/bin/debug/netcoreapp2.0/expressiveexpressiontrees.tests.dll" id="aeb74482-7d7e-9f22-9c8c-f8a418fa20dc"><Execution id="2d989c08-93f3-43bd-84ee-62eb73f92f11" /><TestMethod codeBase="/home/hannasm/ExpressiveExpressionTreesDotNet/ExpressiveExpressionTrees.Tests/bin/Debug/netcoreapp2.0/ExpressiveExpressionTrees.Tests.dll" adapterTypeName="executor://mstestadapter/v2" className="ExpressiveExpressionTrees.Tests.ExpressionComparerTests.BindingsExpressionComparerTests" name="Test042" /></UnitTest><UnitTest name="Test009" storage="/home/hannasm/expressiveexpressiontreesdotnet/expressiveexpressiontrees.tests/bin/debug/netcoreapp2.0/expressiveexpressiontrees.tests.dll" id="abbc2151-b923-2266-d2ea-290074403823"><Execution id="f53e576c-3f23-4d06-9419-005d630cafc6" /><TestMethod codeBase="/home/hannasm/ExpressiveExpressionTreesDotNet/ExpressiveExpressionTrees.Tests/bin/Debug/netcoreapp2.0/ExpressiveExpressionTrees.Tests.dll" adapterTypeName="executor://mstestadapter/v2" className="ExpressiveExpressionTrees.Tests.ExpressionReplacerTests.ExpressionReplacerUseCases" name="Test009" /></UnitTest><UnitTest name="Test005" storage="/home/hannasm/expressiveexpressiontreesdotnet/expressiveexpressiontrees.tests/bin/debug/netcoreapp2.0/expressiveexpressiontrees.tests.dll" id="ce18901e-6082-6ff4-cecd-6bbd4188495c"><Execution id="2848f8fa-5a5d-4c8c-a76f-030a8fb2d1af" /><TestMethod codeBase="/home/hannasm/ExpressiveExpressionTreesDotNet/ExpressiveExpressionTrees.Tests/bin/Debug/netcoreapp2.0/ExpressiveExpressionTrees.Tests.dll" adapterTypeName="executor://mstestadapter/v2" className="ExpressiveExpressionTrees.Tests.ExpressionVisitorTest.ConditionalVisitorTests" name="Test005" /></UnitTest><UnitTest name="Test004" storage="/home/hannasm/expressiveexpressiontreesdotnet/expressiveexpressiontrees.tests/bin/debug/netcoreapp2.0/expressiveexpressiontrees.tests.dll" id="93bd387d-a8ae-8b03-8167-3653116c3650"><Execution id="76a08337-3c4e-4170-9f96-34a6223cd819" /><TestMethod codeBase="/home/hannasm/ExpressiveExpressionTreesDotNet/ExpressiveExpressionTrees.Tests/bin/Debug/netcoreapp2.0/ExpressiveExpressionTrees.Tests.dll" adapterTypeName="executor://mstestadapter/v2" className="ExpressiveExpressionTrees.Tests.ExpressionComparerTests.LambdaExpressionComparerTests" name="Test004" /></UnitTest><UnitTest name="Test028" storage="/home/hannasm/expressiveexpressiontreesdotnet/expressiveexpressiontrees.tests/bin/debug/netcoreapp2.0/expressiveexpressiontrees.tests.dll" id="49428186-7bba-b2b4-e635-5f051b45ee37"><Execution id="c89622f7-558d-499d-89f9-fc2d50dd04ab" /><TestMethod codeBase="/home/hannasm/ExpressiveExpressionTreesDotNet/ExpressiveExpressionTrees.Tests/bin/Debug/netcoreapp2.0/ExpressiveExpressionTrees.Tests.dll" adapterTypeName="executor://mstestadapter/v2" className="ExpressiveExpressionTrees.Tests.ExpressionHasherTests.BindingsExpressionHasherTests" name="Test028" /></UnitTest><UnitTest name="Test007" storage="/home/hannasm/expressiveexpressiontreesdotnet/expressiveexpressiontrees.tests/bin/debug/netcoreapp2.0/expressiveexpressiontrees.tests.dll" id="5915bfa7-83f5-992d-4806-5f659e3b03f5"><Execution id="d3cc8262-dc6e-4529-b2b6-d36ad982a1aa" /><TestMethod codeBase="/home/hannasm/ExpressiveExpressionTreesDotNet/ExpressiveExpressionTrees.Tests/bin/Debug/netcoreapp2.0/ExpressiveExpressionTrees.Tests.dll" adapterTypeName="executor://mstestadapter/v2" className="ExpressiveExpressionTrees.Tests.ExpressionHasherTests.ListInitExpressionHasherTests" name="Test007" /></UnitTest><UnitTest name="Test010" storage="/home/hannasm/expressiveexpressiontreesdotnet/expressiveexpressiontrees.tests/bin/debug/netcoreapp2.0/expressiveexpressiontrees.tests.dll" id="f3b70006-0e86-b1cf-0e2b-74f83b98d126"><Execution id="210a3f25-7d5b-4c23-bf22-03eabea50507" /><TestMethod codeBase="/home/hannasm/ExpressiveExpressionTreesDotNet/ExpressiveExpressionTrees.Tests/bin/Debug/netcoreapp2.0/ExpressiveExpressionTrees.Tests.dll" adapterTypeName="executor://mstestadapter/v2" className="ExpressiveExpressionTrees.Tests.ExpressionGeneratorFromActionTests" name="Test010" /></UnitTest><UnitTest name="Test029" storage="/home/hannasm/expressiveexpressiontreesdotnet/expressiveexpressiontrees.tests/bin/debug/netcoreapp2.0/expressiveexpressiontrees.tests.dll" id="c3e8a103-679a-bbaa-1fde-c803b6f3cee8"><Execution id="81ed9a38-0d91-4eec-91b5-ce5fb2d1647e" /><TestMethod codeBase="/home/hannasm/ExpressiveExpressionTreesDotNet/ExpressiveExpressionTrees.Tests/bin/Debug/netcoreapp2.0/ExpressiveExpressionTrees.Tests.dll" adapterTypeName="executor://mstestadapter/v2" className="ExpressiveExpressionTrees.Tests.ExpressionVisitorTest.NewVisitorTests" name="Test029" /></UnitTest><UnitTest name="Test119" storage="/home/hannasm/expressiveexpressiontreesdotnet/expressiveexpressiontrees.tests/bin/debug/netcoreapp2.0/expressiveexpressiontrees.tests.dll" id="3a15b6e3-8f63-266c-83a6-c3f646e4046c"><Execution id="5fab3ed1-b409-42ef-b67a-db02831e5f9a" /><TestMethod codeBase="/home/hannasm/ExpressiveExpressionTreesDotNet/ExpressiveExpressionTrees.Tests/bin/Debug/netcoreapp2.0/ExpressiveExpressionTrees.Tests.dll" adapterTypeName="executor://mstestadapter/v2" className="ExpressiveExpressionTrees.Tests.ExpressionVisitorTest.BinaryVisitorTests" name="Test119" /></UnitTest><UnitTest name="Test009" storage="/home/hannasm/expressiveexpressiontreesdotnet/expressiveexpressiontrees.tests/bin/debug/netcoreapp2.0/expressiveexpressiontrees.tests.dll" id="d5a2e6f2-31a2-263f-f729-3c07e8dd7222"><Execution id="fd7d3e64-fcc0-48f8-8585-212ce0c15de4" /><TestMethod codeBase="/home/hannasm/ExpressiveExpressionTreesDotNet/ExpressiveExpressionTrees.Tests/bin/Debug/netcoreapp2.0/ExpressiveExpressionTrees.Tests.dll" adapterTypeName="executor://mstestadapter/v2" className="ExpressiveExpressionTrees.Tests.ExpressionHasherTests.MemberAccessExpressionHasherTests" name="Test009" /></UnitTest><UnitTest name="Test004" storage="/home/hannasm/expressiveexpressiontreesdotnet/expressiveexpressiontrees.tests/bin/debug/netcoreapp2.0/expressiveexpressiontrees.tests.dll" id="2ec30d4d-3164-2682-469b-d0457ede85b2"><Execution id="8d2287c5-13f2-49ad-98b2-142897627a0d" /><TestMethod codeBase="/home/hannasm/ExpressiveExpressionTreesDotNet/ExpressiveExpressionTrees.Tests/bin/Debug/netcoreapp2.0/ExpressiveExpressionTrees.Tests.dll" adapterTypeName="executor://mstestadapter/v2" className="ExpressiveExpressionTrees.Tests.ExpressionHasherTests.MemberAccessExpressionHasherTests" name="Test004" /></UnitTest><UnitTest name="Test022" storage="/home/hannasm/expressiveexpressiontreesdotnet/expressiveexpressiontrees.tests/bin/debug/netcoreapp2.0/expressiveexpressiontrees.tests.dll" id="48046cea-7a2f-b4b0-8029-45e16648d2af"><Execution id="ab53b91f-7260-408d-90ef-2ecff9884383" /><TestMethod codeBase="/home/hannasm/ExpressiveExpressionTreesDotNet/ExpressiveExpressionTrees.Tests/bin/Debug/netcoreapp2.0/ExpressiveExpressionTrees.Tests.dll" adapterTypeName="executor://mstestadapter/v2" className="ExpressiveExpressionTrees.Tests.ExpressionComparerTests.NewExpressionComparerTests" name="Test022" /></UnitTest><UnitTest name="Test009" storage="/home/hannasm/expressiveexpressiontreesdotnet/expressiveexpressiontrees.tests/bin/debug/netcoreapp2.0/expressiveexpressiontrees.tests.dll" id="2f4290f4-d6f7-a224-912b-8285a4f1c0ce"><Execution id="5e88e469-1352-4b2c-9ce2-a524f21b3494" /><TestMethod codeBase="/home/hannasm/ExpressiveExpressionTreesDotNet/ExpressiveExpressionTrees.Tests/bin/Debug/netcoreapp2.0/ExpressiveExpressionTrees.Tests.dll" adapterTypeName="executor://mstestadapter/v2" className="ExpressiveExpressionTrees.Tests.ExpressionGeneratorFromActionTests" name="Test009" /></UnitTest><UnitTest name="Test048" storage="/home/hannasm/expressiveexpressiontreesdotnet/expressiveexpressiontrees.tests/bin/debug/netcoreapp2.0/expressiveexpressiontrees.tests.dll" id="f9ec368b-e8f3-6e30-50f0-d90c84de394f"><Execution id="0e137650-0dd3-4de0-8b2f-2db5a8df6455" /><TestMethod codeBase="/home/hannasm/ExpressiveExpressionTreesDotNet/ExpressiveExpressionTrees.Tests/bin/Debug/netcoreapp2.0/ExpressiveExpressionTrees.Tests.dll" adapterTypeName="executor://mstestadapter/v2" className="ExpressiveExpressionTrees.Tests.ExpressionVisitorTest.NewVisitorTests" name="Test048" /></UnitTest><UnitTest name="Test015" storage="/home/hannasm/expressiveexpressiontreesdotnet/expressiveexpressiontrees.tests/bin/debug/netcoreapp2.0/expressiveexpressiontrees.tests.dll" id="d33922e6-5228-2939-4028-5264cd9721d6"><Execution id="d60d5ccc-64c7-45e5-95da-f0f11ef71aac" /><TestMethod codeBase="/home/hannasm/ExpressiveExpressionTreesDotNet/ExpressiveExpressionTrees.Tests/bin/Debug/netcoreapp2.0/ExpressiveExpressionTrees.Tests.dll" adapterTypeName="executor://mstestadapter/v2" className="ExpressiveExpressionTrees.Tests.ExpressionVisitorTest.InvokeVisitorTests" name="Test015" /></UnitTest><UnitTest name="Test006" storage="/home/hannasm/expressiveexpressiontreesdotnet/expressiveexpressiontrees.tests/bin/debug/netcoreapp2.0/expressiveexpressiontrees.tests.dll" id="0059b53f-30d6-a695-16d4-8db3fd33c884"><Execution id="035f4081-61e8-44ed-9f1e-2aa81768d45d" /><TestMethod codeBase="/home/hannasm/ExpressiveExpressionTreesDotNet/ExpressiveExpressionTrees.Tests/bin/Debug/netcoreapp2.0/ExpressiveExpressionTrees.Tests.dll" adapterTypeName="executor://mstestadapter/v2" className="ExpressiveExpressionTrees.Tests.ExpressionVisitorTest.ConditionalVisitorTests" name="Test006" /></UnitTest><UnitTest name="Test050" storage="/home/hannasm/expressiveexpressiontreesdotnet/expressiveexpressiontrees.tests/bin/debug/netcoreapp2.0/expressiveexpressiontrees.tests.dll" id="3b9ad436-8d1e-24c9-13f9-51ed6b772521"><Execution id="b5d68fe3-cac9-441c-b3d7-fb40de909f59" /><TestMethod codeBase="/home/hannasm/ExpressiveExpressionTreesDotNet/ExpressiveExpressionTrees.Tests/bin/Debug/netcoreapp2.0/ExpressiveExpressionTrees.Tests.dll" adapterTypeName="executor://mstestadapter/v2" className="ExpressiveExpressionTrees.Tests.ExpressionGeneratorTests" name="Test050" /></UnitTest><UnitTest name="Test002" storage="/home/hannasm/expressiveexpressiontreesdotnet/expressiveexpressiontrees.tests/bin/debug/netcoreapp2.0/expressiveexpressiontrees.tests.dll" id="8d5b5193-7d0f-e835-af4d-602f81fe9fe6"><Execution id="e002b558-a556-4149-9c33-060e2cb621a4" /><TestMethod codeBase="/home/hannasm/ExpressiveExpressionTreesDotNet/ExpressiveExpressionTrees.Tests/bin/Debug/netcoreapp2.0/ExpressiveExpressionTrees.Tests.dll" adapterTypeName="executor://mstestadapter/v2" className="ExpressiveExpressionTrees.Tests.ExpressionHasherTests.ConditionalExpressionHasherTests" name="Test002" /></UnitTest><UnitTest name="Test046" storage="/home/hannasm/expressiveexpressiontreesdotnet/expressiveexpressiontrees.tests/bin/debug/netcoreapp2.0/expressiveexpressiontrees.tests.dll" id="dcb0f848-4273-786b-c5eb-92af9c7ae4af"><Execution id="b206fe23-b8ba-46c4-a7a2-be43fcf8da4a" /><TestMethod codeBase="/home/hannasm/ExpressiveExpressionTreesDotNet/ExpressiveExpressionTrees.Tests/bin/Debug/netcoreapp2.0/ExpressiveExpressionTrees.Tests.dll" adapterTypeName="executor://mstestadapter/v2" className="ExpressiveExpressionTrees.Tests.ExpressionHasherTests.BindingsExpressionHasherTests" name="Test046" /></UnitTest><UnitTest name="Test003" storage="/home/hannasm/expressiveexpressiontreesdotnet/expressiveexpressiontrees.tests/bin/debug/netcoreapp2.0/expressiveexpressiontrees.tests.dll" id="64159564-0dad-57f1-1fbf-25333b4dacbe"><Execution id="ba60a204-4b5f-45f4-9876-d1b585f7fda8" /><TestMethod codeBase="/home/hannasm/ExpressiveExpressionTreesDotNet/ExpressiveExpressionTrees.Tests/bin/Debug/netcoreapp2.0/ExpressiveExpressionTrees.Tests.dll" adapterTypeName="executor://mstestadapter/v2" className="ExpressiveExpressionTrees.Tests.ExpressionGeneratorMakeBinaryTests" name="Test003" /></UnitTest><UnitTest name="Test008" storage="/home/hannasm/expressiveexpressiontreesdotnet/expressiveexpressiontrees.tests/bin/debug/netcoreapp2.0/expressiveexpressiontrees.tests.dll" id="282765d6-19b2-5603-18eb-fe4892f9acc8"><Execution id="6d084a06-2223-400b-9ec6-2352ee20ed6b" /><TestMethod codeBase="/home/hannasm/ExpressiveExpressionTreesDotNet/ExpressiveExpressionTrees.Tests/bin/Debug/netcoreapp2.0/ExpressiveExpressionTrees.Tests.dll" adapterTypeName="executor://mstestadapter/v2" className="ExpressiveExpressionTrees.Tests.ExpressionVisitorTest.NewVisitorTests" name="Test008" /></UnitTest><UnitTest name="Test029" storage="/home/hannasm/expressiveexpressiontreesdotnet/expressiveexpressiontrees.tests/bin/debug/netcoreapp2.0/expressiveexpressiontrees.tests.dll" id="4d06490f-20be-42a5-491a-6751afaa06fb"><Execution id="01b55e74-63b9-4ac9-b9e5-ae46addf1f17" /><TestMethod codeBase="/home/hannasm/ExpressiveExpressionTreesDotNet/ExpressiveExpressionTrees.Tests/bin/Debug/netcoreapp2.0/ExpressiveExpressionTrees.Tests.dll" adapterTypeName="executor://mstestadapter/v2" className="ExpressiveExpressionTrees.Tests.ExpressionGeneratorTests" name="Test029" /></UnitTest><UnitTest name="Test044" storage="/home/hannasm/expressiveexpressiontreesdotnet/expressiveexpressiontrees.tests/bin/debug/netcoreapp2.0/expressiveexpressiontrees.tests.dll" id="3b72efa0-e4ce-9ade-8154-54cdc3ed8633"><Execution id="28c9054b-ebeb-4a7a-a4e3-6617e975896a" /><TestMethod codeBase="/home/hannasm/ExpressiveExpressionTreesDotNet/ExpressiveExpressionTrees.Tests/bin/Debug/netcoreapp2.0/ExpressiveExpressionTrees.Tests.dll" adapterTypeName="executor://mstestadapter/v2" className="ExpressiveExpressionTrees.Tests.ExpressionComparerTests.BindingsExpressionComparerTests" name="Test044" /></UnitTest><UnitTest name="Test005" storage="/home/hannasm/expressiveexpressiontreesdotnet/expressiveexpressiontrees.tests/bin/debug/netcoreapp2.0/expressiveexpressiontrees.tests.dll" id="46b034d2-60b6-1a6c-a9fd-c2d59bb5e944"><Execution id="4e6d3092-7e64-4660-9f58-3b9ef061f718" /><TestMethod codeBase="/home/hannasm/ExpressiveExpressionTreesDotNet/ExpressiveExpressionTrees.Tests/bin/Debug/netcoreapp2.0/ExpressiveExpressionTrees.Tests.dll" adapterTypeName="executor://mstestadapter/v2" className="ExpressiveExpressionTrees.Tests.ExpressionVisitorTest.BinaryVisitorTests" name="Test005" /></UnitTest><UnitTest name="Test006" storage="/home/hannasm/expressiveexpressiontreesdotnet/expressiveexpressiontrees.tests/bin/debug/netcoreapp2.0/expressiveexpressiontrees.tests.dll" id="0657f84e-94d7-bfc3-0148-b071944c49dc"><Execution id="47e19bbc-75d6-4cf5-b683-d3bc284e13c6" /><TestMethod codeBase="/home/hannasm/ExpressiveExpressionTreesDotNet/ExpressiveExpressionTrees.Tests/bin/Debug/netcoreapp2.0/ExpressiveExpressionTrees.Tests.dll" adapterTypeName="executor://mstestadapter/v2" className="ExpressiveExpressionTrees.Tests.ExpressionVisitorTest.UnaryVisitorTests" name="Test006" /></UnitTest><UnitTest name="Test020" storage="/home/hannasm/expressiveexpressiontreesdotnet/expressiveexpressiontrees.tests/bin/debug/netcoreapp2.0/expressiveexpressiontrees.tests.dll" id="c6aaff9a-436a-41c8-c3b6-ee3f6da211f8"><Execution id="26dff32a-9fca-45aa-978f-624c1c4dbec3" /><TestMethod codeBase="/home/hannasm/ExpressiveExpressionTreesDotNet/ExpressiveExpressionTrees.Tests/bin/Debug/netcoreapp2.0/ExpressiveExpressionTrees.Tests.dll" adapterTypeName="executor://mstestadapter/v2" className="ExpressiveExpressionTrees.Tests.ExpressionVisitorTest.NewArrayVisitorTests" name="Test020" /></UnitTest><UnitTest name="Test015" storage="/home/hannasm/expressiveexpressiontreesdotnet/expressiveexpressiontrees.tests/bin/debug/netcoreapp2.0/expressiveexpressiontrees.tests.dll" id="ec55ff39-f4ae-dfc2-34dc-c8edd08dbe27"><Execution id="b74e69e6-145b-4b71-b3e9-91a06d258d29" /><TestMethod codeBase="/home/hannasm/ExpressiveExpressionTreesDotNet/ExpressiveExpressionTrees.Tests/bin/Debug/netcoreapp2.0/ExpressiveExpressionTrees.Tests.dll" adapterTypeName="executor://mstestadapter/v2" className="ExpressiveExpressionTrees.Tests.ExpressionHasherTests.MethodCallExpressionHasherTests" name="Test015" /></UnitTest><UnitTest name="Test027" storage="/home/hannasm/expressiveexpressiontreesdotnet/expressiveexpressiontrees.tests/bin/debug/netcoreapp2.0/expressiveexpressiontrees.tests.dll" id="31dd7e78-aca1-93ca-3efa-c60eed75bd5a"><Execution id="d819d840-ef41-4adf-9b31-f129a8ef13f5" /><TestMethod codeBase="/home/hannasm/ExpressiveExpressionTreesDotNet/ExpressiveExpressionTrees.Tests/bin/Debug/netcoreapp2.0/ExpressiveExpressionTrees.Tests.dll" adapterTypeName="executor://mstestadapter/v2" className="ExpressiveExpressionTrees.Tests.ExpressionComparerTests.ListInitExpressionComparerTests" name="Test027" /></UnitTest><UnitTest name="Test053" storage="/home/hannasm/expressiveexpressiontreesdotnet/expressiveexpressiontrees.tests/bin/debug/netcoreapp2.0/expressiveexpressiontrees.tests.dll" id="e2065263-c5f5-65d7-c40f-9df2d107c98b"><Execution id="244c4ff5-ef4b-446e-a140-a646d8b87157" /><TestMethod codeBase="/home/hannasm/ExpressiveExpressionTreesDotNet/ExpressiveExpressionTrees.Tests/bin/Debug/netcoreapp2.0/ExpressiveExpressionTrees.Tests.dll" adapterTypeName="executor://mstestadapter/v2" className="ExpressiveExpressionTrees.Tests.ExpressionComparerTests.BindingsExpressionComparerTests" name="Test053" /></UnitTest><UnitTest name="Test001" storage="/home/hannasm/expressiveexpressiontreesdotnet/expressiveexpressiontrees.tests/bin/debug/netcoreapp2.0/expressiveexpressiontrees.tests.dll" id="d1fbc04a-dafa-e029-00e3-c5b03c0a8487"><Execution id="31a031aa-5ddf-4ee4-a254-0061e76a08e3" /><TestMethod codeBase="/home/hannasm/ExpressiveExpressionTreesDotNet/ExpressiveExpressionTrees.Tests/bin/Debug/netcoreapp2.0/ExpressiveExpressionTrees.Tests.dll" adapterTypeName="executor://mstestadapter/v2" className="ExpressiveExpressionTrees.Tests.ExpressionHasherTests.TypeBinaryExpressionHasherTests" name="Test001" /></UnitTest><UnitTest name="Test008" storage="/home/hannasm/expressiveexpressiontreesdotnet/expressiveexpressiontrees.tests/bin/debug/netcoreapp2.0/expressiveexpressiontrees.tests.dll" id="8ee5a63b-49df-0934-0c4f-f4edf2c3cfe2"><Execution id="e116fc85-21be-4722-a621-dc22940a038a" /><TestMethod codeBase="/home/hannasm/ExpressiveExpressionTreesDotNet/ExpressiveExpressionTrees.Tests/bin/Debug/netcoreapp2.0/ExpressiveExpressionTrees.Tests.dll" adapterTypeName="executor://mstestadapter/v2" className="ExpressiveExpressionTrees.Tests.ExpressionReplacerTests.ExpressionReplacerUseCases" name="Test008" /></UnitTest><UnitTest name="Test019" storage="/home/hannasm/expressiveexpressiontreesdotnet/expressiveexpressiontrees.tests/bin/debug/netcoreapp2.0/expressiveexpressiontrees.tests.dll" id="c3722685-3b92-0501-8835-0fa5189dfff4"><Execution id="306dca8b-50e5-4709-8198-fda28503093b" /><TestMethod codeBase="/home/hannasm/ExpressiveExpressionTreesDotNet/ExpressiveExpressionTrees.Tests/bin/Debug/netcoreapp2.0/ExpressiveExpressionTrees.Tests.dll" adapterTypeName="executor://mstestadapter/v2" className="ExpressiveExpressionTrees.Tests.ExpressionComparerTests.BindingsExpressionComparerTests" name="Test019" /></UnitTest><UnitTest name="Test014" storage="/home/hannasm/expressiveexpressiontreesdotnet/expressiveexpressiontrees.tests/bin/debug/netcoreapp2.0/expressiveexpressiontrees.tests.dll" id="ea635aab-65dc-ef56-3cad-a07e8cd2cafc"><Execution id="45f21705-d960-45fe-a7bf-0aaacd3b783b" /><TestMethod codeBase="/home/hannasm/ExpressiveExpressionTreesDotNet/ExpressiveExpressionTrees.Tests/bin/Debug/netcoreapp2.0/ExpressiveExpressionTrees.Tests.dll" adapterTypeName="executor://mstestadapter/v2" className="ExpressiveExpressionTrees.Tests.ExpressionHasherTests.BinaryExpressionHasherTests" name="Test014" /></UnitTest><UnitTest name="Test009" storage="/home/hannasm/expressiveexpressiontreesdotnet/expressiveexpressiontrees.tests/bin/debug/netcoreapp2.0/expressiveexpressiontrees.tests.dll" id="c513e0ce-508d-ee62-6ae7-5e839406e1dc"><Execution id="d19aa519-2499-4f45-a934-2016c85e5c3f" /><TestMethod codeBase="/home/hannasm/ExpressiveExpressionTreesDotNet/ExpressiveExpressionTrees.Tests/bin/Debug/netcoreapp2.0/ExpressiveExpressionTrees.Tests.dll" adapterTypeName="executor://mstestadapter/v2" className="ExpressiveExpressionTrees.Tests.ExpressionHasherTests.UnaryExpressionHasherTests" name="Test009" /></UnitTest><UnitTest name="Test210" storage="/home/hannasm/expressiveexpressiontreesdotnet/expressiveexpressiontrees.tests/bin/debug/netcoreapp2.0/expressiveexpressiontrees.tests.dll" id="d7bbea83-5c0b-2541-a1b4-cf92e66331c5"><Execution id="d84847bc-f4bd-45b8-aa33-1b3cbda1035e" /><TestMethod codeBase="/home/hannasm/ExpressiveExpressionTreesDotNet/ExpressiveExpressionTrees.Tests/bin/Debug/netcoreapp2.0/ExpressiveExpressionTrees.Tests.dll" adapterTypeName="executor://mstestadapter/v2" className="ExpressiveExpressionTrees.Tests.ExpressionVisitorTest.BinaryVisitorTests" name="Test210" /></UnitTest><UnitTest name="Test045" storage="/home/hannasm/expressiveexpressiontreesdotnet/expressiveexpressiontrees.tests/bin/debug/netcoreapp2.0/expressiveexpressiontrees.tests.dll" id="cabe1b72-933f-3afb-c7dc-6acafe6ab54d"><Execution id="d1a4bdd9-5b24-447f-b262-0918489857b1" /><TestMethod codeBase="/home/hannasm/ExpressiveExpressionTreesDotNet/ExpressiveExpressionTrees.Tests/bin/Debug/netcoreapp2.0/ExpressiveExpressionTrees.Tests.dll" adapterTypeName="executor://mstestadapter/v2" className="ExpressiveExpressionTrees.Tests.ExpressionHasherTests.BindingsExpressionHasherTests" name="Test045" /></UnitTest><UnitTest name="Test009" storage="/home/hannasm/expressiveexpressiontreesdotnet/expressiveexpressiontrees.tests/bin/debug/netcoreapp2.0/expressiveexpressiontrees.tests.dll" id="c96a8d75-cc27-b1c2-f139-e4ea63e0f438"><Execution id="e3326cba-4239-4352-8cea-ab7edbcac05a" /><TestMethod codeBase="/home/hannasm/ExpressiveExpressionTreesDotNet/ExpressiveExpressionTrees.Tests/bin/Debug/netcoreapp2.0/ExpressiveExpressionTrees.Tests.dll" adapterTypeName="executor://mstestadapter/v2" className="ExpressiveExpressionTrees.Tests.ExpressionGeneratorTests" name="Test009" /></UnitTest><UnitTest name="Test203" storage="/home/hannasm/expressiveexpressiontreesdotnet/expressiveexpressiontrees.tests/bin/debug/netcoreapp2.0/expressiveexpressiontrees.tests.dll" id="6830d58c-7a06-b21f-1f17-4b4e8f27151c"><Execution id="17799070-16df-4603-9108-b51573f4546b" /><TestMethod codeBase="/home/hannasm/ExpressiveExpressionTreesDotNet/ExpressiveExpressionTrees.Tests/bin/Debug/netcoreapp2.0/ExpressiveExpressionTrees.Tests.dll" adapterTypeName="executor://mstestadapter/v2" className="ExpressiveExpressionTrees.Tests.ExpressionVisitorTest.BinaryVisitorTests" name="Test203" /></UnitTest><UnitTest name="Test011" storage="/home/hannasm/expressiveexpressiontreesdotnet/expressiveexpressiontrees.tests/bin/debug/netcoreapp2.0/expressiveexpressiontrees.tests.dll" id="05d11799-adf3-06a4-2655-f45aa43dfd31"><Execution id="ca5a4eee-f8ea-4b19-9418-7ccb2e47baf8" /><TestMethod codeBase="/home/hannasm/ExpressiveExpressionTreesDotNet/ExpressiveExpressionTrees.Tests/bin/Debug/netcoreapp2.0/ExpressiveExpressionTrees.Tests.dll" adapterTypeName="executor://mstestadapter/v2" className="ExpressiveExpressionTrees.Tests.ExpressionVisitorTest.BlockVisitorTests" name="Test011" /></UnitTest><UnitTest name="Test016" storage="/home/hannasm/expressiveexpressiontreesdotnet/expressiveexpressiontrees.tests/bin/debug/netcoreapp2.0/expressiveexpressiontrees.tests.dll" id="24a33573-fe54-607a-dc3b-06bc87d27953"><Execution id="aafc4db4-82bb-4ad1-9fe6-d5422f5f01fc" /><TestMethod codeBase="/home/hannasm/ExpressiveExpressionTreesDotNet/ExpressiveExpressionTrees.Tests/bin/Debug/netcoreapp2.0/ExpressiveExpressionTrees.Tests.dll" adapterTypeName="executor://mstestadapter/v2" className="ExpressiveExpressionTrees.Tests.ExpressionVisitorTest.InvokeVisitorTests" name="Test016" /></UnitTest><UnitTest name="Test113" storage="/home/hannasm/expressiveexpressiontreesdotnet/expressiveexpressiontrees.tests/bin/debug/netcoreapp2.0/expressiveexpressiontrees.tests.dll" id="eed122f0-f6ca-86fc-6641-63a4b3a48820"><Execution id="f1651296-801e-4e2f-bb14-079c3caefd61" /><TestMethod codeBase="/home/hannasm/ExpressiveExpressionTreesDotNet/ExpressiveExpressionTrees.Tests/bin/Debug/netcoreapp2.0/ExpressiveExpressionTrees.Tests.dll" adapterTypeName="executor://mstestadapter/v2" className="ExpressiveExpressionTrees.Tests.ExpressionVisitorTest.BinaryVisitorTests" name="Test113" /></UnitTest><UnitTest name="Test045" storage="/home/hannasm/expressiveexpressiontreesdotnet/expressiveexpressiontrees.tests/bin/debug/netcoreapp2.0/expressiveexpressiontrees.tests.dll" id="cfdcb8c8-8429-faf0-3f04-ddaa6d3bdd11"><Execution id="5173c2f9-c225-4707-ba7e-93e9bd3eb914" /><TestMethod codeBase="/home/hannasm/ExpressiveExpressionTreesDotNet/ExpressiveExpressionTrees.Tests/bin/Debug/netcoreapp2.0/ExpressiveExpressionTrees.Tests.dll" adapterTypeName="executor://mstestadapter/v2" className="ExpressiveExpressionTrees.Tests.ExpressionComparerTests.BindingsExpressionComparerTests" name="Test045" /></UnitTest><UnitTest name="Test003" storage="/home/hannasm/expressiveexpressiontreesdotnet/expressiveexpressiontrees.tests/bin/debug/netcoreapp2.0/expressiveexpressiontrees.tests.dll" id="4c404c1a-abd5-9cdf-7e4b-13734234be26"><Execution id="306f0929-d9d8-4a06-a7eb-49366514e67f" /><TestMethod codeBase="/home/hannasm/ExpressiveExpressionTreesDotNet/ExpressiveExpressionTrees.Tests/bin/Debug/netcoreapp2.0/ExpressiveExpressionTrees.Tests.dll" adapterTypeName="executor://mstestadapter/v2" className="ExpressiveExpressionTrees.Tests.ExpressionVisitorTest.NewVisitorTests" name="Test003" /></UnitTest><UnitTest name="Test030" storage="/home/hannasm/expressiveexpressiontreesdotnet/expressiveexpressiontrees.tests/bin/debug/netcoreapp2.0/expressiveexpressiontrees.tests.dll" id="b91410be-9a4e-f05c-ea7a-e8ec7d218060"><Execution id="7dc92d7f-6107-4685-8885-5e22f41e01f4" /><TestMethod codeBase="/home/hannasm/ExpressiveExpressionTreesDotNet/ExpressiveExpressionTrees.Tests/bin/Debug/netcoreapp2.0/ExpressiveExpressionTrees.Tests.dll" adapterTypeName="executor://mstestadapter/v2" className="ExpressiveExpressionTrees.Tests.ExpressionComparerTests.BindingsExpressionComparerTests" name="Test030" /></UnitTest><UnitTest name="Test049" storage="/home/hannasm/expressiveexpressiontreesdotnet/expressiveexpressiontrees.tests/bin/debug/netcoreapp2.0/expressiveexpressiontrees.tests.dll" id="43881b9e-6792-93ad-5dd6-39c45000b0a9"><Execution id="ae4a9d2e-249f-47cc-878c-4c5299453732" /><TestMethod codeBase="/home/hannasm/ExpressiveExpressionTreesDotNet/ExpressiveExpressionTrees.Tests/bin/Debug/netcoreapp2.0/ExpressiveExpressionTrees.Tests.dll" adapterTypeName="executor://mstestadapter/v2" className="ExpressiveExpressionTrees.Tests.ExpressionHasherTests.BindingsExpressionHasherTests" name="Test049" /></UnitTest><UnitTest name="Test010" storage="/home/hannasm/expressiveexpressiontreesdotnet/expressiveexpressiontrees.tests/bin/debug/netcoreapp2.0/expressiveexpressiontrees.tests.dll" id="8f8dad22-43eb-cdd5-e853-f15522c9cb53"><Execution id="626b0aa3-cc3d-49ad-b34a-bfee4e89b359" /><TestMethod codeBase="/home/hannasm/ExpressiveExpressionTreesDotNet/ExpressiveExpressionTrees.Tests/bin/Debug/netcoreapp2.0/ExpressiveExpressionTrees.Tests.dll" adapterTypeName="executor://mstestadapter/v2" className="ExpressiveExpressionTrees.Tests.ExpressionComparerTests.NewArrayExpressionComparerTests" name="Test010" /></UnitTest><UnitTest name="Test017" storage="/home/hannasm/expressiveexpressiontreesdotnet/expressiveexpressiontrees.tests/bin/debug/netcoreapp2.0/expressiveexpressiontrees.tests.dll" id="f0e5b0dd-8f12-0b30-7145-d729f4b90ac2"><Execution id="8a96dc3e-a5b4-405c-9370-ac682c2fd2ce" /><TestMethod codeBase="/home/hannasm/ExpressiveExpressionTreesDotNet/ExpressiveExpressionTrees.Tests/bin/Debug/netcoreapp2.0/ExpressiveExpressionTrees.Tests.dll" adapterTypeName="executor://mstestadapter/v2" className="ExpressiveExpressionTrees.Tests.ExpressionComparerTests.ListInitExpressionComparerTests" name="Test017" /></UnitTest><UnitTest name="Test007" storage="/home/hannasm/expressiveexpressiontreesdotnet/expressiveexpressiontrees.tests/bin/debug/netcoreapp2.0/expressiveexpressiontrees.tests.dll" id="ba347419-d964-d8ce-6d46-ebc6e406c812"><Execution id="c4ab5ce5-f126-466b-a853-2f4f744f5116" /><TestMethod codeBase="/home/hannasm/ExpressiveExpressionTreesDotNet/ExpressiveExpressionTrees.Tests/bin/Debug/netcoreapp2.0/ExpressiveExpressionTrees.Tests.dll" adapterTypeName="executor://mstestadapter/v2" className="ExpressiveExpressionTrees.Tests.ExpressionHasherTests.UnaryExpressionHasherTests" name="Test007" /></UnitTest><UnitTest name="Test028" storage="/home/hannasm/expressiveexpressiontreesdotnet/expressiveexpressiontrees.tests/bin/debug/netcoreapp2.0/expressiveexpressiontrees.tests.dll" id="a5592627-9848-4e83-a27a-ea7344804c17"><Execution id="69cd7384-8ecf-4fe2-bfad-94a41f9ab968" /><TestMethod codeBase="/home/hannasm/ExpressiveExpressionTreesDotNet/ExpressiveExpressionTrees.Tests/bin/Debug/netcoreapp2.0/ExpressiveExpressionTrees.Tests.dll" adapterTypeName="executor://mstestadapter/v2" className="ExpressiveExpressionTrees.Tests.ExpressionGeneratorFromFuncTests" name="Test028" /></UnitTest><UnitTest name="Test001" storage="/home/hannasm/expressiveexpressiontreesdotnet/expressiveexpressiontrees.tests/bin/debug/netcoreapp2.0/expressiveexpressiontrees.tests.dll" id="6d8feea5-4c6f-ad58-8736-af332743959b"><Execution id="cd8d33a8-fcca-4a19-b01b-88ad9232e311" /><TestMethod codeBase="/home/hannasm/ExpressiveExpressionTreesDotNet/ExpressiveExpressionTrees.Tests/bin/Debug/netcoreapp2.0/ExpressiveExpressionTrees.Tests.dll" adapterTypeName="executor://mstestadapter/v2" className="ExpressiveExpressionTrees.Tests.ExpressionHasherTests.ConditionalExpressionHasherTests" name="Test001" /></UnitTest><UnitTest name="Test018" storage="/home/hannasm/expressiveexpressiontreesdotnet/expressiveexpressiontrees.tests/bin/debug/netcoreapp2.0/expressiveexpressiontrees.tests.dll" id="74830765-7e88-6c15-29fc-a6c0b946797a"><Execution id="97d33273-eb82-4c5a-a060-a1e4424ee243" /><TestMethod codeBase="/home/hannasm/ExpressiveExpressionTreesDotNet/ExpressiveExpressionTrees.Tests/bin/Debug/netcoreapp2.0/ExpressiveExpressionTrees.Tests.dll" adapterTypeName="executor://mstestadapter/v2" className="ExpressiveExpressionTrees.Tests.ExpressionVisitorTest.ListInitVisitorTests" name="Test018" /></UnitTest><UnitTest name="Test017" storage="/home/hannasm/expressiveexpressiontreesdotnet/expressiveexpressiontrees.tests/bin/debug/netcoreapp2.0/expressiveexpressiontrees.tests.dll" id="8bf0dc94-3850-63e2-4dd3-c25f90b2f8fd"><Execution id="1a68e727-0f85-4ff8-9315-6a9d3e99417d" /><TestMethod codeBase="/home/hannasm/ExpressiveExpressionTreesDotNet/ExpressiveExpressionTrees.Tests/bin/Debug/netcoreapp2.0/ExpressiveExpressionTrees.Tests.dll" adapterTypeName="executor://mstestadapter/v2" className="ExpressiveExpressionTrees.Tests.ExpressionVisitorTest.UnaryVisitorTests" name="Test017" /></UnitTest><UnitTest name="Test004" storage="/home/hannasm/expressiveexpressiontreesdotnet/expressiveexpressiontrees.tests/bin/debug/netcoreapp2.0/expressiveexpressiontrees.tests.dll" id="79fe595b-445a-37de-58b7-4e113f0b9359"><Execution id="59acba37-3b55-4d18-af6b-43e12b40524a" /><TestMethod codeBase="/home/hannasm/ExpressiveExpressionTreesDotNet/ExpressiveExpressionTrees.Tests/bin/Debug/netcoreapp2.0/ExpressiveExpressionTrees.Tests.dll" adapterTypeName="executor://mstestadapter/v2" className="ExpressiveExpressionTrees.Tests.ExpressionComparerTests.MemberInitVisitorTests" name="Test004" /></UnitTest><UnitTest name="Test002" storage="/home/hannasm/expressiveexpressiontreesdotnet/expressiveexpressiontrees.tests/bin/debug/netcoreapp2.0/expressiveexpressiontrees.tests.dll" id="197b08dc-3998-42e4-6d08-0b1ce5d19dbc"><Execution id="54193914-5e22-4608-b379-5b4deb0c2529" /><TestMethod codeBase="/home/hannasm/ExpressiveExpressionTreesDotNet/ExpressiveExpressionTrees.Tests/bin/Debug/netcoreapp2.0/ExpressiveExpressionTrees.Tests.dll" adapterTypeName="executor://mstestadapter/v2" className="ExpressiveExpressionTrees.Tests.ExpressionComparerTests.DefaultExpressionComparerTests" name="Test002" /></UnitTest><UnitTest name="Test007" storage="/home/hannasm/expressiveexpressiontreesdotnet/expressiveexpressiontrees.tests/bin/debug/netcoreapp2.0/expressiveexpressiontrees.tests.dll" id="9f16faa7-789c-6072-860d-4dbf992a264d"><Execution id="7e3a8fd0-3190-4d3e-bfc3-7f7e3506c038" /><TestMethod codeBase="/home/hannasm/ExpressiveExpressionTreesDotNet/ExpressiveExpressionTrees.Tests/bin/Debug/netcoreapp2.0/ExpressiveExpressionTrees.Tests.dll" adapterTypeName="executor://mstestadapter/v2" className="ExpressiveExpressionTrees.Tests.ExpressionReaderTests" name="Test007" /></UnitTest><UnitTest name="Test008" storage="/home/hannasm/expressiveexpressiontreesdotnet/expressiveexpressiontrees.tests/bin/debug/netcoreapp2.0/expressiveexpressiontrees.tests.dll" id="9c10be56-d206-5255-3efb-2d4b5d795b59"><Execution id="4948a58c-bec2-4f5b-875d-6721fed1f828" /><TestMethod codeBase="/home/hannasm/ExpressiveExpressionTreesDotNet/ExpressiveExpressionTrees.Tests/bin/Debug/netcoreapp2.0/ExpressiveExpressionTrees.Tests.dll" adapterTypeName="executor://mstestadapter/v2" className="ExpressiveExpressionTrees.Tests.ExpressionComparerTests.BindingsExpressionComparerTests" name="Test008" /></UnitTest><UnitTest name="Test033" storage="/home/hannasm/expressiveexpressiontreesdotnet/expressiveexpressiontrees.tests/bin/debug/netcoreapp2.0/expressiveexpressiontrees.tests.dll" id="1a6125c1-3cdd-6258-3fbd-b9f2fa484cb4"><Execution id="44d7730c-1ab1-4a67-ba5c-b706d4fe38b7" /><TestMethod codeBase="/home/hannasm/ExpressiveExpressionTreesDotNet/ExpressiveExpressionTrees.Tests/bin/Debug/netcoreapp2.0/ExpressiveExpressionTrees.Tests.dll" adapterTypeName="executor://mstestadapter/v2" className="ExpressiveExpressionTrees.Tests.ExpressionVisitorTest.UnaryVisitorTests" name="Test033" /></UnitTest><UnitTest name="Test002" storage="/home/hannasm/expressiveexpressiontreesdotnet/expressiveexpressiontrees.tests/bin/debug/netcoreapp2.0/expressiveexpressiontrees.tests.dll" id="7a003be8-8f9f-a498-c574-a222b0de6e79"><Execution id="7447f3f1-7930-40b5-b0bc-0e090fd01925" /><TestMethod codeBase="/home/hannasm/ExpressiveExpressionTreesDotNet/ExpressiveExpressionTrees.Tests/bin/Debug/netcoreapp2.0/ExpressiveExpressionTrees.Tests.dll" adapterTypeName="executor://mstestadapter/v2" className="ExpressiveExpressionTrees.Tests.ExpressionVisitorTest.MethodCallVisitorTests" name="Test002" /></UnitTest><UnitTest name="Test027" storage="/home/hannasm/expressiveexpressiontreesdotnet/expressiveexpressiontrees.tests/bin/debug/netcoreapp2.0/expressiveexpressiontrees.tests.dll" id="821dd070-bc16-6973-eec2-69fd7d047138"><Execution id="00f22bce-7ee0-4e6c-adaf-626f1df7a09a" /><TestMethod codeBase="/home/hannasm/ExpressiveExpressionTreesDotNet/ExpressiveExpressionTrees.Tests/bin/Debug/netcoreapp2.0/ExpressiveExpressionTrees.Tests.dll" adapterTypeName="executor://mstestadapter/v2" className="ExpressiveExpressionTrees.Tests.ExpressionComparerTests.BindingsExpressionComparerTests" name="Test027" /></UnitTest><UnitTest name="Test002" storage="/home/hannasm/expressiveexpressiontreesdotnet/expressiveexpressiontrees.tests/bin/debug/netcoreapp2.0/expressiveexpressiontrees.tests.dll" id="97f974ca-e170-f7fa-6054-0e372a642d9a"><Execution id="b02706b3-6158-498c-895f-5ab01665851d" /><TestMethod codeBase="/home/hannasm/ExpressiveExpressionTreesDotNet/ExpressiveExpressionTrees.Tests/bin/Debug/netcoreapp2.0/ExpressiveExpressionTrees.Tests.dll" adapterTypeName="executor://mstestadapter/v2" className="ExpressiveExpressionTrees.Tests.ExpressionHasherTests.DefaultExpressionHasherTests" name="Test002" /></UnitTest><UnitTest name="Test010" storage="/home/hannasm/expressiveexpressiontreesdotnet/expressiveexpressiontrees.tests/bin/debug/netcoreapp2.0/expressiveexpressiontrees.tests.dll" id="295cfe5e-4410-5bd4-7b32-8e5aa7f59b40"><Execution id="2555e738-5d10-4862-a023-d5749692e93b" /><TestMethod codeBase="/home/hannasm/ExpressiveExpressionTreesDotNet/ExpressiveExpressionTrees.Tests/bin/Debug/netcoreapp2.0/ExpressiveExpressionTrees.Tests.dll" adapterTypeName="executor://mstestadapter/v2" className="ExpressiveExpressionTrees.Tests.ExpressionGeneratorFromFuncTests" name="Test010" /></UnitTest><UnitTest name="Test051" storage="/home/hannasm/expressiveexpressiontreesdotnet/expressiveexpressiontrees.tests/bin/debug/netcoreapp2.0/expressiveexpressiontrees.tests.dll" id="cbc17db2-0ac3-571f-80c5-7a86635ef5d8"><Execution id="12ce7c33-73f9-4f59-a785-b5e9dce5c0c4" /><TestMethod codeBase="/home/hannasm/ExpressiveExpressionTreesDotNet/ExpressiveExpressionTrees.Tests/bin/Debug/netcoreapp2.0/ExpressiveExpressionTrees.Tests.dll" adapterTypeName="executor://mstestadapter/v2" className="ExpressiveExpressionTrees.Tests.ExpressionHasherTests.BindingsExpressionHasherTests" name="Test051" /></UnitTest><UnitTest name="Test102" storage="/home/hannasm/expressiveexpressiontreesdotnet/expressiveexpressiontrees.tests/bin/debug/netcoreapp2.0/expressiveexpressiontrees.tests.dll" id="1a15487a-ffbb-b557-5c32-7887c894e109"><Execution id="820e2540-db42-49b3-aaf5-c35fed0f5c66" /><TestMethod codeBase="/home/hannasm/ExpressiveExpressionTreesDotNet/ExpressiveExpressionTrees.Tests/bin/Debug/netcoreapp2.0/ExpressiveExpressionTrees.Tests.dll" adapterTypeName="executor://mstestadapter/v2" className="ExpressiveExpressionTrees.Tests.ExpressionVisitorTest.BinaryVisitorTests" name="Test102" /></UnitTest><UnitTest name="Test012" storage="/home/hannasm/expressiveexpressiontreesdotnet/expressiveexpressiontrees.tests/bin/debug/netcoreapp2.0/expressiveexpressiontrees.tests.dll" id="bb6109e7-ad79-ebfe-a051-823a1bfbc8bd"><Execution id="b6f3865e-740d-45ff-a247-5143b6b039f0" /><TestMethod codeBase="/home/hannasm/ExpressiveExpressionTreesDotNet/ExpressiveExpressionTrees.Tests/bin/Debug/netcoreapp2.0/ExpressiveExpressionTrees.Tests.dll" adapterTypeName="executor://mstestadapter/v2" className="ExpressiveExpressionTrees.Tests.ExpressionVisitorTest.BinaryVisitorTests" name="Test012" /></UnitTest><UnitTest name="Test036" storage="/home/hannasm/expressiveexpressiontreesdotnet/expressiveexpressiontrees.tests/bin/debug/netcoreapp2.0/expressiveexpressiontrees.tests.dll" id="ac7ce2ac-7a93-36e8-a736-2691a6fb5e34"><Execution id="d2e7622a-3b9d-4495-98b8-bcedc6803df2" /><TestMethod codeBase="/home/hannasm/ExpressiveExpressionTreesDotNet/ExpressiveExpressionTrees.Tests/bin/Debug/netcoreapp2.0/ExpressiveExpressionTrees.Tests.dll" adapterTypeName="executor://mstestadapter/v2" className="ExpressiveExpressionTrees.Tests.ExpressionVisitorTest.BinaryVisitorTests" name="Test036" /></UnitTest><UnitTest name="Test038" storage="/home/hannasm/expressiveexpressiontreesdotnet/expressiveexpressiontrees.tests/bin/debug/netcoreapp2.0/expressiveexpressiontrees.tests.dll" id="62a00e42-8d0c-48d7-7ace-0b680a366ccb"><Execution id="bb0a498c-64d2-425d-a666-a6b6c8dc9942" /><TestMethod codeBase="/home/hannasm/ExpressiveExpressionTreesDotNet/ExpressiveExpressionTrees.Tests/bin/Debug/netcoreapp2.0/ExpressiveExpressionTrees.Tests.dll" adapterTypeName="executor://mstestadapter/v2" className="ExpressiveExpressionTrees.Tests.ExpressionHasherTests.BindingsExpressionHasherTests" name="Test038" /></UnitTest><UnitTest name="Test024" storage="/home/hannasm/expressiveexpressiontreesdotnet/expressiveexpressiontrees.tests/bin/debug/netcoreapp2.0/expressiveexpressiontrees.tests.dll" id="979529e4-29c0-dad8-ae5d-9d8d4f8515fb"><Execution id="0ceb4456-0ec5-429e-9129-34ee16175879" /><TestMethod codeBase="/home/hannasm/ExpressiveExpressionTreesDotNet/ExpressiveExpressionTrees.Tests/bin/Debug/netcoreapp2.0/ExpressiveExpressionTrees.Tests.dll" adapterTypeName="executor://mstestadapter/v2" className="ExpressiveExpressionTrees.Tests.ExpressionVisitorTest.ListInitVisitorTests" name="Test024" /></UnitTest><UnitTest name="Test007" storage="/home/hannasm/expressiveexpressiontreesdotnet/expressiveexpressiontrees.tests/bin/debug/netcoreapp2.0/expressiveexpressiontrees.tests.dll" id="5cd8cdd8-20d4-24ef-f4ae-b15b6618fed2"><Execution id="d6069f24-3d66-422a-9ab0-ad98c0b1763c" /><TestMethod codeBase="/home/hannasm/ExpressiveExpressionTreesDotNet/ExpressiveExpressionTrees.Tests/bin/Debug/netcoreapp2.0/ExpressiveExpressionTrees.Tests.dll" adapterTypeName="executor://mstestadapter/v2" className="ExpressiveExpressionTrees.Tests.ExpressionComparerTests.MemberAccessExpressionComparerTests" name="Test007" /></UnitTest><UnitTest name="Test020" storage="/home/hannasm/expressiveexpressiontreesdotnet/expressiveexpressiontrees.tests/bin/debug/netcoreapp2.0/expressiveexpressiontrees.tests.dll" id="ae7e37bf-ecae-1ec6-665a-24b05200ac9a"><Execution id="3b2fac57-f1e4-492f-be9b-ec7221bbc8db" /><TestMethod codeBase="/home/hannasm/ExpressiveExpressionTreesDotNet/ExpressiveExpressionTrees.Tests/bin/Debug/netcoreapp2.0/ExpressiveExpressionTrees.Tests.dll" adapterTypeName="executor://mstestadapter/v2" className="ExpressiveExpressionTrees.Tests.ExpressionComparerTests.MemberInitVisitorTests" name="Test020" /></UnitTest><UnitTest name="Test023" storage="/home/hannasm/expressiveexpressiontreesdotnet/expressiveexpressiontrees.tests/bin/debug/netcoreapp2.0/expressiveexpressiontrees.tests.dll" id="8996ee43-096f-0944-9a9c-9ea4bd5ac30f"><Execution id="f7cba742-c0d4-4fa3-ac7f-6bd191d0fe27" /><TestMethod codeBase="/home/hannasm/ExpressiveExpressionTreesDotNet/ExpressiveExpressionTrees.Tests/bin/Debug/netcoreapp2.0/ExpressiveExpressionTrees.Tests.dll" adapterTypeName="executor://mstestadapter/v2" className="ExpressiveExpressionTrees.Tests.ExpressionVisitorTest.NewVisitorTests" name="Test023" /></UnitTest><UnitTest name="Test007" storage="/home/hannasm/expressiveexpressiontreesdotnet/expressiveexpressiontrees.tests/bin/debug/netcoreapp2.0/expressiveexpressiontrees.tests.dll" id="2a358ed8-6079-e9ec-a2db-285d78a639fc"><Execution id="ce6f6cb4-3adb-4cc5-a483-29ac0fe1d519" /><TestMethod codeBase="/home/hannasm/ExpressiveExpressionTreesDotNet/ExpressiveExpressionTrees.Tests/bin/Debug/netcoreapp2.0/ExpressiveExpressionTrees.Tests.dll" adapterTypeName="executor://mstestadapter/v2" className="ExpressiveExpressionTrees.Tests.ExpressionVisitorTest.BinaryVisitorTests" name="Test007" /></UnitTest><UnitTest name="Test008" storage="/home/hannasm/expressiveexpressiontreesdotnet/expressiveexpressiontrees.tests/bin/debug/netcoreapp2.0/expressiveexpressiontrees.tests.dll" id="349a7a4d-d077-897d-83c4-8d0ecee17729"><Execution id="8fb03594-1d33-4740-b924-646ff328a438" /><TestMethod codeBase="/home/hannasm/ExpressiveExpressionTreesDotNet/ExpressiveExpressionTrees.Tests/bin/Debug/netcoreapp2.0/ExpressiveExpressionTrees.Tests.dll" adapterTypeName="executor://mstestadapter/v2" className="ExpressiveExpressionTrees.Tests.ExpressionComparerTests.MemberInitVisitorTests" name="Test008" /></UnitTest><UnitTest name="Test016" storage="/home/hannasm/expressiveexpressiontreesdotnet/expressiveexpressiontrees.tests/bin/debug/netcoreapp2.0/expressiveexpressiontrees.tests.dll" id="199b4210-106b-24fd-f459-2f65607d4740"><Execution id="7a93f0f7-6799-4c33-a600-1d8134056a8c" /><TestMethod codeBase="/home/hannasm/ExpressiveExpressionTreesDotNet/ExpressiveExpressionTrees.Tests/bin/Debug/netcoreapp2.0/ExpressiveExpressionTrees.Tests.dll" adapterTypeName="executor://mstestadapter/v2" className="ExpressiveExpressionTrees.Tests.ExpressionComparerTests.ListInitExpressionComparerTests" name="Test016" /></UnitTest><UnitTest name="Test003" storage="/home/hannasm/expressiveexpressiontreesdotnet/expressiveexpressiontrees.tests/bin/debug/netcoreapp2.0/expressiveexpressiontrees.tests.dll" id="951790b3-2128-64f5-0402-fbc70ed81bd6"><Execution id="a776f75a-e5a5-4f10-94b8-9bc90da0d28f" /><TestMethod codeBase="/home/hannasm/ExpressiveExpressionTreesDotNet/ExpressiveExpressionTrees.Tests/bin/Debug/netcoreapp2.0/ExpressiveExpressionTrees.Tests.dll" adapterTypeName="executor://mstestadapter/v2" className="ExpressiveExpressionTrees.Tests.ExpressionReplacerTests.ExpressionReplacerUseCases" name="Test003" /></UnitTest><UnitTest name="Test004" storage="/home/hannasm/expressiveexpressiontreesdotnet/expressiveexpressiontrees.tests/bin/debug/netcoreapp2.0/expressiveexpressiontrees.tests.dll" id="9f41a5bb-7212-69cd-eddd-1b89c2f2ba5f"><Execution id="f832671d-2b30-4877-9746-a81baae157f0" /><TestMethod codeBase="/home/hannasm/ExpressiveExpressionTreesDotNet/ExpressiveExpressionTrees.Tests/bin/Debug/netcoreapp2.0/ExpressiveExpressionTrees.Tests.dll" adapterTypeName="executor://mstestadapter/v2" className="ExpressiveExpressionTrees.Tests.ExpressionVisitorTest.InvokeVisitorTests" name="Test004" /></UnitTest><UnitTest name="Test015" storage="/home/hannasm/expressiveexpressiontreesdotnet/expressiveexpressiontrees.tests/bin/debug/netcoreapp2.0/expressiveexpressiontrees.tests.dll" id="0dbc737f-0bdc-2464-e42a-268eaa0ec9d7"><Execution id="5ef5ae8f-7762-4d96-9f63-a691bcdcf2c9" /><TestMethod codeBase="/home/hannasm/ExpressiveExpressionTreesDotNet/ExpressiveExpressionTrees.Tests/bin/Debug/netcoreapp2.0/ExpressiveExpressionTrees.Tests.dll" adapterTypeName="executor://mstestadapter/v2" className="ExpressiveExpressionTrees.Tests.ExpressionGeneratorFromFuncTests" name="Test015" /></UnitTest><UnitTest name="Test035" storage="/home/hannasm/expressiveexpressiontreesdotnet/expressiveexpressiontrees.tests/bin/debug/netcoreapp2.0/expressiveexpressiontrees.tests.dll" id="1274ff4f-2a7e-c35c-5e63-3da20e00199f"><Execution id="c99bf3d2-63a9-4639-8c0e-13c154b60f59" /><TestMethod codeBase="/home/hannasm/ExpressiveExpressionTreesDotNet/ExpressiveExpressionTrees.Tests/bin/Debug/netcoreapp2.0/ExpressiveExpressionTrees.Tests.dll" adapterTypeName="executor://mstestadapter/v2" className="ExpressiveExpressionTrees.Tests.ExpressionVisitorTest.BinaryVisitorTests" name="Test035" /></UnitTest><UnitTest name="Test007" storage="/home/hannasm/expressiveexpressiontreesdotnet/expressiveexpressiontrees.tests/bin/debug/netcoreapp2.0/expressiveexpressiontrees.tests.dll" id="378a3437-1b63-2400-f04d-af0e30b8bdec"><Execution id="3f35044e-6ff2-4ddb-87ad-3059db724d6d" /><TestMethod codeBase="/home/hannasm/ExpressiveExpressionTreesDotNet/ExpressiveExpressionTrees.Tests/bin/Debug/netcoreapp2.0/ExpressiveExpressionTrees.Tests.dll" adapterTypeName="executor://mstestadapter/v2" className="ExpressiveExpressionTrees.Tests.ExpressionHasherTests.BinaryExpressionHasherTests" name="Test007" /></UnitTest><UnitTest name="Test019" storage="/home/hannasm/expressiveexpressiontreesdotnet/expressiveexpressiontrees.tests/bin/debug/netcoreapp2.0/expressiveexpressiontrees.tests.dll" id="bccc28b0-59df-3ff8-8273-efdb9ecdf47f"><Execution id="4a9ea967-3266-449f-bece-f2dd487500d2" /><TestMethod codeBase="/home/hannasm/ExpressiveExpressionTreesDotNet/ExpressiveExpressionTrees.Tests/bin/Debug/netcoreapp2.0/ExpressiveExpressionTrees.Tests.dll" adapterTypeName="executor://mstestadapter/v2" className="ExpressiveExpressionTrees.Tests.ExpressionGeneratorFromActionTests" name="Test019" /></UnitTest><UnitTest name="Test002" storage="/home/hannasm/expressiveexpressiontreesdotnet/expressiveexpressiontrees.tests/bin/debug/netcoreapp2.0/expressiveexpressiontrees.tests.dll" id="0b838537-a5cb-0501-7350-54fbd3ac3f69"><Execution id="28ec1ba7-ed80-4b73-951b-6f0008b676c2" /><TestMethod codeBase="/home/hannasm/ExpressiveExpressionTreesDotNet/ExpressiveExpressionTrees.Tests/bin/Debug/netcoreapp2.0/ExpressiveExpressionTrees.Tests.dll" adapterTypeName="executor://mstestadapter/v2" className="ExpressiveExpressionTrees.Tests.ExpressionHasherTests.TypeBinaryExpressionHasherTests" name="Test002" /></UnitTest><UnitTest name="Test012" storage="/home/hannasm/expressiveexpressiontreesdotnet/expressiveexpressiontrees.tests/bin/debug/netcoreapp2.0/expressiveexpressiontrees.tests.dll" id="f23eaac5-dce1-c144-23f5-144f720aab77"><Execution id="6e4b2aa6-4b28-473a-8981-7329958da9e9" /><TestMethod codeBase="/home/hannasm/ExpressiveExpressionTreesDotNet/ExpressiveExpressionTrees.Tests/bin/Debug/netcoreapp2.0/ExpressiveExpressionTrees.Tests.dll" adapterTypeName="executor://mstestadapter/v2" className="ExpressiveExpressionTrees.Tests.ExpressionReaderTests" name="Test012" /></UnitTest><UnitTest name="Test002" storage="/home/hannasm/expressiveexpressiontreesdotnet/expressiveexpressiontrees.tests/bin/debug/netcoreapp2.0/expressiveexpressiontrees.tests.dll" id="40f1ba0d-0c6a-d4c5-37e8-7229fec4e798"><Execution id="03f9ecd1-7ef6-4eda-b082-4b158d19d205" /><TestMethod codeBase="/home/hannasm/ExpressiveExpressionTreesDotNet/ExpressiveExpressionTrees.Tests/bin/Debug/netcoreapp2.0/ExpressiveExpressionTrees.Tests.dll" adapterTypeName="executor://mstestadapter/v2" className="ExpressiveExpressionTrees.Tests.ExpressionHasherTests.InvocationExpressionHasherTests" name="Test002" /></UnitTest><UnitTest name="Test220" storage="/home/hannasm/expressiveexpressiontreesdotnet/expressiveexpressiontrees.tests/bin/debug/netcoreapp2.0/expressiveexpressiontrees.tests.dll" id="58f22a4b-ce13-1d93-74f6-d2e015a58cf3"><Execution id="90009763-6f14-41a4-a4e1-fbcc5ee34cda" /><TestMethod codeBase="/home/hannasm/ExpressiveExpressionTreesDotNet/ExpressiveExpressionTrees.Tests/bin/Debug/netcoreapp2.0/ExpressiveExpressionTrees.Tests.dll" adapterTypeName="executor://mstestadapter/v2" className="ExpressiveExpressionTrees.Tests.ExpressionVisitorTest.BinaryVisitorTests" name="Test220" /></UnitTest><UnitTest name="Test025" storage="/home/hannasm/expressiveexpressiontreesdotnet/expressiveexpressiontrees.tests/bin/debug/netcoreapp2.0/expressiveexpressiontrees.tests.dll" id="0943868f-5bac-8ff9-e25e-123d0b12eda8"><Execution id="2b76d388-f1e1-47e4-915d-069779ae5b3b" /><TestMethod codeBase="/home/hannasm/ExpressiveExpressionTreesDotNet/ExpressiveExpressionTrees.Tests/bin/Debug/netcoreapp2.0/ExpressiveExpressionTrees.Tests.dll" adapterTypeName="executor://mstestadapter/v2" className="ExpressiveExpressionTrees.Tests.ExpressionVisitorTest.NewVisitorTests" name="Test025" /></UnitTest><UnitTest name="Test031" storage="/home/hannasm/expressiveexpressiontreesdotnet/expressiveexpressiontrees.tests/bin/debug/netcoreapp2.0/expressiveexpressiontrees.tests.dll" id="6789aaa0-23e1-170f-dc4a-81215aa05fdf"><Execution id="ac54bd6f-6d20-4679-8d74-4fd4f5fe10b6" /><TestMethod codeBase="/home/hannasm/ExpressiveExpressionTreesDotNet/ExpressiveExpressionTrees.Tests/bin/Debug/netcoreapp2.0/ExpressiveExpressionTrees.Tests.dll" adapterTypeName="executor://mstestadapter/v2" className="ExpressiveExpressionTrees.Tests.ExpressionVisitorTest.NewVisitorTests" name="Test031" /></UnitTest><UnitTest name="Test052" storage="/home/hannasm/expressiveexpressiontreesdotnet/expressiveexpressiontrees.tests/bin/debug/netcoreapp2.0/expressiveexpressiontrees.tests.dll" id="4036e2d6-cfe0-05ee-8e69-43aae4170144"><Execution id="ae41f013-30b9-49c7-b21f-76d988069943" /><TestMethod codeBase="/home/hannasm/ExpressiveExpressionTreesDotNet/ExpressiveExpressionTrees.Tests/bin/Debug/netcoreapp2.0/ExpressiveExpressionTrees.Tests.dll" adapterTypeName="executor://mstestadapter/v2" className="ExpressiveExpressionTrees.Tests.ExpressionHasherTests.BindingsExpressionHasherTests" name="Test052" /></UnitTest><UnitTest name="Test019" storage="/home/hannasm/expressiveexpressiontreesdotnet/expressiveexpressiontrees.tests/bin/debug/netcoreapp2.0/expressiveexpressiontrees.tests.dll" id="a67a5111-8a14-c1a7-dc01-3223f72c32a2"><Execution id="ca6f6f7f-7223-4675-8d8b-b4e4eee1bdaa" /><TestMethod codeBase="/home/hannasm/ExpressiveExpressionTreesDotNet/ExpressiveExpressionTrees.Tests/bin/Debug/netcoreapp2.0/ExpressiveExpressionTrees.Tests.dll" adapterTypeName="executor://mstestadapter/v2" className="ExpressiveExpressionTrees.Tests.ExpressionVisitorTest.UnaryVisitorTests" name="Test019" /></UnitTest><UnitTest name="Test026" storage="/home/hannasm/expressiveexpressiontreesdotnet/expressiveexpressiontrees.tests/bin/debug/netcoreapp2.0/expressiveexpressiontrees.tests.dll" id="e4ef948f-8f64-100d-3b33-5606ed605d01"><Execution id="49db60cb-d3b2-46fd-bc1a-32cf97845864" /><TestMethod codeBase="/home/hannasm/ExpressiveExpressionTreesDotNet/ExpressiveExpressionTrees.Tests/bin/Debug/netcoreapp2.0/ExpressiveExpressionTrees.Tests.dll" adapterTypeName="executor://mstestadapter/v2" className="ExpressiveExpressionTrees.Tests.ExpressionComparerTests.NewExpressionComparerTests" name="Test026" /></UnitTest><UnitTest name="Test005" storage="/home/hannasm/expressiveexpressiontreesdotnet/expressiveexpressiontrees.tests/bin/debug/netcoreapp2.0/expressiveexpressiontrees.tests.dll" id="70c2aa57-9263-ea48-80d1-d6b47140f5b8"><Execution id="7f240fec-7323-4329-87d0-3f8f95e12e5f" /><TestMethod codeBase="/home/hannasm/ExpressiveExpressionTreesDotNet/ExpressiveExpressionTrees.Tests/bin/Debug/netcoreapp2.0/ExpressiveExpressionTrees.Tests.dll" adapterTypeName="executor://mstestadapter/v2" className="ExpressiveExpressionTrees.Tests.ExpressionComparerTests.InvocationExpressionComparerTests" name="Test005" /></UnitTest><UnitTest name="Test103" storage="/home/hannasm/expressiveexpressiontreesdotnet/expressiveexpressiontrees.tests/bin/debug/netcoreapp2.0/expressiveexpressiontrees.tests.dll" id="f6881aa8-0c64-7180-fc9f-3ace666fa228"><Execution id="80d4211e-50f8-4235-b013-83a54bb64c98" /><TestMethod codeBase="/home/hannasm/ExpressiveExpressionTreesDotNet/ExpressiveExpressionTrees.Tests/bin/Debug/netcoreapp2.0/ExpressiveExpressionTrees.Tests.dll" adapterTypeName="executor://mstestadapter/v2" className="ExpressiveExpressionTrees.Tests.ExpressionVisitorTest.BinaryVisitorTests" name="Test103" /></UnitTest><UnitTest name="Test041" storage="/home/hannasm/expressiveexpressiontreesdotnet/expressiveexpressiontrees.tests/bin/debug/netcoreapp2.0/expressiveexpressiontrees.tests.dll" id="ccc38030-c50e-13b1-5956-c71443ff368b"><Execution id="ee37de39-0169-4e13-a95d-5bf48ebc5509" /><TestMethod codeBase="/home/hannasm/ExpressiveExpressionTreesDotNet/ExpressiveExpressionTrees.Tests/bin/Debug/netcoreapp2.0/ExpressiveExpressionTrees.Tests.dll" adapterTypeName="executor://mstestadapter/v2" className="ExpressiveExpressionTrees.Tests.ExpressionComparerTests.TryCatchExpressionComparerTests" name="Test041" /></UnitTest><UnitTest name="Test004" storage="/home/hannasm/expressiveexpressiontreesdotnet/expressiveexpressiontrees.tests/bin/debug/netcoreapp2.0/expressiveexpressiontrees.tests.dll" id="42946a65-a35f-6e84-b343-0a49b716824c"><Execution id="5613d6bc-1d0d-45a0-aca5-9b347ad16f56" /><TestMethod codeBase="/home/hannasm/ExpressiveExpressionTreesDotNet/ExpressiveExpressionTrees.Tests/bin/Debug/netcoreapp2.0/ExpressiveExpressionTrees.Tests.dll" adapterTypeName="executor://mstestadapter/v2" className="ExpressiveExpressionTrees.Tests.ExpressionHasherTests.GotoExpressionHasherTests" name="Test004" /></UnitTest><UnitTest name="Test072" storage="/home/hannasm/expressiveexpressiontreesdotnet/expressiveexpressiontrees.tests/bin/debug/netcoreapp2.0/expressiveexpressiontrees.tests.dll" id="a5e426b4-84b4-8ca3-cfbb-68c66f4e3fb8"><Execution id="e843fbd0-b95c-4183-a47c-259a9a312e44" /><TestMethod codeBase="/home/hannasm/ExpressiveExpressionTreesDotNet/ExpressiveExpressionTrees.Tests/bin/Debug/netcoreapp2.0/ExpressiveExpressionTrees.Tests.dll" adapterTypeName="executor://mstestadapter/v2" className="ExpressiveExpressionTrees.Tests.ExpressionGeneratorMakeBinaryTests" name="Test072" /></UnitTest><UnitTest name="Test007" storage="/home/hannasm/expressiveexpressiontreesdotnet/expressiveexpressiontrees.tests/bin/debug/netcoreapp2.0/expressiveexpressiontrees.tests.dll" id="686ffbc4-796b-e2ee-686e-aebd489472b2"><Execution id="eaea4d22-91f2-4570-b4c8-cb80d3f74206" /><TestMethod codeBase="/home/hannasm/ExpressiveExpressionTreesDotNet/ExpressiveExpressionTrees.Tests/bin/Debug/netcoreapp2.0/ExpressiveExpressionTrees.Tests.dll" adapterTypeName="executor://mstestadapter/v2" className="ExpressiveExpressionTrees.Tests.ExpressionHasherTests.NewArrayExpressionHasherTests" name="Test007" /></UnitTest><UnitTest name="Test010" storage="/home/hannasm/expressiveexpressiontreesdotnet/expressiveexpressiontrees.tests/bin/debug/netcoreapp2.0/expressiveexpressiontrees.tests.dll" id="ad60ed5a-c7a2-591d-d440-41f6d216fee5"><Execution id="f3a8c5ae-5524-439d-80ee-7c214ec5eed4" /><TestMethod codeBase="/home/hannasm/ExpressiveExpressionTreesDotNet/ExpressiveExpressionTrees.Tests/bin/Debug/netcoreapp2.0/ExpressiveExpressionTrees.Tests.dll" adapterTypeName="executor://mstestadapter/v2" className="ExpressiveExpressionTrees.Tests.ExpressionVisitorTest.InvokeVisitorTests" name="Test010" /></UnitTest><UnitTest name="Test017" storage="/home/hannasm/expressiveexpressiontreesdotnet/expressiveexpressiontrees.tests/bin/debug/netcoreapp2.0/expressiveexpressiontrees.tests.dll" id="c88e30d2-edf2-88d5-9b3f-c67f50d736ff"><Execution id="22f7d73b-10ea-4930-a660-0bc274b86534" /><TestMethod codeBase="/home/hannasm/ExpressiveExpressionTreesDotNet/ExpressiveExpressionTrees.Tests/bin/Debug/netcoreapp2.0/ExpressiveExpressionTrees.Tests.dll" adapterTypeName="executor://mstestadapter/v2" className="ExpressiveExpressionTrees.Tests.ExpressionReplacerTests.ExpressionReplacerUseCases" name="Test017" /></UnitTest><UnitTest name="Test002" storage="/home/hannasm/expressiveexpressiontreesdotnet/expressiveexpressiontrees.tests/bin/debug/netcoreapp2.0/expressiveexpressiontrees.tests.dll" id="b309934b-480e-243a-02bf-ae81343c6ae5"><Execution id="eabc0205-19e7-4fce-ab5c-4a184e6e37e5" /><TestMethod codeBase="/home/hannasm/ExpressiveExpressionTreesDotNet/ExpressiveExpressionTrees.Tests/bin/Debug/netcoreapp2.0/ExpressiveExpressionTrees.Tests.dll" adapterTypeName="executor://mstestadapter/v2" className="ExpressiveExpressionTrees.Tests.ExpressionComparerTests.ConstantExpressionComparerTests" name="Test002" /></UnitTest><UnitTest name="Test021" storage="/home/hannasm/expressiveexpressiontreesdotnet/expressiveexpressiontrees.tests/bin/debug/netcoreapp2.0/expressiveexpressiontrees.tests.dll" id="29c8c3ef-8ecd-95a5-8421-f42557b5c869"><Execution id="c7f20522-09bb-43d7-875a-3450885a7ba3" /><TestMethod codeBase="/home/hannasm/ExpressiveExpressionTreesDotNet/ExpressiveExpressionTrees.Tests/bin/Debug/netcoreapp2.0/ExpressiveExpressionTrees.Tests.dll" adapterTypeName="executor://mstestadapter/v2" className="ExpressiveExpressionTrees.Tests.ExpressionVisitorTest.NewVisitorTests" name="Test021" /></UnitTest><UnitTest name="Test011" storage="/home/hannasm/expressiveexpressiontreesdotnet/expressiveexpressiontrees.tests/bin/debug/netcoreapp2.0/expressiveexpressiontrees.tests.dll" id="686dcb5f-9d04-c5d4-d316-774e42a79da9"><Execution id="1ce35adf-2c24-46b4-9764-1693ac5cfba4" /><TestMethod codeBase="/home/hannasm/ExpressiveExpressionTreesDotNet/ExpressiveExpressionTrees.Tests/bin/Debug/netcoreapp2.0/ExpressiveExpressionTrees.Tests.dll" adapterTypeName="executor://mstestadapter/v2" className="ExpressiveExpressionTrees.Tests.ExpressionHasherTests.BindingsExpressionHasherTests" name="Test011" /></UnitTest><UnitTest name="Test107" storage="/home/hannasm/expressiveexpressiontreesdotnet/expressiveexpressiontrees.tests/bin/debug/netcoreapp2.0/expressiveexpressiontrees.tests.dll" id="d3748a50-004e-d4eb-5f2b-4d648526af96"><Execution id="89e94a1d-9948-4e3b-9a65-563e78c6a797" /><TestMethod codeBase="/home/hannasm/ExpressiveExpressionTreesDotNet/ExpressiveExpressionTrees.Tests/bin/Debug/netcoreapp2.0/ExpressiveExpressionTrees.Tests.dll" adapterTypeName="executor://mstestadapter/v2" className="ExpressiveExpressionTrees.Tests.ExpressionVisitorTest.BinaryVisitorTests" name="Test107" /></UnitTest><UnitTest name="Test048" storage="/home/hannasm/expressiveexpressiontreesdotnet/expressiveexpressiontrees.tests/bin/debug/netcoreapp2.0/expressiveexpressiontrees.tests.dll" id="54a27568-a05c-95fb-88ff-6c7180b27bed"><Execution id="8f8c52c5-48e1-4b74-a9ad-2ddb87310946" /><TestMethod codeBase="/home/hannasm/ExpressiveExpressionTreesDotNet/ExpressiveExpressionTrees.Tests/bin/Debug/netcoreapp2.0/ExpressiveExpressionTrees.Tests.dll" adapterTypeName="executor://mstestadapter/v2" className="ExpressiveExpressionTrees.Tests.ExpressionVisitorTest.BinaryVisitorTests" name="Test048" /></UnitTest><UnitTest name="Test006" storage="/home/hannasm/expressiveexpressiontreesdotnet/expressiveexpressiontrees.tests/bin/debug/netcoreapp2.0/expressiveexpressiontrees.tests.dll" id="ed4daf04-cdcd-c5cb-6b5c-aced7c756a93"><Execution id="6894ae3b-24ad-4e19-8448-73ffdf03ebac" /><TestMethod codeBase="/home/hannasm/ExpressiveExpressionTreesDotNet/ExpressiveExpressionTrees.Tests/bin/Debug/netcoreapp2.0/ExpressiveExpressionTrees.Tests.dll" adapterTypeName="executor://mstestadapter/v2" className="ExpressiveExpressionTrees.Tests.ExpressionReaderTests" name="Test006" /></UnitTest><UnitTest name="Test019" storage="/home/hannasm/expressiveexpressiontreesdotnet/expressiveexpressiontrees.tests/bin/debug/netcoreapp2.0/expressiveexpressiontrees.tests.dll" id="43a4e802-1c6a-bf20-1940-cac6ce268887"><Execution id="d3658e2f-9167-4d08-820b-61a65e6d09a3" /><TestMethod codeBase="/home/hannasm/ExpressiveExpressionTreesDotNet/ExpressiveExpressionTrees.Tests/bin/Debug/netcoreapp2.0/ExpressiveExpressionTrees.Tests.dll" adapterTypeName="executor://mstestadapter/v2" className="ExpressiveExpressionTrees.Tests.ExpressionVisitorTest.BinaryVisitorTests" name="Test019" /></UnitTest><UnitTest name="Test005" storage="/home/hannasm/expressiveexpressiontreesdotnet/expressiveexpressiontrees.tests/bin/debug/netcoreapp2.0/expressiveexpressiontrees.tests.dll" id="437f8754-bb21-d4e0-4c1e-006a3f5fe1ab"><Execution id="f9cea8d8-e67f-4956-a6bf-74cbc3bc2bf7" /><TestMethod codeBase="/home/hannasm/ExpressiveExpressionTreesDotNet/ExpressiveExpressionTrees.Tests/bin/Debug/netcoreapp2.0/ExpressiveExpressionTrees.Tests.dll" adapterTypeName="executor://mstestadapter/v2" className="ExpressiveExpressionTrees.Tests.ExpressionComparerTests.BindingsExpressionComparerTests" name="Test005" /></UnitTest><UnitTest name="Test042" storage="/home/hannasm/expressiveexpressiontreesdotnet/expressiveexpressiontrees.tests/bin/debug/netcoreapp2.0/expressiveexpressiontrees.tests.dll" id="3250a398-577a-745e-54e2-d6ab80ff1cba"><Execution id="eedac21c-a5b1-491a-b1ca-8416b260a072" /><TestMethod codeBase="/home/hannasm/ExpressiveExpressionTreesDotNet/ExpressiveExpressionTrees.Tests/bin/Debug/netcoreapp2.0/ExpressiveExpressionTrees.Tests.dll" adapterTypeName="executor://mstestadapter/v2" className="ExpressiveExpressionTrees.Tests.ExpressionHasherTests.TryCatchExpressionHasherTests" name="Test042" /></UnitTest><UnitTest name="Test002" storage="/home/hannasm/expressiveexpressiontreesdotnet/expressiveexpressiontrees.tests/bin/debug/netcoreapp2.0/expressiveexpressiontrees.tests.dll" id="bf43449f-989f-ee4d-4cd9-8f733a4342dd"><Execution id="9133f915-3385-4b94-a3cb-7f73e5c2ec35" /><TestMethod codeBase="/home/hannasm/ExpressiveExpressionTreesDotNet/ExpressiveExpressionTrees.Tests/bin/Debug/netcoreapp2.0/ExpressiveExpressionTrees.Tests.dll" adapterTypeName="executor://mstestadapter/v2" className="ExpressiveExpressionTrees.Tests.ExpressionVisitorTest.MemberAccessVisitorTests" name="Test002" /></UnitTest><UnitTest name="Test016" storage="/home/hannasm/expressiveexpressiontreesdotnet/expressiveexpressiontrees.tests/bin/debug/netcoreapp2.0/expressiveexpressiontrees.tests.dll" id="e3e1f97b-62e7-9751-b3ca-ae8cbfef73ba"><Execution id="adab58d2-9d1f-4bd9-b9d5-ee21f1ed1083" /><TestMethod codeBase="/home/hannasm/ExpressiveExpressionTreesDotNet/ExpressiveExpressionTrees.Tests/bin/Debug/netcoreapp2.0/ExpressiveExpressionTrees.Tests.dll" adapterTypeName="executor://mstestadapter/v2" className="ExpressiveExpressionTrees.Tests.ExpressionVisitorTest.MethodCallVisitorTests" name="Test016" /></UnitTest><UnitTest name="Test049" storage="/home/hannasm/expressiveexpressiontreesdotnet/expressiveexpressiontrees.tests/bin/debug/netcoreapp2.0/expressiveexpressiontrees.tests.dll" id="9bafb74c-e31e-c33b-b658-bd6d58241c30"><Execution id="ba598ae6-67c4-488e-a751-38380732675d" /><TestMethod codeBase="/home/hannasm/ExpressiveExpressionTreesDotNet/ExpressiveExpressionTrees.Tests/bin/Debug/netcoreapp2.0/ExpressiveExpressionTrees.Tests.dll" adapterTypeName="executor://mstestadapter/v2" className="ExpressiveExpressionTrees.Tests.ExpressionVisitorTest.BinaryVisitorTests" name="Test049" /></UnitTest><UnitTest name="Test012" storage="/home/hannasm/expressiveexpressiontreesdotnet/expressiveexpressiontrees.tests/bin/debug/netcoreapp2.0/expressiveexpressiontrees.tests.dll" id="ca5cfb02-97b8-d8b3-3285-cd34c86f9d1f"><Execution id="3c73baf6-bf69-4c97-958e-b36034059ff3" /><TestMethod codeBase="/home/hannasm/ExpressiveExpressionTreesDotNet/ExpressiveExpressionTrees.Tests/bin/Debug/netcoreapp2.0/ExpressiveExpressionTrees.Tests.dll" adapterTypeName="executor://mstestadapter/v2" className="ExpressiveExpressionTrees.Tests.ExpressionComparerTests.NewArrayExpressionComparerTests" name="Test012" /></UnitTest><UnitTest name="Test026" storage="/home/hannasm/expressiveexpressiontreesdotnet/expressiveexpressiontrees.tests/bin/debug/netcoreapp2.0/expressiveexpressiontrees.tests.dll" id="38014cd0-40d0-998e-21c5-245a41837e74"><Execution id="dcf82b18-023f-49a5-b1e8-1017ae96701a" /><TestMethod codeBase="/home/hannasm/ExpressiveExpressionTreesDotNet/ExpressiveExpressionTrees.Tests/bin/Debug/netcoreapp2.0/ExpressiveExpressionTrees.Tests.dll" adapterTypeName="executor://mstestadapter/v2" className="ExpressiveExpressionTrees.Tests.ExpressionHasherTests.BindingsExpressionHasherTests" name="Test026" /></UnitTest><UnitTest name="Test001" storage="/home/hannasm/expressiveexpressiontreesdotnet/expressiveexpressiontrees.tests/bin/debug/netcoreapp2.0/expressiveexpressiontrees.tests.dll" id="812c9f1c-2687-0006-7110-ab2920e635d4"><Execution id="bf4ad9e2-e978-4502-8c17-2ce8847a1b58" /><TestMethod codeBase="/home/hannasm/ExpressiveExpressionTreesDotNet/ExpressiveExpressionTrees.Tests/bin/Debug/netcoreapp2.0/ExpressiveExpressionTrees.Tests.dll" adapterTypeName="executor://mstestadapter/v2" className="ExpressiveExpressionTrees.Tests.ExpressionVisitorTest.GotoVisitorTests" name="Test001" /></UnitTest><UnitTest name="Test007" storage="/home/hannasm/expressiveexpressiontreesdotnet/expressiveexpressiontrees.tests/bin/debug/netcoreapp2.0/expressiveexpressiontrees.tests.dll" id="0b8df8e9-d099-e38e-833e-9489720457f3"><Execution id="bda1ed2c-19d4-4b33-bbb3-00a8efed86af" /><TestMethod codeBase="/home/hannasm/ExpressiveExpressionTreesDotNet/ExpressiveExpressionTrees.Tests/bin/Debug/netcoreapp2.0/ExpressiveExpressionTrees.Tests.dll" adapterTypeName="executor://mstestadapter/v2" className="ExpressiveExpressionTrees.Tests.ExpressionComparerTests.NewExpressionComparerTests" name="Test007" /></UnitTest><UnitTest name="Test004" storage="/home/hannasm/expressiveexpressiontreesdotnet/expressiveexpressiontrees.tests/bin/debug/netcoreapp2.0/expressiveexpressiontrees.tests.dll" id="e627541b-d8ad-59c8-34c9-2fe25012f049"><Execution id="86c4a9d0-aece-415c-b095-932075fc8393" /><TestMethod codeBase="/home/hannasm/ExpressiveExpressionTreesDotNet/ExpressiveExpressionTrees.Tests/bin/Debug/netcoreapp2.0/ExpressiveExpressionTrees.Tests.dll" adapterTypeName="executor://mstestadapter/v2" className="ExpressiveExpressionTrees.Tests.ExpressionVisitorTest.TypeBinaryVisitorTests" name="Test004" /></UnitTest><UnitTest name="Test009" storage="/home/hannasm/expressiveexpressiontreesdotnet/expressiveexpressiontrees.tests/bin/debug/netcoreapp2.0/expressiveexpressiontrees.tests.dll" id="2ab3f8f8-07c2-9b39-4a30-d64dad045627"><Execution id="bfbbd1c6-191b-4ff6-a890-bdd76b77894a" /><TestMethod codeBase="/home/hannasm/ExpressiveExpressionTreesDotNet/ExpressiveExpressionTrees.Tests/bin/Debug/netcoreapp2.0/ExpressiveExpressionTrees.Tests.dll" adapterTypeName="executor://mstestadapter/v2" className="ExpressiveExpressionTrees.Tests.ExpressionHasherTests.InvocationExpressionHasherTests" name="Test009" /></UnitTest><UnitTest name="Test022" storage="/home/hannasm/expressiveexpressiontreesdotnet/expressiveexpressiontrees.tests/bin/debug/netcoreapp2.0/expressiveexpressiontrees.tests.dll" id="8483bb7e-7be5-3a63-175a-9d35bcd15bcb"><Execution id="738c99b2-6fdf-42ac-b68b-1af22b5448e1" /><TestMethod codeBase="/home/hannasm/ExpressiveExpressionTreesDotNet/ExpressiveExpressionTrees.Tests/bin/Debug/netcoreapp2.0/ExpressiveExpressionTrees.Tests.dll" adapterTypeName="executor://mstestadapter/v2" className="ExpressiveExpressionTrees.Tests.ExpressionVisitorTest.NewArrayVisitorTests" name="Test022" /></UnitTest><UnitTest name="Test037" storage="/home/hannasm/expressiveexpressiontreesdotnet/expressiveexpressiontrees.tests/bin/debug/netcoreapp2.0/expressiveexpressiontrees.tests.dll" id="8f4e00f9-9032-4cc8-0f47-d0c0d81f2f0b"><Execution id="ea6039a0-7b2c-4e39-91c0-e7c00e21387c" /><TestMethod codeBase="/home/hannasm/ExpressiveExpressionTreesDotNet/ExpressiveExpressionTrees.Tests/bin/Debug/netcoreapp2.0/ExpressiveExpressionTrees.Tests.dll" adapterTypeName="executor://mstestadapter/v2" className="ExpressiveExpressionTrees.Tests.ExpressionComparerTests.BindingsExpressionComparerTests" name="Test037" /></UnitTest><UnitTest name="Test002" storage="/home/hannasm/expressiveexpressiontreesdotnet/expressiveexpressiontrees.tests/bin/debug/netcoreapp2.0/expressiveexpressiontrees.tests.dll" id="553b134c-484b-4945-c88c-85fa480fa234"><Execution id="fcc9f6f8-350b-46bd-b3ac-bb4089ddc813" /><TestMethod codeBase="/home/hannasm/ExpressiveExpressionTreesDotNet/ExpressiveExpressionTrees.Tests/bin/Debug/netcoreapp2.0/ExpressiveExpressionTrees.Tests.dll" adapterTypeName="executor://mstestadapter/v2" className="ExpressiveExpressionTrees.Tests.ExpressionVisitorTest.BlockVisitorTests" name="Test002" /></UnitTest><UnitTest name="Test004" storage="/home/hannasm/expressiveexpressiontreesdotnet/expressiveexpressiontrees.tests/bin/debug/netcoreapp2.0/expressiveexpressiontrees.tests.dll" id="52c823fc-e1e3-f42c-8334-adc10abd4f7a"><Execution id="da7a9772-96dc-4a6b-ab3b-2578853bc4c3" /><TestMethod codeBase="/home/hannasm/ExpressiveExpressionTreesDotNet/ExpressiveExpressionTrees.Tests/bin/Debug/netcoreapp2.0/ExpressiveExpressionTrees.Tests.dll" adapterTypeName="executor://mstestadapter/v2" className="ExpressiveExpressionTrees.Tests.ExpressionVisitorTest.UnaryVisitorTests" name="Test004" /></UnitTest><UnitTest name="Test002" storage="/home/hannasm/expressiveexpressiontreesdotnet/expressiveexpressiontrees.tests/bin/debug/netcoreapp2.0/expressiveexpressiontrees.tests.dll" id="2753b1b3-d97b-3bfc-f702-6ac2ebdd23b4"><Execution id="13fadad8-8df8-4923-8111-c30132982eea" /><TestMethod codeBase="/home/hannasm/ExpressiveExpressionTreesDotNet/ExpressiveExpressionTrees.Tests/bin/Debug/netcoreapp2.0/ExpressiveExpressionTrees.Tests.dll" adapterTypeName="executor://mstestadapter/v2" className="ExpressiveExpressionTrees.Tests.ExpressionVisitorTest.ListInitVisitorTests" name="Test002" /></UnitTest><UnitTest name="Test350" storage="/home/hannasm/expressiveexpressiontreesdotnet/expressiveexpressiontrees.tests/bin/debug/netcoreapp2.0/expressiveexpressiontrees.tests.dll" id="daa1f120-721f-95a6-2707-81eef7a7f717"><Execution id="2dfd571d-bcab-4192-8b61-4ded2450d9cb" /><TestMethod codeBase="/home/hannasm/ExpressiveExpressionTreesDotNet/ExpressiveExpressionTrees.Tests/bin/Debug/netcoreapp2.0/ExpressiveExpressionTrees.Tests.dll" adapterTypeName="executor://mstestadapter/v2" className="ExpressiveExpressionTrees.Tests.ExpressionVisitorTest.BinaryVisitorTests" name="Test350" /></UnitTest><UnitTest name="Test008" storage="/home/hannasm/expressiveexpressiontreesdotnet/expressiveexpressiontrees.tests/bin/debug/netcoreapp2.0/expressiveexpressiontrees.tests.dll" id="58b5087f-ac47-eae0-ee48-70b71dce08e6"><Execution id="d2801258-67ec-470a-8f3b-bf3990f2e475" /><TestMethod codeBase="/home/hannasm/ExpressiveExpressionTreesDotNet/ExpressiveExpressionTrees.Tests/bin/Debug/netcoreapp2.0/ExpressiveExpressionTrees.Tests.dll" adapterTypeName="executor://mstestadapter/v2" className="ExpressiveExpressionTrees.Tests.ExpressionComparerTests.LambdaExpressionComparerTests" name="Test008" /></UnitTest><UnitTest name="Test011" storage="/home/hannasm/expressiveexpressiontreesdotnet/expressiveexpressiontrees.tests/bin/debug/netcoreapp2.0/expressiveexpressiontrees.tests.dll" id="5e37b460-beb8-7bc9-5794-96c372d8cb3a"><Execution id="48b48f4c-ec4d-4aa6-a51a-1b7a20a06844" /><TestMethod codeBase="/home/hannasm/ExpressiveExpressionTreesDotNet/ExpressiveExpressionTrees.Tests/bin/Debug/netcoreapp2.0/ExpressiveExpressionTrees.Tests.dll" adapterTypeName="executor://mstestadapter/v2" className="ExpressiveExpressionTrees.Tests.ExpressionHasherTests.UnaryExpressionHasherTests" name="Test011" /></UnitTest><UnitTest name="Test012" storage="/home/hannasm/expressiveexpressiontreesdotnet/expressiveexpressiontrees.tests/bin/debug/netcoreapp2.0/expressiveexpressiontrees.tests.dll" id="4eef55e8-a09f-e6a4-a20a-5b60bb027d13"><Execution id="22d3b715-0016-4b59-a740-d4d7b4bbf19b" /><TestMethod codeBase="/home/hannasm/ExpressiveExpressionTreesDotNet/ExpressiveExpressionTrees.Tests/bin/Debug/netcoreapp2.0/ExpressiveExpressionTrees.Tests.dll" adapterTypeName="executor://mstestadapter/v2" className="ExpressiveExpressionTrees.Tests.ExpressionComparerTests.BinaryExpressionComparerTests" name="Test012" /></UnitTest><UnitTest name="Test024" storage="/home/hannasm/expressiveexpressiontreesdotnet/expressiveexpressiontrees.tests/bin/debug/netcoreapp2.0/expressiveexpressiontrees.tests.dll" id="5242bf6b-ca5b-3ef5-c803-b28f00790d40"><Execution id="4484779b-b833-44c5-99d2-2f793b8c8d17" /><TestMethod codeBase="/home/hannasm/ExpressiveExpressionTreesDotNet/ExpressiveExpressionTrees.Tests/bin/Debug/netcoreapp2.0/ExpressiveExpressionTrees.Tests.dll" adapterTypeName="executor://mstestadapter/v2" className="ExpressiveExpressionTrees.Tests.ExpressionComparerTests.BinaryExpressionComparerTests" name="Test024" /></UnitTest><UnitTest name="Test026" storage="/home/hannasm/expressiveexpressiontreesdotnet/expressiveexpressiontrees.tests/bin/debug/netcoreapp2.0/expressiveexpressiontrees.tests.dll" id="1b1e13ad-f41e-f394-284a-8e94a0bf392e"><Execution id="1e677f32-e501-47ec-9d15-1bd2dd1dd55c" /><TestMethod codeBase="/home/hannasm/ExpressiveExpressionTreesDotNet/ExpressiveExpressionTrees.Tests/bin/Debug/netcoreapp2.0/ExpressiveExpressionTrees.Tests.dll" adapterTypeName="executor://mstestadapter/v2" className="ExpressiveExpressionTrees.Tests.ExpressionVisitorTest.ListInitVisitorTests" name="Test026" /></UnitTest><UnitTest name="Test002" storage="/home/hannasm/expressiveexpressiontreesdotnet/expressiveexpressiontrees.tests/bin/debug/netcoreapp2.0/expressiveexpressiontrees.tests.dll" id="66c1583c-ac4e-24bf-9f40-4345963343e8"><Execution id="a4d56f65-16bb-433f-80e1-4d9ceb15f6f5" /><TestMethod codeBase="/home/hannasm/ExpressiveExpressionTreesDotNet/ExpressiveExpressionTrees.Tests/bin/Debug/netcoreapp2.0/ExpressiveExpressionTrees.Tests.dll" adapterTypeName="executor://mstestadapter/v2" className="ExpressiveExpressionTrees.Tests.ExpressionHasherTests.BinaryExpressionHasherTests" name="Test002" /></UnitTest><UnitTest name="Test001" storage="/home/hannasm/expressiveexpressiontreesdotnet/expressiveexpressiontrees.tests/bin/debug/netcoreapp2.0/expressiveexpressiontrees.tests.dll" id="3212ac7a-89cf-5420-32f2-a8cb15914c10"><Execution id="773d1e00-df86-4449-b76a-1cfe75dc5146" /><TestMethod codeBase="/home/hannasm/ExpressiveExpressionTreesDotNet/ExpressiveExpressionTrees.Tests/bin/Debug/netcoreapp2.0/ExpressiveExpressionTrees.Tests.dll" adapterTypeName="executor://mstestadapter/v2" className="ExpressiveExpressionTrees.Tests.ExpressionHasherTests.NullExpressionHasherTests" name="Test001" /></UnitTest><UnitTest name="Test003" storage="/home/hannasm/expressiveexpressiontreesdotnet/expressiveexpressiontrees.tests/bin/debug/netcoreapp2.0/expressiveexpressiontrees.tests.dll" id="8e835047-9f69-169c-50b6-8b85ea3c5d93"><Execution id="ae998bde-0f3a-402a-ac4c-607357a2b7c9" /><TestMethod codeBase="/home/hannasm/ExpressiveExpressionTreesDotNet/ExpressiveExpressionTrees.Tests/bin/Debug/netcoreapp2.0/ExpressiveExpressionTrees.Tests.dll" adapterTypeName="executor://mstestadapter/v2" className="ExpressiveExpressionTrees.Tests.ExpressionHasherTests.ListInitExpressionHasherTests" name="Test003" /></UnitTest><UnitTest name="Test008" storage="/home/hannasm/expressiveexpressiontreesdotnet/expressiveexpressiontrees.tests/bin/debug/netcoreapp2.0/expressiveexpressiontrees.tests.dll" id="95daee38-c787-adfb-6284-39d6c00edfe9"><Execution id="2d976ad7-3ebd-4677-9e30-892414fb667c" /><TestMethod codeBase="/home/hannasm/ExpressiveExpressionTreesDotNet/ExpressiveExpressionTrees.Tests/bin/Debug/netcoreapp2.0/ExpressiveExpressionTrees.Tests.dll" adapterTypeName="executor://mstestadapter/v2" className="ExpressiveExpressionTrees.Tests.ExpressionVisitorTest.InvokeVisitorTests" name="Test008" /></UnitTest><UnitTest name="Test006" storage="/home/hannasm/expressiveexpressiontreesdotnet/expressiveexpressiontrees.tests/bin/debug/netcoreapp2.0/expressiveexpressiontrees.tests.dll" id="83c9ec87-044c-6643-853e-9251e1115101"><Execution id="87950c4c-2369-40ab-9b7d-03e0b41c14e2" /><TestMethod codeBase="/home/hannasm/ExpressiveExpressionTreesDotNet/ExpressiveExpressionTrees.Tests/bin/Debug/netcoreapp2.0/ExpressiveExpressionTrees.Tests.dll" adapterTypeName="executor://mstestadapter/v2" className="ExpressiveExpressionTrees.Tests.ExpressionComparerTests.GotoExpressionComparerTests" name="Test006" /></UnitTest><UnitTest name="Test100" storage="/home/hannasm/expressiveexpressiontreesdotnet/expressiveexpressiontrees.tests/bin/debug/netcoreapp2.0/expressiveexpressiontrees.tests.dll" id="05971ddc-1242-1402-a2bd-b9e54e6113cc"><Execution id="274339df-5187-4865-b48f-2e8bea224f0b" /><TestMethod codeBase="/home/hannasm/ExpressiveExpressionTreesDotNet/ExpressiveExpressionTrees.Tests/bin/Debug/netcoreapp2.0/ExpressiveExpressionTrees.Tests.dll" adapterTypeName="executor://mstestadapter/v2" className="ExpressiveExpressionTrees.Tests.ExpressionGeneratorMakeBinaryTests" name="Test100" /></UnitTest><UnitTest name="Test005" storage="/home/hannasm/expressiveexpressiontreesdotnet/expressiveexpressiontrees.tests/bin/debug/netcoreapp2.0/expressiveexpressiontrees.tests.dll" id="03788c8d-d06e-4197-eab8-e9a8795a191a"><Execution id="fd0008ee-9da5-40b4-b472-9ad38e15230a" /><TestMethod codeBase="/home/hannasm/ExpressiveExpressionTreesDotNet/ExpressiveExpressionTrees.Tests/bin/Debug/netcoreapp2.0/ExpressiveExpressionTrees.Tests.dll" adapterTypeName="executor://mstestadapter/v2" className="ExpressiveExpressionTrees.Tests.ExpressionVisitorTest.IndexerVisitorTests" name="Test005" /></UnitTest><UnitTest name="Test043" storage="/home/hannasm/expressiveexpressiontreesdotnet/expressiveexpressiontrees.tests/bin/debug/netcoreapp2.0/expressiveexpressiontrees.tests.dll" id="0aec1cda-9332-b9e8-577c-1e08efb97b41"><Execution id="2c3334f8-ad39-4026-877e-e488a9050cc7" /><TestMethod codeBase="/home/hannasm/ExpressiveExpressionTreesDotNet/ExpressiveExpressionTrees.Tests/bin/Debug/netcoreapp2.0/ExpressiveExpressionTrees.Tests.dll" adapterTypeName="executor://mstestadapter/v2" className="ExpressiveExpressionTrees.Tests.ExpressionComparerTests.TryCatchExpressionComparerTests" name="Test043" /></UnitTest><UnitTest name="Test026" storage="/home/hannasm/expressiveexpressiontreesdotnet/expressiveexpressiontrees.tests/bin/debug/netcoreapp2.0/expressiveexpressiontrees.tests.dll" id="6079c4dc-9370-0a3a-fbaf-1414c6a92318"><Execution id="dd3e3f6e-ea66-4888-b006-3d9723fc2e07" /><TestMethod codeBase="/home/hannasm/ExpressiveExpressionTreesDotNet/ExpressiveExpressionTrees.Tests/bin/Debug/netcoreapp2.0/ExpressiveExpressionTrees.Tests.dll" adapterTypeName="executor://mstestadapter/v2" className="ExpressiveExpressionTrees.Tests.ExpressionGeneratorFromActionTests" name="Test026" /></UnitTest><UnitTest name="Test015" storage="/home/hannasm/expressiveexpressiontreesdotnet/expressiveexpressiontrees.tests/bin/debug/netcoreapp2.0/expressiveexpressiontrees.tests.dll" id="88a405f2-04e1-7c84-2424-959c6c54db76"><Execution id="4302830a-18a0-4110-965c-ee7d151958f7" /><TestMethod codeBase="/home/hannasm/ExpressiveExpressionTreesDotNet/ExpressiveExpressionTrees.Tests/bin/Debug/netcoreapp2.0/ExpressiveExpressionTrees.Tests.dll" adapterTypeName="executor://mstestadapter/v2" className="ExpressiveExpressionTrees.Tests.ExpressionComparerTests.BinaryExpressionComparerTests" name="Test015" /></UnitTest><UnitTest name="Test033" storage="/home/hannasm/expressiveexpressiontreesdotnet/expressiveexpressiontrees.tests/bin/debug/netcoreapp2.0/expressiveexpressiontrees.tests.dll" id="009cad5c-3198-1de1-be68-dfff75c67a14"><Execution id="3ca7380d-009d-4f8f-b4cc-fde0921cab05" /><TestMethod codeBase="/home/hannasm/ExpressiveExpressionTreesDotNet/ExpressiveExpressionTrees.Tests/bin/Debug/netcoreapp2.0/ExpressiveExpressionTrees.Tests.dll" adapterTypeName="executor://mstestadapter/v2" className="ExpressiveExpressionTrees.Tests.ExpressionVisitorTest.BinaryVisitorTests" name="Test033" /></UnitTest><UnitTest name="Test001" storage="/home/hannasm/expressiveexpressiontreesdotnet/expressiveexpressiontrees.tests/bin/debug/netcoreapp2.0/expressiveexpressiontrees.tests.dll" id="bdf95130-60fb-ebf2-2f71-1078af040bfb"><Execution id="66e59e83-150a-46d5-aa4e-47fee810b9d6" /><TestMethod codeBase="/home/hannasm/ExpressiveExpressionTreesDotNet/ExpressiveExpressionTrees.Tests/bin/Debug/netcoreapp2.0/ExpressiveExpressionTrees.Tests.dll" adapterTypeName="executor://mstestadapter/v2" className="ExpressiveExpressionTrees.Tests.ExpressionComparerTests.ListInitExpressionComparerTests" name="Test001" /></UnitTest><UnitTest name="Test056" storage="/home/hannasm/expressiveexpressiontreesdotnet/expressiveexpressiontrees.tests/bin/debug/netcoreapp2.0/expressiveexpressiontrees.tests.dll" id="7fc452bf-90fb-e144-2077-1e2606c1e3cb"><Execution id="08103a5e-44d3-40dd-aacd-d818a2d8d7a9" /><TestMethod codeBase="/home/hannasm/ExpressiveExpressionTreesDotNet/ExpressiveExpressionTrees.Tests/bin/Debug/netcoreapp2.0/ExpressiveExpressionTrees.Tests.dll" adapterTypeName="executor://mstestadapter/v2" className="ExpressiveExpressionTrees.Tests.ExpressionComparerTests.BindingsExpressionComparerTests" name="Test056" /></UnitTest><UnitTest name="Test043" storage="/home/hannasm/expressiveexpressiontreesdotnet/expressiveexpressiontrees.tests/bin/debug/netcoreapp2.0/expressiveexpressiontrees.tests.dll" id="383dac05-cbf3-c30d-de8b-b953b597b8e6"><Execution id="24295f93-d351-4415-b8f8-9799fc60c90b" /><TestMethod codeBase="/home/hannasm/ExpressiveExpressionTreesDotNet/ExpressiveExpressionTrees.Tests/bin/Debug/netcoreapp2.0/ExpressiveExpressionTrees.Tests.dll" adapterTypeName="executor://mstestadapter/v2" className="ExpressiveExpressionTrees.Tests.ExpressionComparerTests.BindingsExpressionComparerTests" name="Test043" /></UnitTest><UnitTest name="Test014" storage="/home/hannasm/expressiveexpressiontreesdotnet/expressiveexpressiontrees.tests/bin/debug/netcoreapp2.0/expressiveexpressiontrees.tests.dll" id="76b70162-f7f9-c897-6fbf-b892b381610b"><Execution id="2fcbee33-0fab-484d-b1ce-eafeb8703520" /><TestMethod codeBase="/home/hannasm/ExpressiveExpressionTreesDotNet/ExpressiveExpressionTrees.Tests/bin/Debug/netcoreapp2.0/ExpressiveExpressionTrees.Tests.dll" adapterTypeName="executor://mstestadapter/v2" className="ExpressiveExpressionTrees.Tests.ExpressionReplacerTests.ExpressionReplacerUseCases" name="Test014" /></UnitTest><UnitTest name="Test403" storage="/home/hannasm/expressiveexpressiontreesdotnet/expressiveexpressiontrees.tests/bin/debug/netcoreapp2.0/expressiveexpressiontrees.tests.dll" id="1a616540-71d4-3abd-e9d6-366582ec7be9"><Execution id="dd71f4a9-b6f0-40af-a7e3-92a9110bed5c" /><TestMethod codeBase="/home/hannasm/ExpressiveExpressionTreesDotNet/ExpressiveExpressionTrees.Tests/bin/Debug/netcoreapp2.0/ExpressiveExpressionTrees.Tests.dll" adapterTypeName="executor://mstestadapter/v2" className="ExpressiveExpressionTrees.Tests.ExpressionVisitorTest.BinaryVisitorTests" name="Test403" /></UnitTest><UnitTest name="Test016" storage="/home/hannasm/expressiveexpressiontreesdotnet/expressiveexpressiontrees.tests/bin/debug/netcoreapp2.0/expressiveexpressiontrees.tests.dll" id="e7c00e44-8a95-bcb4-0aed-26bc790c858c"><Execution id="f3fc6c5b-8dec-45b7-bb1f-aae376f825b1" /><TestMethod codeBase="/home/hannasm/ExpressiveExpressionTreesDotNet/ExpressiveExpressionTrees.Tests/bin/Debug/netcoreapp2.0/ExpressiveExpressionTrees.Tests.dll" adapterTypeName="executor://mstestadapter/v2" className="ExpressiveExpressionTrees.Tests.ExpressionComparerTests.NewArrayExpressionComparerTests" name="Test016" /></UnitTest><UnitTest name="Test008" storage="/home/hannasm/expressiveexpressiontreesdotnet/expressiveexpressiontrees.tests/bin/debug/netcoreapp2.0/expressiveexpressiontrees.tests.dll" id="40187280-814f-e103-a489-8ee41cda8f5f"><Execution id="419d79cd-1068-43b6-a18e-7ae115aa2ae0" /><TestMethod codeBase="/home/hannasm/ExpressiveExpressionTreesDotNet/ExpressiveExpressionTrees.Tests/bin/Debug/netcoreapp2.0/ExpressiveExpressionTrees.Tests.dll" adapterTypeName="executor://mstestadapter/v2" className="ExpressiveExpressionTrees.Tests.ExpressionHasherTests.InvocationExpressionHasherTests" name="Test008" /></UnitTest><UnitTest name="Test003" storage="/home/hannasm/expressiveexpressiontreesdotnet/expressiveexpressiontrees.tests/bin/debug/netcoreapp2.0/expressiveexpressiontrees.tests.dll" id="bc2ef306-7c67-f8f2-8c7d-75761efab691"><Execution id="fc89f16b-62f7-41f2-9538-2fb0257a683e" /><TestMethod codeBase="/home/hannasm/ExpressiveExpressionTreesDotNet/ExpressiveExpressionTrees.Tests/bin/Debug/netcoreapp2.0/ExpressiveExpressionTrees.Tests.dll" adapterTypeName="executor://mstestadapter/v2" className="ExpressiveExpressionTrees.Tests.ExpressionHasherTests.InvocationExpressionHasherTests" name="Test003" /></UnitTest><UnitTest name="Test005" storage="/home/hannasm/expressiveexpressiontreesdotnet/expressiveexpressiontrees.tests/bin/debug/netcoreapp2.0/expressiveexpressiontrees.tests.dll" id="2ee426a8-bf43-3d5b-15df-0d34303dee32"><Execution id="9c59b2e1-ae3f-40c4-92d2-1d8c0f495aa1" /><TestMethod codeBase="/home/hannasm/ExpressiveExpressionTreesDotNet/ExpressiveExpressionTrees.Tests/bin/Debug/netcoreapp2.0/ExpressiveExpressionTrees.Tests.dll" adapterTypeName="executor://mstestadapter/v2" className="ExpressiveExpressionTrees.Tests.ExpressionReplacerTests.ExpressionReplacerUseCases" name="Test005" /></UnitTest><UnitTest name="Test025" storage="/home/hannasm/expressiveexpressiontreesdotnet/expressiveexpressiontrees.tests/bin/debug/netcoreapp2.0/expressiveexpressiontrees.tests.dll" id="2dd8db07-074f-4a31-9540-7e59715e572d"><Execution id="a71b4771-bea7-49dc-9e9a-7679b4a6369d" /><TestMethod codeBase="/home/hannasm/ExpressiveExpressionTreesDotNet/ExpressiveExpressionTrees.Tests/bin/Debug/netcoreapp2.0/ExpressiveExpressionTrees.Tests.dll" adapterTypeName="executor://mstestadapter/v2" className="ExpressiveExpressionTrees.Tests.ExpressionHasherTests.ListInitExpressionHasherTests" name="Test025" /></UnitTest><UnitTest name="Test042" storage="/home/hannasm/expressiveexpressiontreesdotnet/expressiveexpressiontrees.tests/bin/debug/netcoreapp2.0/expressiveexpressiontrees.tests.dll" id="18ea4d58-39b1-f4b8-b7f2-dd2088452f93"><Execution id="88497fef-e153-4e6b-b6a3-cf5561090d63" /><TestMethod codeBase="/home/hannasm/ExpressiveExpressionTreesDotNet/ExpressiveExpressionTrees.Tests/bin/Debug/netcoreapp2.0/ExpressiveExpressionTrees.Tests.dll" adapterTypeName="executor://mstestadapter/v2" className="ExpressiveExpressionTrees.Tests.ExpressionHasherTests.BindingsExpressionHasherTests" name="Test042" /></UnitTest><UnitTest name="Test015" storage="/home/hannasm/expressiveexpressiontreesdotnet/expressiveexpressiontrees.tests/bin/debug/netcoreapp2.0/expressiveexpressiontrees.tests.dll" id="c85427c4-7ec6-1f09-57aa-d1539c32d89e"><Execution id="b11201ae-e03e-4a80-891e-294bf7b498b8" /><TestMethod codeBase="/home/hannasm/ExpressiveExpressionTreesDotNet/ExpressiveExpressionTrees.Tests/bin/Debug/netcoreapp2.0/ExpressiveExpressionTrees.Tests.dll" adapterTypeName="executor://mstestadapter/v2" className="ExpressiveExpressionTrees.Tests.ExpressionComparerTests.BindingsExpressionComparerTests" name="Test015" /></UnitTest><UnitTest name="Test237" storage="/home/hannasm/expressiveexpressiontreesdotnet/expressiveexpressiontrees.tests/bin/debug/netcoreapp2.0/expressiveexpressiontrees.tests.dll" id="236a9bff-cb44-9dcf-5b9d-09de92c4e42c"><Execution id="4178b9ac-299a-41c8-8403-6b5ff415e7a9" /><TestMethod codeBase="/home/hannasm/ExpressiveExpressionTreesDotNet/ExpressiveExpressionTrees.Tests/bin/Debug/netcoreapp2.0/ExpressiveExpressionTrees.Tests.dll" adapterTypeName="executor://mstestadapter/v2" className="ExpressiveExpressionTrees.Tests.ExpressionVisitorTest.BinaryVisitorTests" name="Test237" /></UnitTest><UnitTest name="Test022" storage="/home/hannasm/expressiveexpressiontreesdotnet/expressiveexpressiontrees.tests/bin/debug/netcoreapp2.0/expressiveexpressiontrees.tests.dll" id="a5b73157-29dc-3c1a-6484-3e437aec83af"><Execution id="29084ae9-bb21-4b6d-81cf-ccd27c877f98" /><TestMethod codeBase="/home/hannasm/ExpressiveExpressionTreesDotNet/ExpressiveExpressionTrees.Tests/bin/Debug/netcoreapp2.0/ExpressiveExpressionTrees.Tests.dll" adapterTypeName="executor://mstestadapter/v2" className="ExpressiveExpressionTrees.Tests.ExpressionVisitorTest.UnaryVisitorTests" name="Test022" /></UnitTest><UnitTest name="Test032" storage="/home/hannasm/expressiveexpressiontreesdotnet/expressiveexpressiontrees.tests/bin/debug/netcoreapp2.0/expressiveexpressiontrees.tests.dll" id="259ad55f-6f91-b633-7e82-32b693d1f5e6"><Execution id="8a4259ac-02dc-4fe9-98db-ef2aa4df1f67" /><TestMethod codeBase="/home/hannasm/ExpressiveExpressionTreesDotNet/ExpressiveExpressionTrees.Tests/bin/Debug/netcoreapp2.0/ExpressiveExpressionTrees.Tests.dll" adapterTypeName="executor://mstestadapter/v2" className="ExpressiveExpressionTrees.Tests.ExpressionHasherTests.BindingsExpressionHasherTests" name="Test032" /></UnitTest><UnitTest name="Test007" storage="/home/hannasm/expressiveexpressiontreesdotnet/expressiveexpressiontrees.tests/bin/debug/netcoreapp2.0/expressiveexpressiontrees.tests.dll" id="36b79849-34bb-86a3-1578-602c0252557e"><Execution id="06749fa4-c59b-46ba-8445-82072b40c168" /><TestMethod codeBase="/home/hannasm/ExpressiveExpressionTreesDotNet/ExpressiveExpressionTrees.Tests/bin/Debug/netcoreapp2.0/ExpressiveExpressionTrees.Tests.dll" adapterTypeName="executor://mstestadapter/v2" className="ExpressiveExpressionTrees.Tests.ExpressionVisitorTest.IndexerVisitorTests" name="Test007" /></UnitTest><UnitTest name="Test004" storage="/home/hannasm/expressiveexpressiontreesdotnet/expressiveexpressiontrees.tests/bin/debug/netcoreapp2.0/expressiveexpressiontrees.tests.dll" id="7777ceb4-04a7-2685-530a-a35c2cd9c573"><Execution id="d1e604ab-74b0-45dc-a908-7332913d6b81" /><TestMethod codeBase="/home/hannasm/ExpressiveExpressionTreesDotNet/ExpressiveExpressionTrees.Tests/bin/Debug/netcoreapp2.0/ExpressiveExpressionTrees.Tests.dll" adapterTypeName="executor://mstestadapter/v2" className="ExpressiveExpressionTrees.Tests.ExpressionVisitorTest.ConditionalVisitorTests" name="Test004" /></UnitTest><UnitTest name="Test017" storage="/home/hannasm/expressiveexpressiontreesdotnet/expressiveexpressiontrees.tests/bin/debug/netcoreapp2.0/expressiveexpressiontrees.tests.dll" id="d7ee3527-89ea-ae4f-4f74-6f4eebed50de"><Execution id="8dd82d19-ff84-44ae-807a-0a49b8c99ab6" /><TestMethod codeBase="/home/hannasm/ExpressiveExpressionTreesDotNet/ExpressiveExpressionTrees.Tests/bin/Debug/netcoreapp2.0/ExpressiveExpressionTrees.Tests.dll" adapterTypeName="executor://mstestadapter/v2" className="ExpressiveExpressionTrees.Tests.ExpressionVisitorTest.BinaryVisitorTests" name="Test017" /></UnitTest><UnitTest name="Test028" storage="/home/hannasm/expressiveexpressiontreesdotnet/expressiveexpressiontrees.tests/bin/debug/netcoreapp2.0/expressiveexpressiontrees.tests.dll" id="3135988c-e215-48b8-6bdd-e1c1a093b3a2"><Execution id="0e23788d-7914-413d-98a6-158ef4124437" /><TestMethod codeBase="/home/hannasm/ExpressiveExpressionTreesDotNet/ExpressiveExpressionTrees.Tests/bin/Debug/netcoreapp2.0/ExpressiveExpressionTrees.Tests.dll" adapterTypeName="executor://mstestadapter/v2" className="ExpressiveExpressionTrees.Tests.ExpressionVisitorTest.UnaryVisitorTests" name="Test028" /></UnitTest><UnitTest name="Test029" storage="/home/hannasm/expressiveexpressiontreesdotnet/expressiveexpressiontrees.tests/bin/debug/netcoreapp2.0/expressiveexpressiontrees.tests.dll" id="c1822651-d837-ac2b-4bc2-f2a4fb7d95d7"><Execution id="d80a121b-b9f9-4fe3-8fd2-a3f80524aa4e" /><TestMethod codeBase="/home/hannasm/ExpressiveExpressionTreesDotNet/ExpressiveExpressionTrees.Tests/bin/Debug/netcoreapp2.0/ExpressiveExpressionTrees.Tests.dll" adapterTypeName="executor://mstestadapter/v2" className="ExpressiveExpressionTrees.Tests.ExpressionComparerTests.ListInitExpressionComparerTests" name="Test029" /></UnitTest><UnitTest name="Test003" storage="/home/hannasm/expressiveexpressiontreesdotnet/expressiveexpressiontrees.tests/bin/debug/netcoreapp2.0/expressiveexpressiontrees.tests.dll" id="7c472fab-cce0-4281-3933-f59e6ec4b599"><Execution id="46c510eb-34a1-4b8a-a8e2-e37bf0a2f578" /><TestMethod codeBase="/home/hannasm/ExpressiveExpressionTreesDotNet/ExpressiveExpressionTrees.Tests/bin/Debug/netcoreapp2.0/ExpressiveExpressionTrees.Tests.dll" adapterTypeName="executor://mstestadapter/v2" className="ExpressiveExpressionTrees.Tests.ExpressionHasherTests.NewExpressionHasherTests" name="Test003" /></UnitTest><UnitTest name="Test007" storage="/home/hannasm/expressiveexpressiontreesdotnet/expressiveexpressiontrees.tests/bin/debug/netcoreapp2.0/expressiveexpressiontrees.tests.dll" id="a1514974-d3bc-4b85-c2bd-905dd649589e"><Execution id="7903dac0-baf9-4e66-ad5a-e0a5170a1a46" /><TestMethod codeBase="/home/hannasm/ExpressiveExpressionTreesDotNet/ExpressiveExpressionTrees.Tests/bin/Debug/netcoreapp2.0/ExpressiveExpressionTrees.Tests.dll" adapterTypeName="executor://mstestadapter/v2" className="ExpressiveExpressionTrees.Tests.ExpressionHasherTests.NewExpressionHasherTests" name="Test007" /></UnitTest><UnitTest name="Test002" storage="/home/hannasm/expressiveexpressiontreesdotnet/expressiveexpressiontrees.tests/bin/debug/netcoreapp2.0/expressiveexpressiontrees.tests.dll" id="3d03ae2f-ae5f-5013-efe6-d31d770a62e8"><Execution id="4e0e35d0-2f6e-4292-b51c-6cba5d1e2a36" /><TestMethod codeBase="/home/hannasm/ExpressiveExpressionTreesDotNet/ExpressiveExpressionTrees.Tests/bin/Debug/netcoreapp2.0/ExpressiveExpressionTrees.Tests.dll" adapterTypeName="executor://mstestadapter/v2" className="ExpressiveExpressionTrees.Tests.ExpressionFinderTests" name="Test002" /></UnitTest><UnitTest name="Test014" storage="/home/hannasm/expressiveexpressiontreesdotnet/expressiveexpressiontrees.tests/bin/debug/netcoreapp2.0/expressiveexpressiontrees.tests.dll" id="73f0d6a8-9ac8-4466-b88c-5be2a7dc3390"><Execution id="0f2f8e6d-b9b0-43a0-a2a1-829f18e04854" /><TestMethod codeBase="/home/hannasm/ExpressiveExpressionTreesDotNet/ExpressiveExpressionTrees.Tests/bin/Debug/netcoreapp2.0/ExpressiveExpressionTrees.Tests.dll" adapterTypeName="executor://mstestadapter/v2" className="ExpressiveExpressionTrees.Tests.ExpressionGeneratorFromActionTests" name="Test014" /></UnitTest><UnitTest name="Test219" storage="/home/hannasm/expressiveexpressiontreesdotnet/expressiveexpressiontrees.tests/bin/debug/netcoreapp2.0/expressiveexpressiontrees.tests.dll" id="8e77c415-3233-4a04-9b77-9b514d5b2585"><Execution id="b5b779be-2589-4ca7-8167-bfe51e25409d" /><TestMethod codeBase="/home/hannasm/ExpressiveExpressionTreesDotNet/ExpressiveExpressionTrees.Tests/bin/Debug/netcoreapp2.0/ExpressiveExpressionTrees.Tests.dll" adapterTypeName="executor://mstestadapter/v2" className="ExpressiveExpressionTrees.Tests.ExpressionVisitorTest.BinaryVisitorTests" name="Test219" /></UnitTest><UnitTest name="Test044" storage="/home/hannasm/expressiveexpressiontreesdotnet/expressiveexpressiontrees.tests/bin/debug/netcoreapp2.0/expressiveexpressiontrees.tests.dll" id="782a793b-b1f7-8311-4849-f026c39baecc"><Execution id="22c6e739-930b-4e20-bc16-93a3d573001d" /><TestMethod codeBase="/home/hannasm/ExpressiveExpressionTreesDotNet/ExpressiveExpressionTrees.Tests/bin/Debug/netcoreapp2.0/ExpressiveExpressionTrees.Tests.dll" adapterTypeName="executor://mstestadapter/v2" className="ExpressiveExpressionTrees.Tests.ExpressionHasherTests.BindingsExpressionHasherTests" name="Test044" /></UnitTest><UnitTest name="Test028" storage="/home/hannasm/expressiveexpressiontreesdotnet/expressiveexpressiontrees.tests/bin/debug/netcoreapp2.0/expressiveexpressiontrees.tests.dll" id="53f78f97-4400-7953-92fe-3f186765ae4d"><Execution id="9d8bbafc-cb59-498e-8855-3944620d8153" /><TestMethod codeBase="/home/hannasm/ExpressiveExpressionTreesDotNet/ExpressiveExpressionTrees.Tests/bin/Debug/netcoreapp2.0/ExpressiveExpressionTrees.Tests.dll" adapterTypeName="executor://mstestadapter/v2" className="ExpressiveExpressionTrees.Tests.ExpressionVisitorTest.NewArrayVisitorTests" name="Test028" /></UnitTest><UnitTest name="Test106" storage="/home/hannasm/expressiveexpressiontreesdotnet/expressiveexpressiontrees.tests/bin/debug/netcoreapp2.0/expressiveexpressiontrees.tests.dll" id="538190cf-daf2-3ea5-0fa2-72c42fdc7991"><Execution id="ec2aa491-3353-4cb7-8019-d7b6940c7805" /><TestMethod codeBase="/home/hannasm/ExpressiveExpressionTreesDotNet/ExpressiveExpressionTrees.Tests/bin/Debug/netcoreapp2.0/ExpressiveExpressionTrees.Tests.dll" adapterTypeName="executor://mstestadapter/v2" className="ExpressiveExpressionTrees.Tests.ExpressionVisitorTest.BinaryVisitorTests" name="Test106" /></UnitTest><UnitTest name="Test015" storage="/home/hannasm/expressiveexpressiontreesdotnet/expressiveexpressiontrees.tests/bin/debug/netcoreapp2.0/expressiveexpressiontrees.tests.dll" id="d0ad4af6-79bb-1721-f1da-a47548d6973b"><Execution id="06f47ac2-28f3-44a3-84cf-74515c8df583" /><TestMethod codeBase="/home/hannasm/ExpressiveExpressionTreesDotNet/ExpressiveExpressionTrees.Tests/bin/Debug/netcoreapp2.0/ExpressiveExpressionTrees.Tests.dll" adapterTypeName="executor://mstestadapter/v2" className="ExpressiveExpressionTrees.Tests.ExpressionComparerTests.UnaryExpressionComparerTests" name="Test015" /></UnitTest><UnitTest name="Test003" storage="/home/hannasm/expressiveexpressiontreesdotnet/expressiveexpressiontrees.tests/bin/debug/netcoreapp2.0/expressiveexpressiontrees.tests.dll" id="75e771ab-7553-f35e-a6b1-d7202a3bddc5"><Execution id="868cd940-fb68-4934-a476-a05c345f204c" /><TestMethod codeBase="/home/hannasm/ExpressiveExpressionTreesDotNet/ExpressiveExpressionTrees.Tests/bin/Debug/netcoreapp2.0/ExpressiveExpressionTrees.Tests.dll" adapterTypeName="executor://mstestadapter/v2" className="ExpressiveExpressionTrees.Tests.ExpressionVisitorTest.ConditionalVisitorTests" name="Test003" /></UnitTest><UnitTest name="Test026" storage="/home/hannasm/expressiveexpressiontreesdotnet/expressiveexpressiontrees.tests/bin/debug/netcoreapp2.0/expressiveexpressiontrees.tests.dll" id="477ec4b5-b6f2-0825-8396-6b95ad20a14f"><Execution id="b8306052-1793-4e4c-a38e-fccb3321b6ab" /><TestMethod codeBase="/home/hannasm/ExpressiveExpressionTreesDotNet/ExpressiveExpressionTrees.Tests/bin/Debug/netcoreapp2.0/ExpressiveExpressionTrees.Tests.dll" adapterTypeName="executor://mstestadapter/v2" className="ExpressiveExpressionTrees.Tests.ExpressionComparerTests.BindingsExpressionComparerTests" name="Test026" /></UnitTest><UnitTest name="Test005" storage="/home/hannasm/expressiveexpressiontreesdotnet/expressiveexpressiontrees.tests/bin/debug/netcoreapp2.0/expressiveexpressiontrees.tests.dll" id="740a12e0-c639-9012-b9dc-e1c9632fd8c7"><Execution id="5b4bbe78-0ee1-466d-b659-51837e58b269" /><TestMethod codeBase="/home/hannasm/ExpressiveExpressionTreesDotNet/ExpressiveExpressionTrees.Tests/bin/Debug/netcoreapp2.0/ExpressiveExpressionTrees.Tests.dll" adapterTypeName="executor://mstestadapter/v2" className="ExpressiveExpressionTrees.Tests.ExpressionHasherTests.MemberAccessExpressionHasherTests" name="Test005" /></UnitTest><UnitTest name="Test001" storage="/home/hannasm/expressiveexpressiontreesdotnet/expressiveexpressiontrees.tests/bin/debug/netcoreapp2.0/expressiveexpressiontrees.tests.dll" id="f3b8df70-c353-2e2a-9738-ef6c7f19653a"><Execution id="05c07a54-57b2-43fb-be35-ae54432ff8b9" /><TestMethod codeBase="/home/hannasm/ExpressiveExpressionTreesDotNet/ExpressiveExpressionTrees.Tests/bin/Debug/netcoreapp2.0/ExpressiveExpressionTrees.Tests.dll" adapterTypeName="executor://mstestadapter/v2" className="ExpressiveExpressionTrees.Tests.ExpressionComparerTests.NewExpressionComparerTests" name="Test001" /></UnitTest><UnitTest name="Test004" storage="/home/hannasm/expressiveexpressiontreesdotnet/expressiveexpressiontrees.tests/bin/debug/netcoreapp2.0/expressiveexpressiontrees.tests.dll" id="5112f979-0db9-e193-dc93-4589f66226c4"><Execution id="36ca184f-da04-4412-8fc1-190f4c745eca" /><TestMethod codeBase="/home/hannasm/ExpressiveExpressionTreesDotNet/ExpressiveExpressionTrees.Tests/bin/Debug/netcoreapp2.0/ExpressiveExpressionTrees.Tests.dll" adapterTypeName="executor://mstestadapter/v2" className="ExpressiveExpressionTrees.Tests.ExpressionVisitorTest.MethodCallVisitorTests" name="Test004" /></UnitTest><UnitTest name="Test046" storage="/home/hannasm/expressiveexpressiontreesdotnet/expressiveexpressiontrees.tests/bin/debug/netcoreapp2.0/expressiveexpressiontrees.tests.dll" id="fbb6f415-9ad0-fd1e-6279-50533c753594"><Execution id="901ee2dc-7e26-4c75-855b-e55cc7f56041" /><TestMethod codeBase="/home/hannasm/ExpressiveExpressionTreesDotNet/ExpressiveExpressionTrees.Tests/bin/Debug/netcoreapp2.0/ExpressiveExpressionTrees.Tests.dll" adapterTypeName="executor://mstestadapter/v2" className="ExpressiveExpressionTrees.Tests.ExpressionComparerTests.BindingsExpressionComparerTests" name="Test046" /></UnitTest><UnitTest name="Test008" storage="/home/hannasm/expressiveexpressiontreesdotnet/expressiveexpressiontrees.tests/bin/debug/netcoreapp2.0/expressiveexpressiontrees.tests.dll" id="14354b2d-eb96-0ca2-999e-bcd8b33a78a9"><Execution id="73819fea-69ee-4bf6-a96b-e0fbf0d35107" /><TestMethod codeBase="/home/hannasm/ExpressiveExpressionTreesDotNet/ExpressiveExpressionTrees.Tests/bin/Debug/netcoreapp2.0/ExpressiveExpressionTrees.Tests.dll" adapterTypeName="executor://mstestadapter/v2" className="ExpressiveExpressionTrees.Tests.ExpressionHasherTests.MemberAccessExpressionHasherTests" name="Test008" /></UnitTest><UnitTest name="Test010" storage="/home/hannasm/expressiveexpressiontreesdotnet/expressiveexpressiontrees.tests/bin/debug/netcoreapp2.0/expressiveexpressiontrees.tests.dll" id="3e57fbbc-7c6b-16b7-3d7b-e601b68d2f83"><Execution id="0f9ffb20-171d-4696-acb4-4d6e70cb4dcc" /><TestMethod codeBase="/home/hannasm/ExpressiveExpressionTreesDotNet/ExpressiveExpressionTrees.Tests/bin/Debug/netcoreapp2.0/ExpressiveExpressionTrees.Tests.dll" adapterTypeName="executor://mstestadapter/v2" className="ExpressiveExpressionTrees.Tests.ExpressionHasherTests.NewArrayExpressionHasherTests" name="Test010" /></UnitTest><UnitTest name="Test023" storage="/home/hannasm/expressiveexpressiontreesdotnet/expressiveexpressiontrees.tests/bin/debug/netcoreapp2.0/expressiveexpressiontrees.tests.dll" id="165af5f6-ab1e-e147-e19c-f048f0c6a46d"><Execution id="962b2599-63e6-4ca8-aaf2-d4f71b54fb72" /><TestMethod codeBase="/home/hannasm/ExpressiveExpressionTreesDotNet/ExpressiveExpressionTrees.Tests/bin/Debug/netcoreapp2.0/ExpressiveExpressionTrees.Tests.dll" adapterTypeName="executor://mstestadapter/v2" className="ExpressiveExpressionTrees.Tests.ExpressionComparerTests.BinaryExpressionComparerTests" name="Test023" /></UnitTest><UnitTest name="Test013" storage="/home/hannasm/expressiveexpressiontreesdotnet/expressiveexpressiontrees.tests/bin/debug/netcoreapp2.0/expressiveexpressiontrees.tests.dll" id="c159b2ff-e17c-2bd4-0aa0-c61374613841"><Execution id="f1c87b68-ebfa-46d8-bd0c-8ce2925ec957" /><TestMethod codeBase="/home/hannasm/ExpressiveExpressionTreesDotNet/ExpressiveExpressionTrees.Tests/bin/Debug/netcoreapp2.0/ExpressiveExpressionTrees.Tests.dll" adapterTypeName="executor://mstestadapter/v2" className="ExpressiveExpressionTrees.Tests.ExpressionHasherTests.ListInitExpressionHasherTests" name="Test013" /></UnitTest><UnitTest name="Test008" storage="/home/hannasm/expressiveexpressiontreesdotnet/expressiveexpressiontrees.tests/bin/debug/netcoreapp2.0/expressiveexpressiontrees.tests.dll" id="2b2643d2-dc21-a9b3-026a-a9322cd6a656"><Execution id="30e30978-5218-401a-a7bd-abe7f58560aa" /><TestMethod codeBase="/home/hannasm/ExpressiveExpressionTreesDotNet/ExpressiveExpressionTrees.Tests/bin/Debug/netcoreapp2.0/ExpressiveExpressionTrees.Tests.dll" adapterTypeName="executor://mstestadapter/v2" className="ExpressiveExpressionTrees.Tests.ExpressionVisitorTest.MethodCallVisitorTests" name="Test008" /></UnitTest><UnitTest name="Test131" storage="/home/hannasm/expressiveexpressiontreesdotnet/expressiveexpressiontrees.tests/bin/debug/netcoreapp2.0/expressiveexpressiontrees.tests.dll" id="ad14716a-ebda-8e04-391d-2f2b6cd2111d"><Execution id="ead51689-2751-4f42-867b-ef29a8f65fb2" /><TestMethod codeBase="/home/hannasm/ExpressiveExpressionTreesDotNet/ExpressiveExpressionTrees.Tests/bin/Debug/netcoreapp2.0/ExpressiveExpressionTrees.Tests.dll" adapterTypeName="executor://mstestadapter/v2" className="ExpressiveExpressionTrees.Tests.ExpressionVisitorTest.BinaryVisitorTests" name="Test131" /></UnitTest><UnitTest name="Test320" storage="/home/hannasm/expressiveexpressiontreesdotnet/expressiveexpressiontrees.tests/bin/debug/netcoreapp2.0/expressiveexpressiontrees.tests.dll" id="590d5dcb-96ac-8700-e750-32eed3a6e4b1"><Execution id="1fc5406b-319a-41b6-b087-f3e8d358c136" /><TestMethod codeBase="/home/hannasm/ExpressiveExpressionTreesDotNet/ExpressiveExpressionTrees.Tests/bin/Debug/netcoreapp2.0/ExpressiveExpressionTrees.Tests.dll" adapterTypeName="executor://mstestadapter/v2" className="ExpressiveExpressionTrees.Tests.ExpressionVisitorTest.BinaryVisitorTests" name="Test320" /></UnitTest><UnitTest name="Test005" storage="/home/hannasm/expressiveexpressiontreesdotnet/expressiveexpressiontrees.tests/bin/debug/netcoreapp2.0/expressiveexpressiontrees.tests.dll" id="edb08a57-393d-a591-c3fb-99ebfc9eadc5"><Execution id="d0ac2328-dd53-4366-8003-25589613308c" /><TestMethod codeBase="/home/hannasm/ExpressiveExpressionTreesDotNet/ExpressiveExpressionTrees.Tests/bin/Debug/netcoreapp2.0/ExpressiveExpressionTrees.Tests.dll" adapterTypeName="executor://mstestadapter/v2" className="ExpressiveExpressionTrees.Tests.ExpressionVisitorTest.MethodCallVisitorTests" name="Test005" /></UnitTest><UnitTest name="Test015" storage="/home/hannasm/expressiveexpressiontreesdotnet/expressiveexpressiontrees.tests/bin/debug/netcoreapp2.0/expressiveexpressiontrees.tests.dll" id="a4b0ad43-8b91-87a1-7e6d-c48f1aa48edf"><Execution id="f395c167-b73f-4d70-9c19-9f4a449bffd3" /><TestMethod codeBase="/home/hannasm/ExpressiveExpressionTreesDotNet/ExpressiveExpressionTrees.Tests/bin/Debug/netcoreapp2.0/ExpressiveExpressionTrees.Tests.dll" adapterTypeName="executor://mstestadapter/v2" className="ExpressiveExpressionTrees.Tests.ExpressionHasherTests.NewExpressionHasherTests" name="Test015" /></UnitTest><UnitTest name="Test011" storage="/home/hannasm/expressiveexpressiontreesdotnet/expressiveexpressiontrees.tests/bin/debug/netcoreapp2.0/expressiveexpressiontrees.tests.dll" id="cf736003-2e8c-23ac-99a8-e2c36f7ba566"><Execution id="a1b93ef8-5dc6-4a31-b42c-d0a22a2c60de" /><TestMethod codeBase="/home/hannasm/ExpressiveExpressionTreesDotNet/ExpressiveExpressionTrees.Tests/bin/Debug/netcoreapp2.0/ExpressiveExpressionTrees.Tests.dll" adapterTypeName="executor://mstestadapter/v2" className="ExpressiveExpressionTrees.Tests.ExpressionHasherTests.BinaryExpressionHasherTests" name="Test011" /></UnitTest><UnitTest name="Test022" storage="/home/hannasm/expressiveexpressiontreesdotnet/expressiveexpressiontrees.tests/bin/debug/netcoreapp2.0/expressiveexpressiontrees.tests.dll" id="e82962e2-cda3-f439-e7d7-8d968930f93a"><Execution id="49efd0dc-5128-439d-a604-8afdc0bf37be" /><TestMethod codeBase="/home/hannasm/ExpressiveExpressionTreesDotNet/ExpressiveExpressionTrees.Tests/bin/Debug/netcoreapp2.0/ExpressiveExpressionTrees.Tests.dll" adapterTypeName="executor://mstestadapter/v2" className="ExpressiveExpressionTrees.Tests.ExpressionComparerTests.TryCatchExpressionComparerTests" name="Test022" /></UnitTest><UnitTest name="Test312" storage="/home/hannasm/expressiveexpressiontreesdotnet/expressiveexpressiontrees.tests/bin/debug/netcoreapp2.0/expressiveexpressiontrees.tests.dll" id="f7aa60fc-26b0-7348-1766-96c8c2000f8e"><Execution id="6462c193-7ccc-4fbc-8214-8d1a50173c18" /><TestMethod codeBase="/home/hannasm/ExpressiveExpressionTreesDotNet/ExpressiveExpressionTrees.Tests/bin/Debug/netcoreapp2.0/ExpressiveExpressionTrees.Tests.dll" adapterTypeName="executor://mstestadapter/v2" className="ExpressiveExpressionTrees.Tests.ExpressionVisitorTest.BinaryVisitorTests" name="Test312" /></UnitTest><UnitTest name="Test307" storage="/home/hannasm/expressiveexpressiontreesdotnet/expressiveexpressiontrees.tests/bin/debug/netcoreapp2.0/expressiveexpressiontrees.tests.dll" id="78a718d7-9f6b-c905-85bb-8afd6d1ed769"><Execution id="0688f230-7829-4d3a-8af2-6cf541facf87" /><TestMethod codeBase="/home/hannasm/ExpressiveExpressionTreesDotNet/ExpressiveExpressionTrees.Tests/bin/Debug/netcoreapp2.0/ExpressiveExpressionTrees.Tests.dll" adapterTypeName="executor://mstestadapter/v2" className="ExpressiveExpressionTrees.Tests.ExpressionVisitorTest.BinaryVisitorTests" name="Test307" /></UnitTest><UnitTest name="Test014" storage="/home/hannasm/expressiveexpressiontreesdotnet/expressiveexpressiontrees.tests/bin/debug/netcoreapp2.0/expressiveexpressiontrees.tests.dll" id="2784777a-6186-0d47-2eb0-1ae737fda67f"><Execution id="f52e37ad-8f46-47cc-9cd9-8a396a2bbafc" /><TestMethod codeBase="/home/hannasm/ExpressiveExpressionTreesDotNet/ExpressiveExpressionTrees.Tests/bin/Debug/netcoreapp2.0/ExpressiveExpressionTrees.Tests.dll" adapterTypeName="executor://mstestadapter/v2" className="ExpressiveExpressionTrees.Tests.ExpressionComparerTests.UnaryExpressionComparerTests" name="Test014" /></UnitTest><UnitTest name="Test011" storage="/home/hannasm/expressiveexpressiontreesdotnet/expressiveexpressiontrees.tests/bin/debug/netcoreapp2.0/expressiveexpressiontrees.tests.dll" id="29e05563-95fd-b15d-2b4a-cf82a4b7ef76"><Execution id="77a66c82-4309-4813-9ccd-de7b3f5b7885" /><TestMethod codeBase="/home/hannasm/ExpressiveExpressionTreesDotNet/ExpressiveExpressionTrees.Tests/bin/Debug/netcoreapp2.0/ExpressiveExpressionTrees.Tests.dll" adapterTypeName="executor://mstestadapter/v2" className="ExpressiveExpressionTrees.Tests.ExpressionGeneratorFromFuncTests" name="Test011" /></UnitTest><UnitTest name="Test022" storage="/home/hannasm/expressiveexpressiontreesdotnet/expressiveexpressiontrees.tests/bin/debug/netcoreapp2.0/expressiveexpressiontrees.tests.dll" id="d827611d-5b7c-7fe6-1468-74871bd73632"><Execution id="cd50f613-5809-409d-9acf-e928c08c26d8" /><TestMethod codeBase="/home/hannasm/ExpressiveExpressionTreesDotNet/ExpressiveExpressionTrees.Tests/bin/Debug/netcoreapp2.0/ExpressiveExpressionTrees.Tests.dll" adapterTypeName="executor://mstestadapter/v2" className="ExpressiveExpressionTrees.Tests.ExpressionHasherTests.BinaryExpressionHasherTests" name="Test022" /></UnitTest><UnitTest name="Test135" storage="/home/hannasm/expressiveexpressiontreesdotnet/expressiveexpressiontrees.tests/bin/debug/netcoreapp2.0/expressiveexpressiontrees.tests.dll" id="79c45573-1d50-c1e0-c7dc-fd4829abd0a0"><Execution id="1c70742e-9124-4603-b420-5a880626b6de" /><TestMethod codeBase="/home/hannasm/ExpressiveExpressionTreesDotNet/ExpressiveExpressionTrees.Tests/bin/Debug/netcoreapp2.0/ExpressiveExpressionTrees.Tests.dll" adapterTypeName="executor://mstestadapter/v2" className="ExpressiveExpressionTrees.Tests.ExpressionVisitorTest.BinaryVisitorTests" name="Test135" /></UnitTest><UnitTest name="Test026" storage="/home/hannasm/expressiveexpressiontreesdotnet/expressiveexpressiontrees.tests/bin/debug/netcoreapp2.0/expressiveexpressiontrees.tests.dll" id="0dd9405a-f3df-fd86-a330-066f58f77dff"><Execution id="c5a5dd0a-3d53-413b-8f03-613ee86b4a2f" /><TestMethod codeBase="/home/hannasm/ExpressiveExpressionTreesDotNet/ExpressiveExpressionTrees.Tests/bin/Debug/netcoreapp2.0/ExpressiveExpressionTrees.Tests.dll" adapterTypeName="executor://mstestadapter/v2" className="ExpressiveExpressionTrees.Tests.ExpressionComparerTests.MemberInitVisitorTests" name="Test026" /></UnitTest><UnitTest name="Test004" storage="/home/hannasm/expressiveexpressiontreesdotnet/expressiveexpressiontrees.tests/bin/debug/netcoreapp2.0/expressiveexpressiontrees.tests.dll" id="62805276-83e3-105b-f407-f4d4eaf5922c"><Execution id="0c8f1148-d36a-4d80-8589-171eb19feeef" /><TestMethod codeBase="/home/hannasm/ExpressiveExpressionTreesDotNet/ExpressiveExpressionTrees.Tests/bin/Debug/netcoreapp2.0/ExpressiveExpressionTrees.Tests.dll" adapterTypeName="executor://mstestadapter/v2" className="ExpressiveExpressionTrees.Tests.ExpressionComparerTests.ParameterExpressionComparerTests" name="Test004" /></UnitTest><UnitTest name="Test004" storage="/home/hannasm/expressiveexpressiontreesdotnet/expressiveexpressiontrees.tests/bin/debug/netcoreapp2.0/expressiveexpressiontrees.tests.dll" id="a45a145d-7699-ce66-d96d-6d5aed411886"><Execution id="7e1ba45e-8880-45eb-9700-1915ea601239" /><TestMethod codeBase="/home/hannasm/ExpressiveExpressionTreesDotNet/ExpressiveExpressionTrees.Tests/bin/Debug/netcoreapp2.0/ExpressiveExpressionTrees.Tests.dll" adapterTypeName="executor://mstestadapter/v2" className="ExpressiveExpressionTrees.Tests.ExpressionComparerTests.MethodCallExpressionComparerTests" name="Test004" /></UnitTest><UnitTest name="Test003" storage="/home/hannasm/expressiveexpressiontreesdotnet/expressiveexpressiontrees.tests/bin/debug/netcoreapp2.0/expressiveexpressiontrees.tests.dll" id="96edacb4-59df-a83f-631e-a9a87ac38e8d"><Execution id="7f7495e0-870c-4718-adbc-caf50f6c5743" /><TestMethod codeBase="/home/hannasm/ExpressiveExpressionTreesDotNet/ExpressiveExpressionTrees.Tests/bin/Debug/netcoreapp2.0/ExpressiveExpressionTrees.Tests.dll" adapterTypeName="executor://mstestadapter/v2" className="ExpressiveExpressionTrees.Tests.ExpressionHasherTests.ParameterExpressionHasherTests" name="Test003" /></UnitTest><UnitTest name="Test018" storage="/home/hannasm/expressiveexpressiontreesdotnet/expressiveexpressiontrees.tests/bin/debug/netcoreapp2.0/expressiveexpressiontrees.tests.dll" id="4ede6f0e-bcb8-8ca7-c020-ddf1f3de5e08"><Execution id="4a633bb5-857e-438d-b995-e4f8920f2e08" /><TestMethod codeBase="/home/hannasm/ExpressiveExpressionTreesDotNet/ExpressiveExpressionTrees.Tests/bin/Debug/netcoreapp2.0/ExpressiveExpressionTrees.Tests.dll" adapterTypeName="executor://mstestadapter/v2" className="ExpressiveExpressionTrees.Tests.ExpressionHasherTests.BindingsExpressionHasherTests" name="Test018" /></UnitTest><UnitTest name="Test019" storage="/home/hannasm/expressiveexpressiontreesdotnet/expressiveexpressiontrees.tests/bin/debug/netcoreapp2.0/expressiveexpressiontrees.tests.dll" id="85195b57-5178-ae13-45c5-5d59f8543b4d"><Execution id="ef0c381e-c266-4240-bae2-5154c2523886" /><TestMethod codeBase="/home/hannasm/ExpressiveExpressionTreesDotNet/ExpressiveExpressionTrees.Tests/bin/Debug/netcoreapp2.0/ExpressiveExpressionTrees.Tests.dll" adapterTypeName="executor://mstestadapter/v2" className="ExpressiveExpressionTrees.Tests.ExpressionVisitorTest.ListInitVisitorTests" name="Test019" /></UnitTest><UnitTest name="Test034" storage="/home/hannasm/expressiveexpressiontreesdotnet/expressiveexpressiontrees.tests/bin/debug/netcoreapp2.0/expressiveexpressiontrees.tests.dll" id="b2886360-ede8-257d-1fb6-b9f7946e0aad"><Execution id="9d1a255f-ed0b-46f3-8c48-31cbd5fb3613" /><TestMethod codeBase="/home/hannasm/ExpressiveExpressionTreesDotNet/ExpressiveExpressionTrees.Tests/bin/Debug/netcoreapp2.0/ExpressiveExpressionTrees.Tests.dll" adapterTypeName="executor://mstestadapter/v2" className="ExpressiveExpressionTrees.Tests.ExpressionHasherTests.BindingsExpressionHasherTests" name="Test034" /></UnitTest><UnitTest name="Test015" storage="/home/hannasm/expressiveexpressiontreesdotnet/expressiveexpressiontrees.tests/bin/debug/netcoreapp2.0/expressiveexpressiontrees.tests.dll" id="cf295fec-0d12-ac6f-b8c9-a971d1e21111"><Execution id="f17a7d6d-5f7d-4b5b-a00e-5f736a1900cb" /><TestMethod codeBase="/home/hannasm/ExpressiveExpressionTreesDotNet/ExpressiveExpressionTrees.Tests/bin/Debug/netcoreapp2.0/ExpressiveExpressionTrees.Tests.dll" adapterTypeName="executor://mstestadapter/v2" className="ExpressiveExpressionTrees.Tests.ExpressionVisitorTest.NewVisitorTests" name="Test015" /></UnitTest><UnitTest name="Test028" storage="/home/hannasm/expressiveexpressiontreesdotnet/expressiveexpressiontrees.tests/bin/debug/netcoreapp2.0/expressiveexpressiontrees.tests.dll" id="d72666bb-9123-d707-9c79-3602a5b134ac"><Execution id="bbcb837b-0c39-4972-b3d0-7688e702c713" /><TestMethod codeBase="/home/hannasm/ExpressiveExpressionTreesDotNet/ExpressiveExpressionTrees.Tests/bin/Debug/netcoreapp2.0/ExpressiveExpressionTrees.Tests.dll" adapterTypeName="executor://mstestadapter/v2" className="ExpressiveExpressionTrees.Tests.ExpressionComparerTests.BindingsExpressionComparerTests" name="Test028" /></UnitTest><UnitTest name="Test016" storage="/home/hannasm/expressiveexpressiontreesdotnet/expressiveexpressiontrees.tests/bin/debug/netcoreapp2.0/expressiveexpressiontrees.tests.dll" id="cdc828ed-ea87-f7d1-0cf9-42a4000c6a06"><Execution id="b76fa59d-dfba-4fd7-8f66-77a0567bebeb" /><TestMethod codeBase="/home/hannasm/ExpressiveExpressionTreesDotNet/ExpressiveExpressionTrees.Tests/bin/Debug/netcoreapp2.0/ExpressiveExpressionTrees.Tests.dll" adapterTypeName="executor://mstestadapter/v2" className="ExpressiveExpressionTrees.Tests.ExpressionComparerTests.NewExpressionComparerTests" name="Test016" /></UnitTest><UnitTest name="Test015" storage="/home/hannasm/expressiveexpressiontreesdotnet/expressiveexpressiontrees.tests/bin/debug/netcoreapp2.0/expressiveexpressiontrees.tests.dll" id="a23de17d-6ab7-0bc9-4a2a-e92d8a31f890"><Execution id="c70297e5-16a0-4243-b1a7-beedf40b0216" /><TestMethod codeBase="/home/hannasm/ExpressiveExpressionTreesDotNet/ExpressiveExpressionTrees.Tests/bin/Debug/netcoreapp2.0/ExpressiveExpressionTrees.Tests.dll" adapterTypeName="executor://mstestadapter/v2" className="ExpressiveExpressionTrees.Tests.ExpressionGeneratorFromActionTests" name="Test015" /></UnitTest><UnitTest name="Test053" storage="/home/hannasm/expressiveexpressiontreesdotnet/expressiveexpressiontrees.tests/bin/debug/netcoreapp2.0/expressiveexpressiontrees.tests.dll" id="a6ed6878-eef1-b8f5-46d6-abdc42f20324"><Execution id="ef9c4bf8-2747-44cd-9130-4ffefa552a1f" /><TestMethod codeBase="/home/hannasm/ExpressiveExpressionTreesDotNet/ExpressiveExpressionTrees.Tests/bin/Debug/netcoreapp2.0/ExpressiveExpressionTrees.Tests.dll" adapterTypeName="executor://mstestadapter/v2" className="ExpressiveExpressionTrees.Tests.ExpressionGeneratorMakeBinaryTests" name="Test053" /></UnitTest><UnitTest name="Test006" storage="/home/hannasm/expressiveexpressiontreesdotnet/expressiveexpressiontrees.tests/bin/debug/netcoreapp2.0/expressiveexpressiontrees.tests.dll" id="cb6d0c14-7036-2aef-1ade-020bda4313de"><Execution id="18215d5f-e0c9-44a8-a3db-a9a29abb443c" /><TestMethod codeBase="/home/hannasm/ExpressiveExpressionTreesDotNet/ExpressiveExpressionTrees.Tests/bin/Debug/netcoreapp2.0/ExpressiveExpressionTrees.Tests.dll" adapterTypeName="executor://mstestadapter/v2" className="ExpressiveExpressionTrees.Tests.ExpressionVisitorTest.BinaryVisitorTests" name="Test006" /></UnitTest><UnitTest name="Test004" storage="/home/hannasm/expressiveexpressiontreesdotnet/expressiveexpressiontrees.tests/bin/debug/netcoreapp2.0/expressiveexpressiontrees.tests.dll" id="e1fe0ae9-6b90-864e-a3c3-daaa0438086a"><Execution id="79c5ef19-6a70-49fb-89f3-5fd07bdecf2a" /><TestMethod codeBase="/home/hannasm/ExpressiveExpressionTreesDotNet/ExpressiveExpressionTrees.Tests/bin/Debug/netcoreapp2.0/ExpressiveExpressionTrees.Tests.dll" adapterTypeName="executor://mstestadapter/v2" className="ExpressiveExpressionTrees.Tests.ExpressionHasherTests.LambdaExpressionHasherTests" name="Test004" /></UnitTest><UnitTest name="Test015" storage="/home/hannasm/expressiveexpressiontreesdotnet/expressiveexpressiontrees.tests/bin/debug/netcoreapp2.0/expressiveexpressiontrees.tests.dll" id="918adf35-e85d-1189-cfee-ccfb16fb5494"><Execution id="9dff7fed-68d5-42ee-a7dc-93d67644ffcc" /><TestMethod codeBase="/home/hannasm/ExpressiveExpressionTreesDotNet/ExpressiveExpressionTrees.Tests/bin/Debug/netcoreapp2.0/ExpressiveExpressionTrees.Tests.dll" adapterTypeName="executor://mstestadapter/v2" className="ExpressiveExpressionTrees.Tests.ExpressionHasherTests.BindingsExpressionHasherTests" name="Test015" /></UnitTest><UnitTest name="Test001" storage="/home/hannasm/expressiveexpressiontreesdotnet/expressiveexpressiontrees.tests/bin/debug/netcoreapp2.0/expressiveexpressiontrees.tests.dll" id="9aed6832-0e8b-62d6-d3b4-0510ca4c67c5"><Execution id="103e3de8-cf62-40fc-96b1-580326b44c54" /><TestMethod codeBase="/home/hannasm/ExpressiveExpressionTreesDotNet/ExpressiveExpressionTrees.Tests/bin/Debug/netcoreapp2.0/ExpressiveExpressionTrees.Tests.dll" adapterTypeName="executor://mstestadapter/v2" className="ExpressiveExpressionTrees.Tests.ExpressionHasherTests.GotoExpressionHasherTests" name="Test001" /></UnitTest><UnitTest name="Test003" storage="/home/hannasm/expressiveexpressiontreesdotnet/expressiveexpressiontrees.tests/bin/debug/netcoreapp2.0/expressiveexpressiontrees.tests.dll" id="ca858706-9639-42df-b1d1-39b449de16fe"><Execution id="61b4fdfa-b21d-4086-8209-929a618e8f6a" /><TestMethod codeBase="/home/hannasm/ExpressiveExpressionTreesDotNet/ExpressiveExpressionTrees.Tests/bin/Debug/netcoreapp2.0/ExpressiveExpressionTrees.Tests.dll" adapterTypeName="executor://mstestadapter/v2" className="ExpressiveExpressionTrees.Tests.ExpressionVisitorTest.BlockVisitorTests" name="Test003" /></UnitTest><UnitTest name="Test058" storage="/home/hannasm/expressiveexpressiontreesdotnet/expressiveexpressiontrees.tests/bin/debug/netcoreapp2.0/expressiveexpressiontrees.tests.dll" id="5fdf9ce6-b4c9-8d18-0c7f-bdeb155177c5"><Execution id="f3225372-1f99-4357-9243-a0f5afe13376" /><TestMethod codeBase="/home/hannasm/ExpressiveExpressionTreesDotNet/ExpressiveExpressionTrees.Tests/bin/Debug/netcoreapp2.0/ExpressiveExpressionTrees.Tests.dll" adapterTypeName="executor://mstestadapter/v2" className="ExpressiveExpressionTrees.Tests.ExpressionHasherTests.BindingsExpressionHasherTests" name="Test058" /></UnitTest><UnitTest name="Test038" storage="/home/hannasm/expressiveexpressiontreesdotnet/expressiveexpressiontrees.tests/bin/debug/netcoreapp2.0/expressiveexpressiontrees.tests.dll" id="36397be0-3a20-2294-fbff-98c079f0fe0d"><Execution id="c8a0cf76-3b4f-4e83-99a1-04d6f665f26f" /><TestMethod codeBase="/home/hannasm/ExpressiveExpressionTreesDotNet/ExpressiveExpressionTrees.Tests/bin/Debug/netcoreapp2.0/ExpressiveExpressionTrees.Tests.dll" adapterTypeName="executor://mstestadapter/v2" className="ExpressiveExpressionTrees.Tests.ExpressionVisitorTest.BinaryVisitorTests" name="Test038" /></UnitTest><UnitTest name="Test032" storage="/home/hannasm/expressiveexpressiontreesdotnet/expressiveexpressiontrees.tests/bin/debug/netcoreapp2.0/expressiveexpressiontrees.tests.dll" id="375c14e7-a173-24fd-4fef-3c0df7f49410"><Execution id="a48bc0ed-a6a0-4463-be1f-d3a91b730595" /><TestMethod codeBase="/home/hannasm/ExpressiveExpressionTreesDotNet/ExpressiveExpressionTrees.Tests/bin/Debug/netcoreapp2.0/ExpressiveExpressionTrees.Tests.dll" adapterTypeName="executor://mstestadapter/v2" className="ExpressiveExpressionTrees.Tests.ExpressionHasherTests.TryCatchExpressionHasherTests" name="Test032" /></UnitTest><UnitTest name="Test024" storage="/home/hannasm/expressiveexpressiontreesdotnet/expressiveexpressiontrees.tests/bin/debug/netcoreapp2.0/expressiveexpressiontrees.tests.dll" id="18d957ab-38a6-6b65-6a09-a34d8cef0e01"><Execution id="4e17c5a3-9337-4d8e-ac2c-479d993c656d" /><TestMethod codeBase="/home/hannasm/ExpressiveExpressionTreesDotNet/ExpressiveExpressionTrees.Tests/bin/Debug/netcoreapp2.0/ExpressiveExpressionTrees.Tests.dll" adapterTypeName="executor://mstestadapter/v2" className="ExpressiveExpressionTrees.Tests.ExpressionHasherTests.NewExpressionHasherTests" name="Test024" /></UnitTest><UnitTest name="Test015" storage="/home/hannasm/expressiveexpressiontreesdotnet/expressiveexpressiontrees.tests/bin/debug/netcoreapp2.0/expressiveexpressiontrees.tests.dll" id="864bded7-fddd-9bc5-947c-272e79b791e9"><Execution id="b40ab28e-e74a-4eda-8084-9945bd637f53" /><TestMethod codeBase="/home/hannasm/ExpressiveExpressionTreesDotNet/ExpressiveExpressionTrees.Tests/bin/Debug/netcoreapp2.0/ExpressiveExpressionTrees.Tests.dll" adapterTypeName="executor://mstestadapter/v2" className="ExpressiveExpressionTrees.Tests.ExpressionReplacerTests.ExpressionReplacerUseCases" name="Test015" /></UnitTest><UnitTest name="Test004" storage="/home/hannasm/expressiveexpressiontreesdotnet/expressiveexpressiontrees.tests/bin/debug/netcoreapp2.0/expressiveexpressiontrees.tests.dll" id="2570a6b7-2268-99ca-72ef-9a13e122e8c2"><Execution id="d08214ce-3837-4634-b6f2-8faf390cfba2" /><TestMethod codeBase="/home/hannasm/ExpressiveExpressionTreesDotNet/ExpressiveExpressionTrees.Tests/bin/Debug/netcoreapp2.0/ExpressiveExpressionTrees.Tests.dll" adapterTypeName="executor://mstestadapter/v2" className="ExpressiveExpressionTrees.Tests.ExpressionGeneratorTests" name="Test004" /></UnitTest><UnitTest name="Test008" storage="/home/hannasm/expressiveexpressiontreesdotnet/expressiveexpressiontrees.tests/bin/debug/netcoreapp2.0/expressiveexpressiontrees.tests.dll" id="20162908-4de4-5fce-c10e-93a3a72bda90"><Execution id="3d287f4c-346c-4c70-9470-4001d1d94552" /><TestMethod codeBase="/home/hannasm/ExpressiveExpressionTreesDotNet/ExpressiveExpressionTrees.Tests/bin/Debug/netcoreapp2.0/ExpressiveExpressionTrees.Tests.dll" adapterTypeName="executor://mstestadapter/v2" className="ExpressiveExpressionTrees.Tests.ExpressionComparerTests.BinaryExpressionComparerTests" name="Test008" /></UnitTest><UnitTest name="Test035" storage="/home/hannasm/expressiveexpressiontreesdotnet/expressiveexpressiontrees.tests/bin/debug/netcoreapp2.0/expressiveexpressiontrees.tests.dll" id="f7897f19-cd25-7886-e3fa-5d2c7c39bedc"><Execution id="de0fe18c-6e55-43de-a141-3a22a423afae" /><TestMethod codeBase="/home/hannasm/ExpressiveExpressionTreesDotNet/ExpressiveExpressionTrees.Tests/bin/Debug/netcoreapp2.0/ExpressiveExpressionTrees.Tests.dll" adapterTypeName="executor://mstestadapter/v2" className="ExpressiveExpressionTrees.Tests.ExpressionGeneratorTests" name="Test035" /></UnitTest><UnitTest name="Test002" storage="/home/hannasm/expressiveexpressiontreesdotnet/expressiveexpressiontrees.tests/bin/debug/netcoreapp2.0/expressiveexpressiontrees.tests.dll" id="6c401b2a-7ad0-7123-f115-ed0cf4919244"><Execution id="9e88bee2-c41a-44d1-a2a8-540d4f848b5a" /><TestMethod codeBase="/home/hannasm/ExpressiveExpressionTreesDotNet/ExpressiveExpressionTrees.Tests/bin/Debug/netcoreapp2.0/ExpressiveExpressionTrees.Tests.dll" adapterTypeName="executor://mstestadapter/v2" className="ExpressiveExpressionTrees.Tests.ExpressionComparerTests.BinaryExpressionComparerTests" name="Test002" /></UnitTest><UnitTest name="Test006" storage="/home/hannasm/expressiveexpressiontreesdotnet/expressiveexpressiontrees.tests/bin/debug/netcoreapp2.0/expressiveexpressiontrees.tests.dll" id="58c3d4ff-6a75-b207-0a80-e30789adf26c"><Execution id="3ac719c2-b408-4c20-ad43-fc558f615efd" /><TestMethod codeBase="/home/hannasm/ExpressiveExpressionTreesDotNet/ExpressiveExpressionTrees.Tests/bin/Debug/netcoreapp2.0/ExpressiveExpressionTrees.Tests.dll" adapterTypeName="executor://mstestadapter/v2" className="ExpressiveExpressionTrees.Tests.ExpressionHasherTests.BindingsExpressionHasherTests" name="Test006" /></UnitTest><UnitTest name="Test020" storage="/home/hannasm/expressiveexpressiontreesdotnet/expressiveexpressiontrees.tests/bin/debug/netcoreapp2.0/expressiveexpressiontrees.tests.dll" id="b38aa131-5847-3100-c4de-8a9f70cea53b"><Execution id="d8ce474a-11e3-4ba1-8c6b-27dabd598300" /><TestMethod codeBase="/home/hannasm/ExpressiveExpressionTreesDotNet/ExpressiveExpressionTrees.Tests/bin/Debug/netcoreapp2.0/ExpressiveExpressionTrees.Tests.dll" adapterTypeName="executor://mstestadapter/v2" className="ExpressiveExpressionTrees.Tests.ExpressionVisitorTest.BinaryVisitorTests" name="Test020" /></UnitTest><UnitTest name="Test026" storage="/home/hannasm/expressiveexpressiontreesdotnet/expressiveexpressiontrees.tests/bin/debug/netcoreapp2.0/expressiveexpressiontrees.tests.dll" id="9cb7e4fa-bf07-51a6-336c-7e55adff8fe2"><Execution id="d9d646d5-e7c8-4d7e-b03f-cfd7830a5caf" /><TestMethod codeBase="/home/hannasm/ExpressiveExpressionTreesDotNet/ExpressiveExpressionTrees.Tests/bin/Debug/netcoreapp2.0/ExpressiveExpressionTrees.Tests.dll" adapterTypeName="executor://mstestadapter/v2" className="ExpressiveExpressionTrees.Tests.ExpressionHasherTests.ListInitExpressionHasherTests" name="Test026" /></UnitTest><UnitTest name="Test005" storage="/home/hannasm/expressiveexpressiontreesdotnet/expressiveexpressiontrees.tests/bin/debug/netcoreapp2.0/expressiveexpressiontrees.tests.dll" id="577ea340-22b9-7b0e-ed83-90564901b2cc"><Execution id="780f3a85-6b3d-4b75-89f6-4d434d0f5246" /><TestMethod codeBase="/home/hannasm/ExpressiveExpressionTreesDotNet/ExpressiveExpressionTrees.Tests/bin/Debug/netcoreapp2.0/ExpressiveExpressionTrees.Tests.dll" adapterTypeName="executor://mstestadapter/v2" className="ExpressiveExpressionTrees.Tests.ExpressionHasherTests.LambdaExpressionHasherTests" name="Test005" /></UnitTest><UnitTest name="Test009" storage="/home/hannasm/expressiveexpressiontreesdotnet/expressiveexpressiontrees.tests/bin/debug/netcoreapp2.0/expressiveexpressiontrees.tests.dll" id="271a28bd-fa04-ef6d-399e-0dcebc75acce"><Execution id="033e0c58-cdcd-41b4-a1f6-c17e16a629c4" /><TestMethod codeBase="/home/hannasm/ExpressiveExpressionTreesDotNet/ExpressiveExpressionTrees.Tests/bin/Debug/netcoreapp2.0/ExpressiveExpressionTrees.Tests.dll" adapterTypeName="executor://mstestadapter/v2" className="ExpressiveExpressionTrees.Tests.ExpressionComparerTests.BindingsExpressionComparerTests" name="Test009" /></UnitTest><UnitTest name="Test008" storage="/home/hannasm/expressiveexpressiontreesdotnet/expressiveexpressiontrees.tests/bin/debug/netcoreapp2.0/expressiveexpressiontrees.tests.dll" id="79cd67c6-adb1-ddc7-6d0c-f428886718e9"><Execution id="8d8c07df-76fc-45a8-bd09-a651670146db" /><TestMethod codeBase="/home/hannasm/ExpressiveExpressionTreesDotNet/ExpressiveExpressionTrees.Tests/bin/Debug/netcoreapp2.0/ExpressiveExpressionTrees.Tests.dll" adapterTypeName="executor://mstestadapter/v2" className="ExpressiveExpressionTrees.Tests.ExpressionComparerTests.ListInitExpressionComparerTests" name="Test008" /></UnitTest><UnitTest name="Test030" storage="/home/hannasm/expressiveexpressiontreesdotnet/expressiveexpressiontrees.tests/bin/debug/netcoreapp2.0/expressiveexpressiontrees.tests.dll" id="765e8156-5b57-3984-21d5-6e35ae9ab17c"><Execution id="1950cb89-9178-4793-abcf-54ac98909111" /><TestMethod codeBase="/home/hannasm/ExpressiveExpressionTreesDotNet/ExpressiveExpressionTrees.Tests/bin/Debug/netcoreapp2.0/ExpressiveExpressionTrees.Tests.dll" adapterTypeName="executor://mstestadapter/v2" className="ExpressiveExpressionTrees.Tests.ExpressionVisitorTest.NewArrayVisitorTests" name="Test030" /></UnitTest><UnitTest name="Test003" storage="/home/hannasm/expressiveexpressiontreesdotnet/expressiveexpressiontrees.tests/bin/debug/netcoreapp2.0/expressiveexpressiontrees.tests.dll" id="4c9c25d4-55f7-d5ba-7993-f8fee23122c8"><Execution id="1dc2e02d-b774-4269-b283-6b9cdbfe01b2" /><TestMethod codeBase="/home/hannasm/ExpressiveExpressionTreesDotNet/ExpressiveExpressionTrees.Tests/bin/Debug/netcoreapp2.0/ExpressiveExpressionTrees.Tests.dll" adapterTypeName="executor://mstestadapter/v2" className="ExpressiveExpressionTrees.Tests.ExpressionReaderTests" name="Test003" /></UnitTest><UnitTest name="Test047" storage="/home/hannasm/expressiveexpressiontreesdotnet/expressiveexpressiontrees.tests/bin/debug/netcoreapp2.0/expressiveexpressiontrees.tests.dll" id="63b888e2-685e-beb9-2cd4-07252dbeffd6"><Execution id="4df55853-648b-4933-a3aa-d626cf0a741f" /><TestMethod codeBase="/home/hannasm/ExpressiveExpressionTreesDotNet/ExpressiveExpressionTrees.Tests/bin/Debug/netcoreapp2.0/ExpressiveExpressionTrees.Tests.dll" adapterTypeName="executor://mstestadapter/v2" className="ExpressiveExpressionTrees.Tests.ExpressionVisitorTest.NewVisitorTests" name="Test047" /></UnitTest><UnitTest name="Test338" storage="/home/hannasm/expressiveexpressiontreesdotnet/expressiveexpressiontrees.tests/bin/debug/netcoreapp2.0/expressiveexpressiontrees.tests.dll" id="abadd339-cf21-195d-6773-cbd1ce0f4715"><Execution id="a1240ee4-0073-43b9-ab7f-a9c769032a3c" /><TestMethod codeBase="/home/hannasm/ExpressiveExpressionTreesDotNet/ExpressiveExpressionTrees.Tests/bin/Debug/netcoreapp2.0/ExpressiveExpressionTrees.Tests.dll" adapterTypeName="executor://mstestadapter/v2" className="ExpressiveExpressionTrees.Tests.ExpressionVisitorTest.BinaryVisitorTests" name="Test338" /></UnitTest><UnitTest name="Test351" storage="/home/hannasm/expressiveexpressiontreesdotnet/expressiveexpressiontrees.tests/bin/debug/netcoreapp2.0/expressiveexpressiontrees.tests.dll" id="7af3ffdc-150f-b3f0-6478-ef4fe258c2a1"><Execution id="ec98b186-de79-4726-8baf-1a3d30e26a5a" /><TestMethod codeBase="/home/hannasm/ExpressiveExpressionTreesDotNet/ExpressiveExpressionTrees.Tests/bin/Debug/netcoreapp2.0/ExpressiveExpressionTrees.Tests.dll" adapterTypeName="executor://mstestadapter/v2" className="ExpressiveExpressionTrees.Tests.ExpressionVisitorTest.BinaryVisitorTests" name="Test351" /></UnitTest><UnitTest name="Test031" storage="/home/hannasm/expressiveexpressiontreesdotnet/expressiveexpressiontrees.tests/bin/debug/netcoreapp2.0/expressiveexpressiontrees.tests.dll" id="00d96717-2dc8-0959-bf3b-b54e39764712"><Execution id="53ba06b9-f3a5-4ef3-915c-a4d1b372d77d" /><TestMethod codeBase="/home/hannasm/ExpressiveExpressionTreesDotNet/ExpressiveExpressionTrees.Tests/bin/Debug/netcoreapp2.0/ExpressiveExpressionTrees.Tests.dll" adapterTypeName="executor://mstestadapter/v2" className="ExpressiveExpressionTrees.Tests.ExpressionVisitorTest.UnaryVisitorTests" name="Test031" /></UnitTest><UnitTest name="Test002" storage="/home/hannasm/expressiveexpressiontreesdotnet/expressiveexpressiontrees.tests/bin/debug/netcoreapp2.0/expressiveexpressiontrees.tests.dll" id="4d1040ff-aa12-6416-186d-3b902d821187"><Execution id="84d3170d-cc8a-4afc-aa2b-ec6ca47d8e2d" /><TestMethod codeBase="/home/hannasm/ExpressiveExpressionTreesDotNet/ExpressiveExpressionTrees.Tests/bin/Debug/netcoreapp2.0/ExpressiveExpressionTrees.Tests.dll" adapterTypeName="executor://mstestadapter/v2" className="ExpressiveExpressionTrees.Tests.ExpressionComparerTests.ConditionalExpressionComparerTests" name="Test002" /></UnitTest><UnitTest name="Test035" storage="/home/hannasm/expressiveexpressiontreesdotnet/expressiveexpressiontrees.tests/bin/debug/netcoreapp2.0/expressiveexpressiontrees.tests.dll" id="6e42aef6-4adf-982f-6828-b1a1c7e486a5"><Execution id="bd7a8f93-9ef0-4cf9-a776-584cf1d10f43" /><TestMethod codeBase="/home/hannasm/ExpressiveExpressionTreesDotNet/ExpressiveExpressionTrees.Tests/bin/Debug/netcoreapp2.0/ExpressiveExpressionTrees.Tests.dll" adapterTypeName="executor://mstestadapter/v2" className="ExpressiveExpressionTrees.Tests.ExpressionComparerTests.BindingsExpressionComparerTests" name="Test035" /></UnitTest><UnitTest name="Test017" storage="/home/hannasm/expressiveexpressiontreesdotnet/expressiveexpressiontrees.tests/bin/debug/netcoreapp2.0/expressiveexpressiontrees.tests.dll" id="f8307b5e-c1ef-0d24-cd43-3f1dbcc9a9e2"><Execution id="ffb084d8-db23-4c41-a843-41dfbfd5f5d9" /><TestMethod codeBase="/home/hannasm/ExpressiveExpressionTreesDotNet/ExpressiveExpressionTrees.Tests/bin/Debug/netcoreapp2.0/ExpressiveExpressionTrees.Tests.dll" adapterTypeName="executor://mstestadapter/v2" className="ExpressiveExpressionTrees.Tests.ExpressionGeneratorFromActionTests" name="Test017" /></UnitTest><UnitTest name="Test022" storage="/home/hannasm/expressiveexpressiontreesdotnet/expressiveexpressiontrees.tests/bin/debug/netcoreapp2.0/expressiveexpressiontrees.tests.dll" id="a109f2f8-40ec-3691-1f7f-3076cfaa38cc"><Execution id="85036ef0-ffe7-4dbd-9ebc-0838febed57e" /><TestMethod codeBase="/home/hannasm/ExpressiveExpressionTreesDotNet/ExpressiveExpressionTrees.Tests/bin/Debug/netcoreapp2.0/ExpressiveExpressionTrees.Tests.dll" adapterTypeName="executor://mstestadapter/v2" className="ExpressiveExpressionTrees.Tests.ExpressionVisitorTest.NewVisitorTests" name="Test022" /></UnitTest><UnitTest name="Test013" storage="/home/hannasm/expressiveexpressiontreesdotnet/expressiveexpressiontrees.tests/bin/debug/netcoreapp2.0/expressiveexpressiontrees.tests.dll" id="a41641b9-033c-3ebc-c98a-d7b1cb6564f1"><Execution id="f103b324-7330-495a-a8ec-889ed8006348" /><TestMethod codeBase="/home/hannasm/ExpressiveExpressionTreesDotNet/ExpressiveExpressionTrees.Tests/bin/Debug/netcoreapp2.0/ExpressiveExpressionTrees.Tests.dll" adapterTypeName="executor://mstestadapter/v2" className="ExpressiveExpressionTrees.Tests.ExpressionVisitorTest.TryCatchVisitorTests" name="Test013" /></UnitTest><UnitTest name="Test038" storage="/home/hannasm/expressiveexpressiontreesdotnet/expressiveexpressiontrees.tests/bin/debug/netcoreapp2.0/expressiveexpressiontrees.tests.dll" id="5c500fc7-2334-5042-1d5b-e6c88f2b3dde"><Execution id="c3115ba4-3afd-49cf-b7ad-b890b58a3dd9" /><TestMethod codeBase="/home/hannasm/ExpressiveExpressionTreesDotNet/ExpressiveExpressionTrees.Tests/bin/Debug/netcoreapp2.0/ExpressiveExpressionTrees.Tests.dll" adapterTypeName="executor://mstestadapter/v2" className="ExpressiveExpressionTrees.Tests.ExpressionVisitorTest.NewVisitorTests" name="Test038" /></UnitTest><UnitTest name="Test310" storage="/home/hannasm/expressiveexpressiontreesdotnet/expressiveexpressiontrees.tests/bin/debug/netcoreapp2.0/expressiveexpressiontrees.tests.dll" id="67ffbc24-9128-cfff-3bcf-7b118fb927ae"><Execution id="14ed9d27-704c-47ce-8413-71430901b3f0" /><TestMethod codeBase="/home/hannasm/ExpressiveExpressionTreesDotNet/ExpressiveExpressionTrees.Tests/bin/Debug/netcoreapp2.0/ExpressiveExpressionTrees.Tests.dll" adapterTypeName="executor://mstestadapter/v2" className="ExpressiveExpressionTrees.Tests.ExpressionVisitorTest.BinaryVisitorTests" name="Test310" /></UnitTest><UnitTest name="Test021" storage="/home/hannasm/expressiveexpressiontreesdotnet/expressiveexpressiontrees.tests/bin/debug/netcoreapp2.0/expressiveexpressiontrees.tests.dll" id="22f5f20f-9964-43a6-da07-0e0ad36918da"><Execution id="8d1de533-81b8-416d-8600-9fc6bae769d9" /><TestMethod codeBase="/home/hannasm/ExpressiveExpressionTreesDotNet/ExpressiveExpressionTrees.Tests/bin/Debug/netcoreapp2.0/ExpressiveExpressionTrees.Tests.dll" adapterTypeName="executor://mstestadapter/v2" className="ExpressiveExpressionTrees.Tests.ExpressionComparerTests.MemberInitVisitorTests" name="Test021" /></UnitTest><UnitTest name="Test004" storage="/home/hannasm/expressiveexpressiontreesdotnet/expressiveexpressiontrees.tests/bin/debug/netcoreapp2.0/expressiveexpressiontrees.tests.dll" id="c1dfcc8b-8967-78af-e937-2cacfb688bfb"><Execution id="cbe0d10f-56bb-4735-8bba-fe3c0585a6eb" /><TestMethod codeBase="/home/hannasm/ExpressiveExpressionTreesDotNet/ExpressiveExpressionTrees.Tests/bin/Debug/netcoreapp2.0/ExpressiveExpressionTrees.Tests.dll" adapterTypeName="executor://mstestadapter/v2" className="ExpressiveExpressionTrees.Tests.ExpressionHasherTests.ParameterExpressionHasherTests" name="Test004" /></UnitTest><UnitTest name="Test022" storage="/home/hannasm/expressiveexpressiontreesdotnet/expressiveexpressiontrees.tests/bin/debug/netcoreapp2.0/expressiveexpressiontrees.tests.dll" id="bae868cf-b45e-7c70-1e19-f209c0886acf"><Execution id="01c27ba8-1082-4eac-a7d9-3a2cfe507660" /><TestMethod codeBase="/home/hannasm/ExpressiveExpressionTreesDotNet/ExpressiveExpressionTrees.Tests/bin/Debug/netcoreapp2.0/ExpressiveExpressionTrees.Tests.dll" adapterTypeName="executor://mstestadapter/v2" className="ExpressiveExpressionTrees.Tests.ExpressionComparerTests.NewArrayExpressionComparerTests" name="Test022" /></UnitTest><UnitTest name="Test009" storage="/home/hannasm/expressiveexpressiontreesdotnet/expressiveexpressiontrees.tests/bin/debug/netcoreapp2.0/expressiveexpressiontrees.tests.dll" id="8bd6c266-970e-2700-d0bb-a4620e359802"><Execution id="8475c5dd-d44e-40d1-873a-60119e470ac7" /><TestMethod codeBase="/home/hannasm/ExpressiveExpressionTreesDotNet/ExpressiveExpressionTrees.Tests/bin/Debug/netcoreapp2.0/ExpressiveExpressionTrees.Tests.dll" adapterTypeName="executor://mstestadapter/v2" className="ExpressiveExpressionTrees.Tests.ExpressionHasherTests.ListInitExpressionHasherTests" name="Test009" /></UnitTest><UnitTest name="Test003" storage="/home/hannasm/expressiveexpressiontreesdotnet/expressiveexpressiontrees.tests/bin/debug/netcoreapp2.0/expressiveexpressiontrees.tests.dll" id="862581a0-a276-cf3c-574b-697b70aca176"><Execution id="26cb3dc6-804b-4c8a-92e9-cbac017c2bc5" /><TestMethod codeBase="/home/hannasm/ExpressiveExpressionTreesDotNet/ExpressiveExpressionTrees.Tests/bin/Debug/netcoreapp2.0/ExpressiveExpressionTrees.Tests.dll" adapterTypeName="executor://mstestadapter/v2" className="ExpressiveExpressionTrees.Tests.ExpressionComparerTests.NewArrayExpressionComparerTests" name="Test003" /></UnitTest><UnitTest name="Test001" storage="/home/hannasm/expressiveexpressiontreesdotnet/expressiveexpressiontrees.tests/bin/debug/netcoreapp2.0/expressiveexpressiontrees.tests.dll" id="db1857bf-84c0-887d-7fe4-31ebf69a6d1f"><Execution id="55ccf55c-41be-40d9-8d43-4d00dcd85313" /><TestMethod codeBase="/home/hannasm/ExpressiveExpressionTreesDotNet/ExpressiveExpressionTrees.Tests/bin/Debug/netcoreapp2.0/ExpressiveExpressionTrees.Tests.dll" adapterTypeName="executor://mstestadapter/v2" className="ExpressiveExpressionTrees.Tests.ExpressionComparerTests.GotoExpressionComparerTests" name="Test001" /></UnitTest><UnitTest name="Test016" storage="/home/hannasm/expressiveexpressiontreesdotnet/expressiveexpressiontrees.tests/bin/debug/netcoreapp2.0/expressiveexpressiontrees.tests.dll" id="d57f1107-7dd6-3d33-bb4f-8e55382d3b11"><Execution id="e170a366-414e-4629-a1f3-b6b21bc9121f" /><TestMethod codeBase="/home/hannasm/ExpressiveExpressionTreesDotNet/ExpressiveExpressionTrees.Tests/bin/Debug/netcoreapp2.0/ExpressiveExpressionTrees.Tests.dll" adapterTypeName="executor://mstestadapter/v2" className="ExpressiveExpressionTrees.Tests.ExpressionHasherTests.NewExpressionHasherTests" name="Test016" /></UnitTest><UnitTest name="Test022" storage="/home/hannasm/expressiveexpressiontreesdotnet/expressiveexpressiontrees.tests/bin/debug/netcoreapp2.0/expressiveexpressiontrees.tests.dll" id="3adb0bbc-406a-5d94-47e2-440d24fa0856"><Execution id="844588fb-61f1-4ff5-bb32-81e0fea49d50" /><TestMethod codeBase="/home/hannasm/ExpressiveExpressionTreesDotNet/ExpressiveExpressionTrees.Tests/bin/Debug/netcoreapp2.0/ExpressiveExpressionTrees.Tests.dll" adapterTypeName="executor://mstestadapter/v2" className="ExpressiveExpressionTrees.Tests.ExpressionVisitorTest.InvokeVisitorTests" name="Test022" /></UnitTest><UnitTest name="Test014" storage="/home/hannasm/expressiveexpressiontreesdotnet/expressiveexpressiontrees.tests/bin/debug/netcoreapp2.0/expressiveexpressiontrees.tests.dll" id="dae4a6e0-2a2f-a524-5fd4-7e33da5afe0e"><Execution id="830fbf6d-83d9-419e-8497-cc9d5508c418" /><TestMethod codeBase="/home/hannasm/ExpressiveExpressionTreesDotNet/ExpressiveExpressionTrees.Tests/bin/Debug/netcoreapp2.0/ExpressiveExpressionTrees.Tests.dll" adapterTypeName="executor://mstestadapter/v2" className="ExpressiveExpressionTrees.Tests.ExpressionGeneratorTests" name="Test014" /></UnitTest><UnitTest name="Test017" storage="/home/hannasm/expressiveexpressiontreesdotnet/expressiveexpressiontrees.tests/bin/debug/netcoreapp2.0/expressiveexpressiontrees.tests.dll" id="4edfeff5-f39c-be45-5192-8237c2c9598b"><Execution id="b2d810ff-c097-4c06-8177-7999541fba8b" /><TestMethod codeBase="/home/hannasm/ExpressiveExpressionTreesDotNet/ExpressiveExpressionTrees.Tests/bin/Debug/netcoreapp2.0/ExpressiveExpressionTrees.Tests.dll" adapterTypeName="executor://mstestadapter/v2" className="ExpressiveExpressionTrees.Tests.ExpressionHasherTests.BinaryExpressionHasherTests" name="Test017" /></UnitTest><UnitTest name="Test013" storage="/home/hannasm/expressiveexpressiontreesdotnet/expressiveexpressiontrees.tests/bin/debug/netcoreapp2.0/expressiveexpressiontrees.tests.dll" id="1ecb68e8-69e4-055f-3850-83abb7e3e986"><Execution id="c5fb7c71-495d-4c02-8949-90dba6adea95" /><TestMethod codeBase="/home/hannasm/ExpressiveExpressionTreesDotNet/ExpressiveExpressionTrees.Tests/bin/Debug/netcoreapp2.0/ExpressiveExpressionTrees.Tests.dll" adapterTypeName="executor://mstestadapter/v2" className="ExpressiveExpressionTrees.Tests.ExpressionComparerTests.NewArrayExpressionComparerTests" name="Test013" /></UnitTest><UnitTest name="Test022" storage="/home/hannasm/expressiveexpressiontreesdotnet/expressiveexpressiontrees.tests/bin/debug/netcoreapp2.0/expressiveexpressiontrees.tests.dll" id="b79d756e-c7ae-3a23-b625-658c06232c01"><Execution id="c0a7c4fc-4581-44c9-a17e-dc59a9f25b72" /><TestMethod codeBase="/home/hannasm/ExpressiveExpressionTreesDotNet/ExpressiveExpressionTrees.Tests/bin/Debug/netcoreapp2.0/ExpressiveExpressionTrees.Tests.dll" adapterTypeName="executor://mstestadapter/v2" className="ExpressiveExpressionTrees.Tests.ExpressionHasherTests.TryCatchExpressionHasherTests" name="Test022" /></UnitTest><UnitTest name="Test003" storage="/home/hannasm/expressiveexpressiontreesdotnet/expressiveexpressiontrees.tests/bin/debug/netcoreapp2.0/expressiveexpressiontrees.tests.dll" id="192556ca-48f4-b11c-d283-211e16875d2b"><Execution id="6636adf8-afe8-4665-b14f-60b92dfe047c" /><TestMethod codeBase="/home/hannasm/ExpressiveExpressionTreesDotNet/ExpressiveExpressionTrees.Tests/bin/Debug/netcoreapp2.0/ExpressiveExpressionTrees.Tests.dll" adapterTypeName="executor://mstestadapter/v2" className="ExpressiveExpressionTrees.Tests.ExpressionHasherTests.ConstantExpressionHasherTests" name="Test003" /></UnitTest><UnitTest name="Test025" storage="/home/hannasm/expressiveexpressiontreesdotnet/expressiveexpressiontrees.tests/bin/debug/netcoreapp2.0/expressiveexpressiontrees.tests.dll" id="8409dbd6-3b5d-5e55-05f8-27f022f750cb"><Execution id="5f7629a6-c1aa-4073-84cd-99bc2977386c" /><TestMethod codeBase="/home/hannasm/ExpressiveExpressionTreesDotNet/ExpressiveExpressionTrees.Tests/bin/Debug/netcoreapp2.0/ExpressiveExpressionTrees.Tests.dll" adapterTypeName="executor://mstestadapter/v2" className="ExpressiveExpressionTrees.Tests.ExpressionGeneratorTests" name="Test025" /></UnitTest><UnitTest name="Test009" storage="/home/hannasm/expressiveexpressiontreesdotnet/expressiveexpressiontrees.tests/bin/debug/netcoreapp2.0/expressiveexpressiontrees.tests.dll" id="c286461e-7429-a847-01e1-9e7326e88a56"><Execution id="4c7579b9-8bb7-40e7-96fe-bcddce643c54" /><TestMethod codeBase="/home/hannasm/ExpressiveExpressionTreesDotNet/ExpressiveExpressionTrees.Tests/bin/Debug/netcoreapp2.0/ExpressiveExpressionTrees.Tests.dll" adapterTypeName="executor://mstestadapter/v2" className="ExpressiveExpressionTrees.Tests.ExpressionVisitorTest.NewVisitorTests" name="Test009" /></UnitTest><UnitTest name="Test007" storage="/home/hannasm/expressiveexpressiontreesdotnet/expressiveexpressiontrees.tests/bin/debug/netcoreapp2.0/expressiveexpressiontrees.tests.dll" id="9d51f0ea-b5a3-1c0e-eda3-ec5f2eda1c41"><Execution id="cecb643f-91a3-4d49-8e34-c20f2c2b31f3" /><TestMethod codeBase="/home/hannasm/ExpressiveExpressionTreesDotNet/ExpressiveExpressionTrees.Tests/bin/Debug/netcoreapp2.0/ExpressiveExpressionTrees.Tests.dll" adapterTypeName="executor://mstestadapter/v2" className="ExpressiveExpressionTrees.Tests.ExpressionComparerTests.NewArrayExpressionComparerTests" name="Test007" /></UnitTest><UnitTest name="Test316" storage="/home/hannasm/expressiveexpressiontreesdotnet/expressiveexpressiontrees.tests/bin/debug/netcoreapp2.0/expressiveexpressiontrees.tests.dll" id="21f000f9-42d0-5691-1c98-dae038f140fd"><Execution id="abd2f5df-5345-475e-975c-49fc0c313d59" /><TestMethod codeBase="/home/hannasm/ExpressiveExpressionTreesDotNet/ExpressiveExpressionTrees.Tests/bin/Debug/netcoreapp2.0/ExpressiveExpressionTrees.Tests.dll" adapterTypeName="executor://mstestadapter/v2" className="ExpressiveExpressionTrees.Tests.ExpressionVisitorTest.BinaryVisitorTests" name="Test316" /></UnitTest><UnitTest name="Test040" storage="/home/hannasm/expressiveexpressiontreesdotnet/expressiveexpressiontrees.tests/bin/debug/netcoreapp2.0/expressiveexpressiontrees.tests.dll" id="055353c9-f826-9764-80bb-161db96624ff"><Execution id="2fc2dce1-72cb-48ae-8856-4a54d6bff1ce" /><TestMethod codeBase="/home/hannasm/ExpressiveExpressionTreesDotNet/ExpressiveExpressionTrees.Tests/bin/Debug/netcoreapp2.0/ExpressiveExpressionTrees.Tests.dll" adapterTypeName="executor://mstestadapter/v2" className="ExpressiveExpressionTrees.Tests.ExpressionVisitorTest.NewVisitorTests" name="Test040" /></UnitTest><UnitTest name="Test012" storage="/home/hannasm/expressiveexpressiontreesdotnet/expressiveexpressiontrees.tests/bin/debug/netcoreapp2.0/expressiveexpressiontrees.tests.dll" id="999b8af7-abaf-aaf4-d4da-36073f41c75d"><Execution id="b8ecadb8-d51e-46c5-bbe1-dbf92b3f09d2" /><TestMethod codeBase="/home/hannasm/ExpressiveExpressionTreesDotNet/ExpressiveExpressionTrees.Tests/bin/Debug/netcoreapp2.0/ExpressiveExpressionTrees.Tests.dll" adapterTypeName="executor://mstestadapter/v2" className="ExpressiveExpressionTrees.Tests.ExpressionVisitorTest.TryCatchVisitorTests" name="Test012" /></UnitTest><UnitTest name="Test001" storage="/home/hannasm/expressiveexpressiontreesdotnet/expressiveexpressiontrees.tests/bin/debug/netcoreapp2.0/expressiveexpressiontrees.tests.dll" id="586b3ab1-e899-c6c7-9e1f-c9b0e3e10ad9"><Execution id="99802d50-0f65-4ac1-8151-206c9e5248b2" /><TestMethod codeBase="/home/hannasm/ExpressiveExpressionTreesDotNet/ExpressiveExpressionTrees.Tests/bin/Debug/netcoreapp2.0/ExpressiveExpressionTrees.Tests.dll" adapterTypeName="executor://mstestadapter/v2" className="ExpressiveExpressionTrees.Tests.ExpressionHasherTests.ParameterExpressionHasherTests" name="Test001" /></UnitTest><UnitTest name="Test003" storage="/home/hannasm/expressiveexpressiontreesdotnet/expressiveexpressiontrees.tests/bin/debug/netcoreapp2.0/expressiveexpressiontrees.tests.dll" id="fd819c51-6ffa-bc6d-6aa7-8ef7591a5a42"><Execution id="8814e22a-3a6e-4c17-beac-b2ca88132b8d" /><TestMethod codeBase="/home/hannasm/ExpressiveExpressionTreesDotNet/ExpressiveExpressionTrees.Tests/bin/Debug/netcoreapp2.0/ExpressiveExpressionTrees.Tests.dll" adapterTypeName="executor://mstestadapter/v2" className="ExpressiveExpressionTrees.Tests.ExpressionComparerTests.UnaryExpressionComparerTests" name="Test003" /></UnitTest><UnitTest name="Test002" storage="/home/hannasm/expressiveexpressiontreesdotnet/expressiveexpressiontrees.tests/bin/debug/netcoreapp2.0/expressiveexpressiontrees.tests.dll" id="cc48c7d5-be16-523f-bc65-0fc2774a3716"><Execution id="a7eac134-b94c-463d-983b-16bebe7812a0" /><TestMethod codeBase="/home/hannasm/ExpressiveExpressionTreesDotNet/ExpressiveExpressionTrees.Tests/bin/Debug/netcoreapp2.0/ExpressiveExpressionTrees.Tests.dll" adapterTypeName="executor://mstestadapter/v2" className="ExpressiveExpressionTrees.Tests.ExpressionGeneratorTests" name="Test002" /></UnitTest><UnitTest name="Test017" storage="/home/hannasm/expressiveexpressiontreesdotnet/expressiveexpressiontrees.tests/bin/debug/netcoreapp2.0/expressiveexpressiontrees.tests.dll" id="1668f413-9821-3519-c168-c2037a02809f"><Execution id="9489b008-c6c5-44b2-83e5-46197d152d72" /><TestMethod codeBase="/home/hannasm/ExpressiveExpressionTreesDotNet/ExpressiveExpressionTrees.Tests/bin/Debug/netcoreapp2.0/ExpressiveExpressionTrees.Tests.dll" adapterTypeName="executor://mstestadapter/v2" className="ExpressiveExpressionTrees.Tests.ExpressionHasherTests.BindingsExpressionHasherTests" name="Test017" /></UnitTest><UnitTest name="Test016" storage="/home/hannasm/expressiveexpressiontreesdotnet/expressiveexpressiontrees.tests/bin/debug/netcoreapp2.0/expressiveexpressiontrees.tests.dll" id="9e96e5a2-f076-2b7c-a807-ffba6a2159cc"><Execution id="1e48fa1a-5c4f-4d3e-b7d8-d4d40f75c0fe" /><TestMethod codeBase="/home/hannasm/ExpressiveExpressionTreesDotNet/ExpressiveExpressionTrees.Tests/bin/Debug/netcoreapp2.0/ExpressiveExpressionTrees.Tests.dll" adapterTypeName="executor://mstestadapter/v2" className="ExpressiveExpressionTrees.Tests.ExpressionGeneratorFromActionTests" name="Test016" /></UnitTest><UnitTest name="Test042" storage="/home/hannasm/expressiveexpressiontreesdotnet/expressiveexpressiontrees.tests/bin/debug/netcoreapp2.0/expressiveexpressiontrees.tests.dll" id="17cacea9-61cf-1e12-5e2d-30e10abbee82"><Execution id="c2630bd7-5057-4376-a91d-ec1d8ed43193" /><TestMethod codeBase="/home/hannasm/ExpressiveExpressionTreesDotNet/ExpressiveExpressionTrees.Tests/bin/Debug/netcoreapp2.0/ExpressiveExpressionTrees.Tests.dll" adapterTypeName="executor://mstestadapter/v2" className="ExpressiveExpressionTrees.Tests.ExpressionComparerTests.TryCatchExpressionComparerTests" name="Test042" /></UnitTest><UnitTest name="Test007" storage="/home/hannasm/expressiveexpressiontreesdotnet/expressiveexpressiontrees.tests/bin/debug/netcoreapp2.0/expressiveexpressiontrees.tests.dll" id="48fbd5a7-4788-7f5c-008a-215d353272a3"><Execution id="9cb82ef5-2045-46f1-bb19-95923f4e221c" /><TestMethod codeBase="/home/hannasm/ExpressiveExpressionTreesDotNet/ExpressiveExpressionTrees.Tests/bin/Debug/netcoreapp2.0/ExpressiveExpressionTrees.Tests.dll" adapterTypeName="executor://mstestadapter/v2" className="ExpressiveExpressionTrees.Tests.ExpressionVisitorTest.MethodCallVisitorTests" name="Test007" /></UnitTest><UnitTest name="Test315" storage="/home/hannasm/expressiveexpressiontreesdotnet/expressiveexpressiontrees.tests/bin/debug/netcoreapp2.0/expressiveexpressiontrees.tests.dll" id="00b7c2e2-4cdd-1a3b-cca5-896e88e2cc31"><Execution id="940a4ac1-2d0b-4ead-8b05-fd2e3fbfe9e9" /><TestMethod codeBase="/home/hannasm/ExpressiveExpressionTreesDotNet/ExpressiveExpressionTrees.Tests/bin/Debug/netcoreapp2.0/ExpressiveExpressionTrees.Tests.dll" adapterTypeName="executor://mstestadapter/v2" className="ExpressiveExpressionTrees.Tests.ExpressionVisitorTest.BinaryVisitorTests" name="Test315" /></UnitTest><UnitTest name="Test016" storage="/home/hannasm/expressiveexpressiontreesdotnet/expressiveexpressiontrees.tests/bin/debug/netcoreapp2.0/expressiveexpressiontrees.tests.dll" id="fd00f8b5-11b7-8ed9-6708-45109f6b4cfe"><Execution id="4671eab2-7f1b-4c68-9d9a-08548ab4d290" /><TestMethod codeBase="/home/hannasm/ExpressiveExpressionTreesDotNet/ExpressiveExpressionTrees.Tests/bin/Debug/netcoreapp2.0/ExpressiveExpressionTrees.Tests.dll" adapterTypeName="executor://mstestadapter/v2" className="ExpressiveExpressionTrees.Tests.ExpressionHasherTests.BindingsExpressionHasherTests" name="Test016" /></UnitTest><UnitTest name="Test027" storage="/home/hannasm/expressiveexpressiontreesdotnet/expressiveexpressiontrees.tests/bin/debug/netcoreapp2.0/expressiveexpressiontrees.tests.dll" id="9aca5c36-dd21-205e-64c3-3004ed7749fd"><Execution id="6a4877b1-5a76-4e6e-abab-2a6841932b03" /><TestMethod codeBase="/home/hannasm/ExpressiveExpressionTreesDotNet/ExpressiveExpressionTrees.Tests/bin/Debug/netcoreapp2.0/ExpressiveExpressionTrees.Tests.dll" adapterTypeName="executor://mstestadapter/v2" className="ExpressiveExpressionTrees.Tests.ExpressionVisitorTest.NewVisitorTests" name="Test027" /></UnitTest><UnitTest name="Test054" storage="/home/hannasm/expressiveexpressiontreesdotnet/expressiveexpressiontrees.tests/bin/debug/netcoreapp2.0/expressiveexpressiontrees.tests.dll" id="d519856f-ff14-bc5e-631a-ffea500ea838"><Execution id="59e12640-b7df-4a6f-991f-4d22674f4846" /><TestMethod codeBase="/home/hannasm/ExpressiveExpressionTreesDotNet/ExpressiveExpressionTrees.Tests/bin/Debug/netcoreapp2.0/ExpressiveExpressionTrees.Tests.dll" adapterTypeName="executor://mstestadapter/v2" className="ExpressiveExpressionTrees.Tests.ExpressionVisitorTest.NewVisitorTests" name="Test054" /></UnitTest><UnitTest name="Test349" storage="/home/hannasm/expressiveexpressiontreesdotnet/expressiveexpressiontrees.tests/bin/debug/netcoreapp2.0/expressiveexpressiontrees.tests.dll" id="db1dc7fe-6882-0857-3605-a2d295665991"><Execution id="734c4806-180d-4392-842f-c6f6a7dc93ec" /><TestMethod codeBase="/home/hannasm/ExpressiveExpressionTreesDotNet/ExpressiveExpressionTrees.Tests/bin/Debug/netcoreapp2.0/ExpressiveExpressionTrees.Tests.dll" adapterTypeName="executor://mstestadapter/v2" className="ExpressiveExpressionTrees.Tests.ExpressionVisitorTest.BinaryVisitorTests" name="Test349" /></UnitTest><UnitTest name="Test011" storage="/home/hannasm/expressiveexpressiontreesdotnet/expressiveexpressiontrees.tests/bin/debug/netcoreapp2.0/expressiveexpressiontrees.tests.dll" id="f1f9c4bf-8c61-8c61-c67b-80ebb45acd24"><Execution id="f0d65951-9b39-4eb2-ad2a-9e110301833d" /><TestMethod codeBase="/home/hannasm/ExpressiveExpressionTreesDotNet/ExpressiveExpressionTrees.Tests/bin/Debug/netcoreapp2.0/ExpressiveExpressionTrees.Tests.dll" adapterTypeName="executor://mstestadapter/v2" className="ExpressiveExpressionTrees.Tests.ExpressionComparerTests.ListInitExpressionComparerTests" name="Test011" /></UnitTest><UnitTest name="Test012" storage="/home/hannasm/expressiveexpressiontreesdotnet/expressiveexpressiontrees.tests/bin/debug/netcoreapp2.0/expressiveexpressiontrees.tests.dll" id="6f24177c-e4c0-2f45-a9c0-7ab57e98ffd7"><Execution id="78678186-43d0-4183-b759-2dad98da071e" /><TestMethod codeBase="/home/hannasm/ExpressiveExpressionTreesDotNet/ExpressiveExpressionTrees.Tests/bin/Debug/netcoreapp2.0/ExpressiveExpressionTrees.Tests.dll" adapterTypeName="executor://mstestadapter/v2" className="ExpressiveExpressionTrees.Tests.ExpressionVisitorTest.MethodCallVisitorTests" name="Test012" /></UnitTest><UnitTest name="Test013" storage="/home/hannasm/expressiveexpressiontreesdotnet/expressiveexpressiontrees.tests/bin/debug/netcoreapp2.0/expressiveexpressiontrees.tests.dll" id="388c07c2-91ae-05d5-4433-09eade683174"><Execution id="37abf553-f953-43c7-8e4f-f836bb2c0dca" /><TestMethod codeBase="/home/hannasm/ExpressiveExpressionTreesDotNet/ExpressiveExpressionTrees.Tests/bin/Debug/netcoreapp2.0/ExpressiveExpressionTrees.Tests.dll" adapterTypeName="executor://mstestadapter/v2" className="ExpressiveExpressionTrees.Tests.ExpressionHasherTests.MethodCallExpressionHasherTests" name="Test013" /></UnitTest><UnitTest name="Test333" storage="/home/hannasm/expressiveexpressiontreesdotnet/expressiveexpressiontrees.tests/bin/debug/netcoreapp2.0/expressiveexpressiontrees.tests.dll" id="95749cc6-3358-80c4-45c8-e08022f6e2fe"><Execution id="54dd24f5-c100-4563-8413-50d931dbc941" /><TestMethod codeBase="/home/hannasm/ExpressiveExpressionTreesDotNet/ExpressiveExpressionTrees.Tests/bin/Debug/netcoreapp2.0/ExpressiveExpressionTrees.Tests.dll" adapterTypeName="executor://mstestadapter/v2" className="ExpressiveExpressionTrees.Tests.ExpressionVisitorTest.BinaryVisitorTests" name="Test333" /></UnitTest><UnitTest name="Test032" storage="/home/hannasm/expressiveexpressiontreesdotnet/expressiveexpressiontrees.tests/bin/debug/netcoreapp2.0/expressiveexpressiontrees.tests.dll" id="38781347-6b6e-1343-36bf-654bd2febde8"><Execution id="7e69414d-3f4a-4087-94c9-4721f5d41d6b" /><TestMethod codeBase="/home/hannasm/ExpressiveExpressionTreesDotNet/ExpressiveExpressionTrees.Tests/bin/Debug/netcoreapp2.0/ExpressiveExpressionTrees.Tests.dll" adapterTypeName="executor://mstestadapter/v2" className="ExpressiveExpressionTrees.Tests.ExpressionGeneratorTests" name="Test032" /></UnitTest><UnitTest name="Test004" storage="/home/hannasm/expressiveexpressiontreesdotnet/expressiveexpressiontrees.tests/bin/debug/netcoreapp2.0/expressiveexpressiontrees.tests.dll" id="c6a7abae-c23d-25bf-3160-68f71ec91c74"><Execution id="a412bdfc-ec7f-4b72-bafe-471671e58839" /><TestMethod codeBase="/home/hannasm/ExpressiveExpressionTreesDotNet/ExpressiveExpressionTrees.Tests/bin/Debug/netcoreapp2.0/ExpressiveExpressionTrees.Tests.dll" adapterTypeName="executor://mstestadapter/v2" className="ExpressiveExpressionTrees.Tests.ExpressionComparerTests.NewExpressionComparerTests" name="Test004" /></UnitTest><UnitTest name="Test009" storage="/home/hannasm/expressiveexpressiontreesdotnet/expressiveexpressiontrees.tests/bin/debug/netcoreapp2.0/expressiveexpressiontrees.tests.dll" id="1a59967f-4b46-3b95-95bb-89a6324cffc7"><Execution id="11a7b711-4a11-48ca-b2f7-2db27b3c51ed" /><TestMethod codeBase="/home/hannasm/ExpressiveExpressionTreesDotNet/ExpressiveExpressionTrees.Tests/bin/Debug/netcoreapp2.0/ExpressiveExpressionTrees.Tests.dll" adapterTypeName="executor://mstestadapter/v2" className="ExpressiveExpressionTrees.Tests.ExpressionHasherTests.MethodCallExpressionHasherTests" name="Test009" /></UnitTest><UnitTest name="Test402" storage="/home/hannasm/expressiveexpressiontreesdotnet/expressiveexpressiontrees.tests/bin/debug/netcoreapp2.0/expressiveexpressiontrees.tests.dll" id="fa7e3aac-3f7c-daa3-01ce-9da53976fa73"><Execution id="e923714f-e2e5-40a1-a41f-b5b8cb5f311d" /><TestMethod codeBase="/home/hannasm/ExpressiveExpressionTreesDotNet/ExpressiveExpressionTrees.Tests/bin/Debug/netcoreapp2.0/ExpressiveExpressionTrees.Tests.dll" adapterTypeName="executor://mstestadapter/v2" className="ExpressiveExpressionTrees.Tests.ExpressionVisitorTest.BinaryVisitorTests" name="Test402" /></UnitTest><UnitTest name="Test047" storage="/home/hannasm/expressiveexpressiontreesdotnet/expressiveexpressiontrees.tests/bin/debug/netcoreapp2.0/expressiveexpressiontrees.tests.dll" id="28ba292b-de6c-2683-a2f3-36c3062d470c"><Execution id="70f5aba7-3890-419e-810f-1630ae4c3e92" /><TestMethod codeBase="/home/hannasm/ExpressiveExpressionTreesDotNet/ExpressiveExpressionTrees.Tests/bin/Debug/netcoreapp2.0/ExpressiveExpressionTrees.Tests.dll" adapterTypeName="executor://mstestadapter/v2" className="ExpressiveExpressionTrees.Tests.ExpressionComparerTests.BindingsExpressionComparerTests" name="Test047" /></UnitTest><UnitTest name="Test009" storage="/home/hannasm/expressiveexpressiontreesdotnet/expressiveexpressiontrees.tests/bin/debug/netcoreapp2.0/expressiveexpressiontrees.tests.dll" id="b60f9b2b-65b9-1c75-cb0a-e7a998c74c34"><Execution id="0d81b19b-e18c-42bf-bd80-378978ce5f99" /><TestMethod codeBase="/home/hannasm/ExpressiveExpressionTreesDotNet/ExpressiveExpressionTrees.Tests/bin/Debug/netcoreapp2.0/ExpressiveExpressionTrees.Tests.dll" adapterTypeName="executor://mstestadapter/v2" className="ExpressiveExpressionTrees.Tests.ExpressionComparerTests.MemberAccessExpressionComparerTests" name="Test009" /></UnitTest><UnitTest name="Test011" storage="/home/hannasm/expressiveexpressiontreesdotnet/expressiveexpressiontrees.tests/bin/debug/netcoreapp2.0/expressiveexpressiontrees.tests.dll" id="9be486a2-194c-e862-37db-dadf1cd4a139"><Execution id="caaf9b63-277f-4f6d-80af-b73ce1147128" /><TestMethod codeBase="/home/hannasm/ExpressiveExpressionTreesDotNet/ExpressiveExpressionTrees.Tests/bin/Debug/netcoreapp2.0/ExpressiveExpressionTrees.Tests.dll" adapterTypeName="executor://mstestadapter/v2" className="ExpressiveExpressionTrees.Tests.ExpressionHasherTests.NewArrayExpressionHasherTests" name="Test011" /></UnitTest><UnitTest name="Test201" storage="/home/hannasm/expressiveexpressiontreesdotnet/expressiveexpressiontrees.tests/bin/debug/netcoreapp2.0/expressiveexpressiontrees.tests.dll" id="4d1a5b5d-c9a5-0f4e-3b9a-287ba03da56a"><Execution id="735658e0-fa5b-43a4-9efb-383574199ef8" /><TestMethod codeBase="/home/hannasm/ExpressiveExpressionTreesDotNet/ExpressiveExpressionTrees.Tests/bin/Debug/netcoreapp2.0/ExpressiveExpressionTrees.Tests.dll" adapterTypeName="executor://mstestadapter/v2" className="ExpressiveExpressionTrees.Tests.ExpressionVisitorTest.BinaryVisitorTests" name="Test201" /></UnitTest><UnitTest name="Test001" storage="/home/hannasm/expressiveexpressiontreesdotnet/expressiveexpressiontrees.tests/bin/debug/netcoreapp2.0/expressiveexpressiontrees.tests.dll" id="05c55dac-f365-869c-1342-081dcb33b248"><Execution id="7cbb8741-c73e-4a4b-b4f6-7ba024fe26c8" /><TestMethod codeBase="/home/hannasm/ExpressiveExpressionTreesDotNet/ExpressiveExpressionTrees.Tests/bin/Debug/netcoreapp2.0/ExpressiveExpressionTrees.Tests.dll" adapterTypeName="executor://mstestadapter/v2" className="ExpressiveExpressionTrees.Tests.ExpressionHasherTests.NewExpressionHasherTests" name="Test001" /></UnitTest><UnitTest name="Test018" storage="/home/hannasm/expressiveexpressiontreesdotnet/expressiveexpressiontrees.tests/bin/debug/netcoreapp2.0/expressiveexpressiontrees.tests.dll" id="31a77815-e513-ca76-9118-40e80687306c"><Execution id="c843c18b-e985-43f2-998e-4db2253e9369" /><TestMethod codeBase="/home/hannasm/ExpressiveExpressionTreesDotNet/ExpressiveExpressionTrees.Tests/bin/Debug/netcoreapp2.0/ExpressiveExpressionTrees.Tests.dll" adapterTypeName="executor://mstestadapter/v2" className="ExpressiveExpressionTrees.Tests.ExpressionVisitorTest.NewArrayVisitorTests" name="Test018" /></UnitTest><UnitTest name="Test313" storage="/home/hannasm/expressiveexpressiontreesdotnet/expressiveexpressiontrees.tests/bin/debug/netcoreapp2.0/expressiveexpressiontrees.tests.dll" id="49890092-a59e-08e7-c213-3d05fb646fe3"><Execution id="59375d5d-75a0-4468-9fd2-9335e572d7ce" /><TestMethod codeBase="/home/hannasm/ExpressiveExpressionTreesDotNet/ExpressiveExpressionTrees.Tests/bin/Debug/netcoreapp2.0/ExpressiveExpressionTrees.Tests.dll" adapterTypeName="executor://mstestadapter/v2" className="ExpressiveExpressionTrees.Tests.ExpressionVisitorTest.BinaryVisitorTests" name="Test313" /></UnitTest><UnitTest name="Test004" storage="/home/hannasm/expressiveexpressiontreesdotnet/expressiveexpressiontrees.tests/bin/debug/netcoreapp2.0/expressiveexpressiontrees.tests.dll" id="fda5d0e6-2110-a654-1032-3b4849532f07"><Execution id="6ba109dc-7319-414b-a1e8-feb2c0d0ccb2" /><TestMethod codeBase="/home/hannasm/ExpressiveExpressionTreesDotNet/ExpressiveExpressionTrees.Tests/bin/Debug/netcoreapp2.0/ExpressiveExpressionTrees.Tests.dll" adapterTypeName="executor://mstestadapter/v2" className="ExpressiveExpressionTrees.Tests.ExpressionHasherTests.ConstantExpressionHasherTests" name="Test004" /></UnitTest><UnitTest name="Test027" storage="/home/hannasm/expressiveexpressiontreesdotnet/expressiveexpressiontrees.tests/bin/debug/netcoreapp2.0/expressiveexpressiontrees.tests.dll" id="40041e8f-427e-16e7-1ecc-d45c5c8936b8"><Execution id="7281aed9-3ad5-44c2-ae24-0b61d87861d1" /><TestMethod codeBase="/home/hannasm/ExpressiveExpressionTreesDotNet/ExpressiveExpressionTrees.Tests/bin/Debug/netcoreapp2.0/ExpressiveExpressionTrees.Tests.dll" adapterTypeName="executor://mstestadapter/v2" className="ExpressiveExpressionTrees.Tests.ExpressionVisitorTest.UnaryVisitorTests" name="Test027" /></UnitTest><UnitTest name="Test021" storage="/home/hannasm/expressiveexpressiontreesdotnet/expressiveexpressiontrees.tests/bin/debug/netcoreapp2.0/expressiveexpressiontrees.tests.dll" id="d53a1399-0431-00fe-7423-614ef21ddf6d"><Execution id="e88c948e-b90e-407d-93c1-7fa37900f13c" /><TestMethod codeBase="/home/hannasm/ExpressiveExpressionTreesDotNet/ExpressiveExpressionTrees.Tests/bin/Debug/netcoreapp2.0/ExpressiveExpressionTrees.Tests.dll" adapterTypeName="executor://mstestadapter/v2" className="ExpressiveExpressionTrees.Tests.ExpressionGeneratorMakeBinaryTests" name="Test021" /></UnitTest><UnitTest name="Test008" storage="/home/hannasm/expressiveexpressiontreesdotnet/expressiveexpressiontrees.tests/bin/debug/netcoreapp2.0/expressiveexpressiontrees.tests.dll" id="3e1ecace-2104-9ad0-23ff-910b9f7771ef"><Execution id="4f70c718-720c-4c8d-8a43-c985e3e29ac1" /><TestMethod codeBase="/home/hannasm/ExpressiveExpressionTreesDotNet/ExpressiveExpressionTrees.Tests/bin/Debug/netcoreapp2.0/ExpressiveExpressionTrees.Tests.dll" adapterTypeName="executor://mstestadapter/v2" className="ExpressiveExpressionTrees.Tests.ExpressionComparerTests.ConstantExpressionComparerTests" name="Test008" /></UnitTest><UnitTest name="Test005" storage="/home/hannasm/expressiveexpressiontreesdotnet/expressiveexpressiontrees.tests/bin/debug/netcoreapp2.0/expressiveexpressiontrees.tests.dll" id="346b2058-c053-8fa0-5302-b404ba64d374"><Execution id="80db526f-380c-43f4-aa45-e83f8c04bf63" /><TestMethod codeBase="/home/hannasm/ExpressiveExpressionTreesDotNet/ExpressiveExpressionTrees.Tests/bin/Debug/netcoreapp2.0/ExpressiveExpressionTrees.Tests.dll" adapterTypeName="executor://mstestadapter/v2" className="ExpressiveExpressionTrees.Tests.ExpressionGeneratorFromFuncTests" name="Test005" /></UnitTest><UnitTest name="Test110" storage="/home/hannasm/expressiveexpressiontreesdotnet/expressiveexpressiontrees.tests/bin/debug/netcoreapp2.0/expressiveexpressiontrees.tests.dll" id="ce065e21-967f-a515-0b1a-607385cd4be9"><Execution id="7804587b-cc18-40e2-bcd1-c7eb4da921b3" /><TestMethod codeBase="/home/hannasm/ExpressiveExpressionTreesDotNet/ExpressiveExpressionTrees.Tests/bin/Debug/netcoreapp2.0/ExpressiveExpressionTrees.Tests.dll" adapterTypeName="executor://mstestadapter/v2" className="ExpressiveExpressionTrees.Tests.ExpressionVisitorTest.BinaryVisitorTests" name="Test110" /></UnitTest><UnitTest name="Test008" storage="/home/hannasm/expressiveexpressiontreesdotnet/expressiveexpressiontrees.tests/bin/debug/netcoreapp2.0/expressiveexpressiontrees.tests.dll" id="795481b6-8e1b-4ffb-31bd-409fd09aa23d"><Execution id="1e901326-f91e-4e34-b306-e9238909111a" /><TestMethod codeBase="/home/hannasm/ExpressiveExpressionTreesDotNet/ExpressiveExpressionTrees.Tests/bin/Debug/netcoreapp2.0/ExpressiveExpressionTrees.Tests.dll" adapterTypeName="executor://mstestadapter/v2" className="ExpressiveExpressionTrees.Tests.ExpressionComparerTests.NewArrayExpressionComparerTests" name="Test008" /></UnitTest><UnitTest name="Test011" storage="/home/hannasm/expressiveexpressiontreesdotnet/expressiveexpressiontrees.tests/bin/debug/netcoreapp2.0/expressiveexpressiontrees.tests.dll" id="dea463a5-8784-f591-ad54-69ddac5f1961"><Execution id="9026fef6-9428-456c-9765-7d1793a7fa2b" /><TestMethod codeBase="/home/hannasm/ExpressiveExpressionTreesDotNet/ExpressiveExpressionTrees.Tests/bin/Debug/netcoreapp2.0/ExpressiveExpressionTrees.Tests.dll" adapterTypeName="executor://mstestadapter/v2" className="ExpressiveExpressionTrees.Tests.ExpressionGeneratorMakeBinaryTests" name="Test011" /></UnitTest><UnitTest name="Test031" storage="/home/hannasm/expressiveexpressiontreesdotnet/expressiveexpressiontrees.tests/bin/debug/netcoreapp2.0/expressiveexpressiontrees.tests.dll" id="3032cfa5-7993-2e05-e22f-3068a9414ad3"><Execution id="081eb33d-6815-4edb-be51-243ef219820a" /><TestMethod codeBase="/home/hannasm/ExpressiveExpressionTreesDotNet/ExpressiveExpressionTrees.Tests/bin/Debug/netcoreapp2.0/ExpressiveExpressionTrees.Tests.dll" adapterTypeName="executor://mstestadapter/v2" className="ExpressiveExpressionTrees.Tests.ExpressionVisitorTest.BinaryVisitorTests" name="Test031" /></UnitTest><UnitTest name="Test013" storage="/home/hannasm/expressiveexpressiontreesdotnet/expressiveexpressiontrees.tests/bin/debug/netcoreapp2.0/expressiveexpressiontrees.tests.dll" id="4b1aa57c-3d20-da6f-cc78-dcdd3a759bd4"><Execution id="2d59f1cb-3e08-4020-8312-5e06dfcb933e" /><TestMethod codeBase="/home/hannasm/ExpressiveExpressionTreesDotNet/ExpressiveExpressionTrees.Tests/bin/Debug/netcoreapp2.0/ExpressiveExpressionTrees.Tests.dll" adapterTypeName="executor://mstestadapter/v2" className="ExpressiveExpressionTrees.Tests.ExpressionVisitorTest.InvokeVisitorTests" name="Test013" /></UnitTest><UnitTest name="Test002" storage="/home/hannasm/expressiveexpressiontreesdotnet/expressiveexpressiontrees.tests/bin/debug/netcoreapp2.0/expressiveexpressiontrees.tests.dll" id="ffe20caf-5fa5-7ac5-8393-9f4104728b08"><Execution id="ddd61d36-0cde-4ff1-b7a8-d0e6b1c894f5" /><TestMethod codeBase="/home/hannasm/ExpressiveExpressionTreesDotNet/ExpressiveExpressionTrees.Tests/bin/Debug/netcoreapp2.0/ExpressiveExpressionTrees.Tests.dll" adapterTypeName="executor://mstestadapter/v2" className="ExpressiveExpressionTrees.Tests.ExpressionReaderTests" name="Test002" /></UnitTest><UnitTest name="Test025" storage="/home/hannasm/expressiveexpressiontreesdotnet/expressiveexpressiontrees.tests/bin/debug/netcoreapp2.0/expressiveexpressiontrees.tests.dll" id="aad707e1-f7eb-567f-e96f-c14b796e7026"><Execution id="d493f443-4577-48fc-ae30-f30c4894137a" /><TestMethod codeBase="/home/hannasm/ExpressiveExpressionTreesDotNet/ExpressiveExpressionTrees.Tests/bin/Debug/netcoreapp2.0/ExpressiveExpressionTrees.Tests.dll" adapterTypeName="executor://mstestadapter/v2" className="ExpressiveExpressionTrees.Tests.ExpressionHasherTests.BindingsExpressionHasherTests" name="Test025" /></UnitTest><UnitTest name="Test010" storage="/home/hannasm/expressiveexpressiontreesdotnet/expressiveexpressiontrees.tests/bin/debug/netcoreapp2.0/expressiveexpressiontrees.tests.dll" id="526df72c-ffcb-941a-cd2e-032ac3691be5"><Execution id="ca9c983e-dfb2-4f99-bb2d-4d20dddb96cc" /><TestMethod codeBase="/home/hannasm/ExpressiveExpressionTreesDotNet/ExpressiveExpressionTrees.Tests/bin/Debug/netcoreapp2.0/ExpressiveExpressionTrees.Tests.dll" adapterTypeName="executor://mstestadapter/v2" className="ExpressiveExpressionTrees.Tests.ExpressionVisitorTest.BlockVisitorTests" name="Test010" /></UnitTest><UnitTest name="Test006" storage="/home/hannasm/expressiveexpressiontreesdotnet/expressiveexpressiontrees.tests/bin/debug/netcoreapp2.0/expressiveexpressiontrees.tests.dll" id="b7e88f3f-0fad-9765-cb15-4e1c204d7e7a"><Execution id="2bc8e443-9411-4cff-b1c1-0017818d380a" /><TestMethod codeBase="/home/hannasm/ExpressiveExpressionTreesDotNet/ExpressiveExpressionTrees.Tests/bin/Debug/netcoreapp2.0/ExpressiveExpressionTrees.Tests.dll" adapterTypeName="executor://mstestadapter/v2" className="ExpressiveExpressionTrees.Tests.ExpressionHasherTests.NewExpressionHasherTests" name="Test006" /></UnitTest><UnitTest name="Test018" storage="/home/hannasm/expressiveexpressiontreesdotnet/expressiveexpressiontrees.tests/bin/debug/netcoreapp2.0/expressiveexpressiontrees.tests.dll" id="ac22ef48-683a-a17a-3556-f2db96ba45dc"><Execution id="ed1e6d94-54c1-436e-a76c-a8d5c9904227" /><TestMethod codeBase="/home/hannasm/ExpressiveExpressionTreesDotNet/ExpressiveExpressionTrees.Tests/bin/Debug/netcoreapp2.0/ExpressiveExpressionTrees.Tests.dll" adapterTypeName="executor://mstestadapter/v2" className="ExpressiveExpressionTrees.Tests.ExpressionComparerTests.BinaryExpressionComparerTests" name="Test018" /></UnitTest><UnitTest name="Test022" storage="/home/hannasm/expressiveexpressiontreesdotnet/expressiveexpressiontrees.tests/bin/debug/netcoreapp2.0/expressiveexpressiontrees.tests.dll" id="534d4656-c367-be3a-8e32-1cb18751bef8"><Execution id="eb08c425-8f40-463f-8d9a-e995a739fe79" /><TestMethod codeBase="/home/hannasm/ExpressiveExpressionTreesDotNet/ExpressiveExpressionTrees.Tests/bin/Debug/netcoreapp2.0/ExpressiveExpressionTrees.Tests.dll" adapterTypeName="executor://mstestadapter/v2" className="ExpressiveExpressionTrees.Tests.ExpressionGeneratorFromFuncTests" name="Test022" /></UnitTest><UnitTest name="Test005" storage="/home/hannasm/expressiveexpressiontreesdotnet/expressiveexpressiontrees.tests/bin/debug/netcoreapp2.0/expressiveexpressiontrees.tests.dll" id="81377ebc-52e3-2329-5202-dec9097bc0cd"><Execution id="2e74f66b-9f29-4f71-902d-8ffdf7cb4c31" /><TestMethod codeBase="/home/hannasm/ExpressiveExpressionTreesDotNet/ExpressiveExpressionTrees.Tests/bin/Debug/netcoreapp2.0/ExpressiveExpressionTrees.Tests.dll" adapterTypeName="executor://mstestadapter/v2" className="ExpressiveExpressionTrees.Tests.ExpressionComparerTests.MemberAccessExpressionComparerTests" name="Test005" /></UnitTest><UnitTest name="Test029" storage="/home/hannasm/expressiveexpressiontreesdotnet/expressiveexpressiontrees.tests/bin/debug/netcoreapp2.0/expressiveexpressiontrees.tests.dll" id="4566f2f5-2af7-7a30-bc35-2e0c005bdb11"><Execution id="e10ee30f-39fa-4ed5-b95c-b9abd402163a" /><TestMethod codeBase="/home/hannasm/ExpressiveExpressionTreesDotNet/ExpressiveExpressionTrees.Tests/bin/Debug/netcoreapp2.0/ExpressiveExpressionTrees.Tests.dll" adapterTypeName="executor://mstestadapter/v2" className="ExpressiveExpressionTrees.Tests.ExpressionComparerTests.BindingsExpressionComparerTests" name="Test029" /></UnitTest><UnitTest name="Test033" storage="/home/hannasm/expressiveexpressiontreesdotnet/expressiveexpressiontrees.tests/bin/debug/netcoreapp2.0/expressiveexpressiontrees.tests.dll" id="ac5ebf04-b85d-024f-7142-c221d0279179"><Execution id="4a02d1ba-65cc-43ef-a162-241c24005540" /><TestMethod codeBase="/home/hannasm/ExpressiveExpressionTreesDotNet/ExpressiveExpressionTrees.Tests/bin/Debug/netcoreapp2.0/ExpressiveExpressionTrees.Tests.dll" adapterTypeName="executor://mstestadapter/v2" className="ExpressiveExpressionTrees.Tests.ExpressionGeneratorMakeBinaryTests" name="Test033" /></UnitTest><UnitTest name="Test006" storage="/home/hannasm/expressiveexpressiontreesdotnet/expressiveexpressiontrees.tests/bin/debug/netcoreapp2.0/expressiveexpressiontrees.tests.dll" id="c4c643b3-5de5-51e6-3988-9cc87cfc5d0b"><Execution id="ae0ac32b-4a5c-4913-8b40-8db8b08d5cae" /><TestMethod codeBase="/home/hannasm/ExpressiveExpressionTreesDotNet/ExpressiveExpressionTrees.Tests/bin/Debug/netcoreapp2.0/ExpressiveExpressionTrees.Tests.dll" adapterTypeName="executor://mstestadapter/v2" className="ExpressiveExpressionTrees.Tests.ExpressionVisitorTest.InvokeVisitorTests" name="Test006" /></UnitTest><UnitTest name="Test010" storage="/home/hannasm/expressiveexpressiontreesdotnet/expressiveexpressiontrees.tests/bin/debug/netcoreapp2.0/expressiveexpressiontrees.tests.dll" id="44ad207a-ad0c-cc9a-96c3-b9758a8d5547"><Execution id="058d67a3-6c51-41e0-b3bd-115c1710f880" /><TestMethod codeBase="/home/hannasm/ExpressiveExpressionTreesDotNet/ExpressiveExpressionTrees.Tests/bin/Debug/netcoreapp2.0/ExpressiveExpressionTrees.Tests.dll" adapterTypeName="executor://mstestadapter/v2" className="ExpressiveExpressionTrees.Tests.ExpressionComparerTests.ConstantExpressionComparerTests" name="Test010" /></UnitTest><UnitTest name="Test002" storage="/home/hannasm/expressiveexpressiontreesdotnet/expressiveexpressiontrees.tests/bin/debug/netcoreapp2.0/expressiveexpressiontrees.tests.dll" id="7a29f417-e452-1bf6-0eb0-4f649898db60"><Execution id="43ac4014-77b4-4673-8de0-45f4f5b107f1" /><TestMethod codeBase="/home/hannasm/ExpressiveExpressionTreesDotNet/ExpressiveExpressionTrees.Tests/bin/Debug/netcoreapp2.0/ExpressiveExpressionTrees.Tests.dll" adapterTypeName="executor://mstestadapter/v2" className="ExpressiveExpressionTrees.Tests.ExpressionComparerTests.MethodCallExpressionComparerTests" name="Test002" /></UnitTest><UnitTest name="Test006" storage="/home/hannasm/expressiveexpressiontreesdotnet/expressiveexpressiontrees.tests/bin/debug/netcoreapp2.0/expressiveexpressiontrees.tests.dll" id="23881078-0ff7-2854-4e97-81c43058cb64"><Execution id="6d4d38b4-d3c9-45b5-8607-80cfb4b8365f" /><TestMethod codeBase="/home/hannasm/ExpressiveExpressionTreesDotNet/ExpressiveExpressionTrees.Tests/bin/Debug/netcoreapp2.0/ExpressiveExpressionTrees.Tests.dll" adapterTypeName="executor://mstestadapter/v2" className="ExpressiveExpressionTrees.Tests.ExpressionVisitorTest.GotoVisitorTests" name="Test006" /></UnitTest><UnitTest name="Test004" storage="/home/hannasm/expressiveexpressiontreesdotnet/expressiveexpressiontrees.tests/bin/debug/netcoreapp2.0/expressiveexpressiontrees.tests.dll" id="f5c577fb-1fae-4d8e-71c7-4cfe4e8ed6f0"><Execution id="0d71bd8c-a275-4a4f-8dfe-0c3519267cf3" /><TestMethod codeBase="/home/hannasm/ExpressiveExpressionTreesDotNet/ExpressiveExpressionTrees.Tests/bin/Debug/netcoreapp2.0/ExpressiveExpressionTrees.Tests.dll" adapterTypeName="executor://mstestadapter/v2" className="ExpressiveExpressionTrees.Tests.ExpressionVisitorTest.GotoVisitorTests" name="Test004" /></UnitTest><UnitTest name="Test001" storage="/home/hannasm/expressiveexpressiontreesdotnet/expressiveexpressiontrees.tests/bin/debug/netcoreapp2.0/expressiveexpressiontrees.tests.dll" id="e89819d1-f5aa-6f8a-dbcc-4035608339a6"><Execution id="72bef7d1-352e-488a-828c-5a75e658c8ea" /><TestMethod codeBase="/home/hannasm/ExpressiveExpressionTreesDotNet/ExpressiveExpressionTrees.Tests/bin/Debug/netcoreapp2.0/ExpressiveExpressionTrees.Tests.dll" adapterTypeName="executor://mstestadapter/v2" className="ExpressiveExpressionTrees.Tests.ExpressionComparerTests.ParameterExpressionComparerTests" name="Test001" /></UnitTest><UnitTest name="Test006" storage="/home/hannasm/expressiveexpressiontreesdotnet/expressiveexpressiontrees.tests/bin/debug/netcoreapp2.0/expressiveexpressiontrees.tests.dll" id="a0c8c800-4174-6d5e-78d4-4a6f3edc53a0"><Execution id="56692808-4ec8-45b5-827d-189619c78a72" /><TestMethod codeBase="/home/hannasm/ExpressiveExpressionTreesDotNet/ExpressiveExpressionTrees.Tests/bin/Debug/netcoreapp2.0/ExpressiveExpressionTrees.Tests.dll" adapterTypeName="executor://mstestadapter/v2" className="ExpressiveExpressionTrees.Tests.ExpressionReplacerTests.ExpressionReplacerUseCases" name="Test006" /></UnitTest><UnitTest name="Test028" storage="/home/hannasm/expressiveexpressiontreesdotnet/expressiveexpressiontrees.tests/bin/debug/netcoreapp2.0/expressiveexpressiontrees.tests.dll" id="0e885dac-9578-5bd0-484d-4d6a6055fb2b"><Execution id="c56b044c-7b78-4df4-8af0-7b4f9c9e4e81" /><TestMethod codeBase="/home/hannasm/ExpressiveExpressionTreesDotNet/ExpressiveExpressionTrees.Tests/bin/Debug/netcoreapp2.0/ExpressiveExpressionTrees.Tests.dll" adapterTypeName="executor://mstestadapter/v2" className="ExpressiveExpressionTrees.Tests.ExpressionGeneratorTests" name="Test028" /></UnitTest><UnitTest name="Test011" storage="/home/hannasm/expressiveexpressiontreesdotnet/expressiveexpressiontrees.tests/bin/debug/netcoreapp2.0/expressiveexpressiontrees.tests.dll" id="e28a82b3-0e11-0758-542a-ea51a24f04d7"><Execution id="f7c7393b-5e35-4e3f-bf75-e9504763a8a9" /><TestMethod codeBase="/home/hannasm/ExpressiveExpressionTreesDotNet/ExpressiveExpressionTrees.Tests/bin/Debug/netcoreapp2.0/ExpressiveExpressionTrees.Tests.dll" adapterTypeName="executor://mstestadapter/v2" className="ExpressiveExpressionTrees.Tests.ExpressionReplacerTests.ExpressionReplacerUseCases" name="Test011" /></UnitTest><UnitTest name="Test004" storage="/home/hannasm/expressiveexpressiontreesdotnet/expressiveexpressiontrees.tests/bin/debug/netcoreapp2.0/expressiveexpressiontrees.tests.dll" id="4178ea70-13e5-cdcd-af9e-b1a5bf5d70b8"><Execution id="7b9f3793-57ee-4e51-9ff7-9cb988fa51c4" /><TestMethod codeBase="/home/hannasm/ExpressiveExpressionTreesDotNet/ExpressiveExpressionTrees.Tests/bin/Debug/netcoreapp2.0/ExpressiveExpressionTrees.Tests.dll" adapterTypeName="executor://mstestadapter/v2" className="ExpressiveExpressionTrees.Tests.ExpressionComparerTests.GotoExpressionComparerTests" name="Test004" /></UnitTest><UnitTest name="Test002" storage="/home/hannasm/expressiveexpressiontreesdotnet/expressiveexpressiontrees.tests/bin/debug/netcoreapp2.0/expressiveexpressiontrees.tests.dll" id="af51f64a-afef-b4bb-e254-b0a7b9eefeb2"><Execution id="d5512cba-64da-4348-a34c-7b9344acada9" /><TestMethod codeBase="/home/hannasm/ExpressiveExpressionTreesDotNet/ExpressiveExpressionTrees.Tests/bin/Debug/netcoreapp2.0/ExpressiveExpressionTrees.Tests.dll" adapterTypeName="executor://mstestadapter/v2" className="ExpressiveExpressionTrees.Tests.ExpressionComparerTests.ListInitExpressionComparerTests" name="Test002" /></UnitTest><UnitTest name="Test011" storage="/home/hannasm/expressiveexpressiontreesdotnet/expressiveexpressiontrees.tests/bin/debug/netcoreapp2.0/expressiveexpressiontrees.tests.dll" id="d2da0a06-0b0b-0086-7ff2-15bf89546ce7"><Execution id="0ad7da65-1f1f-4bd8-9b45-331f2fd2efe1" /><TestMethod codeBase="/home/hannasm/ExpressiveExpressionTreesDotNet/ExpressiveExpressionTrees.Tests/bin/Debug/netcoreapp2.0/ExpressiveExpressionTrees.Tests.dll" adapterTypeName="executor://mstestadapter/v2" className="ExpressiveExpressionTrees.Tests.ExpressionGeneratorFromActionTests" name="Test011" /></UnitTest><UnitTest name="Test006" storage="/home/hannasm/expressiveexpressiontreesdotnet/expressiveexpressiontrees.tests/bin/debug/netcoreapp2.0/expressiveexpressiontrees.tests.dll" id="01eb7bef-bc10-b0da-1e5e-238593b4f548"><Execution id="8815e60b-7b39-49a8-9358-02ecb931175a" /><TestMethod codeBase="/home/hannasm/ExpressiveExpressionTreesDotNet/ExpressiveExpressionTrees.Tests/bin/Debug/netcoreapp2.0/ExpressiveExpressionTrees.Tests.dll" adapterTypeName="executor://mstestadapter/v2" className="ExpressiveExpressionTrees.Tests.ExpressionComparerTests.ConstantExpressionComparerTests" name="Test006" /></UnitTest><UnitTest name="Test033" storage="/home/hannasm/expressiveexpressiontreesdotnet/expressiveexpressiontrees.tests/bin/debug/netcoreapp2.0/expressiveexpressiontrees.tests.dll" id="767f1acf-195c-1956-5076-6c1aefb468be"><Execution id="8d48de23-f0c0-45e7-903e-6f49c931309e" /><TestMethod codeBase="/home/hannasm/ExpressiveExpressionTreesDotNet/ExpressiveExpressionTrees.Tests/bin/Debug/netcoreapp2.0/ExpressiveExpressionTrees.Tests.dll" adapterTypeName="executor://mstestadapter/v2" className="ExpressiveExpressionTrees.Tests.ExpressionGeneratorFromActionTests" name="Test033" /></UnitTest><UnitTest name="Test208" storage="/home/hannasm/expressiveexpressiontreesdotnet/expressiveexpressiontrees.tests/bin/debug/netcoreapp2.0/expressiveexpressiontrees.tests.dll" id="1b5ded5b-1f99-24df-c2c4-b9086d9c8496"><Execution id="64951c76-b67d-482e-988c-d12e7a4da688" /><TestMethod codeBase="/home/hannasm/ExpressiveExpressionTreesDotNet/ExpressiveExpressionTrees.Tests/bin/Debug/netcoreapp2.0/ExpressiveExpressionTrees.Tests.dll" adapterTypeName="executor://mstestadapter/v2" className="ExpressiveExpressionTrees.Tests.ExpressionVisitorTest.BinaryVisitorTests" name="Test208" /></UnitTest><UnitTest name="Test011" storage="/home/hannasm/expressiveexpressiontreesdotnet/expressiveexpressiontrees.tests/bin/debug/netcoreapp2.0/expressiveexpressiontrees.tests.dll" id="d310ec93-0bde-b042-7992-6c511b635a30"><Execution id="b5cca223-a388-4cbe-bb19-01bad6273d2a" /><TestMethod codeBase="/home/hannasm/ExpressiveExpressionTreesDotNet/ExpressiveExpressionTrees.Tests/bin/Debug/netcoreapp2.0/ExpressiveExpressionTrees.Tests.dll" adapterTypeName="executor://mstestadapter/v2" className="ExpressiveExpressionTrees.Tests.ExpressionHasherTests.InvocationExpressionHasherTests" name="Test011" /></UnitTest><UnitTest name="Test002" storage="/home/hannasm/expressiveexpressiontreesdotnet/expressiveexpressiontrees.tests/bin/debug/netcoreapp2.0/expressiveexpressiontrees.tests.dll" id="c59ad296-cacc-0535-0819-b92017859d32"><Execution id="f183b2d6-6a42-4cc3-9901-a685f8062e10" /><TestMethod codeBase="/home/hannasm/ExpressiveExpressionTreesDotNet/ExpressiveExpressionTrees.Tests/bin/Debug/netcoreapp2.0/ExpressiveExpressionTrees.Tests.dll" adapterTypeName="executor://mstestadapter/v2" className="ExpressiveExpressionTrees.Tests.ExpressionComparerTests.GotoExpressionComparerTests" name="Test002" /></UnitTest><UnitTest name="Test018" storage="/home/hannasm/expressiveexpressiontreesdotnet/expressiveexpressiontrees.tests/bin/debug/netcoreapp2.0/expressiveexpressiontrees.tests.dll" id="ca6c99b4-5113-33ce-ece0-27d6a1045d57"><Execution id="c131e7a3-14a6-4ab3-ade2-c49f76e613e6" /><TestMethod codeBase="/home/hannasm/ExpressiveExpressionTreesDotNet/ExpressiveExpressionTrees.Tests/bin/Debug/netcoreapp2.0/ExpressiveExpressionTrees.Tests.dll" adapterTypeName="executor://mstestadapter/v2" className="ExpressiveExpressionTrees.Tests.ExpressionComparerTests.BindingsExpressionComparerTests" name="Test018" /></UnitTest><UnitTest name="Test318" storage="/home/hannasm/expressiveexpressiontreesdotnet/expressiveexpressiontrees.tests/bin/debug/netcoreapp2.0/expressiveexpressiontrees.tests.dll" id="41d95f39-4468-5f0c-13a4-9818c9660709"><Execution id="61656715-530d-4ea4-aec7-9806f24966b5" /><TestMethod codeBase="/home/hannasm/ExpressiveExpressionTreesDotNet/ExpressiveExpressionTrees.Tests/bin/Debug/netcoreapp2.0/ExpressiveExpressionTrees.Tests.dll" adapterTypeName="executor://mstestadapter/v2" className="ExpressiveExpressionTrees.Tests.ExpressionVisitorTest.BinaryVisitorTests" name="Test318" /></UnitTest><UnitTest name="Test002" storage="/home/hannasm/expressiveexpressiontreesdotnet/expressiveexpressiontrees.tests/bin/debug/netcoreapp2.0/expressiveexpressiontrees.tests.dll" id="bef79c06-afe5-a708-dce8-fb0e40711851"><Execution id="d0a4d195-fd21-4e4d-b49d-930f5da7836a" /><TestMethod codeBase="/home/hannasm/ExpressiveExpressionTreesDotNet/ExpressiveExpressionTrees.Tests/bin/Debug/netcoreapp2.0/ExpressiveExpressionTrees.Tests.dll" adapterTypeName="executor://mstestadapter/v2" className="ExpressiveExpressionTrees.Tests.ExpressionReplacerTests.ExpressionReplacerUseCases" name="Test002" /></UnitTest><UnitTest name="Test013" storage="/home/hannasm/expressiveexpressiontreesdotnet/expressiveexpressiontrees.tests/bin/debug/netcoreapp2.0/expressiveexpressiontrees.tests.dll" id="bbf1d940-b8d5-565a-a47b-038552482b01"><Execution id="03e56cca-c13b-4dc0-a5fb-66ac22c42ad1" /><TestMethod codeBase="/home/hannasm/ExpressiveExpressionTreesDotNet/ExpressiveExpressionTrees.Tests/bin/Debug/netcoreapp2.0/ExpressiveExpressionTrees.Tests.dll" adapterTypeName="executor://mstestadapter/v2" className="ExpressiveExpressionTrees.Tests.ExpressionComparerTests.BindingsExpressionComparerTests" name="Test013" /></UnitTest><UnitTest name="Test004" storage="/home/hannasm/expressiveexpressiontreesdotnet/expressiveexpressiontrees.tests/bin/debug/netcoreapp2.0/expressiveexpressiontrees.tests.dll" id="35993687-d5b8-9e1d-97b9-9e2fe2ac18f1"><Execution id="6140d634-f642-42e1-8a3f-37e47714a803" /><TestMethod codeBase="/home/hannasm/ExpressiveExpressionTreesDotNet/ExpressiveExpressionTrees.Tests/bin/Debug/netcoreapp2.0/ExpressiveExpressionTrees.Tests.dll" adapterTypeName="executor://mstestadapter/v2" className="ExpressiveExpressionTrees.Tests.ExpressionComparerTests.ListInitExpressionComparerTests" name="Test004" /></UnitTest><UnitTest name="Test019" storage="/home/hannasm/expressiveexpressiontreesdotnet/expressiveexpressiontrees.tests/bin/debug/netcoreapp2.0/expressiveexpressiontrees.tests.dll" id="0a623d03-9236-4c91-8a8a-f40acf0da182"><Execution id="2cacc400-0d15-40a2-8cd6-b4260436280b" /><TestMethod codeBase="/home/hannasm/ExpressiveExpressionTreesDotNet/ExpressiveExpressionTrees.Tests/bin/Debug/netcoreapp2.0/ExpressiveExpressionTrees.Tests.dll" adapterTypeName="executor://mstestadapter/v2" className="ExpressiveExpressionTrees.Tests.ExpressionVisitorTest.NewArrayVisitorTests" name="Test019" /></UnitTest><UnitTest name="Test024" storage="/home/hannasm/expressiveexpressiontreesdotnet/expressiveexpressiontrees.tests/bin/debug/netcoreapp2.0/expressiveexpressiontrees.tests.dll" id="31471ed3-fd61-51be-8945-6d771c5e296d"><Execution id="a67054ca-f495-4245-b6cd-a733971c29d6" /><TestMethod codeBase="/home/hannasm/ExpressiveExpressionTreesDotNet/ExpressiveExpressionTrees.Tests/bin/Debug/netcoreapp2.0/ExpressiveExpressionTrees.Tests.dll" adapterTypeName="executor://mstestadapter/v2" className="ExpressiveExpressionTrees.Tests.ExpressionVisitorTest.NewVisitorTests" name="Test024" /></UnitTest><UnitTest name="Test015" storage="/home/hannasm/expressiveexpressiontreesdotnet/expressiveexpressiontrees.tests/bin/debug/netcoreapp2.0/expressiveexpressiontrees.tests.dll" id="cd6df822-8e0b-9de1-7f80-72642f96b3ea"><Execution id="ac32b46d-41fe-46d4-b8a0-9a189699b0c6" /><TestMethod codeBase="/home/hannasm/ExpressiveExpressionTreesDotNet/ExpressiveExpressionTrees.Tests/bin/Debug/netcoreapp2.0/ExpressiveExpressionTrees.Tests.dll" adapterTypeName="executor://mstestadapter/v2" className="ExpressiveExpressionTrees.Tests.ExpressionVisitorTest.ListInitVisitorTests" name="Test015" /></UnitTest><UnitTest name="Test019" storage="/home/hannasm/expressiveexpressiontreesdotnet/expressiveexpressiontrees.tests/bin/debug/netcoreapp2.0/expressiveexpressiontrees.tests.dll" id="ff36deed-a6bb-90fd-10a9-bb0cf5c7b72f"><Execution id="fe08bf9b-02db-4bbf-b742-a63ba5973eaf" /><TestMethod codeBase="/home/hannasm/ExpressiveExpressionTreesDotNet/ExpressiveExpressionTrees.Tests/bin/Debug/netcoreapp2.0/ExpressiveExpressionTrees.Tests.dll" adapterTypeName="executor://mstestadapter/v2" className="ExpressiveExpressionTrees.Tests.ExpressionVisitorTest.NewVisitorTests" name="Test019" /></UnitTest><UnitTest name="Test248" storage="/home/hannasm/expressiveexpressiontreesdotnet/expressiveexpressiontrees.tests/bin/debug/netcoreapp2.0/expressiveexpressiontrees.tests.dll" id="c2cf6eff-b51d-92af-d36b-e40cbbb55510"><Execution id="2f04c164-651f-4099-893d-3af1661486a0" /><TestMethod codeBase="/home/hannasm/ExpressiveExpressionTreesDotNet/ExpressiveExpressionTrees.Tests/bin/Debug/netcoreapp2.0/ExpressiveExpressionTrees.Tests.dll" adapterTypeName="executor://mstestadapter/v2" className="ExpressiveExpressionTrees.Tests.ExpressionVisitorTest.BinaryVisitorTests" name="Test248" /></UnitTest><UnitTest name="Test004" storage="/home/hannasm/expressiveexpressiontreesdotnet/expressiveexpressiontrees.tests/bin/debug/netcoreapp2.0/expressiveexpressiontrees.tests.dll" id="11214e1e-4b4b-7825-5593-c48a5ac40488"><Execution id="c1848fcf-84bc-4eb0-9768-814b62a37f62" /><TestMethod codeBase="/home/hannasm/ExpressiveExpressionTreesDotNet/ExpressiveExpressionTrees.Tests/bin/Debug/netcoreapp2.0/ExpressiveExpressionTrees.Tests.dll" adapterTypeName="executor://mstestadapter/v2" className="ExpressiveExpressionTrees.Tests.ExpressionGeneratorFromActionTests" name="Test004" /></UnitTest><UnitTest name="Test002" storage="/home/hannasm/expressiveexpressiontreesdotnet/expressiveexpressiontrees.tests/bin/debug/netcoreapp2.0/expressiveexpressiontrees.tests.dll" id="6bd7cea9-19c3-ed28-28d9-d2e86b550003"><Execution id="dedad18c-ec44-4f77-8f32-69e309f06e15" /><TestMethod codeBase="/home/hannasm/ExpressiveExpressionTreesDotNet/ExpressiveExpressionTrees.Tests/bin/Debug/netcoreapp2.0/ExpressiveExpressionTrees.Tests.dll" adapterTypeName="executor://mstestadapter/v2" className="ExpressiveExpressionTrees.Tests.ExpressionHasherTests.GotoExpressionHasherTests" name="Test002" /></UnitTest><UnitTest name="Test006" storage="/home/hannasm/expressiveexpressiontreesdotnet/expressiveexpressiontrees.tests/bin/debug/netcoreapp2.0/expressiveexpressiontrees.tests.dll" id="0e60c700-3eee-e180-03f8-3e53b8f951c1"><Execution id="8ca8204d-3864-48e0-9a28-8741be1575a9" /><TestMethod codeBase="/home/hannasm/ExpressiveExpressionTreesDotNet/ExpressiveExpressionTrees.Tests/bin/Debug/netcoreapp2.0/ExpressiveExpressionTrees.Tests.dll" adapterTypeName="executor://mstestadapter/v2" className="ExpressiveExpressionTrees.Tests.ExpressionComparerTests.MemberAccessExpressionComparerTests" name="Test006" /></UnitTest><UnitTest name="Test002" storage="/home/hannasm/expressiveexpressiontreesdotnet/expressiveexpressiontrees.tests/bin/debug/netcoreapp2.0/expressiveexpressiontrees.tests.dll" id="874fe944-6a18-3cdc-a573-8213e262b6f9"><Execution id="7d8db666-05da-4c81-8d21-093fa16ad6b5" /><TestMethod codeBase="/home/hannasm/ExpressiveExpressionTreesDotNet/ExpressiveExpressionTrees.Tests/bin/Debug/netcoreapp2.0/ExpressiveExpressionTrees.Tests.dll" adapterTypeName="executor://mstestadapter/v2" className="ExpressiveExpressionTrees.Tests.ExpressionComparerTests.NewArrayExpressionComparerTests" name="Test002" /></UnitTest><UnitTest name="Test001" storage="/home/hannasm/expressiveexpressiontreesdotnet/expressiveexpressiontrees.tests/bin/debug/netcoreapp2.0/expressiveexpressiontrees.tests.dll" id="9276a3fb-bec6-a8d9-69d6-26b7fe2823ce"><Execution id="5fec5474-0732-4b84-b2bd-f81592197998" /><TestMethod codeBase="/home/hannasm/ExpressiveExpressionTreesDotNet/ExpressiveExpressionTrees.Tests/bin/Debug/netcoreapp2.0/ExpressiveExpressionTrees.Tests.dll" adapterTypeName="executor://mstestadapter/v2" className="ExpressiveExpressionTrees.Tests.ExpressionHasherTests.DefaultExpressionHasherTests" name="Test001" /></UnitTest><UnitTest name="Test028" storage="/home/hannasm/expressiveexpressiontreesdotnet/expressiveexpressiontrees.tests/bin/debug/netcoreapp2.0/expressiveexpressiontrees.tests.dll" id="a318d8ca-01fa-a4c9-06c2-aba6589bdf34"><Execution id="2050e6b4-a4d8-4f2b-aad4-406cebbf5e6d" /><TestMethod codeBase="/home/hannasm/ExpressiveExpressionTreesDotNet/ExpressiveExpressionTrees.Tests/bin/Debug/netcoreapp2.0/ExpressiveExpressionTrees.Tests.dll" adapterTypeName="executor://mstestadapter/v2" className="ExpressiveExpressionTrees.Tests.ExpressionComparerTests.ListInitExpressionComparerTests" name="Test028" /></UnitTest><UnitTest name="Test001" storage="/home/hannasm/expressiveexpressiontreesdotnet/expressiveexpressiontrees.tests/bin/debug/netcoreapp2.0/expressiveexpressiontrees.tests.dll" id="0c7751a3-5316-6a1a-9cf5-86ab7ec23143"><Execution id="e11e0148-d6d2-4045-80c8-2668de088181" /><TestMethod codeBase="/home/hannasm/ExpressiveExpressionTreesDotNet/ExpressiveExpressionTrees.Tests/bin/Debug/netcoreapp2.0/ExpressiveExpressionTrees.Tests.dll" adapterTypeName="executor://mstestadapter/v2" className="ExpressiveExpressionTrees.Tests.ExpressionVisitorTest.ConditionalVisitorTests" name="Test001" /></UnitTest><UnitTest name="Test015" storage="/home/hannasm/expressiveexpressiontreesdotnet/expressiveexpressiontrees.tests/bin/debug/netcoreapp2.0/expressiveexpressiontrees.tests.dll" id="c3646c6d-7a83-2f3d-3640-ea9ee2f1d3ff"><Execution id="0beb64ac-23a8-44be-a376-6d8443a8db41" /><TestMethod codeBase="/home/hannasm/ExpressiveExpressionTreesDotNet/ExpressiveExpressionTrees.Tests/bin/Debug/netcoreapp2.0/ExpressiveExpressionTrees.Tests.dll" adapterTypeName="executor://mstestadapter/v2" className="ExpressiveExpressionTrees.Tests.ExpressionHasherTests.UnaryExpressionHasherTests" name="Test015" /></UnitTest><UnitTest name="Test023" storage="/home/hannasm/expressiveexpressiontreesdotnet/expressiveexpressiontrees.tests/bin/debug/netcoreapp2.0/expressiveexpressiontrees.tests.dll" id="c8ea29e6-37ea-25bb-f77f-eb7abe6b9b1f"><Execution id="b7320e5b-315c-4cc3-a4e2-a1be48d51e17" /><TestMethod codeBase="/home/hannasm/ExpressiveExpressionTreesDotNet/ExpressiveExpressionTrees.Tests/bin/Debug/netcoreapp2.0/ExpressiveExpressionTrees.Tests.dll" adapterTypeName="executor://mstestadapter/v2" className="ExpressiveExpressionTrees.Tests.ExpressionVisitorTest.NewArrayVisitorTests" name="Test023" /></UnitTest><UnitTest name="Test007" storage="/home/hannasm/expressiveexpressiontreesdotnet/expressiveexpressiontrees.tests/bin/debug/netcoreapp2.0/expressiveexpressiontrees.tests.dll" id="74228298-b4ea-b4a1-c962-3c238f63613b"><Execution id="872be4ef-d603-4ee6-b295-7191daa4471b" /><TestMethod codeBase="/home/hannasm/ExpressiveExpressionTreesDotNet/ExpressiveExpressionTrees.Tests/bin/Debug/netcoreapp2.0/ExpressiveExpressionTrees.Tests.dll" adapterTypeName="executor://mstestadapter/v2" className="ExpressiveExpressionTrees.Tests.ExpressionComparerTests.MemberInitVisitorTests" name="Test007" /></UnitTest><UnitTest name="Test014" storage="/home/hannasm/expressiveexpressiontreesdotnet/expressiveexpressiontrees.tests/bin/debug/netcoreapp2.0/expressiveexpressiontrees.tests.dll" id="075a1212-0779-fdeb-98fb-c6804441857d"><Execution id="5b857aff-7541-40d2-becd-1b7407744006" /><TestMethod codeBase="/home/hannasm/ExpressiveExpressionTreesDotNet/ExpressiveExpressionTrees.Tests/bin/Debug/netcoreapp2.0/ExpressiveExpressionTrees.Tests.dll" adapterTypeName="executor://mstestadapter/v2" className="ExpressiveExpressionTrees.Tests.ExpressionComparerTests.MethodCallExpressionComparerTests" name="Test014" /></UnitTest><UnitTest name="Test031" storage="/home/hannasm/expressiveexpressiontreesdotnet/expressiveexpressiontrees.tests/bin/debug/netcoreapp2.0/expressiveexpressiontrees.tests.dll" id="dd1f32a7-e3fc-cdca-f248-5d443ff65826"><Execution id="1e5f9e69-79c8-45c5-95fa-cf8c0654b67f" /><TestMethod codeBase="/home/hannasm/ExpressiveExpressionTreesDotNet/ExpressiveExpressionTrees.Tests/bin/Debug/netcoreapp2.0/ExpressiveExpressionTrees.Tests.dll" adapterTypeName="executor://mstestadapter/v2" className="ExpressiveExpressionTrees.Tests.ExpressionVisitorTest.TryCatchVisitorTests" name="Test031" /></UnitTest><UnitTest name="Test023" storage="/home/hannasm/expressiveexpressiontreesdotnet/expressiveexpressiontrees.tests/bin/debug/netcoreapp2.0/expressiveexpressiontrees.tests.dll" id="012bf816-ca4d-082d-9ffb-135f73400212"><Execution id="55f23af3-4ed6-4499-bbdf-5692086f7a6f" /><TestMethod codeBase="/home/hannasm/ExpressiveExpressionTreesDotNet/ExpressiveExpressionTrees.Tests/bin/Debug/netcoreapp2.0/ExpressiveExpressionTrees.Tests.dll" adapterTypeName="executor://mstestadapter/v2" className="ExpressiveExpressionTrees.Tests.ExpressionGeneratorFromFuncTests" name="Test023" /></UnitTest><UnitTest name="Test008" storage="/home/hannasm/expressiveexpressiontreesdotnet/expressiveexpressiontrees.tests/bin/debug/netcoreapp2.0/expressiveexpressiontrees.tests.dll" id="3a4630b3-903f-4aa4-5f14-b9928d0a7590"><Execution id="d6f941a7-676e-4efd-b0a5-ab88400d7869" /><TestMethod codeBase="/home/hannasm/ExpressiveExpressionTreesDotNet/ExpressiveExpressionTrees.Tests/bin/Debug/netcoreapp2.0/ExpressiveExpressionTrees.Tests.dll" adapterTypeName="executor://mstestadapter/v2" className="ExpressiveExpressionTrees.Tests.ExpressionComparerTests.MethodCallExpressionComparerTests" name="Test008" /></UnitTest><UnitTest name="Test006" storage="/home/hannasm/expressiveexpressiontreesdotnet/expressiveexpressiontrees.tests/bin/debug/netcoreapp2.0/expressiveexpressiontrees.tests.dll" id="c2c2d9ee-84e4-bc40-e00f-e8045f89fd1c"><Execution id="d00b48e5-4613-4ce9-abd7-a477544dafea" /><TestMethod codeBase="/home/hannasm/ExpressiveExpressionTreesDotNet/ExpressiveExpressionTrees.Tests/bin/Debug/netcoreapp2.0/ExpressiveExpressionTrees.Tests.dll" adapterTypeName="executor://mstestadapter/v2" className="ExpressiveExpressionTrees.Tests.ExpressionVisitorTest.ListInitVisitorTests" name="Test006" /></UnitTest><UnitTest name="Test025" storage="/home/hannasm/expressiveexpressiontreesdotnet/expressiveexpressiontrees.tests/bin/debug/netcoreapp2.0/expressiveexpressiontrees.tests.dll" id="934f5b28-16e1-1439-d7da-f00458cdbe75"><Execution id="7747dffc-f51b-46c9-bcb3-8ee345a5568e" /><TestMethod codeBase="/home/hannasm/ExpressiveExpressionTreesDotNet/ExpressiveExpressionTrees.Tests/bin/Debug/netcoreapp2.0/ExpressiveExpressionTrees.Tests.dll" adapterTypeName="executor://mstestadapter/v2" className="ExpressiveExpressionTrees.Tests.ExpressionComparerTests.MemberInitVisitorTests" name="Test025" /></UnitTest><UnitTest name="Test148" storage="/home/hannasm/expressiveexpressiontreesdotnet/expressiveexpressiontrees.tests/bin/debug/netcoreapp2.0/expressiveexpressiontrees.tests.dll" id="c9ec2da5-46e9-2c09-6e93-312e5ac7f9c6"><Execution id="a762c22f-1a97-4bde-b44a-859404eaebcf" /><TestMethod codeBase="/home/hannasm/ExpressiveExpressionTreesDotNet/ExpressiveExpressionTrees.Tests/bin/Debug/netcoreapp2.0/ExpressiveExpressionTrees.Tests.dll" adapterTypeName="executor://mstestadapter/v2" className="ExpressiveExpressionTrees.Tests.ExpressionVisitorTest.BinaryVisitorTests" name="Test148" /></UnitTest><UnitTest name="Test015" storage="/home/hannasm/expressiveexpressiontreesdotnet/expressiveexpressiontrees.tests/bin/debug/netcoreapp2.0/expressiveexpressiontrees.tests.dll" id="cce52bdb-5496-0513-f0ec-53a3ccaab668"><Execution id="55ca435a-b0ad-4195-bac8-7e5aa926307b" /><TestMethod codeBase="/home/hannasm/ExpressiveExpressionTreesDotNet/ExpressiveExpressionTrees.Tests/bin/Debug/netcoreapp2.0/ExpressiveExpressionTrees.Tests.dll" adapterTypeName="executor://mstestadapter/v2" className="ExpressiveExpressionTrees.Tests.ExpressionVisitorTest.BinaryVisitorTests" name="Test015" /></UnitTest><UnitTest name="Test009" storage="/home/hannasm/expressiveexpressiontreesdotnet/expressiveexpressiontrees.tests/bin/debug/netcoreapp2.0/expressiveexpressiontrees.tests.dll" id="46fd239b-7e39-26ea-fe5c-b71a21d588cb"><Execution id="40623747-4c50-495b-a094-fa52a81472ae" /><TestMethod codeBase="/home/hannasm/ExpressiveExpressionTreesDotNet/ExpressiveExpressionTrees.Tests/bin/Debug/netcoreapp2.0/ExpressiveExpressionTrees.Tests.dll" adapterTypeName="executor://mstestadapter/v2" className="ExpressiveExpressionTrees.Tests.ExpressionVisitorTest.BinaryVisitorTests" name="Test009" /></UnitTest><UnitTest name="Test036" storage="/home/hannasm/expressiveexpressiontreesdotnet/expressiveexpressiontrees.tests/bin/debug/netcoreapp2.0/expressiveexpressiontrees.tests.dll" id="96edd0f6-fb53-d17c-080b-833ae1da2d47"><Execution id="8c3ebdc6-fccb-4bd0-b4fa-a289ea63aece" /><TestMethod codeBase="/home/hannasm/ExpressiveExpressionTreesDotNet/ExpressiveExpressionTrees.Tests/bin/Debug/netcoreapp2.0/ExpressiveExpressionTrees.Tests.dll" adapterTypeName="executor://mstestadapter/v2" className="ExpressiveExpressionTrees.Tests.ExpressionComparerTests.BindingsExpressionComparerTests" name="Test036" /></UnitTest><UnitTest name="Test032" storage="/home/hannasm/expressiveexpressiontreesdotnet/expressiveexpressiontrees.tests/bin/debug/netcoreapp2.0/expressiveexpressiontrees.tests.dll" id="f473bbf8-a75d-3295-7d6e-8084322d15b5"><Execution id="02a4b95d-5f5d-4fd9-9d98-63db55cbf756" /><TestMethod codeBase="/home/hannasm/ExpressiveExpressionTreesDotNet/ExpressiveExpressionTrees.Tests/bin/Debug/netcoreapp2.0/ExpressiveExpressionTrees.Tests.dll" adapterTypeName="executor://mstestadapter/v2" className="ExpressiveExpressionTrees.Tests.ExpressionGeneratorFromActionTests" name="Test032" /></UnitTest><UnitTest name="Test007" storage="/home/hannasm/expressiveexpressiontreesdotnet/expressiveexpressiontrees.tests/bin/debug/netcoreapp2.0/expressiveexpressiontrees.tests.dll" id="a4e2cbc6-c095-ddc7-4194-c86e5fc84218"><Execution id="f467b1d1-edbd-4e5e-b027-36c30bea9ebe" /><TestMethod codeBase="/home/hannasm/ExpressiveExpressionTreesDotNet/ExpressiveExpressionTrees.Tests/bin/Debug/netcoreapp2.0/ExpressiveExpressionTrees.Tests.dll" adapterTypeName="executor://mstestadapter/v2" className="ExpressiveExpressionTrees.Tests.ExpressionComparerTests.LambdaExpressionComparerTests" name="Test007" /></UnitTest><UnitTest name="Test012" storage="/home/hannasm/expressiveexpressiontreesdotnet/expressiveexpressiontrees.tests/bin/debug/netcoreapp2.0/expressiveexpressiontrees.tests.dll" id="d5063737-d55b-f5e0-4462-65d1b5b81041"><Execution id="8e4e1120-6184-4517-b547-87c38a7a54a9" /><TestMethod codeBase="/home/hannasm/ExpressiveExpressionTreesDotNet/ExpressiveExpressionTrees.Tests/bin/Debug/netcoreapp2.0/ExpressiveExpressionTrees.Tests.dll" adapterTypeName="executor://mstestadapter/v2" className="ExpressiveExpressionTrees.Tests.ExpressionVisitorTest.NewArrayVisitorTests" name="Test012" /></UnitTest><UnitTest name="Test101" storage="/home/hannasm/expressiveexpressiontreesdotnet/expressiveexpressiontrees.tests/bin/debug/netcoreapp2.0/expressiveexpressiontrees.tests.dll" id="96cad27c-dadd-70f4-c3d6-735a9cdd82c9"><Execution id="7a501d3c-42d3-4f75-ae3b-e72f9ede59ce" /><TestMethod codeBase="/home/hannasm/ExpressiveExpressionTreesDotNet/ExpressiveExpressionTrees.Tests/bin/Debug/netcoreapp2.0/ExpressiveExpressionTrees.Tests.dll" adapterTypeName="executor://mstestadapter/v2" className="ExpressiveExpressionTrees.Tests.ExpressionVisitorTest.BinaryVisitorTests" name="Test101" /></UnitTest><UnitTest name="Test010" storage="/home/hannasm/expressiveexpressiontreesdotnet/expressiveexpressiontrees.tests/bin/debug/netcoreapp2.0/expressiveexpressiontrees.tests.dll" id="f83a4d41-eda8-4fb2-517d-473117d9f084"><Execution id="75e62395-3129-4d76-82fa-13bd4c55fe6e" /><TestMethod codeBase="/home/hannasm/ExpressiveExpressionTreesDotNet/ExpressiveExpressionTrees.Tests/bin/Debug/netcoreapp2.0/ExpressiveExpressionTrees.Tests.dll" adapterTypeName="executor://mstestadapter/v2" className="ExpressiveExpressionTrees.Tests.ExpressionHasherTests.UnaryExpressionHasherTests" name="Test010" /></UnitTest><UnitTest name="Test004" storage="/home/hannasm/expressiveexpressiontreesdotnet/expressiveexpressiontrees.tests/bin/debug/netcoreapp2.0/expressiveexpressiontrees.tests.dll" id="6a8448e6-5704-52e1-5735-2b1d4a492962"><Execution id="9ab106f5-8b4b-47de-8a4c-a2db42ba2bf8" /><TestMethod codeBase="/home/hannasm/ExpressiveExpressionTreesDotNet/ExpressiveExpressionTrees.Tests/bin/Debug/netcoreapp2.0/ExpressiveExpressionTrees.Tests.dll" adapterTypeName="executor://mstestadapter/v2" className="ExpressiveExpressionTrees.Tests.ExpressionHasherTests.InvocationExpressionHasherTests" name="Test004" /></UnitTest><UnitTest name="Test017" storage="/home/hannasm/expressiveexpressiontreesdotnet/expressiveexpressiontrees.tests/bin/debug/netcoreapp2.0/expressiveexpressiontrees.tests.dll" id="3bf6547d-e090-755b-008c-50b2570af9ec"><Execution id="6d20c88a-76a0-475f-99f2-c38e891f3853" /><TestMethod codeBase="/home/hannasm/ExpressiveExpressionTreesDotNet/ExpressiveExpressionTrees.Tests/bin/Debug/netcoreapp2.0/ExpressiveExpressionTrees.Tests.dll" adapterTypeName="executor://mstestadapter/v2" className="ExpressiveExpressionTrees.Tests.ExpressionComparerTests.BinaryExpressionComparerTests" name="Test017" /></UnitTest><UnitTest name="Test017" storage="/home/hannasm/expressiveexpressiontreesdotnet/expressiveexpressiontrees.tests/bin/debug/netcoreapp2.0/expressiveexpressiontrees.tests.dll" id="ef0cd750-9b4f-6933-1395-c6a97552fe48"><Execution id="7ea2143d-4719-4e6a-9ad9-17c94ad2ca8d" /><TestMethod codeBase="/home/hannasm/ExpressiveExpressionTreesDotNet/ExpressiveExpressionTrees.Tests/bin/Debug/netcoreapp2.0/ExpressiveExpressionTrees.Tests.dll" adapterTypeName="executor://mstestadapter/v2" className="ExpressiveExpressionTrees.Tests.ExpressionVisitorTest.NewArrayVisitorTests" name="Test017" /></UnitTest><UnitTest name="Test301" storage="/home/hannasm/expressiveexpressiontreesdotnet/expressiveexpressiontrees.tests/bin/debug/netcoreapp2.0/expressiveexpressiontrees.tests.dll" id="779700a0-68c7-142e-0d38-ca65f9f94903"><Execution id="cc2620cf-368a-4416-a3b1-3ba2ade5ff78" /><TestMethod codeBase="/home/hannasm/ExpressiveExpressionTreesDotNet/ExpressiveExpressionTrees.Tests/bin/Debug/netcoreapp2.0/ExpressiveExpressionTrees.Tests.dll" adapterTypeName="executor://mstestadapter/v2" className="ExpressiveExpressionTrees.Tests.ExpressionVisitorTest.BinaryVisitorTests" name="Test301" /></UnitTest><UnitTest name="Test022" storage="/home/hannasm/expressiveexpressiontreesdotnet/expressiveexpressiontrees.tests/bin/debug/netcoreapp2.0/expressiveexpressiontrees.tests.dll" id="48888b9f-cce9-f9eb-7746-f346563064f7"><Execution id="09969624-7ed4-4af9-82bb-da1a802a4a00" /><TestMethod codeBase="/home/hannasm/ExpressiveExpressionTreesDotNet/ExpressiveExpressionTrees.Tests/bin/Debug/netcoreapp2.0/ExpressiveExpressionTrees.Tests.dll" adapterTypeName="executor://mstestadapter/v2" className="ExpressiveExpressionTrees.Tests.ExpressionGeneratorFromActionTests" name="Test022" /></UnitTest><UnitTest name="Test018" storage="/home/hannasm/expressiveexpressiontreesdotnet/expressiveexpressiontrees.tests/bin/debug/netcoreapp2.0/expressiveexpressiontrees.tests.dll" id="4a0dceab-7cad-8c9d-9e57-dd6bc5a41a37"><Execution id="8e99ea79-2e61-4082-a228-43cc0f088464" /><TestMethod codeBase="/home/hannasm/ExpressiveExpressionTreesDotNet/ExpressiveExpressionTrees.Tests/bin/Debug/netcoreapp2.0/ExpressiveExpressionTrees.Tests.dll" adapterTypeName="executor://mstestadapter/v2" className="ExpressiveExpressionTrees.Tests.ExpressionVisitorTest.NewVisitorTests" name="Test018" /></UnitTest><UnitTest name="Test020" storage="/home/hannasm/expressiveexpressiontreesdotnet/expressiveexpressiontrees.tests/bin/debug/netcoreapp2.0/expressiveexpressiontrees.tests.dll" id="288dc689-7969-37cd-8c00-09b446b4ff29"><Execution id="fd9e8680-8a2b-4a35-91f9-b2ee0c4953c0" /><TestMethod codeBase="/home/hannasm/ExpressiveExpressionTreesDotNet/ExpressiveExpressionTrees.Tests/bin/Debug/netcoreapp2.0/ExpressiveExpressionTrees.Tests.dll" adapterTypeName="executor://mstestadapter/v2" className="ExpressiveExpressionTrees.Tests.ExpressionComparerTests.BinaryExpressionComparerTests" name="Test020" /></UnitTest><UnitTest name="Test031" storage="/home/hannasm/expressiveexpressiontreesdotnet/expressiveexpressiontrees.tests/bin/debug/netcoreapp2.0/expressiveexpressiontrees.tests.dll" id="0542965e-f8b5-89a1-9304-24a60f878d23"><Execution id="7b6b8b04-cd09-4285-b2ec-d8da27009ce7" /><TestMethod codeBase="/home/hannasm/ExpressiveExpressionTreesDotNet/ExpressiveExpressionTrees.Tests/bin/Debug/netcoreapp2.0/ExpressiveExpressionTrees.Tests.dll" adapterTypeName="executor://mstestadapter/v2" className="ExpressiveExpressionTrees.Tests.ExpressionGeneratorFromFuncTests" name="Test031" /></UnitTest><UnitTest name="Test023" storage="/home/hannasm/expressiveexpressiontreesdotnet/expressiveexpressiontrees.tests/bin/debug/netcoreapp2.0/expressiveexpressiontrees.tests.dll" id="f7f637ec-d30e-c6aa-de64-b64ad5353894"><Execution id="6009a348-0dd6-4087-be07-2573d0b958a1" /><TestMethod codeBase="/home/hannasm/ExpressiveExpressionTreesDotNet/ExpressiveExpressionTrees.Tests/bin/Debug/netcoreapp2.0/ExpressiveExpressionTrees.Tests.dll" adapterTypeName="executor://mstestadapter/v2" className="ExpressiveExpressionTrees.Tests.ExpressionHasherTests.NewExpressionHasherTests" name="Test023" /></UnitTest><UnitTest name="Test008" storage="/home/hannasm/expressiveexpressiontreesdotnet/expressiveexpressiontrees.tests/bin/debug/netcoreapp2.0/expressiveexpressiontrees.tests.dll" id="0e44ff30-20b9-5c1b-5a98-65b633d8b934"><Execution id="c0dd6c61-c8cb-40aa-a51f-5cbd6ccc52b0" /><TestMethod codeBase="/home/hannasm/ExpressiveExpressionTreesDotNet/ExpressiveExpressionTrees.Tests/bin/Debug/netcoreapp2.0/ExpressiveExpressionTrees.Tests.dll" adapterTypeName="executor://mstestadapter/v2" className="ExpressiveExpressionTrees.Tests.ExpressionHasherTests.NewArrayExpressionHasherTests" name="Test008" /></UnitTest><UnitTest name="Test020" storage="/home/hannasm/expressiveexpressiontreesdotnet/expressiveexpressiontrees.tests/bin/debug/netcoreapp2.0/expressiveexpressiontrees.tests.dll" id="735e0884-6196-40e2-dbba-673ba1e2e9cb"><Execution id="b56a3e34-aa19-438c-901c-aea0550f27bf" /><TestMethod codeBase="/home/hannasm/ExpressiveExpressionTreesDotNet/ExpressiveExpressionTrees.Tests/bin/Debug/netcoreapp2.0/ExpressiveExpressionTrees.Tests.dll" adapterTypeName="executor://mstestadapter/v2" className="ExpressiveExpressionTrees.Tests.ExpressionComparerTests.NewExpressionComparerTests" name="Test020" /></UnitTest><UnitTest name="Test037" storage="/home/hannasm/expressiveexpressiontreesdotnet/expressiveexpressiontrees.tests/bin/debug/netcoreapp2.0/expressiveexpressiontrees.tests.dll" id="bc162db1-6610-9ca7-a55c-2c65a4e6d73e"><Execution id="465a397a-293c-453a-83c7-42b36b2348c7" /><TestMethod codeBase="/home/hannasm/ExpressiveExpressionTreesDotNet/ExpressiveExpressionTrees.Tests/bin/Debug/netcoreapp2.0/ExpressiveExpressionTrees.Tests.dll" adapterTypeName="executor://mstestadapter/v2" className="ExpressiveExpressionTrees.Tests.ExpressionVisitorTest.BinaryVisitorTests" name="Test037" /></UnitTest><UnitTest name="Test314" storage="/home/hannasm/expressiveexpressiontreesdotnet/expressiveexpressiontrees.tests/bin/debug/netcoreapp2.0/expressiveexpressiontrees.tests.dll" id="acb19e24-cb95-fdb5-2b4e-745f3a711139"><Execution id="4965750c-6df9-46fa-99be-dc09629e308b" /><TestMethod codeBase="/home/hannasm/ExpressiveExpressionTreesDotNet/ExpressiveExpressionTrees.Tests/bin/Debug/netcoreapp2.0/ExpressiveExpressionTrees.Tests.dll" adapterTypeName="executor://mstestadapter/v2" className="ExpressiveExpressionTrees.Tests.ExpressionVisitorTest.BinaryVisitorTests" name="Test314" /></UnitTest><UnitTest name="Test238" storage="/home/hannasm/expressiveexpressiontreesdotnet/expressiveexpressiontrees.tests/bin/debug/netcoreapp2.0/expressiveexpressiontrees.tests.dll" id="592f9398-cb69-809e-ce1c-bf1b1be3eb8d"><Execution id="a8e5342d-f838-4ca3-8bac-d55bacc0da0f" /><TestMethod codeBase="/home/hannasm/ExpressiveExpressionTreesDotNet/ExpressiveExpressionTrees.Tests/bin/Debug/netcoreapp2.0/ExpressiveExpressionTrees.Tests.dll" adapterTypeName="executor://mstestadapter/v2" className="ExpressiveExpressionTrees.Tests.ExpressionVisitorTest.BinaryVisitorTests" name="Test238" /></UnitTest><UnitTest name="Test101" storage="/home/hannasm/expressiveexpressiontreesdotnet/expressiveexpressiontrees.tests/bin/debug/netcoreapp2.0/expressiveexpressiontrees.tests.dll" id="4b91d2d1-51e1-054d-c4de-a1bfa91a5d6c"><Execution id="cc4fb833-73e1-4c48-8a7a-770109ddf19d" /><TestMethod codeBase="/home/hannasm/ExpressiveExpressionTreesDotNet/ExpressiveExpressionTrees.Tests/bin/Debug/netcoreapp2.0/ExpressiveExpressionTrees.Tests.dll" adapterTypeName="executor://mstestadapter/v2" className="ExpressiveExpressionTrees.Tests.ExpressionGeneratorMakeBinaryTests" name="Test101" /></UnitTest><UnitTest name="Test016" storage="/home/hannasm/expressiveexpressiontreesdotnet/expressiveexpressiontrees.tests/bin/debug/netcoreapp2.0/expressiveexpressiontrees.tests.dll" id="6c0ec173-eda7-e3d8-c93a-717f1fccd1d7"><Execution id="4e6ef220-fc79-410b-819f-7d6289283f82" /><TestMethod codeBase="/home/hannasm/ExpressiveExpressionTreesDotNet/ExpressiveExpressionTrees.Tests/bin/Debug/netcoreapp2.0/ExpressiveExpressionTrees.Tests.dll" adapterTypeName="executor://mstestadapter/v2" className="ExpressiveExpressionTrees.Tests.ExpressionHasherTests.NewArrayExpressionHasherTests" name="Test016" /></UnitTest><UnitTest name="Test033" storage="/home/hannasm/expressiveexpressiontreesdotnet/expressiveexpressiontrees.tests/bin/debug/netcoreapp2.0/expressiveexpressiontrees.tests.dll" id="fc86e6d1-6316-323c-e2ed-877a340244fb"><Execution id="779a611d-42d3-4c0c-9e50-0aa95752c11f" /><TestMethod codeBase="/home/hannasm/ExpressiveExpressionTreesDotNet/ExpressiveExpressionTrees.Tests/bin/Debug/netcoreapp2.0/ExpressiveExpressionTrees.Tests.dll" adapterTypeName="executor://mstestadapter/v2" className="ExpressiveExpressionTrees.Tests.ExpressionComparerTests.TryCatchExpressionComparerTests" name="Test033" /></UnitTest><UnitTest name="Test036" storage="/home/hannasm/expressiveexpressiontreesdotnet/expressiveexpressiontrees.tests/bin/debug/netcoreapp2.0/expressiveexpressiontrees.tests.dll" id="4de22a60-b4aa-7898-6831-43adbe6b8f0b"><Execution id="3fa8c605-44ea-4c67-bd3b-280ed0236f41" /><TestMethod codeBase="/home/hannasm/ExpressiveExpressionTreesDotNet/ExpressiveExpressionTrees.Tests/bin/Debug/netcoreapp2.0/ExpressiveExpressionTrees.Tests.dll" adapterTypeName="executor://mstestadapter/v2" className="ExpressiveExpressionTrees.Tests.ExpressionGeneratorTests" name="Test036" /></UnitTest><UnitTest name="Test031" storage="/home/hannasm/expressiveexpressiontreesdotnet/expressiveexpressiontrees.tests/bin/debug/netcoreapp2.0/expressiveexpressiontrees.tests.dll" id="2e447a22-772f-6edd-087e-14fa04546fc8"><Execution id="2d74ba7d-7112-4fba-8736-dca5db5aa885" /><TestMethod codeBase="/home/hannasm/ExpressiveExpressionTreesDotNet/ExpressiveExpressionTrees.Tests/bin/Debug/netcoreapp2.0/ExpressiveExpressionTrees.Tests.dll" adapterTypeName="executor://mstestadapter/v2" className="ExpressiveExpressionTrees.Tests.ExpressionComparerTests.BindingsExpressionComparerTests" name="Test031" /></UnitTest><UnitTest name="Test001" storage="/home/hannasm/expressiveexpressiontreesdotnet/expressiveexpressiontrees.tests/bin/debug/netcoreapp2.0/expressiveexpressiontrees.tests.dll" id="961688ae-357a-7a38-61f5-a46e852c6492"><Execution id="303446e8-9275-418e-9b0e-fdf7f40176f2" /><TestMethod codeBase="/home/hannasm/ExpressiveExpressionTreesDotNet/ExpressiveExpressionTrees.Tests/bin/Debug/netcoreapp2.0/ExpressiveExpressionTrees.Tests.dll" adapterTypeName="executor://mstestadapter/v2" className="ExpressiveExpressionTrees.Tests.ExpressionVisitorTest.IndexerVisitorTests" name="Test001" /></UnitTest><UnitTest name="Test309" storage="/home/hannasm/expressiveexpressiontreesdotnet/expressiveexpressiontrees.tests/bin/debug/netcoreapp2.0/expressiveexpressiontrees.tests.dll" id="31cefdb4-2a0b-b2d0-b236-9aa4bab0569b"><Execution id="1c69002f-24e3-4050-aee0-65d60a478bde" /><TestMethod codeBase="/home/hannasm/ExpressiveExpressionTreesDotNet/ExpressiveExpressionTrees.Tests/bin/Debug/netcoreapp2.0/ExpressiveExpressionTrees.Tests.dll" adapterTypeName="executor://mstestadapter/v2" className="ExpressiveExpressionTrees.Tests.ExpressionVisitorTest.BinaryVisitorTests" name="Test309" /></UnitTest><UnitTest name="Test012" storage="/home/hannasm/expressiveexpressiontreesdotnet/expressiveexpressiontrees.tests/bin/debug/netcoreapp2.0/expressiveexpressiontrees.tests.dll" id="76c67416-7866-1ef6-d5a2-c8c2c1662f76"><Execution id="67745511-a26c-4ab0-a1a7-c4d9bc6ed80f" /><TestMethod codeBase="/home/hannasm/ExpressiveExpressionTreesDotNet/ExpressiveExpressionTrees.Tests/bin/Debug/netcoreapp2.0/ExpressiveExpressionTrees.Tests.dll" adapterTypeName="executor://mstestadapter/v2" className="ExpressiveExpressionTrees.Tests.ExpressionComparerTests.TryCatchExpressionComparerTests" name="Test012" /></UnitTest><UnitTest name="Test031" storage="/home/hannasm/expressiveexpressiontreesdotnet/expressiveexpressiontrees.tests/bin/debug/netcoreapp2.0/expressiveexpressiontrees.tests.dll" id="27d3f27f-4741-8323-0407-44d3b9569ce7"><Execution id="cc230c68-5b58-425e-b03f-a0e64b391e79" /><TestMethod codeBase="/home/hannasm/ExpressiveExpressionTreesDotNet/ExpressiveExpressionTrees.Tests/bin/Debug/netcoreapp2.0/ExpressiveExpressionTrees.Tests.dll" adapterTypeName="executor://mstestadapter/v2" className="ExpressiveExpressionTrees.Tests.ExpressionGeneratorMakeBinaryTests" name="Test031" /></UnitTest><UnitTest name="Test050" storage="/home/hannasm/expressiveexpressiontreesdotnet/expressiveexpressiontrees.tests/bin/debug/netcoreapp2.0/expressiveexpressiontrees.tests.dll" id="676fbc2e-0279-66be-9218-4fbb48645322"><Execution id="e8d54de3-a856-4f2e-b551-455eaca029c2" /><TestMethod codeBase="/home/hannasm/ExpressiveExpressionTreesDotNet/ExpressiveExpressionTrees.Tests/bin/Debug/netcoreapp2.0/ExpressiveExpressionTrees.Tests.dll" adapterTypeName="executor://mstestadapter/v2" className="ExpressiveExpressionTrees.Tests.ExpressionVisitorTest.BinaryVisitorTests" name="Test050" /></UnitTest><UnitTest name="Test012" storage="/home/hannasm/expressiveexpressiontreesdotnet/expressiveexpressiontrees.tests/bin/debug/netcoreapp2.0/expressiveexpressiontrees.tests.dll" id="353e594c-86fe-46a4-a9c8-0caf6d349b43"><Execution id="47c14fca-99ea-4d2b-a636-af49e61f97ad" /><TestMethod codeBase="/home/hannasm/ExpressiveExpressionTreesDotNet/ExpressiveExpressionTrees.Tests/bin/Debug/netcoreapp2.0/ExpressiveExpressionTrees.Tests.dll" adapterTypeName="executor://mstestadapter/v2" className="ExpressiveExpressionTrees.Tests.ExpressionGeneratorFromFuncTests" name="Test012" /></UnitTest><UnitTest name="Test010" storage="/home/hannasm/expressiveexpressiontreesdotnet/expressiveexpressiontrees.tests/bin/debug/netcoreapp2.0/expressiveexpressiontrees.tests.dll" id="54cb3202-4e67-dc0f-14b8-d4b80bc1f8e2"><Execution id="98e1c0b5-8ede-4b5d-aabd-765fc8efbf14" /><TestMethod codeBase="/home/hannasm/ExpressiveExpressionTreesDotNet/ExpressiveExpressionTrees.Tests/bin/Debug/netcoreapp2.0/ExpressiveExpressionTrees.Tests.dll" adapterTypeName="executor://mstestadapter/v2" className="ExpressiveExpressionTrees.Tests.ExpressionHasherTests.BindingsExpressionHasherTests" name="Test010" /></UnitTest><UnitTest name="Test001" storage="/home/hannasm/expressiveexpressiontreesdotnet/expressiveexpressiontrees.tests/bin/debug/netcoreapp2.0/expressiveexpressiontrees.tests.dll" id="d081fca8-6e35-558b-dce4-19dabad68320"><Execution id="4b33b8c0-b27d-4c87-ae36-16d30e43c82b" /><TestMethod codeBase="/home/hannasm/ExpressiveExpressionTreesDotNet/ExpressiveExpressionTrees.Tests/bin/Debug/netcoreapp2.0/ExpressiveExpressionTrees.Tests.dll" adapterTypeName="executor://mstestadapter/v2" className="ExpressiveExpressionTrees.Tests.ExpressionHasherTests.NewArrayExpressionHasherTests" name="Test001" /></UnitTest><UnitTest name="Test003" storage="/home/hannasm/expressiveexpressiontreesdotnet/expressiveexpressiontrees.tests/bin/debug/netcoreapp2.0/expressiveexpressiontrees.tests.dll" id="5ce27e7c-e39b-0d33-8475-9d4ef6fbfc45"><Execution id="e2c8083d-bc7f-43b6-84e0-6ab6df0708e1" /><TestMethod codeBase="/home/hannasm/ExpressiveExpressionTreesDotNet/ExpressiveExpressionTrees.Tests/bin/Debug/netcoreapp2.0/ExpressiveExpressionTrees.Tests.dll" adapterTypeName="executor://mstestadapter/v2" className="ExpressiveExpressionTrees.Tests.ExpressionVisitorTest.TypeBinaryVisitorTests" name="Test003" /></UnitTest><UnitTest name="Test024" storage="/home/hannasm/expressiveexpressiontreesdotnet/expressiveexpressiontrees.tests/bin/debug/netcoreapp2.0/expressiveexpressiontrees.tests.dll" id="017a897e-5b77-8cb0-b0ba-b99b9f9ecefe"><Execution id="f25464e8-6fa4-4ba7-a69f-1ae7609e8343" /><TestMethod codeBase="/home/hannasm/ExpressiveExpressionTreesDotNet/ExpressiveExpressionTrees.Tests/bin/Debug/netcoreapp2.0/ExpressiveExpressionTrees.Tests.dll" adapterTypeName="executor://mstestadapter/v2" className="ExpressiveExpressionTrees.Tests.ExpressionHasherTests.BindingsExpressionHasherTests" name="Test024" /></UnitTest><UnitTest name="Test006" storage="/home/hannasm/expressiveexpressiontreesdotnet/expressiveexpressiontrees.tests/bin/debug/netcoreapp2.0/expressiveexpressiontrees.tests.dll" id="56ed905e-90e6-59d6-9b65-0a69e7bbca28"><Execution id="f462c71e-b77c-4170-a885-1f823b44ca48" /><TestMethod codeBase="/home/hannasm/ExpressiveExpressionTreesDotNet/ExpressiveExpressionTrees.Tests/bin/Debug/netcoreapp2.0/ExpressiveExpressionTrees.Tests.dll" adapterTypeName="executor://mstestadapter/v2" className="ExpressiveExpressionTrees.Tests.ExpressionHasherTests.NewArrayExpressionHasherTests" name="Test006" /></UnitTest><UnitTest name="Test019" storage="/home/hannasm/expressiveexpressiontreesdotnet/expressiveexpressiontrees.tests/bin/debug/netcoreapp2.0/expressiveexpressiontrees.tests.dll" id="76f45915-9077-1f52-b000-dbf77c58e734"><Execution id="910e770a-c956-4623-aa77-9b1c9b9753bb" /><TestMethod codeBase="/home/hannasm/ExpressiveExpressionTreesDotNet/ExpressiveExpressionTrees.Tests/bin/Debug/netcoreapp2.0/ExpressiveExpressionTrees.Tests.dll" adapterTypeName="executor://mstestadapter/v2" className="ExpressiveExpressionTrees.Tests.ExpressionGeneratorTests" name="Test019" /></UnitTest><UnitTest name="Test002" storage="/home/hannasm/expressiveexpressiontreesdotnet/expressiveexpressiontrees.tests/bin/debug/netcoreapp2.0/expressiveexpressiontrees.tests.dll" id="98255820-157c-ab8a-32a2-eca0fa7a884a"><Execution id="e120543f-5540-4080-a469-8731b757197a" /><TestMethod codeBase="/home/hannasm/ExpressiveExpressionTreesDotNet/ExpressiveExpressionTrees.Tests/bin/Debug/netcoreapp2.0/ExpressiveExpressionTrees.Tests.dll" adapterTypeName="executor://mstestadapter/v2" className="ExpressiveExpressionTrees.Tests.ExpressionVisitorTest.LambdaVisitorTests" name="Test002" /></UnitTest><UnitTest name="Test045" storage="/home/hannasm/expressiveexpressiontreesdotnet/expressiveexpressiontrees.tests/bin/debug/netcoreapp2.0/expressiveexpressiontrees.tests.dll" id="3e3d389a-590e-6cb8-055e-424fdcf1a891"><Execution id="06813a45-a6dd-4ab1-a936-9f18ba253288" /><TestMethod codeBase="/home/hannasm/ExpressiveExpressionTreesDotNet/ExpressiveExpressionTrees.Tests/bin/Debug/netcoreapp2.0/ExpressiveExpressionTrees.Tests.dll" adapterTypeName="executor://mstestadapter/v2" className="ExpressiveExpressionTrees.Tests.ExpressionGeneratorTests" name="Test045" /></UnitTest><UnitTest name="Test003" storage="/home/hannasm/expressiveexpressiontreesdotnet/expressiveexpressiontrees.tests/bin/debug/netcoreapp2.0/expressiveexpressiontrees.tests.dll" id="0f204df7-8fb0-669f-d3e0-81b63a7eba62"><Execution id="ebc56b15-66d4-4290-a326-960a99affd1b" /><TestMethod codeBase="/home/hannasm/ExpressiveExpressionTreesDotNet/ExpressiveExpressionTrees.Tests/bin/Debug/netcoreapp2.0/ExpressiveExpressionTrees.Tests.dll" adapterTypeName="executor://mstestadapter/v2" className="ExpressiveExpressionTrees.Tests.ExpressionComparerTests.NewExpressionComparerTests" name="Test003" /></UnitTest><UnitTest name="Test011" storage="/home/hannasm/expressiveexpressiontreesdotnet/expressiveexpressiontrees.tests/bin/debug/netcoreapp2.0/expressiveexpressiontrees.tests.dll" id="cf929d4b-a3c7-46d7-934a-441f849dfade"><Execution id="cfaf39bf-aad4-4163-b109-18cd3d5481e2" /><TestMethod codeBase="/home/hannasm/ExpressiveExpressionTreesDotNet/ExpressiveExpressionTrees.Tests/bin/Debug/netcoreapp2.0/ExpressiveExpressionTrees.Tests.dll" adapterTypeName="executor://mstestadapter/v2" className="ExpressiveExpressionTrees.Tests.ExpressionComparerTests.BinaryExpressionComparerTests" name="Test011" /></UnitTest><UnitTest name="Test023" storage="/home/hannasm/expressiveexpressiontreesdotnet/expressiveexpressiontrees.tests/bin/debug/netcoreapp2.0/expressiveexpressiontrees.tests.dll" id="a69567ad-7fb4-3f09-8b47-d88a3a830753"><Execution id="5d9b87f6-9f71-455c-8621-6a1b5cb5892b" /><TestMethod codeBase="/home/hannasm/ExpressiveExpressionTreesDotNet/ExpressiveExpressionTrees.Tests/bin/Debug/netcoreapp2.0/ExpressiveExpressionTrees.Tests.dll" adapterTypeName="executor://mstestadapter/v2" className="ExpressiveExpressionTrees.Tests.ExpressionHasherTests.BinaryExpressionHasherTests" name="Test023" /></UnitTest><UnitTest name="Test006" storage="/home/hannasm/expressiveexpressiontreesdotnet/expressiveexpressiontrees.tests/bin/debug/netcoreapp2.0/expressiveexpressiontrees.tests.dll" id="85d9e2c3-5c94-4fcf-9394-6156e5886593"><Execution id="4d302f67-5b7f-4250-a3df-6a89b0d2f8fc" /><TestMethod codeBase="/home/hannasm/ExpressiveExpressionTreesDotNet/ExpressiveExpressionTrees.Tests/bin/Debug/netcoreapp2.0/ExpressiveExpressionTrees.Tests.dll" adapterTypeName="executor://mstestadapter/v2" className="ExpressiveExpressionTrees.Tests.ExpressionGeneratorTests" name="Test006" /></UnitTest><UnitTest name="Test001" storage="/home/hannasm/expressiveexpressiontreesdotnet/expressiveexpressiontrees.tests/bin/debug/netcoreapp2.0/expressiveexpressiontrees.tests.dll" id="7bea8077-6dd0-3dce-aad3-d2ce5b784192"><Execution id="859bc8a9-da56-4f4d-b247-cf7b4bfc0149" /><TestMethod codeBase="/home/hannasm/ExpressiveExpressionTreesDotNet/ExpressiveExpressionTrees.Tests/bin/Debug/netcoreapp2.0/ExpressiveExpressionTrees.Tests.dll" adapterTypeName="executor://mstestadapter/v2" className="ExpressiveExpressionTrees.Tests.ExpressionComparerTests.MemberInitVisitorTests" name="Test001" /></UnitTest><UnitTest name="Test006" storage="/home/hannasm/expressiveexpressiontreesdotnet/expressiveexpressiontrees.tests/bin/debug/netcoreapp2.0/expressiveexpressiontrees.tests.dll" id="60ebde6a-5739-0a64-1d55-159c90f7c66c"><Execution id="218d95aa-7d0e-42e6-aded-51461f57fe1e" /><TestMethod codeBase="/home/hannasm/ExpressiveExpressionTreesDotNet/ExpressiveExpressionTrees.Tests/bin/Debug/netcoreapp2.0/ExpressiveExpressionTrees.Tests.dll" adapterTypeName="executor://mstestadapter/v2" className="ExpressiveExpressionTrees.Tests.ExpressionVisitorTest.NewArrayVisitorTests" name="Test006" /></UnitTest><UnitTest name="Test005" storage="/home/hannasm/expressiveexpressiontreesdotnet/expressiveexpressiontrees.tests/bin/debug/netcoreapp2.0/expressiveexpressiontrees.tests.dll" id="0c997753-578a-bfdb-e5ce-a3dfa3cab9fe"><Execution id="495472a9-a0bf-4605-8693-84d83f54af50" /><TestMethod codeBase="/home/hannasm/ExpressiveExpressionTreesDotNet/ExpressiveExpressionTrees.Tests/bin/Debug/netcoreapp2.0/ExpressiveExpressionTrees.Tests.dll" adapterTypeName="executor://mstestadapter/v2" className="ExpressiveExpressionTrees.Tests.ExpressionComparerTests.UnaryExpressionComparerTests" name="Test005" /></UnitTest><UnitTest name="Test105" storage="/home/hannasm/expressiveexpressiontreesdotnet/expressiveexpressiontrees.tests/bin/debug/netcoreapp2.0/expressiveexpressiontrees.tests.dll" id="b96509bf-068c-09fa-70f7-9cb54272a41f"><Execution id="af99377f-ec77-4e18-a50f-f8667620d729" /><TestMethod codeBase="/home/hannasm/ExpressiveExpressionTreesDotNet/ExpressiveExpressionTrees.Tests/bin/Debug/netcoreapp2.0/ExpressiveExpressionTrees.Tests.dll" adapterTypeName="executor://mstestadapter/v2" className="ExpressiveExpressionTrees.Tests.ExpressionVisitorTest.BinaryVisitorTests" name="Test105" /></UnitTest><UnitTest name="Test001" storage="/home/hannasm/expressiveexpressiontreesdotnet/expressiveexpressiontrees.tests/bin/debug/netcoreapp2.0/expressiveexpressiontrees.tests.dll" id="5cd67893-5098-0b6e-06cd-e7f7aad535de"><Execution id="963f6e81-54ba-4f85-ac38-e55370b13bf3" /><TestMethod codeBase="/home/hannasm/ExpressiveExpressionTreesDotNet/ExpressiveExpressionTrees.Tests/bin/Debug/netcoreapp2.0/ExpressiveExpressionTrees.Tests.dll" adapterTypeName="executor://mstestadapter/v2" className="ExpressiveExpressionTrees.Tests.ExpressionVisitorTest.InvokeVisitorTests" name="Test001" /></UnitTest><UnitTest name="Test025" storage="/home/hannasm/expressiveexpressiontreesdotnet/expressiveexpressiontrees.tests/bin/debug/netcoreapp2.0/expressiveexpressiontrees.tests.dll" id="42ce2a94-6394-b267-dc55-b141e213ae14"><Execution id="7d9aa974-73a7-4c44-8f93-a4d298858a25" /><TestMethod codeBase="/home/hannasm/ExpressiveExpressionTreesDotNet/ExpressiveExpressionTrees.Tests/bin/Debug/netcoreapp2.0/ExpressiveExpressionTrees.Tests.dll" adapterTypeName="executor://mstestadapter/v2" className="ExpressiveExpressionTrees.Tests.ExpressionHasherTests.NewExpressionHasherTests" name="Test025" /></UnitTest><UnitTest name="Test041" storage="/home/hannasm/expressiveexpressiontreesdotnet/expressiveexpressiontrees.tests/bin/debug/netcoreapp2.0/expressiveexpressiontrees.tests.dll" id="e3b10778-9ca0-58c5-f3a3-28e17855d3d5"><Execution id="bad819a4-a6c7-4d68-a043-5977e230362a" /><TestMethod codeBase="/home/hannasm/ExpressiveExpressionTreesDotNet/ExpressiveExpressionTrees.Tests/bin/Debug/netcoreapp2.0/ExpressiveExpressionTrees.Tests.dll" adapterTypeName="executor://mstestadapter/v2" className="ExpressiveExpressionTrees.Tests.ExpressionVisitorTest.TryCatchVisitorTests" name="Test041" /></UnitTest><UnitTest name="Test015" storage="/home/hannasm/expressiveexpressiontreesdotnet/expressiveexpressiontrees.tests/bin/debug/netcoreapp2.0/expressiveexpressiontrees.tests.dll" id="2f4d7aab-044b-7809-9388-28d5278c2283"><Execution id="d86db34e-6fa4-49c2-91cc-72465df809fd" /><TestMethod codeBase="/home/hannasm/ExpressiveExpressionTreesDotNet/ExpressiveExpressionTrees.Tests/bin/Debug/netcoreapp2.0/ExpressiveExpressionTrees.Tests.dll" adapterTypeName="executor://mstestadapter/v2" className="ExpressiveExpressionTrees.Tests.ExpressionComparerTests.NewArrayExpressionComparerTests" name="Test015" /></UnitTest><UnitTest name="Test051" storage="/home/hannasm/expressiveexpressiontreesdotnet/expressiveexpressiontrees.tests/bin/debug/netcoreapp2.0/expressiveexpressiontrees.tests.dll" id="dbf23907-fead-3c5e-f453-f2e4c6610e25"><Execution id="be847036-9bb3-47d0-aaf8-d785db7be5dd" /><TestMethod codeBase="/home/hannasm/ExpressiveExpressionTreesDotNet/ExpressiveExpressionTrees.Tests/bin/Debug/netcoreapp2.0/ExpressiveExpressionTrees.Tests.dll" adapterTypeName="executor://mstestadapter/v2" className="ExpressiveExpressionTrees.Tests.ExpressionComparerTests.BindingsExpressionComparerTests" name="Test051" /></UnitTest><UnitTest name="Test003" storage="/home/hannasm/expressiveexpressiontreesdotnet/expressiveexpressiontrees.tests/bin/debug/netcoreapp2.0/expressiveexpressiontrees.tests.dll" id="6dd9b370-bf36-96d7-831a-7622a51058e8"><Execution id="dc30001a-64a4-467f-bebc-d04c5173bcd4" /><TestMethod codeBase="/home/hannasm/ExpressiveExpressionTreesDotNet/ExpressiveExpressionTrees.Tests/bin/Debug/netcoreapp2.0/ExpressiveExpressionTrees.Tests.dll" adapterTypeName="executor://mstestadapter/v2" className="ExpressiveExpressionTrees.Tests.ExpressionComparerTests.MemberAccessExpressionComparerTests" name="Test003" /></UnitTest><UnitTest name="Test021" storage="/home/hannasm/expressiveexpressiontreesdotnet/expressiveexpressiontrees.tests/bin/debug/netcoreapp2.0/expressiveexpressiontrees.tests.dll" id="0b6be0fe-868c-929c-7444-7756700534f1"><Execution id="310cd001-17ce-4853-886c-619174b1a857" /><TestMethod codeBase="/home/hannasm/ExpressiveExpressionTreesDotNet/ExpressiveExpressionTrees.Tests/bin/Debug/netcoreapp2.0/ExpressiveExpressionTrees.Tests.dll" adapterTypeName="executor://mstestadapter/v2" className="ExpressiveExpressionTrees.Tests.ExpressionVisitorTest.TryCatchVisitorTests" name="Test021" /></UnitTest><UnitTest name="Test033" storage="/home/hannasm/expressiveexpressiontreesdotnet/expressiveexpressiontrees.tests/bin/debug/netcoreapp2.0/expressiveexpressiontrees.tests.dll" id="ef7b24bb-eee0-98bc-451c-831fb9118809"><Execution id="e9bf65c6-a465-496a-80d1-bdc9cd49e379" /><TestMethod codeBase="/home/hannasm/ExpressiveExpressionTreesDotNet/ExpressiveExpressionTrees.Tests/bin/Debug/netcoreapp2.0/ExpressiveExpressionTrees.Tests.dll" adapterTypeName="executor://mstestadapter/v2" className="ExpressiveExpressionTrees.Tests.ExpressionVisitorTest.NewVisitorTests" name="Test033" /></UnitTest><UnitTest name="Test232" storage="/home/hannasm/expressiveexpressiontreesdotnet/expressiveexpressiontrees.tests/bin/debug/netcoreapp2.0/expressiveexpressiontrees.tests.dll" id="355b4405-53be-1c2f-2274-fa8035613868"><Execution id="233f81ae-53eb-4819-9b20-74e4d8bd6775" /><TestMethod codeBase="/home/hannasm/ExpressiveExpressionTreesDotNet/ExpressiveExpressionTrees.Tests/bin/Debug/netcoreapp2.0/ExpressiveExpressionTrees.Tests.dll" adapterTypeName="executor://mstestadapter/v2" className="ExpressiveExpressionTrees.Tests.ExpressionVisitorTest.BinaryVisitorTests" name="Test232" /></UnitTest><UnitTest name="Test016" storage="/home/hannasm/expressiveexpressiontreesdotnet/expressiveexpressiontrees.tests/bin/debug/netcoreapp2.0/expressiveexpressiontrees.tests.dll" id="df4c9e97-4462-a12a-def0-6db9e8fc7ddb"><Execution id="ecebc316-1766-4993-a51d-f19ddb7b8f29" /><TestMethod codeBase="/home/hannasm/ExpressiveExpressionTreesDotNet/ExpressiveExpressionTrees.Tests/bin/Debug/netcoreapp2.0/ExpressiveExpressionTrees.Tests.dll" adapterTypeName="executor://mstestadapter/v2" className="ExpressiveExpressionTrees.Tests.ExpressionComparerTests.MethodCallExpressionComparerTests" name="Test016" /></UnitTest><UnitTest name="Test048" storage="/home/hannasm/expressiveexpressiontreesdotnet/expressiveexpressiontrees.tests/bin/debug/netcoreapp2.0/expressiveexpressiontrees.tests.dll" id="397dca81-9100-c83a-9e23-9e48fc59d13b"><Execution id="c30a6be2-e7e6-4ee1-96b1-c7f60cc12695" /><TestMethod codeBase="/home/hannasm/ExpressiveExpressionTreesDotNet/ExpressiveExpressionTrees.Tests/bin/Debug/netcoreapp2.0/ExpressiveExpressionTrees.Tests.dll" adapterTypeName="executor://mstestadapter/v2" className="ExpressiveExpressionTrees.Tests.ExpressionGeneratorTests" name="Test048" /></UnitTest><UnitTest name="Test008" storage="/home/hannasm/expressiveexpressiontreesdotnet/expressiveexpressiontrees.tests/bin/debug/netcoreapp2.0/expressiveexpressiontrees.tests.dll" id="a8c8d758-5857-7e88-e3f8-50fa8a2e964a"><Execution id="f8cfc8ee-14c0-46a4-9759-e7704cbef49c" /><TestMethod codeBase="/home/hannasm/ExpressiveExpressionTreesDotNet/ExpressiveExpressionTrees.Tests/bin/Debug/netcoreapp2.0/ExpressiveExpressionTrees.Tests.dll" adapterTypeName="executor://mstestadapter/v2" className="ExpressiveExpressionTrees.Tests.ExpressionComparerTests.MemberAccessExpressionComparerTests" name="Test008" /></UnitTest><UnitTest name="Test003" storage="/home/hannasm/expressiveexpressiontreesdotnet/expressiveexpressiontrees.tests/bin/debug/netcoreapp2.0/expressiveexpressiontrees.tests.dll" id="fdfd6f8e-4804-1d33-cd6d-98114aec0124"><Execution id="69b5a8dc-7c30-4d87-9514-dfd53180f294" /><TestMethod codeBase="/home/hannasm/ExpressiveExpressionTreesDotNet/ExpressiveExpressionTrees.Tests/bin/Debug/netcoreapp2.0/ExpressiveExpressionTrees.Tests.dll" adapterTypeName="executor://mstestadapter/v2" className="ExpressiveExpressionTrees.Tests.ExpressionHasherTests.GotoExpressionHasherTests" name="Test003" /></UnitTest><UnitTest name="Test014" storage="/home/hannasm/expressiveexpressiontreesdotnet/expressiveexpressiontrees.tests/bin/debug/netcoreapp2.0/expressiveexpressiontrees.tests.dll" id="abcb30cc-95d7-b1f8-2bbe-4ef4c1e04b40"><Execution id="493bc884-fee2-45a2-97aa-c8663c39f899" /><TestMethod codeBase="/home/hannasm/ExpressiveExpressionTreesDotNet/ExpressiveExpressionTrees.Tests/bin/Debug/netcoreapp2.0/ExpressiveExpressionTrees.Tests.dll" adapterTypeName="executor://mstestadapter/v2" className="ExpressiveExpressionTrees.Tests.ExpressionHasherTests.BindingsExpressionHasherTests" name="Test014" /></UnitTest><UnitTest name="Test003" storage="/home/hannasm/expressiveexpressiontreesdotnet/expressiveexpressiontrees.tests/bin/debug/netcoreapp2.0/expressiveexpressiontrees.tests.dll" id="67028ef5-f361-726b-f485-cace252b39be"><Execution id="9433175b-714c-4606-8148-d762b650ef70" /><TestMethod codeBase="/home/hannasm/ExpressiveExpressionTreesDotNet/ExpressiveExpressionTrees.Tests/bin/Debug/netcoreapp2.0/ExpressiveExpressionTrees.Tests.dll" adapterTypeName="executor://mstestadapter/v2" className="ExpressiveExpressionTrees.Tests.ExpressionHasherTests.MethodCallExpressionHasherTests" name="Test003" /></UnitTest><UnitTest name="Test020" storage="/home/hannasm/expressiveexpressiontreesdotnet/expressiveexpressiontrees.tests/bin/debug/netcoreapp2.0/expressiveexpressiontrees.tests.dll" id="437336a2-3924-d5c8-7b35-d568f1cf5a94"><Execution id="1998d4e4-7d8e-4a11-8ca1-4d6671ed2d71" /><TestMethod codeBase="/home/hannasm/ExpressiveExpressionTreesDotNet/ExpressiveExpressionTrees.Tests/bin/Debug/netcoreapp2.0/ExpressiveExpressionTrees.Tests.dll" adapterTypeName="executor://mstestadapter/v2" className="ExpressiveExpressionTrees.Tests.ExpressionHasherTests.BindingsExpressionHasherTests" name="Test020" /></UnitTest><UnitTest name="Test008" storage="/home/hannasm/expressiveexpressiontreesdotnet/expressiveexpressiontrees.tests/bin/debug/netcoreapp2.0/expressiveexpressiontrees.tests.dll" id="cdc92a48-10e8-a4c2-3308-69878a0c2bd3"><Execution id="656b958d-aae1-4587-9889-8ec74171348b" /><TestMethod codeBase="/home/hannasm/ExpressiveExpressionTreesDotNet/ExpressiveExpressionTrees.Tests/bin/Debug/netcoreapp2.0/ExpressiveExpressionTrees.Tests.dll" adapterTypeName="executor://mstestadapter/v2" className="ExpressiveExpressionTrees.Tests.ExpressionComparerTests.InvocationExpressionComparerTests" name="Test008" /></UnitTest><UnitTest name="Test052" storage="/home/hannasm/expressiveexpressiontreesdotnet/expressiveexpressiontrees.tests/bin/debug/netcoreapp2.0/expressiveexpressiontrees.tests.dll" id="75e30fc4-22bf-9c9b-bc5d-caee0e162e07"><Execution id="f8584bbd-2ec0-4348-a93f-5b6974689704" /><TestMethod codeBase="/home/hannasm/ExpressiveExpressionTreesDotNet/ExpressiveExpressionTrees.Tests/bin/Debug/netcoreapp2.0/ExpressiveExpressionTrees.Tests.dll" adapterTypeName="executor://mstestadapter/v2" className="ExpressiveExpressionTrees.Tests.ExpressionVisitorTest.NewVisitorTests" name="Test052" /></UnitTest></TestDefinitions><TestEntries><TestEntry testId="be9815a8-9264-1396-6785-ccaea7c67c90" executionId="305e0ec7-8aa7-4ab7-950b-0f57371f5934" testListId="8c84fa94-04c1-424b-9868-57a2d4851a1d" /><TestEntry testId="f4e0241f-7e9a-ddff-089c-ad60532c6e97" executionId="6ea99851-0051-475b-b57c-14601ae33c33" testListId="8c84fa94-04c1-424b-9868-57a2d4851a1d" /><TestEntry testId="5bbd6eef-16ef-eed9-2d6e-25277eed4bed" executionId="6d8a4073-6997-43d7-9f16-ce41f6651c13" testListId="8c84fa94-04c1-424b-9868-57a2d4851a1d" /><TestEntry testId="f3f28d7c-0533-887e-8c1c-d53fcccfc751" executionId="59e685df-a09c-47dd-aed5-b839a3b3d0fe" testListId="8c84fa94-04c1-424b-9868-57a2d4851a1d" /><TestEntry testId="b5b1ef7f-5503-56ea-a678-cfcd4bc439dc" executionId="30950c62-9799-4391-9caa-82e65340aec8" testListId="8c84fa94-04c1-424b-9868-57a2d4851a1d" /><TestEntry testId="e5da8b0f-68d0-8b46-9642-38ecfd965f2f" executionId="ca2b4f4b-9113-4ef4-9ef5-65f843514e56" testListId="8c84fa94-04c1-424b-9868-57a2d4851a1d" /><TestEntry testId="3e57fbbc-7c6b-16b7-3d7b-e601b68d2f83" executionId="0f9ffb20-171d-4696-acb4-4d6e70cb4dcc" testListId="8c84fa94-04c1-424b-9868-57a2d4851a1d" /><TestEntry testId="7b0366af-75dc-d20c-3daf-1bae20d1334c" executionId="799ed5be-f3c1-4b63-9d74-0d2df0773057" testListId="8c84fa94-04c1-424b-9868-57a2d4851a1d" /><TestEntry testId="5ddd1952-3e6a-f061-c3b5-99e8cd13b5d6" executionId="d8303c34-04fa-43cd-899c-41b53f14756b" testListId="8c84fa94-04c1-424b-9868-57a2d4851a1d" /><TestEntry testId="e1a2741d-84d9-7e28-8764-81c3c85e6969" executionId="24df4c80-60e5-4f9b-b51f-b8681abd8d25" testListId="8c84fa94-04c1-424b-9868-57a2d4851a1d" /><TestEntry testId="68936bb9-3119-cc20-786c-63461a4f8a28" executionId="99e0df63-8fb1-4a54-b939-6f07d7155711" testListId="8c84fa94-04c1-424b-9868-57a2d4851a1d" /><TestEntry testId="cabe1b72-933f-3afb-c7dc-6acafe6ab54d" executionId="d1a4bdd9-5b24-447f-b262-0918489857b1" testListId="8c84fa94-04c1-424b-9868-57a2d4851a1d" /><TestEntry testId="f0e5b0dd-8f12-0b30-7145-d729f4b90ac2" executionId="8a96dc3e-a5b4-405c-9370-ac682c2fd2ce" testListId="8c84fa94-04c1-424b-9868-57a2d4851a1d" /><TestEntry testId="b010f006-9dc9-d925-d16e-f4c67412cd26" executionId="9462d1a9-a707-4b5c-90d4-635dd2555d7b" testListId="8c84fa94-04c1-424b-9868-57a2d4851a1d" /><TestEntry testId="a1514974-d3bc-4b85-c2bd-905dd649589e" executionId="7903dac0-baf9-4e66-ad5a-e0a5170a1a46" testListId="8c84fa94-04c1-424b-9868-57a2d4851a1d" /><TestEntry testId="5915bfa7-83f5-992d-4806-5f659e3b03f5" executionId="d3cc8262-dc6e-4529-b2b6-d36ad982a1aa" testListId="8c84fa94-04c1-424b-9868-57a2d4851a1d" /><TestEntry testId="8b72fcd8-8f67-6d06-34c4-efe17fe68d84" executionId="c2087ac0-d244-4507-8d80-a88eb08b1e95" testListId="8c84fa94-04c1-424b-9868-57a2d4851a1d" /><TestEntry testId="a433b73f-44c9-62ed-44aa-346055fe9187" executionId="da6a3d90-06e6-4004-a445-fb1b46f89b52" testListId="8c84fa94-04c1-424b-9868-57a2d4851a1d" /><TestEntry testId="940faf25-3a93-d001-1b74-133ed985f95c" executionId="050568f0-3545-44ae-af23-5f81b45719ff" testListId="8c84fa94-04c1-424b-9868-57a2d4851a1d" /><TestEntry testId="38014cd0-40d0-998e-21c5-245a41837e74" executionId="dcf82b18-023f-49a5-b1e8-1017ae96701a" testListId="8c84fa94-04c1-424b-9868-57a2d4851a1d" /><TestEntry testId="1718c96f-cb94-a5dd-88f4-4502d2ff5e9b" executionId="a4d9470c-cdf1-487a-a542-9035b03d89db" testListId="8c84fa94-04c1-424b-9868-57a2d4851a1d" /><TestEntry testId="3b2d7fca-4408-073b-a5a0-06b2c271bd10" executionId="49bcc5b9-31d1-4a31-8c5c-651c4ccddc8f" testListId="8c84fa94-04c1-424b-9868-57a2d4851a1d" /><TestEntry testId="d2da0a06-0b0b-0086-7ff2-15bf89546ce7" executionId="0ad7da65-1f1f-4bd8-9b45-331f2fd2efe1" testListId="8c84fa94-04c1-424b-9868-57a2d4851a1d" /><TestEntry testId="88a405f2-04e1-7c84-2424-959c6c54db76" executionId="4302830a-18a0-4110-965c-ee7d151958f7" testListId="8c84fa94-04c1-424b-9868-57a2d4851a1d" /><TestEntry testId="c5b4a4f1-12b4-865e-91e2-7e8d22e5513d" executionId="5f6fef34-91a5-4a74-87b6-c75451c70cc2" testListId="8c84fa94-04c1-424b-9868-57a2d4851a1d" /><TestEntry testId="cb250e9b-2b1c-2a14-dadf-f00f9d0eb678" executionId="8451ff2b-468d-4a01-b1bd-2b7bc16f847b" testListId="8c84fa94-04c1-424b-9868-57a2d4851a1d" /><TestEntry testId="4d4e9f02-b53b-bf06-72e3-1f6612fff681" executionId="000c0f50-7d76-40eb-859b-b4a11ce2af69" testListId="8c84fa94-04c1-424b-9868-57a2d4851a1d" /><TestEntry testId="2e572e78-7b42-8269-e9f0-9ebe78b01be6" executionId="1acc7a29-d9a2-4cd1-8cda-9469c5de81e4" testListId="8c84fa94-04c1-424b-9868-57a2d4851a1d" /><TestEntry testId="a8c8d758-5857-7e88-e3f8-50fa8a2e964a" executionId="f8cfc8ee-14c0-46a4-9759-e7704cbef49c" testListId="8c84fa94-04c1-424b-9868-57a2d4851a1d" /><TestEntry testId="aba3488a-85b2-d22b-3a54-6bcd23e12ea7" executionId="8be0fc8c-9f9e-4ace-9094-0fbb9bd6d22f" testListId="8c84fa94-04c1-424b-9868-57a2d4851a1d" /><TestEntry testId="14354b2d-eb96-0ca2-999e-bcd8b33a78a9" executionId="73819fea-69ee-4bf6-a96b-e0fbf0d35107" testListId="8c84fa94-04c1-424b-9868-57a2d4851a1d" /><TestEntry testId="0b838537-a5cb-0501-7350-54fbd3ac3f69" executionId="28ec1ba7-ed80-4b73-951b-6f0008b676c2" testListId="8c84fa94-04c1-424b-9868-57a2d4851a1d" /><TestEntry testId="5e37b460-beb8-7bc9-5794-96c372d8cb3a" executionId="48b48f4c-ec4d-4aa6-a51a-1b7a20a06844" testListId="8c84fa94-04c1-424b-9868-57a2d4851a1d" /><TestEntry testId="5fdf9ce6-b4c9-8d18-0c7f-bdeb155177c5" executionId="f3225372-1f99-4357-9243-a0f5afe13376" testListId="8c84fa94-04c1-424b-9868-57a2d4851a1d" /><TestEntry testId="4edfeff5-f39c-be45-5192-8237c2c9598b" executionId="b2d810ff-c097-4c06-8177-7999541fba8b" testListId="8c84fa94-04c1-424b-9868-57a2d4851a1d" /><TestEntry testId="64159564-0dad-57f1-1fbf-25333b4dacbe" executionId="ba60a204-4b5f-45f4-9876-d1b585f7fda8" testListId="8c84fa94-04c1-424b-9868-57a2d4851a1d" /><TestEntry testId="192556ca-48f4-b11c-d283-211e16875d2b" executionId="6636adf8-afe8-4665-b14f-60b92dfe047c" testListId="8c84fa94-04c1-424b-9868-57a2d4851a1d" /><TestEntry testId="197b08dc-3998-42e4-6d08-0b1ce5d19dbc" executionId="54193914-5e22-4608-b379-5b4deb0c2529" testListId="8c84fa94-04c1-424b-9868-57a2d4851a1d" /><TestEntry testId="458d3d29-4296-0500-b095-55bb75242716" executionId="f41ca956-bfbf-4565-af3c-b0465e32048d" testListId="8c84fa94-04c1-424b-9868-57a2d4851a1d" /><TestEntry testId="8ee5a63b-49df-0934-0c4f-f4edf2c3cfe2" executionId="e116fc85-21be-4722-a621-dc22940a038a" testListId="8c84fa94-04c1-424b-9868-57a2d4851a1d" /><TestEntry testId="ba347419-d964-d8ce-6d46-ebc6e406c812" executionId="c4ab5ce5-f126-466b-a853-2f4f744f5116" testListId="8c84fa94-04c1-424b-9868-57a2d4851a1d" /><TestEntry testId="8d34ba62-c78d-b7d8-0f0c-08bf6a42d85c" executionId="1c8eb0ec-5ef6-4465-b85a-c588bb716f05" testListId="8c84fa94-04c1-424b-9868-57a2d4851a1d" /><TestEntry testId="055353c9-f826-9764-80bb-161db96624ff" executionId="2fc2dce1-72cb-48ae-8856-4a54d6bff1ce" testListId="8c84fa94-04c1-424b-9868-57a2d4851a1d" /><TestEntry testId="4387ac30-b21f-19fc-a43c-ef647deddeb4" executionId="5c568029-8d2f-46dd-9ec2-a1641da181a7" testListId="8c84fa94-04c1-424b-9868-57a2d4851a1d" /><TestEntry testId="dae4a6e0-2a2f-a524-5fd4-7e33da5afe0e" executionId="830fbf6d-83d9-419e-8497-cc9d5508c418" testListId="8c84fa94-04c1-424b-9868-57a2d4851a1d" /><TestEntry testId="c61e7f88-4346-7f2d-88f0-884862ed77e7" executionId="3168f06d-e842-4cd4-9e0e-524321147431" testListId="8c84fa94-04c1-424b-9868-57a2d4851a1d" /><TestEntry testId="8409dbd6-3b5d-5e55-05f8-27f022f750cb" executionId="5f7629a6-c1aa-4073-84cd-99bc2977386c" testListId="8c84fa94-04c1-424b-9868-57a2d4851a1d" /><TestEntry testId="a9238744-31ac-ebb6-1e09-3343d3447bef" executionId="581c1e9f-5c16-4b68-bc3f-45323d1d7599" testListId="8c84fa94-04c1-424b-9868-57a2d4851a1d" /><TestEntry testId="ed177908-a30e-bbf7-49cc-ae29b788a811" executionId="6f8470a8-245e-47af-bff1-af1a1bf2ab74" testListId="8c84fa94-04c1-424b-9868-57a2d4851a1d" /><TestEntry testId="aeb74482-7d7e-9f22-9c8c-f8a418fa20dc" executionId="2d989c08-93f3-43bd-84ee-62eb73f92f11" testListId="8c84fa94-04c1-424b-9868-57a2d4851a1d" /><TestEntry testId="7777ceb4-04a7-2685-530a-a35c2cd9c573" executionId="d1e604ab-74b0-45dc-a908-7332913d6b81" testListId="8c84fa94-04c1-424b-9868-57a2d4851a1d" /><TestEntry testId="ac5ebf04-b85d-024f-7142-c221d0279179" executionId="4a02d1ba-65cc-43ef-a162-241c24005540" testListId="8c84fa94-04c1-424b-9868-57a2d4851a1d" /><TestEntry testId="1274ff4f-2a7e-c35c-5e63-3da20e00199f" executionId="c99bf3d2-63a9-4639-8c0e-13c154b60f59" testListId="8c84fa94-04c1-424b-9868-57a2d4851a1d" /><TestEntry testId="357fec4f-75e2-fb65-5d6d-a64cd66912dd" executionId="4dd306e6-a230-483e-b9ae-e39b29586eb8" testListId="8c84fa94-04c1-424b-9868-57a2d4851a1d" /><TestEntry testId="50499275-120f-947a-8496-829ba1faf874" executionId="51390915-8929-40a7-84e2-da612787cd9d" testListId="8c84fa94-04c1-424b-9868-57a2d4851a1d" /><TestEntry testId="d3bf8338-4254-c435-e963-d579b03d6e96" executionId="670e3dbc-e31e-423d-af64-98d4ce235f0c" testListId="8c84fa94-04c1-424b-9868-57a2d4851a1d" /><TestEntry testId="a8752091-5031-5495-2c47-15fbae7047c3" executionId="38d834b3-a706-4ee8-ba10-2bcc28e114fe" testListId="8c84fa94-04c1-424b-9868-57a2d4851a1d" /><TestEntry testId="8996ee43-096f-0944-9a9c-9ea4bd5ac30f" executionId="f7cba742-c0d4-4fa3-ac7f-6bd191d0fe27" testListId="8c84fa94-04c1-424b-9868-57a2d4851a1d" /><TestEntry testId="3a313f58-f31c-c9b3-c41e-6de4464623a8" executionId="3b1fe7d3-6129-41e1-b6b5-9807f41cf54a" testListId="8c84fa94-04c1-424b-9868-57a2d4851a1d" /><TestEntry testId="5da8acdd-725c-30a2-e4bd-07a1ab2d024b" executionId="8957a88b-7e17-4d38-b9e2-9b8ee656e8d6" testListId="8c84fa94-04c1-424b-9868-57a2d4851a1d" /><TestEntry testId="b59e77dc-8390-ceaa-2882-41c8844b718d" executionId="6e8adf84-1d58-4d8f-af49-a6b9ff20a520" testListId="8c84fa94-04c1-424b-9868-57a2d4851a1d" /><TestEntry testId="c85427c4-7ec6-1f09-57aa-d1539c32d89e" executionId="b11201ae-e03e-4a80-891e-294bf7b498b8" testListId="8c84fa94-04c1-424b-9868-57a2d4851a1d" /><TestEntry testId="dd6bf53e-e4ca-ef0b-27b0-84037a9a2060" executionId="b1eba299-55b0-41df-bd4f-7fe1fd105bbe" testListId="8c84fa94-04c1-424b-9868-57a2d4851a1d" /><TestEntry testId="9e96e5a2-f076-2b7c-a807-ffba6a2159cc" executionId="1e48fa1a-5c4f-4d3e-b7d8-d4d40f75c0fe" testListId="8c84fa94-04c1-424b-9868-57a2d4851a1d" /><TestEntry testId="012c0078-485f-9e58-cba4-9cf1c364b4b7" executionId="affc2ed3-0da3-4590-b07e-2b703d728b15" testListId="8c84fa94-04c1-424b-9868-57a2d4851a1d" /><TestEntry testId="f2998d93-7e88-df65-9868-e2eb60094b04" executionId="d806dee3-c6bb-41b2-984f-619a2b6a7944" testListId="8c84fa94-04c1-424b-9868-57a2d4851a1d" /><TestEntry testId="af51f64a-afef-b4bb-e254-b0a7b9eefeb2" executionId="d5512cba-64da-4348-a34c-7b9344acada9" testListId="8c84fa94-04c1-424b-9868-57a2d4851a1d" /><TestEntry testId="2eec0d6f-444e-8932-dfe0-24eb22cca782" executionId="95a07233-4b4d-4719-86e4-c538bb74afdc" testListId="8c84fa94-04c1-424b-9868-57a2d4851a1d" /><TestEntry testId="c40b4b24-089c-8fc6-a1de-ef3abf3fcaaf" executionId="c885a194-86c4-47d9-bb72-1116006979b3" testListId="8c84fa94-04c1-424b-9868-57a2d4851a1d" /><TestEntry testId="199b4210-106b-24fd-f459-2f65607d4740" executionId="7a93f0f7-6799-4c33-a600-1d8134056a8c" testListId="8c84fa94-04c1-424b-9868-57a2d4851a1d" /><TestEntry testId="dbf23907-fead-3c5e-f453-f2e4c6610e25" executionId="be847036-9bb3-47d0-aaf8-d785db7be5dd" testListId="8c84fa94-04c1-424b-9868-57a2d4851a1d" /><TestEntry testId="7c472fab-cce0-4281-3933-f59e6ec4b599" executionId="46c510eb-34a1-4b8a-a8e2-e37bf0a2f578" testListId="8c84fa94-04c1-424b-9868-57a2d4851a1d" /><TestEntry testId="b904c4b4-b70a-fb52-4ade-52ccad8504f6" executionId="b1f5f4fb-c760-4a2c-84c5-2b27bf2dbf12" testListId="8c84fa94-04c1-424b-9868-57a2d4851a1d" /><TestEntry testId="334205d3-8600-fbe3-711e-9839b4f38aa9" executionId="f95a03bf-d4d4-4cdc-8052-3a1373b3107e" testListId="8c84fa94-04c1-424b-9868-57a2d4851a1d" /><TestEntry testId="1ee85085-d01d-98b6-67f2-679f01c1b01c" executionId="bab750c1-0652-45c0-b29e-cb8410ef2cc3" testListId="8c84fa94-04c1-424b-9868-57a2d4851a1d" /><TestEntry testId="03afc8e6-23ae-fcff-3825-c71dba20456b" executionId="6b9a1b1f-229b-4909-bdd9-1b42e24ac314" testListId="8c84fa94-04c1-424b-9868-57a2d4851a1d" /><TestEntry testId="767f1acf-195c-1956-5076-6c1aefb468be" executionId="8d48de23-f0c0-45e7-903e-6f49c931309e" testListId="8c84fa94-04c1-424b-9868-57a2d4851a1d" /><TestEntry testId="9823828f-3e7d-e474-1d1a-2136ac773bb6" executionId="62b71c3e-420e-492a-83b2-b703742d7ba9" testListId="8c84fa94-04c1-424b-9868-57a2d4851a1d" /><TestEntry testId="388c07c2-91ae-05d5-4433-09eade683174" executionId="37abf553-f953-43c7-8e4f-f836bb2c0dca" testListId="8c84fa94-04c1-424b-9868-57a2d4851a1d" /><TestEntry testId="db106580-d883-47c2-d141-2a8fc96796c6" executionId="6e0a0d42-fa7a-4a50-aa24-429f25dda1d1" testListId="8c84fa94-04c1-424b-9868-57a2d4851a1d" /><TestEntry testId="075a1212-0779-fdeb-98fb-c6804441857d" executionId="5b857aff-7541-40d2-becd-1b7407744006" testListId="8c84fa94-04c1-424b-9868-57a2d4851a1d" /><TestEntry testId="c820ab0d-c99b-de08-90f8-723a8266c656" executionId="d22e5b9f-e468-4d47-b39b-8add488f90b1" testListId="8c84fa94-04c1-424b-9868-57a2d4851a1d" /><TestEntry testId="00d96717-2dc8-0959-bf3b-b54e39764712" executionId="53ba06b9-f3a5-4ef3-915c-a4d1b372d77d" testListId="8c84fa94-04c1-424b-9868-57a2d4851a1d" /><TestEntry testId="598dbe96-15d8-c35c-9d13-76385ceb9601" executionId="cbc2d9e6-2c0d-4263-a980-74fdcea4d6ea" testListId="8c84fa94-04c1-424b-9868-57a2d4851a1d" /><TestEntry testId="d1fbc04a-dafa-e029-00e3-c5b03c0a8487" executionId="31a031aa-5ddf-4ee4-a254-0061e76a08e3" testListId="8c84fa94-04c1-424b-9868-57a2d4851a1d" /><TestEntry testId="56301065-a6b2-9d42-0ad2-2f27eaef11ba" executionId="faf182eb-a83b-4c65-9c95-d841d62256ab" testListId="8c84fa94-04c1-424b-9868-57a2d4851a1d" /><TestEntry testId="0263c4dc-2e34-3227-e5d8-1ee5cd0b7f0d" executionId="2cabcc6a-2ad6-4f77-b59b-23ddb4b5c73a" testListId="8c84fa94-04c1-424b-9868-57a2d4851a1d" /><TestEntry testId="53908d01-090a-8803-ef27-030389039529" executionId="1b330c59-566a-427e-8a7e-854ca104b4ec" testListId="8c84fa94-04c1-424b-9868-57a2d4851a1d" /><TestEntry testId="35993687-d5b8-9e1d-97b9-9e2fe2ac18f1" executionId="6140d634-f642-42e1-8a3f-37e47714a803" testListId="8c84fa94-04c1-424b-9868-57a2d4851a1d" /><TestEntry testId="89bafe3e-0960-70ec-ab21-361ce674e841" executionId="f033eb38-e606-408a-9450-e846be447bf4" testListId="8c84fa94-04c1-424b-9868-57a2d4851a1d" /><TestEntry testId="2f4d7aab-044b-7809-9388-28d5278c2283" executionId="d86db34e-6fa4-49c2-91cc-72465df809fd" testListId="8c84fa94-04c1-424b-9868-57a2d4851a1d" /><TestEntry testId="6681a535-81ee-ad6e-7826-5b1dc779fa33" executionId="5b866072-0265-4a57-9549-3b0d28fef914" testListId="8c84fa94-04c1-424b-9868-57a2d4851a1d" /><TestEntry testId="a338ebc7-efab-2902-faa1-7bc7206acea8" executionId="e2a772bd-ec54-4611-9761-301359d6e313" testListId="8c84fa94-04c1-424b-9868-57a2d4851a1d" /><TestEntry testId="4b91d2d1-51e1-054d-c4de-a1bfa91a5d6c" executionId="cc4fb833-73e1-4c48-8a7a-770109ddf19d" testListId="8c84fa94-04c1-424b-9868-57a2d4851a1d" /><TestEntry testId="5b1cf8d2-fc07-4cc7-2b5c-4143d6b012a8" executionId="fd9f4823-fc38-4cce-b721-47d1becdff3f" testListId="8c84fa94-04c1-424b-9868-57a2d4851a1d" /><TestEntry testId="9520309c-6eaf-9658-a9f8-250c9b4d93e2" executionId="53f509bd-e359-484a-a2f8-17701498794e" testListId="8c84fa94-04c1-424b-9868-57a2d4851a1d" /><TestEntry testId="1a616540-71d4-3abd-e9d6-366582ec7be9" executionId="dd71f4a9-b6f0-40af-a7e3-92a9110bed5c" testListId="8c84fa94-04c1-424b-9868-57a2d4851a1d" /><TestEntry testId="1ebf4444-c68b-e1f3-f349-2ebc3eeb824e" executionId="b45fe6ac-8307-4223-8694-f8040c152ac6" testListId="8c84fa94-04c1-424b-9868-57a2d4851a1d" /><TestEntry testId="75bff483-61d9-095c-68ef-a2132e6f0f8f" executionId="28d4443d-91d6-40bc-b0d9-4fe35add7469" testListId="8c84fa94-04c1-424b-9868-57a2d4851a1d" /><TestEntry testId="11214e1e-4b4b-7825-5593-c48a5ac40488" executionId="c1848fcf-84bc-4eb0-9768-814b62a37f62" testListId="8c84fa94-04c1-424b-9868-57a2d4851a1d" /><TestEntry testId="1d5dfdfb-dab7-63a8-3c5c-a656f3f01569" executionId="5db40c15-5e30-4c7f-916b-b51bbe5a73b2" testListId="8c84fa94-04c1-424b-9868-57a2d4851a1d" /><TestEntry testId="76b70162-f7f9-c897-6fbf-b892b381610b" executionId="2fcbee33-0fab-484d-b1ce-eafeb8703520" testListId="8c84fa94-04c1-424b-9868-57a2d4851a1d" /><TestEntry testId="cf736003-2e8c-23ac-99a8-e2c36f7ba566" executionId="a1b93ef8-5dc6-4a31-b42c-d0a22a2c60de" testListId="8c84fa94-04c1-424b-9868-57a2d4851a1d" /><TestEntry testId="fe4afb12-e28f-f8fa-7021-7e923fd658a5" executionId="92b7f949-d745-4ff2-99de-41d90ae299ef" testListId="8c84fa94-04c1-424b-9868-57a2d4851a1d" /><TestEntry testId="75e30fc4-22bf-9c9b-bc5d-caee0e162e07" executionId="f8584bbd-2ec0-4348-a93f-5b6974689704" testListId="8c84fa94-04c1-424b-9868-57a2d4851a1d" /><TestEntry testId="ac96a6b2-765c-3611-64c9-126dee8ee7ea" executionId="0e066128-1741-4092-957e-50ff30c36b89" testListId="8c84fa94-04c1-424b-9868-57a2d4851a1d" /><TestEntry testId="3ec054ba-280b-4f03-a56d-db6cea9c067e" executionId="d10d2266-5a47-4cc2-85c0-28d3eb41d544" testListId="8c84fa94-04c1-424b-9868-57a2d4851a1d" /><TestEntry testId="ec2817eb-6da4-4e72-68ee-1d9e441c9cc1" executionId="99ec80cf-fd2f-4fb8-a528-50f6c46532d2" testListId="8c84fa94-04c1-424b-9868-57a2d4851a1d" /><TestEntry testId="ac7ce2ac-7a93-36e8-a736-2691a6fb5e34" executionId="d2e7622a-3b9d-4495-98b8-bcedc6803df2" testListId="8c84fa94-04c1-424b-9868-57a2d4851a1d" /><TestEntry testId="21de8eca-4fa4-3602-73d8-bd7efedca06c" executionId="b11019ba-d496-473d-ac32-bfc0b01d6e4c" testListId="8c84fa94-04c1-424b-9868-57a2d4851a1d" /><TestEntry testId="ca6c99b4-5113-33ce-ece0-27d6a1045d57" executionId="c131e7a3-14a6-4ab3-ade2-c49f76e613e6" testListId="8c84fa94-04c1-424b-9868-57a2d4851a1d" /><TestEntry testId="d310ec93-0bde-b042-7992-6c511b635a30" executionId="b5cca223-a388-4cbe-bb19-01bad6273d2a" testListId="8c84fa94-04c1-424b-9868-57a2d4851a1d" /><TestEntry testId="62805276-83e3-105b-f407-f4d4eaf5922c" executionId="0c8f1148-d36a-4d80-8589-171eb19feeef" testListId="8c84fa94-04c1-424b-9868-57a2d4851a1d" /><TestEntry testId="85d9e2c3-5c94-4fcf-9394-6156e5886593" executionId="4d302f67-5b7f-4250-a3df-6a89b0d2f8fc" testListId="8c84fa94-04c1-424b-9868-57a2d4851a1d" /><TestEntry testId="6649c33c-5bd1-1172-5edc-fda7d7ad14cc" executionId="d9907c31-1dab-49f8-97b8-f5c9f0a49294" testListId="8c84fa94-04c1-424b-9868-57a2d4851a1d" /><TestEntry testId="e89819d1-f5aa-6f8a-dbcc-4035608339a6" executionId="72bef7d1-352e-488a-828c-5a75e658c8ea" testListId="8c84fa94-04c1-424b-9868-57a2d4851a1d" /><TestEntry testId="578eccba-cff6-8976-5f33-b8e5021e8286" executionId="ccef7ef8-0fbb-470a-9d70-667e26e7f594" testListId="8c84fa94-04c1-424b-9868-57a2d4851a1d" /><TestEntry testId="fbb6f415-9ad0-fd1e-6279-50533c753594" executionId="901ee2dc-7e26-4c75-855b-e55cc7f56041" testListId="8c84fa94-04c1-424b-9868-57a2d4851a1d" /><TestEntry testId="a1e77cd8-ef62-c2d5-142b-d5350b811663" executionId="7646e7ec-148f-481d-b14c-79cf45318d1e" testListId="8c84fa94-04c1-424b-9868-57a2d4851a1d" /><TestEntry testId="7f9a648a-b33f-2285-c19d-a945bec428b4" executionId="276eaa96-d1ab-4e01-88f7-cef5ba65b0a0" testListId="8c84fa94-04c1-424b-9868-57a2d4851a1d" /><TestEntry testId="ee0aa7f6-642a-0eda-a6c2-3a83ba56dca5" executionId="2c8af553-f5bc-48d4-a3b3-e88c4557c334" testListId="8c84fa94-04c1-424b-9868-57a2d4851a1d" /><TestEntry testId="dec57507-5991-b1f7-6880-8d022bcfb10f" executionId="0d399ca5-9252-41df-bfd2-3311f0298b9b" testListId="8c84fa94-04c1-424b-9868-57a2d4851a1d" /><TestEntry testId="1a15487a-ffbb-b557-5c32-7887c894e109" executionId="820e2540-db42-49b3-aaf5-c35fed0f5c66" testListId="8c84fa94-04c1-424b-9868-57a2d4851a1d" /><TestEntry testId="51695eb9-1f65-72b2-3a9d-dd5f9967f449" executionId="20186dc2-e2dd-436c-9b12-9a28303b4606" testListId="8c84fa94-04c1-424b-9868-57a2d4851a1d" /><TestEntry testId="33339795-fe9b-80ad-91bb-7b1d467c07bd" executionId="cdab0144-6b61-410e-98ad-666000436653" testListId="8c84fa94-04c1-424b-9868-57a2d4851a1d" /><TestEntry testId="31cefdb4-2a0b-b2d0-b236-9aa4bab0569b" executionId="1c69002f-24e3-4050-aee0-65d60a478bde" testListId="8c84fa94-04c1-424b-9868-57a2d4851a1d" /><TestEntry testId="cdc828ed-ea87-f7d1-0cf9-42a4000c6a06" executionId="b76fa59d-dfba-4fd7-8f66-77a0567bebeb" testListId="8c84fa94-04c1-424b-9868-57a2d4851a1d" /><TestEntry testId="6789aaa0-23e1-170f-dc4a-81215aa05fdf" executionId="ac54bd6f-6d20-4679-8d74-4fd4f5fe10b6" testListId="8c84fa94-04c1-424b-9868-57a2d4851a1d" /><TestEntry testId="73945302-7b5e-447a-83e1-6c9f78f2469d" executionId="1acb4bd1-ed52-4175-abac-790b4c167e67" testListId="8c84fa94-04c1-424b-9868-57a2d4851a1d" /><TestEntry testId="1426eeee-7b5b-0432-5023-48d69259c0e7" executionId="dbcf844c-fe5a-4c94-95c1-c62e5d633e29" testListId="8c84fa94-04c1-424b-9868-57a2d4851a1d" /><TestEntry testId="b79e9d61-d2cd-e26f-9337-281b62d61d43" executionId="4f74d4ce-2551-4f5f-b5b9-133bda056d7c" testListId="8c84fa94-04c1-424b-9868-57a2d4851a1d" /><TestEntry testId="e3693124-8704-58ad-13d0-1a311c48d2e9" executionId="56012ace-4f79-4bab-a848-9e755dae3518" testListId="8c84fa94-04c1-424b-9868-57a2d4851a1d" /><TestEntry testId="fd819c51-6ffa-bc6d-6aa7-8ef7591a5a42" executionId="8814e22a-3a6e-4c17-beac-b2ca88132b8d" testListId="8c84fa94-04c1-424b-9868-57a2d4851a1d" /><TestEntry testId="9e16127f-85ee-d305-de12-c7a67bbe0085" executionId="326d2e7f-be6a-41a1-8ac9-2ef8c7dc969f" testListId="8c84fa94-04c1-424b-9868-57a2d4851a1d" /><TestEntry testId="15cd089b-e1a9-7384-33e9-19c1ba629a81" executionId="4739f03e-d029-4013-b2e6-d4cbc7602dff" testListId="8c84fa94-04c1-424b-9868-57a2d4851a1d" /><TestEntry testId="74737c34-bd2f-92cb-5f14-e7af595b872f" executionId="612c2c74-4d76-4382-9ee9-cb4bb0765162" testListId="8c84fa94-04c1-424b-9868-57a2d4851a1d" /><TestEntry testId="4317ff14-b01c-d73f-518c-b2ad4e9f57af" executionId="3c66aa6c-8ed4-4a4a-9337-7414e60ac5e1" testListId="8c84fa94-04c1-424b-9868-57a2d4851a1d" /><TestEntry testId="0b865937-8fd9-434a-068d-559aaf1442d7" executionId="c947f0a8-30ae-4bde-9dd4-6c353be8cf49" testListId="8c84fa94-04c1-424b-9868-57a2d4851a1d" /><TestEntry testId="0b057852-3e8a-3d3c-a489-3506e0339d86" executionId="55145b02-d0a0-463d-8336-ca3a42f11dff" testListId="8c84fa94-04c1-424b-9868-57a2d4851a1d" /><TestEntry testId="82c9ac4f-9a13-a2eb-5804-ee8200a7a2a3" executionId="aed9e4bb-1469-4417-9485-ec64c37124af" testListId="8c84fa94-04c1-424b-9868-57a2d4851a1d" /><TestEntry testId="f6e698d0-d746-0bd1-92ce-d16c077c0215" executionId="6c501ea0-47ec-464f-a19e-aa83c9999de2" testListId="8c84fa94-04c1-424b-9868-57a2d4851a1d" /><TestEntry testId="91f3c23a-de49-fffe-8f02-51675c0814fa" executionId="8234c998-0175-4264-812c-f786093f7829" testListId="8c84fa94-04c1-424b-9868-57a2d4851a1d" /><TestEntry testId="0bac3ae3-e9d8-3999-1d88-95f6db6672aa" executionId="74642db3-a408-4796-a1b4-2b9b982c76ae" testListId="8c84fa94-04c1-424b-9868-57a2d4851a1d" /><TestEntry testId="1f5f7535-23da-7eae-4a2a-6f6d8ac5430f" executionId="25b934c0-0e07-40eb-b13a-a47dc3a78dcb" testListId="8c84fa94-04c1-424b-9868-57a2d4851a1d" /><TestEntry testId="bf269529-62b8-2639-f6f1-d2d7a094a979" executionId="04788d93-1b43-4a0e-ba12-f0999bee8ba1" testListId="8c84fa94-04c1-424b-9868-57a2d4851a1d" /><TestEntry testId="44ad207a-ad0c-cc9a-96c3-b9758a8d5547" executionId="058d67a3-6c51-41e0-b3bd-115c1710f880" testListId="8c84fa94-04c1-424b-9868-57a2d4851a1d" /><TestEntry testId="46b034d2-60b6-1a6c-a9fd-c2d59bb5e944" executionId="4e6d3092-7e64-4660-9f58-3b9ef061f718" testListId="8c84fa94-04c1-424b-9868-57a2d4851a1d" /><TestEntry testId="c2cf6eff-b51d-92af-d36b-e40cbbb55510" executionId="2f04c164-651f-4099-893d-3af1661486a0" testListId="8c84fa94-04c1-424b-9868-57a2d4851a1d" /><TestEntry testId="73f0d6a8-9ac8-4466-b88c-5be2a7dc3390" executionId="0f2f8e6d-b9b0-43a0-a2a1-829f18e04854" testListId="8c84fa94-04c1-424b-9868-57a2d4851a1d" /><TestEntry testId="50c75a55-ee87-78dc-2edd-8440568470c4" executionId="f6d015c1-044e-4f3d-a627-651d70a5674f" testListId="8c84fa94-04c1-424b-9868-57a2d4851a1d" /><TestEntry testId="0b8df8e9-d099-e38e-833e-9489720457f3" executionId="bda1ed2c-19d4-4b33-bbb3-00a8efed86af" testListId="8c84fa94-04c1-424b-9868-57a2d4851a1d" /><TestEntry testId="55374959-c905-272c-a375-c47a2e7a9409" executionId="d248ab6a-b1ce-4aaf-89e9-b2dca9de624f" testListId="8c84fa94-04c1-424b-9868-57a2d4851a1d" /><TestEntry testId="4d1040ff-aa12-6416-186d-3b902d821187" executionId="84d3170d-cc8a-4afc-aa2b-ec6ca47d8e2d" testListId="8c84fa94-04c1-424b-9868-57a2d4851a1d" /><TestEntry testId="da4d9c1f-1c25-322f-991a-856ea9d31bd3" executionId="ca03cb90-232f-4d3f-9604-538bdd4fe3c4" testListId="8c84fa94-04c1-424b-9868-57a2d4851a1d" /><TestEntry testId="f3ccafd7-8cc2-c783-11c1-30bb153c9d58" executionId="d98b4de0-27aa-4f64-ab36-78f884330945" testListId="8c84fa94-04c1-424b-9868-57a2d4851a1d" /><TestEntry testId="bb6109e7-ad79-ebfe-a051-823a1bfbc8bd" executionId="b6f3865e-740d-45ff-a247-5143b6b039f0" testListId="8c84fa94-04c1-424b-9868-57a2d4851a1d" /><TestEntry testId="8ed88abc-57b2-9d25-3821-891bb731afc0" executionId="69a71524-b87e-40ae-8c4a-512676078b4f" testListId="8c84fa94-04c1-424b-9868-57a2d4851a1d" /><TestEntry testId="8e835047-9f69-169c-50b6-8b85ea3c5d93" executionId="ae998bde-0f3a-402a-ac4c-607357a2b7c9" testListId="8c84fa94-04c1-424b-9868-57a2d4851a1d" /><TestEntry testId="3a33c2f1-3c80-f24d-420c-3e4cafb8cdf9" executionId="0650613a-9920-4c5a-8298-1238eee165cf" testListId="8c84fa94-04c1-424b-9868-57a2d4851a1d" /><TestEntry testId="d4dce92d-4156-8383-1e95-bec7bdb5e6c9" executionId="0a452cbe-3998-46d1-836b-93f6c4221030" testListId="8c84fa94-04c1-424b-9868-57a2d4851a1d" /><TestEntry testId="735e0884-6196-40e2-dbba-673ba1e2e9cb" executionId="b56a3e34-aa19-438c-901c-aea0550f27bf" testListId="8c84fa94-04c1-424b-9868-57a2d4851a1d" /><TestEntry testId="e3b10778-9ca0-58c5-f3a3-28e17855d3d5" executionId="bad819a4-a6c7-4d68-a043-5977e230362a" testListId="8c84fa94-04c1-424b-9868-57a2d4851a1d" /><TestEntry testId="7cd768d1-f57f-d9cf-6d43-7da8e2a4d4c4" executionId="2f52c5f3-365a-41cb-b9d7-f51e91d2dabf" testListId="8c84fa94-04c1-424b-9868-57a2d4851a1d" /><TestEntry testId="54c6494d-581a-3df1-599c-3e1e996b01ad" executionId="4ad7126f-dabd-4a26-976a-dc64d6b2788a" testListId="8c84fa94-04c1-424b-9868-57a2d4851a1d" /><TestEntry testId="9e145108-18df-f6b9-fd1d-d8dcf4e9ed86" executionId="50fddd65-6618-4730-947f-bbd11c3f11be" testListId="8c84fa94-04c1-424b-9868-57a2d4851a1d" /><TestEntry testId="279d6097-19dd-3363-dcae-f915adbcc4a4" executionId="297f9cbe-e84d-419f-bd39-d40764eb8390" testListId="8c84fa94-04c1-424b-9868-57a2d4851a1d" /><TestEntry testId="8048e3de-75c7-8e83-6945-25e1a63e78b5" executionId="7978e405-c3f8-4ce7-a4ca-af56061287c9" testListId="8c84fa94-04c1-424b-9868-57a2d4851a1d" /><TestEntry testId="d78b1cc7-c23e-ac3a-174e-48fa014069c1" executionId="c4a7ac58-20d8-4305-82d3-f29ce3965a84" testListId="8c84fa94-04c1-424b-9868-57a2d4851a1d" /><TestEntry testId="3ed02644-71f1-f4b3-a54a-d03c30f11f90" executionId="2d3b1f3f-60ec-4445-8f3e-0dec24815347" testListId="8c84fa94-04c1-424b-9868-57a2d4851a1d" /><TestEntry testId="43a2e2fe-e0cd-7228-123f-0ef716f40f57" executionId="419ff684-a30e-433a-844d-9efe6e86f0ed" testListId="8c84fa94-04c1-424b-9868-57a2d4851a1d" /><TestEntry testId="70c67809-c753-0cbf-bc13-892bc20e08d7" executionId="5620179d-5102-4cba-82b6-db4eb4c97ffa" testListId="8c84fa94-04c1-424b-9868-57a2d4851a1d" /><TestEntry testId="a07eea32-f6d2-0fcb-9f3d-a19f61b4bcbe" executionId="e24db692-a7e8-4578-9043-9ce0577ed874" testListId="8c84fa94-04c1-424b-9868-57a2d4851a1d" /><TestEntry testId="e7c00e44-8a95-bcb4-0aed-26bc790c858c" executionId="f3fc6c5b-8dec-45b7-bb1f-aae376f825b1" testListId="8c84fa94-04c1-424b-9868-57a2d4851a1d" /><TestEntry testId="a23de17d-6ab7-0bc9-4a2a-e92d8a31f890" executionId="c70297e5-16a0-4243-b1a7-beedf40b0216" testListId="8c84fa94-04c1-424b-9868-57a2d4851a1d" /><TestEntry testId="3908bf64-cc0c-ef48-2031-3ade37673e09" executionId="5d62da0e-41e1-448e-aec4-22f2133dc3c4" testListId="8c84fa94-04c1-424b-9868-57a2d4851a1d" /><TestEntry testId="10cd2fa7-0ec6-0ce7-8bb0-505665380e9e" executionId="b24ce53c-607e-463e-94f9-4c3245c02565" testListId="8c84fa94-04c1-424b-9868-57a2d4851a1d" /><TestEntry testId="37b5de01-4dd1-32e5-a061-f2e00d4a13de" executionId="b13eb044-ba6b-457d-b7cf-9897a7d4e420" testListId="8c84fa94-04c1-424b-9868-57a2d4851a1d" /><TestEntry testId="af60c266-744f-2afa-507d-f81771af9c20" executionId="e84796df-bc65-42f7-bedf-d641b7d2ca68" testListId="8c84fa94-04c1-424b-9868-57a2d4851a1d" /><TestEntry testId="e4ef948f-8f64-100d-3b33-5606ed605d01" executionId="49db60cb-d3b2-46fd-bc1a-32cf97845864" testListId="8c84fa94-04c1-424b-9868-57a2d4851a1d" /><TestEntry testId="f7487d98-deee-db45-9fab-890a2ea59153" executionId="5456bb1f-fd48-4c48-8235-95568423a94f" testListId="8c84fa94-04c1-424b-9868-57a2d4851a1d" /><TestEntry testId="a6ed6878-eef1-b8f5-46d6-abdc42f20324" executionId="ef9c4bf8-2747-44cd-9130-4ffefa552a1f" testListId="8c84fa94-04c1-424b-9868-57a2d4851a1d" /><TestEntry testId="f83a4d41-eda8-4fb2-517d-473117d9f084" executionId="75e62395-3129-4d76-82fa-13bd4c55fe6e" testListId="8c84fa94-04c1-424b-9868-57a2d4851a1d" /><TestEntry testId="795481b6-8e1b-4ffb-31bd-409fd09aa23d" executionId="1e901326-f91e-4e34-b306-e9238909111a" testListId="8c84fa94-04c1-424b-9868-57a2d4851a1d" /><TestEntry testId="8bf0dc94-3850-63e2-4dd3-c25f90b2f8fd" executionId="1a68e727-0f85-4ff8-9315-6a9d3e99417d" testListId="8c84fa94-04c1-424b-9868-57a2d4851a1d" /><TestEntry testId="3212ac7a-89cf-5420-32f2-a8cb15914c10" executionId="773d1e00-df86-4449-b76a-1cfe75dc5146" testListId="8c84fa94-04c1-424b-9868-57a2d4851a1d" /><TestEntry testId="4b1aa57c-3d20-da6f-cc78-dcdd3a759bd4" executionId="2d59f1cb-3e08-4020-8312-5e06dfcb933e" testListId="8c84fa94-04c1-424b-9868-57a2d4851a1d" /><TestEntry testId="f202d7ca-bd69-b07e-4d1b-c46f797f847c" executionId="76a221d1-59b9-496e-b0ec-656312ace860" testListId="8c84fa94-04c1-424b-9868-57a2d4851a1d" /><TestEntry testId="97b1ec5a-f913-522b-b59b-8f797cbfa91d" executionId="c2bde6da-48a8-4048-9c98-951c222a8344" testListId="8c84fa94-04c1-424b-9868-57a2d4851a1d" /><TestEntry testId="c952d74f-519e-66e0-225e-2078c13ce5e7" executionId="517b9571-1898-46db-b8ab-aa9f9a76cbd1" testListId="8c84fa94-04c1-424b-9868-57a2d4851a1d" /><TestEntry testId="4036e2d6-cfe0-05ee-8e69-43aae4170144" executionId="ae41f013-30b9-49c7-b21f-76d988069943" testListId="8c84fa94-04c1-424b-9868-57a2d4851a1d" /><TestEntry testId="ed7c47c4-30f6-4944-b4a5-42cd6ad82350" executionId="f3947c8d-67a5-4f7b-a075-7f955850bc81" testListId="8c84fa94-04c1-424b-9868-57a2d4851a1d" /><TestEntry testId="d33922e6-5228-2939-4028-5264cd9721d6" executionId="d60d5ccc-64c7-45e5-95da-f0f11ef71aac" testListId="8c84fa94-04c1-424b-9868-57a2d4851a1d" /><TestEntry testId="f3b8df70-c353-2e2a-9738-ef6c7f19653a" executionId="05c07a54-57b2-43fb-be35-ae54432ff8b9" testListId="8c84fa94-04c1-424b-9868-57a2d4851a1d" /><TestEntry testId="5a622c44-9a2c-3963-0cef-d2351c2bbc02" executionId="e2c1fe41-0b28-4d6c-bde2-dbf98b21d01f" testListId="8c84fa94-04c1-424b-9868-57a2d4851a1d" /><TestEntry testId="17cacea9-61cf-1e12-5e2d-30e10abbee82" executionId="c2630bd7-5057-4376-a91d-ec1d8ed43193" testListId="8c84fa94-04c1-424b-9868-57a2d4851a1d" /><TestEntry testId="2570a6b7-2268-99ca-72ef-9a13e122e8c2" executionId="d08214ce-3837-4634-b6f2-8faf390cfba2" testListId="8c84fa94-04c1-424b-9868-57a2d4851a1d" /><TestEntry testId="20162908-4de4-5fce-c10e-93a3a72bda90" executionId="3d287f4c-346c-4c70-9470-4001d1d94552" testListId="8c84fa94-04c1-424b-9868-57a2d4851a1d" /><TestEntry testId="00bed00a-94e8-c125-8998-cf91f6103a5c" executionId="67395fa6-65af-45b3-be4d-8a34b512a6a2" testListId="8c84fa94-04c1-424b-9868-57a2d4851a1d" /><TestEntry testId="3723906b-a561-3b3d-77da-ddcd0f4f6644" executionId="b40e2c40-17ae-4b0a-86ff-1c5c647ca999" testListId="8c84fa94-04c1-424b-9868-57a2d4851a1d" /><TestEntry testId="b38989c3-3784-cb27-3308-dd971f0d50fb" executionId="72aed051-2c4c-48b6-adaf-db45cf8e0541" testListId="8c84fa94-04c1-424b-9868-57a2d4851a1d" /><TestEntry testId="af75e3d8-68de-8f64-7e6f-40a7b2f81ca9" executionId="3f6b1200-746d-4d78-9c4f-ce922dc7334d" testListId="8c84fa94-04c1-424b-9868-57a2d4851a1d" /><TestEntry testId="67028ef5-f361-726b-f485-cace252b39be" executionId="9433175b-714c-4606-8148-d762b650ef70" testListId="8c84fa94-04c1-424b-9868-57a2d4851a1d" /><TestEntry testId="9dbf5ec8-e480-7bc8-bdb2-4ea6f4dce5df" executionId="093da5d6-8464-43ff-9d63-39488f550567" testListId="8c84fa94-04c1-424b-9868-57a2d4851a1d" /><TestEntry testId="1b1e13ad-f41e-f394-284a-8e94a0bf392e" executionId="1e677f32-e501-47ec-9d15-1bd2dd1dd55c" testListId="8c84fa94-04c1-424b-9868-57a2d4851a1d" /><TestEntry testId="ad60ed5a-c7a2-591d-d440-41f6d216fee5" executionId="f3a8c5ae-5524-439d-80ee-7c214ec5eed4" testListId="8c84fa94-04c1-424b-9868-57a2d4851a1d" /><TestEntry testId="9b4ff1ab-e9c0-87a8-e751-7f2d520e4675" executionId="981ab33d-4be7-4aa2-a8cc-7142f7064b19" testListId="8c84fa94-04c1-424b-9868-57a2d4851a1d" /><TestEntry testId="236a9bff-cb44-9dcf-5b9d-09de92c4e42c" executionId="4178b9ac-299a-41c8-8403-6b5ff415e7a9" testListId="8c84fa94-04c1-424b-9868-57a2d4851a1d" /><TestEntry testId="cd158ce9-d5a9-3c9b-4ab6-c73d4d0650d2" executionId="6ae711fb-14d2-40a1-adaa-13305fb8484a" testListId="8c84fa94-04c1-424b-9868-57a2d4851a1d" /><TestEntry testId="18ea4d58-39b1-f4b8-b7f2-dd2088452f93" executionId="88497fef-e153-4e6b-b6a3-cf5561090d63" testListId="8c84fa94-04c1-424b-9868-57a2d4851a1d" /><TestEntry testId="3b72efa0-e4ce-9ade-8154-54cdc3ed8633" executionId="28c9054b-ebeb-4a7a-a4e3-6617e975896a" testListId="8c84fa94-04c1-424b-9868-57a2d4851a1d" /><TestEntry testId="9d51f0ea-b5a3-1c0e-eda3-ec5f2eda1c41" executionId="cecb643f-91a3-4d49-8e34-c20f2c2b31f3" testListId="8c84fa94-04c1-424b-9868-57a2d4851a1d" /><TestEntry testId="98255820-157c-ab8a-32a2-eca0fa7a884a" executionId="e120543f-5540-4080-a469-8731b757197a" testListId="8c84fa94-04c1-424b-9868-57a2d4851a1d" /><TestEntry testId="33d20f09-de53-0c6e-9346-57c333c6d3e8" executionId="41ad193f-c798-4c3a-b184-efdeaf6ee725" testListId="8c84fa94-04c1-424b-9868-57a2d4851a1d" /><TestEntry testId="2ec30d4d-3164-2682-469b-d0457ede85b2" executionId="8d2287c5-13f2-49ad-98b2-142897627a0d" testListId="8c84fa94-04c1-424b-9868-57a2d4851a1d" /><TestEntry testId="7fcb5bb6-1a78-233f-93d6-7236b677a282" executionId="2771cffe-38ab-40ca-b0d0-4269bf2307fd" testListId="8c84fa94-04c1-424b-9868-57a2d4851a1d" /><TestEntry testId="3c7cbf23-af0b-397f-096e-de355b5072c5" executionId="6fdc1e74-f92c-402e-b06c-e4b09a628eb3" testListId="8c84fa94-04c1-424b-9868-57a2d4851a1d" /><TestEntry testId="9797c99b-d8b4-5d96-12e0-6a42224223a1" executionId="ebc0cfcd-8fec-418b-9362-cec07cda3312" testListId="8c84fa94-04c1-424b-9868-57a2d4851a1d" /><TestEntry testId="f6c33fda-2b5b-9588-f5e6-086532810d2f" executionId="ace6edd1-9423-466c-874f-8c5c0c3b9dac" testListId="8c84fa94-04c1-424b-9868-57a2d4851a1d" /><TestEntry testId="b36940b9-9803-52c4-b774-8f39a22f7844" executionId="5d44e54c-d12c-4045-a83f-3f9d4a66ad97" testListId="8c84fa94-04c1-424b-9868-57a2d4851a1d" /><TestEntry testId="e310bd06-7f91-4a4f-c1c5-149c933a1619" executionId="5f7a5df8-ffaa-4e84-8906-d9b9a033caa3" testListId="8c84fa94-04c1-424b-9868-57a2d4851a1d" /><TestEntry testId="009cad5c-3198-1de1-be68-dfff75c67a14" executionId="3ca7380d-009d-4f8f-b4cc-fde0921cab05" testListId="8c84fa94-04c1-424b-9868-57a2d4851a1d" /><TestEntry testId="99d31b31-0a97-b0c1-1788-85bda55e2b25" executionId="aca6a3f3-be1e-44e3-86a5-5c5a1416dc2b" testListId="8c84fa94-04c1-424b-9868-57a2d4851a1d" /><TestEntry testId="891eec92-f6cf-5075-b75a-c87fc6524b9b" executionId="f0d7a985-2126-49d0-ad36-a1a7a76c1d6f" testListId="8c84fa94-04c1-424b-9868-57a2d4851a1d" /><TestEntry testId="0977163f-a64d-837e-6062-3c29a9e15784" executionId="06730d17-161a-40b4-ad1d-e0b03e3ebde9" testListId="8c84fa94-04c1-424b-9868-57a2d4851a1d" /><TestEntry testId="11392951-6039-f063-1de3-90190e289616" executionId="3e41fae9-965c-4f00-958b-731cf9d89619" testListId="8c84fa94-04c1-424b-9868-57a2d4851a1d" /><TestEntry testId="8507c9f7-663c-b8ce-ad4d-0fc7f7735804" executionId="72710c28-33a6-4424-923b-d1438aac6e5e" testListId="8c84fa94-04c1-424b-9868-57a2d4851a1d" /><TestEntry testId="df442eb1-5544-1a16-ac78-bbe5718819f6" executionId="8756c14e-dfcd-480d-8c9e-98ea66d75e97" testListId="8c84fa94-04c1-424b-9868-57a2d4851a1d" /><TestEntry testId="24925be4-8913-1759-e259-c02cf0afc0ff" executionId="00c7bd22-06dc-48c5-b4d4-8b43dfc4c401" testListId="8c84fa94-04c1-424b-9868-57a2d4851a1d" /><TestEntry testId="6ac17be0-b0a7-98f1-d763-f07e02b1df8c" executionId="55ec488e-fb85-4651-ae8a-84c04a6248b6" testListId="8c84fa94-04c1-424b-9868-57a2d4851a1d" /><TestEntry testId="8bd6c266-970e-2700-d0bb-a4620e359802" executionId="8475c5dd-d44e-40d1-873a-60119e470ac7" testListId="8c84fa94-04c1-424b-9868-57a2d4851a1d" /><TestEntry testId="9276a3fb-bec6-a8d9-69d6-26b7fe2823ce" executionId="5fec5474-0732-4b84-b2bd-f81592197998" testListId="8c84fa94-04c1-424b-9868-57a2d4851a1d" /><TestEntry testId="dd563462-68a6-3e61-cdeb-55f69c3209b9" executionId="d3fa27b8-8891-4670-9ff6-7041a043627a" testListId="8c84fa94-04c1-424b-9868-57a2d4851a1d" /><TestEntry testId="90c3ccb7-e4b1-46e4-fd89-fb4b6922a4d7" executionId="ba9afd32-541e-440f-84c7-2e33a2caa27a" testListId="8c84fa94-04c1-424b-9868-57a2d4851a1d" /><TestEntry testId="fbc3138d-7336-dcac-61af-bc33ea2fd490" executionId="089fb695-9ef8-4433-aa86-d6c7f2a88ff4" testListId="8c84fa94-04c1-424b-9868-57a2d4851a1d" /><TestEntry testId="7b0ec8b3-7823-022d-96c3-7ae46985c5ea" executionId="271ad18e-6edd-4870-bfe3-a4f1c5f00610" testListId="8c84fa94-04c1-424b-9868-57a2d4851a1d" /><TestEntry testId="0943868f-5bac-8ff9-e25e-123d0b12eda8" executionId="2b76d388-f1e1-47e4-915d-069779ae5b3b" testListId="8c84fa94-04c1-424b-9868-57a2d4851a1d" /><TestEntry testId="7a003be8-8f9f-a498-c574-a222b0de6e79" executionId="7447f3f1-7930-40b5-b0bc-0e090fd01925" testListId="8c84fa94-04c1-424b-9868-57a2d4851a1d" /><TestEntry testId="0cbed3e4-9feb-f5f1-95d6-8ed49afca304" executionId="949f99ca-5141-4c4a-96ab-0d4f1c507a5b" testListId="8c84fa94-04c1-424b-9868-57a2d4851a1d" /><TestEntry testId="8c1bdc51-0186-421e-39ac-eb0fa53e425f" executionId="910711a4-97fd-4068-a772-30b6053a8557" testListId="8c84fa94-04c1-424b-9868-57a2d4851a1d" /><TestEntry testId="e060286d-bbdd-55e2-a6c0-21ea509b8ec7" executionId="f5d0a5a1-dd6d-421c-ad0a-51dcfe37425d" testListId="8c84fa94-04c1-424b-9868-57a2d4851a1d" /><TestEntry testId="553b134c-484b-4945-c88c-85fa480fa234" executionId="fcc9f6f8-350b-46bd-b3ac-bb4089ddc813" testListId="8c84fa94-04c1-424b-9868-57a2d4851a1d" /><TestEntry testId="0f731d69-2adb-a918-321b-f2bb309bd7ea" executionId="21bc028d-30b2-46d0-bb7a-e5bee2d204db" testListId="8c84fa94-04c1-424b-9868-57a2d4851a1d" /><TestEntry testId="bc19bde6-10e5-8f5a-81c3-7415fad0fbe1" executionId="77d1c711-704e-4c5a-b65d-5c0fc835bab1" testListId="8c84fa94-04c1-424b-9868-57a2d4851a1d" /><TestEntry testId="cc48c7d5-be16-523f-bc65-0fc2774a3716" executionId="a7eac134-b94c-463d-983b-16bebe7812a0" testListId="8c84fa94-04c1-424b-9868-57a2d4851a1d" /><TestEntry testId="17c706d7-6e89-0ed6-0c7f-184576b3105b" executionId="d6b31012-1cc9-4c22-afe8-89c44f88bba4" testListId="8c84fa94-04c1-424b-9868-57a2d4851a1d" /><TestEntry testId="e9b7337d-f5e1-8ca8-214a-c567f71561d0" executionId="a66f40b4-17c6-47b3-899c-95b21cb75813" testListId="8c84fa94-04c1-424b-9868-57a2d4851a1d" /><TestEntry testId="9f88fe95-f8a8-23e5-2bc8-256814f587b0" executionId="7835648f-59b2-4d64-9f9f-f64c40d3e1dd" testListId="8c84fa94-04c1-424b-9868-57a2d4851a1d" /><TestEntry testId="f650bd0f-ec96-9f17-df54-b318c2cd6ca7" executionId="bf54eeef-4483-4c98-b174-222f6104a736" testListId="8c84fa94-04c1-424b-9868-57a2d4851a1d" /><TestEntry testId="e95ced9b-6798-8d43-52cb-a6f0c18ce82f" executionId="08622a84-f3f8-4f29-abee-d32f4d9c5b98" testListId="8c84fa94-04c1-424b-9868-57a2d4851a1d" /><TestEntry testId="55e8fa19-95b6-2e96-0ace-f63dc61cfa99" executionId="91e47470-7185-4cff-9551-cb191d7ea792" testListId="8c84fa94-04c1-424b-9868-57a2d4851a1d" /><TestEntry testId="a29b00d8-9e7f-ddc1-484c-33457b52ed43" executionId="6975f5af-b436-494d-ac6b-b1a074c56aa3" testListId="8c84fa94-04c1-424b-9868-57a2d4851a1d" /><TestEntry testId="5bcef28c-72fe-c070-961b-a4344bc1b134" executionId="9810b076-346a-4f79-9d39-8e775e9e78e7" testListId="8c84fa94-04c1-424b-9868-57a2d4851a1d" /><TestEntry testId="30fd60e8-c13b-5466-ea21-80dbd9c4f802" executionId="6d4b011c-2ef4-4be3-bddf-3ac05e3f0236" testListId="8c84fa94-04c1-424b-9868-57a2d4851a1d" /><TestEntry testId="31a77815-e513-ca76-9118-40e80687306c" executionId="c843c18b-e985-43f2-998e-4db2253e9369" testListId="8c84fa94-04c1-424b-9868-57a2d4851a1d" /><TestEntry testId="8e77c415-3233-4a04-9b77-9b514d5b2585" executionId="b5b779be-2589-4ca7-8167-bfe51e25409d" testListId="8c84fa94-04c1-424b-9868-57a2d4851a1d" /><TestEntry testId="f7897f19-cd25-7886-e3fa-5d2c7c39bedc" executionId="de0fe18c-6e55-43de-a141-3a22a423afae" testListId="8c84fa94-04c1-424b-9868-57a2d4851a1d" /><TestEntry testId="295cfe5e-4410-5bd4-7b32-8e5aa7f59b40" executionId="2555e738-5d10-4862-a023-d5749692e93b" testListId="8c84fa94-04c1-424b-9868-57a2d4851a1d" /><TestEntry testId="e81fcf90-74c8-d52f-d847-f9a1a68e6c13" executionId="7f56d9aa-9b6e-493f-aad5-dc71bcda3d39" testListId="8c84fa94-04c1-424b-9868-57a2d4851a1d" /><TestEntry testId="e8e4c9e2-7997-bbde-cf73-6f2c110e4867" executionId="77dae672-d68d-48c1-bec9-bf7a518a4abf" testListId="8c84fa94-04c1-424b-9868-57a2d4851a1d" /><TestEntry testId="bb6df7f2-2609-0d08-9fa7-b4375a783744" executionId="e8dfb2d3-905a-427a-9ea3-f58d88f21c33" testListId="8c84fa94-04c1-424b-9868-57a2d4851a1d" /><TestEntry testId="cdbc9f6b-10a4-b4cf-53c3-e5df8fa15619" executionId="54e22de1-14e8-4e0a-8474-59582f9d910a" testListId="8c84fa94-04c1-424b-9868-57a2d4851a1d" /><TestEntry testId="2e5bf2f2-a24d-13fa-fcfd-9e1edbb258b7" executionId="4d15d8ce-716e-43f4-91bd-c6f2fbcb1be5" testListId="8c84fa94-04c1-424b-9868-57a2d4851a1d" /><TestEntry testId="d519856f-ff14-bc5e-631a-ffea500ea838" executionId="59e12640-b7df-4a6f-991f-4d22674f4846" testListId="8c84fa94-04c1-424b-9868-57a2d4851a1d" /><TestEntry testId="56ed905e-90e6-59d6-9b65-0a69e7bbca28" executionId="f462c71e-b77c-4170-a885-1f823b44ca48" testListId="8c84fa94-04c1-424b-9868-57a2d4851a1d" /><TestEntry testId="7bea8077-6dd0-3dce-aad3-d2ce5b784192" executionId="859bc8a9-da56-4f4d-b247-cf7b4bfc0149" testListId="8c84fa94-04c1-424b-9868-57a2d4851a1d" /><TestEntry testId="a8187878-030c-90d9-f4f7-a5ecfc08480a" executionId="7715a781-f6c1-4ac7-9aa0-5a331981ed32" testListId="8c84fa94-04c1-424b-9868-57a2d4851a1d" /><TestEntry testId="a82f6b61-8cff-ad7b-4d8b-ac411bc29934" executionId="2cda663c-05ec-4c38-bdda-43abfe8aa2a8" testListId="8c84fa94-04c1-424b-9868-57a2d4851a1d" /><TestEntry testId="c159b2ff-e17c-2bd4-0aa0-c61374613841" executionId="f1c87b68-ebfa-46d8-bd0c-8ce2925ec957" testListId="8c84fa94-04c1-424b-9868-57a2d4851a1d" /><TestEntry testId="3a3c7b65-bb10-393f-d8e0-5f275e33e74c" executionId="a1b03008-fcf5-4338-89bf-33da28203d77" testListId="8c84fa94-04c1-424b-9868-57a2d4851a1d" /><TestEntry testId="a7fa2525-bfb6-6647-135c-8cc85e207011" executionId="874354db-e747-4e70-adcd-b7082ddd5c2b" testListId="8c84fa94-04c1-424b-9868-57a2d4851a1d" /><TestEntry testId="70ffdb12-0502-b14c-5820-58b779b02259" executionId="23d616d5-2079-494b-8aed-a6c2e8001d09" testListId="8c84fa94-04c1-424b-9868-57a2d4851a1d" /><TestEntry testId="a0c8c800-4174-6d5e-78d4-4a6f3edc53a0" executionId="56692808-4ec8-45b5-827d-189619c78a72" testListId="8c84fa94-04c1-424b-9868-57a2d4851a1d" /><TestEntry testId="ed970b25-87ab-eaa2-8a65-a39ed049d8eb" executionId="883c83d0-4010-4fb8-97a6-c4be0d6e8b40" testListId="8c84fa94-04c1-424b-9868-57a2d4851a1d" /><TestEntry testId="695c6917-314c-eabd-ac81-2fcddf5dca49" executionId="1953d2cd-9377-48b6-98a3-ee1ffb9cc699" testListId="8c84fa94-04c1-424b-9868-57a2d4851a1d" /><TestEntry testId="48888b9f-cce9-f9eb-7746-f346563064f7" executionId="09969624-7ed4-4af9-82bb-da1a802a4a00" testListId="8c84fa94-04c1-424b-9868-57a2d4851a1d" /><TestEntry testId="664bd9d3-0787-cfda-b4cc-7f16a8f16127" executionId="774556da-5c42-438a-9487-d813da7abf30" testListId="8c84fa94-04c1-424b-9868-57a2d4851a1d" /><TestEntry testId="0059b53f-30d6-a695-16d4-8db3fd33c884" executionId="035f4081-61e8-44ed-9f1e-2aa81768d45d" testListId="8c84fa94-04c1-424b-9868-57a2d4851a1d" /><TestEntry testId="ddfad501-f28c-0d64-ad90-dda40cc4ee2d" executionId="5c84af54-d226-4313-a216-2b1605f7f388" testListId="8c84fa94-04c1-424b-9868-57a2d4851a1d" /><TestEntry testId="90486f86-b5fa-28ea-2572-16b54b9b227b" executionId="61e234d0-ad18-422d-a8cb-0289a72deb27" testListId="8c84fa94-04c1-424b-9868-57a2d4851a1d" /><TestEntry testId="16efeffc-c424-506d-319b-d1fdb00d76c0" executionId="e365cf92-04d8-4f46-accc-168d2cf6e271" testListId="8c84fa94-04c1-424b-9868-57a2d4851a1d" /><TestEntry testId="58b5087f-ac47-eae0-ee48-70b71dce08e6" executionId="d2801258-67ec-470a-8f3b-bf3990f2e475" testListId="8c84fa94-04c1-424b-9868-57a2d4851a1d" /><TestEntry testId="53f78f97-4400-7953-92fe-3f186765ae4d" executionId="9d8bbafc-cb59-498e-8855-3944620d8153" testListId="8c84fa94-04c1-424b-9868-57a2d4851a1d" /><TestEntry testId="85219ed1-d63e-0c0d-6978-9fb9b39b656a" executionId="bf3aec2a-38f5-4105-a2d0-c4e0a1a6fafa" testListId="8c84fa94-04c1-424b-9868-57a2d4851a1d" /><TestEntry testId="b2886360-ede8-257d-1fb6-b9f7946e0aad" executionId="9d1a255f-ed0b-46f3-8c48-31cbd5fb3613" testListId="8c84fa94-04c1-424b-9868-57a2d4851a1d" /><TestEntry testId="d89f8ef5-5d5c-d258-8a12-4139747fa9b0" executionId="008541e9-0a63-4b52-84f0-561bf223c797" testListId="8c84fa94-04c1-424b-9868-57a2d4851a1d" /><TestEntry testId="54f9ee17-7919-5e83-d6b2-6f5c9a98bcb4" executionId="14bcf7b9-2eaf-4ece-afea-de8c28579b35" testListId="8c84fa94-04c1-424b-9868-57a2d4851a1d" /><TestEntry testId="a45a145d-7699-ce66-d96d-6d5aed411886" executionId="7e1ba45e-8880-45eb-9700-1915ea601239" testListId="8c84fa94-04c1-424b-9868-57a2d4851a1d" /><TestEntry testId="c6a7abae-c23d-25bf-3160-68f71ec91c74" executionId="a412bdfc-ec7f-4b72-bafe-471671e58839" testListId="8c84fa94-04c1-424b-9868-57a2d4851a1d" /><TestEntry testId="f0e06a50-7b9b-b9b3-be37-276991e7f6ca" executionId="aeff85db-7875-44f9-bfec-4b84265ceb78" testListId="8c84fa94-04c1-424b-9868-57a2d4851a1d" /><TestEntry testId="590d5dcb-96ac-8700-e750-32eed3a6e4b1" executionId="1fc5406b-319a-41b6-b087-f3e8d358c136" testListId="8c84fa94-04c1-424b-9868-57a2d4851a1d" /><TestEntry testId="8ff0e4b3-1e6f-d3c4-cdd7-7952bdb90f4e" executionId="a3f9dc32-f178-4d6c-b6d8-b16f5f906a42" testListId="8c84fa94-04c1-424b-9868-57a2d4851a1d" /><TestEntry testId="224d71a6-7fce-a908-b91c-9df922052c34" executionId="89643a28-b817-4fa3-96a3-889c2246c8e6" testListId="8c84fa94-04c1-424b-9868-57a2d4851a1d" /><TestEntry testId="54a27568-a05c-95fb-88ff-6c7180b27bed" executionId="8f8c52c5-48e1-4b74-a9ad-2ddb87310946" testListId="8c84fa94-04c1-424b-9868-57a2d4851a1d" /><TestEntry testId="98674790-4d7f-6527-cb22-a077b18170ed" executionId="724e0163-0ac2-4f5e-8e09-04364a05181a" testListId="8c84fa94-04c1-424b-9868-57a2d4851a1d" /><TestEntry testId="bc2ef306-7c67-f8f2-8c7d-75761efab691" executionId="fc89f16b-62f7-41f2-9538-2fb0257a683e" testListId="8c84fa94-04c1-424b-9868-57a2d4851a1d" /><TestEntry testId="173104ed-1525-63da-398b-d089ba4a70f3" executionId="cee920f9-ba0b-4eb2-82e9-bbd702ad58ea" testListId="8c84fa94-04c1-424b-9868-57a2d4851a1d" /><TestEntry testId="4937ea8c-8792-61b9-063b-992684785c5c" executionId="17f4ed6b-6749-4991-880c-61a7c414a883" testListId="8c84fa94-04c1-424b-9868-57a2d4851a1d" /><TestEntry testId="05caf416-f38c-793e-319d-299513ebd286" executionId="f2c3b98e-e64f-4388-bc24-11d2d0244c52" testListId="8c84fa94-04c1-424b-9868-57a2d4851a1d" /><TestEntry testId="22f5f20f-9964-43a6-da07-0e0ad36918da" executionId="8d1de533-81b8-416d-8600-9fc6bae769d9" testListId="8c84fa94-04c1-424b-9868-57a2d4851a1d" /><TestEntry testId="782a793b-b1f7-8311-4849-f026c39baecc" executionId="22c6e739-930b-4e20-bc16-93a3d573001d" testListId="8c84fa94-04c1-424b-9868-57a2d4851a1d" /><TestEntry testId="5e5dfb57-ef5f-c89b-0552-f6237e64f95d" executionId="a55f57d3-b5f0-4d7e-8a39-8007740c2412" testListId="8c84fa94-04c1-424b-9868-57a2d4851a1d" /><TestEntry testId="a88290f6-ae06-b1e0-ff37-87c09abde8f3" executionId="2d2c4f39-9ae9-465f-8721-317940094edb" testListId="8c84fa94-04c1-424b-9868-57a2d4851a1d" /><TestEntry testId="cf295fec-0d12-ac6f-b8c9-a971d1e21111" executionId="f17a7d6d-5f7d-4b5b-a00e-5f736a1900cb" testListId="8c84fa94-04c1-424b-9868-57a2d4851a1d" /><TestEntry testId="ffe20caf-5fa5-7ac5-8393-9f4104728b08" executionId="ddd61d36-0cde-4ff1-b7a8-d0e6b1c894f5" testListId="8c84fa94-04c1-424b-9868-57a2d4851a1d" /><TestEntry testId="950dffd6-bfbf-1bfd-bede-1c643e8605c6" executionId="77fde477-252f-4a94-83c2-d498fe209bb5" testListId="8c84fa94-04c1-424b-9868-57a2d4851a1d" /><TestEntry testId="dcf39d21-ef6e-abba-2bab-4bd79d9421e7" executionId="ef171f72-72e8-4590-ade8-0f37f2647417" testListId="8c84fa94-04c1-424b-9868-57a2d4851a1d" /><TestEntry testId="39074241-a060-1e78-b0a2-618c1b507d74" executionId="c44bb648-b235-494f-a340-42d75f13dd7f" testListId="8c84fa94-04c1-424b-9868-57a2d4851a1d" /><TestEntry testId="3135988c-e215-48b8-6bdd-e1c1a093b3a2" executionId="0e23788d-7914-413d-98a6-158ef4124437" testListId="8c84fa94-04c1-424b-9868-57a2d4851a1d" /><TestEntry testId="93bd387d-a8ae-8b03-8167-3653116c3650" executionId="76a08337-3c4e-4170-9f96-34a6223cd819" testListId="8c84fa94-04c1-424b-9868-57a2d4851a1d" /><TestEntry testId="58c5ef25-05d5-9e21-87dc-6bfa11919a84" executionId="e52c1a56-7e6d-47e6-9cec-0c162d6aede6" testListId="8c84fa94-04c1-424b-9868-57a2d4851a1d" /><TestEntry testId="28ba292b-de6c-2683-a2f3-36c3062d470c" executionId="70f5aba7-3890-419e-810f-1630ae4c3e92" testListId="8c84fa94-04c1-424b-9868-57a2d4851a1d" /><TestEntry testId="d8442099-3f7f-1df8-7237-829c2717a9f2" executionId="14e2be11-3c10-48a7-ba3c-f5b6e8dc8ca7" testListId="8c84fa94-04c1-424b-9868-57a2d4851a1d" /><TestEntry testId="5cabc07e-6d41-f470-52ed-7ed4ccaac0f1" executionId="4fd4e34f-9c81-43fd-b583-313735c37697" testListId="8c84fa94-04c1-424b-9868-57a2d4851a1d" /><TestEntry testId="31ec8538-45d4-150a-163e-e47b3ad5f3b2" executionId="d32602f0-37dc-450c-bb74-c50453e40235" testListId="8c84fa94-04c1-424b-9868-57a2d4851a1d" /><TestEntry testId="8bb4ecd4-296f-1f01-5a41-94b1c89e7a7b" executionId="b8fbad81-154e-4a54-a363-440cdf25fe46" testListId="8c84fa94-04c1-424b-9868-57a2d4851a1d" /><TestEntry testId="0ac001d6-67d8-c9ae-7b06-f59d45fd2b8a" executionId="09fea6fc-9098-431b-9d54-7f42bc10764d" testListId="8c84fa94-04c1-424b-9868-57a2d4851a1d" /><TestEntry testId="355b4405-53be-1c2f-2274-fa8035613868" executionId="233f81ae-53eb-4819-9b20-74e4d8bd6775" testListId="8c84fa94-04c1-424b-9868-57a2d4851a1d" /><TestEntry testId="f924865b-ef2b-9454-2439-e8328a51a92c" executionId="d41fd827-01b6-4a4c-9518-71e9635f81ee" testListId="8c84fa94-04c1-424b-9868-57a2d4851a1d" /><TestEntry testId="5e81fc4f-debb-9d0c-716f-e24d390c08ca" executionId="b9af994f-d44f-490d-a478-dc806d7bd857" testListId="8c84fa94-04c1-424b-9868-57a2d4851a1d" /><TestEntry testId="51d85aaf-7bcf-5949-a0c9-d3ffab46f33f" executionId="a5521a9c-db7c-4c53-b030-d16f9c1c996d" testListId="8c84fa94-04c1-424b-9868-57a2d4851a1d" /><TestEntry testId="0c7751a3-5316-6a1a-9cf5-86ab7ec23143" executionId="e11e0148-d6d2-4045-80c8-2668de088181" testListId="8c84fa94-04c1-424b-9868-57a2d4851a1d" /><TestEntry testId="e627541b-d8ad-59c8-34c9-2fe25012f049" executionId="86c4a9d0-aece-415c-b095-932075fc8393" testListId="8c84fa94-04c1-424b-9868-57a2d4851a1d" /><TestEntry testId="95daee38-c787-adfb-6284-39d6c00edfe9" executionId="2d976ad7-3ebd-4677-9e30-892414fb667c" testListId="8c84fa94-04c1-424b-9868-57a2d4851a1d" /><TestEntry testId="438eb814-4bd8-fcc0-e335-fbd4feba5ba9" executionId="bac7dabf-e0e1-45f6-ab61-83b0eda07c84" testListId="8c84fa94-04c1-424b-9868-57a2d4851a1d" /><TestEntry testId="9a69535b-14f3-3a85-5481-6be07ee9b3cb" executionId="563a4586-a269-464d-8d29-f548567e3b2c" testListId="8c84fa94-04c1-424b-9868-57a2d4851a1d" /><TestEntry testId="bf43449f-989f-ee4d-4cd9-8f733a4342dd" executionId="9133f915-3385-4b94-a3cb-7f73e5c2ec35" testListId="8c84fa94-04c1-424b-9868-57a2d4851a1d" /><TestEntry testId="3d6fafc9-3e91-f36c-3edc-574dfd67ac73" executionId="bd1e907b-04e2-438f-ac45-ce904d4ec170" testListId="8c84fa94-04c1-424b-9868-57a2d4851a1d" /><TestEntry testId="9be8e74a-6d6a-cd9b-cf79-91b3d82d7f27" executionId="439f2301-e49e-46eb-830f-da0f8e36e5e5" testListId="8c84fa94-04c1-424b-9868-57a2d4851a1d" /><TestEntry testId="4178ea70-13e5-cdcd-af9e-b1a5bf5d70b8" executionId="7b9f3793-57ee-4e51-9ff7-9cb988fa51c4" testListId="8c84fa94-04c1-424b-9868-57a2d4851a1d" /><TestEntry testId="5a21338e-ef69-7c69-5aa4-33773e4cd2bf" executionId="34122b3f-b95b-4996-85bd-95729b29c4fc" testListId="8c84fa94-04c1-424b-9868-57a2d4851a1d" /><TestEntry testId="8483bb7e-7be5-3a63-175a-9d35bcd15bcb" executionId="738c99b2-6fdf-42ac-b68b-1af22b5448e1" testListId="8c84fa94-04c1-424b-9868-57a2d4851a1d" /><TestEntry testId="84e888fc-8175-dd75-45ec-443533f5ea58" executionId="18c6ffcc-5743-4885-b4e4-0f66fb5be776" testListId="8c84fa94-04c1-424b-9868-57a2d4851a1d" /><TestEntry testId="0322d7c2-c834-8d2b-af2a-5d1b556221fc" executionId="05a0ce13-ef89-4a69-9866-814feb1d4537" testListId="8c84fa94-04c1-424b-9868-57a2d4851a1d" /><TestEntry testId="6f24177c-e4c0-2f45-a9c0-7ab57e98ffd7" executionId="78678186-43d0-4183-b759-2dad98da071e" testListId="8c84fa94-04c1-424b-9868-57a2d4851a1d" /><TestEntry testId="3e3d389a-590e-6cb8-055e-424fdcf1a891" executionId="06813a45-a6dd-4ab1-a936-9f18ba253288" testListId="8c84fa94-04c1-424b-9868-57a2d4851a1d" /><TestEntry testId="951790b3-2128-64f5-0402-fbc70ed81bd6" executionId="a776f75a-e5a5-4f10-94b8-9bc90da0d28f" testListId="8c84fa94-04c1-424b-9868-57a2d4851a1d" /><TestEntry testId="d4b4277f-f1d6-62c1-8e00-522321d5f848" executionId="b481f96a-3400-466f-a6d3-6727e36bf2be" testListId="8c84fa94-04c1-424b-9868-57a2d4851a1d" /><TestEntry testId="3a8ea150-505e-5115-074b-a538693b8485" executionId="fa677d64-4a37-4831-adfa-19ae59fa7059" testListId="8c84fa94-04c1-424b-9868-57a2d4851a1d" /><TestEntry testId="31471ed3-fd61-51be-8945-6d771c5e296d" executionId="a67054ca-f495-4245-b6cd-a733971c29d6" testListId="8c84fa94-04c1-424b-9868-57a2d4851a1d" /><TestEntry testId="b580010a-8dd8-77b5-5b3f-e8e6d529465c" executionId="544e88b6-d079-4f06-82ea-337685fe47ff" testListId="8c84fa94-04c1-424b-9868-57a2d4851a1d" /><TestEntry testId="356cf706-aeb8-c7f9-5704-b355a03f01ed" executionId="3ee260e9-3e4b-4cec-86d6-c53860ec20a7" testListId="8c84fa94-04c1-424b-9868-57a2d4851a1d" /><TestEntry testId="93088d88-9260-c576-4c59-95ce3b28c080" executionId="543ea7c7-d636-4251-abff-ae9e91acc77a" testListId="8c84fa94-04c1-424b-9868-57a2d4851a1d" /><TestEntry testId="74228298-b4ea-b4a1-c962-3c238f63613b" executionId="872be4ef-d603-4ee6-b295-7191daa4471b" testListId="8c84fa94-04c1-424b-9868-57a2d4851a1d" /><TestEntry testId="fb163046-f909-3234-7c71-a42bd0997fd3" executionId="1d53cd5b-8645-4701-aaa1-874884b3c09b" testListId="8c84fa94-04c1-424b-9868-57a2d4851a1d" /><TestEntry testId="cd6df822-8e0b-9de1-7f80-72642f96b3ea" executionId="ac32b46d-41fe-46d4-b8a0-9a189699b0c6" testListId="8c84fa94-04c1-424b-9868-57a2d4851a1d" /><TestEntry testId="5dd08fda-2325-51cc-39ba-b396b4b27068" executionId="554c666d-d9f7-402e-a26d-523e57ebeb0a" testListId="8c84fa94-04c1-424b-9868-57a2d4851a1d" /><TestEntry testId="58f22a4b-ce13-1d93-74f6-d2e015a58cf3" executionId="90009763-6f14-41a4-a4e1-fbcc5ee34cda" testListId="8c84fa94-04c1-424b-9868-57a2d4851a1d" /><TestEntry testId="7b71d061-d061-55fc-2d80-c0e3cca6efea" executionId="eecc033c-2356-4a78-baf1-b9f70772f788" testListId="8c84fa94-04c1-424b-9868-57a2d4851a1d" /><TestEntry testId="775d3775-367f-4f17-efeb-d3a99e2febc4" executionId="54406f84-31c1-4f39-b30a-4e25d2a9afca" testListId="8c84fa94-04c1-424b-9868-57a2d4851a1d" /><TestEntry testId="2c9315b9-1e9d-aefd-6df0-7a94fa3f5c98" executionId="cdf79dfc-4a0a-48f5-acd7-7d96827156d5" testListId="8c84fa94-04c1-424b-9868-57a2d4851a1d" /><TestEntry testId="81e3514c-85b5-13db-9900-b20627ac61fb" executionId="0e3c9244-88c3-41f9-aebb-03ad92cbdf0b" testListId="8c84fa94-04c1-424b-9868-57a2d4851a1d" /><TestEntry testId="02862b97-ac6f-cf1a-7391-ec9373bae700" executionId="3eb62347-ebb1-46bf-bb37-c18fa49c25f4" testListId="8c84fa94-04c1-424b-9868-57a2d4851a1d" /><TestEntry testId="586b3ab1-e899-c6c7-9e1f-c9b0e3e10ad9" executionId="99802d50-0f65-4ac1-8151-206c9e5248b2" testListId="8c84fa94-04c1-424b-9868-57a2d4851a1d" /><TestEntry testId="288dc689-7969-37cd-8c00-09b446b4ff29" executionId="fd9e8680-8a2b-4a35-91f9-b2ee0c4953c0" testListId="8c84fa94-04c1-424b-9868-57a2d4851a1d" /><TestEntry testId="826d7278-4cb0-54c3-bcb6-4b1c571021fc" executionId="d32f9c3d-eaca-48bb-893a-e3b3db4529bd" testListId="8c84fa94-04c1-424b-9868-57a2d4851a1d" /><TestEntry testId="6003dd3e-32eb-53bd-34cc-f0e21f7bdad9" executionId="0fb8adce-3d81-4c14-87c2-74ceecc6b756" testListId="8c84fa94-04c1-424b-9868-57a2d4851a1d" /><TestEntry testId="0b45ddb3-73d3-0bc5-c6fb-6e4ea4dfc3b0" executionId="99e285f0-ae58-465e-a2b7-d16a021e5e10" testListId="8c84fa94-04c1-424b-9868-57a2d4851a1d" /><TestEntry testId="6a8448e6-5704-52e1-5735-2b1d4a492962" executionId="9ab106f5-8b4b-47de-8a4c-a2db42ba2bf8" testListId="8c84fa94-04c1-424b-9868-57a2d4851a1d" /><TestEntry testId="686dcb5f-9d04-c5d4-d316-774e42a79da9" executionId="1ce35adf-2c24-46b4-9764-1693ac5cfba4" testListId="8c84fa94-04c1-424b-9868-57a2d4851a1d" /><TestEntry testId="7a29f417-e452-1bf6-0eb0-4f649898db60" executionId="43ac4014-77b4-4673-8de0-45f4f5b107f1" testListId="8c84fa94-04c1-424b-9868-57a2d4851a1d" /><TestEntry testId="47f4088f-8772-87fe-7e27-ccb0b9758e03" executionId="d8014db1-e1c9-4f45-9d30-b3edf6db7097" testListId="8c84fa94-04c1-424b-9868-57a2d4851a1d" /><TestEntry testId="d3748a50-004e-d4eb-5f2b-4d648526af96" executionId="89e94a1d-9948-4e3b-9a65-563e78c6a797" testListId="8c84fa94-04c1-424b-9868-57a2d4851a1d" /><TestEntry testId="c410c035-e297-f618-320e-039f505a1bec" executionId="74be6c8e-6e6e-4a0d-8778-427c9ea55d58" testListId="8c84fa94-04c1-424b-9868-57a2d4851a1d" /><TestEntry testId="df4deba8-f561-4995-dc63-877ec5eaf6f0" executionId="d9f2e5de-c873-4923-b823-50ae8f4f038b" testListId="8c84fa94-04c1-424b-9868-57a2d4851a1d" /><TestEntry testId="1a1e82cf-bea2-d00e-9612-30c27ca4ec12" executionId="f5e012ac-5f5d-487e-a2eb-700c9a65af48" testListId="8c84fa94-04c1-424b-9868-57a2d4851a1d" /><TestEntry testId="bc162db1-6610-9ca7-a55c-2c65a4e6d73e" executionId="465a397a-293c-453a-83c7-42b36b2348c7" testListId="8c84fa94-04c1-424b-9868-57a2d4851a1d" /><TestEntry testId="2b2e8cb0-60dd-bb6e-515b-b27c5203bc14" executionId="3a756408-4344-47d7-bd11-eaaf44e422a2" testListId="8c84fa94-04c1-424b-9868-57a2d4851a1d" /><TestEntry testId="f00e0780-b9fb-d28c-ef62-b0c65cc56daa" executionId="7a02549f-8647-49d6-ac69-ae184c5e5fed" testListId="8c84fa94-04c1-424b-9868-57a2d4851a1d" /><TestEntry testId="bde7e434-d8cd-aa0b-7050-881c7eb24f70" executionId="9487b609-0624-48f1-aae6-48d19287c37e" testListId="8c84fa94-04c1-424b-9868-57a2d4851a1d" /><TestEntry testId="85195b57-5178-ae13-45c5-5d59f8543b4d" executionId="ef0c381e-c266-4240-bae2-5154c2523886" testListId="8c84fa94-04c1-424b-9868-57a2d4851a1d" /><TestEntry testId="fda5d0e6-2110-a654-1032-3b4849532f07" executionId="6ba109dc-7319-414b-a1e8-feb2c0d0ccb2" testListId="8c84fa94-04c1-424b-9868-57a2d4851a1d" /><TestEntry testId="ad14716a-ebda-8e04-391d-2f2b6cd2111d" executionId="ead51689-2751-4f42-867b-ef29a8f65fb2" testListId="8c84fa94-04c1-424b-9868-57a2d4851a1d" /><TestEntry testId="ba9ac8c1-ba7e-b616-4b8a-583c326a9714" executionId="41952b82-5f34-408b-a577-ac8070e56fda" testListId="8c84fa94-04c1-424b-9868-57a2d4851a1d" /><TestEntry testId="17da1002-42cb-252e-c24f-1d34361586ab" executionId="85ca4be2-d5a6-44e4-9890-0371c8f280ed" testListId="8c84fa94-04c1-424b-9868-57a2d4851a1d" /><TestEntry testId="26917f5c-4dbb-01f0-513b-3b0627237040" executionId="7465e515-663d-4106-b1fc-246978b1ea18" testListId="8c84fa94-04c1-424b-9868-57a2d4851a1d" /><TestEntry testId="5656906d-3c79-c02a-1f42-b912e71d8e2b" executionId="08928893-b4cb-401c-8995-1b05e5c7a506" testListId="8c84fa94-04c1-424b-9868-57a2d4851a1d" /><TestEntry testId="53215491-2fbc-f32d-742c-fb23b6f68a5c" executionId="6c3e6bc4-0fd9-4d13-87f0-64e1cf2885e5" testListId="8c84fa94-04c1-424b-9868-57a2d4851a1d" /><TestEntry testId="735ee966-f517-408a-0362-619dc1c37889" executionId="f3ed0627-9cb2-4c56-8a1c-c64c9ad25e46" testListId="8c84fa94-04c1-424b-9868-57a2d4851a1d" /><TestEntry testId="c1dfcc8b-8967-78af-e937-2cacfb688bfb" executionId="cbe0d10f-56bb-4735-8bba-fe3c0585a6eb" testListId="8c84fa94-04c1-424b-9868-57a2d4851a1d" /><TestEntry testId="789b92f8-29e1-0e26-7cab-709c3e67ea37" executionId="7c3bd2e3-d15c-4734-ba4f-e0d6c6cd4369" testListId="8c84fa94-04c1-424b-9868-57a2d4851a1d" /><TestEntry testId="c0392f49-3dac-c20f-ed7e-be7e8eb76db7" executionId="6b62f1af-e8b9-4fdc-8a6a-ff61df8e60e6" testListId="8c84fa94-04c1-424b-9868-57a2d4851a1d" /><TestEntry testId="c513e0ce-508d-ee62-6ae7-5e839406e1dc" executionId="d19aa519-2499-4f45-a934-2016c85e5c3f" testListId="8c84fa94-04c1-424b-9868-57a2d4851a1d" /><TestEntry testId="75e9038a-69a2-15aa-1427-b38345b6c18b" executionId="b7f136cd-0fb2-493b-b75f-d84346043e02" testListId="8c84fa94-04c1-424b-9868-57a2d4851a1d" /><TestEntry testId="a51da197-335b-2dd4-a377-8efb5589189b" executionId="11265696-5ab9-401a-810b-9843c4d1e187" testListId="8c84fa94-04c1-424b-9868-57a2d4851a1d" /><TestEntry testId="83c9ec87-044c-6643-853e-9251e1115101" executionId="87950c4c-2369-40ab-9b7d-03e0b41c14e2" testListId="8c84fa94-04c1-424b-9868-57a2d4851a1d" /><TestEntry testId="777d462a-42fc-89f5-a6db-dea6f559e203" executionId="5f1b6740-9fd7-4fa8-a9f1-f3f9d6e731ed" testListId="8c84fa94-04c1-424b-9868-57a2d4851a1d" /><TestEntry testId="7b6cc3df-70c5-fa8a-1675-2bc4d2fbb85c" executionId="e99be052-927d-409c-94bc-a6118f8393d1" testListId="8c84fa94-04c1-424b-9868-57a2d4851a1d" /><TestEntry testId="a4b2dd1a-bd39-a45c-f1bf-6e34dbd5b014" executionId="b952dcaf-3a7e-465c-a568-d8f0b73ad047" testListId="8c84fa94-04c1-424b-9868-57a2d4851a1d" /><TestEntry testId="e233f50a-287b-7cd3-46cd-d90acc5c5948" executionId="e60cb007-dfcf-4f86-b7ac-9bbc110ff894" testListId="8c84fa94-04c1-424b-9868-57a2d4851a1d" /><TestEntry testId="5bfa5206-c9ef-c96b-6fc0-e37ef3342d42" executionId="0be7c973-c0bc-4605-947a-a26e7d85c44d" testListId="8c84fa94-04c1-424b-9868-57a2d4851a1d" /><TestEntry testId="7af3ffdc-150f-b3f0-6478-ef4fe258c2a1" executionId="ec98b186-de79-4726-8baf-1a3d30e26a5a" testListId="8c84fa94-04c1-424b-9868-57a2d4851a1d" /><TestEntry testId="8b61b251-f27c-7495-1d31-7c0fc14df3e9" executionId="8e41618e-d2a3-4831-9c7c-94edadecb9a9" testListId="8c84fa94-04c1-424b-9868-57a2d4851a1d" /><TestEntry testId="d0ad4af6-79bb-1721-f1da-a47548d6973b" executionId="06f47ac2-28f3-44a3-84cf-74515c8df583" testListId="8c84fa94-04c1-424b-9868-57a2d4851a1d" /><TestEntry testId="f1f9c4bf-8c61-8c61-c67b-80ebb45acd24" executionId="f0d65951-9b39-4eb2-ad2a-9e110301833d" testListId="8c84fa94-04c1-424b-9868-57a2d4851a1d" /><TestEntry testId="8f4e00f9-9032-4cc8-0f47-d0c0d81f2f0b" executionId="ea6039a0-7b2c-4e39-91c0-e7c00e21387c" testListId="8c84fa94-04c1-424b-9868-57a2d4851a1d" /><TestEntry testId="2dcc9ddc-f8db-3aa0-e784-0654f3501f2f" executionId="7b8a9e34-6209-459f-a8ba-1a78918d35a9" testListId="8c84fa94-04c1-424b-9868-57a2d4851a1d" /><TestEntry testId="40041e8f-427e-16e7-1ecc-d45c5c8936b8" executionId="7281aed9-3ad5-44c2-ae24-0b61d87861d1" testListId="8c84fa94-04c1-424b-9868-57a2d4851a1d" /><TestEntry testId="ec3bbb11-f064-0a59-7648-ad971c480a5a" executionId="8c627ff2-9fc8-4450-a87b-ad89499e7019" testListId="8c84fa94-04c1-424b-9868-57a2d4851a1d" /><TestEntry testId="32d87a90-6233-c240-45e3-c393c446a5f7" executionId="d193afeb-1c47-46bb-874d-e11e7841d459" testListId="8c84fa94-04c1-424b-9868-57a2d4851a1d" /><TestEntry testId="821dd070-bc16-6973-eec2-69fd7d047138" executionId="00f22bce-7ee0-4e6c-adaf-626f1df7a09a" testListId="8c84fa94-04c1-424b-9868-57a2d4851a1d" /><TestEntry testId="d74a049c-63c9-d519-1c40-b6bd2b5fb862" executionId="71c69815-d259-480a-b722-59390f41a712" testListId="8c84fa94-04c1-424b-9868-57a2d4851a1d" /><TestEntry testId="4e39685d-2190-acb6-58ba-af3488f82584" executionId="24945aa9-2b94-4601-bd70-e060bd97e6d8" testListId="8c84fa94-04c1-424b-9868-57a2d4851a1d" /><TestEntry testId="83515b1b-6938-3c86-5d21-7f2531b9a29d" executionId="a7b32ff6-7ec2-4286-921d-b67378f9b903" testListId="8c84fa94-04c1-424b-9868-57a2d4851a1d" /><TestEntry testId="dbf0b8e6-e75d-8ac3-ddf1-e7f2271df3cf" executionId="0b70a829-78ea-486f-9dc9-9f971f2b500b" testListId="8c84fa94-04c1-424b-9868-57a2d4851a1d" /><TestEntry testId="c6aaff9a-436a-41c8-c3b6-ee3f6da211f8" executionId="26dff32a-9fca-45aa-978f-624c1c4dbec3" testListId="8c84fa94-04c1-424b-9868-57a2d4851a1d" /><TestEntry testId="391e444f-fd02-23c1-74a7-47e3b36a68ea" executionId="e3d11262-f841-4ff8-80af-0370d8527627" testListId="8c84fa94-04c1-424b-9868-57a2d4851a1d" /><TestEntry testId="33054fa7-6891-c405-e1b1-3c7421470c93" executionId="34507e87-2b61-42e0-8ab2-1114aa52590c" testListId="8c84fa94-04c1-424b-9868-57a2d4851a1d" /><TestEntry testId="46fd239b-7e39-26ea-fe5c-b71a21d588cb" executionId="40623747-4c50-495b-a094-fa52a81472ae" testListId="8c84fa94-04c1-424b-9868-57a2d4851a1d" /><TestEntry testId="3a7d9c99-5713-5a6d-b061-30736ca96c58" executionId="99648534-1e08-4fb4-b318-1981524c2238" testListId="8c84fa94-04c1-424b-9868-57a2d4851a1d" /><TestEntry testId="c6a2d351-93f0-a69b-0f4a-7528b148e052" executionId="1aef97e0-6da5-48de-b1bc-6891ad069d7b" testListId="8c84fa94-04c1-424b-9868-57a2d4851a1d" /><TestEntry testId="cfc061a4-9c35-88a9-365c-02179bd9b3ab" executionId="f30aa4d3-175f-4a03-96ab-f512e22fd62f" testListId="8c84fa94-04c1-424b-9868-57a2d4851a1d" /><TestEntry testId="c58e5e16-457b-5f96-48f2-08ead36ece1c" executionId="70e2fc86-86c9-428a-a262-b7081ca58443" testListId="8c84fa94-04c1-424b-9868-57a2d4851a1d" /><TestEntry testId="d9453a7e-8369-236b-72ed-aef73e8f29d9" executionId="56e6cb3b-62e4-4ea3-b0ff-d217da144e3b" testListId="8c84fa94-04c1-424b-9868-57a2d4851a1d" /><TestEntry testId="03820718-689c-d997-7ec1-b7a63af3a1dd" executionId="718be67b-96e7-4f9b-b6be-ece596e14e65" testListId="8c84fa94-04c1-424b-9868-57a2d4851a1d" /><TestEntry testId="6b9f6eeb-5896-acc4-f3d6-c1cf54ea4a61" executionId="366176dd-3c9a-4e0b-9167-402b9d6977c3" testListId="8c84fa94-04c1-424b-9868-57a2d4851a1d" /><TestEntry testId="6e0304d9-5763-58cc-ffd1-33d20589faec" executionId="e77b6fb1-d522-41bd-af66-62811cb27d44" testListId="8c84fa94-04c1-424b-9868-57a2d4851a1d" /><TestEntry testId="370d9dc4-781f-78c5-d5fd-94d97f637ce4" executionId="9c5fafd8-08b4-4db8-9b9d-c3e24ce380aa" testListId="8c84fa94-04c1-424b-9868-57a2d4851a1d" /><TestEntry testId="14027791-9908-3bed-bb6b-0238ff4e9e86" executionId="78f64795-810b-409e-b770-ca8d9f836820" testListId="8c84fa94-04c1-424b-9868-57a2d4851a1d" /><TestEntry testId="d5a2e6f2-31a2-263f-f729-3c07e8dd7222" executionId="fd7d3e64-fcc0-48f8-8585-212ce0c15de4" testListId="8c84fa94-04c1-424b-9868-57a2d4851a1d" /><TestEntry testId="02c5641b-b822-4b65-8a2b-5d6c71cf0c30" executionId="89aaa1b1-8685-448b-a2c6-4cdeb3d21db6" testListId="8c84fa94-04c1-424b-9868-57a2d4851a1d" /><TestEntry testId="81377ebc-52e3-2329-5202-dec9097bc0cd" executionId="2e74f66b-9f29-4f71-902d-8ffdf7cb4c31" testListId="8c84fa94-04c1-424b-9868-57a2d4851a1d" /><TestEntry testId="a7d37ad7-eeeb-a741-c290-38acfe9555b0" executionId="f783630b-f26d-4efd-85bf-2aec90536a17" testListId="8c84fa94-04c1-424b-9868-57a2d4851a1d" /><TestEntry testId="11a00a87-8037-b21b-5f86-9fb495ab1368" executionId="e6c32b61-5bb9-4f68-b9f2-20547aad9181" testListId="8c84fa94-04c1-424b-9868-57a2d4851a1d" /><TestEntry testId="437f8754-bb21-d4e0-4c1e-006a3f5fe1ab" executionId="f9cea8d8-e67f-4956-a6bf-74cbc3bc2bf7" testListId="8c84fa94-04c1-424b-9868-57a2d4851a1d" /><TestEntry testId="ff338ce7-42a7-fe9a-9f97-897b55e1597d" executionId="66da7054-89a6-4875-bd6f-6bc4d321ad64" testListId="8c84fa94-04c1-424b-9868-57a2d4851a1d" /><TestEntry testId="4d06490f-20be-42a5-491a-6751afaa06fb" executionId="01b55e74-63b9-4ac9-b9e5-ae46addf1f17" testListId="8c84fa94-04c1-424b-9868-57a2d4851a1d" /><TestEntry testId="398a4db1-11cc-a3f2-2a69-aa12d9a811b9" executionId="b95d22ef-9533-4219-9e0d-6b7566a2b47f" testListId="8c84fa94-04c1-424b-9868-57a2d4851a1d" /><TestEntry testId="bbe497dc-f457-91ae-a966-dd0a7a7e4b1d" executionId="ada63c3b-485a-4f7a-b846-23f10ef39407" testListId="8c84fa94-04c1-424b-9868-57a2d4851a1d" /><TestEntry testId="a5592627-9848-4e83-a27a-ea7344804c17" executionId="69cd7384-8ecf-4fe2-bfad-94a41f9ab968" testListId="8c84fa94-04c1-424b-9868-57a2d4851a1d" /><TestEntry testId="953eb355-4ba6-687e-fc81-6201e7941e72" executionId="7f2c3f7f-0926-4479-80bf-22a59213cdc4" testListId="8c84fa94-04c1-424b-9868-57a2d4851a1d" /><TestEntry testId="577ea340-22b9-7b0e-ed83-90564901b2cc" executionId="780f3a85-6b3d-4b75-89f6-4d434d0f5246" testListId="8c84fa94-04c1-424b-9868-57a2d4851a1d" /><TestEntry testId="5cb47af0-b593-1606-1dd3-6f4a1b879ea8" executionId="31c177f5-0acc-4236-bd5a-0931ccbd202d" testListId="8c84fa94-04c1-424b-9868-57a2d4851a1d" /><TestEntry testId="3f6f2013-2c7b-d625-c85d-30a92ca9aa1f" executionId="3d050f59-5f4c-4732-b640-5093ad887aec" testListId="8c84fa94-04c1-424b-9868-57a2d4851a1d" /><TestEntry testId="40f1ba0d-0c6a-d4c5-37e8-7229fec4e798" executionId="03f9ecd1-7ef6-4eda-b082-4b158d19d205" testListId="8c84fa94-04c1-424b-9868-57a2d4851a1d" /><TestEntry testId="a0100a61-c6e0-5579-f62e-4221ef9057d2" executionId="d60d8a82-9337-4798-85aa-65cfab34254c" testListId="8c84fa94-04c1-424b-9868-57a2d4851a1d" /><TestEntry testId="f9dfb5e6-0a40-260f-424b-a5c9395c3feb" executionId="e18adc8c-abd8-42e8-9d6b-f35adf9ee5f6" testListId="8c84fa94-04c1-424b-9868-57a2d4851a1d" /><TestEntry testId="9b25a100-569d-2f97-7f7e-46389a6d25f2" executionId="78f4c1a7-f9a5-4949-a971-843bfa9cd726" testListId="8c84fa94-04c1-424b-9868-57a2d4851a1d" /><TestEntry testId="edb08a57-393d-a591-c3fb-99ebfc9eadc5" executionId="d0ac2328-dd53-4366-8003-25589613308c" testListId="8c84fa94-04c1-424b-9868-57a2d4851a1d" /><TestEntry testId="cd46d4d5-3032-5858-724c-2180053221c5" executionId="cb77fa7e-aaa7-46cf-8a50-dc2157611ddf" testListId="8c84fa94-04c1-424b-9868-57a2d4851a1d" /><TestEntry testId="ab12d939-c5ec-6b27-c261-60688f57def3" executionId="8fc1553c-8d69-45cc-a2c6-c411467663db" testListId="8c84fa94-04c1-424b-9868-57a2d4851a1d" /><TestEntry testId="e7356ed8-b040-5e40-ec3b-59f045e47af3" executionId="0420c1b3-7a71-4159-9d77-fb14f21ec46a" testListId="8c84fa94-04c1-424b-9868-57a2d4851a1d" /><TestEntry testId="eed122f0-f6ca-86fc-6641-63a4b3a48820" executionId="f1651296-801e-4e2f-bb14-079c3caefd61" testListId="8c84fa94-04c1-424b-9868-57a2d4851a1d" /><TestEntry testId="9fc0b3b4-5e55-fecf-5b9c-7547ae0c6da2" executionId="fb437a59-fab0-4883-abb7-85f68e4db1fa" testListId="8c84fa94-04c1-424b-9868-57a2d4851a1d" /><TestEntry testId="4de22a60-b4aa-7898-6831-43adbe6b8f0b" executionId="3fa8c605-44ea-4c67-bd3b-280ed0236f41" testListId="8c84fa94-04c1-424b-9868-57a2d4851a1d" /><TestEntry testId="47de100e-a51a-2507-e381-890005d72d6e" executionId="397002af-2d8e-431e-b1b7-b48def513c82" testListId="8c84fa94-04c1-424b-9868-57a2d4851a1d" /><TestEntry testId="1b0e41aa-ce46-b0b4-eeeb-45ac570a17be" executionId="0075e1f6-433f-425b-865c-9ec0379b7d7c" testListId="8c84fa94-04c1-424b-9868-57a2d4851a1d" /><TestEntry testId="1666b215-3d93-3ab9-cd00-9f94da0f9ece" executionId="f1577df5-7844-4653-bccd-1bcb0aaa9238" testListId="8c84fa94-04c1-424b-9868-57a2d4851a1d" /><TestEntry testId="fd00f8b5-11b7-8ed9-6708-45109f6b4cfe" executionId="4671eab2-7f1b-4c68-9d9a-08548ab4d290" testListId="8c84fa94-04c1-424b-9868-57a2d4851a1d" /><TestEntry testId="da2d626a-f94b-1e41-6efc-9fa52aae4ab0" executionId="e5a7961e-c304-46fd-b1be-8c20aefe1ab8" testListId="8c84fa94-04c1-424b-9868-57a2d4851a1d" /><TestEntry testId="073650c5-b856-b237-4243-5af7a177d54c" executionId="1d7f5f8b-343f-4494-9416-f025a43dae71" testListId="8c84fa94-04c1-424b-9868-57a2d4851a1d" /><TestEntry testId="1cf137a7-cb93-6370-6283-26f424ff0cb6" executionId="8d617824-018b-4d2d-aa58-e8e30bc51610" testListId="8c84fa94-04c1-424b-9868-57a2d4851a1d" /><TestEntry testId="538190cf-daf2-3ea5-0fa2-72c42fdc7991" executionId="ec2aa491-3353-4cb7-8019-d7b6940c7805" testListId="8c84fa94-04c1-424b-9868-57a2d4851a1d" /><TestEntry testId="378a3437-1b63-2400-f04d-af0e30b8bdec" executionId="3f35044e-6ff2-4ddb-87ad-3059db724d6d" testListId="8c84fa94-04c1-424b-9868-57a2d4851a1d" /><TestEntry testId="197a0da6-4afd-7083-3f16-cb221a18b021" executionId="8f97cc6f-c01a-4f23-9d00-d038010a2731" testListId="8c84fa94-04c1-424b-9868-57a2d4851a1d" /><TestEntry testId="5dd210c6-0671-7596-94eb-3521bb87df61" executionId="e3f9b4e0-0898-4fc7-8f2f-3eabbfdf4025" testListId="8c84fa94-04c1-424b-9868-57a2d4851a1d" /><TestEntry testId="1fe9392a-c0a2-93f2-b069-32ac027424c2" executionId="0d7b8880-e8c4-4225-85ca-1d01d25db68d" testListId="8c84fa94-04c1-424b-9868-57a2d4851a1d" /><TestEntry testId="40667dcb-b399-ddf3-d34f-53f0f8c0f51c" executionId="5904ba80-30ec-40e5-9f09-e3395ba9a13e" testListId="8c84fa94-04c1-424b-9868-57a2d4851a1d" /><TestEntry testId="544fe859-d250-d5b7-31ed-aa5b963c32ad" executionId="53820786-8636-4bbf-90f6-a96174be6fe1" testListId="8c84fa94-04c1-424b-9868-57a2d4851a1d" /><TestEntry testId="d1408302-4900-31e4-e8c7-1d9d488d2f12" executionId="b83465e5-b01c-4cad-a3c0-5283066abfd3" testListId="8c84fa94-04c1-424b-9868-57a2d4851a1d" /><TestEntry testId="4d1a5b5d-c9a5-0f4e-3b9a-287ba03da56a" executionId="735658e0-fa5b-43a4-9efb-383574199ef8" testListId="8c84fa94-04c1-424b-9868-57a2d4851a1d" /><TestEntry testId="7ed6028c-ca8a-6c13-c70c-428192fb3944" executionId="8571239a-2ec9-47a0-aa02-d5eba4051352" testListId="8c84fa94-04c1-424b-9868-57a2d4851a1d" /><TestEntry testId="d688343c-125c-f578-4f0f-ec4699fa005a" executionId="3912c2c8-de35-4090-a200-d48b76732717" testListId="8c84fa94-04c1-424b-9868-57a2d4851a1d" /><TestEntry testId="ca15af0e-7fe5-1bda-9bb3-03d2110ccebb" executionId="41e568f9-e443-416a-88a0-42636b07bd65" testListId="8c84fa94-04c1-424b-9868-57a2d4851a1d" /><TestEntry testId="979529e4-29c0-dad8-ae5d-9d8d4f8515fb" executionId="0ceb4456-0ec5-429e-9129-34ee16175879" testListId="8c84fa94-04c1-424b-9868-57a2d4851a1d" /><TestEntry testId="b2010dc8-d109-752b-d3ed-b48e386de2db" executionId="73c882e8-482d-4743-83ce-4406fd4eea4d" testListId="8c84fa94-04c1-424b-9868-57a2d4851a1d" /><TestEntry testId="3d03ae2f-ae5f-5013-efe6-d31d770a62e8" executionId="4e0e35d0-2f6e-4292-b51c-6cba5d1e2a36" testListId="8c84fa94-04c1-424b-9868-57a2d4851a1d" /><TestEntry testId="12699284-519e-2f9c-5a89-8d73275cc7a0" executionId="227fde2a-2d37-4c67-9469-76450e10dd2f" testListId="8c84fa94-04c1-424b-9868-57a2d4851a1d" /><TestEntry testId="2dd8db07-074f-4a31-9540-7e59715e572d" executionId="a71b4771-bea7-49dc-9e9a-7679b4a6369d" testListId="8c84fa94-04c1-424b-9868-57a2d4851a1d" /><TestEntry testId="b91410be-9a4e-f05c-ea7a-e8ec7d218060" executionId="7dc92d7f-6107-4685-8885-5e22f41e01f4" testListId="8c84fa94-04c1-424b-9868-57a2d4851a1d" /><TestEntry testId="0542965e-f8b5-89a1-9304-24a60f878d23" executionId="7b6b8b04-cd09-4285-b2ec-d8da27009ce7" testListId="8c84fa94-04c1-424b-9868-57a2d4851a1d" /><TestEntry testId="64e8a39d-570b-1c8a-c53e-857ada5d76aa" executionId="d8f4da7a-4a3d-4b23-b36c-ccd5c92a4f81" testListId="8c84fa94-04c1-424b-9868-57a2d4851a1d" /><TestEntry testId="93d338d1-12bd-369b-e65a-4b91e90960ab" executionId="afd98d9b-4ebb-455b-9a8d-1260779f8750" testListId="8c84fa94-04c1-424b-9868-57a2d4851a1d" /><TestEntry testId="74830765-7e88-6c15-29fc-a6c0b946797a" executionId="97d33273-eb82-4c5a-a060-a1e4424ee243" testListId="8c84fa94-04c1-424b-9868-57a2d4851a1d" /><TestEntry testId="7c801781-64ff-0e8e-6556-e30508c21976" executionId="063942c0-74c1-4a8f-ac2a-41f12c9ce19b" testListId="8c84fa94-04c1-424b-9868-57a2d4851a1d" /><TestEntry testId="d25c6fcd-eba3-3781-85ce-b36690577056" executionId="bf43abab-c45e-49fa-8432-1cc64e44d5ad" testListId="8c84fa94-04c1-424b-9868-57a2d4851a1d" /><TestEntry testId="ff2b2725-2fd9-9aea-24fc-e065b2138a48" executionId="891c7f9d-689f-477b-a041-1d593f770d3a" testListId="8c84fa94-04c1-424b-9868-57a2d4851a1d" /><TestEntry testId="3094a9be-8a8c-6ba7-9530-bc5f7f2e10b2" executionId="0e6b950e-6c20-4495-bd8a-4e15dcc3ddf7" testListId="8c84fa94-04c1-424b-9868-57a2d4851a1d" /><TestEntry testId="bbf1d940-b8d5-565a-a47b-038552482b01" executionId="03e56cca-c13b-4dc0-a5fb-66ac22c42ad1" testListId="8c84fa94-04c1-424b-9868-57a2d4851a1d" /><TestEntry testId="0e7cd64a-f711-4999-f779-ec15a880df52" executionId="fa08db21-90c2-4297-9c2a-f47cc65eb984" testListId="8c84fa94-04c1-424b-9868-57a2d4851a1d" /><TestEntry testId="5bc64de7-f8b3-1c60-d7ba-40a9f9e8e59b" executionId="f2f112fd-5da7-402e-afba-5a7cb003ddf8" testListId="8c84fa94-04c1-424b-9868-57a2d4851a1d" /><TestEntry testId="b38aa131-5847-3100-c4de-8a9f70cea53b" executionId="d8ce474a-11e3-4ba1-8c6b-27dabd598300" testListId="8c84fa94-04c1-424b-9868-57a2d4851a1d" /><TestEntry testId="3faaa1cf-47c2-2b35-7433-c74afaeb21b2" executionId="4a20d5c8-1161-49ec-bc79-fda20366296c" testListId="8c84fa94-04c1-424b-9868-57a2d4851a1d" /><TestEntry testId="97f974ca-e170-f7fa-6054-0e372a642d9a" executionId="b02706b3-6158-498c-895f-5ab01665851d" testListId="8c84fa94-04c1-424b-9868-57a2d4851a1d" /><TestEntry testId="d105d5f8-0eef-0d08-fa9e-e1b5b8ffda67" executionId="83328e0c-a62f-4723-9d64-0d067d4f9b52" testListId="8c84fa94-04c1-424b-9868-57a2d4851a1d" /><TestEntry testId="ad9bb7f3-f03b-c97c-a668-efbeee7e2a65" executionId="bde85bae-d960-46fb-89c5-64c2ec1238e4" testListId="8c84fa94-04c1-424b-9868-57a2d4851a1d" /><TestEntry testId="eb158662-e25e-4126-a4cd-d89266e0c95e" executionId="532987bc-b05a-4239-8b47-cd64728a939c" testListId="8c84fa94-04c1-424b-9868-57a2d4851a1d" /><TestEntry testId="2c8fc216-0986-62b8-7044-d951b62f9f8d" executionId="a93f74cc-2488-4f1d-af17-0ae60553ab1e" testListId="8c84fa94-04c1-424b-9868-57a2d4851a1d" /><TestEntry testId="bb4affef-6be8-2871-6c9d-232678a58eee" executionId="75c19722-9eef-4d07-b509-5487057c323d" testListId="8c84fa94-04c1-424b-9868-57a2d4851a1d" /><TestEntry testId="39e493b7-042f-6610-f23d-62d73399825c" executionId="db13abc3-5c39-4be8-be73-8bf546068205" testListId="8c84fa94-04c1-424b-9868-57a2d4851a1d" /><TestEntry testId="8274ee9f-11f0-1575-d674-403d2a7e21e5" executionId="e03fcff6-f0d3-40b3-90cc-471416ed4d69" testListId="8c84fa94-04c1-424b-9868-57a2d4851a1d" /><TestEntry testId="2ab3f8f8-07c2-9b39-4a30-d64dad045627" executionId="bfbbd1c6-191b-4ff6-a890-bdd76b77894a" testListId="8c84fa94-04c1-424b-9868-57a2d4851a1d" /><TestEntry testId="6a0bb04f-cc6d-ba94-c1df-4b33ce7eb229" executionId="16a2cd63-41a7-4cb2-8259-e26ec62d2641" testListId="8c84fa94-04c1-424b-9868-57a2d4851a1d" /><TestEntry testId="271a28bd-fa04-ef6d-399e-0dcebc75acce" executionId="033e0c58-cdcd-41b4-a1f6-c17e16a629c4" testListId="8c84fa94-04c1-424b-9868-57a2d4851a1d" /><TestEntry testId="8e9ab06c-2157-36d7-1c3f-be07b0051763" executionId="34c7c64f-89b5-4edd-a062-c357b73a7115" testListId="8c84fa94-04c1-424b-9868-57a2d4851a1d" /><TestEntry testId="32074f28-d140-dffd-2959-63191617f70c" executionId="12bc1c97-40a3-4627-9d93-447cca10d55f" testListId="8c84fa94-04c1-424b-9868-57a2d4851a1d" /><TestEntry testId="aad707e1-f7eb-567f-e96f-c14b796e7026" executionId="d493f443-4577-48fc-ae30-f30c4894137a" testListId="8c84fa94-04c1-424b-9868-57a2d4851a1d" /><TestEntry testId="d7bbea83-5c0b-2541-a1b4-cf92e66331c5" executionId="d84847bc-f4bd-45b8-aa33-1b3cbda1035e" testListId="8c84fa94-04c1-424b-9868-57a2d4851a1d" /><TestEntry testId="13dff2dd-ee10-c833-fc78-7c4a94180048" executionId="207ce7bb-1382-4be1-bf26-c6618978cc5f" testListId="8c84fa94-04c1-424b-9868-57a2d4851a1d" /><TestEntry testId="67bcd1b5-df74-8804-5132-c4bdec17a663" executionId="07eead77-cc35-40dd-b596-8bb4ebba75e2" testListId="8c84fa94-04c1-424b-9868-57a2d4851a1d" /><TestEntry testId="863255ac-50f8-a281-1e1b-db3af8ffe111" executionId="a5dc608a-1149-4bed-ab8b-18184f4ff42b" testListId="8c84fa94-04c1-424b-9868-57a2d4851a1d" /><TestEntry testId="681a652e-b485-06d2-b709-0685ba614324" executionId="f91633a7-a0b2-4c5c-a9fa-8e2a7d5a2d44" testListId="8c84fa94-04c1-424b-9868-57a2d4851a1d" /><TestEntry testId="3d211ba9-0cef-b5c7-bc67-c7b1f7d953de" executionId="26b203fe-b6f1-4706-a3d8-0c899203a412" testListId="8c84fa94-04c1-424b-9868-57a2d4851a1d" /><TestEntry testId="e2065263-c5f5-65d7-c40f-9df2d107c98b" executionId="244c4ff5-ef4b-446e-a140-a646d8b87157" testListId="8c84fa94-04c1-424b-9868-57a2d4851a1d" /><TestEntry testId="2b2643d2-dc21-a9b3-026a-a9322cd6a656" executionId="30e30978-5218-401a-a7bd-abe7f58560aa" testListId="8c84fa94-04c1-424b-9868-57a2d4851a1d" /><TestEntry testId="4a0dceab-7cad-8c9d-9e57-dd6bc5a41a37" executionId="8e99ea79-2e61-4082-a228-43cc0f088464" testListId="8c84fa94-04c1-424b-9868-57a2d4851a1d" /><TestEntry testId="efea8587-6cf2-e8f7-94df-37431fd5a0b1" executionId="656fe339-63d0-4964-92a1-43bdd1ac59f4" testListId="8c84fa94-04c1-424b-9868-57a2d4851a1d" /><TestEntry testId="01139ec1-f70b-0fda-1fed-afc156af566b" executionId="dfc00e7c-09c7-4eae-8a70-4a22864ea9dd" testListId="8c84fa94-04c1-424b-9868-57a2d4851a1d" /><TestEntry testId="c6f2bd5a-4caf-16b4-de55-2a539aa90c68" executionId="d59829ab-df43-4496-bf2c-09e67cab0bdf" testListId="8c84fa94-04c1-424b-9868-57a2d4851a1d" /><TestEntry testId="f1608dfe-1590-2e90-fcc5-33b759f0f1f1" executionId="0b8633fd-84b4-4732-869a-22def6cc2599" testListId="8c84fa94-04c1-424b-9868-57a2d4851a1d" /><TestEntry testId="79f647a6-48fe-da51-98ea-c21432a928bc" executionId="a97fbe3c-2de6-44d6-a725-67ff864ddfb1" testListId="8c84fa94-04c1-424b-9868-57a2d4851a1d" /><TestEntry testId="da396bc8-87c3-6ad9-695a-24683cd5bb32" executionId="84c8c9e0-8fb1-4eff-9198-d9b9ae666c1b" testListId="8c84fa94-04c1-424b-9868-57a2d4851a1d" /><TestEntry testId="0a960484-2ce0-3a9f-3847-b10da5a291d2" executionId="334eef5b-25c1-405e-90c4-3fd875380e40" testListId="8c84fa94-04c1-424b-9868-57a2d4851a1d" /><TestEntry testId="46e2c73e-343b-6279-616c-2c0710c65f1d" executionId="e4825f56-25fc-4af9-a6bb-8331ac227844" testListId="8c84fa94-04c1-424b-9868-57a2d4851a1d" /><TestEntry testId="41d95f39-4468-5f0c-13a4-9818c9660709" executionId="61656715-530d-4ea4-aec7-9806f24966b5" testListId="8c84fa94-04c1-424b-9868-57a2d4851a1d" /><TestEntry testId="0b678d72-266a-7840-286b-80826bef36d7" executionId="38e630e6-35d6-438f-b3c2-379fe397ac9e" testListId="8c84fa94-04c1-424b-9868-57a2d4851a1d" /><TestEntry testId="fef08f92-9e40-7e1f-12a6-8ea2e05f714c" executionId="7348de99-3337-4993-aace-7a1aa6af290f" testListId="8c84fa94-04c1-424b-9868-57a2d4851a1d" /><TestEntry testId="9d78fec4-68a0-c948-4b15-eeda8fce14f1" executionId="9aec77fd-73fc-44da-ba0e-ceec9b95b160" testListId="8c84fa94-04c1-424b-9868-57a2d4851a1d" /><TestEntry testId="6d8feea5-4c6f-ad58-8736-af332743959b" executionId="cd8d33a8-fcca-4a19-b01b-88ad9232e311" testListId="8c84fa94-04c1-424b-9868-57a2d4851a1d" /><TestEntry testId="56e52f61-7433-bd92-b4da-a2f89c813749" executionId="6d7ac49a-70e5-461c-ac42-774c68afc02a" testListId="8c84fa94-04c1-424b-9868-57a2d4851a1d" /><TestEntry testId="0ee38d39-4e38-ee9a-7e1b-4a2b70e13004" executionId="edd1a025-00e1-4466-81b9-56db5023d3bd" testListId="8c84fa94-04c1-424b-9868-57a2d4851a1d" /><TestEntry testId="26cff81f-9334-f52a-af7e-e183167ef250" executionId="722b041f-3796-4d26-8f36-4e87044561d6" testListId="8c84fa94-04c1-424b-9868-57a2d4851a1d" /><TestEntry testId="87249773-d8a9-9f33-b107-e50912800565" executionId="e7883b86-0b53-4517-9c87-3786211c5a6a" testListId="8c84fa94-04c1-424b-9868-57a2d4851a1d" /><TestEntry testId="08f54eed-a22d-d0e2-f612-beca14392363" executionId="f8dbfa4b-9099-47e8-8535-794ebcd95511" testListId="8c84fa94-04c1-424b-9868-57a2d4851a1d" /><TestEntry testId="a109f2f8-40ec-3691-1f7f-3076cfaa38cc" executionId="85036ef0-ffe7-4dbd-9ebc-0838febed57e" testListId="8c84fa94-04c1-424b-9868-57a2d4851a1d" /><TestEntry testId="7fc452bf-90fb-e144-2077-1e2606c1e3cb" executionId="08103a5e-44d3-40dd-aacd-d818a2d8d7a9" testListId="8c84fa94-04c1-424b-9868-57a2d4851a1d" /><TestEntry testId="3421ef35-f27d-e14d-e2ad-d2f8e077ccbe" executionId="8d892e53-6c49-49d0-aaeb-d8527d152894" testListId="8c84fa94-04c1-424b-9868-57a2d4851a1d" /><TestEntry testId="ece59348-b52e-9bfb-4ef9-de3cf9f88af3" executionId="ee3c3e73-4530-462c-bc82-2d72601db3c4" testListId="8c84fa94-04c1-424b-9868-57a2d4851a1d" /><TestEntry testId="ae7e37bf-ecae-1ec6-665a-24b05200ac9a" executionId="3b2fac57-f1e4-492f-be9b-ec7221bbc8db" testListId="8c84fa94-04c1-424b-9868-57a2d4851a1d" /><TestEntry testId="5ede928c-ab3a-8c07-6a2e-5d5c2da8de7c" executionId="3d0fa99c-54df-42da-a889-142c428b11f8" testListId="8c84fa94-04c1-424b-9868-57a2d4851a1d" /><TestEntry testId="66c1583c-ac4e-24bf-9f40-4345963343e8" executionId="a4d56f65-16bb-433f-80e1-4d9ceb15f6f5" testListId="8c84fa94-04c1-424b-9868-57a2d4851a1d" /><TestEntry testId="2ac18e69-d8b7-042b-e3e0-0d4a01bb7aa3" executionId="e7f3e43b-3a66-4c36-bc8a-b7ea4d91dcfc" testListId="8c84fa94-04c1-424b-9868-57a2d4851a1d" /><TestEntry testId="a4b0ad43-8b91-87a1-7e6d-c48f1aa48edf" executionId="f395c167-b73f-4d70-9c19-9f4a449bffd3" testListId="8c84fa94-04c1-424b-9868-57a2d4851a1d" /><TestEntry testId="c96a8d75-cc27-b1c2-f139-e4ea63e0f438" executionId="e3326cba-4239-4352-8cea-ab7edbcac05a" testListId="8c84fa94-04c1-424b-9868-57a2d4851a1d" /><TestEntry testId="56be28b7-1474-13ee-6211-67288fad208d" executionId="8eb8ab5d-a147-4173-8da4-19f27c3afdf6" testListId="8c84fa94-04c1-424b-9868-57a2d4851a1d" /><TestEntry testId="d6a7d072-aa92-4364-156a-b64d92eb74ad" executionId="665c5c0a-d047-47af-9261-b1b5133e6feb" testListId="8c84fa94-04c1-424b-9868-57a2d4851a1d" /><TestEntry testId="31dd7e78-aca1-93ca-3efa-c60eed75bd5a" executionId="d819d840-ef41-4adf-9b31-f129a8ef13f5" testListId="8c84fa94-04c1-424b-9868-57a2d4851a1d" /><TestEntry testId="a24c6e8a-3d1a-a4d6-a2ec-336a3ac8ccb7" executionId="b657871f-f6b0-4b53-ae7b-cd99287c5497" testListId="8c84fa94-04c1-424b-9868-57a2d4851a1d" /><TestEntry testId="24a33573-fe54-607a-dc3b-06bc87d27953" executionId="aafc4db4-82bb-4ad1-9fe6-d5422f5f01fc" testListId="8c84fa94-04c1-424b-9868-57a2d4851a1d" /><TestEntry testId="08a04e95-a004-1f46-d666-31e439127336" executionId="db189626-fe64-4f4d-a623-ea97f389062f" testListId="8c84fa94-04c1-424b-9868-57a2d4851a1d" /><TestEntry testId="0b6be0fe-868c-929c-7444-7756700534f1" executionId="310cd001-17ce-4853-886c-619174b1a857" testListId="8c84fa94-04c1-424b-9868-57a2d4851a1d" /><TestEntry testId="ef7b24bb-eee0-98bc-451c-831fb9118809" executionId="e9bf65c6-a465-496a-80d1-bdc9cd49e379" testListId="8c84fa94-04c1-424b-9868-57a2d4851a1d" /><TestEntry testId="82a809ce-b2c2-f6eb-b8d3-258a6a6b4aed" executionId="f19cb9f4-3280-42f8-8a9c-00f35ceb1bf0" testListId="8c84fa94-04c1-424b-9868-57a2d4851a1d" /><TestEntry testId="76f45915-9077-1f52-b000-dbf77c58e734" executionId="910e770a-c956-4623-aa77-9b1c9b9753bb" testListId="8c84fa94-04c1-424b-9868-57a2d4851a1d" /><TestEntry testId="79017ed9-5c5f-97c4-59a8-870cc59a5764" executionId="e748299c-931c-44ff-927a-0d9d78651e16" testListId="8c84fa94-04c1-424b-9868-57a2d4851a1d" /><TestEntry testId="0e885dac-9578-5bd0-484d-4d6a6055fb2b" executionId="c56b044c-7b78-4df4-8af0-7b4f9c9e4e81" testListId="8c84fa94-04c1-424b-9868-57a2d4851a1d" /><TestEntry testId="e162e254-e08f-96c9-0260-744d48a6ea44" executionId="79ac3fcb-8962-4a44-8985-d78fa2461373" testListId="8c84fa94-04c1-424b-9868-57a2d4851a1d" /><TestEntry testId="79fe595b-445a-37de-58b7-4e113f0b9359" executionId="59acba37-3b55-4d18-af6b-43e12b40524a" testListId="8c84fa94-04c1-424b-9868-57a2d4851a1d" /><TestEntry testId="abcb30cc-95d7-b1f8-2bbe-4ef4c1e04b40" executionId="493bc884-fee2-45a2-97aa-c8663c39f899" testListId="8c84fa94-04c1-424b-9868-57a2d4851a1d" /><TestEntry testId="21f000f9-42d0-5691-1c98-dae038f140fd" executionId="abd2f5df-5345-475e-975c-49fc0c313d59" testListId="8c84fa94-04c1-424b-9868-57a2d4851a1d" /><TestEntry testId="7cf56fed-d181-006b-4346-7cc795849e1f" executionId="3556d1a5-f8dc-4dcc-b35b-691c5b268871" testListId="8c84fa94-04c1-424b-9868-57a2d4851a1d" /><TestEntry testId="e1fe0ae9-6b90-864e-a3c3-daaa0438086a" executionId="79c5ef19-6a70-49fb-89f3-5fd07bdecf2a" testListId="8c84fa94-04c1-424b-9868-57a2d4851a1d" /><TestEntry testId="4db46c26-4b82-5227-aeb4-416d57c5c184" executionId="1def8a90-48b8-4239-93ca-b6b58e9dd4cd" testListId="8c84fa94-04c1-424b-9868-57a2d4851a1d" /><TestEntry testId="9f41a5bb-7212-69cd-eddd-1b89c2f2ba5f" executionId="f832671d-2b30-4877-9746-a81baae157f0" testListId="8c84fa94-04c1-424b-9868-57a2d4851a1d" /><TestEntry testId="54bb9c1b-a061-2ad8-2177-e63e0c7f7d29" executionId="e58fb068-0d92-4672-8c51-9cbe27864b55" testListId="8c84fa94-04c1-424b-9868-57a2d4851a1d" /><TestEntry testId="9a49eee6-ab05-1851-84fc-c6529e7cef37" executionId="c16c63f6-9a83-43ea-887f-d008f3480d6d" testListId="8c84fa94-04c1-424b-9868-57a2d4851a1d" /><TestEntry testId="62a00e42-8d0c-48d7-7ace-0b680a366ccb" executionId="bb0a498c-64d2-425d-a666-a6b6c8dc9942" testListId="8c84fa94-04c1-424b-9868-57a2d4851a1d" /><TestEntry testId="2134bd1a-d167-910e-b4f6-b2359e5b2e87" executionId="45ada9f7-55de-4d21-8fa6-47b153c465ab" testListId="8c84fa94-04c1-424b-9868-57a2d4851a1d" /><TestEntry testId="51bccd34-5a4d-6fb6-eec9-72a789146c36" executionId="b8d393ff-72b7-4e33-b398-e9198c9fb553" testListId="8c84fa94-04c1-424b-9868-57a2d4851a1d" /><TestEntry testId="ca27af7c-4afa-36c3-3eba-278e06ab4e11" executionId="bad65df2-4e6c-4341-94af-e9c5aa5c97ae" testListId="8c84fa94-04c1-424b-9868-57a2d4851a1d" /><TestEntry testId="ee3c89a1-6fc1-a51c-02fc-bb893d2e6303" executionId="2f9a68a4-2548-46a5-968b-0254239476a4" testListId="8c84fa94-04c1-424b-9868-57a2d4851a1d" /><TestEntry testId="79b84690-4380-b93b-b120-3eb4ed5dad67" executionId="158f8579-30fe-44ed-ab6c-2c4212e78604" testListId="8c84fa94-04c1-424b-9868-57a2d4851a1d" /><TestEntry testId="a4897e79-f7fb-23a9-2108-bd89298f0c4f" executionId="ade94bb0-e85a-4ede-adfa-d2a67eeafbd2" testListId="8c84fa94-04c1-424b-9868-57a2d4851a1d" /><TestEntry testId="3a4ac153-a75f-1eb3-0e46-0164940794d8" executionId="f77f6f44-4ad5-4f16-9990-80a1fbed54b4" testListId="8c84fa94-04c1-424b-9868-57a2d4851a1d" /><TestEntry testId="f67c9436-7754-4978-805a-d1b7dc7b13aa" executionId="9fd9ebb3-14b5-4394-9144-b73e086cfb18" testListId="8c84fa94-04c1-424b-9868-57a2d4851a1d" /><TestEntry testId="0f204df7-8fb0-669f-d3e0-81b63a7eba62" executionId="ebc56b15-66d4-4290-a326-960a99affd1b" testListId="8c84fa94-04c1-424b-9868-57a2d4851a1d" /><TestEntry testId="f7f637ec-d30e-c6aa-de64-b64ad5353894" executionId="6009a348-0dd6-4087-be07-2573d0b958a1" testListId="8c84fa94-04c1-424b-9868-57a2d4851a1d" /><TestEntry testId="686ffbc4-796b-e2ee-686e-aebd489472b2" executionId="eaea4d22-91f2-4570-b4c8-cb80d3f74206" testListId="8c84fa94-04c1-424b-9868-57a2d4851a1d" /><TestEntry testId="d7ee3527-89ea-ae4f-4f74-6f4eebed50de" executionId="8dd82d19-ff84-44ae-807a-0a49b8c99ab6" testListId="8c84fa94-04c1-424b-9868-57a2d4851a1d" /><TestEntry testId="fa7e3aac-3f7c-daa3-01ce-9da53976fa73" executionId="e923714f-e2e5-40a1-a41f-b5b8cb5f311d" testListId="8c84fa94-04c1-424b-9868-57a2d4851a1d" /><TestEntry testId="07e0457b-6cab-183b-cdee-c1a2d6ab80c1" executionId="506a6410-0bca-4bbe-9341-bd8d68c48c0f" testListId="8c84fa94-04c1-424b-9868-57a2d4851a1d" /><TestEntry testId="0931ba4b-958b-e648-d1e4-b0897a4684d0" executionId="349502cb-68ed-4640-9efd-7f6576e0974e" testListId="8c84fa94-04c1-424b-9868-57a2d4851a1d" /><TestEntry testId="874fe944-6a18-3cdc-a573-8213e262b6f9" executionId="7d8db666-05da-4c81-8d21-093fa16ad6b5" testListId="8c84fa94-04c1-424b-9868-57a2d4851a1d" /><TestEntry testId="e9640ea3-1ece-ae4e-269f-e51e796cf5cc" executionId="a6d3801b-df56-4f14-9949-35916d52d4fd" testListId="8c84fa94-04c1-424b-9868-57a2d4851a1d" /><TestEntry testId="779700a0-68c7-142e-0d38-ca65f9f94903" executionId="cc2620cf-368a-4416-a3b1-3ba2ade5ff78" testListId="8c84fa94-04c1-424b-9868-57a2d4851a1d" /><TestEntry testId="6e09fa6c-f5bc-f6f4-1df6-5bd3fcedcd37" executionId="d62f818d-46d8-4e7f-9303-43576efa5d59" testListId="8c84fa94-04c1-424b-9868-57a2d4851a1d" /><TestEntry testId="65f36861-3559-df73-e8b0-28ebf6d7b273" executionId="7e8cfe3d-9fc0-4e1c-bf7a-ad3c80846911" testListId="8c84fa94-04c1-424b-9868-57a2d4851a1d" /><TestEntry testId="f9780b4d-685d-3695-d6eb-be311ff6f2f1" executionId="73b40676-e728-47bf-a8d3-68e0f1a86735" testListId="8c84fa94-04c1-424b-9868-57a2d4851a1d" /><TestEntry testId="70c2aa57-9263-ea48-80d1-d6b47140f5b8" executionId="7f240fec-7323-4329-87d0-3f8f95e12e5f" testListId="8c84fa94-04c1-424b-9868-57a2d4851a1d" /><TestEntry testId="05971ddc-1242-1402-a2bd-b9e54e6113cc" executionId="274339df-5187-4865-b48f-2e8bea224f0b" testListId="8c84fa94-04c1-424b-9868-57a2d4851a1d" /><TestEntry testId="d57f1107-7dd6-3d33-bb4f-8e55382d3b11" executionId="e170a366-414e-4629-a1f3-b6b21bc9121f" testListId="8c84fa94-04c1-424b-9868-57a2d4851a1d" /><TestEntry testId="f7aa60fc-26b0-7348-1766-96c8c2000f8e" executionId="6462c193-7ccc-4fbc-8214-8d1a50173c18" testListId="8c84fa94-04c1-424b-9868-57a2d4851a1d" /><TestEntry testId="353e594c-86fe-46a4-a9c8-0caf6d349b43" executionId="47c14fca-99ea-4d2b-a636-af49e61f97ad" testListId="8c84fa94-04c1-424b-9868-57a2d4851a1d" /><TestEntry testId="4f556257-5ada-6a5f-8818-a680c9aa856b" executionId="d33bb72c-7869-4e3d-8fe7-ffc461c8695e" testListId="8c84fa94-04c1-424b-9868-57a2d4851a1d" /><TestEntry testId="bdf95130-60fb-ebf2-2f71-1078af040bfb" executionId="66e59e83-150a-46d5-aa4e-47fee810b9d6" testListId="8c84fa94-04c1-424b-9868-57a2d4851a1d" /><TestEntry testId="adce659f-64ab-e26c-2955-ddace29f5bbe" executionId="004c037b-ecbc-4fbb-877d-74e3cdb45506" testListId="8c84fa94-04c1-424b-9868-57a2d4851a1d" /><TestEntry testId="a92ad924-89bc-8aa4-f420-13a7cbd1977a" executionId="5c1f1724-ad06-48bb-9245-e3d157fc3f06" testListId="8c84fa94-04c1-424b-9868-57a2d4851a1d" /><TestEntry testId="7fac979d-9a25-5e41-3ff9-b7c181d66ef8" executionId="9b1266ec-184f-4052-8081-3b9f08cb6b6d" testListId="8c84fa94-04c1-424b-9868-57a2d4851a1d" /><TestEntry testId="282765d6-19b2-5603-18eb-fe4892f9acc8" executionId="6d084a06-2223-400b-9ec6-2352ee20ed6b" testListId="8c84fa94-04c1-424b-9868-57a2d4851a1d" /><TestEntry testId="3decced0-df7b-e0a6-190d-98c93695ca76" executionId="cc13c890-758e-453d-8a77-bcf8e436cda2" testListId="8c84fa94-04c1-424b-9868-57a2d4851a1d" /><TestEntry testId="60058142-6ec6-335c-b331-a299095f9b14" executionId="f7d04507-3424-4342-bc00-5f6224de7a78" testListId="8c84fa94-04c1-424b-9868-57a2d4851a1d" /><TestEntry testId="1e579474-7be7-7a15-32d9-7d7282b8a0bc" executionId="fccfc06d-90e0-432f-b963-d01d7be9184b" testListId="8c84fa94-04c1-424b-9868-57a2d4851a1d" /><TestEntry testId="bc76358e-f3a4-cc14-fae9-235bbe605577" executionId="8e29f33f-b4fe-43ad-a1c3-b68a944cb126" testListId="8c84fa94-04c1-424b-9868-57a2d4851a1d" /><TestEntry testId="f7e4a25a-f38c-ed72-4b35-fb89f32257eb" executionId="5602fdf4-4526-48b2-b84d-f11cb34b4882" testListId="8c84fa94-04c1-424b-9868-57a2d4851a1d" /><TestEntry testId="33a5b157-e006-3166-33c0-e68dad5bd860" executionId="dca44a30-65ac-4bef-800c-3f0d00714e32" testListId="8c84fa94-04c1-424b-9868-57a2d4851a1d" /><TestEntry testId="f137d0b7-6939-25ec-7e39-3cdc461e1b4c" executionId="d366d3de-338d-4242-9735-66c48d11c632" testListId="8c84fa94-04c1-424b-9868-57a2d4851a1d" /><TestEntry testId="1b5fd30d-edb5-9d57-f34d-4cf65b1b9a89" executionId="f341f22f-6b01-42c9-b5c1-1225f9dd8b82" testListId="8c84fa94-04c1-424b-9868-57a2d4851a1d" /><TestEntry testId="0aec1cda-9332-b9e8-577c-1e08efb97b41" executionId="2c3334f8-ad39-4026-877e-e488a9050cc7" testListId="8c84fa94-04c1-424b-9868-57a2d4851a1d" /><TestEntry testId="0aea2cfd-c3f1-08f2-2806-f7e343ea307a" executionId="50ece136-e978-436b-97e9-e9336a68e503" testListId="8c84fa94-04c1-424b-9868-57a2d4851a1d" /><TestEntry testId="032a3cf3-18b4-8bee-094c-6e41846f2f87" executionId="1898da64-3400-477e-9982-efe984cef8b2" testListId="8c84fa94-04c1-424b-9868-57a2d4851a1d" /><TestEntry testId="96ae6fa3-a451-4655-f73c-8199bc7b748e" executionId="906f557a-849c-4ab0-80ab-9c760476e8c7" testListId="8c84fa94-04c1-424b-9868-57a2d4851a1d" /><TestEntry testId="dd5efb91-8d61-00d3-df0f-01b70471512d" executionId="c1efa382-1c07-45f9-b70c-e67818f76f2e" testListId="8c84fa94-04c1-424b-9868-57a2d4851a1d" /><TestEntry testId="5c500fc7-2334-5042-1d5b-e6c88f2b3dde" executionId="c3115ba4-3afd-49cf-b7ad-b890b58a3dd9" testListId="8c84fa94-04c1-424b-9868-57a2d4851a1d" /><TestEntry testId="349a7a4d-d077-897d-83c4-8d0ecee17729" executionId="8fb03594-1d33-4740-b924-646ff328a438" testListId="8c84fa94-04c1-424b-9868-57a2d4851a1d" /><TestEntry testId="baa11743-f8ab-a426-27c7-5df23b3e8616" executionId="000a0170-f9eb-4fe5-a2aa-ab75358a7379" testListId="8c84fa94-04c1-424b-9868-57a2d4851a1d" /><TestEntry testId="e51ab198-0c34-c23f-e8b3-141c5fd619c3" executionId="bdfc7adc-a419-4ef4-9e6f-b7fb896bde82" testListId="8c84fa94-04c1-424b-9868-57a2d4851a1d" /><TestEntry testId="314c33da-a9ed-0d5f-d201-c4755f87c319" executionId="08944e97-e746-4d76-9f49-5e2f150fae02" testListId="8c84fa94-04c1-424b-9868-57a2d4851a1d" /><TestEntry testId="80527f63-109d-f305-c5a3-71a62ed33a8f" executionId="12970df4-946b-4d0d-8a9d-54c193f5bc50" testListId="8c84fa94-04c1-424b-9868-57a2d4851a1d" /><TestEntry testId="ca619bc8-1b6e-3dd1-ea9a-54963ade60c8" executionId="a83fa4b6-9ced-43ff-94dd-55e502b0410f" testListId="8c84fa94-04c1-424b-9868-57a2d4851a1d" /><TestEntry testId="802ba66f-5880-6c11-44d3-684f93c1d2bd" executionId="df0a5adc-3dd1-47b6-b4c3-d8404a021872" testListId="8c84fa94-04c1-424b-9868-57a2d4851a1d" /><TestEntry testId="97be146c-64b5-7c92-7785-fb09f8099c3d" executionId="d8de7767-9dcb-483b-ae0a-3b69d1940dfa" testListId="8c84fa94-04c1-424b-9868-57a2d4851a1d" /><TestEntry testId="6bd7cea9-19c3-ed28-28d9-d2e86b550003" executionId="dedad18c-ec44-4f77-8f32-69e309f06e15" testListId="8c84fa94-04c1-424b-9868-57a2d4851a1d" /><TestEntry testId="c896acc5-0b1b-5ef1-2b33-a42adaf3c693" executionId="d1d8986f-1d64-46f5-aa6b-84a5e573f798" testListId="8c84fa94-04c1-424b-9868-57a2d4851a1d" /><TestEntry testId="0a9be33a-47f2-1d25-3924-393c311c73c3" executionId="4fd81aca-3658-46f5-8f0e-e43bf26c0aa8" testListId="8c84fa94-04c1-424b-9868-57a2d4851a1d" /><TestEntry testId="4ede6f0e-bcb8-8ca7-c020-ddf1f3de5e08" executionId="4a633bb5-857e-438d-b995-e4f8920f2e08" testListId="8c84fa94-04c1-424b-9868-57a2d4851a1d" /><TestEntry testId="768c1297-8a57-6372-3fee-eb2e9f8c6a22" executionId="c28371f5-ef21-41a8-ab46-530cd7fe9169" testListId="8c84fa94-04c1-424b-9868-57a2d4851a1d" /><TestEntry testId="53341a9c-3b5d-44a9-e63e-48323392c972" executionId="63b3c66f-e656-4bff-9f9e-956aec12fdf4" testListId="8c84fa94-04c1-424b-9868-57a2d4851a1d" /><TestEntry testId="068b5c2f-69f1-780f-a981-0d646a951afd" executionId="69d50209-0005-41c9-9272-90a1192a7ed2" testListId="8c84fa94-04c1-424b-9868-57a2d4851a1d" /><TestEntry testId="f3b70006-0e86-b1cf-0e2b-74f83b98d126" executionId="210a3f25-7d5b-4c23-bf22-03eabea50507" testListId="8c84fa94-04c1-424b-9868-57a2d4851a1d" /><TestEntry testId="aebef7a3-4905-8e4b-81eb-954b2b926189" executionId="80d3a3b2-55ca-4675-85a8-edb3b2d64165" testListId="8c84fa94-04c1-424b-9868-57a2d4851a1d" /><TestEntry testId="e2a99d59-6b05-f4cd-d2d3-002e39a78f57" executionId="abd53f13-a12d-4612-a61f-4e03af658905" testListId="8c84fa94-04c1-424b-9868-57a2d4851a1d" /><TestEntry testId="ac22ef48-683a-a17a-3556-f2db96ba45dc" executionId="ed1e6d94-54c1-436e-a76c-a8d5c9904227" testListId="8c84fa94-04c1-424b-9868-57a2d4851a1d" /><TestEntry testId="3e58f0dc-4b2d-a5be-b4c6-7422fd564407" executionId="884c683d-6ed7-4138-a5de-f8d392cda2ae" testListId="8c84fa94-04c1-424b-9868-57a2d4851a1d" /><TestEntry testId="0db51fc4-e2aa-7504-ff3c-68bd9aa8d321" executionId="c61dd98d-ec3a-40aa-9671-7336d7be9a67" testListId="8c84fa94-04c1-424b-9868-57a2d4851a1d" /><TestEntry testId="8fc1e6a9-c607-02fd-a81c-9028871b2a82" executionId="4e176c41-7d13-4db6-bff8-18c130dff653" testListId="8c84fa94-04c1-424b-9868-57a2d4851a1d" /><TestEntry testId="16c44172-b885-1ca6-923d-7ad6449a5e8e" executionId="43561ad4-2f31-42d6-80f2-d18707b4c1b4" testListId="8c84fa94-04c1-424b-9868-57a2d4851a1d" /><TestEntry testId="2d36f8f6-a45e-df31-fdd8-49620a5dc267" executionId="46f39b7d-e772-438d-bd44-2ca45e1ea350" testListId="8c84fa94-04c1-424b-9868-57a2d4851a1d" /><TestEntry testId="ca858706-9639-42df-b1d1-39b449de16fe" executionId="61b4fdfa-b21d-4086-8209-929a618e8f6a" testListId="8c84fa94-04c1-424b-9868-57a2d4851a1d" /><TestEntry testId="db1dc7fe-6882-0857-3605-a2d295665991" executionId="734c4806-180d-4392-842f-c6f6a7dc93ec" testListId="8c84fa94-04c1-424b-9868-57a2d4851a1d" /><TestEntry testId="901f98ec-afd5-dc61-3eec-b3c4f17e4fe9" executionId="7582f50d-a42e-402c-9a6c-47d712099ea7" testListId="8c84fa94-04c1-424b-9868-57a2d4851a1d" /><TestEntry testId="470059ca-ff2d-1e1f-f201-e674d425a3b4" executionId="08a2907e-c44c-4a64-823b-713df39c9236" testListId="8c84fa94-04c1-424b-9868-57a2d4851a1d" /><TestEntry testId="70edbd20-40b4-0ba6-678c-a3d93d8964cb" executionId="ac5fa422-c5a8-4c74-b98c-270a877c8eff" testListId="8c84fa94-04c1-424b-9868-57a2d4851a1d" /><TestEntry testId="3bf6547d-e090-755b-008c-50b2570af9ec" executionId="6d20c88a-76a0-475f-99f2-c38e891f3853" testListId="8c84fa94-04c1-424b-9868-57a2d4851a1d" /><TestEntry testId="76c67416-7866-1ef6-d5a2-c8c2c1662f76" executionId="67745511-a26c-4ab0-a1a7-c4d9bc6ed80f" testListId="8c84fa94-04c1-424b-9868-57a2d4851a1d" /><TestEntry testId="1b5ded5b-1f99-24df-c2c4-b9086d9c8496" executionId="64951c76-b67d-482e-988c-d12e7a4da688" testListId="8c84fa94-04c1-424b-9868-57a2d4851a1d" /><TestEntry testId="6e9d8f6e-5117-6642-2d45-ffc778d50e6b" executionId="59898ef1-f9f8-4a77-8c31-8f821593799b" testListId="8c84fa94-04c1-424b-9868-57a2d4851a1d" /><TestEntry testId="46a5f941-8ecd-9e38-50ad-7968539bac3e" executionId="3486261b-4e27-4cbb-a1a3-02a93ee974dc" testListId="8c84fa94-04c1-424b-9868-57a2d4851a1d" /><TestEntry testId="a5b73157-29dc-3c1a-6484-3e437aec83af" executionId="29084ae9-bb21-4b6d-81cf-ccd27c877f98" testListId="8c84fa94-04c1-424b-9868-57a2d4851a1d" /><TestEntry testId="0dbc737f-0bdc-2464-e42a-268eaa0ec9d7" executionId="5ef5ae8f-7762-4d96-9f63-a691bcdcf2c9" testListId="8c84fa94-04c1-424b-9868-57a2d4851a1d" /><TestEntry testId="cbc17db2-0ac3-571f-80c5-7a86635ef5d8" executionId="12ce7c33-73f9-4f59-a785-b5e9dce5c0c4" testListId="8c84fa94-04c1-424b-9868-57a2d4851a1d" /><TestEntry testId="a3c5cae0-81ca-0c48-acbc-f23ad691bfef" executionId="70802e8f-19f9-486b-a4f7-20a4b39183eb" testListId="8c84fa94-04c1-424b-9868-57a2d4851a1d" /><TestEntry testId="2a358ed8-6079-e9ec-a2db-285d78a639fc" executionId="ce6f6cb4-3adb-4cc5-a483-29ac0fe1d519" testListId="8c84fa94-04c1-424b-9868-57a2d4851a1d" /><TestEntry testId="1a59967f-4b46-3b95-95bb-89a6324cffc7" executionId="11a7b711-4a11-48ca-b2f7-2db27b3c51ed" testListId="8c84fa94-04c1-424b-9868-57a2d4851a1d" /><TestEntry testId="9abdbe0e-30d3-0d2d-5ddd-db7ffb06acd9" executionId="3745c6ae-5bd8-49c4-a5eb-9aa168718850" testListId="8c84fa94-04c1-424b-9868-57a2d4851a1d" /><TestEntry testId="ed4daf04-cdcd-c5cb-6b5c-aced7c756a93" executionId="6894ae3b-24ad-4e19-8448-73ffdf03ebac" testListId="8c84fa94-04c1-424b-9868-57a2d4851a1d" /><TestEntry testId="0ef0e46e-ee92-28ea-08bf-379ce723d975" executionId="36e4bcfc-6a93-4a6f-a897-a0b4707c5067" testListId="8c84fa94-04c1-424b-9868-57a2d4851a1d" /><TestEntry testId="7bfeb68c-aaf8-a7d3-cabf-06997e297708" executionId="ff190d12-3c75-41ce-88f7-e69671a281e8" testListId="8c84fa94-04c1-424b-9868-57a2d4851a1d" /><TestEntry testId="6cc930d8-33fb-6a7c-087c-7ff1dde588e0" executionId="8474d804-fdfa-4d34-83d6-9d0c2d575850" testListId="8c84fa94-04c1-424b-9868-57a2d4851a1d" /><TestEntry testId="e4445a0c-df17-4951-4014-0076782da116" executionId="c8575fbf-7fa6-48b5-b2f7-bfd82c6b5066" testListId="8c84fa94-04c1-424b-9868-57a2d4851a1d" /><TestEntry testId="2484a286-4a16-f795-21ee-a25b9473b259" executionId="f38794dc-4c89-44e8-89a3-0e1630490911" testListId="8c84fa94-04c1-424b-9868-57a2d4851a1d" /><TestEntry testId="754696c2-1b2a-49ab-cde2-7bfd4083fc6e" executionId="0c32e62a-31e5-44f1-802a-3234aa0057d9" testListId="8c84fa94-04c1-424b-9868-57a2d4851a1d" /><TestEntry testId="91b6ea37-69c2-1487-ca5e-fdc7327005b4" executionId="61a9cad5-1eb3-4592-806e-d0f33bb3c5fe" testListId="8c84fa94-04c1-424b-9868-57a2d4851a1d" /><TestEntry testId="07375595-7502-58c4-6845-0c4b7be92441" executionId="20b3df7f-0c73-4fa5-a00f-06ac9ea2b478" testListId="8c84fa94-04c1-424b-9868-57a2d4851a1d" /><TestEntry testId="5bde5ad3-f2d3-cd61-f56b-3e8fa7b74a5f" executionId="064a77fa-d5c6-4cb7-8af8-b91e4dec1b87" testListId="8c84fa94-04c1-424b-9868-57a2d4851a1d" /><TestEntry testId="aae7496d-55a1-25f6-c39a-45534c13e5d6" executionId="4efc28a4-031a-4041-9254-d17d703113eb" testListId="8c84fa94-04c1-424b-9868-57a2d4851a1d" /><TestEntry testId="dab15a68-911c-61dc-3921-499cb97dd212" executionId="4ee7986a-dd4e-45a0-bf89-41b226048580" testListId="8c84fa94-04c1-424b-9868-57a2d4851a1d" /><TestEntry testId="af96c49f-596e-55f7-029a-e8a5ada0f2a9" executionId="785507c4-31f3-49f2-8621-610073e8d1fa" testListId="8c84fa94-04c1-424b-9868-57a2d4851a1d" /><TestEntry testId="8e57859c-1d75-7e8f-0300-cd9b361cfe76" executionId="51471658-aa99-4283-93f9-8fd27f778159" testListId="8c84fa94-04c1-424b-9868-57a2d4851a1d" /><TestEntry testId="a62b0187-89b6-28cd-69a4-ef8d74dfc2ae" executionId="c7fada53-b6b3-476c-9807-da131237285f" testListId="8c84fa94-04c1-424b-9868-57a2d4851a1d" /><TestEntry testId="87d010e8-72cd-a393-f9af-4a356f73abba" executionId="8ee74324-7ab3-4be2-b04f-1f9465d16487" testListId="8c84fa94-04c1-424b-9868-57a2d4851a1d" /><TestEntry testId="32d44e14-20e4-d6cd-55fd-c7f5efd44de2" executionId="e54cecd9-8e6e-4269-ad9a-eadb339a35fa" testListId="8c84fa94-04c1-424b-9868-57a2d4851a1d" /><TestEntry testId="29e05563-95fd-b15d-2b4a-cf82a4b7ef76" executionId="77a66c82-4309-4813-9ccd-de7b3f5b7885" testListId="8c84fa94-04c1-424b-9868-57a2d4851a1d" /><TestEntry testId="5d3802a4-9b91-4011-ece3-52eb1f456ddf" executionId="58ddb5f1-74ab-49c0-a36f-da42938a1c10" testListId="8c84fa94-04c1-424b-9868-57a2d4851a1d" /><TestEntry testId="4984c9be-1704-39c3-53f3-800c9b6bc186" executionId="be69ffcb-3b99-45d1-a417-6c57db88c523" testListId="8c84fa94-04c1-424b-9868-57a2d4851a1d" /><TestEntry testId="0dd9405a-f3df-fd86-a330-066f58f77dff" executionId="c5a5dd0a-3d53-413b-8f03-613ee86b4a2f" testListId="8c84fa94-04c1-424b-9868-57a2d4851a1d" /><TestEntry testId="6f23d72f-7dd1-f2ac-df3f-c81bd2dabf9e" executionId="518665f1-4fd4-44bf-8ec7-9c8815e7f23e" testListId="8c84fa94-04c1-424b-9868-57a2d4851a1d" /><TestEntry testId="740a12e0-c639-9012-b9dc-e1c9632fd8c7" executionId="5b4bbe78-0ee1-466d-b659-51837e58b269" testListId="8c84fa94-04c1-424b-9868-57a2d4851a1d" /><TestEntry testId="f79daa9e-74d1-be2f-0e67-251e96514cdd" executionId="8b94352a-a0a0-4b59-8c64-509c1f820648" testListId="8c84fa94-04c1-424b-9868-57a2d4851a1d" /><TestEntry testId="1edcbe35-4735-f25a-332d-b864f813b931" executionId="027021a6-5300-47d2-845b-32728b086696" testListId="8c84fa94-04c1-424b-9868-57a2d4851a1d" /><TestEntry testId="cd3b8a17-3a69-e136-80dc-645bcfb12bfb" executionId="adb6a057-e960-413b-8fff-a6a6a5a46e6d" testListId="8c84fa94-04c1-424b-9868-57a2d4851a1d" /><TestEntry testId="7ff3ee27-eebc-4de4-286d-6589ec8d3784" executionId="dee0bc4a-e161-4dd8-ada8-f389c9bdcc14" testListId="8c84fa94-04c1-424b-9868-57a2d4851a1d" /><TestEntry testId="f1de166f-faae-ebd8-6784-5e848b95e9a7" executionId="e3392c92-d7d7-4c6a-98a5-491337a21ea0" testListId="8c84fa94-04c1-424b-9868-57a2d4851a1d" /><TestEntry testId="dd1f32a7-e3fc-cdca-f248-5d443ff65826" executionId="1e5f9e69-79c8-45c5-95fa-cf8c0654b67f" testListId="8c84fa94-04c1-424b-9868-57a2d4851a1d" /><TestEntry testId="13f9df2d-9fd2-785f-a389-96933e570ecb" executionId="ffca52dd-dc93-4886-bbdc-7a896aa0bf28" testListId="8c84fa94-04c1-424b-9868-57a2d4851a1d" /><TestEntry testId="1668f413-9821-3519-c168-c2037a02809f" executionId="9489b008-c6c5-44b2-83e5-46197d152d72" testListId="8c84fa94-04c1-424b-9868-57a2d4851a1d" /><TestEntry testId="4f075974-2e19-5e0f-61eb-2f77341ed4d4" executionId="74348e3c-226a-41ff-91b7-5e8e905309a4" testListId="8c84fa94-04c1-424b-9868-57a2d4851a1d" /><TestEntry testId="346b2058-c053-8fa0-5302-b404ba64d374" executionId="80db526f-380c-43f4-aa45-e83f8c04bf63" testListId="8c84fa94-04c1-424b-9868-57a2d4851a1d" /><TestEntry testId="59131f29-2317-9213-770c-f81867f21971" executionId="d677f3ad-29df-4c93-ae40-a01217f47383" testListId="8c84fa94-04c1-424b-9868-57a2d4851a1d" /><TestEntry testId="3d1f3b9d-9afc-7cf0-08dd-16e03d8261ee" executionId="51a6df95-3e6c-4c75-bb34-650d0dfc93a8" testListId="8c84fa94-04c1-424b-9868-57a2d4851a1d" /><TestEntry testId="c3e8a103-679a-bbaa-1fde-c803b6f3cee8" executionId="81ed9a38-0d91-4eec-91b5-ce5fb2d1647e" testListId="8c84fa94-04c1-424b-9868-57a2d4851a1d" /><TestEntry testId="8c7cbf91-e027-b4fd-5fe3-d54c305ac034" executionId="7e63d494-750f-42b8-9235-5df5ad880371" testListId="8c84fa94-04c1-424b-9868-57a2d4851a1d" /><TestEntry testId="32c8ad0a-0322-7fc2-8c67-bbb0a59e2eb6" executionId="f3b52fd0-9944-4896-99eb-125ce6abf62b" testListId="8c84fa94-04c1-424b-9868-57a2d4851a1d" /><TestEntry testId="b5790d77-0138-460b-b1d6-be3dc6b6676b" executionId="3798f79b-41cf-4ef4-a16a-1bef3ac3b39f" testListId="8c84fa94-04c1-424b-9868-57a2d4851a1d" /><TestEntry testId="3fff9036-a5ef-5075-ea1e-52143a311e28" executionId="c60f1d81-ff8c-49a2-b854-605e0beea766" testListId="8c84fa94-04c1-424b-9868-57a2d4851a1d" /><TestEntry testId="431561fb-89a2-b404-e821-1f431a90c205" executionId="a62332a6-cb4b-46ac-8b7f-c0b4374e32d7" testListId="8c84fa94-04c1-424b-9868-57a2d4851a1d" /><TestEntry testId="d5063737-d55b-f5e0-4462-65d1b5b81041" executionId="8e4e1120-6184-4517-b547-87c38a7a54a9" testListId="8c84fa94-04c1-424b-9868-57a2d4851a1d" /><TestEntry testId="9b6fdfba-e457-921d-b74f-4cb9ef622e5e" executionId="00d18d1a-af3a-4eb3-8e7a-3e7f8028bcf5" testListId="8c84fa94-04c1-424b-9868-57a2d4851a1d" /><TestEntry testId="745412e1-37f8-a6f8-6773-bf8ab42c3e46" executionId="f10a406a-bea5-4b69-83ae-8492891944b9" testListId="8c84fa94-04c1-424b-9868-57a2d4851a1d" /><TestEntry testId="95749cc6-3358-80c4-45c8-e08022f6e2fe" executionId="54dd24f5-c100-4563-8413-50d931dbc941" testListId="8c84fa94-04c1-424b-9868-57a2d4851a1d" /><TestEntry testId="5bb52e0e-4e0e-c025-aab5-77f05acaed5a" executionId="6414f90c-427c-415b-a0b6-275a656a31f2" testListId="8c84fa94-04c1-424b-9868-57a2d4851a1d" /><TestEntry testId="418a7081-b81d-9dc3-3286-680ac32a9d7f" executionId="d8151e62-bfb3-4999-985b-475b0ad38df4" testListId="8c84fa94-04c1-424b-9868-57a2d4851a1d" /><TestEntry testId="7ad14047-36ed-c9f0-df87-cdfd858a725d" executionId="18e710d6-5bfe-458d-a38c-a9b202bc9c8b" testListId="8c84fa94-04c1-424b-9868-57a2d4851a1d" /><TestEntry testId="4cc8ff4a-1abb-ec64-297b-0ad1bbb46af8" executionId="8df2528e-7ecd-4489-9976-437311ea5050" testListId="8c84fa94-04c1-424b-9868-57a2d4851a1d" /><TestEntry testId="480524ab-2bbc-1b43-1d46-0839b71500e6" executionId="03d7ba44-1dc7-460f-ba3c-e5d2a3058ea3" testListId="8c84fa94-04c1-424b-9868-57a2d4851a1d" /><TestEntry testId="42946a65-a35f-6e84-b343-0a49b716824c" executionId="5613d6bc-1d0d-45a0-aca5-9b347ad16f56" testListId="8c84fa94-04c1-424b-9868-57a2d4851a1d" /><TestEntry testId="0657f84e-94d7-bfc3-0148-b071944c49dc" executionId="47e19bbc-75d6-4cf5-b683-d3bc284e13c6" testListId="8c84fa94-04c1-424b-9868-57a2d4851a1d" /><TestEntry testId="14505b0e-6857-5e7b-15cc-7209ae8fd15d" executionId="c219f72c-733d-493f-a6a3-f122cb9a075d" testListId="8c84fa94-04c1-424b-9868-57a2d4851a1d" /><TestEntry testId="050a3e54-b417-c7ec-a26b-b8f78b0d8325" executionId="cdf4f6cc-12bb-4fba-83c3-bcfb421cdef3" testListId="8c84fa94-04c1-424b-9868-57a2d4851a1d" /><TestEntry testId="70ff143d-2548-2b12-0067-e1c77f625ac6" executionId="7c45cda2-fd7e-4c65-aba0-a691bef9ff9b" testListId="8c84fa94-04c1-424b-9868-57a2d4851a1d" /><TestEntry testId="f6a01553-561a-0488-85a3-b5b8663a3661" executionId="b545ee44-4f9a-446e-8fb0-d40d6146e2d3" testListId="8c84fa94-04c1-424b-9868-57a2d4851a1d" /><TestEntry testId="3250a398-577a-745e-54e2-d6ab80ff1cba" executionId="eedac21c-a5b1-491a-b1ca-8416b260a072" testListId="8c84fa94-04c1-424b-9868-57a2d4851a1d" /><TestEntry testId="0c50c7bc-6e94-86fa-074c-34364df6896f" executionId="1d36478f-88f2-48bf-9b3f-92cd92915e66" testListId="8c84fa94-04c1-424b-9868-57a2d4851a1d" /><TestEntry testId="cf2e3df4-1784-17c2-6a25-2e2ef18fb143" executionId="04dc5b0e-0a91-4388-98c3-da15417fbbd0" testListId="8c84fa94-04c1-424b-9868-57a2d4851a1d" /><TestEntry testId="86046d81-b486-f5f2-3ebf-219024f660b7" executionId="581dd2bb-671a-4d1b-95ae-6d1548d47ca7" testListId="8c84fa94-04c1-424b-9868-57a2d4851a1d" /><TestEntry testId="bb3eac23-0819-8b8c-eb9d-3ed16ad9fc32" executionId="b9a9630c-69ea-4f7d-8a34-7a7fc5419428" testListId="8c84fa94-04c1-424b-9868-57a2d4851a1d" /><TestEntry testId="4c404c1a-abd5-9cdf-7e4b-13734234be26" executionId="306f0929-d9d8-4a06-a7eb-49366514e67f" testListId="8c84fa94-04c1-424b-9868-57a2d4851a1d" /><TestEntry testId="bae868cf-b45e-7c70-1e19-f209c0886acf" executionId="01c27ba8-1082-4eac-a7d9-3a2cfe507660" testListId="8c84fa94-04c1-424b-9868-57a2d4851a1d" /><TestEntry testId="b95994d9-817b-d914-ad0c-92226c5b0606" executionId="e21131f5-1813-4f24-8861-5503dc81d6bd" testListId="8c84fa94-04c1-424b-9868-57a2d4851a1d" /><TestEntry testId="3a15b6e3-8f63-266c-83a6-c3f646e4046c" executionId="5fab3ed1-b409-42ef-b67a-db02831e5f9a" testListId="8c84fa94-04c1-424b-9868-57a2d4851a1d" /><TestEntry testId="e23fcb13-3e45-d47c-b248-b6c8e7127718" executionId="b8c0ccc4-d90c-403b-8a4d-d580b55c50a1" testListId="8c84fa94-04c1-424b-9868-57a2d4851a1d" /><TestEntry testId="2784777a-6186-0d47-2eb0-1ae737fda67f" executionId="f52e37ad-8f46-47cc-9cd9-8a396a2bbafc" testListId="8c84fa94-04c1-424b-9868-57a2d4851a1d" /><TestEntry testId="788a0289-8d72-3e41-e200-10613d55ae54" executionId="3874032c-6858-4ed9-ad29-8f11dbddc5ff" testListId="8c84fa94-04c1-424b-9868-57a2d4851a1d" /><TestEntry testId="9434a3d5-a0fd-58a1-2c5c-9a11e08c5e85" executionId="c9897732-c62a-40cd-a7f3-b5de5f5f1595" testListId="8c84fa94-04c1-424b-9868-57a2d4851a1d" /><TestEntry testId="3839afb2-8431-78ca-0863-f8a2092a50f7" executionId="4d9cb99f-8177-451a-aee1-38e443926275" testListId="8c84fa94-04c1-424b-9868-57a2d4851a1d" /><TestEntry testId="fb6331ef-e2e0-83cf-0edc-a979ad9cf892" executionId="5f3c04f5-1beb-4945-9b51-c04be41be29d" testListId="8c84fa94-04c1-424b-9868-57a2d4851a1d" /><TestEntry testId="01eb7bef-bc10-b0da-1e5e-238593b4f548" executionId="8815e60b-7b39-49a8-9358-02ecb931175a" testListId="8c84fa94-04c1-424b-9868-57a2d4851a1d" /><TestEntry testId="d636d374-9fc3-b195-29e4-535b8ed23c0d" executionId="695ffe08-948a-4a02-8c58-e07a7e2e62ec" testListId="8c84fa94-04c1-424b-9868-57a2d4851a1d" /><TestEntry testId="c3646c6d-7a83-2f3d-3640-ea9ee2f1d3ff" executionId="0beb64ac-23a8-44be-a376-6d8443a8db41" testListId="8c84fa94-04c1-424b-9868-57a2d4851a1d" /><TestEntry testId="dcb0f848-4273-786b-c5eb-92af9c7ae4af" executionId="b206fe23-b8ba-46c4-a7a2-be43fcf8da4a" testListId="8c84fa94-04c1-424b-9868-57a2d4851a1d" /><TestEntry testId="4a7f9ea1-e399-cb66-6359-4924203a7c7a" executionId="4491d2b5-acea-4a49-9368-a1ebde7bd003" testListId="8c84fa94-04c1-424b-9868-57a2d4851a1d" /><TestEntry testId="999b8af7-abaf-aaf4-d4da-36073f41c75d" executionId="b8ecadb8-d51e-46c5-bbe1-dbf92b3f09d2" testListId="8c84fa94-04c1-424b-9868-57a2d4851a1d" /><TestEntry testId="90aad432-1bc1-444d-608d-b2cc87b763c2" executionId="9e42698f-139f-46cc-bb5c-a23b5e0bde1a" testListId="8c84fa94-04c1-424b-9868-57a2d4851a1d" /><TestEntry testId="0271aec3-f748-21cb-adc5-1480baf29e6a" executionId="a6a25bf6-2aea-4e98-a8ab-396ab7997e32" testListId="8c84fa94-04c1-424b-9868-57a2d4851a1d" /><TestEntry testId="e49a0600-6c18-0a7f-0a9a-abbdbc0f03d5" executionId="c2beab07-fe62-4f91-86cd-22e160e5a7ac" testListId="8c84fa94-04c1-424b-9868-57a2d4851a1d" /><TestEntry testId="d96aab32-823e-b9e7-1be6-d7dff1c9c0ca" executionId="9028cce7-267d-4e79-93a0-0d4681ad138a" testListId="8c84fa94-04c1-424b-9868-57a2d4851a1d" /><TestEntry testId="3b9ad436-8d1e-24c9-13f9-51ed6b772521" executionId="b5d68fe3-cac9-441c-b3d7-fb40de909f59" testListId="8c84fa94-04c1-424b-9868-57a2d4851a1d" /><TestEntry testId="cb6d0c14-7036-2aef-1ade-020bda4313de" executionId="18215d5f-e0c9-44a8-a3db-a9a29abb443c" testListId="8c84fa94-04c1-424b-9868-57a2d4851a1d" /><TestEntry testId="5564c82a-12f6-5502-a08e-b14cb8af21a8" executionId="e5c7d001-c1c4-46f0-9f9c-d169eb0f0204" testListId="8c84fa94-04c1-424b-9868-57a2d4851a1d" /><TestEntry testId="a5936a43-023f-fc76-8c89-1d869be72c96" executionId="2977bb19-1cf5-4a6c-b982-d7bd40f95343" testListId="8c84fa94-04c1-424b-9868-57a2d4851a1d" /><TestEntry testId="676fbc2e-0279-66be-9218-4fbb48645322" executionId="e8d54de3-a856-4f2e-b551-455eaca029c2" testListId="8c84fa94-04c1-424b-9868-57a2d4851a1d" /><TestEntry testId="b79d756e-c7ae-3a23-b625-658c06232c01" executionId="c0a7c4fc-4581-44c9-a17e-dc59a9f25b72" testListId="8c84fa94-04c1-424b-9868-57a2d4851a1d" /><TestEntry testId="9834426f-577e-364a-6f44-76b900dfa4b8" executionId="22ae8728-7ce9-42c8-b659-d5ebc22cdcf8" testListId="8c84fa94-04c1-424b-9868-57a2d4851a1d" /><TestEntry testId="ecc8d130-0978-fb3c-810a-54bd5a9f88ca" executionId="a8469479-367b-4996-be06-2ef6c19835fd" testListId="8c84fa94-04c1-424b-9868-57a2d4851a1d" /><TestEntry testId="916b47a3-02eb-d740-4b86-22b718990fbd" executionId="d272b0ed-56a6-4a42-b80a-680453fab493" testListId="8c84fa94-04c1-424b-9868-57a2d4851a1d" /><TestEntry testId="cdc92a48-10e8-a4c2-3308-69878a0c2bd3" executionId="656b958d-aae1-4587-9889-8ec74171348b" testListId="8c84fa94-04c1-424b-9868-57a2d4851a1d" /><TestEntry testId="7d298324-d0a3-a9e8-b676-7bcb7a224401" executionId="60347a97-8741-4803-85a2-1ebfc41da310" testListId="8c84fa94-04c1-424b-9868-57a2d4851a1d" /><TestEntry testId="217cdb3a-6de6-8bef-5db8-c242fe0fc3d9" executionId="983897b9-eaac-4a2d-b70a-6783afe53f1f" testListId="8c84fa94-04c1-424b-9868-57a2d4851a1d" /><TestEntry testId="57e98b06-7ab8-1475-651a-e082f535e088" executionId="5c4547c3-624f-4c72-8d47-ed087f47b584" testListId="8c84fa94-04c1-424b-9868-57a2d4851a1d" /><TestEntry testId="46c936cd-9fca-4128-f965-1b1b395c39b6" executionId="eba6349f-1405-44f9-9e5a-9b86c9e2e3fb" testListId="8c84fa94-04c1-424b-9868-57a2d4851a1d" /><TestEntry testId="3a4630b3-903f-4aa4-5f14-b9928d0a7590" executionId="d6f941a7-676e-4efd-b0a5-ab88400d7869" testListId="8c84fa94-04c1-424b-9868-57a2d4851a1d" /><TestEntry testId="ae8f6b72-baee-c942-77aa-c84948c513f1" executionId="01f1d137-2ec2-4fe0-b367-86c4fff40fbc" testListId="8c84fa94-04c1-424b-9868-57a2d4851a1d" /><TestEntry testId="70bf383e-06da-6d79-58cc-40acdb2e8a93" executionId="328ae7ff-e1e4-45c9-bcc5-6293002cf939" testListId="8c84fa94-04c1-424b-9868-57a2d4851a1d" /><TestEntry testId="c286461e-7429-a847-01e1-9e7326e88a56" executionId="4c7579b9-8bb7-40e7-96fe-bcddce643c54" testListId="8c84fa94-04c1-424b-9868-57a2d4851a1d" /><TestEntry testId="165af5f6-ab1e-e147-e19c-f048f0c6a46d" executionId="962b2599-63e6-4ca8-aaf2-d4f71b54fb72" testListId="8c84fa94-04c1-424b-9868-57a2d4851a1d" /><TestEntry testId="e667efbc-55bd-f89d-d6a3-2da689096acc" executionId="9ce40cc6-308a-469d-b4f4-354d223c45c0" testListId="8c84fa94-04c1-424b-9868-57a2d4851a1d" /><TestEntry testId="0f874e5c-8b83-b795-496b-e492606b1d3b" executionId="06dae88c-20ea-4efc-b94f-36123e7217b9" testListId="8c84fa94-04c1-424b-9868-57a2d4851a1d" /><TestEntry testId="db608db9-6456-b58e-2f96-cfc93ff9d828" executionId="153ea4fc-08d8-45c3-ac0b-a0cc5c36117f" testListId="8c84fa94-04c1-424b-9868-57a2d4851a1d" /><TestEntry testId="557cb196-3eb8-1446-27cc-40482262f393" executionId="3d629236-17b6-417f-9698-56ed48664259" testListId="8c84fa94-04c1-424b-9868-57a2d4851a1d" /><TestEntry testId="0e235c1c-dd46-9643-9281-0e39ecf0be1e" executionId="3b3291f5-1a8b-4261-81ce-9c38f48e8252" testListId="8c84fa94-04c1-424b-9868-57a2d4851a1d" /><TestEntry testId="75b77313-d13b-1187-24d7-7133cbc5005c" executionId="bbc1bad9-fee4-4145-ada3-d4d813c8a035" testListId="8c84fa94-04c1-424b-9868-57a2d4851a1d" /><TestEntry testId="224610ac-62fa-012f-6d92-c5f1b0aa03a5" executionId="b9728f1b-ce34-419a-9192-03c20e3e4f6a" testListId="8c84fa94-04c1-424b-9868-57a2d4851a1d" /><TestEntry testId="a4e2cbc6-c095-ddc7-4194-c86e5fc84218" executionId="f467b1d1-edbd-4e5e-b027-36c30bea9ebe" testListId="8c84fa94-04c1-424b-9868-57a2d4851a1d" /><TestEntry testId="2f4290f4-d6f7-a224-912b-8285a4f1c0ce" executionId="5e88e469-1352-4b2c-9ce2-a524f21b3494" testListId="8c84fa94-04c1-424b-9868-57a2d4851a1d" /><TestEntry testId="f183ac6b-f2de-afb2-9ee5-f2daff2da709" executionId="09a6849a-fd94-46cd-baa7-51bde5e924d6" testListId="8c84fa94-04c1-424b-9868-57a2d4851a1d" /><TestEntry testId="700512d8-5f19-4ecb-e8ef-c5d345f52f32" executionId="4e825bd8-5ab4-4016-9d16-5bf939c73d99" testListId="8c84fa94-04c1-424b-9868-57a2d4851a1d" /><TestEntry testId="f5e3aebc-cd43-ae85-9487-39f5430f33c7" executionId="ea012468-0e1a-4ad9-9703-a27ec89979d5" testListId="8c84fa94-04c1-424b-9868-57a2d4851a1d" /><TestEntry testId="a69567ad-7fb4-3f09-8b47-d88a3a830753" executionId="5d9b87f6-9f71-455c-8621-6a1b5cb5892b" testListId="8c84fa94-04c1-424b-9868-57a2d4851a1d" /><TestEntry testId="92280596-4cb9-43f4-af23-356aa9aeda11" executionId="7694bf5c-4256-4d63-8b05-653f32b26a4e" testListId="8c84fa94-04c1-424b-9868-57a2d4851a1d" /><TestEntry testId="23881078-0ff7-2854-4e97-81c43058cb64" executionId="6d4d38b4-d3c9-45b5-8607-80cfb4b8365f" testListId="8c84fa94-04c1-424b-9868-57a2d4851a1d" /><TestEntry testId="7c40ea19-2716-4dbe-85cc-926f67c5fd74" executionId="71a81ee6-3840-4bf3-a5ce-6ab5cc6a9652" testListId="8c84fa94-04c1-424b-9868-57a2d4851a1d" /><TestEntry testId="7e283ac9-8e04-cb7e-0d65-6665c9bfde57" executionId="5e14e099-b549-4cbc-8c73-16c5c49acc3b" testListId="8c84fa94-04c1-424b-9868-57a2d4851a1d" /><TestEntry testId="b7cca714-a768-b33a-eb9c-0bfa1589c4a3" executionId="26b7feb2-df91-4427-9ce1-6627628e6f29" testListId="8c84fa94-04c1-424b-9868-57a2d4851a1d" /><TestEntry testId="96cad27c-dadd-70f4-c3d6-735a9cdd82c9" executionId="7a501d3c-42d3-4f75-ae3b-e72f9ede59ce" testListId="8c84fa94-04c1-424b-9868-57a2d4851a1d" /><TestEntry testId="ea635aab-65dc-ef56-3cad-a07e8cd2cafc" executionId="45f21705-d960-45fe-a7bf-0aaacd3b783b" testListId="8c84fa94-04c1-424b-9868-57a2d4851a1d" /><TestEntry testId="79c45573-1d50-c1e0-c7dc-fd4829abd0a0" executionId="1c70742e-9124-4603-b420-5a880626b6de" testListId="8c84fa94-04c1-424b-9868-57a2d4851a1d" /><TestEntry testId="00780edb-c80d-b224-e9fe-93bffe20aa29" executionId="1e839da8-5c95-4d90-acbf-ebe644e02f8c" testListId="8c84fa94-04c1-424b-9868-57a2d4851a1d" /><TestEntry testId="7d3bda16-284e-dacd-8c42-24edb66b1c1f" executionId="6febc94d-fb19-43e0-b4b1-3c9c02dc505d" testListId="8c84fa94-04c1-424b-9868-57a2d4851a1d" /><TestEntry testId="f9ec368b-e8f3-6e30-50f0-d90c84de394f" executionId="0e137650-0dd3-4de0-8b2f-2db5a8df6455" testListId="8c84fa94-04c1-424b-9868-57a2d4851a1d" /><TestEntry testId="435a5713-c626-8a2e-576b-c7ec3650962e" executionId="9e3efb8b-1c6b-4cfa-a24b-fe6cebe3d063" testListId="8c84fa94-04c1-424b-9868-57a2d4851a1d" /><TestEntry testId="2753b1b3-d97b-3bfc-f702-6ac2ebdd23b4" executionId="13fadad8-8df8-4923-8111-c30132982eea" testListId="8c84fa94-04c1-424b-9868-57a2d4851a1d" /><TestEntry testId="36397be0-3a20-2294-fbff-98c079f0fe0d" executionId="c8a0cf76-3b4f-4e83-99a1-04d6f665f26f" testListId="8c84fa94-04c1-424b-9868-57a2d4851a1d" /><TestEntry testId="267c86f7-b7d3-bd8d-f8a8-cecfab36cce7" executionId="c9ffaf51-5764-485a-8b7b-625388d75a11" testListId="8c84fa94-04c1-424b-9868-57a2d4851a1d" /><TestEntry testId="fa064160-428d-8c1c-caa5-75cadbcbc04c" executionId="4ac050f5-0911-48d6-a043-ecf6f8a9cbef" testListId="8c84fa94-04c1-424b-9868-57a2d4851a1d" /><TestEntry testId="52680d49-f47a-98ae-e125-583891d24299" executionId="e5e663a6-1049-49ca-9398-0bbf6684b88a" testListId="8c84fa94-04c1-424b-9868-57a2d4851a1d" /><TestEntry testId="8e14c24a-6249-7a98-6058-c74ec7198ef6" executionId="5d94aca9-1599-4d8b-8b42-77b2e8a488e6" testListId="8c84fa94-04c1-424b-9868-57a2d4851a1d" /><TestEntry testId="bccc28b0-59df-3ff8-8273-efdb9ecdf47f" executionId="4a9ea967-3266-449f-bece-f2dd487500d2" testListId="8c84fa94-04c1-424b-9868-57a2d4851a1d" /><TestEntry testId="9fbcd245-9c7b-f6e5-1420-ae0a06d76730" executionId="4f463d88-5d99-49ea-85a2-211bc99d865e" testListId="8c84fa94-04c1-424b-9868-57a2d4851a1d" /><TestEntry testId="79cd67c6-adb1-ddc7-6d0c-f428886718e9" executionId="8d8c07df-76fc-45a8-bd09-a651670146db" testListId="8c84fa94-04c1-424b-9868-57a2d4851a1d" /><TestEntry testId="89abb5b6-3a39-33bf-38f6-0729c1486522" executionId="215c8ae3-6bb6-4ea8-ac8a-e28d012092eb" testListId="8c84fa94-04c1-424b-9868-57a2d4851a1d" /><TestEntry testId="5b5a53dc-45cd-b255-c2a5-9790cf6c87b1" executionId="ca2df0c8-7e80-4d31-ac55-d34b60dfd9f6" testListId="8c84fa94-04c1-424b-9868-57a2d4851a1d" /><TestEntry testId="6c0ec173-eda7-e3d8-c93a-717f1fccd1d7" executionId="4e6ef220-fc79-410b-819f-7d6289283f82" testListId="8c84fa94-04c1-424b-9868-57a2d4851a1d" /><TestEntry testId="d5ff4239-eefe-272a-8afd-d338873cee65" executionId="66817d25-cf4f-49ef-bcb4-15473af65b6b" testListId="8c84fa94-04c1-424b-9868-57a2d4851a1d" /><TestEntry testId="d96d556e-03a1-393f-8077-cc5dc76e981b" executionId="4242a78a-359d-4d2b-8dde-f22f50069322" testListId="8c84fa94-04c1-424b-9868-57a2d4851a1d" /><TestEntry testId="ef0cd750-9b4f-6933-1395-c6a97552fe48" executionId="7ea2143d-4719-4e6a-9ad9-17c94ad2ca8d" testListId="8c84fa94-04c1-424b-9868-57a2d4851a1d" /><TestEntry testId="49890092-a59e-08e7-c213-3d05fb646fe3" executionId="59375d5d-75a0-4468-9fd2-9335e572d7ce" testListId="8c84fa94-04c1-424b-9868-57a2d4851a1d" /><TestEntry testId="42ce2a94-6394-b267-dc55-b141e213ae14" executionId="7d9aa974-73a7-4c44-8f93-a4d298858a25" testListId="8c84fa94-04c1-424b-9868-57a2d4851a1d" /><TestEntry testId="4740e304-1d63-07c5-3c87-c19c572c7fe1" executionId="13bc0e20-9c06-4009-bd8e-dd991c518705" testListId="8c84fa94-04c1-424b-9868-57a2d4851a1d" /><TestEntry testId="38a7c617-ad18-9517-f624-7facfd8d9111" executionId="547898f9-acc1-4f6a-8fe6-5ec4d4f364e0" testListId="8c84fa94-04c1-424b-9868-57a2d4851a1d" /><TestEntry testId="9bd48c48-fd7b-02b5-7cd0-bfad16b32e3a" executionId="c54b4feb-592c-4e69-9561-8ca013d62890" testListId="8c84fa94-04c1-424b-9868-57a2d4851a1d" /><TestEntry testId="c0d19a73-f8b1-a426-ffa9-4239073ca1f2" executionId="44987483-9607-45cb-bf68-f4b725566382" testListId="8c84fa94-04c1-424b-9868-57a2d4851a1d" /><TestEntry testId="ff36deed-a6bb-90fd-10a9-bb0cf5c7b72f" executionId="fe08bf9b-02db-4bbf-b742-a63ba5973eaf" testListId="8c84fa94-04c1-424b-9868-57a2d4851a1d" /><TestEntry testId="327a0908-8ca4-b6d5-4a00-79efbbe74700" executionId="60cf0727-4396-42a4-9457-d4d4be95670a" testListId="8c84fa94-04c1-424b-9868-57a2d4851a1d" /><TestEntry testId="cf929d4b-a3c7-46d7-934a-441f849dfade" executionId="cfaf39bf-aad4-4163-b109-18cd3d5481e2" testListId="8c84fa94-04c1-424b-9868-57a2d4851a1d" /><TestEntry testId="a318d8ca-01fa-a4c9-06c2-aba6589bdf34" executionId="2050e6b4-a4d8-4f2b-aad4-406cebbf5e6d" testListId="8c84fa94-04c1-424b-9868-57a2d4851a1d" /><TestEntry testId="4566f2f5-2af7-7a30-bc35-2e0c005bdb11" executionId="e10ee30f-39fa-4ed5-b95c-b9abd402163a" testListId="8c84fa94-04c1-424b-9868-57a2d4851a1d" /><TestEntry testId="4c9c25d4-55f7-d5ba-7993-f8fee23122c8" executionId="1dc2e02d-b774-4269-b283-6b9cdbfe01b2" testListId="8c84fa94-04c1-424b-9868-57a2d4851a1d" /><TestEntry testId="15f6b817-d797-bd34-5059-79602fcb3695" executionId="b6842a82-0f5e-489d-af72-57c067b9996f" testListId="8c84fa94-04c1-424b-9868-57a2d4851a1d" /><TestEntry testId="05c55dac-f365-869c-1342-081dcb33b248" executionId="7cbb8741-c73e-4a4b-b4f6-7ba024fe26c8" testListId="8c84fa94-04c1-424b-9868-57a2d4851a1d" /><TestEntry testId="50387757-5b2b-4752-6d4b-fac82d979fd1" executionId="fb9c6ae4-c55a-44d6-91b5-3a89a69b78b2" testListId="8c84fa94-04c1-424b-9868-57a2d4851a1d" /><TestEntry testId="6e42aef6-4adf-982f-6828-b1a1c7e486a5" executionId="bd7a8f93-9ef0-4cf9-a776-584cf1d10f43" testListId="8c84fa94-04c1-424b-9868-57a2d4851a1d" /><TestEntry testId="934f5b28-16e1-1439-d7da-f00458cdbe75" executionId="7747dffc-f51b-46c9-bcb3-8ee345a5568e" testListId="8c84fa94-04c1-424b-9868-57a2d4851a1d" /><TestEntry testId="fb425109-8484-ef37-9cc9-62d3d3c11191" executionId="730c2fef-30ed-4efd-ba23-e19e54d46de4" testListId="8c84fa94-04c1-424b-9868-57a2d4851a1d" /><TestEntry testId="110659d9-d20d-d18e-df15-6632e26e8c73" executionId="71852777-57d0-4a3d-bf47-7770a8cf36a8" testListId="8c84fa94-04c1-424b-9868-57a2d4851a1d" /><TestEntry testId="872eeae3-911d-2e3a-0019-0c164df8e8b9" executionId="89ca0e48-3ed9-435b-bd32-f9d6bd2fcd46" testListId="8c84fa94-04c1-424b-9868-57a2d4851a1d" /><TestEntry testId="e0abf0aa-bc04-627e-67a6-aef3a2471b31" executionId="87497b47-c860-4744-adbd-694519a9c0ea" testListId="8c84fa94-04c1-424b-9868-57a2d4851a1d" /><TestEntry testId="92e3919f-4c05-fad0-8c9f-1ffa03ffff76" executionId="b78646ef-bc72-44b3-b0db-59670b1c9731" testListId="8c84fa94-04c1-424b-9868-57a2d4851a1d" /><TestEntry testId="fc86e6d1-6316-323c-e2ed-877a340244fb" executionId="779a611d-42d3-4c0c-9e50-0aa95752c11f" testListId="8c84fa94-04c1-424b-9868-57a2d4851a1d" /><TestEntry testId="93efcaab-ff31-5812-5da2-b5cda6e2000b" executionId="86027c0e-c14b-4a85-9928-17bc5649410a" testListId="8c84fa94-04c1-424b-9868-57a2d4851a1d" /><TestEntry testId="d72666bb-9123-d707-9c79-3602a5b134ac" executionId="bbcb837b-0c39-4972-b3d0-7688e702c713" testListId="8c84fa94-04c1-424b-9868-57a2d4851a1d" /><TestEntry testId="c35de5d5-decb-3e17-4017-80daef37f4df" executionId="e0c00a04-b1d9-48e6-b356-63991b487bca" testListId="8c84fa94-04c1-424b-9868-57a2d4851a1d" /><TestEntry testId="9bafb74c-e31e-c33b-b658-bd6d58241c30" executionId="ba598ae6-67c4-488e-a751-38380732675d" testListId="8c84fa94-04c1-424b-9868-57a2d4851a1d" /><TestEntry testId="8f9c359b-d656-a77b-ba9e-b2344704895f" executionId="0df631e3-60fb-4da7-b917-1fc4e4392a47" testListId="8c84fa94-04c1-424b-9868-57a2d4851a1d" /><TestEntry testId="abbc2151-b923-2266-d2ea-290074403823" executionId="f53e576c-3f23-4d06-9419-005d630cafc6" testListId="8c84fa94-04c1-424b-9868-57a2d4851a1d" /><TestEntry testId="cfdcb8c8-8429-faf0-3f04-ddaa6d3bdd11" executionId="5173c2f9-c225-4707-ba7e-93e9bd3eb914" testListId="8c84fa94-04c1-424b-9868-57a2d4851a1d" /><TestEntry testId="437336a2-3924-d5c8-7b35-d568f1cf5a94" executionId="1998d4e4-7d8e-4a11-8ca1-4d6671ed2d71" testListId="8c84fa94-04c1-424b-9868-57a2d4851a1d" /><TestEntry testId="00c10fac-c3b9-5836-3f25-7f26a7189139" executionId="46b4170b-2c99-4b36-bf17-c9e4a1fa99d9" testListId="8c84fa94-04c1-424b-9868-57a2d4851a1d" /><TestEntry testId="a13a70d2-c69b-cd6e-4cfd-48cbca950e35" executionId="9d4c8ff5-2151-42e9-ab85-5c5732363a6a" testListId="8c84fa94-04c1-424b-9868-57a2d4851a1d" /><TestEntry testId="0bfaa50b-e220-fcfc-04eb-4755b3ffad12" executionId="106567d6-973c-4a6f-91b0-e6c0d5fc6812" testListId="8c84fa94-04c1-424b-9868-57a2d4851a1d" /><TestEntry testId="0b2e8570-121f-4bac-9e86-8880ae79177f" executionId="cc19bfcc-79e1-42cb-942a-7375749f335d" testListId="8c84fa94-04c1-424b-9868-57a2d4851a1d" /><TestEntry testId="74c6d2de-a4dd-8016-0faf-bb9049558437" executionId="64166edc-1275-474c-9bbc-eb73e7337e0b" testListId="8c84fa94-04c1-424b-9868-57a2d4851a1d" /><TestEntry testId="49428186-7bba-b2b4-e635-5f051b45ee37" executionId="c89622f7-558d-499d-89f9-fc2d50dd04ab" testListId="8c84fa94-04c1-424b-9868-57a2d4851a1d" /><TestEntry testId="15da13f8-d4cb-0357-3c4f-4e778c7f62cc" executionId="007b1c55-5854-4a1a-9d4d-90ea81419d7b" testListId="8c84fa94-04c1-424b-9868-57a2d4851a1d" /><TestEntry testId="aa671497-2078-c665-f795-72f68eb3a7e0" executionId="16563532-dcc7-45e0-bf57-ee2b049376c0" testListId="8c84fa94-04c1-424b-9868-57a2d4851a1d" /><TestEntry testId="5e968c1c-047b-b8d7-2aaf-a1bf88289d8a" executionId="8fd7b9a8-f78a-4feb-be61-9aee87deda6a" testListId="8c84fa94-04c1-424b-9868-57a2d4851a1d" /><TestEntry testId="8a9046bf-5ad7-72a3-7d5e-34469734d542" executionId="0269b756-ca73-4eb8-9d08-425a20560db7" testListId="8c84fa94-04c1-424b-9868-57a2d4851a1d" /><TestEntry testId="24c4882e-01b0-aac2-04ab-1b39f494dc02" executionId="394e723f-7f12-46ff-aaa6-9f2995537b2b" testListId="8c84fa94-04c1-424b-9868-57a2d4851a1d" /><TestEntry testId="d53a1399-0431-00fe-7423-614ef21ddf6d" executionId="e88c948e-b90e-407d-93c1-7fa37900f13c" testListId="8c84fa94-04c1-424b-9868-57a2d4851a1d" /><TestEntry testId="4682cae7-35c8-9aca-1ca3-df5298f7884f" executionId="10af94cd-92d3-4ae3-98bf-6f0f1dfedba3" testListId="8c84fa94-04c1-424b-9868-57a2d4851a1d" /><TestEntry testId="6079c4dc-9370-0a3a-fbaf-1414c6a92318" executionId="dd3e3f6e-ea66-4888-b006-3d9723fc2e07" testListId="8c84fa94-04c1-424b-9868-57a2d4851a1d" /><TestEntry testId="00b7c2e2-4cdd-1a3b-cca5-896e88e2cc31" executionId="940a4ac1-2d0b-4ead-8b05-fd2e3fbfe9e9" testListId="8c84fa94-04c1-424b-9868-57a2d4851a1d" /><TestEntry testId="89373945-6b3a-c3ca-c756-5bc199bbf6db" executionId="88939738-99ef-4483-a046-d32471a75000" testListId="8c84fa94-04c1-424b-9868-57a2d4851a1d" /><TestEntry testId="c19df989-b16f-1a1f-f6f7-5b1ea20800a9" executionId="ac6b0d20-8e0a-46d7-b54d-7f3a8c167308" testListId="8c84fa94-04c1-424b-9868-57a2d4851a1d" /><TestEntry testId="40fa0de4-89cd-8145-436a-b2b8b4b702c2" executionId="160c2d58-0ccf-4cd8-a18f-b109546ba93a" testListId="8c84fa94-04c1-424b-9868-57a2d4851a1d" /><TestEntry testId="1a0b6c55-35c0-c584-2b5a-ee9f5aff57db" executionId="1629b5d3-951c-4a7a-9dbd-731421bf5a4b" testListId="8c84fa94-04c1-424b-9868-57a2d4851a1d" /><TestEntry testId="3c5c7deb-b121-4576-7f4f-338b08f78058" executionId="0038dcb3-84cf-4100-97ec-a7f4ff744e5d" testListId="8c84fa94-04c1-424b-9868-57a2d4851a1d" /><TestEntry testId="fdfd6f8e-4804-1d33-cd6d-98114aec0124" executionId="69b5a8dc-7c30-4d87-9514-dfd53180f294" testListId="8c84fa94-04c1-424b-9868-57a2d4851a1d" /><TestEntry testId="36ea2217-5e4d-82a2-5d59-c9d5cecc4461" executionId="7075fb55-e6c1-4225-a020-8f47f6306f32" testListId="8c84fa94-04c1-424b-9868-57a2d4851a1d" /><TestEntry testId="6dd9b370-bf36-96d7-831a-7622a51058e8" executionId="dc30001a-64a4-467f-bebc-d04c5173bcd4" testListId="8c84fa94-04c1-424b-9868-57a2d4851a1d" /><TestEntry testId="c7712fb0-e70a-4d1e-99de-a0c6eb5ff56e" executionId="7e809672-fb36-4c6c-a2d8-78b4af235256" testListId="8c84fa94-04c1-424b-9868-57a2d4851a1d" /><TestEntry testId="bdba632f-b613-1e81-0a97-0be60e01eca9" executionId="1091bbf5-65cd-4785-8f34-8fbf2a32c418" testListId="8c84fa94-04c1-424b-9868-57a2d4851a1d" /><TestEntry testId="9700c6e9-953e-a94e-6746-bf6adeea4d49" executionId="4721121f-5c76-462c-9a8e-81c3cc613a57" testListId="8c84fa94-04c1-424b-9868-57a2d4851a1d" /><TestEntry testId="c8ea29e6-37ea-25bb-f77f-eb7abe6b9b1f" executionId="b7320e5b-315c-4cc3-a4e2-a1be48d51e17" testListId="8c84fa94-04c1-424b-9868-57a2d4851a1d" /><TestEntry testId="40cf671e-d14e-b22f-1835-457aaf3db698" executionId="56e094b9-873a-473f-849a-de1aded3af32" testListId="8c84fa94-04c1-424b-9868-57a2d4851a1d" /><TestEntry testId="61ccca46-a516-a934-3842-a3bb67122477" executionId="bc04ce91-7a45-4822-a6a5-847eafdf6a7a" testListId="8c84fa94-04c1-424b-9868-57a2d4851a1d" /><TestEntry testId="cce52bdb-5496-0513-f0ec-53a3ccaab668" executionId="55ca435a-b0ad-4195-bac8-7e5aa926307b" testListId="8c84fa94-04c1-424b-9868-57a2d4851a1d" /><TestEntry testId="8b47cc17-d1db-13a3-15dc-d4325559afeb" executionId="7e5bcb19-c753-49c3-8335-a7b3385369fa" testListId="8c84fa94-04c1-424b-9868-57a2d4851a1d" /><TestEntry testId="1ecb68e8-69e4-055f-3850-83abb7e3e986" executionId="c5fb7c71-495d-4c02-8949-90dba6adea95" testListId="8c84fa94-04c1-424b-9868-57a2d4851a1d" /><TestEntry testId="c1a8c90a-1468-e4a6-55a2-048eafb48291" executionId="20f79865-22b0-4d6d-80dc-ce6cff1d9f2d" testListId="8c84fa94-04c1-424b-9868-57a2d4851a1d" /><TestEntry testId="50c7dc97-d3c7-472d-8aba-868470771726" executionId="619376ce-5cd8-44b3-8401-5dcf2b0b5c7c" testListId="8c84fa94-04c1-424b-9868-57a2d4851a1d" /><TestEntry testId="9cb7e4fa-bf07-51a6-336c-7e55adff8fe2" executionId="d9d646d5-e7c8-4d7e-b03f-cfd7830a5caf" testListId="8c84fa94-04c1-424b-9868-57a2d4851a1d" /><TestEntry testId="f473bbf8-a75d-3295-7d6e-8084322d15b5" executionId="02a4b95d-5f5d-4fd9-9d98-63db55cbf756" testListId="8c84fa94-04c1-424b-9868-57a2d4851a1d" /><TestEntry testId="5c21650b-cdb1-7df9-f943-967ae17aa3ee" executionId="980b8921-3a54-4832-90c8-1d7719a3eec9" testListId="8c84fa94-04c1-424b-9868-57a2d4851a1d" /><TestEntry testId="9f16faa7-789c-6072-860d-4dbf992a264d" executionId="7e3a8fd0-3190-4d3e-bfc3-7f7e3506c038" testListId="8c84fa94-04c1-424b-9868-57a2d4851a1d" /><TestEntry testId="9d57fcfa-e265-eb55-6d15-1698baf566ec" executionId="09efc07a-c68b-4d71-b23d-9dfaa1e5bf05" testListId="8c84fa94-04c1-424b-9868-57a2d4851a1d" /><TestEntry testId="47be53cc-f99d-4e1b-19a8-490d12d34b6a" executionId="d2f16004-d3e5-44c1-a36c-689dd1bf5829" testListId="8c84fa94-04c1-424b-9868-57a2d4851a1d" /><TestEntry testId="3032cfa5-7993-2e05-e22f-3068a9414ad3" executionId="081eb33d-6815-4edb-be51-243ef219820a" testListId="8c84fa94-04c1-424b-9868-57a2d4851a1d" /><TestEntry testId="43881b9e-6792-93ad-5dd6-39c45000b0a9" executionId="ae4a9d2e-249f-47cc-878c-4c5299453732" testListId="8c84fa94-04c1-424b-9868-57a2d4851a1d" /><TestEntry testId="96edd0f6-fb53-d17c-080b-833ae1da2d47" executionId="8c3ebdc6-fccb-4bd0-b4fa-a289ea63aece" testListId="8c84fa94-04c1-424b-9868-57a2d4851a1d" /><TestEntry testId="a54fc5fb-816a-ae6f-7aa6-6f4c7221c670" executionId="0d394879-f9aa-4b3d-8e21-a14a806b833e" testListId="8c84fa94-04c1-424b-9868-57a2d4851a1d" /><TestEntry testId="8053a371-a558-9405-0ba8-de80abdb0738" executionId="e6d2fcc7-43c8-4d85-8582-b586b885f835" testListId="8c84fa94-04c1-424b-9868-57a2d4851a1d" /><TestEntry testId="4faf95ff-ca20-5036-4b8f-c92a3d43594a" executionId="f93392e4-320c-4e30-b66b-bfb390f52551" testListId="8c84fa94-04c1-424b-9868-57a2d4851a1d" /><TestEntry testId="bef79c06-afe5-a708-dce8-fb0e40711851" executionId="d0a4d195-fd21-4e4d-b49d-930f5da7836a" testListId="8c84fa94-04c1-424b-9868-57a2d4851a1d" /><TestEntry testId="79855bcc-3738-910f-1a11-0390c30a8a63" executionId="af7aaaff-77a3-4690-993b-da42730ae207" testListId="8c84fa94-04c1-424b-9868-57a2d4851a1d" /><TestEntry testId="6c7714a7-411c-94a6-0e37-8c679b35d959" executionId="81177d32-9f75-4752-9050-95f6a5238500" testListId="8c84fa94-04c1-424b-9868-57a2d4851a1d" /><TestEntry testId="2ee426a8-bf43-3d5b-15df-0d34303dee32" executionId="9c59b2e1-ae3f-40c4-92d2-1d8c0f495aa1" testListId="8c84fa94-04c1-424b-9868-57a2d4851a1d" /><TestEntry testId="1c370170-3eeb-d0dd-0713-283ae7622b9b" executionId="46397406-2527-4868-b7d3-059152cfdb4c" testListId="8c84fa94-04c1-424b-9868-57a2d4851a1d" /><TestEntry testId="c4c643b3-5de5-51e6-3988-9cc87cfc5d0b" executionId="ae0ac32b-4a5c-4913-8b40-8db8b08d5cae" testListId="8c84fa94-04c1-424b-9868-57a2d4851a1d" /><TestEntry testId="e28a82b3-0e11-0758-542a-ea51a24f04d7" executionId="f7c7393b-5e35-4e3f-bf75-e9504763a8a9" testListId="8c84fa94-04c1-424b-9868-57a2d4851a1d" /><TestEntry testId="9a4b9f12-11fd-e0e2-a7ce-d6d519f27b3d" executionId="964ee4bf-7b67-4606-8c02-87b82ebdb260" testListId="8c84fa94-04c1-424b-9868-57a2d4851a1d" /><TestEntry testId="8d5b5193-7d0f-e835-af4d-602f81fe9fe6" executionId="e002b558-a556-4149-9c33-060e2cb621a4" testListId="8c84fa94-04c1-424b-9868-57a2d4851a1d" /><TestEntry testId="29c8c3ef-8ecd-95a5-8421-f42557b5c869" executionId="c7f20522-09bb-43d7-875a-3450885a7ba3" testListId="8c84fa94-04c1-424b-9868-57a2d4851a1d" /><TestEntry testId="60f597cf-42ba-68a5-1d34-c82ea15b4af6" executionId="c2d6276f-1846-41b1-82ed-d4b85d2fbacd" testListId="8c84fa94-04c1-424b-9868-57a2d4851a1d" /><TestEntry testId="dea463a5-8784-f591-ad54-69ddac5f1961" executionId="9026fef6-9428-456c-9765-7d1793a7fa2b" testListId="8c84fa94-04c1-424b-9868-57a2d4851a1d" /><TestEntry testId="0c997753-578a-bfdb-e5ce-a3dfa3cab9fe" executionId="495472a9-a0bf-4605-8693-84d83f54af50" testListId="8c84fa94-04c1-424b-9868-57a2d4851a1d" /><TestEntry testId="b96509bf-068c-09fa-70f7-9cb54272a41f" executionId="af99377f-ec77-4e18-a50f-f8667620d729" testListId="8c84fa94-04c1-424b-9868-57a2d4851a1d" /><TestEntry testId="97a9cfe4-66de-979a-e87a-7ac87fa38049" executionId="ca5c49c8-fdf7-4912-9d48-2aab335efaf4" testListId="8c84fa94-04c1-424b-9868-57a2d4851a1d" /><TestEntry testId="86ae48d7-f84f-d7d6-63d7-eeec7b834144" executionId="f5c17913-cff6-445f-be23-5da150f13ecc" testListId="8c84fa94-04c1-424b-9868-57a2d4851a1d" /><TestEntry testId="9c128007-392b-3eb6-425d-74471754d9b0" executionId="86b1c57c-8260-4635-8dff-c1f1f6c121bf" testListId="8c84fa94-04c1-424b-9868-57a2d4851a1d" /><TestEntry testId="918adf35-e85d-1189-cfee-ccfb16fb5494" executionId="9dff7fed-68d5-42ee-a7dc-93d67644ffcc" testListId="8c84fa94-04c1-424b-9868-57a2d4851a1d" /><TestEntry testId="dce2798c-a2d1-ccec-53ec-adfdfc90f9ff" executionId="8e23e139-ccf1-43d7-9396-0fdabf1e8950" testListId="8c84fa94-04c1-424b-9868-57a2d4851a1d" /><TestEntry testId="45a4a80d-8147-092a-ad91-137907349e77" executionId="77df5597-e894-4923-b901-36ae262fb3ee" testListId="8c84fa94-04c1-424b-9868-57a2d4851a1d" /><TestEntry testId="36b79849-34bb-86a3-1578-602c0252557e" executionId="06749fa4-c59b-46ba-8445-82072b40c168" testListId="8c84fa94-04c1-424b-9868-57a2d4851a1d" /><TestEntry testId="dc219590-6a18-069a-23a6-cd634cdbfaeb" executionId="c732e805-6615-4f23-bfd1-1e289b90b881" testListId="8c84fa94-04c1-424b-9868-57a2d4851a1d" /><TestEntry testId="6f7a6e7f-1b13-858d-1928-b57d7f7a1bac" executionId="ae18193a-a773-4e15-b1ae-cdf815c98cbd" testListId="8c84fa94-04c1-424b-9868-57a2d4851a1d" /><TestEntry testId="b7b23346-a629-8251-a383-31507ad1f7b4" executionId="787d4b0d-adef-49e7-8d19-1df70bcdba6e" testListId="8c84fa94-04c1-424b-9868-57a2d4851a1d" /><TestEntry testId="d7b990c1-7023-2bfe-4b14-30530c4fecd2" executionId="761dadfb-eeaf-43ef-a1f5-813eba1890e1" testListId="8c84fa94-04c1-424b-9868-57a2d4851a1d" /><TestEntry testId="f0a5fb4c-048b-cc7b-d391-ea262cd34718" executionId="2be08020-3eed-48ab-a706-b6cf833e7788" testListId="8c84fa94-04c1-424b-9868-57a2d4851a1d" /><TestEntry testId="99a95934-4df7-b692-ffb4-77db8f8dacb3" executionId="73fa635f-7be0-429c-ae21-050e95214566" testListId="8c84fa94-04c1-424b-9868-57a2d4851a1d" /><TestEntry testId="53e81ee9-747c-cf33-2edd-03ba4011b94c" executionId="0dcfb81c-fcbc-42ce-aea5-073f5211db49" testListId="8c84fa94-04c1-424b-9868-57a2d4851a1d" /><TestEntry testId="44740cc4-6717-c5dd-7ca4-26fad86443df" executionId="6eca45b7-bd8b-4aca-8bd5-9352fd797de5" testListId="8c84fa94-04c1-424b-9868-57a2d4851a1d" /><TestEntry testId="78a718d7-9f6b-c905-85bb-8afd6d1ed769" executionId="0688f230-7829-4d3a-8af2-6cf541facf87" testListId="8c84fa94-04c1-424b-9868-57a2d4851a1d" /><TestEntry testId="61619672-28fe-f5dd-c8a5-d2c97aeae433" executionId="7fd1831d-fed8-4784-bd33-4d94e8f550e3" testListId="8c84fa94-04c1-424b-9868-57a2d4851a1d" /><TestEntry testId="c423951c-f126-142b-d108-1ad4514fafe1" executionId="2218e97b-1cf5-45ec-a006-2bdcb06ab811" testListId="8c84fa94-04c1-424b-9868-57a2d4851a1d" /><TestEntry testId="e4feefb6-9dbe-e84b-19e0-3a9656eceb97" executionId="0664b746-3708-41f2-8d3a-0ea79704f76f" testListId="8c84fa94-04c1-424b-9868-57a2d4851a1d" /><TestEntry testId="864bded7-fddd-9bc5-947c-272e79b791e9" executionId="b40ab28e-e74a-4eda-8084-9945bd637f53" testListId="8c84fa94-04c1-424b-9868-57a2d4851a1d" /><TestEntry testId="5cd8cdd8-20d4-24ef-f4ae-b15b6618fed2" executionId="d6069f24-3d66-422a-9ab0-ad98c0b1763c" testListId="8c84fa94-04c1-424b-9868-57a2d4851a1d" /><TestEntry testId="0e60c700-3eee-e180-03f8-3e53b8f951c1" executionId="8ca8204d-3864-48e0-9a28-8741be1575a9" testListId="8c84fa94-04c1-424b-9868-57a2d4851a1d" /><TestEntry testId="0a623d03-9236-4c91-8a8a-f40acf0da182" executionId="2cacc400-0d15-40a2-8cd6-b4260436280b" testListId="8c84fa94-04c1-424b-9868-57a2d4851a1d" /><TestEntry testId="ada7235b-ad42-5a38-93dc-c61830bb42e6" executionId="1b0f9064-80f4-47a7-8abb-5a61fdb3f5b4" testListId="8c84fa94-04c1-424b-9868-57a2d4851a1d" /><TestEntry testId="79a46745-9ca9-29c3-1df6-87d52a980205" executionId="7768a637-61a1-4853-a73b-ac029c0fdc17" testListId="8c84fa94-04c1-424b-9868-57a2d4851a1d" /><TestEntry testId="67ffbc24-9128-cfff-3bcf-7b118fb927ae" executionId="14ed9d27-704c-47ce-8413-71430901b3f0" testListId="8c84fa94-04c1-424b-9868-57a2d4851a1d" /><TestEntry testId="9e4e5644-f084-7aa5-0e87-378bdc3c206a" executionId="189bfcce-9b70-472d-bc93-cc32aafcd8dc" testListId="8c84fa94-04c1-424b-9868-57a2d4851a1d" /><TestEntry testId="f6881aa8-0c64-7180-fc9f-3ace666fa228" executionId="80d4211e-50f8-4235-b013-83a54bb64c98" testListId="8c84fa94-04c1-424b-9868-57a2d4851a1d" /><TestEntry testId="ad844c5d-ae15-31ff-3848-8df45046151f" executionId="10268154-48a2-410f-8fa4-0199d31ebfe1" testListId="8c84fa94-04c1-424b-9868-57a2d4851a1d" /><TestEntry testId="8cfae496-daa9-a4a0-b188-23856055644f" executionId="537b24fe-4004-4cdf-85d2-df00ea77eb07" testListId="8c84fa94-04c1-424b-9868-57a2d4851a1d" /><TestEntry testId="201b0738-e604-b8cd-f287-6f9df6389689" executionId="62f2da28-121e-4835-9856-240699c24583" testListId="8c84fa94-04c1-424b-9868-57a2d4851a1d" /><TestEntry testId="e82962e2-cda3-f439-e7d7-8d968930f93a" executionId="49efd0dc-5128-439d-a604-8afdc0bf37be" testListId="8c84fa94-04c1-424b-9868-57a2d4851a1d" /><TestEntry testId="829a3148-7a69-d61e-99d4-9dc10c9a04d2" executionId="73425ea2-8d9a-45fc-8e76-bc99d6d9c88d" testListId="8c84fa94-04c1-424b-9868-57a2d4851a1d" /><TestEntry testId="93216174-eaa4-26fe-8c38-8aa39b0d4c1e" executionId="18b4bf4b-0343-48ad-89e7-424a6e70d152" testListId="8c84fa94-04c1-424b-9868-57a2d4851a1d" /><TestEntry testId="ccc38030-c50e-13b1-5956-c71443ff368b" executionId="ee37de39-0169-4e13-a95d-5bf48ebc5509" testListId="8c84fa94-04c1-424b-9868-57a2d4851a1d" /><TestEntry testId="e36e6339-ea75-b40e-411f-fc3e504e8ce3" executionId="5cba1c51-e503-4221-910e-c698b99f87cb" testListId="8c84fa94-04c1-424b-9868-57a2d4851a1d" /><TestEntry testId="4789b0f3-6231-37fa-0463-fea9023c4e62" executionId="c04508fb-d311-40c5-b33e-edb00aa13f59" testListId="8c84fa94-04c1-424b-9868-57a2d4851a1d" /><TestEntry testId="3303d661-0612-3237-d8df-5354189d1954" executionId="e7db9967-9f6b-4f39-94f1-897429fce3a9" testListId="8c84fa94-04c1-424b-9868-57a2d4851a1d" /><TestEntry testId="91692a2d-33b9-2e98-7ecc-ad8f14485cd2" executionId="9364444b-6b5e-4b8d-ba2b-e1f18108b515" testListId="8c84fa94-04c1-424b-9868-57a2d4851a1d" /><TestEntry testId="414ccc16-f99a-2eda-0cda-2ef88dee63c1" executionId="eb55d787-3332-4a1f-9835-c86c2a748b88" testListId="8c84fa94-04c1-424b-9868-57a2d4851a1d" /><TestEntry testId="84e29221-718a-17a8-1dbc-a69dc74c2a25" executionId="2f2e1644-e0db-4c2e-81d2-243dfa220974" testListId="8c84fa94-04c1-424b-9868-57a2d4851a1d" /><TestEntry testId="48046cea-7a2f-b4b0-8029-45e16648d2af" executionId="ab53b91f-7260-408d-90ef-2ecff9884383" testListId="8c84fa94-04c1-424b-9868-57a2d4851a1d" /><TestEntry testId="7b4734a4-b223-bd07-399e-0e45df6eb0f0" executionId="d091c30a-dafb-4e10-ab20-1e1e9b3ee8f9" testListId="8c84fa94-04c1-424b-9868-57a2d4851a1d" /><TestEntry testId="08fff509-c86a-16a9-63dd-c1ba781a0810" executionId="0a2470a3-a88c-43a5-8d43-236f7e8cdb30" testListId="8c84fa94-04c1-424b-9868-57a2d4851a1d" /><TestEntry testId="abadd339-cf21-195d-6773-cbd1ce0f4715" executionId="a1240ee4-0073-43b9-ab7f-a9c769032a3c" testListId="8c84fa94-04c1-424b-9868-57a2d4851a1d" /><TestEntry testId="32c52e47-4400-ebf4-da81-fbd8457eee7b" executionId="346fea47-66aa-4527-a444-8a34424600e2" testListId="8c84fa94-04c1-424b-9868-57a2d4851a1d" /><TestEntry testId="8a078e75-021d-4afa-4dae-05d5feb901ac" executionId="cae04ce4-0f1c-4749-83dd-ba7a3b557e71" testListId="8c84fa94-04c1-424b-9868-57a2d4851a1d" /><TestEntry testId="6129753a-a471-61af-d506-6e5fe4cfbdc2" executionId="0a283946-06ed-4ead-b628-73d7066927b7" testListId="8c84fa94-04c1-424b-9868-57a2d4851a1d" /><TestEntry testId="7cd1bdcd-d9f0-84b1-eef2-9088ad913ea4" executionId="e220fc25-d9eb-4965-a9ba-08daf6885ba3" testListId="8c84fa94-04c1-424b-9868-57a2d4851a1d" /><TestEntry testId="7d4a2ed9-e761-433e-cf97-b0b0eb5606f9" executionId="c5f07389-c831-4c99-80e4-53b7dabb01c3" testListId="8c84fa94-04c1-424b-9868-57a2d4851a1d" /><TestEntry testId="44b3ab0e-7cf7-f59a-2f18-14d29c0b9fd1" executionId="e13e44c2-9f56-4039-af50-d5b14fe6377b" testListId="8c84fa94-04c1-424b-9868-57a2d4851a1d" /><TestEntry testId="f5c577fb-1fae-4d8e-71c7-4cfe4e8ed6f0" executionId="0d71bd8c-a275-4a4f-8dfe-0c3519267cf3" testListId="8c84fa94-04c1-424b-9868-57a2d4851a1d" /><TestEntry testId="b285418d-f756-99fe-8809-3341577e310f" executionId="7c9c319a-3074-4422-9a14-fa344588a15b" testListId="8c84fa94-04c1-424b-9868-57a2d4851a1d" /><TestEntry testId="ad97d578-cb80-b59d-5725-0905d375f3d2" executionId="91561e95-5109-4004-afdb-50f793d8d19d" testListId="8c84fa94-04c1-424b-9868-57a2d4851a1d" /><TestEntry testId="5cb8f06b-4c0a-1585-ed4f-3dcbf40e8154" executionId="80ff8d25-1ebd-4cab-b3c2-281f8174040c" testListId="8c84fa94-04c1-424b-9868-57a2d4851a1d" /><TestEntry testId="f1613ede-17be-b43e-60d8-4e7f3732461c" executionId="e17c5e32-a70d-49a0-bb35-11d9c36402e7" testListId="8c84fa94-04c1-424b-9868-57a2d4851a1d" /><TestEntry testId="1d90a401-7df8-9a6d-1aa8-29c1d0d429c1" executionId="18f16cfd-10b0-44a6-8c62-f603e41665f6" testListId="8c84fa94-04c1-424b-9868-57a2d4851a1d" /><TestEntry testId="534d4656-c367-be3a-8e32-1cb18751bef8" executionId="eb08c425-8f40-463f-8d9a-e995a739fe79" testListId="8c84fa94-04c1-424b-9868-57a2d4851a1d" /><TestEntry testId="2db1b622-1bc3-9b50-26f0-f98aa150a5fb" executionId="32f18d87-f17a-4634-837b-89006057b788" testListId="8c84fa94-04c1-424b-9868-57a2d4851a1d" /><TestEntry testId="1020d14f-94cf-d889-607f-4fea812c86fc" executionId="918ec674-3994-49c3-b2c8-df3470a2ab65" testListId="8c84fa94-04c1-424b-9868-57a2d4851a1d" /><TestEntry testId="5c11994c-8c15-ae07-573b-181d1881bc6d" executionId="caad6dc6-6b2a-4a89-9e22-91b16306ddbe" testListId="8c84fa94-04c1-424b-9868-57a2d4851a1d" /><TestEntry testId="3e4ef423-98e2-afbd-fe55-031d15694b96" executionId="0ac89274-aef3-4031-b6aa-fb2f416ebbc6" testListId="8c84fa94-04c1-424b-9868-57a2d4851a1d" /><TestEntry testId="ec55ff39-f4ae-dfc2-34dc-c8edd08dbe27" executionId="b74e69e6-145b-4b71-b3e9-91a06d258d29" testListId="8c84fa94-04c1-424b-9868-57a2d4851a1d" /><TestEntry testId="05d11799-adf3-06a4-2655-f45aa43dfd31" executionId="ca5a4eee-f8ea-4b19-9418-7ccb2e47baf8" testListId="8c84fa94-04c1-424b-9868-57a2d4851a1d" /><TestEntry testId="e6d7a24e-6847-f3eb-33cd-d01cd13d3a8f" executionId="d2b5fc17-d6e4-47e3-8a5a-c5dfa9267cac" testListId="8c84fa94-04c1-424b-9868-57a2d4851a1d" /><TestEntry testId="22a39545-7467-6350-abba-f383d69521e0" executionId="0d857acd-a6b1-41ec-a5ef-e742acc1f58d" testListId="8c84fa94-04c1-424b-9868-57a2d4851a1d" /><TestEntry testId="7faf9e26-5761-c6fe-881d-48af529e2079" executionId="a5c04b0c-35a2-4d1e-bc06-b220df7d4edf" testListId="8c84fa94-04c1-424b-9868-57a2d4851a1d" /><TestEntry testId="5112f979-0db9-e193-dc93-4589f66226c4" executionId="36ca184f-da04-4412-8fc1-190f4c745eca" testListId="8c84fa94-04c1-424b-9868-57a2d4851a1d" /><TestEntry testId="cf9bb18a-d899-847b-461e-3e8c0de7f088" executionId="ea8b121b-77fd-4ff6-a6eb-582dfe76adaf" testListId="8c84fa94-04c1-424b-9868-57a2d4851a1d" /><TestEntry testId="a1d2056a-4509-aadf-5d65-384e7e2f5be6" executionId="7684747c-dd29-4315-a4ae-421a9c18a380" testListId="8c84fa94-04c1-424b-9868-57a2d4851a1d" /><TestEntry testId="48fbd5a7-4788-7f5c-008a-215d353272a3" executionId="9cb82ef5-2045-46f1-bb19-95923f4e221c" testListId="8c84fa94-04c1-424b-9868-57a2d4851a1d" /><TestEntry testId="02757eb5-74f9-8098-c103-776e916781bc" executionId="6d7d2325-b98e-4a02-80f5-a64567ed3572" testListId="8c84fa94-04c1-424b-9868-57a2d4851a1d" /><TestEntry testId="c71a72f4-3d43-b896-79f7-bd9a8fb08f4b" executionId="8197cac0-7fbb-46c1-8d86-5d5a81f4e92a" testListId="8c84fa94-04c1-424b-9868-57a2d4851a1d" /><TestEntry testId="526df72c-ffcb-941a-cd2e-032ac3691be5" executionId="ca9c983e-dfb2-4f99-bb2d-4d20dddb96cc" testListId="8c84fa94-04c1-424b-9868-57a2d4851a1d" /><TestEntry testId="63b888e2-685e-beb9-2cd4-07252dbeffd6" executionId="4df55853-648b-4933-a3aa-d626cf0a741f" testListId="8c84fa94-04c1-424b-9868-57a2d4851a1d" /><TestEntry testId="c59ad296-cacc-0535-0819-b92017859d32" executionId="f183b2d6-6a42-4cc3-9901-a685f8062e10" testListId="8c84fa94-04c1-424b-9868-57a2d4851a1d" /><TestEntry testId="a1763669-918b-3e89-51e9-428a45e57d5c" executionId="48f97d44-a887-48db-b856-abd1d7d2dcbd" testListId="8c84fa94-04c1-424b-9868-57a2d4851a1d" /><TestEntry testId="5ce27e7c-e39b-0d33-8475-9d4ef6fbfc45" executionId="e2c8083d-bc7f-43b6-84e0-6ab6df0708e1" testListId="8c84fa94-04c1-424b-9868-57a2d4851a1d" /><TestEntry testId="d9237311-de71-77ad-d7d0-6bedc4337da1" executionId="cd6c9391-e612-4687-b695-c70ec233071c" testListId="8c84fa94-04c1-424b-9868-57a2d4851a1d" /><TestEntry testId="241a110d-088d-259e-e2af-ddb1888e0b24" executionId="a04e0f93-6c0c-467a-b2ce-52e66e54aa11" testListId="8c84fa94-04c1-424b-9868-57a2d4851a1d" /><TestEntry testId="3af51977-2733-a274-ebc9-68d9e177dd12" executionId="ada18940-6c2c-4ee1-8cbc-4d1b4588a237" testListId="8c84fa94-04c1-424b-9868-57a2d4851a1d" /><TestEntry testId="9aed6832-0e8b-62d6-d3b4-0510ca4c67c5" executionId="103e3de8-cf62-40fc-96b1-580326b44c54" testListId="8c84fa94-04c1-424b-9868-57a2d4851a1d" /><TestEntry testId="012bf816-ca4d-082d-9ffb-135f73400212" executionId="55f23af3-4ed6-4499-bbdf-5692086f7a6f" testListId="8c84fa94-04c1-424b-9868-57a2d4851a1d" /><TestEntry testId="f8307b5e-c1ef-0d24-cd43-3f1dbcc9a9e2" executionId="ffb084d8-db23-4c41-a843-41dfbfd5f5d9" testListId="8c84fa94-04c1-424b-9868-57a2d4851a1d" /><TestEntry testId="bf6e5f6d-d0c7-41b0-a057-9d455b97ef2d" executionId="1f09cd4a-94c5-4657-b044-d234047ad514" testListId="8c84fa94-04c1-424b-9868-57a2d4851a1d" /><TestEntry testId="b5dfa94e-595e-e829-e6e6-9a91f3b983ce" executionId="ac3022db-ca61-4a7a-87ed-acc909607bfe" testListId="8c84fa94-04c1-424b-9868-57a2d4851a1d" /><TestEntry testId="8a2b00c5-cca2-046a-e254-64f2012f549e" executionId="701c47ed-cbfa-4ac1-8d0d-aec9861fb829" testListId="8c84fa94-04c1-424b-9868-57a2d4851a1d" /><TestEntry testId="c8946236-0b7a-668f-d894-3965bc646fc3" executionId="cc087087-c95a-4a88-836a-cc11d2c4f9d4" testListId="8c84fa94-04c1-424b-9868-57a2d4851a1d" /><TestEntry testId="fa16610d-2c78-f414-1db9-9121cc13d3a6" executionId="3b66b8fb-b7ac-4e4c-865f-f6fd2a96da25" testListId="8c84fa94-04c1-424b-9868-57a2d4851a1d" /><TestEntry testId="54cb3202-4e67-dc0f-14b8-d4b80bc1f8e2" executionId="98e1c0b5-8ede-4b5d-aabd-765fc8efbf14" testListId="8c84fa94-04c1-424b-9868-57a2d4851a1d" /><TestEntry testId="a30322f8-e760-6544-5e8c-267f55a75c1f" executionId="90be7084-bdc9-4692-8989-c349992f2b0b" testListId="8c84fa94-04c1-424b-9868-57a2d4851a1d" /><TestEntry testId="f16ca367-e336-3810-ad13-72e9106e047d" executionId="e24bce5f-b410-42d5-b3ad-f4765dd41fd4" testListId="8c84fa94-04c1-424b-9868-57a2d4851a1d" /><TestEntry testId="6263dd80-bb9c-18d7-9500-4f95e1f38aa4" executionId="e974cfec-3e15-4930-be53-76801e34ab0d" testListId="8c84fa94-04c1-424b-9868-57a2d4851a1d" /><TestEntry testId="d081fca8-6e35-558b-dce4-19dabad68320" executionId="4b33b8c0-b27d-4c87-ae36-16d30e43c82b" testListId="8c84fa94-04c1-424b-9868-57a2d4851a1d" /><TestEntry testId="2891f8d6-dd8d-830a-2b9c-29a4c0a78931" executionId="ba136962-b95d-43ec-ba31-d89999301ed7" testListId="8c84fa94-04c1-424b-9868-57a2d4851a1d" /><TestEntry testId="dc0b34e2-8522-1650-bdab-d35c5c7f3557" executionId="3e6436e7-807f-4eaf-a9c0-371abbf20a12" testListId="8c84fa94-04c1-424b-9868-57a2d4851a1d" /><TestEntry testId="52c823fc-e1e3-f42c-8334-adc10abd4f7a" executionId="da7a9772-96dc-4a6b-ab3b-2578853bc4c3" testListId="8c84fa94-04c1-424b-9868-57a2d4851a1d" /><TestEntry testId="0199d409-1b54-2f77-8e23-b71982effd85" executionId="da7aa042-f61d-4fcd-a26e-995890b5c195" testListId="8c84fa94-04c1-424b-9868-57a2d4851a1d" /><TestEntry testId="081cf0d6-941c-e6e9-52ed-e72095b98eda" executionId="db242bca-8deb-4367-a4ba-bb68f8d7b705" testListId="8c84fa94-04c1-424b-9868-57a2d4851a1d" /><TestEntry testId="bee7377c-cfd9-a864-5010-0a76d9371d7f" executionId="33ffa84a-ceaa-4816-9d92-ab94356bf65a" testListId="8c84fa94-04c1-424b-9868-57a2d4851a1d" /><TestEntry testId="acb19e24-cb95-fdb5-2b4e-745f3a711139" executionId="4965750c-6df9-46fa-99be-dc09629e308b" testListId="8c84fa94-04c1-424b-9868-57a2d4851a1d" /><TestEntry testId="573fff83-dbfa-9991-a92c-6c87be7c2994" executionId="4be18d08-8a22-46f4-a87b-bcea85cb5346" testListId="8c84fa94-04c1-424b-9868-57a2d4851a1d" /><TestEntry testId="4c03fb80-fc8f-df1b-7840-33e81b4db5a9" executionId="36e73508-6704-4e03-b339-e9cdf1938f85" testListId="8c84fa94-04c1-424b-9868-57a2d4851a1d" /><TestEntry testId="f0e0bd32-113d-8739-708d-e711947270b7" executionId="cda7cba1-f5ae-4163-b2e8-16a9931cba1d" testListId="8c84fa94-04c1-424b-9868-57a2d4851a1d" /><TestEntry testId="2d667deb-eeb7-2bca-75f6-85c80f9e3421" executionId="be9849c2-d273-42c8-be9f-3fafd871b75e" testListId="8c84fa94-04c1-424b-9868-57a2d4851a1d" /><TestEntry testId="37bfe4b8-3b96-8b65-7ef5-526266c9b3cf" executionId="310c9b38-5fe0-4c5c-8c76-4d0a79047abc" testListId="8c84fa94-04c1-424b-9868-57a2d4851a1d" /><TestEntry testId="a5e426b4-84b4-8ca3-cfbb-68c66f4e3fb8" executionId="e843fbd0-b95c-4183-a47c-259a9a312e44" testListId="8c84fa94-04c1-424b-9868-57a2d4851a1d" /><TestEntry testId="d38811d6-4c23-e745-0f79-9ed2054c0015" executionId="356fb161-0a73-4ff1-a707-bbec459c9678" testListId="8c84fa94-04c1-424b-9868-57a2d4851a1d" /><TestEntry testId="cc8391b0-72c5-5a9b-7779-55dc086fd691" executionId="edb6c077-bf19-4d60-aa7f-603111d771f4" testListId="8c84fa94-04c1-424b-9868-57a2d4851a1d" /><TestEntry testId="096f3f32-908c-aec3-85fc-01c5cb5ecf88" executionId="5ecee75c-9d4a-4fc1-923c-82f228751974" testListId="8c84fa94-04c1-424b-9868-57a2d4851a1d" /><TestEntry testId="9809ed0e-6635-d20e-b090-0627c86baa84" executionId="b160b36f-9269-42f0-bb94-c7df557cbddf" testListId="8c84fa94-04c1-424b-9868-57a2d4851a1d" /><TestEntry testId="718bc922-dfe1-239a-4eec-190a3d1f0793" executionId="c288e03c-fb58-4757-b944-52cf0aba8d69" testListId="8c84fa94-04c1-424b-9868-57a2d4851a1d" /><TestEntry testId="259ad55f-6f91-b633-7e82-32b693d1f5e6" executionId="8a4259ac-02dc-4fe9-98db-ef2aa4df1f67" testListId="8c84fa94-04c1-424b-9868-57a2d4851a1d" /><TestEntry testId="69e6a3ab-1bc9-2ad8-ca3f-ec0c20bb14cd" executionId="e55c24d6-730e-473e-8c52-ec0db35c6548" testListId="8c84fa94-04c1-424b-9868-57a2d4851a1d" /><TestEntry testId="4d60196f-45f5-95b4-5635-d3a0e15064e5" executionId="39ad3943-3031-4acb-bcf8-d4d3c54c821f" testListId="8c84fa94-04c1-424b-9868-57a2d4851a1d" /><TestEntry testId="89dfd00f-2b7f-2b0b-6500-cd02ddd3235a" executionId="27584b42-20fa-4ff1-827a-6fa39eba0c07" testListId="8c84fa94-04c1-424b-9868-57a2d4851a1d" /><TestEntry testId="d20aad79-4eac-ca7a-a21c-9c7fdbe65298" executionId="c64d1dd6-45dd-46ac-bbc2-a1596e9de36b" testListId="8c84fa94-04c1-424b-9868-57a2d4851a1d" /><TestEntry testId="5953beb3-14c9-9b14-dad1-480e9367117f" executionId="ebbe0225-1dca-464c-8e9a-a42d02d51b11" testListId="8c84fa94-04c1-424b-9868-57a2d4851a1d" /><TestEntry testId="6a4cd155-75ea-a975-8c6a-bf1e9ba586dc" executionId="4b984bf6-340b-46d0-9fd0-f0eebda2cec6" testListId="8c84fa94-04c1-424b-9868-57a2d4851a1d" /><TestEntry testId="28389296-a4a9-00a2-c8a6-400ac42ceafb" executionId="fdcd83f0-0d08-47ce-a992-0df6ed05b637" testListId="8c84fa94-04c1-424b-9868-57a2d4851a1d" /><TestEntry testId="5cd67893-5098-0b6e-06cd-e7f7aad535de" executionId="963f6e81-54ba-4f85-ac38-e55370b13bf3" testListId="8c84fa94-04c1-424b-9868-57a2d4851a1d" /><TestEntry testId="ce18901e-6082-6ff4-cecd-6bbd4188495c" executionId="2848f8fa-5a5d-4c8c-a76f-030a8fb2d1af" testListId="8c84fa94-04c1-424b-9868-57a2d4851a1d" /><TestEntry testId="f8f45ba2-de50-38ff-7b00-e4f100753955" executionId="910a5526-4838-4ef5-9982-58795ef1628f" testListId="8c84fa94-04c1-424b-9868-57a2d4851a1d" /><TestEntry testId="65e04647-c2e6-4404-2cf5-2812a0b15876" executionId="ca60cd4a-0420-43d2-82ea-7adbed95257b" testListId="8c84fa94-04c1-424b-9868-57a2d4851a1d" /><TestEntry testId="e11fb4fe-cdac-0970-e8b6-01b06763c7ad" executionId="b316f834-d20d-4230-beec-54ef09e79e48" testListId="8c84fa94-04c1-424b-9868-57a2d4851a1d" /><TestEntry testId="b7e88f3f-0fad-9765-cb15-4e1c204d7e7a" executionId="2bc8e443-9411-4cff-b1c1-0017818d380a" testListId="8c84fa94-04c1-424b-9868-57a2d4851a1d" /><TestEntry testId="ca864f62-fbad-3bf0-6506-0f9be6b90753" executionId="b8069266-9db7-4808-b1c4-e7e071572bab" testListId="8c84fa94-04c1-424b-9868-57a2d4851a1d" /><TestEntry testId="765e8156-5b57-3984-21d5-6e35ae9ab17c" executionId="1950cb89-9178-4793-abcf-54ac98909111" testListId="8c84fa94-04c1-424b-9868-57a2d4851a1d" /><TestEntry testId="827f7237-0c4b-2384-3042-ffc575214aa5" executionId="c405da29-c1da-4d5a-b653-f6f16bcbea78" testListId="8c84fa94-04c1-424b-9868-57a2d4851a1d" /><TestEntry testId="d6c12351-26c3-dd2a-6dca-2b54f184c7af" executionId="da3c9f33-53c5-492f-a0ee-3274479a26ed" testListId="8c84fa94-04c1-424b-9868-57a2d4851a1d" /><TestEntry testId="a41641b9-033c-3ebc-c98a-d7b1cb6564f1" executionId="f103b324-7330-495a-a8ec-889ed8006348" testListId="8c84fa94-04c1-424b-9868-57a2d4851a1d" /><TestEntry testId="c2c2d9ee-84e4-bc40-e00f-e8045f89fd1c" executionId="d00b48e5-4613-4ce9-abd7-a477544dafea" testListId="8c84fa94-04c1-424b-9868-57a2d4851a1d" /><TestEntry testId="14504b16-e2ca-ac71-0b2d-229cfb9f14fe" executionId="bc5dab02-d1af-446d-ac7b-7ab68c04f4a9" testListId="8c84fa94-04c1-424b-9868-57a2d4851a1d" /><TestEntry testId="52ba6b2b-938f-fdd1-0e6b-6af584b3b4bd" executionId="98caae09-b067-45e4-96b4-bba5ab849103" testListId="8c84fa94-04c1-424b-9868-57a2d4851a1d" /><TestEntry testId="8b8e6b9a-3492-b121-1bdd-682d524e890e" executionId="75f751d1-7d93-44a0-ab48-fac0e2061915" testListId="8c84fa94-04c1-424b-9868-57a2d4851a1d" /><TestEntry testId="e3e1f97b-62e7-9751-b3ca-ae8cbfef73ba" executionId="adab58d2-9d1f-4bd9-b9d5-ee21f1ed1083" testListId="8c84fa94-04c1-424b-9868-57a2d4851a1d" /><TestEntry testId="9eb0fc04-8d86-220a-b23a-9b9a4677704a" executionId="4ba5db92-9370-4450-a214-bd6db8527f2a" testListId="8c84fa94-04c1-424b-9868-57a2d4851a1d" /><TestEntry testId="4eef55e8-a09f-e6a4-a20a-5b60bb027d13" executionId="22d3b715-0016-4b59-a740-d4d7b4bbf19b" testListId="8c84fa94-04c1-424b-9868-57a2d4851a1d" /><TestEntry testId="0e44ff30-20b9-5c1b-5a98-65b633d8b934" executionId="c0dd6c61-c8cb-40aa-a51f-5cbd6ccc52b0" testListId="8c84fa94-04c1-424b-9868-57a2d4851a1d" /><TestEntry testId="d827611d-5b7c-7fe6-1468-74871bd73632" executionId="cd50f613-5809-409d-9acf-e928c08c26d8" testListId="8c84fa94-04c1-424b-9868-57a2d4851a1d" /><TestEntry testId="5245ea3e-d11f-6b94-2cc5-f1f78a3ced1c" executionId="06abf455-e561-4138-b18e-1054d3c3c111" testListId="8c84fa94-04c1-424b-9868-57a2d4851a1d" /><TestEntry testId="592f9398-cb69-809e-ce1c-bf1b1be3eb8d" executionId="a8e5342d-f838-4ca3-8bac-d55bacc0da0f" testListId="8c84fa94-04c1-424b-9868-57a2d4851a1d" /><TestEntry testId="c3722685-3b92-0501-8835-0fa5189dfff4" executionId="306dca8b-50e5-4709-8198-fda28503093b" testListId="8c84fa94-04c1-424b-9868-57a2d4851a1d" /><TestEntry testId="a7b7251f-0807-1c9f-a6ef-ed10c30d1337" executionId="48c7ed4f-bd6a-493a-8dcb-e4b42b17596d" testListId="8c84fa94-04c1-424b-9868-57a2d4851a1d" /><TestEntry testId="75e771ab-7553-f35e-a6b1-d7202a3bddc5" executionId="868cd940-fb68-4934-a476-a05c345f204c" testListId="8c84fa94-04c1-424b-9868-57a2d4851a1d" /><TestEntry testId="2e447a22-772f-6edd-087e-14fa04546fc8" executionId="2d74ba7d-7112-4fba-8736-dca5db5aa885" testListId="8c84fa94-04c1-424b-9868-57a2d4851a1d" /><TestEntry testId="9be486a2-194c-e862-37db-dadf1cd4a139" executionId="caaf9b63-277f-4f6d-80af-b73ce1147128" testListId="8c84fa94-04c1-424b-9868-57a2d4851a1d" /><TestEntry testId="4a204c68-fe85-134e-0e52-4c07f06de425" executionId="0dba01b3-0cdf-478c-a71b-34dad88a9f14" testListId="8c84fa94-04c1-424b-9868-57a2d4851a1d" /><TestEntry testId="13b6c9a8-633d-ce08-814f-e84b5ecec1ca" executionId="4088d36e-c080-4ee9-bb1a-fb4dacd846f1" testListId="8c84fa94-04c1-424b-9868-57a2d4851a1d" /><TestEntry testId="264d0057-23a6-2711-f5d0-41dabf174d57" executionId="0dd4ea9d-6b81-4d9e-ba68-9b6f09bbe43d" testListId="8c84fa94-04c1-424b-9868-57a2d4851a1d" /><TestEntry testId="ce065e21-967f-a515-0b1a-607385cd4be9" executionId="7804587b-cc18-40e2-bcd1-c7eb4da921b3" testListId="8c84fa94-04c1-424b-9868-57a2d4851a1d" /><TestEntry testId="96edacb4-59df-a83f-631e-a9a87ac38e8d" executionId="7f7495e0-870c-4718-adbc-caf50f6c5743" testListId="8c84fa94-04c1-424b-9868-57a2d4851a1d" /><TestEntry testId="2e70ebc3-f3fc-690d-74bf-0963e0e5f25a" executionId="e5c61152-6f3c-458b-821c-d472bace3322" testListId="8c84fa94-04c1-424b-9868-57a2d4851a1d" /><TestEntry testId="f8ea3091-4c49-00a5-a80b-6e1193887841" executionId="f70ebe45-fb29-48a0-92a5-d2eb1435531f" testListId="8c84fa94-04c1-424b-9868-57a2d4851a1d" /><TestEntry testId="c1822651-d837-ac2b-4bc2-f2a4fb7d95d7" executionId="d80a121b-b9f9-4fe3-8fd2-a3f80524aa4e" testListId="8c84fa94-04c1-424b-9868-57a2d4851a1d" /><TestEntry testId="f23eaac5-dce1-c144-23f5-144f720aab77" executionId="6e4b2aa6-4b28-473a-8981-7329958da9e9" testListId="8c84fa94-04c1-424b-9868-57a2d4851a1d" /><TestEntry testId="e956d50e-7beb-e778-9c55-9451875179b1" executionId="93f54ae7-72df-4ad8-92fa-f4e748af4663" testListId="8c84fa94-04c1-424b-9868-57a2d4851a1d" /><TestEntry testId="40187280-814f-e103-a489-8ee41cda8f5f" executionId="419d79cd-1068-43b6-a18e-7ae115aa2ae0" testListId="8c84fa94-04c1-424b-9868-57a2d4851a1d" /><TestEntry testId="be8a6b33-ecf7-5215-08e4-1d186b8d741c" executionId="c22d8542-2af9-4c8c-99fa-15edbd51b999" testListId="8c84fa94-04c1-424b-9868-57a2d4851a1d" /><TestEntry testId="9c10be56-d206-5255-3efb-2d4b5d795b59" executionId="4948a58c-bec2-4f5b-875d-6721fed1f828" testListId="8c84fa94-04c1-424b-9868-57a2d4851a1d" /><TestEntry testId="c32a4a99-5fb2-0c55-89cc-a1183ddf07f8" executionId="959b2d39-2f58-4c7d-930f-a8b6f83ad9bf" testListId="8c84fa94-04c1-424b-9868-57a2d4851a1d" /><TestEntry testId="05e56488-53f2-a41e-e624-beb2d1adba43" executionId="6385c380-f36e-4ffe-9202-a064db898c31" testListId="8c84fa94-04c1-424b-9868-57a2d4851a1d" /><TestEntry testId="850a5f1a-bf71-34a6-e0f2-0264c3e5e015" executionId="bec0c11d-a0e7-4480-bc7b-474778f874da" testListId="8c84fa94-04c1-424b-9868-57a2d4851a1d" /><TestEntry testId="a67a5111-8a14-c1a7-dc01-3223f72c32a2" executionId="ca6f6f7f-7223-4675-8d8b-b4e4eee1bdaa" testListId="8c84fa94-04c1-424b-9868-57a2d4851a1d" /><TestEntry testId="bb4bae9d-5ca4-1608-77b1-b69ed9274ff7" executionId="50646e42-e3dd-4bd6-85db-ea0f61572912" testListId="8c84fa94-04c1-424b-9868-57a2d4851a1d" /><TestEntry testId="fe63d8ac-1bce-44db-860c-b8789fa143c3" executionId="8108bda3-12e7-451f-a7a0-766c86efa66d" testListId="8c84fa94-04c1-424b-9868-57a2d4851a1d" /><TestEntry testId="1a7fa820-823c-22ae-a932-27f1ba39c948" executionId="a6cbdd80-3682-41e5-85fe-42695306d9c9" testListId="8c84fa94-04c1-424b-9868-57a2d4851a1d" /><TestEntry testId="b56181a6-d2b9-3c7d-95c8-679a954eaa8a" executionId="99417737-8b29-4e15-a7b8-e3d3153e4415" testListId="8c84fa94-04c1-424b-9868-57a2d4851a1d" /><TestEntry testId="3e1ecace-2104-9ad0-23ff-910b9f7771ef" executionId="4f70c718-720c-4c8d-8a43-c985e3e29ac1" testListId="8c84fa94-04c1-424b-9868-57a2d4851a1d" /><TestEntry testId="03dadbbe-0c88-941d-5bf4-0b280f119d5d" executionId="2311046b-300c-4ea7-8538-82631dd11097" testListId="8c84fa94-04c1-424b-9868-57a2d4851a1d" /><TestEntry testId="59d305f8-d1aa-c485-2c74-5b0fa91f5bbc" executionId="66f94f2f-7e58-402a-bcd4-acd020717cb9" testListId="8c84fa94-04c1-424b-9868-57a2d4851a1d" /><TestEntry testId="03788c8d-d06e-4197-eab8-e9a8795a191a" executionId="fd0008ee-9da5-40b4-b472-9ad38e15230a" testListId="8c84fa94-04c1-424b-9868-57a2d4851a1d" /><TestEntry testId="f758c04d-0bf8-c5ba-e3be-a5272d475b88" executionId="c1dca914-e654-4132-8f3e-e017f3c968c5" testListId="8c84fa94-04c1-424b-9868-57a2d4851a1d" /><TestEntry testId="64612917-576c-1b44-1fb0-009ddebe2a5c" executionId="3fc8beb2-feb6-4911-8ef5-931b47b8def9" testListId="8c84fa94-04c1-424b-9868-57a2d4851a1d" /><TestEntry testId="03db3f87-8804-97b0-7f48-e7d6fa0c1124" executionId="3774b78d-9f13-4b8f-a85c-b0b0f68043ff" testListId="8c84fa94-04c1-424b-9868-57a2d4851a1d" /><TestEntry testId="18d957ab-38a6-6b65-6a09-a34d8cef0e01" executionId="4e17c5a3-9337-4d8e-ac2c-479d993c656d" testListId="8c84fa94-04c1-424b-9868-57a2d4851a1d" /><TestEntry testId="397dca81-9100-c83a-9e23-9e48fc59d13b" executionId="c30a6be2-e7e6-4ee1-96b1-c7f60cc12695" testListId="8c84fa94-04c1-424b-9868-57a2d4851a1d" /><TestEntry testId="487a2ea7-9b6f-eb97-8c85-00d277699aa0" executionId="3df4c18f-63ee-4aa0-954a-655ed77f183d" testListId="8c84fa94-04c1-424b-9868-57a2d4851a1d" /><TestEntry testId="86edf1f7-ed83-e015-f3f5-1d5ce5e1d0e9" executionId="1c4cb858-cf75-486a-827b-c4b97323a137" testListId="8c84fa94-04c1-424b-9868-57a2d4851a1d" /><TestEntry testId="b5695f10-c432-faad-ad2b-a8648aa71f59" executionId="3a55b8b8-1894-4952-8dc4-b1794bf8d3bd" testListId="8c84fa94-04c1-424b-9868-57a2d4851a1d" /><TestEntry testId="535bbe19-ba58-1fdc-2b92-1e53b7b60358" executionId="45fd0dbe-8893-452a-926d-95e29f596fc7" testListId="8c84fa94-04c1-424b-9868-57a2d4851a1d" /><TestEntry testId="ef33b0f5-743f-436a-ccf6-7c46af2dd371" executionId="d75561d4-62cb-4677-b5c8-571fea449608" testListId="8c84fa94-04c1-424b-9868-57a2d4851a1d" /><TestEntry testId="a336e605-6e48-472d-18b6-b899d18820de" executionId="499f6ea3-a510-44bd-b663-0d67dc096db2" testListId="8c84fa94-04c1-424b-9868-57a2d4851a1d" /><TestEntry testId="5242bf6b-ca5b-3ef5-c803-b28f00790d40" executionId="4484779b-b833-44c5-99d2-2f793b8c8d17" testListId="8c84fa94-04c1-424b-9868-57a2d4851a1d" /><TestEntry testId="4a1b8d79-4dcc-4248-fe01-5e2d6587fa1b" executionId="9ce6e486-d23e-4fd5-9d8f-fc7180c42c9f" testListId="8c84fa94-04c1-424b-9868-57a2d4851a1d" /><TestEntry testId="efa04ba6-51a9-7eb0-150a-d1c6f385f0b7" executionId="3ebc25f9-6fa5-4a01-a2b5-e75f1ee30eb9" testListId="8c84fa94-04c1-424b-9868-57a2d4851a1d" /><TestEntry testId="d89107f9-5fbe-ceec-3cf9-e5e3a8e52a8e" executionId="672758c7-67fb-4441-8003-5fc26986df25" testListId="8c84fa94-04c1-424b-9868-57a2d4851a1d" /><TestEntry testId="6c401b2a-7ad0-7123-f115-ed0cf4919244" executionId="9e88bee2-c41a-44d1-a2a8-540d4f848b5a" testListId="8c84fa94-04c1-424b-9868-57a2d4851a1d" /><TestEntry testId="c18196a4-83f4-7e97-7955-480991e79930" executionId="70fbd180-1a8e-4b47-9e8a-b4f6f8fe0cd4" testListId="8c84fa94-04c1-424b-9868-57a2d4851a1d" /><TestEntry testId="870554f7-afe8-5ddf-13e1-0b46c1f1f1c4" executionId="d5580bdd-3ccf-4b66-bbdc-b84a2ece312f" testListId="8c84fa94-04c1-424b-9868-57a2d4851a1d" /><TestEntry testId="d46048c3-f937-b9aa-4a02-5acf165b956d" executionId="9a48a781-386e-46ea-a47b-533c1d97fa74" testListId="8c84fa94-04c1-424b-9868-57a2d4851a1d" /><TestEntry testId="83c81be1-9c5d-35e6-6c8d-8dd454ecf3a6" executionId="f1f360b7-392c-4eaf-884d-9f65a12697d4" testListId="8c84fa94-04c1-424b-9868-57a2d4851a1d" /><TestEntry testId="383dac05-cbf3-c30d-de8b-b953b597b8e6" executionId="24295f93-d351-4415-b8f8-9799fc60c90b" testListId="8c84fa94-04c1-424b-9868-57a2d4851a1d" /><TestEntry testId="1979c2ac-06ac-60ce-6871-5e4b8c1ff288" executionId="ee61d328-f92d-47c8-88a1-0bd5f9c9567c" testListId="8c84fa94-04c1-424b-9868-57a2d4851a1d" /><TestEntry testId="dfa39a39-ffae-c20e-dfc7-3c334b403e9b" executionId="d6e60e58-ded0-46f1-8ffd-0fa3db5f81d0" testListId="8c84fa94-04c1-424b-9868-57a2d4851a1d" /><TestEntry testId="d8e6b8b9-56bd-8b9a-787d-e24f5ca9bc91" executionId="0cc43002-4df7-4013-9ba7-6b66af4278e6" testListId="8c84fa94-04c1-424b-9868-57a2d4851a1d" /><TestEntry testId="73d6e7c1-cc9e-bed6-4945-0b6c10e96f3f" executionId="c5cb8d12-9156-4a86-8a87-b7e02fdda477" testListId="8c84fa94-04c1-424b-9868-57a2d4851a1d" /><TestEntry testId="cf577e61-fa70-4dad-764c-42bfc710800f" executionId="d80543f5-5e0c-4f34-a963-dc91fb12e923" testListId="8c84fa94-04c1-424b-9868-57a2d4851a1d" /><TestEntry testId="c78aba3b-4d4e-47e2-88cb-b3c04536d052" executionId="f09b5adb-f5fc-4376-ab28-9f875b72bf1b" testListId="8c84fa94-04c1-424b-9868-57a2d4851a1d" /><TestEntry testId="ab8f7417-d61f-e190-5086-bf849d39103e" executionId="45e592a4-bbc9-4337-9551-3358d547c35d" testListId="8c84fa94-04c1-424b-9868-57a2d4851a1d" /><TestEntry testId="3b26da34-5293-31e5-5c68-0f5b829c380a" executionId="e2e29fa3-830b-4910-958e-48eb4115a7d9" testListId="8c84fa94-04c1-424b-9868-57a2d4851a1d" /><TestEntry testId="c35c11c3-8b7b-e6ff-70b9-6aa2f2ef66f4" executionId="5be54e14-16af-4980-9658-74135673fdf9" testListId="8c84fa94-04c1-424b-9868-57a2d4851a1d" /><TestEntry testId="9401b651-4509-b335-d8ad-f876b2aea970" executionId="b11af4f3-e8ec-4e37-91a9-7284af2ed58f" testListId="8c84fa94-04c1-424b-9868-57a2d4851a1d" /><TestEntry testId="862581a0-a276-cf3c-574b-697b70aca176" executionId="26cb3dc6-804b-4c8a-92e9-cbac017c2bc5" testListId="8c84fa94-04c1-424b-9868-57a2d4851a1d" /><TestEntry testId="8c979618-7230-a4e7-55f3-558a2531aa4b" executionId="e32e6389-c4aa-4cda-88f2-6031fbba0f15" testListId="8c84fa94-04c1-424b-9868-57a2d4851a1d" /><TestEntry testId="8f8dad22-43eb-cdd5-e853-f15522c9cb53" executionId="626b0aa3-cc3d-49ad-b34a-bfee4e89b359" testListId="8c84fa94-04c1-424b-9868-57a2d4851a1d" /><TestEntry testId="10c29597-42f7-b745-1eb8-11e68a80ccae" executionId="edde280c-136c-4be2-8f73-52d6a4409c0c" testListId="8c84fa94-04c1-424b-9868-57a2d4851a1d" /><TestEntry testId="6eaadced-92f6-b086-65fa-24916f302287" executionId="728ad860-20d2-41e2-a90c-11d249252df6" testListId="8c84fa94-04c1-424b-9868-57a2d4851a1d" /><TestEntry testId="3adb0bbc-406a-5d94-47e2-440d24fa0856" executionId="844588fb-61f1-4ff5-bb32-81e0fea49d50" testListId="8c84fa94-04c1-424b-9868-57a2d4851a1d" /><TestEntry testId="5d79adec-5ad2-b385-543c-dca5d61f6e19" executionId="75b7efde-4c27-4f4c-a07e-659fc1d78995" testListId="8c84fa94-04c1-424b-9868-57a2d4851a1d" /><TestEntry testId="8395ae57-aeb2-d9d1-ce94-8a74d0e36d02" executionId="8a3484c5-a951-40aa-ae2a-3533854cefbf" testListId="8c84fa94-04c1-424b-9868-57a2d4851a1d" /><TestEntry testId="2f3c23cd-2eb8-9a32-7161-e99b4111836a" executionId="9712adf6-fbff-4e26-9cbc-c88633c994f0" testListId="8c84fa94-04c1-424b-9868-57a2d4851a1d" /><TestEntry testId="7a548322-acbc-72e7-634f-769016479dc8" executionId="74c1015a-67ad-44ad-abd1-9eb1eb730c74" testListId="8c84fa94-04c1-424b-9868-57a2d4851a1d" /><TestEntry testId="f4dbfd54-8f4c-9bf5-be5f-abed5bc84de0" executionId="f8210bbf-0c75-44e5-86b0-939f77fc9ab8" testListId="8c84fa94-04c1-424b-9868-57a2d4851a1d" /><TestEntry testId="bfe80573-e791-2099-c21d-07e8eb7ae56c" executionId="252ae6b8-9377-4299-aac4-bb64e62a321b" testListId="8c84fa94-04c1-424b-9868-57a2d4851a1d" /><TestEntry testId="97621290-1b5b-b9bd-98b0-d83bd90c5a1b" executionId="f6985fd2-66d6-473a-9f7a-19c142f47c58" testListId="8c84fa94-04c1-424b-9868-57a2d4851a1d" /><TestEntry testId="017a897e-5b77-8cb0-b0ba-b99b9f9ecefe" executionId="f25464e8-6fa4-4ba7-a69f-1ae7609e8343" testListId="8c84fa94-04c1-424b-9868-57a2d4851a1d" /><TestEntry testId="375c14e7-a173-24fd-4fef-3c0df7f49410" executionId="a48bc0ed-a6a0-4463-be1f-d3a91b730595" testListId="8c84fa94-04c1-424b-9868-57a2d4851a1d" /><TestEntry testId="1e873dec-fee7-6eaa-38f5-1ea9d08a49ad" executionId="0ac3af19-fc17-40b1-a34b-1d287c67db2d" testListId="8c84fa94-04c1-424b-9868-57a2d4851a1d" /><TestEntry testId="86294528-6e6c-d79c-ea4e-a2e784c137d1" executionId="d5e6e6af-09db-4e87-87c5-a0f9686c5b2f" testListId="8c84fa94-04c1-424b-9868-57a2d4851a1d" /><TestEntry testId="683ed8c6-1bf6-12b3-e22f-4c1a965303a0" executionId="dc4fe635-65f3-4b35-82ff-315e5935689c" testListId="8c84fa94-04c1-424b-9868-57a2d4851a1d" /><TestEntry testId="d526f0f2-31e5-980c-6086-d55adc8dd8fe" executionId="7fb7bb18-9af4-48a6-ba7d-a9c5b380bb82" testListId="8c84fa94-04c1-424b-9868-57a2d4851a1d" /><TestEntry testId="6137ed9f-fb21-c2a5-1600-36e671fbc5cb" executionId="6f56bb99-34fc-4b17-a3bc-d2d60200472f" testListId="8c84fa94-04c1-424b-9868-57a2d4851a1d" /><TestEntry testId="5b1ff4c0-ce10-78ca-6827-42f47c1be8f9" executionId="f201386a-b3a5-4fd4-9741-42bc375474aa" testListId="8c84fa94-04c1-424b-9868-57a2d4851a1d" /><TestEntry testId="dc1c6b62-70dd-c082-7cec-8b96610859e9" executionId="987eba04-ef65-4d95-a0c8-fa1d9dba2b75" testListId="8c84fa94-04c1-424b-9868-57a2d4851a1d" /><TestEntry testId="7d63d32b-16dc-83fa-f73b-508e103ffebd" executionId="1d1709b2-9288-4553-9bbd-5eb29a11fcb9" testListId="8c84fa94-04c1-424b-9868-57a2d4851a1d" /><TestEntry testId="070ebe0d-1df6-2c2c-92f8-05561f3eb0da" executionId="e0aadc07-222b-4aa3-b552-3021ed2f6192" testListId="8c84fa94-04c1-424b-9868-57a2d4851a1d" /><TestEntry testId="1fc0dd17-970b-acc1-1b97-cd58c2c83e5c" executionId="5529c9bf-c9f5-488b-9c85-77c3f8ac1cf4" testListId="8c84fa94-04c1-424b-9868-57a2d4851a1d" /><TestEntry testId="9aca5c36-dd21-205e-64c3-3004ed7749fd" executionId="6a4877b1-5a76-4e6e-abab-2a6841932b03" testListId="8c84fa94-04c1-424b-9868-57a2d4851a1d" /><TestEntry testId="812c9f1c-2687-0006-7110-ab2920e635d4" executionId="bf4ad9e2-e978-4502-8c17-2ce8847a1b58" testListId="8c84fa94-04c1-424b-9868-57a2d4851a1d" /><TestEntry testId="b60f9b2b-65b9-1c75-cb0a-e7a998c74c34" executionId="0d81b19b-e18c-42bf-bd80-378978ce5f99" testListId="8c84fa94-04c1-424b-9868-57a2d4851a1d" /><TestEntry testId="c88e30d2-edf2-88d5-9b3f-c67f50d736ff" executionId="22f7d73b-10ea-4930-a660-0bc274b86534" testListId="8c84fa94-04c1-424b-9868-57a2d4851a1d" /><TestEntry testId="daa1f120-721f-95a6-2707-81eef7a7f717" executionId="2dfd571d-bcab-4192-8b61-4ded2450d9cb" testListId="8c84fa94-04c1-424b-9868-57a2d4851a1d" /><TestEntry testId="c9398518-eda5-6b27-9b04-e680d6ea6682" executionId="0a1f3425-06b4-41c0-8617-b72c8335a9ee" testListId="8c84fa94-04c1-424b-9868-57a2d4851a1d" /><TestEntry testId="a15c092f-2188-e4dc-0922-d11c9c299677" executionId="e50b2eda-8b91-4b83-bf32-33e9f3223b62" testListId="8c84fa94-04c1-424b-9868-57a2d4851a1d" /><TestEntry testId="85578824-3626-9f7b-950f-1663bf83a89f" executionId="b2fdb0cb-a038-4bdd-b203-35925016e7d9" testListId="8c84fa94-04c1-424b-9868-57a2d4851a1d" /><TestEntry testId="0c76b0bf-21be-8693-9cb9-36f11c820c9c" executionId="aaaad556-efee-4a00-b06a-8e1267e45434" testListId="8c84fa94-04c1-424b-9868-57a2d4851a1d" /><TestEntry testId="db1857bf-84c0-887d-7fe4-31ebf69a6d1f" executionId="55ccf55c-41be-40d9-8d43-4d00dcd85313" testListId="8c84fa94-04c1-424b-9868-57a2d4851a1d" /><TestEntry testId="9d822f6c-d551-91e1-a501-b3d00f9944e1" executionId="5f102cd1-cab2-44b1-b411-07328648c317" testListId="8c84fa94-04c1-424b-9868-57a2d4851a1d" /><TestEntry testId="9afa4d04-a942-72bb-69ff-644fcc95a945" executionId="dff4a9f9-991d-45bb-b211-ad5f22f75829" testListId="8c84fa94-04c1-424b-9868-57a2d4851a1d" /><TestEntry testId="41a4392a-b0c1-295b-a25a-21cace79c47e" executionId="64b32b92-9686-4ba8-b0c4-d02be18708da" testListId="8c84fa94-04c1-424b-9868-57a2d4851a1d" /><TestEntry testId="2097d551-213c-66d5-8e59-65e03de27a6c" executionId="85ab94c5-703d-4bc3-9eed-a7497eee51e6" testListId="8c84fa94-04c1-424b-9868-57a2d4851a1d" /><TestEntry testId="4f09db5c-daeb-2130-7eb7-bff84b3cf50b" executionId="b6030820-26bc-4ca6-976c-6735f9ee880a" testListId="8c84fa94-04c1-424b-9868-57a2d4851a1d" /><TestEntry testId="905e2796-ed4f-a814-577b-9243bc5d38fa" executionId="4553c4d0-89fe-47e4-85c1-e2fb21de6bcf" testListId="8c84fa94-04c1-424b-9868-57a2d4851a1d" /><TestEntry testId="961688ae-357a-7a38-61f5-a46e852c6492" executionId="303446e8-9275-418e-9b0e-fdf7f40176f2" testListId="8c84fa94-04c1-424b-9868-57a2d4851a1d" /><TestEntry testId="477ec4b5-b6f2-0825-8396-6b95ad20a14f" executionId="b8306052-1793-4e4c-a38e-fccb3321b6ab" testListId="8c84fa94-04c1-424b-9868-57a2d4851a1d" /><TestEntry testId="43a4e802-1c6a-bf20-1940-cac6ce268887" executionId="d3658e2f-9167-4d08-820b-61a65e6d09a3" testListId="8c84fa94-04c1-424b-9868-57a2d4851a1d" /><TestEntry testId="6830d58c-7a06-b21f-1f17-4b4e8f27151c" executionId="17799070-16df-4603-9108-b51573f4546b" testListId="8c84fa94-04c1-424b-9868-57a2d4851a1d" /><TestEntry testId="b309934b-480e-243a-02bf-ae81343c6ae5" executionId="eabc0205-19e7-4fce-ab5c-4a184e6e37e5" testListId="8c84fa94-04c1-424b-9868-57a2d4851a1d" /><TestEntry testId="a14a6d7c-f124-38ef-6b7e-5a387d884161" executionId="ac8dc781-dca4-4809-86f3-d3106f09a314" testListId="8c84fa94-04c1-424b-9868-57a2d4851a1d" /><TestEntry testId="0b674368-caa3-280a-2fc2-2a64779e344b" executionId="39262f6e-461e-4c88-bf1f-d1343f68b900" testListId="8c84fa94-04c1-424b-9868-57a2d4851a1d" /><TestEntry testId="d754e667-898c-7379-8e93-3e890fd11382" executionId="ec1fddec-7ca2-465e-bd08-37011ce61b18" testListId="8c84fa94-04c1-424b-9868-57a2d4851a1d" /><TestEntry testId="e08c48a5-b6fa-be20-959b-5f77dda8023b" executionId="06c96f3c-d531-4084-ae11-ecf3296ea40d" testListId="8c84fa94-04c1-424b-9868-57a2d4851a1d" /><TestEntry testId="78425288-a570-e4e3-9dd8-917f886bc54a" executionId="a4c7eec9-eb38-4a51-be30-897c66090c41" testListId="8c84fa94-04c1-424b-9868-57a2d4851a1d" /><TestEntry testId="b85fb20a-b666-fbbc-afe0-26d22ede0a95" executionId="3dd5c877-d0e7-4fdf-bbd4-378a6e992eaa" testListId="8c84fa94-04c1-424b-9868-57a2d4851a1d" /><TestEntry testId="cb8c4d69-4bae-841c-2bdc-cb4bf9f02a8e" executionId="bc799a2d-be74-4c3d-b0bc-e23c214c49e5" testListId="8c84fa94-04c1-424b-9868-57a2d4851a1d" /><TestEntry testId="720472e1-95fa-bf0c-2647-21f0ba57a6b1" executionId="c6bbe77f-faae-4ee7-9c49-92b6f8fa290d" testListId="8c84fa94-04c1-424b-9868-57a2d4851a1d" /><TestEntry testId="58c3d4ff-6a75-b207-0a80-e30789adf26c" executionId="3ac719c2-b408-4c20-ad43-fc558f615efd" testListId="8c84fa94-04c1-424b-9868-57a2d4851a1d" /><TestEntry testId="ca5cfb02-97b8-d8b3-3285-cd34c86f9d1f" executionId="3c73baf6-bf69-4c97-958e-b36034059ff3" testListId="8c84fa94-04c1-424b-9868-57a2d4851a1d" /><TestEntry testId="a5acb736-bd0c-faee-0400-6b51842e6d16" executionId="b5d5851c-4acc-4fcd-a128-85a8b6a278af" testListId="8c84fa94-04c1-424b-9868-57a2d4851a1d" /><TestEntry testId="86dc9bad-9a2f-d10b-2ef7-0b9f8577cec5" executionId="801ccea2-f62c-4e2d-82a5-3b64142f45f7" testListId="8c84fa94-04c1-424b-9868-57a2d4851a1d" /><TestEntry testId="9bd8d534-942f-2918-0262-2913449a9663" executionId="1482edb2-535b-4761-a956-53def11a2a16" testListId="8c84fa94-04c1-424b-9868-57a2d4851a1d" /><TestEntry testId="e1eca94c-3771-d05d-a25b-1786c81d19d8" executionId="5462f87a-91f0-4211-82d0-2edf7fb802e3" testListId="8c84fa94-04c1-424b-9868-57a2d4851a1d" /><TestEntry testId="c9ec2da5-46e9-2c09-6e93-312e5ac7f9c6" executionId="a762c22f-1a97-4bde-b44a-859404eaebcf" testListId="8c84fa94-04c1-424b-9868-57a2d4851a1d" /><TestEntry testId="60ebde6a-5739-0a64-1d55-159c90f7c66c" executionId="218d95aa-7d0e-42e6-aded-51461f57fe1e" testListId="8c84fa94-04c1-424b-9868-57a2d4851a1d" /><TestEntry testId="ffe4f3ed-c636-62e9-2c95-659c4c132c1d" executionId="d57dc4fb-f28e-430d-b5d6-102b7f2ee63e" testListId="8c84fa94-04c1-424b-9868-57a2d4851a1d" /><TestEntry testId="27d3f27f-4741-8323-0407-44d3b9569ce7" executionId="cc230c68-5b58-425e-b03f-a0e64b391e79" testListId="8c84fa94-04c1-424b-9868-57a2d4851a1d" /><TestEntry testId="df4c9e97-4462-a12a-def0-6db9e8fc7ddb" executionId="ecebc316-1766-4993-a51d-f19ddb7b8f29" testListId="8c84fa94-04c1-424b-9868-57a2d4851a1d" /><TestEntry testId="38781347-6b6e-1343-36bf-654bd2febde8" executionId="7e69414d-3f4a-4087-94c9-4721f5d41d6b" testListId="8c84fa94-04c1-424b-9868-57a2d4851a1d" /><TestEntry testId="4f8d336c-abfd-348f-c97c-9d5c619c1f0f" executionId="50fe5ed6-821c-4b53-be00-0341f7a2be6b" testListId="8c84fa94-04c1-424b-9868-57a2d4851a1d" /><TestEntry testId="1a6125c1-3cdd-6258-3fbd-b9f2fa484cb4" executionId="44d7730c-1ab1-4a67-ba5c-b706d4fe38b7" testListId="8c84fa94-04c1-424b-9868-57a2d4851a1d" /></TestEntries><TestLists><TestList name="Results Not in a List" id="8c84fa94-04c1-424b-9868-57a2d4851a1d" /><TestList name="All Loaded Results" id="19431567-8539-422a-85d7-44ee4e166bda" /></TestLists><ResultSummary outcome="Completed"><Counters total="1145" executed="1145" passed="1145" failed="0" error="0" timeout="0" aborted="0" inconclusive="0" passedButRunAborted="0" notRunnable="0" notExecuted="0" disconnected="0" warning="0" completed="0" inProgress="0" pending="0" /></ResultSummary></TestRun>